ThumbPosition	IndexPosition	PalmPosition	ObjectPosition	GazePosition	Annotations	GazeAnnotations	
0.2724609:5.0625:-25.75635	3.832031:2.416992:-25.59375	0.7822266:2.513672:-30.50684	1.081055:8.099121:-12.25195	-0.5412238:14.91573:-37.97664	Start	Default	
0.5097656:5.000977:-25.76514	4.12207:2.438965:-25.65088	0.9404297:2.570801:-30.47607	1.081055:8.099121:-12.25195	-0.5430815:14.91108:-38.0269	Start	Default	
0.5097656:5.000977:-25.76514	4.12207:2.438965:-25.65088	0.9404297:2.570801:-30.47607	1.081055:8.099121:-12.25195	-0.53567:14.91458:-37.9593	Start	Default	
0.5097656:5.000977:-25.76514	4.12207:2.438965:-25.65088	0.9404297:2.570801:-30.47607	1.081055:8.099121:-12.25195	-0.5403844:14.91056:-38.00957	Start	Default	
0.5097656:5.000977:-25.76514	4.12207:2.438965:-25.65088	0.9404297:2.570801:-30.47607	1.081055:8.099121:-12.25195	-0.5344526:14.91396:-37.93978	Start	Default	
0.909668:5.075684:-25.88818	4.561523:2.588379:-25.6377	1.116211:2.57959:-30.51123	1.081055:8.099121:-12.25195	-0.5365351:14.9116:-37.97051	Start	Default	
0.909668:5.075684:-25.88818	4.561523:2.588379:-25.6377	1.116211:2.57959:-30.51123	1.081055:8.099121:-12.25195	-0.5456317:14.90734:-38.06594	Start	Default	
0.909668:5.075684:-25.88818	4.561523:2.588379:-25.6377	1.116211:2.57959:-30.51123	1.081055:8.099121:-12.25195	-0.5422511:14.90947:-38.03374	Start	Default	
1.050293:5.141602:-25.90576	4.798828:2.636719:-25.72119	1.252441:2.562012:-30.54639	1.081055:8.099121:-12.25195	-0.5450872:14.90904:-38.06401	Start	Default	
1.050293:5.141602:-25.90576	4.798828:2.636719:-25.72119	1.252441:2.562012:-30.54639	1.081055:8.099121:-12.25195	-0.5485325:14.90777:-38.09292	Start	Default	
1.116211:5.229492:-25.92773	4.82959:2.605957:-25.75195	1.300781:2.53125:-30.56836	1.081055:8.099121:-12.25195	-0.550738:14.90746:-38.11141	Start	Default	
1.116211:5.229492:-25.92773	4.82959:2.605957:-25.75195	1.300781:2.53125:-30.56836	1.081055:8.099121:-12.25195	-0.5545666:14.9059:-38.14219	Start	Default	
1.116211:5.229492:-25.92773	4.82959:2.605957:-25.75195	1.300781:2.53125:-30.56836	1.081055:8.099121:-12.25195	-0.559608:14.90458:-38.1831	Start	Default	
1.116211:5.229492:-25.92773	4.82959:2.605957:-25.75195	1.300781:2.53125:-30.56836	1.081055:8.099121:-12.25195	-0.5567833:14.90432:-38.18269	Start	Default	
1.094238:5.277832:-25.93652	4.825195:2.592773:-25.74756	1.30957:2.500488:-30.56836	1.081055:8.099121:-12.25195	-0.5584095:14.90347:-38.20569	Start	Default	
1.094238:5.277832:-25.93652	4.825195:2.592773:-25.74756	1.30957:2.500488:-30.56836	1.081055:8.099121:-12.25195	-0.5581487:14.90325:-38.21471	Start	Default	
1.094238:5.277832:-25.93652	4.825195:2.592773:-25.74756	1.30957:2.500488:-30.56836	1.081055:8.099121:-12.25195	-0.5851934:14.90316:-38.26448	Start	Default	
1.094238:5.277832:-25.93652	4.825195:2.592773:-25.74756	1.30957:2.500488:-30.56836	1.081055:8.099121:-12.25195	-0.5865976:14.89462:-38.26963	Start	Default	
1.089844:5.291016:-25.98047	4.847168:2.540039:-25.7959	1.30957:2.48291:-30.56396	1.081055:8.099121:-12.25195	-0.4436176:14.82163:-37.74417	Start	Default	
1.089844:5.291016:-25.98047	4.847168:2.540039:-25.7959	1.30957:2.48291:-30.56396	1.081055:8.099121:-12.25195	-0.4282215:14.72326:-37.75808	Start	Default	
1.089844:5.291016:-25.98047	4.847168:2.540039:-25.7959	1.30957:2.48291:-30.56396	1.081055:8.099121:-12.25195	-0.3253483:14.41135:-36.67051	Start	Default	
1.17334:5.400879:-26.07275	4.891113:2.526855:-25.84424	1.30957:2.48291:-30.55518	1.081055:8.099121:-12.25195	-0.3934727:14.49276:-36.9767	Start	Default	
1.17334:5.400879:-26.07275	4.891113:2.526855:-25.84424	1.30957:2.48291:-30.55518	1.081055:8.099121:-12.25195	-0.3759072:14.48755:-37.0151	Start	Default	
1.17334:5.400879:-26.07275	4.891113:2.526855:-25.84424	1.30957:2.48291:-30.55518	1.081055:8.099121:-12.25195	-0.4268873:14.59059:-37.36762	Start	Default	
1.182129:5.330566:-26.21777	4.790039:2.48291:-25.80908	1.335938:2.680664:-30.48047	1.081055:8.099121:-12.25195	-0.4244215:14.592:-37.37129	Start	Default	
1.182129:5.330566:-26.21777	4.790039:2.48291:-25.80908	1.335938:2.680664:-30.48047	1.081055:8.099121:-12.25195	-0.4139425:14.47462:-36.98217	Start	Default	
1.182129:5.330566:-26.21777	4.790039:2.48291:-25.80908	1.335938:2.680664:-30.48047	1.081055:8.099121:-12.25195	-0.4549528:14.55582:-37.22239	Start	Default	
0.769043:4.179199:-26.32764	4.240723:2.368652:-25.25977	1.318359:3.27832:-30.06299	1.081055:8.099121:-12.25195	-0.4655768:14.57498:-37.29474	Start	Bottle	
0.769043:4.179199:-26.32764	4.240723:2.368652:-25.25977	1.318359:3.27832:-30.06299	1.081055:8.099121:-12.25195	-0.4987326:14.67083:-37.62266	Start	Bottle	
0.769043:4.179199:-26.32764	4.240723:2.368652:-25.25977	1.318359:3.27832:-30.06299	1.081055:8.099121:-12.25195	-0.4966259:14.66721:-37.61158	Start	Bottle	
0.769043:4.179199:-26.32764	4.240723:2.368652:-25.25977	1.318359:3.27832:-30.06299	1.081055:8.099121:-12.25195	-0.4707248:14.57596:-37.31299	Start	Bottle	
-0.04833984:4.412109:-25.6377	3.432129:3.458496:-24.32813	1.27002:4.394531:-29.22363	1.081055:8.099121:-12.25195	-0.4716695:14.5645:-37.28287	Start	Bottle	
-0.04833984:4.412109:-25.6377	3.432129:3.458496:-24.32813	1.27002:4.394531:-29.22363	1.081055:8.099121:-12.25195	-0.4380942:14.46887:-36.96687	Start	Bottle	
-0.04833984:4.412109:-25.6377	3.432129:3.458496:-24.32813	1.27002:4.394531:-29.22363	1.081055:8.099121:-12.25195	-0.446551:14.37728:-36.64821	Start	Bottle	
-1.063477:5.625:-24.33252	2.623535:5.141602:-22.83398	1.195313:5.660156:-27.83496	1.081055:8.099121:-12.25195	-0.4820717:14.48483:-36.99139	Start	Bottle	
-1.063477:5.625:-24.33252	2.623535:5.141602:-22.83398	1.195313:5.660156:-27.83496	1.081055:8.099121:-12.25195	-0.4920326:14.50576:-37.0611	Start	Bottle	
-1.063477:5.625:-24.33252	2.623535:5.141602:-22.83398	1.195313:5.660156:-27.83496	1.081055:8.099121:-12.25195	-0.4985738:14.53876:-37.16502	Start	Bottle	
-1.063477:5.625:-24.33252	2.623535:5.141602:-22.83398	1.195313:5.660156:-27.83496	1.081055:8.099121:-12.25195	-0.4835167:14.53379:-37.14178	Start	Bottle	
-1.450195:6.508301:-22.33301	2.192871:6.398438:-20.84766	1.142578:6.345703:-25.91016	1.081055:8.099121:-12.25195	-0.4542993:14.54776:-37.18767	ReachForBottle	Bottle	
-1.450195:6.508301:-22.33301	2.192871:6.398438:-20.84766	1.142578:6.345703:-25.91016	1.081055:8.099121:-12.25195	-0.446931:14.55809:-37.21064	ReachForBottle	Default	
-1.450195:6.508301:-22.33301	2.192871:6.398438:-20.84766	1.142578:6.345703:-25.91016	1.081055:8.099121:-12.25195	-0.3379272:14.23384:-36.12947	ReachForBottle	Bottle	
-1.415039:6.600586:-20.14893	2.210449:6.65332:-18.73828	1.081055:6.42041:-23.81836	1.081055:8.099121:-12.25195	-0.3937969:14.37416:-36.61212	ReachForBottle	Bottle	
-1.415039:6.600586:-20.14893	2.210449:6.65332:-18.73828	1.081055:6.42041:-23.81836	1.081055:8.099121:-12.25195	-0.3670185:14.42128:-36.91598	ReachForBottle	Default	
-1.415039:6.600586:-20.14893	2.210449:6.65332:-18.73828	1.081055:6.42041:-23.81836	1.081055:8.099121:-12.25195	0.7568322:11.87366:-28.92207	ReachForBottle	Default	
-1.415039:6.600586:-20.14893	2.210449:6.65332:-18.73828	1.081055:6.42041:-23.81836	1.081055:8.099121:-12.25195	0.7650205:11.83024:-28.937	ReachForBottle	Default	
-1.291992:6.306152:-18.12744	2.39502:6.341309:-16.91455	1.010742:6.275391:-21.91992	1.081055:8.099121:-12.25195	-0.05857414:13.41861:-33.96495	ReachForBottle	Default	
-1.291992:6.306152:-18.12744	2.39502:6.341309:-16.91455	1.010742:6.275391:-21.91992	1.081055:8.099121:-12.25195	-0.2620805:13.97638:-35.6413	ReachForBottle	Default	
-1.291992:6.306152:-18.12744	2.39502:6.341309:-16.91455	1.010742:6.275391:-21.91992	1.081055:8.099121:-12.25195	-0.3356637:14.18339:-36.24924	ReachForBottle	Default	
-1.151367:5.765625:-16.51465	2.649902:6.05127:-15.62256	0.8876953:5.963379:-20.31152	1.081055:8.099121:-12.25195	-0.4705227:14.57661:-37.41499	ReachForBottle	Default	
-1.151367:5.765625:-16.51465	2.649902:6.05127:-15.62256	0.8876953:5.963379:-20.31152	1.081055:8.099121:-12.25195	-0.4376536:14.50357:-37.18772	ReachForBottle	Default	
-1.151367:5.765625:-16.51465	2.649902:6.05127:-15.62256	0.8876953:5.963379:-20.31152	1.081055:8.099121:-12.25195	-0.4451175:14.51015:-37.204	ReachForBottle	Default	
-1.208496:5.189941:-15.45557	2.663086:5.958984:-14.73047	0.6855469:5.655762:-19.2876	1.081055:8.099121:-12.25195	-0.4054075:14.43831:-36.96105	ReachForBottle	Default	
-1.208496:5.189941:-15.45557	2.663086:5.958984:-14.73047	0.6855469:5.655762:-19.2876	1.081055:8.099121:-12.25195	-0.341628:14.27423:-36.49179	ReachForBottle	Default	
-1.208496:5.189941:-15.45557	2.663086:5.958984:-14.73047	0.6855469:5.655762:-19.2876	1.081055:8.099121:-12.25195	-0.4373331:14.54215:-37.29278	ReachForBottle	Default	
-1.208496:5.189941:-15.45557	2.663086:5.958984:-14.73047	0.6855469:5.655762:-19.2876	1.081055:8.099121:-12.25195	-0.4377425:14.53925:-37.27891	ReachForBottle	Default	
-1.300781:4.807617:-14.7085	2.575195:5.72168:-14.09766	0.4702148:5.409668:-18.60645	1.081055:8.099121:-12.25195	-0.4357579:14.53242:-37.25425	ReachForBottle	Default	
-1.300781:4.807617:-14.7085	2.575195:5.72168:-14.09766	0.4702148:5.409668:-18.60645	1.081055:8.099121:-12.25195	-0.4411758:14.54613:-37.31258	ReachForBottle	Default	
-1.300781:4.807617:-14.7085	2.575195:5.72168:-14.09766	0.4702148:5.409668:-18.60645	1.081055:8.099121:-12.25195	-0.4494379:14.55666:-37.33221	ReachForBottle	Default	
-1.160156:4.473633:-14.15039	2.474121:5.414063:-13.69775	0.3164063:5.132813:-18.0791	1.081055:8.099121:-12.25195	-0.447999:14.55361:-37.33019	ReachForBottle	Default	
-1.160156:4.473633:-14.15039	2.474121:5.414063:-13.69775	0.3164063:5.132813:-18.0791	1.081055:8.099121:-12.25195	-0.4425634:14.53515:-37.27133	ReachForBottle	Default	
-1.160156:4.473633:-14.15039	2.474121:5.414063:-13.69775	0.3164063:5.132813:-18.0791	1.081055:8.099121:-12.25195	-0.4404522:14.52116:-37.22791	ReachForBottle	Default	
-0,8920898,4,179199,-13,75928,	2,311523,5,229492,-13,44287,	0,1977539,4,895508,-17,71436,	1,063477,8,099121,-12,24316,	-0,4332443,14,50392,-37,17952,	ReachForBottle	Default	
-0,8920898,4,179199,-13,75928,	2,311523,5,229492,-13,44287,	0,1977539,4,895508,-17,71436,	1,063477,8,099121,-12,24316,	-0,4295897,14,48223,-37,10754,	ReachForBottle	Default	
-0,8920898,4,179199,-13,75928,	2,311523,5,229492,-13,44287,	0,1977539,4,895508,-17,71436,	1,063477,8,099121,-12,24316,	-0,4365152,14,50545,-37,18503,	ReachForBottle	Default	
-0.6943359:3.919922:-13.47363	2.192871:5.119629:-13.18799	0.140625:4.746094:-17.42871	0.9580078:8.085938:-12.16846	-0.4369688:14.52314:-37.23443	Grasped	Default	
-0.6943359:3.919922:-13.47363	2.192871:5.119629:-13.18799	0.140625:4.746094:-17.42871	0.9580078:8.085938:-12.16846	-0.4638723:14.71661:-37.86729	Grasped	Default	
-0.6943359:3.919922:-13.47363	2.192871:5.119629:-13.18799	0.140625:4.746094:-17.42871	0.9580078:8.085938:-12.16846	-0.5203905:14.80978:-38.13553	Grasped	CupRight	
-0.6943359:3.919922:-13.47363	2.192871:5.119629:-13.18799	0.140625:4.746094:-17.42871	0.9580078:8.085938:-12.16846	-0.5623791:14.8602:-38.2589	Grasped	Default	
-0.487793:3.621094:-13.21875	2.232422:4.935059:-12.94189	0.1625977:4.653809:-17.17822	0.9624023:8.085938:-12.16406	-0.4575639:14.76776:-38.05535	Grasped	Default	
-0.487793:3.621094:-13.21875	2.232422:4.935059:-12.94189	0.1625977:4.653809:-17.17822	0.9624023:8.085938:-12.16406	-0.4997541:14.80934:-38.14481	Grasped	Default	
-0.487793:3.621094:-13.21875	2.232422:4.935059:-12.94189	0.1625977:4.653809:-17.17822	0.9624023:8.085938:-12.16406	-0.5334782:14.85105:-38.24176	Grasped	Default	
-0.3383789:3.467285:-13.11768	2.285156:4.816406:-12.74854	0.2636719:4.662598:-17.02441	0.9799805:8.085938:-12.15088	-0.501129:14.80865:-38.14776	Grasped	Default	
-0.3383789:3.467285:-13.11768	2.285156:4.816406:-12.74854	0.2636719:4.662598:-17.02441	0.9799805:8.085938:-12.15088	-0.5227728:14.83141:-38.19233	Grasped	Default	
-0.3383789:3.467285:-13.11768	2.285156:4.816406:-12.74854	0.2636719:4.662598:-17.02441	0.9799805:8.085938:-12.15088	-0.5017828:14.81256:-38.14611	Grasped	Default	
-0.3383789:3.467285:-13.11768	2.285156:4.816406:-12.74854	0.2636719:4.662598:-17.02441	0.9799805:8.085938:-12.15088	-0.4914412:14.80281:-38.1209	Grasped	Default	
-0.1757813:3.55957:-13.15283	2.438965:4.939453:-12.75732	0.5053711:4.768066:-17.01563	1.226074:8.125488:-12.22119	-0.4759766:14.79096:-38.09438	Grasped	Default	
-0.1757813:3.55957:-13.15283	2.438965:4.939453:-12.75732	0.5053711:4.768066:-17.01563	1.226074:8.125488:-12.22119	-0.4685683:14.78547:-38.08474	Grasped	Default	
-0.1757813:3.55957:-13.15283	2.438965:4.939453:-12.75732	0.5053711:4.768066:-17.01563	1.226074:8.125488:-12.22119	-0.4794481:14.79615:-38.11089	Grasped	Default	
-0.1757813:3.55957:-13.15283	2.438965:4.939453:-12.75732	0.5053711:4.768066:-17.01563	1.226074:8.125488:-12.22119	-0.4930579:14.8082:-38.13912	Grasped	Default	
0.3164063:3.871582:-13.28906	3.019043:5.203125:-12.98584	0.9711914:4.921875:-17.13428	1.986328:8.38916:-12.49365	-0.4863531:14.80122:-38.12455	Grasped	Default	
0.3164063:3.871582:-13.28906	3.019043:5.203125:-12.98584	0.9711914:4.921875:-17.13428	1.986328:8.38916:-12.49365	-0.4832106:14.79969:-38.12209	Grasped	Default	
0.3164063:3.871582:-13.28906	3.019043:5.203125:-12.98584	0.9711914:4.921875:-17.13428	1.986328:8.38916:-12.49365	-0.3534286:14.69053:-37.84996	Grasped	Default	
1.138184:4.324219:-13.5	3.814453:5.739258:-13.33301	1.625977:5.255859:-17.3584	2.742188:8.890137:-12.82324	-0.524267:14.83709:-38.20441	Grasped	Default	
1.138184:4.324219:-13.5	3.814453:5.739258:-13.33301	1.625977:5.255859:-17.3584	2.742188:8.890137:-12.82324	-0.5467734:14.86016:-38.25116	Grasped	Default	
1.138184:4.324219:-13.5	3.814453:5.739258:-13.33301	1.625977:5.255859:-17.3584	2.742188:8.890137:-12.82324	-0.51966:14.83031:-38.19239	Grasped	Default	
2.100586:4.719727:-13.73291	4.63623:6.429199:-13.67578	2.329102:5.704102:-17.60889	3.287109:9.399902:-12.9375	-0.4054003:14.72203:-37.94035	Grasped	Default	
2.100586:4.719727:-13.73291	4.63623:6.429199:-13.67578	2.329102:5.704102:-17.60889	3.287109:9.399902:-12.9375	-0.4910042:14.80106:-38.12473	Grasped	Default	
2.100586:4.719727:-13.73291	4.63623:6.429199:-13.67578	2.329102:5.704102:-17.60889	3.287109:9.399902:-12.9375	-0.4956849:14.80443:-38.13269	Grasped	Default	
2.100586:4.719727:-13.73291	4.63623:6.429199:-13.67578	2.329102:5.704102:-17.60889	3.287109:9.399902:-12.9375	-0.5440546:14.85746:-38.24833	Grasped	Default	
3.234375:5.088867:-14.02734	5.519531:7.16748:-14.05811	3.115723:6.174316:-17.88135	3.858398:9.84375:-13.021	-0.5441904:14.85738:-38.24776	Grasped	Default	
3.234375:5.088867:-14.02734	5.519531:7.16748:-14.05811	3.115723:6.174316:-17.88135	3.858398:9.84375:-13.021	-0.5146546:14.82837:-38.18731	Grasped	Default	
3.234375:5.088867:-14.02734	5.519531:7.16748:-14.05811	3.115723:6.174316:-17.88135	3.858398:9.84375:-13.021	-0.526804:14.83812:-38.20848	Grasped	CupRight	
4.478027:5.427246:-14.39648	6.477539:7.853027:-14.4624	3.981445:6.640137:-18.17578	4.552734:10.22607:-13.14844	-0.442758:14.76316:-38.03482	Grasped	Default	
4.478027:5.427246:-14.39648	6.477539:7.853027:-14.4624	3.981445:6.640137:-18.17578	4.552734:10.22607:-13.14844	-0.4787803:14.7893:-38.10283	Grasped	Default	
4.478027:5.427246:-14.39648	6.477539:7.853027:-14.4624	3.981445:6.640137:-18.17578	4.552734:10.22607:-13.14844	-0.4357103:14.76154:-38.03093	Grasped	Default	
4.478027:5.427246:-14.39648	6.477539:7.853027:-14.4624	3.981445:6.640137:-18.17578	4.552734:10.22607:-13.14844	-0.3986097:14.72382:-37.91412	Grasped	Default	
5.730469:5.800781:-14.80957	7.444336:8.450684:-14.8667	4.961426:7.207031:-18.51416	5.436035:10.57324:-13.28467	-0.2433252:14.58161:-37.56923	Grasped	Default	
5.730469:5.800781:-14.80957	7.444336:8.450684:-14.8667	4.961426:7.207031:-18.51416	5.436035:10.57324:-13.28467	-0.4990307:14.8159:-38.13526	Grasped	Default	
5.730469:5.800781:-14.80957	7.444336:8.450684:-14.8667	4.961426:7.207031:-18.51416	5.436035:10.57324:-13.28467	-0.4908719:14.81114:-38.12474	Grasped	Default	
5.730469:5.800781:-14.80957	7.444336:8.450684:-14.8667	4.961426:7.207031:-18.51416	5.436035:10.57324:-13.28467	-0.5409391:14.85631:-38.23617	Grasped	Default	
7.765137:6.596191:-15.47314	9.09668:9.540527:-15.45557	6.37207:8.15625:-18.94922	6.851074:11.23242:-13.55713	-0.5255105:14.84973:-38.22059	Grasped	Default	
7.765137:6.596191:-15.47314	9.09668:9.540527:-15.45557	6.37207:8.15625:-18.94922	6.851074:11.23242:-13.55713	-0.5286772:14.85311:-38.22789	Grasped	Default	
8.86377:7.022461:-15.89502	9.84375:10.21729:-15.73242	7.119141:8.731934:-19.16895	7.554199:11.50049:-13.62744	-0.5220284:14.84625:-38.21237	Grasped	Default	
8.86377:7.022461:-15.89502	9.84375:10.21729:-15.73242	7.119141:8.731934:-19.16895	7.554199:11.50049:-13.62744	-0.510569:14.83577:-38.18905	Grasped	Default	
8.86377:7.022461:-15.89502	9.84375:10.21729:-15.73242	7.119141:8.731934:-19.16895	7.554199:11.50049:-13.62744	-0.4632014:14.79792:-38.09928	Grasped	Default	
8.86377:7.022461:-15.89502	9.84375:10.21729:-15.73242	7.119141:8.731934:-19.16895	7.554199:11.50049:-13.62744	-0.5083963:14.83695:-38.19075	Grasped	Default	
9.70752:7.356445:-16.27734	10.26563:10.63037:-15.96533	7.668457:9.127441:-19.32715	8.055176:11.55322:-13.60547	-0.4397326:14.77135:-38.03812	Grasped	Default	
9.70752:7.356445:-16.27734	10.26563:10.63037:-15.96533	7.668457:9.127441:-19.32715	8.055176:11.55322:-13.60547	-0.4154247:14.74281:-37.97176	Grasped	Default	
9.70752:7.356445:-16.27734	10.26563:10.63037:-15.96533	7.668457:9.127441:-19.32715	8.055176:11.55322:-13.60547	-0.4780427:14.80439:-38.11046	Grasped	Default	
9.70752:7.356445:-16.27734	10.26563:10.63037:-15.96533	7.668457:9.127441:-19.32715	8.055176:11.55322:-13.60547	-0.1969631:14.5434:-37.50724	Grasped	Default	
10.26123:7.435547:-16.57617	10.42822:10.78418:-16.04004	8.02002:9.290039:-19.39307	8.305664:11.22803:-13.44727	-0.3753998:14.70854:-37.89116	Grasped	Default	
10.26123:7.435547:-16.57617	10.42822:10.78418:-16.04004	8.02002:9.290039:-19.39307	8.305664:11.22803:-13.44727	-0.3033307:14.64701:-37.73546	Grasped	Default	
10.26123:7.435547:-16.57617	10.42822:10.78418:-16.04004	8.02002:9.290039:-19.39307	8.305664:11.22803:-13.44727	-0.3770069:14.71339:-37.89855	Grasped	Default	
10.57764:7.483887:-16.75635	10.37549:10.88965:-16.01367	8.187012:9.285645:-19.39746	8.455078:10.88086:-13.30225	-0.3057227:14.65175:-37.75074	Grasped	Default	
10.57764:7.483887:-16.75635	10.37549:10.88965:-16.01367	8.187012:9.285645:-19.39746	8.455078:10.88086:-13.30225	-0.3058577:14.65353:-37.75252	Grasped	Default	
10.57764:7.483887:-16.75635	10.37549:10.88965:-16.01367	8.187012:9.285645:-19.39746	8.455078:10.88086:-13.30225	-0.3512542:14.69602:-37.85194	Grasped	Default	
10.75781:7.501465:-16.91895	10.25684:10.87646:-15.89063	8.270508:9.197754:-19.34473	8.674805:10.50732:-13.09131	-0.3764974:14.72037:-37.90746	Grasped	Default	
10.75781:7.501465:-16.91895	10.25684:10.87646:-15.89063	8.270508:9.197754:-19.34473	8.674805:10.50732:-13.09131	-0.2898029:14.66115:-37.74082	Grasped	Default	
10.75781:7.501465:-16.91895	10.25684:10.87646:-15.89063	8.270508:9.197754:-19.34473	8.674805:10.50732:-13.09131	-0.417351:14.77433:-38.00655	Grasped	Default	
10.77539:7.417969:-17.01563	10.10303:10.69629:-15.71484	8.30127:9.083496:-19.26123	8.868164:9.971191:-12.82764	-0.4484357:14.80328:-38.06496	Grasped	Default	
10.77539:7.417969:-17.01563	10.10303:10.69629:-15.71484	8.30127:9.083496:-19.26123	8.868164:9.971191:-12.82764	-0.4543015:14.80599:-38.08543	Grasped	Default	
10.77539:7.417969:-17.01563	10.10303:10.69629:-15.71484	8.30127:9.083496:-19.26123	8.868164:9.971191:-12.82764	-0.4371179:14.78836:-38.04791	Grasped	Default	
10.77539:7.417969:-17.01563	10.10303:10.69629:-15.71484	8.30127:9.083496:-19.26123	8.868164:9.971191:-12.82764	-0.4594302:14.80132:-38.08125	Grasped	Default	
10.78418:7.382813:-16.99805	9.975586:10.50293:-15.41162	8.327637:8.925293:-19.16455	8.986816:9.386719:-12.6167	-0.4481219:14.79314:-38.06049	Grasped	Default	
10.78418:7.382813:-16.99805	9.975586:10.50293:-15.41162	8.327637:8.925293:-19.16455	8.986816:9.386719:-12.6167	-0.4422666:14.79155:-38.06121	Grasped	Default	
10.78418:7.382813:-16.99805	9.975586:10.50293:-15.41162	8.327637:8.925293:-19.16455	8.986816:9.386719:-12.6167	-0.4420858:14.79252:-38.06431	Grasped	Default	
10.78418:7.382813:-16.99805	9.975586:10.50293:-15.41162	8.327637:8.925293:-19.16455	8.986816:9.386719:-12.6167	-0.4566804:14.80368:-38.09162	Grasped	Default	
10.771:7.294922:-16.98047	9.861328:10.16455:-15.13477	8.34082:8.723145:-19.05908	9.017578:8.709961:-12.4585	-0.4680821:14.81285:-38.11354	Grasped	Default	
10.771:7.294922:-16.98047	9.861328:10.16455:-15.13477	8.34082:8.723145:-19.05908	9.017578:8.709961:-12.4585	-0.474046:14.81734:-38.12539	Grasped	Default	
10.771:7.294922:-16.98047	9.861328:10.16455:-15.13477	8.34082:8.723145:-19.05908	9.017578:8.709961:-12.4585	-0.4675654:14.81262:-38.11187	Grasped	Default	
10.7666:7.123535:-16.92773	9.729492:9.777832:-14.90186	8.323242:8.472656:-18.95801	9.008789:8.002441:-12.32666	-0.4777421:14.82098:-38.13038	Grasped	Default	
10.7666:7.123535:-16.92773	9.729492:9.777832:-14.90186	8.323242:8.472656:-18.95801	9.008789:8.002441:-12.32666	-0.4784556:14.82142:-38.13105	Grasped	Default	
10.7666:7.123535:-16.92773	9.729492:9.777832:-14.90186	8.323242:8.472656:-18.95801	9.008789:8.002441:-12.32666	-0.4678804:14.81209:-38.10706	Grasped	Default	
10.6875:6.952148:-16.87939	9.566895:9.395508:-14.64258	8.288086:8.213379:-18.87451	8.973633:7.334473:-12.24756	-0.485891:14.82535:-38.14025	Grasped	Default	
10.6875:6.952148:-16.87939	9.566895:9.395508:-14.64258	8.288086:8.213379:-18.87451	8.973633:7.334473:-12.24756	-0.4606002:14.80559:-38.09264	Grasped	Default	
10.6875:6.952148:-16.87939	9.566895:9.395508:-14.64258	8.288086:8.213379:-18.87451	8.973633:7.334473:-12.24756	-0.5054199:14.84077:-38.18141	Grasped	Default	
10.6875:6.952148:-16.87939	9.566895:9.395508:-14.64258	8.288086:8.213379:-18.87451	8.973633:7.334473:-12.24756	-0.4699229:14.81417:-38.11401	Grasped	Default	
10.67871:6.811523:-16.80469	9.474609:8.916504:-14.3877	8.230957:7.954102:-18.7998	9.013184:6.534668:-12.20361	-0.518973:14.85092:-38.20306	Grasped	Default	
10.67871:6.811523:-16.80469	9.474609:8.916504:-14.3877	8.230957:7.954102:-18.7998	9.013184:6.534668:-12.20361	-0.5283998:14.85651:-38.22088	Grasped	Default	
10.67871:6.811523:-16.80469	9.474609:8.916504:-14.3877	8.230957:7.954102:-18.7998	9.013184:6.534668:-12.20361	-0.5267776:14.85637:-38.22003	Grasped	Default	
10.67871:6.684082:-16.72559	9.360352:8.525391:-14.2251	8.169434:7.725586:-18.74707	9.118652:5.791992:-12.20361	-0.4271653:14.78389:-38.01874	Grasped	Default	
10.67871:6.684082:-16.72559	9.360352:8.525391:-14.2251	8.169434:7.725586:-18.74707	9.118652:5.791992:-12.20361	-0.4009774:14.75329:-37.94781	Grasped	Default	
10.67871:6.684082:-16.72559	9.360352:8.525391:-14.2251	8.169434:7.725586:-18.74707	9.118652:5.791992:-12.20361	-0.3807635:14.74377:-37.9049	Grasped	Hand	
10.67871:6.684082:-16.72559	9.360352:8.525391:-14.2251	8.169434:7.725586:-18.74707	9.118652:5.791992:-12.20361	-0.4533022:14.79806:-38.06169	Grasped	Hand	
10.57764:6.763184:-16.70361	9.294434:8.367188:-14.10205	8.090332:7.580566:-18.68115	9.206543:5.47998:-12.15088	-0.4605577:14.80464:-38.08033	Grasped	Hand	
10.57764:6.763184:-16.70361	9.294434:8.367188:-14.10205	8.090332:7.580566:-18.68115	9.206543:5.47998:-12.15088	-0.4507206:14.7982:-38.06079	Grasped	Hand	
10.57764:6.763184:-16.70361	9.294434:8.367188:-14.10205	8.090332:7.580566:-18.68115	9.206543:5.47998:-12.15088	-0.4636157:14.80871:-38.08913	Grasped	Hand	
10.53809:6.833496:-16.69482	9.23291:8.415527:-14.04492	8.033203:7.549805:-18.63281	9.237305:5.510742:-12.07617	-0.485718:14.82629:-38.1336	Grasped	Hand	
10.53809:6.833496:-16.69482	9.23291:8.415527:-14.04492	8.033203:7.549805:-18.63281	9.237305:5.510742:-12.07617	-0.4452005:14.79598:-38.05269	Grasped	Hand	
10.53809:6.833496:-16.69482	9.23291:8.415527:-14.04492	8.033203:7.549805:-18.63281	9.237305:5.510742:-12.07617	-0.4855648:14.82811:-38.13474	Grasped	Hand	
10.5249:6.987305:-16.62891	9.171387:8.4375:-13.93945	7.984863:7.580566:-18.58008	9.263672:5.471191:-12.07178	-0.4922798:14.83358:-38.1501	Grasped	Hand	
10.5249:6.987305:-16.62891	9.171387:8.4375:-13.93945	7.984863:7.580566:-18.58008	9.263672:5.471191:-12.07178	-0.4932929:14.83427:-38.15149	Grasped	Hand	
10.5249:6.987305:-16.62891	9.171387:8.4375:-13.93945	7.984863:7.580566:-18.58008	9.263672:5.471191:-12.07178	-0.5144852:14.84839:-38.19332	Grasped	Hand	
10.5249:6.987305:-16.62891	9.171387:8.4375:-13.93945	7.984863:7.580566:-18.58008	9.263672:5.471191:-12.07178	-0.5176812:14.85156:-38.20227	Grasped	Hand	
10.55127:7.101563:-16.60254	9.109863:8.441895:-13.83838	7.949707:7.646484:-18.57129	9.246094:5.396484:-12.11572	-0.5241825:14.85602:-38.21595	Grasped	Hand	
10.55127:7.101563:-16.60254	9.109863:8.441895:-13.83838	7.949707:7.646484:-18.57129	9.246094:5.396484:-12.11572	-0.5165675:14.85056:-38.20171	Grasped	Default	
10.55127:7.101563:-16.60254	9.109863:8.441895:-13.83838	7.949707:7.646484:-18.57129	9.246094:5.396484:-12.11572	-0.5070376:14.84143:-38.17912	Grasped	Default	
10.57764:7.193848:-16.54541	9.039551:8.419922:-13.81641	7.918945:7.703613:-18.58008	9.246094:5.356934:-12.16406	-0.5156401:14.84755:-38.19683	Grasped	Default	
10.57764:7.193848:-16.54541	9.039551:8.419922:-13.81641	7.918945:7.703613:-18.58008	9.246094:5.356934:-12.16406	-0.5137661:14.8455:-38.19202	Grasped	Default	
10.57764:7.193848:-16.54541	9.039551:8.419922:-13.81641	7.918945:7.703613:-18.58008	9.246094:5.356934:-12.16406	-0.5151268:14.84737:-38.19541	Grasped	Default	
10.57764:7.193848:-16.54541	9.039551:8.419922:-13.81641	7.918945:7.703613:-18.58008	9.246094:5.356934:-12.16406	-0.4782131:14.82279:-38.13589	Grasped	Default	
10.59961:7.259766:-16.55859	9.035156:8.397949:-13.80762	7.883789:7.734375:-18.59766	9.298828:5.326172:-12.19922	-0.3005701:14.71216:-37.78159	Grasped	Bottle	
10.59961:7.259766:-16.55859	9.035156:8.397949:-13.80762	7.883789:7.734375:-18.59766	9.298828:5.326172:-12.19922	-0.386198:14.75099:-37.94066	Grasped	Default	
10.59961:7.259766:-16.55859	9.035156:8.397949:-13.80762	7.883789:7.734375:-18.59766	9.298828:5.326172:-12.19922	-0.5067552:14.84467:-38.18309	Grasped	Bottle	
10.63916:7.233398:-16.58936	9.057129:8.305664:-13.80762	7.848633:7.73877:-18.62842	9.333984:5.269043:-12.23877	-0.4931781:14.8361:-38.15451	Grasped	Bottle	
10.63916:7.233398:-16.58936	9.057129:8.305664:-13.80762	7.848633:7.73877:-18.62842	9.333984:5.269043:-12.23877	-0.4846932:14.82989:-38.13733	Grasped	Bottle	
10.63916:7.233398:-16.58936	9.057129:8.305664:-13.80762	7.848633:7.73877:-18.62842	9.333984:5.269043:-12.23877	-0.4857579:14.83207:-38.14067	Grasped	Bottle	
10.63916:7.233398:-16.58936	9.057129:8.305664:-13.80762	7.848633:7.73877:-18.62842	9.333984:5.269043:-12.23877	-0.4986154:14.83996:-38.16529	Grasped	Bottle	
10.67432:7.202637:-16.54102	9.057129:8.257324:-13.8208	7.822266:7.747559:-18.65039	9.307617:5.24707:-12.26074	-0.5087454:14.84581:-38.18583	Grasped	Bottle	
10.67432:7.202637:-16.54102	9.057129:8.257324:-13.8208	7.822266:7.747559:-18.65039	9.307617:5.24707:-12.26074	-0.5095013:14.84676:-38.18798	Grasped	Bottle	
10.67432:7.202637:-16.54102	9.057129:8.257324:-13.8208	7.822266:7.747559:-18.65039	9.307617:5.24707:-12.26074	-0.5046121:14.84373:-38.18048	Grasped	Bottle	
10.71387:7.17627:-16.48828	9.061523:8.222168:-13.82959	7.804688:7.743164:-18.65918	9.241699:5.242676:-12.26953	-0.5160252:14.85089:-38.2011	Grasped	Bottle	
10.71387:7.17627:-16.48828	9.061523:8.222168:-13.82959	7.804688:7.743164:-18.65918	9.241699:5.242676:-12.26953	-0.5157832:14.84983:-38.19895	Grasped	Bottle	
10.71387:7.17627:-16.48828	9.061523:8.222168:-13.82959	7.804688:7.743164:-18.65918	9.241699:5.242676:-12.26953	-0.5293423:14.85832:-38.22469	Grasped	Default	
10.74902:6.789551:-16.52344	9.162598:8.239746:-13.8999	7.743164:7.686035:-18.69434	9.109863:5.409668:-12.20801	-0.4629716:14.80403:-38.09279	Grasped	Default	
10.74902:6.789551:-16.52344	9.162598:8.239746:-13.8999	7.743164:7.686035:-18.69434	9.109863:5.409668:-12.20801	-0.5216245:14.84686:-38.20473	Grasped	Default	
10.74902:6.789551:-16.52344	9.162598:8.239746:-13.8999	7.743164:7.686035:-18.69434	9.109863:5.409668:-12.20801	-0.5216245:14.84686:-38.20473	Grasped	Default	
10.79736:6.147949:-16.51465	9.615234:8.354004:-14.15039	7.760742:7.580566:-18.74707	8.885742:6.156738:-12.10254	-0.5216245:14.84686:-38.20473	Grasped	Default	
10.79736:6.147949:-16.51465	9.615234:8.354004:-14.15039	7.760742:7.580566:-18.74707	8.885742:6.156738:-12.10254	-0.5216245:14.84686:-38.20473	Grasped	Default	
10.79736:6.147949:-16.51465	9.615234:8.354004:-14.15039	7.760742:7.580566:-18.74707	8.885742:6.156738:-12.10254	-0.5216245:14.84686:-38.20473	Grasped	Default	
10.79736:6.147949:-16.51465	9.615234:8.354004:-14.15039	7.760742:7.580566:-18.74707	8.885742:6.156738:-12.10254	-0.5216245:14.84686:-38.20473	Grasped	Default	
10.65234:5.330566:-16.43555	10.24805:8.397949:-14.81836	7.822266:7.387207:-18.87012	8.731934:7.45752:-12.30029	-0.5216245:14.84686:-38.20473	Grasped	Default	
10.65234:5.330566:-16.43555	10.24805:8.397949:-14.81836	7.822266:7.387207:-18.87012	8.731934:7.45752:-12.30029	-0.5216245:14.84686:-38.20473	Grasped	Default	
10.65234:5.330566:-16.43555	10.24805:8.397949:-14.81836	7.822266:7.387207:-18.87012	8.731934:7.45752:-12.30029	-0.5216245:14.84686:-38.20473	Grasped	Default	
10.25684:4.913086:-16.28174	10.74902:8.345215:-15.54346	7.817871:7.202637:-19.00635	8.753906:8.833008:-12.9375	-0.5216245:14.84686:-38.20473	Grasped	Default	
10.25684:4.913086:-16.28174	10.74902:8.345215:-15.54346	7.817871:7.202637:-19.00635	8.753906:8.833008:-12.9375	-0.5216245:14.84686:-38.20473	Grasped	Default	
10.25684:4.913086:-16.28174	10.74902:8.345215:-15.54346	7.817871:7.202637:-19.00635	8.753906:8.833008:-12.9375	-0.5216245:14.84686:-38.20473	Grasped	Default	
10.25684:4.913086:-16.28174	10.74902:8.345215:-15.54346	7.817871:7.202637:-19.00635	8.753906:8.833008:-12.9375	-0.5216245:14.84686:-38.20473	Grasped	Default	
9.900879:4.882324:-16.0708	11.15771:8.046387:-16.11475	7.901367:7.070801:-19.15137	9.101074:9.808594:-13.82959	-0.5085627:14.84235:-38.1728	Grasped	Bottle	
9.900879:4.882324:-16.0708	11.15771:8.046387:-16.11475	7.901367:7.070801:-19.15137	9.101074:9.808594:-13.82959	-0.5284606:14.86296:-38.23212	Grasped	Bottle	
9.900879:4.882324:-16.0708	11.15771:8.046387:-16.11475	7.901367:7.070801:-19.15137	9.101074:9.808594:-13.82959	-0.5258234:14.86501:-38.23285	Grasped	Bottle	
9.632813:4.886719:-16.01367	11.36865:7.637695:-16.53223	8.006836:6.767578:-19.37988	9.531738:10.12061:-14.66455	-0.5182832:14.85836:-38.21246	Grasped	Bottle	
9.632813:4.886719:-16.01367	11.36865:7.637695:-16.53223	8.006836:6.767578:-19.37988	9.531738:10.12061:-14.66455	-0.5286682:14.86841:-38.23143	Grasped	Bottle	
9.632813:4.886719:-16.01367	11.36865:7.637695:-16.53223	8.006836:6.767578:-19.37988	9.531738:10.12061:-14.66455	-0.5277183:14.86524:-38.23354	Grasped	Bottle	
9.360352:5.027344:-16.03125	11.24121:7.602539:-16.73438	8.002441:6.512695:-19.53809	9.474609:10.21729:-15.16113	-0.5266453:14.8664:-38.23324	Grasped	Bottle	
9.360352:5.027344:-16.03125	11.24121:7.602539:-16.73438	8.002441:6.512695:-19.53809	9.474609:10.21729:-15.16113	-0.5265529:14.86652:-38.23362	Grasped	Default	
9.360352:5.027344:-16.03125	11.24121:7.602539:-16.73438	8.002441:6.512695:-19.53809	9.474609:10.21729:-15.16113	-0.4787485:14.83967:-38.15008	Grasped	Default	
8.898926:5.299805:-16.02686	10.70068:7.857422:-16.82227	7.795898:6.345703:-19.65234	8.86377:10.4458:-15.63135	-0.4815875:14.84326:-38.15301	Grasped	Default	
8.898926:5.299805:-16.02686	10.70068:7.857422:-16.82227	7.795898:6.345703:-19.65234	8.86377:10.4458:-15.63135	-0.4641875:14.83234:-38.1208	Grasped	Default	
8.898926:5.299805:-16.02686	10.70068:7.857422:-16.82227	7.795898:6.345703:-19.65234	8.86377:10.4458:-15.63135	-0.5272948:14.86597:-38.23395	Grasped	Default	
8.898926:5.299805:-16.02686	10.70068:7.857422:-16.82227	7.795898:6.345703:-19.65234	8.86377:10.4458:-15.63135	-0.5248657:14.86634:-38.23434	Grasped	Default	
8.094727:5.532715:-16.00928	9.791016:8.129883:-16.69482	7.404785:6.32373:-19.76221	7.879395:10.604:-15.78955	-0.5196632:14.85972:-38.21947	Grasped	Bottle	
8.094727:5.532715:-16.00928	9.791016:8.129883:-16.69482	7.404785:6.32373:-19.76221	7.879395:10.604:-15.78955	-0.4419816:14.78768:-38.00148	Grasped	Bottle	
8.094727:5.532715:-16.00928	9.791016:8.129883:-16.69482	7.404785:6.32373:-19.76221	7.879395:10.604:-15.78955	-0.3787885:14.66064:-37.66696	Grasped	Default	
8.094727:5.532715:-16.00928	9.791016:8.129883:-16.69482	7.404785:6.32373:-19.76221	7.879395:10.604:-15.78955	-0.1818177:14.35925:-36.79668	Grasped	Default	
6.947754:5.717285:-16.04443	8.687988:8.362793:-16.45752	6.776367:6.398438:-19.88525	6.648926:10.70947:-15.88623	0.1317724:13.89009:-35.38708	Grasped	Default	
6.947754:5.717285:-16.04443	8.687988:8.362793:-16.45752	6.776367:6.398438:-19.88525	6.648926:10.70947:-15.88623	-0.1765951:14.2915:-36.56771	Grasped	Default	
6.947754:5.717285:-16.04443	8.687988:8.362793:-16.45752	6.776367:6.398438:-19.88525	6.648926:10.70947:-15.88623	-0.0325799:14.01692:-35.8135	Grasped	Default	
6.947754:5.717285:-16.04443	8.687988:8.362793:-16.45752	6.776367:6.398438:-19.88525	6.648926:10.70947:-15.88623	-0.03827918:14.03535:-35.88407	Grasped	Default	
5.638184:5.827148:-16.13672	7.589355:8.274902:-16.27295	5.95459:6.46875:-19.98633	5.567871:10.70947:-15.87305	-0.1310929:14.16934:-36.27637	Grasped	Default	
5.638184:5.827148:-16.13672	7.589355:8.274902:-16.27295	5.95459:6.46875:-19.98633	5.567871:10.70947:-15.87305	-0.2071839:14.28935:-36.60268	Grasped	Default	
5.638184:5.827148:-16.13672	7.589355:8.274902:-16.27295	5.95459:6.46875:-19.98633	5.567871:10.70947:-15.87305	-0.2196219:14.29312:-36.61053	Grasped	Default	
4.337402:5.818359:-16.16748	6.446777:8.094727:-16.09717	5.005371:6.424805:-20.05664	4.719727:10.64355:-15.83789	-0.2085862:14.27655:-36.55127	Grasped	Default	
4.337402:5.818359:-16.16748	6.446777:8.094727:-16.09717	5.005371:6.424805:-20.05664	4.719727:10.64355:-15.83789	-0.2800865:14.37604:-36.84961	Grasped	Default	
4.337402:5.818359:-16.16748	6.446777:8.094727:-16.09717	5.005371:6.424805:-20.05664	4.719727:10.64355:-15.83789	-0.1387628:14.12741:-36.12542	Grasped	Default	
3.106934:5.651367:-16.13672	5.422852:7.734375:-15.93457	3.994629:6.262207:-20.06104	3.906738:10.39746:-15.70166	-0.3068305:14.45391:-37.02644	Grasped	Default	
3.106934:5.651367:-16.13672	5.422852:7.734375:-15.93457	3.994629:6.262207:-20.06104	3.906738:10.39746:-15.70166	-0.332975:14.48708:-37.13055	Grasped	Bottle	
3.106934:5.651367:-16.13672	5.422852:7.734375:-15.93457	3.994629:6.262207:-20.06104	3.906738:10.39746:-15.70166	-0.282019:14.39124:-36.85171	Grasped	Bottle	
2.052246:5.304199:-16.03125	4.508789:7.277344:-15.67529	3.124512:5.95459:-19.94238	3.177246:9.936035:-15.46436	-0.293454:14.34554:-36.70843	Grasped	Bottle	
2.052246:5.304199:-16.03125	4.508789:7.277344:-15.67529	3.124512:5.95459:-19.94238	3.177246:9.936035:-15.46436	-0.1718462:14.11158:-35.7362	Grasped	Bottle	
2.052246:5.304199:-16.03125	4.508789:7.277344:-15.67529	3.124512:5.95459:-19.94238	3.177246:9.936035:-15.46436	-0.3883356:14.48864:-36.98452	Grasped	Bottle	
1.212891:4.882324:-15.86865	3.818848:6.873047:-15.44238	2.390625:5.625:-19.75342	2.663086:9.399902:-15.15234	0.6945437:11.92983:-28.87136	Grasped	Bottle	
1.212891:4.882324:-15.86865	3.818848:6.873047:-15.44238	2.390625:5.625:-19.75342	2.663086:9.399902:-15.15234	-0.2926084:14.15117:-35.90815	Grasped	Bottle	
1.212891:4.882324:-15.86865	3.818848:6.873047:-15.44238	2.390625:5.625:-19.75342	2.663086:9.399902:-15.15234	-0.2185516:13.96555:-35.31892	Grasped	Bottle	
0.5317383:4.561523:-15.73682	3.168457:6.56543:-15.28418	1.766602:5.334961:-19.6084	2.069824:9.-14:-19.6084	-0.288875:14.12073:-35.83542	Grasped	Bottle	
0.5317383:4.561523:-15.73682	3.168457:6.56543:-15.28418	1.766602:5.334961:-19.6084	2.069824:9.-14:-19.6084	-0.3113531:14.21774:-36.12233	Grasped	Bottle	
0.5317383:4.561523:-15.73682	3.168457:6.56543:-15.28418	1.766602:5.334961:-19.6084	2.069824:9.-14:-19.6084	-0.4159182:14.53553:-37.17097	Grasped	Bottle	
0.5317383:4.561523:-15.73682	3.168457:6.56543:-15.28418	1.766602:5.334961:-19.6084	2.069824:9.-14:-19.6084	-0.3223144:14.21516:-36.12641	Grasped	Bottle	
0.4:328613.-15:-19.53369	2.610352:6.358887:-15.22266	1.234863:5.124023:-19.53369	1.498535:8.762695:-14.72168	-0.4183788:14.45459:-36.94384	Grasped	Bottle	
0.4:328613.-15:-19.53369	2.610352:6.358887:-15.22266	1.234863:5.124023:-19.53369	1.498535:8.762695:-14.72168	-0.2779568:14.00577:-35.5467	Grasped	Bottle	
0.4:328613.-15:-19.53369	2.610352:6.358887:-15.22266	1.234863:5.124023:-19.53369	1.498535:8.762695:-14.72168	-0.4139426:14.38736:-36.79134	Grasped	Bottle	
-0.3823242:4.108887:-15.61377	2.188477:6.156738:-15.23584	0.7998047:4.91748:-19.49414	1.041504:8.569336:-14.72607	-0.4865918:14.56571:-37.32758	Grasped	Bottle	
-0.3823242:4.108887:-15.61377	2.188477:6.156738:-15.23584	0.7998047:4.91748:-19.49414	1.041504:8.569336:-14.72607	-0.500204:14.7437:-37.74868	Grasped	Default	
-0.3823242:4.108887:-15.61377	2.188477:6.156738:-15.23584	0.7998047:4.91748:-19.49414	1.041504:8.569336:-14.72607	-0.1648746:14.22906:-35.69546	Grasped	Default	
-0.3823242:4.108887:-15.61377	2.188477:6.156738:-15.23584	0.7998047:4.91748:-19.49414	1.041504:8.569336:-14.72607	-0.3397608:14.5097:-36.73032	Grasped	Default	
-0.6196289:3.950684:-15.58301	1.907227:6.016113:-15.27539	0.5097656:4.759277:-19.48096	0.6943359:8.48584:-14.7876	-0.3457503:14.52342:-36.76677	Grasped	Default	
-0.6196289:3.950684:-15.58301	1.907227:6.016113:-15.27539	0.5097656:4.759277:-19.48096	0.6943359:8.48584:-14.7876	-0.34253:14.5127:-36.70912	Grasped	Default	
-0.6196289:3.950684:-15.58301	1.907227:6.016113:-15.27539	0.5097656:4.759277:-19.48096	0.6943359:8.48584:-14.7876	-0.3478567:14.50971:-36.71682	Grasped	Default	
-0.6196289:3.950684:-15.58301	1.907227:6.016113:-15.27539	0.5097656:4.759277:-19.48096	0.6943359:8.48584:-14.7876	-0.3479257:14.50841:-36.70888	Grasped	Default	
-0.7602539:3.867188:-15.52588	1.779785:5.958984:-15.2666	0.355957:4.68457:-19.42822	0.4790039:8.459473:-14.80078	-0.3487996:14.51689:-36.72362	Grasped	Default	
-0.7602539:3.867188:-15.52588	1.779785:5.958984:-15.2666	0.355957:4.68457:-19.42822	0.4790039:8.459473:-14.80078	-0.3496242:14.51185:-36.69458	Grasped	Default	
-0.7602539:3.867188:-15.52588	1.779785:5.958984:-15.2666	0.355957:4.68457:-19.42822	0.4790039:8.459473:-14.80078	-0.3218501:14.45475:-36.44316	Grasped	Default	
-0.7646484:3.79248:-15.37646	1.757813:5.840332:-15.09521	0.2856445:4.666992:-19.31396	0.4526367:8.433105:-14.62939	-0.2786664:14.35782:-36.02314	Grasped	Default	
-0.7646484:3.79248:-15.37646	1.757813:5.840332:-15.09521	0.2856445:4.666992:-19.31396	0.4526367:8.433105:-14.62939	-0.3083049:14.41775:-36.28123	Grasped	Default	
-0.7646484:3.79248:-15.37646	1.757813:5.840332:-15.09521	0.2856445:4.666992:-19.31396	0.4526367:8.433105:-14.62939	-0.3010845:14.40361:-36.22287	Grasped	Default	
-0.7075195:3.563965:-15.15674	1.82373:5.660156:-14.80078	0.2373047:4.688965:-19.10742	0.5053711:8.393555:-14.33057	-0.3246666:14.44724:-36.40883	Grasped	Default	
-0.7075195:3.563965:-15.15674	1.82373:5.660156:-14.80078	0.2373047:4.688965:-19.10742	0.5053711:8.393555:-14.33057	-0.2951478:14.39325:-36.17472	Grasped	Default	
-0.7075195:3.563965:-15.15674	1.82373:5.660156:-14.80078	0.2373047:4.688965:-19.10742	0.5053711:8.393555:-14.33057	-0.2328226:14.29202:-35.72202	Grasped	Default	
-0.7075195:3.563965:-15.15674	1.82373:5.660156:-14.80078	0.2373047:4.688965:-19.10742	0.5053711:8.393555:-14.33057	-0.2065813:14.24928:-35.49054	Grasped	Default	
-0.6196289:3.383789:-14.90186	1.924805:5.545898:-14.51514	0.1933594:4.706543:-18.86572	0.5712891:8.358398:-14.02734	-0.3271376:14.43609:-36.27042	Grasped	Default	
-0.6196289:3.383789:-14.90186	1.924805:5.545898:-14.51514	0.1933594:4.706543:-18.86572	0.5712891:8.358398:-14.02734	-0.3868724:14.50103:-36.60258	Grasped	Default	
-0.6196289:3.383789:-14.90186	1.924805:5.545898:-14.51514	0.1933594:4.706543:-18.86572	0.5712891:8.358398:-14.02734	-0.2693238:14.26589:-35.59737	Grasped	Default	
-0.5668945:3.27832:-14.66895	1.959961:5.471191:-14.31299	0.1274414:4.68457:-18.63281	0.5888672:8.327637:-13.81641	-0.3586144:14.43059:-36.32681	Grasped	Default	
-0.5668945:3.27832:-14.66895	1.959961:5.471191:-14.31299	0.1274414:4.68457:-18.63281	0.5888672:8.327637:-13.81641	-0.3806437:14.47828:-36.53518	Grasped	Default	
-0.5668945:3.27832:-14.66895	1.959961:5.471191:-14.31299	0.1274414:4.68457:-18.63281	0.5888672:8.327637:-13.81641	-0.3825584:14.47327:-36.48414	Grasped	Default	
-0.5493164:3.203613:-14.44922	1.995117:5.414063:-14.17676	0.06152344:4.63623:-18.40869	0.6108398:8.296875:-13.62744	-0.3775359:14.47842:-36.4939	Grasped	Default	
-0.5493164:3.203613:-14.44922	1.995117:5.414063:-14.17676	0.06152344:4.63623:-18.40869	0.6108398:8.296875:-13.62744	-0.4057934:14.52394:-36.69667	Grasped	Default	
-0.5493164:3.203613:-14.44922	1.995117:5.414063:-14.17676	0.06152344:4.63623:-18.40869	0.6108398:8.296875:-13.62744	-0.4044774:14.51534:-36.68622	Grasped	Default	
-0.5185547:3.137695:-14.25146	2.021484:5.356934:-14.02295	0.4:601074.-18:-14.02295	0.637207:8.266113:-13.43848	-0.4220836:14.54665:-36.82656	Grasped	Default	
-0.5185547:3.137695:-14.25146	2.021484:5.356934:-14.02295	0.4:601074.-18:-14.02295	0.637207:8.266113:-13.43848	-0.4272164:14.55816:-36.86634	Grasped	Default	
-0.5185547:3.137695:-14.25146	2.021484:5.356934:-14.02295	0.4:601074.-18:-14.02295	0.637207:8.266113:-13.43848	-0.4248891:14.55206:-36.84845	Grasped	Default	
-0.5185547:3.137695:-14.25146	2.021484:5.356934:-14.02295	0.4:601074.-18:-14.02295	0.637207:8.266113:-13.43848	-0.4175442:14.53968:-36.77981	Grasped	Default	
-0.4790039:3.098145:-14.06689	2.061035:5.321777:-13.87354	-0.03076172:4.59668:-18.02637	0.6723633:8.244141:-13.24951	-0.4101869:14.5248:-36.71703	Grasped	Default	
-0.4790039:3.098145:-14.06689	2.061035:5.321777:-13.87354	-0.03076172:4.59668:-18.02637	0.6723633:8.244141:-13.24951	-0.4055011:14.51549:-36.6805	Grasped	Default	
-0.4790039:3.098145:-14.06689	2.061035:5.321777:-13.87354	-0.03076172:4.59668:-18.02637	0.6723633:8.244141:-13.24951	-0.3918807:14.49021:-36.55856	Grasped	Default	
-0.4438477:3.062988:-13.86475	2.083008:5.282227:-13.71094	-0.04833984:4.623047:-17.82861	0.7075195:8.213379:-13.04736	-0.3578565:14.41597:-36.26974	Grasped	Default	
-0.4438477:3.062988:-13.86475	2.083008:5.282227:-13.71094	-0.04833984:4.623047:-17.82861	0.7075195:8.213379:-13.04736	-0.3135802:14.32384:-35.86856	Grasped	Default	
-0.4438477:3.062988:-13.86475	2.083008:5.282227:-13.71094	-0.04833984:4.623047:-17.82861	0.7075195:8.213379:-13.04736	-0.3257149:14.33697:-35.94082	Grasped	Default	
-0.4438477:3.062988:-13.86475	2.083008:5.282227:-13.71094	-0.04833984:4.623047:-17.82861	0.7075195:8.213379:-13.04736	-0.3221901:14.32429:-35.88056	Grasped	Default	
-0.3911133:3.023438:-13.64502	2.122559:5.251465:-13.53955	-0.05273438:4.627441:-17.62207	0.7602539:8.182617:-12.8584	-0.3347858:14.34822:-35.97439	Grasped	Default	
-0.3911133:3.023438:-13.64502	2.122559:5.251465:-13.53955	-0.05273438:4.627441:-17.62207	0.7602539:8.182617:-12.8584	-0.343373:14.35816:-36.02137	Grasped	Default	
-0.3911133:3.023438:-13.64502	2.122559:5.251465:-13.53955	-0.05273438:4.627441:-17.62207	0.7602539:8.182617:-12.8584	-0.3280703:14.32194:-35.85345	Grasped	Default	
-0.347168:2.988281:-13.42969	2.170898:5.185547:-13.35498	-0.04394531:4.614258:-17.40234	0.8085938:8.15625:-12.66504	-0.2921259:14.24382:-35.52539	Grasped	Default	
-0.347168:2.988281:-13.42969	2.170898:5.185547:-13.35498	-0.04394531:4.614258:-17.40234	0.8085938:8.15625:-12.66504	-0.295488:14.25212:-35.5252	Grasped	Default	
-0.347168:2.988281:-13.42969	2.170898:5.185547:-13.35498	-0.04394531:4.614258:-17.40234	0.8085938:8.15625:-12.66504	-0.2490009:14.15392:-35.10889	Grasped	Default	
-0.3164063:2.966309:-13.24951	2.184082:5.150391:-13.19678	-0.03955078:4.601074:-17.21777	0.84375:8.129883:-12.49365	-0.3340805:14.35059:-35.94634	Grasped	Default	
-0.3164063:2.966309:-13.24951	2.184082:5.150391:-13.19678	-0.03955078:4.601074:-17.21777	0.84375:8.129883:-12.49365	-0.5780661:14.83193:-38.07431	Grasped	Default	
-0.3164063:2.966309:-13.24951	2.184082:5.150391:-13.19678	-0.03955078:4.601074:-17.21777	0.84375:8.129883:-12.49365	-0.3233357:14.3007:-35.80583	Grasped	Default	
-0.3164063:2.966309:-13.24951	2.184082:5.150391:-13.19678	-0.03955078:4.601074:-17.21777	0.84375:8.129883:-12.49365	-0.5422459:14.72381:-37.60481	Grasped	Default	
-0.2988281:2.953125:-13.11328	2.206055:5.102051:-13.06934	-0.04394531:4.583496:-17.07275	0.8701172:8.112305:-12.34863	-0.545372:14.72713:-37.63182	Grasped	Default	
-0.2988281:2.953125:-13.11328	2.206055:5.102051:-13.06934	-0.04394531:4.583496:-17.07275	0.8701172:8.112305:-12.34863	-0.550858:14.73851:-37.67217	Grasped	Default	
-0.2988281:2.953125:-13.11328	2.206055:5.102051:-13.06934	-0.04394531:4.583496:-17.07275	0.8701172:8.112305:-12.34863	-0.542622:14.76388:-37.80364	Grasped	Default	
-0.2768555:2.917969:-12.99463	2.219238:5.049316:-12.96826	-0.06152344:4.574707:-16.9541	0.8920898:8.094727:-12.22559	-0.5982859:14.87322:-38.25431	Grasped	Default	
-0.2768555:2.917969:-12.99463	2.219238:5.049316:-12.96826	-0.06152344:4.574707:-16.9541	0.8920898:8.094727:-12.22559	-0.5407293:14.75091:-37.75234	Grasped	Default	
-0.2768555:2.917969:-12.99463	2.219238:5.049316:-12.96826	-0.06152344:4.574707:-16.9541	0.8920898:8.094727:-12.22559	-0.461291:14.58259:-37.04998	Grasped	Default	
-0.2768555:2.917969:-12.99463	2.219238:5.049316:-12.96826	-0.06152344:4.574707:-16.9541	0.8920898:8.094727:-12.22559	-0.4652018:14.59146:-37.09108	Grasped	Default	
-0.2636719:2.874023:-12.91992	2.236816:5.005371:-12.91113	-0.07910156:4.561523:-16.88818	0.9052734:8.085938:-12.16406	-0.4559453:14.62723:-37.26775	Grasped	Default	
-0.2636719:2.874023:-12.91992	2.236816:5.005371:-12.91113	-0.07910156:4.561523:-16.88818	0.9052734:8.085938:-12.16406	-0.3984764:14.50527:-36.80526	Grasped	Default	
-0.2636719:2.874023:-12.91992	2.236816:5.005371:-12.91113	-0.07910156:4.561523:-16.88818	0.9052734:8.085938:-12.16406	-0.4258921:14.56732:-37.02901	Grasped	Default	
-0.2548828:2.830078:-12.91553	2.236816:4.987793:-12.91113	-0.08789063:4.543945:-16.875	0.909668:8.081543:-12.15967	-0.4202998:14.55531:-36.97804	Grasped	Default	
-0.2548828:2.830078:-12.91553	2.236816:4.987793:-12.91113	-0.08789063:4.543945:-16.875	0.909668:8.081543:-12.15967	-0.4338553:14.58355:-37.09119	Grasped	Default	
-0.2548828:2.830078:-12.91553	2.236816:4.987793:-12.91113	-0.08789063:4.543945:-16.875	0.909668:8.081543:-12.15967	-0.4453606:14.58835:-37.10815	Grasped	Default	
-0.2329102:2.794922:-13.00781	2.258789:4.983398:-13.0166	-0.06591797:4.543945:-16.93213	0.9536133:8.094727:-12.24756	-0.4437704:14.58962:-37.1094	Grasped	Default	
-0.2329102:2.794922:-13.00781	2.258789:4.983398:-13.0166	-0.06591797:4.543945:-16.93213	0.9536133:8.094727:-12.24756	-0.4404632:14.58411:-37.093	Grasped	Default	
-0.2329102:2.794922:-13.00781	2.258789:4.983398:-13.0166	-0.06591797:4.543945:-16.93213	0.9536133:8.094727:-12.24756	-0.4499543:14.60211:-37.16806	Grasped	Default	
-0.206543:2.794922:-13.1748	2.307129:4.983398:-13.15723	0.01318359:4.561523:-17.07275	1.015137:8.112305:-12.37939	-0.4540167:14.60509:-37.17848	Grasped	Default	
-0.206543:2.794922:-13.1748	2.307129:4.983398:-13.15723	0.01318359:4.561523:-17.07275	1.015137:8.112305:-12.37939	-0.4551212:14.63165:-37.29397	Grasped	Default	
-0.206543:2.794922:-13.1748	2.307129:4.983398:-13.15723	0.01318359:4.561523:-17.07275	1.015137:8.112305:-12.37939	-0.4577316:14.64507:-37.34616	Grasped	Default	
-0.206543:2.794922:-13.1748	2.307129:4.983398:-13.15723	0.01318359:4.561523:-17.07275	1.015137:8.112305:-12.37939	-0.4216951:14.58008:-37.08311	Grasped	Default	
-0.2416992:2.825684:-13.42529	2.302734:5.018555:-13.32861	0.05712891:4.601074:-17.2749	0.9711914:8.138672:-12.54199	-0.4218877:14.57621:-37.07822	Grasped	Default	
-0.2416992:2.825684:-13.42529	2.302734:5.018555:-13.32861	0.05712891:4.601074:-17.2749	0.9711914:8.138672:-12.54199	-0.4262137:14.5798:-37.08148	Grasped	Default	
-0.2416992:2.825684:-13.42529	2.302734:5.018555:-13.32861	0.05712891:4.601074:-17.2749	0.9711914:8.138672:-12.54199	-0.4090531:14.54287:-36.93489	Grasped	Default	
-0.3208008:2.90918:-13.72852	2.254395:5.066895:-13.56152	0.06152344:4.631836:-17.54736	0.8876953:8.173828:-12.80566	-0.4123207:14.54766:-36.96192	Grasped	Default	
-0.3208008:2.90918:-13.72852	2.254395:5.066895:-13.56152	0.06152344:4.631836:-17.54736	0.8876953:8.173828:-12.80566	-0.4039221:14.51228:-36.79036	Grasped	Default	
-0.3208008:2.90918:-13.72852	2.254395:5.066895:-13.56152	0.06152344:4.631836:-17.54736	0.8876953:8.173828:-12.80566	-0.4288488:14.52441:-36.84721	Grasped	Default	
-0.4042969:2.970703:-14.05811	2.188477:5.088867:-13.86914	0.08349609:4.640625:-17.89014	0.8217773:8.226563:-13.13965	-0.4330572:14.52897:-36.86599	Grasped	Default	
-0.4042969:2.970703:-14.05811	2.188477:5.088867:-13.86914	0.08349609:4.640625:-17.89014	0.8217773:8.226563:-13.13965	-0.4244431:14.53494:-36.87859	Grasped	Default	
-0.4042969:2.970703:-14.05811	2.188477:5.088867:-13.86914	0.08349609:4.640625:-17.89014	0.8217773:8.226563:-13.13965	-0.4134754:14.54243:-36.91049	Grasped	Default	
-0.4833984:3.027832:-14.41846	2.118164:5.11084:-14.20313	0.09667969:4.63623:-18.2373	0.7514648:8.279297:-13.50439	-0.4130551:14.54196:-36.9072	Grasped	Default	
-0.4833984:3.027832:-14.41846	2.118164:5.11084:-14.20313	0.09667969:4.63623:-18.2373	0.7514648:8.279297:-13.50439	-0.408488:14.53395:-36.87694	Grasped	Default	
-0.4833984:3.027832:-14.41846	2.118164:5.11084:-14.20313	0.09667969:4.63623:-18.2373	0.7514648:8.279297:-13.50439	-0.4853548:14.68006:-37.53759	Grasped	Default	
-0.4833984:3.027832:-14.41846	2.118164:5.11084:-14.20313	0.09667969:4.63623:-18.2373	0.7514648:8.279297:-13.50439	-0.4569419:14.60101:-37.24345	Grasped	Default	
-0.5405273:3.062988:-14.75244	2.061035:5.124023:-14.51514	0.1274414:4.614258:-18.5625	0.6987305:8.323242:-13.86475	-0.4584359:14.60472:-37.26425	Grasped	Default	
-0.5405273:3.062988:-14.75244	2.061035:5.124023:-14.51514	0.1274414:4.614258:-18.5625	0.6987305:8.323242:-13.86475	-0.4569867:14.59519:-37.2366	Grasped	Default	
-0.5405273:3.062988:-14.75244	2.061035:5.124023:-14.51514	0.1274414:4.614258:-18.5625	0.6987305:8.323242:-13.86475	-0.4588616:14.59569:-37.23615	Grasped	Default	
-0.6064453:3.111328:-15.06006	2.012695:5.119629:-14.80957	0.1494141:4.605469:-18.83496	0.6591797:8.362793:-14.15039	-0.4529604:14.59058:-37.2179	Grasped	Default	
-0.6064453:3.111328:-15.06006	2.012695:5.119629:-14.80957	0.1494141:4.605469:-18.83496	0.6591797:8.362793:-14.15039	-0.4456066:14.56483:-37.12593	Grasped	Default	
-0.6064453:3.111328:-15.06006	2.012695:5.119629:-14.80957	0.1494141:4.605469:-18.83496	0.6591797:8.362793:-14.15039	-0.4340875:14.52842:-36.99381	Grasped	Default	
-0.6064453:3.111328:-15.06006	2.012695:5.119629:-14.80957	0.1494141:4.605469:-18.83496	0.6591797:8.362793:-14.15039	-0.4283347:14.50142:-36.89397	Grasped	Default	
-0.6811523:3.159668:-15.37207	1.955566:5.141602:-15.104	0.1494141:4.592285:-19.09863	0.5888672:8.406738:-14.45801	-0.4191593:14.49633:-36.87433	Grasped	Default	
-0.6811523:3.159668:-15.37207	1.955566:5.141602:-15.104	0.1494141:4.592285:-19.09863	0.5888672:8.406738:-14.45801	-0.3813164:14.39278:-36.48164	Grasped	Default	
-0.6811523:3.159668:-15.37207	1.955566:5.141602:-15.104	0.1494141:4.592285:-19.09863	0.5888672:8.406738:-14.45801	-0.4169839:14.47343:-36.78539	Grasped	Default	
-0.7558594:3.186035:-15.69287	1.880859:5.132813:-15.41162	0.1450195:4.561523:-19.3623	0.5317383:8.446289:-14.77002	-0.4266096:14.49317:-36.85558	Grasped	Default	
-0.7558594:3.186035:-15.69287	1.880859:5.132813:-15.41162	0.1450195:4.561523:-19.3623	0.5317383:8.446289:-14.77002	-0.4526581:14.55307:-37.08197	Grasped	Default	
-0.7558594:3.186035:-15.69287	1.880859:5.132813:-15.41162	0.1450195:4.561523:-19.3623	0.5317383:8.446289:-14.77002	-0.4727759:14.58626:-37.21189	Grasped	Default	
-0.7558594:3.186035:-15.69287	1.880859:5.132813:-15.41162	0.1450195:4.561523:-19.3623	0.5317383:8.446289:-14.77002	-0.4723323:14.57946:-37.18432	Grasped	Default	
-0.7822266:3.194824:-15.93457	1.82373:5.137207:-15.6665	0.140625:4.526367:-19.61279	0.5009766:8.481445:-15.02051	-0.4711445:14.57531:-37.17305	Grasped	Default	
-0.7822266:3.194824:-15.93457	1.82373:5.137207:-15.6665	0.140625:4.526367:-19.61279	0.5009766:8.481445:-15.02051	-0.4572198:14.54657:-37.06908	Grasped	Default	
-0.7822266:3.194824:-15.93457	1.82373:5.137207:-15.6665	0.140625:4.526367:-19.61279	0.5009766:8.481445:-15.02051	-0.4599624:14.548:-37.07768	Grasped	Default	
-0.8129883:3.203613:-16.14551	1.801758:5.132813:-15.89063	0.1450195:4.491211:-19.78857	0.4921875:8.507813:-15.22705	-0.4647219:14.55599:-37.10354	Grasped	Default	
-0.8129883:3.203613:-16.14551	1.801758:5.132813:-15.89063	0.1450195:4.491211:-19.78857	0.4921875:8.507813:-15.22705	-0.4611288:14.54452:-37.06358	Grasped	Default	
-0.8129883:3.203613:-16.14551	1.801758:5.132813:-15.89063	0.1450195:4.491211:-19.78857	0.4921875:8.507813:-15.22705	-0.4521289:14.50138:-36.89745	Grasped	Default	
-0.7910156:3.203613:-16.29053	1.814941:5.137207:-16.04883	0.1625977:4.460449:-19.91602	0.5097656:8.525391:-15.38086	-0.4443215:14.47546:-36.80435	Grasped	Default	
-0.7910156:3.203613:-16.29053	1.814941:5.137207:-16.04883	0.1625977:4.460449:-19.91602	0.5097656:8.525391:-15.38086	-0.4409519:14.47151:-36.78809	Grasped	Default	
-0.7910156:3.203613:-16.29053	1.814941:5.137207:-16.04883	0.1625977:4.460449:-19.91602	0.5097656:8.525391:-15.38086	-0.4381426:14.47295:-36.80087	Grasped	Default	
-0.7426758:3.203613:-16.34326	1.894043:5.137207:-16.11475	0.1977539:4.425293:-19.98193	0.5668945:8.53418:-15.44678	-0.584356:14.87033:-38.26	Grasped	Bottle	
-0.7426758:3.203613:-16.34326	1.894043:5.137207:-16.11475	0.1977539:4.425293:-19.98193	0.5668945:8.53418:-15.44678	-0.5916463:14.86926:-38.26071	Grasped	Bottle	
-0.7426758:3.203613:-16.34326	1.894043:5.137207:-16.11475	0.1977539:4.425293:-19.98193	0.5668945:8.53418:-15.44678	-0.566148:14.74551:-37.83129	Grasped	Bottle	
-0.7426758:3.203613:-16.34326	1.894043:5.137207:-16.11475	0.1977539:4.425293:-19.98193	0.5668945:8.53418:-15.44678	-0.5586625:14.76814:-37.91173	Grasped	Bottle	
-0.6503906:3.177246:-16.29492	2.012695:5.167969:-16.03564	0.2373047:4.346191:-19.99072	0.6416016:8.529785:-15.41602	-0.5490696:14.75234:-37.85877	Grasped	Bottle	
-0.6503906:3.177246:-16.29492	2.012695:5.167969:-16.03564	0.2373047:4.346191:-19.99072	0.6416016:8.529785:-15.41602	-0.5528783:14.77098:-37.92381	Grasped	Bottle	
-0.6503906:3.177246:-16.29492	2.012695:5.167969:-16.03564	0.2373047:4.346191:-19.99072	0.6416016:8.529785:-15.41602	-0.5420333:14.72637:-37.77436	Grasped	Bottle	
-0.4350586:3.133301:-16.16748	2.219238:5.049316:-15.94775	0.3120117:4.240723:-19.94678	0.84375:8.516602:-15.30615	-0.5417058:14.72344:-37.7663	Grasped	Bottle	
-0.4350586:3.133301:-16.16748	2.219238:5.049316:-15.94775	0.3120117:4.240723:-19.94678	0.84375:8.516602:-15.30615	-0.5358904:14.69516:-37.6739	Grasped	Bottle	
-0.4350586:3.133301:-16.16748	2.219238:5.049316:-15.94775	0.3120117:4.240723:-19.94678	0.84375:8.516602:-15.30615	-0.5353191:14.69322:-37.66994	Grasped	Bottle	
-0.4350586:3.133301:-16.16748	2.219238:5.049316:-15.94775	0.3120117:4.240723:-19.94678	0.84375:8.516602:-15.30615	-0.5279038:14.66792:-37.59355	Grasped	Bottle	
-0.2109375:3.049805:-16.06641	2.39502:4.754883:-15.87744	0.4570313:4.078125:-19.90723	1.07666:8.503418:-15.20947	-0.5282121:14.67375:-37.61308	Grasped	Bottle	
-0.2109375:3.049805:-16.06641	2.39502:4.754883:-15.87744	0.4570313:4.078125:-19.90723	1.07666:8.503418:-15.20947	-0.5133431:14.71301:-37.74989	Grasped	Default	
-0.2109375:3.049805:-16.06641	2.39502:4.754883:-15.87744	0.4570313:4.078125:-19.90723	1.07666:8.503418:-15.20947	-0.3230763:14.53762:-37.35749	Grasped	Default	
-0.1010742:2.90918:-16.05322	2.522461:4.63623:-15.89063	0.5493164:3.950684:-19.92041	1.204102:8.499023:-15.1875	-0.5536817:14.84654:-38.2311	Grasped	CupRight	
-0.1010742:2.90918:-16.05322	2.522461:4.63623:-15.89063	0.5493164:3.950684:-19.92041	1.204102:8.499023:-15.1875	-0.4659474:14.76509:-38.0158	Grasped	CupRight	
-0.1010742:2.90918:-16.05322	2.522461:4.63623:-15.89063	0.5493164:3.950684:-19.92041	1.204102:8.499023:-15.1875	-0.44351:14.74522:-37.98475	Grasped	CupRight	
-0.1010742:2.90918:-16.05322	2.522461:4.63623:-15.89063	0.5493164:3.950684:-19.92041	1.204102:8.499023:-15.1875	-0.4244249:14.71754:-37.92817	Grasped	CupRight	
-0.05712891:2.685059:-16.08398	2.544434:4.614258:-15.91699	0.5800781:3.880371:-19.95557	1.226074:8.503418:-15.19189	-0.446723:14.75431:-37.99993	Grasped	CupRight	
-0.05712891:2.685059:-16.08398	2.544434:4.614258:-15.91699	0.5800781:3.880371:-19.95557	1.226074:8.503418:-15.19189	-0.4382166:14.74655:-37.97672	Grasped	CupRight	
-0.05712891:2.685059:-16.08398	2.544434:4.614258:-15.91699	0.5800781:3.880371:-19.95557	1.226074:8.503418:-15.19189	-0.550862:14.8624:-38.26889	Grasped	CupRight	
-0.04394531:2.610352:-16.11475	2.548828:4.592285:-15.92139	0.5932617:3.862793:-19.98193	1.226074:8.499023:-15.1875	-0.5465626:14.86369:-38.2683	Grasped	CupRight	
-0.04394531:2.610352:-16.11475	2.548828:4.592285:-15.92139	0.5932617:3.862793:-19.98193	1.226074:8.499023:-15.1875	-0.5112848:14.80491:-38.16424	Grasped	CupRight	
-0.04394531:2.610352:-16.11475	2.548828:4.592285:-15.92139	0.5932617:3.862793:-19.98193	1.226074:8.499023:-15.1875	-0.5112848:14.80491:-38.16424	Grasped	CupRight	
-0.04394531:2.575195:-16.11914	2.544434:4.579102:-15.92139	0.5976563:3.810059:-19.99072	1.22168:8.499023:-15.18311	-0.5112848:14.80491:-38.16424	Grasped	CupRight	
-0.04394531:2.575195:-16.11914	2.544434:4.579102:-15.92139	0.5976563:3.810059:-19.99072	1.22168:8.499023:-15.18311	-0.5112848:14.80491:-38.16424	Grasped	CupRight	
-0.04394531:2.575195:-16.11914	2.544434:4.579102:-15.92139	0.5976563:3.810059:-19.99072	1.22168:8.499023:-15.18311	-0.5112848:14.80491:-38.16424	Grasped	CupRight	
-0.004394531:2.540039:-16.21143	2.583984:4.627441:-15.88623	0.6547852:3.779297:-19.97314	1.248047:8.499023:-15.16553	-0.5112848:14.80491:-38.16424	Grasped	CupRight	
-0.004394531:2.540039:-16.21143	2.583984:4.627441:-15.88623	0.6547852:3.779297:-19.97314	1.248047:8.499023:-15.16553	-0.5112848:14.80491:-38.16424	Grasped	CupRight	
-0.004394531:2.540039:-16.21143	2.583984:4.627441:-15.88623	0.6547852:3.779297:-19.97314	1.248047:8.499023:-15.16553	-0.5112848:14.80491:-38.16424	Grasped	CupRight	
-0.004394531:2.540039:-16.21143	2.583984:4.627441:-15.88623	0.6547852:3.779297:-19.97314	1.248047:8.499023:-15.16553	-0.5112848:14.80491:-38.16424	Grasped	CupRight	
0.3032227:2.772949:-16.17627	2.891602:4.855957:-15.85107	0.9404297:3.950684:-19.94678	1.463379:8.569336:-15.08203	-0.5227551:14.79463:-38.17255	Grasped	Default	
0.3032227:2.772949:-16.17627	2.891602:4.855957:-15.85107	0.9404297:3.950684:-19.94678	1.463379:8.569336:-15.08203	-0.5047921:14.82402:-38.16675	Grasped	Default	
0.3032227:2.772949:-16.17627	2.891602:4.855957:-15.85107	0.9404297:3.950684:-19.94678	1.463379:8.569336:-15.08203	-0.4992181:14.8097:-38.17618	Grasped	Default	
1.081055:3.317871:-16.18506	3.616699:5.541504:-16.03564	1.586426:4.249512:-19.95996	2.232422:9.09668:-15.09521	-0.5251138:14.79241:-38.16982	Grasped	Default	
1.081055:3.317871:-16.18506	3.616699:5.541504:-16.03564	1.586426:4.249512:-19.95996	2.232422:9.09668:-15.09521	-0.5633221:14.86409:-38.26714	Grasped	Default	
1.081055:3.317871:-16.18506	3.616699:5.541504:-16.03564	1.586426:4.249512:-19.95996	2.232422:9.09668:-15.09521	-0.5014383:14.81579:-38.18717	Grasped	Default	
1.081055:3.317871:-16.18506	3.616699:5.541504:-16.03564	1.586426:4.249512:-19.95996	2.232422:9.09668:-15.09521	-0.4841893:14.81088:-38.15468	Grasped	Default	
2.236816:3.994629:-16.2334	4.631836:6.442383:-16.38281	2.456543:4.653809:-20.03906	3.159668:9.716309:-15.19629	-0.5018675:14.82735:-38.18706	Grasped	Default	
2.236816:3.994629:-16.2334	4.631836:6.442383:-16.38281	2.456543:4.653809:-20.03906	3.159668:9.716309:-15.19629	-0.4981847:14.82762:-38.18737	Grasped	Default	
2.236816:3.994629:-16.2334	4.631836:6.442383:-16.38281	2.456543:4.653809:-20.03906	3.159668:9.716309:-15.19629	-0.4685035:14.79791:-38.11802	Grasped	Default	
3.590332:4.5:-16.40918	5.897461:7.040039:-16.76953	3.489258:5.080078:-20.19287	4.394531:10.19971:-15.28857	-0.5017791:14.83167:-38.19284	Grasped	Default	
3.590332:4.5:-16.40918	5.897461:7.040039:-16.76953	3.489258:5.080078:-20.19287	4.394531:10.19971:-15.28857	-0.5051947:14.82527:-38.19089	Grasped	Default	
5.084473:4.737305:-16.69922	7.268555:7.40918:-17.15186	4.618652:5.475586:-20.41699	5.67334:10.4502:-15.42041	-0.4954783:14.81415:-38.16229	Grasped	Default	
5.084473:4.737305:-16.69922	7.268555:7.40918:-17.15186	4.618652:5.475586:-20.41699	5.67334:10.4502:-15.42041	-0.4787031:14.80304:-38.13596	Grasped	Default	
5.084473:4.737305:-16.69922	7.268555:7.40918:-17.15186	4.618652:5.475586:-20.41699	5.67334:10.4502:-15.42041	-0.5411348:14.86039:-38.2589	Grasped	Default	
6.42041:4.706543:-17.08154	8.406738:7.558594:-17.47266	5.633789:5.730469:-20.67188	6.648926:10.43262:-15.44678	-0.5010079:14.82238:-38.18181	Grasped	Default	
6.42041:4.706543:-17.08154	8.406738:7.558594:-17.47266	5.633789:5.730469:-20.67188	6.648926:10.43262:-15.44678	-0.5407935:14.85946:-38.25784	Grasped	Default	
6.42041:4.706543:-17.08154	8.406738:7.558594:-17.47266	5.633789:5.730469:-20.67188	6.648926:10.43262:-15.44678	-0.5231348:14.84378:-38.22495	Grasped	Bottle	
7.760742:4.640625:-17.54736	9.496582:7.580566:-17.89014	6.644531:5.937012:-20.96631	7.664063:10.35352:-15.55664	-0.539763:14.85902:-38.25666	Grasped	Bottle	
7.760742:4.640625:-17.54736	9.496582:7.580566:-17.89014	6.644531:5.937012:-20.96631	7.664063:10.35352:-15.55664	-0.5411866:14.85854:-38.25648	Grasped	Bottle	
7.760742:4.640625:-17.54736	9.496582:7.580566:-17.89014	6.644531:5.937012:-20.96631	7.664063:10.35352:-15.55664	-0.5387403:14.85997:-38.25436	Grasped	Bottle	
7.760742:4.640625:-17.54736	9.496582:7.580566:-17.89014	6.644531:5.937012:-20.96631	7.664063:10.35352:-15.55664	-0.5383531:14.85928:-38.25495	Grasped	Bottle	
8.846191:4.583496:-18.02197	10.44141:7.624512:-18.33838	7.505859:6.108398:-21.22559	8.644043:10.27441:-15.69727	-0.5393877:14.85962:-38.25282	Grasped	Bottle	
8.846191:4.583496:-18.02197	10.44141:7.624512:-18.33838	7.505859:6.108398:-21.22559	8.644043:10.27441:-15.69727	-0.5192982:14.83589:-38.20559	Grasped	Default	
8.846191:4.583496:-18.02197	10.44141:7.624512:-18.33838	7.505859:6.108398:-21.22559	8.644043:10.27441:-15.69727	-0.3064297:14.62465:-37.73232	Grasped	Hand	
9.84375:4.447266:-18.43066	11.20605:7.558594:-18.646	8.257324:6.262207:-21.42334	9.479004:10.11621:-15.73682	-0.5310037:14.85807:-38.25093	Grasped	Hand	
9.84375:4.447266:-18.43066	11.20605:7.558594:-18.646	8.257324:6.262207:-21.42334	9.479004:10.11621:-15.73682	-0.4535157:14.78799:-38.09623	Grasped	Hand	
9.84375:4.447266:-18.43066	11.20605:7.558594:-18.646	8.257324:6.262207:-21.42334	9.479004:10.11621:-15.73682	-0.4316328:14.76354:-38.03592	Grasped	Hand	
9.84375:4.447266:-18.43066	11.20605:7.558594:-18.646	8.257324:6.262207:-21.42334	9.479004:10.11621:-15.73682	-0.5026196:14.83023:-38.18855	Grasped	Hand	
10.59082:4.420898:-18.81738	11.79053:7.628906:-18.89209	8.868164:6.411621:-21.55078	10.15137:9.949219:-15.68848	-0.2203186:14.5893:-37.64651	Grasped	Default	
10.59082:4.420898:-18.81738	11.79053:7.628906:-18.89209	8.868164:6.411621:-21.55078	10.15137:9.949219:-15.68848	-0.4615571:14.79894:-38.11071	Grasped	Default	
10.59082:4.420898:-18.81738	11.79053:7.628906:-18.89209	8.868164:6.411621:-21.55078	10.15137:9.949219:-15.68848	-0.5236313:14.8596:-38.24439	Grasped	Hand	
11.1665:4.35498:-19.09863	12.2124:7.64209:-18.92285	9.347168:6.556641:-21.58594	10.59521:9.681152:-15.48193	-0.5238736:14.86051:-38.24231	Grasped	Default	
11.1665:4.35498:-19.09863	12.2124:7.64209:-18.92285	9.347168:6.556641:-21.58594	10.59521:9.681152:-15.48193	-0.5024026:14.84067:-38.19753	Grasped	Default	
11.1665:4.35498:-19.09863	12.2124:7.64209:-18.92285	9.347168:6.556641:-21.58594	10.59521:9.681152:-15.48193	-0.5185196:14.85634:-38.231	Grasped	Default	
11.49609:4.341797:-19.26563	12.22119:7.77832:-18.81738	9.645996:6.692871:-21.51563	10.75342:9.404297:-15.17432	-0.5104873:14.84951:-38.21469	Grasped	Default	
11.49609:4.341797:-19.26563	12.22119:7.77832:-18.81738	9.645996:6.692871:-21.51563	10.75342:9.404297:-15.17432	-0.5210658:14.86076:-38.23783	Grasped	Default	
11.49609:4.341797:-19.26563	12.22119:7.77832:-18.81738	9.645996:6.692871:-21.51563	10.75342:9.404297:-15.17432	-0.5209863:14.86084:-38.23804	Grasped	Default	
11.49609:4.341797:-19.26563	12.22119:7.77832:-18.81738	9.645996:6.692871:-21.51563	10.75342:9.404297:-15.17432	-0.5190144:14.8608:-38.2363	Grasped	Default	
11.6543:4.412109:-19.2832	12.05859:7.954102:-18.52734	9.786621:6.807129:-21.37939	10.66992:9.114258:-14.81396	-0.5191028:14.86069:-38.23634	Grasped	Default	
11.6543:4.412109:-19.2832	12.05859:7.954102:-18.52734	9.786621:6.807129:-21.37939	10.66992:9.114258:-14.81396	-0.4130166:14.77502:-38.03436	Grasped	Default	
11.6543:4.412109:-19.2832	12.05859:7.954102:-18.52734	9.786621:6.807129:-21.37939	10.66992:9.114258:-14.81396	-0.5020283:14.84331:-38.19578	Grasped	Default	
11.62354:4.504395:-19.15137	11.74658:8.077148:-18.03955	9.764648:6.89502:-21.15527	10.37549:8.753906:-14.3877	-0.5197791:14.85939:-38.23327	Grasped	Default	
11.62354:4.504395:-19.15137	11.74658:8.077148:-18.03955	9.764648:6.89502:-21.15527	10.37549:8.753906:-14.3877	-0.5032686:14.8458:-38.19913	Grasped	Default	
11.62354:4.504395:-19.15137	11.74658:8.077148:-18.03955	9.764648:6.89502:-21.15527	10.37549:8.753906:-14.3877	-0.492579:14.83554:-38.17606	Grasped	Default	
11.43896:4.583496:-18.97119	11.37744:8.160645:-17.49023	9.645996:6.938965:-20.90918	10.10303:8.336426:-13.96143	-0.520908:14.8596:-38.22897	Grasped	Default	
11.43896:4.583496:-18.97119	11.37744:8.160645:-17.49023	9.645996:6.938965:-20.90918	10.10303:8.336426:-13.96143	-0.5175862:14.85945:-38.22921	Grasped	Default	
11.43896:4.583496:-18.97119	11.37744:8.160645:-17.49023	9.645996:6.938965:-20.90918	10.10303:8.336426:-13.96143	-0.5167321:14.85968:-38.22799	Grasped	Default	
11.37744:4.592285:-18.83496	11.0874:8.187012:-17.00244	9.496582:6.969727:-20.66748	9.905273:7.817871:-13.55713	-0.5153774:14.86:-38.22731	Grasped	Default	
11.37744:4.592285:-18.83496	11.0874:8.187012:-17.00244	9.496582:6.969727:-20.66748	9.905273:7.817871:-13.55713	-0.5151222:14.86026:-38.22721	Grasped	Default	
11.37744:4.592285:-18.83496	11.0874:8.187012:-17.00244	9.496582:6.969727:-20.66748	9.905273:7.817871:-13.55713	-0.5139198:14.86063:-38.22614	Grasped	Default	
11.37744:4.592285:-18.83496	11.0874:8.187012:-17.00244	9.496582:6.969727:-20.66748	9.905273:7.817871:-13.55713	-0.4423937:14.79697:-38.08928	Grasped	Default	
11.37744:4.662598:-18.61523	10.90723:8.195801:-16.58936	9.364746:7.004883:-20.45215	9.742676:7.382813:-13.24072	-0.5099604:14.86094:-38.22532	Grasped	Hand	
11.37744:4.662598:-18.61523	10.90723:8.195801:-16.58936	9.364746:7.004883:-20.45215	9.742676:7.382813:-13.24072	-0.4519267:14.80433:-38.09464	Grasped	Default	
11.37744:4.662598:-18.61523	10.90723:8.195801:-16.58936	9.364746:7.004883:-20.45215	9.742676:7.382813:-13.24072	-0.4352721:14.7953:-38.06521	Grasped	Default	
11.31152:4.833984:-18.36475	10.8457:8.169434:-16.27295	9.290039:7.062012:-20.28516	9.571289:7.224609:-13.00342	-0.5023719:14.85088:-38.2016	Grasped	Default	
11.31152:4.833984:-18.36475	10.8457:8.169434:-16.27295	9.290039:7.062012:-20.28516	9.571289:7.224609:-13.00342	-0.3264258:14.70393:-37.8517	Grasped	Default	
11.31152:4.833984:-18.36475	10.8457:8.169434:-16.27295	9.290039:7.062012:-20.28516	9.571289:7.224609:-13.00342	-0.4774853:14.83187:-38.15665	Grasped	Hand	
11.30713:5.049316:-18.20215	10.62158:8.138672:-15.92139	9.14502:7.141113:-20.10059	9.470215:6.820313:-12.81006	-0.4329356:14.79398:-38.07152	Grasped	Hand	
11.30713:5.049316:-18.20215	10.62158:8.138672:-15.92139	9.14502:7.141113:-20.10059	9.470215:6.820313:-12.81006	-0.4943338:14.84569:-38.19046	Grasped	Hand	
11.30713:5.049316:-18.20215	10.62158:8.138672:-15.92139	9.14502:7.141113:-20.10059	9.470215:6.820313:-12.81006	-0.5077486:14.85909:-38.22153	Grasped	Hand	
11.44775:5.39209:-18.11865	10.32715:7.993652:-15.55225	9.008789:7.185059:-19.96436	9.474609:5.945801:-12.69141	-0.4677607:14.8252:-38.13801	Grasped	Hand	
11.44775:5.39209:-18.11865	10.32715:7.993652:-15.55225	9.008789:7.185059:-19.96436	9.474609:5.945801:-12.69141	-0.5074283:14.85899:-38.22198	Grasped	Hand	
11.44775:5.39209:-18.11865	10.32715:7.993652:-15.55225	9.008789:7.185059:-19.96436	9.474609:5.945801:-12.69141	-0.5073922:14.85898:-38.22231	Grasped	Hand	
11.50488:5.840332:-17.95166	10.01953:7.751953:-15.24023	8.868164:7.193848:-19.87207	9.500977:4.91748:-12.70898	-0.49407:14.84796:-38.196	Grasped	Hand	
11.50488:5.840332:-17.95166	10.01953:7.751953:-15.24023	8.868164:7.193848:-19.87207	9.500977:4.91748:-12.70898	-0.5086556:14.85909:-38.22279	Grasped	Hand	
11.50488:5.840332:-17.95166	10.01953:7.751953:-15.24023	8.868164:7.193848:-19.87207	9.500977:4.91748:-12.70898	-0.5061975:14.8592:-38.22309	Grasped	Hand	
11.50488:5.840332:-17.95166	10.01953:7.751953:-15.24023	8.868164:7.193848:-19.87207	9.500977:4.91748:-12.70898	-0.5086133:14.85928:-38.22357	Grasped	Hand	
11.44775:6.082031:-17.81104	9.839355:7.580566:-15.0249	8.758301:7.21582:-19.79736	9.386719:4.333008:-12.80127	-0.4988055:14.85196:-38.20632	Grasped	Hand	
11.44775:6.082031:-17.81104	9.839355:7.580566:-15.0249	8.758301:7.21582:-19.79736	9.386719:4.333008:-12.80127	-0.4849077:14.83979:-38.17776	Grasped	Hand	
11.44775:6.082031:-17.81104	9.839355:7.580566:-15.0249	8.758301:7.21582:-19.79736	9.386719:4.333008:-12.80127	-0.4947102:14.84833:-38.19802	Grasped	Hand	
11.44775:6.191895:-17.70557	9.685547:7.633301:-14.89307	8.657227:7.26416:-19.72266	9.303223:4.271484:-12.76611	-0.5081177:14.85924:-38.22496	Grasped	Hand	
11.44775:6.191895:-17.70557	9.685547:7.633301:-14.89307	8.657227:7.26416:-19.72266	9.303223:4.271484:-12.76611	-0.5080146:14.85927:-38.22499	Grasped	Hand	
11.44775:6.191895:-17.70557	9.685547:7.633301:-14.89307	8.657227:7.26416:-19.72266	9.303223:4.271484:-12.76611	-0.4208215:14.78363:-38.04401	Grasped	Hand	
11.44775:6.191895:-17.70557	9.685547:7.633301:-14.89307	8.657227:7.26416:-19.72266	9.303223:4.271484:-12.76611	-0.4484369:14.80625:-38.09895	Grasped	Hand	
11.40381:6.314941:-17.61768	9.571289:7.721191:-14.82715	8.569336:7.325684:-19.64795	9.259277:4.385742:-12.67383	-0.4358827:14.79529:-38.07307	Grasped	Hand	
11.40381:6.314941:-17.61768	9.571289:7.721191:-14.82715	8.569336:7.325684:-19.64795	9.259277:4.385742:-12.67383	-0.417861:14.7802:-38.03792	Grasped	Hand	
11.40381:6.314941:-17.61768	9.571289:7.721191:-14.82715	8.569336:7.325684:-19.64795	9.259277:4.385742:-12.67383	-0.4587097:14.81581:-38.1228	Grasped	Hand	
11.35547:6.51709:-17.51221	9.505371:7.835449:-14.71729	8.472656:7.435547:-19.58203	9.188965:4.495605:-12.60791	-0.4598025:14.81495:-38.1202	Grasped	Hand	
11.35547:6.51709:-17.51221	9.505371:7.835449:-14.71729	8.472656:7.435547:-19.58203	9.188965:4.495605:-12.60791	-0.5070403:14.85756:-38.22218	Grasped	Hand	
11.35547:6.51709:-17.51221	9.505371:7.835449:-14.71729	8.472656:7.435547:-19.58203	9.188965:4.495605:-12.60791	-0.4722261:14.82762:-38.15079	Grasped	Hand	
11.3291:6.670898:-17.43311	9.41748:7.945313:-14.63818	8.397949:7.549805:-19.53369	9.118652:4.623047:-12.56836	-0.4610924:14.81737:-38.12563	Grasped	Hand	
11.3291:6.670898:-17.43311	9.41748:7.945313:-14.63818	8.397949:7.549805:-19.53369	9.118652:4.623047:-12.56836	-0.4642915:14.82033:-38.13128	Grasped	Hand	
11.3291:6.670898:-17.43311	9.41748:7.945313:-14.63818	8.397949:7.549805:-19.53369	9.118652:4.623047:-12.56836	-0.4730363:14.82824:-38.15038	Grasped	Hand	
11.32031:6.837891:-17.3584	9.373535:8.068359:-14.61182	8.332031:7.672852:-19.49854	9.074707:4.803223:-12.52002	-0.5028918:14.85392:-38.21859	Grasped	Default	
11.32031:6.837891:-17.3584	9.373535:8.068359:-14.61182	8.332031:7.672852:-19.49854	9.074707:4.803223:-12.52002	-0.4671484:14.82041:-38.14135	Grasped	Default	
11.32031:6.837891:-17.3584	9.373535:8.068359:-14.61182	8.332031:7.672852:-19.49854	9.074707:4.803223:-12.52002	-0.4630018:14.81712:-38.12884	Grasped	Default	
11.32031:6.837891:-17.3584	9.373535:8.068359:-14.61182	8.332031:7.672852:-19.49854	9.074707:4.803223:-12.52002	-0.5148321:14.86002:-38.23059	Grasped	Default	
11.34668:7.053223:-17.29248	9.338379:8.367188:-14.5415	8.25293:7.883789:-19.43262	9.043945:5.163574:-12.40576	-0.514399:14.85973:-38.23085	Grasped	Default	
11.34668:7.053223:-17.29248	9.338379:8.367188:-14.5415	8.25293:7.883789:-19.43262	9.043945:5.163574:-12.40576	-0.5139281:14.86028:-38.23116	Grasped	Default	
11.34668:7.053223:-17.29248	9.338379:8.367188:-14.5415	8.25293:7.883789:-19.43262	9.043945:5.163574:-12.40576	-0.5144276:14.86028:-38.23119	Grasped	Default	
11.39063:7.229004:-17.26172	9.369141:8.731934:-14.52393	8.173828:8.081543:-19.35352	9.035156:5.625:-12.23438	-0.515528:14.86049:-38.23149	Grasped	Default	
11.39063:7.229004:-17.26172	9.369141:8.731934:-14.52393	8.173828:8.081543:-19.35352	9.035156:5.625:-12.23438	-0.5158277:14.86038:-38.23148	Grasped	Default	
11.39063:7.229004:-17.26172	9.369141:8.731934:-14.52393	8.173828:8.081543:-19.35352	9.035156:5.625:-12.23438	-0.5163276:14.86032:-38.2319	Grasped	Default	
11.34229:7.435547:-17.2002	9.413086:8.986816:-14.44922	8.099121:8.213379:-19.27002	9.114258:5.893066:-12.09814	-0.5166546:14.86026:-38.2322	Grasped	Default	
11.34229:7.435547:-17.2002	9.413086:8.986816:-14.44922	8.099121:8.213379:-19.27002	9.114258:5.893066:-12.09814	-0.5171903:14.85985:-38.23224	Grasped	Default	
11.34229:7.435547:-17.2002	9.413086:8.986816:-14.44922	8.099121:8.213379:-19.27002	9.114258:5.893066:-12.09814	-0.5175999:14.85982:-38.23262	Grasped	Default	
11.32471:7.562988:-17.14746	9.347168:8.986816:-14.32178	8.063965:8.25293:-19.23486	9.158203:5.752441:-12.10693	-0.5184033:14.85984:-38.23267	Grasped	Default	
11.32471:7.562988:-17.14746	9.347168:8.986816:-14.32178	8.063965:8.25293:-19.23486	9.158203:5.752441:-12.10693	-0.5184279:14.86003:-38.2327	Grasped	Default	
11.32471:7.562988:-17.14746	9.347168:8.986816:-14.32178	8.063965:8.25293:-19.23486	9.158203:5.752441:-12.10693	-0.5187045:14.85987:-38.23312	Grasped	Default	
11.32471:7.562988:-17.14746	9.347168:8.986816:-14.32178	8.063965:8.25293:-19.23486	9.158203:5.752441:-12.10693	-0.51801:14.86007:-38.23322	Grasped	Default	
11.30273:7.773926:-17.07715	9.246094:8.890137:-14.23828	8.02002:8.244141:-19.2085	9.123047:5.519531:-12.15088	-0.5188394:14.86009:-38.23339	Grasped	Default	
11.30273:7.773926:-17.07715	9.246094:8.890137:-14.23828	8.02002:8.244141:-19.2085	9.123047:5.519531:-12.15088	-0.5186338:14.86002:-38.23346	Grasped	Default	
11.30273:7.773926:-17.07715	9.246094:8.890137:-14.23828	8.02002:8.244141:-19.2085	9.123047:5.519531:-12.15088	-0.5182602:14.85986:-38.2337	Grasped	Default	
11.25879:7.817871:-17.02881	9.162598:8.828613:-14.21191	7.998047:8.178223:-19.19971	9.079102:5.378906:-12.16846	-0.5183657:14.8595:-38.23384	Grasped	Default	
11.25879:7.817871:-17.02881	9.162598:8.828613:-14.21191	7.998047:8.178223:-19.19971	9.079102:5.378906:-12.16846	-0.5186576:14.85938:-38.23378	Grasped	Default	
11.25879:7.817871:-17.02881	9.162598:8.828613:-14.21191	7.998047:8.178223:-19.19971	9.079102:5.378906:-12.16846	-0.5190491:14.85964:-38.23351	Grasped	Default	
11.25439:7.927734:-16.93652	9.153809:8.806641:-14.17236	7.993652:8.138672:-19.17773	9.083496:5.277832:-12.16846	-0.5193909:14.85963:-38.23349	Grasped	Default	
11.25439:7.927734:-16.93652	9.153809:8.806641:-14.17236	7.993652:8.138672:-19.17773	9.083496:5.277832:-12.16846	-0.5189869:14.85954:-38.23354	Grasped	Default	
11.25439:7.927734:-16.93652	9.153809:8.806641:-14.17236	7.993652:8.138672:-19.17773	9.083496:5.277832:-12.16846	-0.5191908:14.85959:-38.23334	Grasped	Default	
11.22803:8.063965:-16.875	9.158203:8.806641:-14.11523	7.993652:8.112305:-19.14697	9.127441:5.225098:-12.14209	-0.5190033:14.8597:-38.23328	Grasped	Default	
11.22803:8.063965:-16.875	9.158203:8.806641:-14.11523	7.993652:8.112305:-19.14697	9.127441:5.225098:-12.14209	-0.4891479:14.83519:-38.17517	Grasped	Default	
11.22803:8.063965:-16.875	9.158203:8.806641:-14.11523	7.993652:8.112305:-19.14697	9.127441:5.225098:-12.14209	-0.5117303:14.85377:-38.21883	Grasped	Default	
11.22803:8.063965:-16.875	9.158203:8.806641:-14.11523	7.993652:8.112305:-19.14697	9.127441:5.225098:-12.14209	-0.519567:14.85995:-38.23328	Grasped	Default	
11.26318:8.187012:-16.80029	9.206543:8.86377:-14.02734	8.006836:8.125488:-19.07227	9.202148:5.242676:-12.0542	-0.5186127:14.85881:-38.23056	Grasped	Default	
11.26318:8.187012:-16.80029	9.206543:8.86377:-14.02734	8.006836:8.125488:-19.07227	9.202148:5.242676:-12.0542	-0.5104614:14.85248:-38.21446	Grasped	Default	
11.26318:8.187012:-16.80029	9.206543:8.86377:-14.02734	8.006836:8.125488:-19.07227	9.202148:5.242676:-12.0542	-0.5193106:14.86018:-38.23226	Grasped	Default	
11.42578:8.393555:-16.58057	9.320801:8.978027:-13.86475	8.046387:8.147461:-18.93164	9.320801:5.260254:-11.93115	-0.5194995:14.8603:-38.23276	Grasped	Default	
11.42578:8.393555:-16.58057	9.320801:8.978027:-13.86475	8.046387:8.147461:-18.93164	9.320801:5.260254:-11.93115	-0.5191675:14.86057:-38.23238	Grasped	Default	
11.42578:8.393555:-16.58057	9.320801:8.978027:-13.86475	8.046387:8.147461:-18.93164	9.320801:5.260254:-11.93115	-0.4991006:14.84398:-38.19357	Grasped	Default	
11.50488:8.481445:-16.4707	9.435059:9.008789:-13.72412	8.081543:8.134277:-18.8042	9.41748:5.24707:-11.80811	-0.4824311:14.83077:-38.16203	Grasped	Default	
11.50488:8.481445:-16.4707	9.435059:9.008789:-13.72412	8.081543:8.134277:-18.8042	9.41748:5.24707:-11.80811	-0.4591599:14.81138:-38.11709	Grasped	Default	
11.50488:8.481445:-16.4707	9.435059:9.008789:-13.72412	8.081543:8.134277:-18.8042	9.41748:5.24707:-11.80811	-0.4861794:14.83382:-38.1708	Grasped	Default	
11.50488:8.481445:-16.4707	9.435059:9.008789:-13.72412	8.081543:8.134277:-18.8042	9.41748:5.24707:-11.80811	-0.4703551:14.82096:-38.14195	Grasped	Default	
11.58838:8.525391:-16.29053	9.51416:8.95166:-13.57031	8.10791:8.072754:-18.67236	9.500977:5.15918:-11.68066	-0.5013092:14.84728:-38.20387	Grasped	Default	
11.58838:8.525391:-16.29053	9.51416:8.95166:-13.57031	8.10791:8.072754:-18.67236	9.500977:5.15918:-11.68066	-0.515728:14.85934:-38.23212	Grasped	Default	
11.58838:8.525391:-16.29053	9.51416:8.95166:-13.57031	8.10791:8.072754:-18.67236	9.500977:5.15918:-11.68066	-0.4132943:14.76748:-38.01804	Grasped	Default	
11.67188:8.520996:-16.10156	9.566895:8.868164:-13.42529	8.129883:7.993652:-18.53613	9.5625:5.01416:-11.56641	-0.4267552:14.77692:-38.04406	Grasped	Default	
11.67188:8.520996:-16.10156	9.566895:8.868164:-13.42529	8.129883:7.993652:-18.53613	9.5625:5.01416:-11.56641	-0.4332479:14.78135:-38.05336	Grasped	Default	
11.67188:8.520996:-16.10156	9.566895:8.868164:-13.42529	8.129883:7.993652:-18.53613	9.5625:5.01416:-11.56641	-0.4341184:14.78164:-38.05639	Grasped	Default	
11.67188:8.520996:-16.10156	9.566895:8.868164:-13.42529	8.129883:7.993652:-18.53613	9.5625:5.01416:-11.56641	-0.4245039:14.77272:-38.03633	Grasped	Default	
11.75098:8.53418:-15.92578	9.580078:8.789063:-13.29785	8.143066:7.940918:-18.41309	9.632813:4.895508:-11.46533	-0.4307222:14.77734:-38.04869	Grasped	Default	
11.75098:8.53418:-15.92578	9.580078:8.789063:-13.29785	8.143066:7.940918:-18.41309	9.632813:4.895508:-11.46533	-0.420792:14.76769:-38.02675	Grasped	Default	
