ThumbPosition	IndexPosition	PalmPosition	ObjectPosition	GazePosition	Annotations	GazeAnnotations	
0.01757813:4.051758:-26.72754	3.612305:1.35791:-25.60254	0.8701172:2.34668:-30.11572	1.164551:7.980469:-11.44775	-0.5608276:14.90582:-38.22563	Start	Default	
0.1318359:4.205566:-26.65283	3.757324:1.50293:-25.6333	0.9580078:2.333496:-30.17725	1.164551:7.980469:-11.44775	-0.5590792:14.90452:-38.2552	Start	Default	
0.1318359:4.205566:-26.65283	3.757324:1.50293:-25.6333	0.9580078:2.333496:-30.17725	1.164551:7.980469:-11.44775	-0.5557402:14.90535:-38.2263	Start	Default	
0.1318359:4.205566:-26.65283	3.757324:1.50293:-25.6333	0.9580078:2.333496:-30.17725	1.164551:7.980469:-11.44775	-0.5547838:14.90625:-38.20682	Start	Default	
0.206543:4.341797:-26.5957	3.845215:1.709473:-25.62891	1.010742:2.342285:-30.19922	1.168945:7.980469:-11.45215	-0.5546587:14.90774:-38.17811	Start	Default	
0.206543:4.341797:-26.5957	3.845215:1.709473:-25.62891	1.010742:2.342285:-30.19922	1.168945:7.980469:-11.45215	-0.5507538:14.90963:-38.13352	Start	Default	
0.206543:4.341797:-26.5957	3.845215:1.709473:-25.62891	1.010742:2.342285:-30.19922	1.168945:7.980469:-11.45215	-0.5512446:14.90999:-38.1439	Start	Default	
0.206543:4.341797:-26.5957	3.845215:1.709473:-25.62891	1.010742:2.342285:-30.19922	1.168945:7.980469:-11.45215	-0.5424843:14.91372:-38.04155	Start	Default	
0.3339844:4.486816:-26.47266	3.867188:1.876465:-25.61133	1.023926:2.34668:-30.19922	1.164551:7.980469:-11.44775	-0.5505164:14.91457:-38.0756	Start	Default	
0.3339844:4.486816:-26.47266	3.867188:1.876465:-25.61133	1.023926:2.34668:-30.19922	1.164551:7.980469:-11.44775	-0.5481284:14.91879:-37.99022	Start	Default	
0.3339844:4.486816:-26.47266	3.867188:1.876465:-25.61133	1.023926:2.34668:-30.19922	1.164551:7.980469:-11.44775	-0.5468338:14.92037:-37.98836	Start	Default	
0.4306641:4.592285:-26.37598	3.845215:2.030273:-25.57178	1.02832:2.34668:-30.19922	1.155762:7.980469:-11.44336	-0.5490124:14.91428:-38.08988	Start	Default	
0.4306641:4.592285:-26.37598	3.845215:2.030273:-25.57178	1.02832:2.34668:-30.19922	1.155762:7.980469:-11.44336	-0.5546235:14.90935:-38.18358	Start	Default	
0.4306641:4.592285:-26.37598	3.845215:2.030273:-25.57178	1.02832:2.34668:-30.19922	1.155762:7.980469:-11.44336	-0.5519803:14.91111:-38.15522	Start	Default	
0.4306641:4.592285:-26.37598	3.845215:2.030273:-25.57178	1.02832:2.34668:-30.19922	1.155762:7.980469:-11.44336	-0.555917:14.91056:-38.1723	Start	Default	
0.4086914:4.724121:-26.28809	3.88916:2.329102:-25.48828	1.02832:2.337891:-30.20361	1.160156:7.980469:-11.44775	-0.5638489:14.91115:-38.17726	Start	Default	
0.4086914:4.724121:-26.28809	3.88916:2.329102:-25.48828	1.02832:2.337891:-30.20361	1.160156:7.980469:-11.44775	-0.5667645:14.91274:-38.16628	Start	Default	
0.4086914:4.724121:-26.28809	3.88916:2.329102:-25.48828	1.02832:2.337891:-30.20361	1.160156:7.980469:-11.44775	-0.5601352:14.91432:-38.11439	Start	Default	
0.4350586:4.970215:-26.05957	3.977051:2.566406:-25.42676	1.032715:2.324707:-30.22559	1.160156:7.980469:-11.44775	-0.5533813:14.91401:-38.11556	Start	Default	
0.4350586:4.970215:-26.05957	3.977051:2.566406:-25.42676	1.032715:2.324707:-30.22559	1.160156:7.980469:-11.44775	-0.5582076:14.90929:-38.20192	Start	Default	
0.4350586:4.970215:-26.05957	3.977051:2.566406:-25.42676	1.032715:2.324707:-30.22559	1.160156:7.980469:-11.44775	-0.5542472:14.90901:-38.20744	Start	Default	
0.4350586:4.970215:-26.05957	3.977051:2.566406:-25.42676	1.032715:2.324707:-30.22559	1.160156:7.980469:-11.44775	-0.5575858:14.90598:-38.27645	Start	Default	
0.496582:5.145996:-25.72559	3.990234:2.816895:-25.41357	1.037109:2.320313:-30.23438	1.160156:7.980469:-11.44775	-0.5559197:14.90581:-38.27652	Start	Default	
0.496582:5.145996:-25.72559	3.990234:2.816895:-25.41357	1.037109:2.320313:-30.23438	1.160156:7.980469:-11.44775	-0.55515:14.90603:-38.27643	Start	Default	
0.496582:5.145996:-25.72559	3.990234:2.816895:-25.41357	1.037109:2.320313:-30.23438	1.160156:7.980469:-11.44775	-0.5556496:14.90581:-38.27631	Start	Default	
0.4921875:5.339355:-25.48828	4.07373:3.005859:-25.34326	1.037109:2.425781:-30.22559	1.160156:7.980469:-11.44775	-0.5579492:14.90612:-38.27621	Start	Default	
0.4921875:5.339355:-25.48828	4.07373:3.005859:-25.34326	1.037109:2.425781:-30.22559	1.160156:7.980469:-11.44775	-0.5674571:14.90628:-38.27601	Start	Default	
0.4921875:5.339355:-25.48828	4.07373:3.005859:-25.34326	1.037109:2.425781:-30.22559	1.160156:7.980469:-11.44775	-0.5760486:14.90688:-38.27556	Start	Default	
0.4921875:5.339355:-25.48828	4.07373:3.005859:-25.34326	1.037109:2.425781:-30.22559	1.160156:7.980469:-11.44775	-0.5807474:14.90711:-38.27548	Start	Default	
0.347168:4.750488:-25.17188	3.915527:3.537598:-24.96533	1.072266:2.808105:-29.95752	1.160156:7.980469:-11.44775	-0.5821207:14.90714:-38.27505	Start	Default	
0.347168:4.750488:-25.17188	3.915527:3.537598:-24.96533	1.072266:2.808105:-29.95752	1.160156:7.980469:-11.44775	-0.5846422:14.90652:-38.27503	Start	Default	
0.347168:4.750488:-25.17188	3.915527:3.537598:-24.96533	1.072266:2.808105:-29.95752	1.160156:7.980469:-11.44775	-0.582916:14.90642:-38.27453	Start	Default	
0.347168:4.750488:-25.17188	3.915527:3.537598:-24.96533	1.072266:2.808105:-29.95752	1.160156:7.980469:-11.44775	-0.5753706:14.90633:-38.27446	Start	Default	
0.02636719:3.832031:-24.75439	3.506836:3.919922:-24.1084	1.204102:3.678223:-29.35547	1.164551:7.980469:-11.44775	-0.5413381:14.90004:-38.26058	Start	Default	
0.02636719:3.832031:-24.75439	3.506836:3.919922:-24.1084	1.204102:3.678223:-29.35547	1.164551:7.980469:-11.44775	-0.4789382:14.85872:-37.68407	Start	Default	
0.02636719:3.832031:-24.75439	3.506836:3.919922:-24.1084	1.204102:3.678223:-29.35547	1.164551:7.980469:-11.44775	-0.4794426:14.85252:-37.13928	Start	Default	
-0.347168:4.078125:-24.04688	3.067383:4.693359:-22.97021	1.362305:4.776855:-28.43701	1.168945:7.980469:-11.45215	-0.5095835:14.86023:-37.11438	Start	Default	
-0.347168:4.078125:-24.04688	3.067383:4.693359:-22.97021	1.362305:4.776855:-28.43701	1.168945:7.980469:-11.45215	-0.5377294:14.87196:-37.38955	Start	Default	
-0.347168:4.078125:-24.04688	3.067383:4.693359:-22.97021	1.362305:4.776855:-28.43701	1.168945:7.980469:-11.45215	-0.5398494:14.8732:-37.49004	Start	Default	
-0.7822266:4.728516:-23.02734	2.610352:5.44043:-21.50244	1.538086:5.682129:-27.1582	1.168945:7.980469:-11.45215	-0.5269648:14.86936:-37.49573	ReachForBottle	Default	
-0.7822266:4.728516:-23.02734	2.610352:5.44043:-21.50244	1.538086:5.682129:-27.1582	1.168945:7.980469:-11.45215	-0.5223292:14.86649:-37.5034	ReachForBottle	Default	
-0.7822266:4.728516:-23.02734	2.610352:5.44043:-21.50244	1.538086:5.682129:-27.1582	1.168945:7.980469:-11.45215	-0.5265005:14.87564:-37.75231	ReachForBottle	Default	
-0.7822266:4.728516:-23.02734	2.610352:5.44043:-21.50244	1.538086:5.682129:-27.1582	1.168945:7.980469:-11.45215	-0.515054:14.87194:-37.74615	ReachForBottle	Default	
-0.9624023:5.348145:-21.55078	2.359863:5.910645:-19.82813	1.595215:6.174316:-25.45313	1.164551:7.980469:-11.44775	-0.5184891:14.8762:-37.83596	ReachForBottle	Default	
-0.9624023:5.348145:-21.55078	2.359863:5.910645:-19.82813	1.595215:6.174316:-25.45313	1.164551:7.980469:-11.44775	-0.5248343:14.87982:-37.90795	ReachForBottle	Default	
-0.9624023:5.348145:-21.55078	2.359863:5.910645:-19.82813	1.595215:6.174316:-25.45313	1.164551:7.980469:-11.44775	-0.534466:14.88199:-37.92189	ReachForBottle	Default	
-0.9624023:5.348145:-21.55078	2.359863:5.910645:-19.82813	1.595215:6.174316:-25.45313	1.164551:7.980469:-11.44775	-0.5453295:14.88523:-37.95596	ReachForBottle	Default	
-1.063477:5.625:-19.88525	2.351074:6.297363:-18.14502	1.50293:6.288574:-23.66895	1.160156:7.980469:-11.44775	-0.545009:14.88284:-37.88497	ReachForBottle	Default	
-1.063477:5.625:-19.88525	2.351074:6.297363:-18.14502	1.50293:6.288574:-23.66895	1.160156:7.980469:-11.44775	-0.5426485:14.88034:-37.78473	ReachForBottle	Default	
-1.063477:5.625:-19.88525	2.351074:6.297363:-18.14502	1.50293:6.288574:-23.66895	1.160156:7.980469:-11.44775	-0.5386779:14.87916:-37.73805	ReachForBottle	Default	
-0.9492188:5.664551:-18.19775	2.658691:6.341309:-16.67725	1.410645:6.147949:-21.98584	1.164551:7.980469:-11.44775	-0.5055217:14.85546:-37.37312	ReachForBottle	Default	
-0.9492188:5.664551:-18.19775	2.658691:6.341309:-16.67725	1.410645:6.147949:-21.98584	1.164551:7.980469:-11.44775	-0.4742755:14.84558:-37.34013	ReachForBottle	Default	
-0.9492188:5.664551:-18.19775	2.658691:6.341309:-16.67725	1.410645:6.147949:-21.98584	1.164551:7.980469:-11.44775	-0.4783892:14.85021:-37.45663	ReachForBottle	Default	
-0.9492188:5.664551:-18.19775	2.658691:6.341309:-16.67725	1.410645:6.147949:-21.98584	1.164551:7.980469:-11.44775	-0.4742947:14.84649:-37.3632	ReachForBottle	Default	
-0.7426758:5.458008:-16.82227	2.887207:5.950195:-15.49512	1.388672:5.840332:-20.56641	1.164551:7.980469:-11.44775	-0.4845056:14.84979:-37.37233	ReachForBottle	Default	
-0.7426758:5.458008:-16.82227	2.887207:5.950195:-15.49512	1.388672:5.840332:-20.56641	1.164551:7.980469:-11.44775	-0.4954105:14.85845:-37.54255	ReachForBottle	Default	
-0.7426758:5.458008:-16.82227	2.887207:5.950195:-15.49512	1.388672:5.840332:-20.56641	1.164551:7.980469:-11.44775	-0.5094691:14.87147:-37.6763	ReachForBottle	Default	
-0.5756836:4.952637:-15.68408	2.970703:5.458008:-14.58545	1.384277:5.39209:-19.48535	1.164551:7.980469:-11.44775	-0.5402437:14.87688:-37.64079	ReachForBottle	Default	
-0.5756836:4.952637:-15.68408	2.970703:5.458008:-14.58545	1.384277:5.39209:-19.48535	1.164551:7.980469:-11.44775	-0.5647462:14.88424:-37.7612	ReachForBottle	Default	
-0.5756836:4.952637:-15.68408	2.970703:5.458008:-14.58545	1.384277:5.39209:-19.48535	1.164551:7.980469:-11.44775	-0.5677282:14.8841:-37.87896	ReachForBottle	Default	
-0.5756836:4.952637:-15.68408	2.970703:5.458008:-14.58545	1.384277:5.39209:-19.48535	1.164551:7.980469:-11.44775	-0.554049:14.88188:-37.94716	ReachForBottle	Default	
-0.5888672:4.535156:-14.90625	2.992676:4.987793:-13.8999	1.318359:4.952637:-18.68994	1.164551:7.980469:-11.44775	-0.5365562:14.86392:-37.76889	ReachForBottle	Default	
-0.5888672:4.535156:-14.90625	2.992676:4.987793:-13.8999	1.318359:4.952637:-18.68994	1.164551:7.980469:-11.44775	-0.538892:14.87031:-37.83696	ReachForBottle	Default	
-0.5888672:4.535156:-14.90625	2.992676:4.987793:-13.8999	1.318359:4.952637:-18.68994	1.164551:7.980469:-11.44775	-0.5330578:14.85843:-37.70685	ReachForBottle	Default	
-0.6679688:4.183594:-14.3877	2.922363:4.680176:-13.43408	1.217285:4.618652:-18.14941	1.164551:7.980469:-11.44775	-0.537264:14.85321:-37.61597	ReachForBottle	Default	
-0.6679688:4.183594:-14.3877	2.922363:4.680176:-13.43408	1.217285:4.618652:-18.14941	1.164551:7.980469:-11.44775	-0.553037:14.85472:-37.59308	ReachForBottle	Default	
-0.6679688:4.183594:-14.3877	2.922363:4.680176:-13.43408	1.217285:4.618652:-18.14941	1.164551:7.980469:-11.44775	-0.5640486:14.85391:-37.59322	ReachForBottle	Default	
-0.6679688:4.183594:-14.3877	2.922363:4.680176:-13.43408	1.217285:4.618652:-18.14941	1.164551:7.980469:-11.44775	-0.5730257:14.85931:-37.64362	ReachForBottle	Default	
-0,7163086,3,919922,-13,97461,	2,790527,4,495605,-13,08252,	1,089844,4,36377,-17,72754,	1,168945,7,980469,-11,45215,	-0,5715699,14,85364,-37,62413,	Start	Default	
-0,7163086,3,919922,-13,97461,	2,790527,4,495605,-13,08252,	1,089844,4,36377,-17,72754,	1,168945,7,980469,-11,45215,	-0,5534957,14,85171,-37,66726,	Start	Default	
-0,7163086,3,919922,-13,97461,	2,790527,4,495605,-13,08252,	1,089844,4,36377,-17,72754,	1,168945,7,980469,-11,45215,	-0,5430186,14,84722,-37,65847,	Start	Default	
-0.6811523:3.669434:-13.60107	2.570801:4.412109:-12.7749	0.9887695:4.205566:-17.38037	1.17334:7.984863:-11.45215	-0.5521324:14.85093:-37.6833	Grasped	Default	
-0.6811523:3.669434:-13.60107	2.570801:4.412109:-12.7749	0.9887695:4.205566:-17.38037	1.17334:7.984863:-11.45215	-0.5700945:14.86226:-37.70939	Grasped	Default	
-0.6811523:3.669434:-13.60107	2.570801:4.412109:-12.7749	0.9887695:4.205566:-17.38037	1.17334:7.984863:-11.45215	-0.5663524:14.85927:-37.6211	Grasped	Default	
-0.6811523:3.669434:-13.60107	2.570801:4.412109:-12.7749	0.9887695:4.205566:-17.38037	1.17334:7.984863:-11.45215	-0.5475196:14.8561:-37.56111	Grasped	Default	
-0.487793:3.546387:-13.22754	2.509277:4.429688:-12.60791	0.9272461:4.135254:-17.06396	1.17334:7.980469:-11.45215	-0.4617877:14.83814:-37.47271	Grasped	Default	
-0.487793:3.546387:-13.22754	2.509277:4.429688:-12.60791	0.9272461:4.135254:-17.06396	1.17334:7.980469:-11.45215	-0.4719412:14.84307:-37.6407	Grasped	Default	
-0.487793:3.546387:-13.22754	2.509277:4.429688:-12.60791	0.9272461:4.135254:-17.06396	1.17334:7.980469:-11.45215	-0.4738766:14.84381:-37.6581	Grasped	Default	
-0.487793:3.546387:-13.22754	2.509277:4.429688:-12.60791	0.9272461:4.135254:-17.06396	1.17334:7.980469:-11.45215	-0.4751591:14.84867:-37.73221	Grasped	Default	
-0.3911133:3.550781:-12.89795	2.509277:4.456055:-12.33545	0.9404297:4.152832:-16.76953	1.164551:7.980469:-11.44775	-0.5572953:14.87034:-37.74325	Grasped	Default	
-0.3911133:3.550781:-12.89795	2.509277:4.456055:-12.33545	0.9404297:4.152832:-16.76953	1.164551:7.980469:-11.44775	-0.4836508:14.85203:-37.77274	Grasped	Default	
-0.3911133:3.550781:-12.89795	2.509277:4.456055:-12.33545	0.9404297:4.152832:-16.76953	1.164551:7.980469:-11.44775	-0.4817588:14.85273:-37.79303	Grasped	Default	
-0.3647461:3.581543:-12.59473	2.500488:4.508789:-12.03223	0.9711914:4.227539:-16.4707	1.160156:7.980469:-11.44775	-0.4854977:14.85511:-37.78892	Grasped	Default	
-0.3647461:3.581543:-12.59473	2.500488:4.508789:-12.03223	0.9711914:4.227539:-16.4707	1.160156:7.980469:-11.44775	-0.5100526:14.86536:-37.83772	Grasped	Default	
-0.3647461:3.581543:-12.59473	2.500488:4.508789:-12.03223	0.9711914:4.227539:-16.4707	1.160156:7.980469:-11.44775	-0.5421559:14.8716:-37.76353	Grasped	Default	
-0.3076172:3.585938:-12.33105	2.447754:4.543945:-11.72461	0.9975586:4.297852:-16.21582	1.160156:7.980469:-11.44775	-0.4038584:14.77245:-37.51668	Grasped	Default	
-0.3076172:3.585938:-12.33105	2.447754:4.543945:-11.72461	0.9975586:4.297852:-16.21582	1.160156:7.980469:-11.44775	-0.3701286:14.7471:-37.62212	Grasped	Default	
-0.3076172:3.585938:-12.33105	2.447754:4.543945:-11.72461	0.9975586:4.297852:-16.21582	1.160156:7.980469:-11.44775	-0.3372239:14.72179:-37.53859	Grasped	Default	
-0.1713867:3.524414:-12.1377	2.359863:4.491211:-11.53564	1.032715:4.333008:-16.03564	1.129395:7.976074:-11.39941	-0.360309:14.74081:-37.64395	Grasped	Default	
-0.1713867:3.524414:-12.1377	2.359863:4.491211:-11.53564	1.032715:4.333008:-16.03564	1.129395:7.976074:-11.39941	-0.3615224:14.74365:-37.64798	Grasped	Default	
-0.1713867:3.524414:-12.1377	2.359863:4.491211:-11.53564	1.032715:4.333008:-16.03564	1.129395:7.976074:-11.39941	-0.4376765:14.75688:-37.6845	Grasped	Default	
-0.1713867:3.524414:-12.1377	2.359863:4.491211:-11.53564	1.032715:4.333008:-16.03564	1.129395:7.976074:-11.39941	-0.4273789:14.75073:-37.6577	Grasped	Default	
-0.1318359:3.533203:-12.09375	2.373047:4.478027:-11.53125	1.045898:4.372559:-15.97852	1.164551:7.97168:-11.38184	-0.4141286:14.72963:-37.58029	Grasped	Default	
-0.1318359:3.533203:-12.09375	2.373047:4.478027:-11.53125	1.045898:4.372559:-15.97852	1.164551:7.97168:-11.38184	-0.4191569:14.7359:-37.60141	Grasped	Default	
-0.1318359:3.533203:-12.09375	2.373047:4.478027:-11.53125	1.045898:4.372559:-15.97852	1.164551:7.97168:-11.38184	-0.4242313:14.73959:-37.61934	Grasped	Default	
-0.1318359:3.533203:-12.09375	2.373047:4.478027:-11.53125	1.045898:4.372559:-15.97852	1.164551:7.97168:-11.38184	-0.4246711:14.73821:-37.61654	Grasped	Default	
-0.04394531:3.678223:-12.19043	2.500488:4.64502:-11.74219	1.138184:4.464844:-16.0752	1.401855:8.094727:-11.67188	-0.4115499:14.72308:-37.54964	Grasped	Default	
-0.04394531:3.678223:-12.19043	2.500488:4.64502:-11.74219	1.138184:4.464844:-16.0752	1.401855:8.094727:-11.67188	-0.4177961:14.72853:-37.57729	Grasped	Default	
-0.04394531:3.678223:-12.19043	2.500488:4.64502:-11.74219	1.138184:4.464844:-16.0752	1.401855:8.094727:-11.67188	-0.4155052:14.72535:-37.56528	Grasped	Default	
0.2329102:4.060547:-12.44971	2.803711:4.948242:-12.09814	1.397461:4.631836:-16.33008	1.867676:8.463867:-12.18164	-0.408352:14.72077:-37.54129	Grasped	Default	
0.2329102:4.060547:-12.44971	2.803711:4.948242:-12.09814	1.397461:4.631836:-16.33008	1.867676:8.463867:-12.18164	-0.3642905:14.7003:-37.42649	Grasped	Default	
0.2329102:4.060547:-12.44971	2.803711:4.948242:-12.09814	1.397461:4.631836:-16.33008	1.867676:8.463867:-12.18164	-0.3019794:14.63713:-37.50723	Grasped	Default	
0.2329102:4.060547:-12.44971	2.803711:4.948242:-12.09814	1.397461:4.631836:-16.33008	1.867676:8.463867:-12.18164	-0.2433101:14.54623:-37.41503	Grasped	CupRight	
0.703125:4.543945:-12.84082	3.265137:5.444824:-12.59033	1.792969:4.952637:-16.72998	2.289551:8.938477:-12.67822	-0.5656241:14.86405:-38.24471	Grasped	Default	
0.703125:4.543945:-12.84082	3.265137:5.444824:-12.59033	1.792969:4.952637:-16.72998	2.289551:8.938477:-12.67822	-0.4875204:14.80085:-38.09657	Grasped	Default	
0.703125:4.543945:-12.84082	3.265137:5.444824:-12.59033	1.792969:4.952637:-16.72998	2.289551:8.938477:-12.67822	-0.548717:14.86146:-38.24694	Grasped	Default	
1.340332:4.957031:-13.27588	3.867188:5.941406:-13.11328	2.333496:5.286621:-17.18262	2.772949:9.395508:-13.13965	-0.5373149:14.85667:-38.24667	Grasped	Default	
1.340332:4.957031:-13.27588	3.867188:5.941406:-13.11328	2.333496:5.286621:-17.18262	2.772949:9.395508:-13.13965	-0.4969693:14.8073:-38.12857	Grasped	Default	
1.340332:4.957031:-13.27588	3.867188:5.941406:-13.11328	2.333496:5.286621:-17.18262	2.772949:9.395508:-13.13965	-0.5487735:14.85962:-38.2449	Grasped	Default	
1.340332:4.957031:-13.27588	3.867188:5.941406:-13.11328	2.333496:5.286621:-17.18262	2.772949:9.395508:-13.13965	-0.4855208:14.80467:-38.11349	Grasped	Default	
2.258789:5.312988:-13.7417	4.798828:6.341309:-13.69336	3.111328:5.585449:-17.68359	3.643066:9.760254:-13.6626	-0.4504277:14.7734:-38.03922	Grasped	Default	
2.258789:5.312988:-13.7417	4.798828:6.341309:-13.69336	3.111328:5.585449:-17.68359	3.643066:9.760254:-13.6626	-0.4492832:14.77419:-38.04038	Grasped	Default	
2.258789:5.312988:-13.7417	4.798828:6.341309:-13.69336	3.111328:5.585449:-17.68359	3.643066:9.760254:-13.6626	-0.3982023:14.73444:-37.9395	Grasped	Default	
3.304688:5.497559:-14.16357	5.835938:6.657715:-14.2251	3.946289:5.849121:-18.11865	4.513184:9.971191:-13.93945	-0.545743:14.85999:-38.24364	Grasped	Default	
3.304688:5.497559:-14.16357	5.835938:6.657715:-14.2251	3.946289:5.849121:-18.11865	4.513184:9.971191:-13.93945	-0.4720607:14.80192:-38.10432	Grasped	Default	
3.304688:5.497559:-14.16357	5.835938:6.657715:-14.2251	3.946289:5.849121:-18.11865	4.513184:9.971191:-13.93945	-0.5212314:14.84217:-38.20324	Grasped	Default	
3.304688:5.497559:-14.16357	5.835938:6.657715:-14.2251	3.946289:5.849121:-18.11865	4.513184:9.971191:-13.93945	-0.5150458:14.83774:-38.19442	Grasped	Default	
4.45166:5.453613:-14.55029	6.837891:6.974121:-14.72607	4.759277:6.095215:-18.4834	5.176758:10.02832:-13.9043	-0.0518176:14.44599:-37.26095	Grasped	Default	
4.45166:5.453613:-14.55029	6.837891:6.974121:-14.72607	4.759277:6.095215:-18.4834	5.176758:10.02832:-13.9043	-0.539201:14.859:-38.24344	Grasped	Default	
4.45166:5.453613:-14.55029	6.837891:6.974121:-14.72607	4.759277:6.095215:-18.4834	5.176758:10.02832:-13.9043	0.2864305:14.17587:-36.58104	Grasped	Default	
5.616211:5.308594:-14.91064	7.791504:7.229004:-15.104	5.52832:6.32373:-18.77344	5.888672:9.883301:-13.7373	-0.08594009:14.4818:-37.31757	Grasped	Default	
5.616211:5.308594:-14.91064	7.791504:7.229004:-15.104	5.52832:6.32373:-18.77344	5.888672:9.883301:-13.7373	0.1758099:14.22957:-36.75935	Grasped	Default	
5.616211:5.308594:-14.91064	7.791504:7.229004:-15.104	5.52832:6.32373:-18.77344	5.888672:9.883301:-13.7373	-0.5100074:14.82886:-38.17041	Grasped	Default	
5.616211:5.308594:-14.91064	7.791504:7.229004:-15.104	5.52832:6.32373:-18.77344	5.888672:9.883301:-13.7373	-0.5474944:14.85867:-38.24118	Grasped	Default	
5.616211:5.308594:-14.91064	7.791504:7.229004:-15.104	5.52832:6.32373:-18.77344	5.888672:9.883301:-13.7373	-0.5432671:14.85892:-38.24037	Grasped	Default	
6.833496:5.185547:-15.28857	8.793457:7.422363:-15.40723	6.310547:6.556641:-18.99316	6.666504:9.694336:-13.5791	-0.5373852:14.85885:-38.24047	Grasped	Default	
6.833496:5.185547:-15.28857	8.793457:7.422363:-15.40723	6.310547:6.556641:-18.99316	6.666504:9.694336:-13.5791	-0.5331848:14.8588:-38.24011	Grasped	Bottle	
6.833496:5.185547:-15.28857	8.793457:7.422363:-15.40723	6.310547:6.556641:-18.99316	6.666504:9.694336:-13.5791	-0.5295061:14.85738:-38.23573	Grasped	Bottle	
