ThumbPosition	IndexPosition	PalmPosition	ObjectPosition	GazePosition	Annotations	GazeAnnotations	
-1.55127:1.458984:-26.77588	-2.06543:4.482422:-25.97607	0.8920898:2.135742:-30.39258	0.9755859:8.046387:-11.91357	-0.5493528:14.89293:-37.61926	Start	Default	
-1.55127:1.458984:-26.77588	-2.06543:4.482422:-25.97607	0.8920898:2.135742:-30.39258	0.9755859:8.046387:-11.91357	-0.5481546:14.89095:-37.62971	Start	Default	
-1.604004:1.296387:-26.85938	-2.047852:4.530762:-25.9541	0.8920898:2.135742:-30.39258	0.9755859:8.041992:-11.91357	-0.5438792:14.89066:-37.59841	Start	Default	
-1.604004:1.296387:-26.85938	-2.047852:4.530762:-25.9541	0.8920898:2.135742:-30.39258	0.9755859:8.041992:-11.91357	-0.5457463:14.8906:-37.60413	Start	Default	
-1.604004:1.296387:-26.85938	-2.047852:4.530762:-25.9541	0.8920898:2.135742:-30.39258	0.9755859:8.041992:-11.91357	-0.5474446:14.89117:-37.6117	Start	Default	
-1.652344:1.199707:-26.89014	-2.039063:4.513184:-25.94092	0.8876953:2.135742:-30.38818	0.9755859:8.041992:-11.91357	-0.5492352:14.88961:-37.6327	Start	Default	
-1.652344:1.199707:-26.89014	-2.039063:4.513184:-25.94092	0.8876953:2.135742:-30.38818	0.9755859:8.041992:-11.91357	-0.5469049:14.88947:-37.62648	Start	Default	
-1.652344:1.199707:-26.89014	-2.039063:4.513184:-25.94092	0.8876953:2.135742:-30.38818	0.9755859:8.041992:-11.91357	-0.5431046:14.89143:-37.60519	Start	Default	
-1.6875:1.142578:-26.95166	-2.052246:4.535156:-25.93213	0.8920898:2.135742:-30.39258	0.9755859:8.041992:-11.91357	-0.5442448:14.88894:-37.63008	Start	Default	
-1.6875:1.142578:-26.95166	-2.052246:4.535156:-25.93213	0.8920898:2.135742:-30.39258	0.9755859:8.041992:-11.91357	-0.5751382:14.89503:-37.66989	Start	Default	
-1.6875:1.142578:-26.95166	-2.052246:4.535156:-25.93213	0.8920898:2.135742:-30.39258	0.9755859:8.041992:-11.91357	-0.5989375:14.90247:-37.67929	Start	Default	
-1.709473:1.226074:-27.03516	-2.021484:4.583496:-25.92773	0.8876953:2.135742:-30.39258	0.9755859:8.041992:-11.91357	-0.6007704:14.90172:-37.69291	Start	Default	
-1.709473:1.226074:-27.03516	-2.021484:4.583496:-25.92773	0.8876953:2.135742:-30.39258	0.9755859:8.041992:-11.91357	-0.5999137:14.89939:-37.7136	Start	Default	
-1.709473:1.226074:-27.03516	-2.021484:4.583496:-25.92773	0.8876953:2.135742:-30.39258	0.9755859:8.041992:-11.91357	-0.5827872:14.89295:-37.71222	Start	Default	
-1.709473:1.226074:-27.03516	-2.021484:4.583496:-25.92773	0.8876953:2.135742:-30.39258	0.9755859:8.041992:-11.91357	-0.5498471:14.87098:-37.71302	Start	Default	
-1.705078:1.243652:-27.05713	-2.008301:4.583496:-25.92334	0.8876953:2.144531:-30.39258	0.9755859:8.041992:-11.91357	-0.5928131:14.85282:-38.03577	Start	Default	
-1.705078:1.243652:-27.05713	-2.008301:4.583496:-25.92334	0.8876953:2.144531:-30.39258	0.9755859:8.041992:-11.91357	-0.5635194:14.82971:-38.04348	Start	Default	
-1.705078:1.243652:-27.05713	-2.008301:4.583496:-25.92334	0.8876953:2.144531:-30.39258	0.9755859:8.041992:-11.91357	-0.5635194:14.82971:-38.04348	Start	Default	
-1.705078:1.243652:-27.05713	-2.008301:4.583496:-25.92334	0.8876953:2.144531:-30.39258	0.9755859:8.041992:-11.91357	-0.5635194:14.82971:-38.04348	Start	Default	
-1.775391:1.239258:-27.11865	-2.047852:4.583496:-25.92773	0.8964844:2.144531:-30.39258	0.9755859:8.041992:-11.91357	-0.5635194:14.82971:-38.04348	Start	Default	
-1.775391:1.239258:-27.11865	-2.047852:4.583496:-25.92773	0.8964844:2.144531:-30.39258	0.9755859:8.041992:-11.91357	-0.5635194:14.82971:-38.04348	Start	Default	
-1.775391:1.239258:-27.11865	-2.047852:4.583496:-25.92773	0.8964844:2.144531:-30.39258	0.9755859:8.041992:-11.91357	-0.5548762:14.7174:-38.08626	Start	Default	
-1.766602:1.467773:-27.14502	-2.039063:4.552734:-25.83984	0.9272461:2.359863:-30.30029	0.9755859:8.041992:-11.91357	-0.5543785:14.75276:-38.06581	Start	CupRight	
-1.766602:1.467773:-27.14502	-2.039063:4.552734:-25.83984	0.9272461:2.359863:-30.30029	0.9755859:8.041992:-11.91357	-0.5588592:14.76371:-38.05919	Start	CupRight	
-1.766602:1.467773:-27.14502	-2.039063:4.552734:-25.83984	0.9272461:2.359863:-30.30029	0.9755859:8.041992:-11.91357	-0.554673:14.74683:-38.06693	Start	CupRight	
-1.766602:1.467773:-27.14502	-2.039063:4.552734:-25.83984	0.9272461:2.359863:-30.30029	0.9755859:8.041992:-11.91357	-0.5523034:14.75396:-38.06419	Start	CupRight	
-1.995117:2.329102:-26.99121	-2.188477:4.223145:-25.83984	1.081055:3.124512:-29.896	0.9755859:8.041992:-11.91357	-0.5514504:14.75405:-38.06389	Start	CupRight	
-1.995117:2.329102:-26.99121	-2.188477:4.223145:-25.83984	1.081055:3.124512:-29.896	0.9755859:8.041992:-11.91357	-0.4796872:14.68297:-37.93837	Start	CupRight	
-1.995117:2.329102:-26.99121	-2.188477:4.223145:-25.83984	1.081055:3.124512:-29.896	0.9755859:8.041992:-11.91357	-0.5798434:14.80595:-38.18766	Start	CupRight	
-1.92041:3.52002:-26.37598	-1.78418:3.563965:-24.91699	0.9536133:4.231934:-28.92041	0.9755859:8.041992:-11.91357	-0.5804162:14.80631:-38.1859	Start	CupRight	
-1.92041:3.52002:-26.37598	-1.78418:3.563965:-24.91699	0.9536133:4.231934:-28.92041	0.9755859:8.041992:-11.91357	-0.5765956:14.80567:-38.18637	Start	CupRight	
-1.92041:3.52002:-26.37598	-1.78418:3.563965:-24.91699	0.9536133:4.231934:-28.92041	0.9755859:8.041992:-11.91357	-0.5748724:14.80515:-38.18513	Start	CupRight	
-2.034668:4.038574:-24.76318	-0.703125:5.031738:-22.979	0.8525391:5.29541:-27.42188	0.9755859:8.041992:-11.91357	-0.5719538:14.80506:-38.18535	ReachForBottle	CupRight	
-2.034668:4.038574:-24.76318	-0.703125:5.031738:-22.979	0.8525391:5.29541:-27.42188	0.9755859:8.041992:-11.91357	-0.5748616:14.80623:-38.183	ReachForBottle	CupRight	
-2.034668:4.038574:-24.76318	-0.703125:5.031738:-22.979	0.8525391:5.29541:-27.42188	0.9755859:8.041992:-11.91357	-0.5739421:14.80587:-38.18306	ReachForBottle	CupRight	
-2.034668:4.038574:-24.76318	-0.703125:5.031738:-22.979	0.8525391:5.29541:-27.42188	0.9755859:8.041992:-11.91357	-0.5688912:14.79741:-38.16106	ReachForBottle	CupRight	
-2.034668:4.038574:-24.76318	-0.703125:5.031738:-22.979	0.8525391:5.29541:-27.42188	0.9755859:8.041992:-11.91357	-0.5302678:14.7515:-38.07101	ReachForBottle	CupRight	
-1.973145:4.710938:-22.20117	0.6152344:6.912598:-20.43896	0.8701172:5.910645:-25.31689	0.9755859:8.041992:-11.91357	-0.387042:14.58167:-37.66138	ReachForBottle	CupRight	
-1.973145:4.710938:-22.20117	0.6152344:6.912598:-20.43896	0.8701172:5.910645:-25.31689	0.9755859:8.041992:-11.91357	-0.5780485:14.80538:-38.17699	ReachForBottle	CupRight	
-1.973145:4.710938:-22.20117	0.6152344:6.912598:-20.43896	0.8701172:5.910645:-25.31689	0.9755859:8.041992:-11.91357	-0.5690402:14.77214:-38.09629	ReachForBottle	Default	
-1.973145:4.710938:-22.20117	0.6152344:6.912598:-20.43896	0.8701172:5.910645:-25.31689	0.9755859:8.041992:-11.91357	-0.591977:14.77167:-38.07011	ReachForBottle	Default	
-1.366699:5.053711:-17.99561	2.403809:7.12793:-16.78711	1.182129:5.730469:-21.79688	0.9755859:8.041992:-11.91797	-0.5630277:14.66561:-37.77334	ReachForBottle	Default	
-1.366699:5.053711:-17.99561	2.403809:7.12793:-16.78711	1.182129:5.730469:-21.79688	0.9755859:8.041992:-11.91797	-0.5275838:14.59646:-37.60395	ReachForBottle	Default	
-1.366699:5.053711:-17.99561	2.403809:7.12793:-16.78711	1.182129:5.730469:-21.79688	0.9755859:8.041992:-11.91797	-0.550954:14.69593:-37.86194	ReachForBottle	Default	
-1.366699:5.053711:-17.99561	2.403809:7.12793:-16.78711	1.182129:5.730469:-21.79688	0.9755859:8.041992:-11.91797	-0.5404103:14.65047:-37.74202	ReachForBottle	Default	
-0.9931641:4.662598:-15.85107	3.054199:6.508301:-14.97656	1.30957:5.216309:-19.79297	0.9755859:8.041992:-11.91797	-0.5462605:14.67829:-37.79837	ReachForBottle	Default	
-0.9931641:4.662598:-15.85107	3.054199:6.508301:-14.97656	1.30957:5.216309:-19.79297	0.9755859:8.041992:-11.91797	-0.5363849:14.6516:-37.73283	ReachForBottle	Default	
-0.9931641:4.662598:-15.85107	3.054199:6.508301:-14.97656	1.30957:5.216309:-19.79297	0.9755859:8.041992:-11.91797	-0.5469565:14.67138:-37.77718	ReachForBottle	Default	
-0.9931641:4.662598:-15.85107	3.054199:6.508301:-14.97656	1.30957:5.216309:-19.79297	0.9755859:8.041992:-11.91797	-0.5570962:14.66948:-37.7986	ReachForBottle	Default	
-0.6899414:4.187988:-14.43604	3.405762:5.910645:-13.95703	1.248047:4.587891:-18.54932	0.9755859:8.041992:-11.91797	-0.5724494:14.69857:-37.85677	ReachForBottle	Default	
-0.6899414:4.187988:-14.43604	3.405762:5.910645:-13.95703	1.248047:4.587891:-18.54932	0.9755859:8.041992:-11.91797	-0.567661:14.69018:-37.85004	ReachForBottle	Default	
-0.6899414:4.187988:-14.43604	3.405762:5.910645:-13.95703	1.248047:4.587891:-18.54932	0.9755859:8.041992:-11.91797	-0.5721942:14.70124:-37.87639	ReachForBottle	Default	
-0,4482422,3,621094,-13,48242,	3,506836,4,996582,-13,15723,	1,133789,3,919922,-17,75391,	0,9755859,8,041992,-11,91797,	-0,5726407,14,702,-37,88095,	ReachForBottle	Default	
-0,4482422,3,621094,-13,48242,	3,506836,4,996582,-13,15723,	1,133789,3,919922,-17,75391,	0,9755859,8,041992,-11,91797,	-0,572784,14,69099,-37,84021,	Grasped	Default	
-0,4482422,3,621094,-13,48242,	3,506836,4,996582,-13,15723,	1,133789,3,919922,-17,75391,	0,9755859,8,041992,-11,91797,	-0,5668346,14,6699,-37,78838,	Grasped	Default	
-0.3339844:2.821289:-12.84082	3.291504:3.739746:-12.27832	1.041504:3.295898:-17.2002	0.9711914:8.041992:-11.92236	-0.5681052:14.6701:-37.77547	Grasped	Default	
-0.3339844:2.821289:-12.84082	3.291504:3.739746:-12.27832	1.041504:3.295898:-17.2002	0.9711914:8.041992:-11.92236	-0.5669142:14.66909:-37.7757	Grasped	Default	
-0.3339844:2.821289:-12.84082	3.291504:3.739746:-12.27832	1.041504:3.295898:-17.2002	0.9711914:8.041992:-11.92236	-0.5687993:14.67271:-37.77605	Grasped	Default	
-0.3339844:2.821289:-12.84082	3.291504:3.739746:-12.27832	1.041504:3.295898:-17.2002	0.9711914:8.041992:-11.92236	-0.5745313:14.67511:-37.77747	Grasped	Default	
-0.3603516:2.214844:-12.41455	2.904785:3.032227:-11.68506	0.9492188:2.869629:-16.80029	0.9228516:8.055176:-11.98828	-0.5671322:14.66572:-37.75986	Grasped	Default	
-0.3603516:2.214844:-12.41455	2.904785:3.032227:-11.68506	0.9492188:2.869629:-16.80029	0.9228516:8.055176:-11.98828	-0.5725046:14.67533:-37.78348	Grasped	Default	
-0.3603516:2.214844:-12.41455	2.904785:3.032227:-11.68506	0.9492188:2.869629:-16.80029	0.9228516:8.055176:-11.98828	-0.5833704:14.70872:-37.87806	Grasped	Default	
-0.3208008:2.087402:-12.15527	2.377441:2.755371:-11.43457	0.9140625:2.755371:-16.56299	0.984375:8.02002:-11.76416	-0.5868863:14.70882:-37.88078	Grasped	Default	
-0.3208008:2.087402:-12.15527	2.377441:2.755371:-11.43457	0.9140625:2.755371:-16.56299	0.984375:8.02002:-11.76416	-0.5893519:14.71541:-37.90671	Grasped	Default	
-0.3208008:2.087402:-12.15527	2.377441:2.755371:-11.43457	0.9140625:2.755371:-16.56299	0.984375:8.02002:-11.76416	-0.5888871:14.71051:-37.89777	Grasped	Default	
-0.09667969:2.083008:-12.12891	2.267578:2.720215:-11.56641	0.9492188:2.768555:-16.52344	1.111816:8.055176:-11.74658	-0.6004151:14.74356:-37.96356	Grasped	Default	
-0.09667969:2.083008:-12.12891	2.267578:2.720215:-11.56641	0.9492188:2.768555:-16.52344	1.111816:8.055176:-11.74658	-0.6023465:14.74728:-37.97556	Grasped	Default	
-0.09667969:2.083008:-12.12891	2.267578:2.720215:-11.56641	0.9492188:2.768555:-16.52344	1.111816:8.055176:-11.74658	-0.5981079:14.73637:-37.94734	Grasped	Default	
-0.09667969:2.083008:-12.12891	2.267578:2.720215:-11.56641	0.9492188:2.768555:-16.52344	1.111816:8.055176:-11.74658	-0.5213532:14.59118:-37.61726	Grasped	Default	
0.487793:2.34668:-12.30469	2.808105:2.99707:-11.93115	1.296387:2.926758:-16.72119	1.713867:8.323242:-12.07617	-0.6016393:14.80452:-38.12251	Grasped	Default	
0.487793:2.34668:-12.30469	2.808105:2.99707:-11.93115	1.296387:2.926758:-16.72119	1.713867:8.323242:-12.07617	-0.5868297:14.79349:-38.10088	Grasped	CupRight	
0.487793:2.34668:-12.30469	2.808105:2.99707:-11.93115	1.296387:2.926758:-16.72119	1.713867:8.323242:-12.07617	-0.6024023:14.80775:-38.12642	Grasped	CupRight	
1.423828:2.869629:-12.66943	3.748535:3.489258:-12.50684	1.942383:3.304688:-17.12988	2.707031:8.850586:-12.66504	-0.6036504:14.80844:-38.12665	Grasped	CupRight	
1.423828:2.869629:-12.66943	3.748535:3.489258:-12.50684	1.942383:3.304688:-17.12988	2.707031:8.850586:-12.66504	-0.5920154:14.80188:-38.11615	Grasped	CupRight	
1.423828:2.869629:-12.66943	3.748535:3.489258:-12.50684	1.942383:3.304688:-17.12988	2.707031:8.850586:-12.66504	-0.59168:14.80809:-38.1308	Grasped	CupRight	
1.423828:2.869629:-12.66943	3.748535:3.489258:-12.50684	1.942383:3.304688:-17.12988	2.707031:8.850586:-12.66504	-0.5803518:14.80034:-38.11547	Grasped	CupRight	
2.544434:3.357422:-13.29785	4.838379:4.038574:-13.29346	2.8125:3.80127:-17.79785	3.651855:9.404297:-13.32861	-0.5868798:14.80805:-38.13533	Grasped	CupRight	
2.544434:3.357422:-13.29785	4.838379:4.038574:-13.29346	2.8125:3.80127:-17.79785	3.651855:9.404297:-13.32861	-0.5444766:14.75605:-38.0108	Grasped	CupRight	
2.544434:3.357422:-13.29785	4.838379:4.038574:-13.29346	2.8125:3.80127:-17.79785	3.651855:9.404297:-13.32861	-0.5911229:14.80961:-38.13861	Grasped	CupRight	
3.75293:3.673828:-14.20313	5.998535:4.416504:-14.35693	3.761719:4.201172:-18.71191	4.605469:9.812988:-14.18115	-0.5878527:14.8113:-38.1435	Grasped	CupRight	
3.75293:3.673828:-14.20313	5.998535:4.416504:-14.35693	3.761719:4.201172:-18.71191	4.605469:9.812988:-14.18115	-0.5792485:14.79296:-38.10197	Grasped	CupRight	
3.75293:3.673828:-14.20313	5.998535:4.416504:-14.35693	3.761719:4.201172:-18.71191	4.605469:9.812988:-14.18115	-0.589443:14.81005:-38.14933	Grasped	CupRight	
3.75293:3.673828:-14.20313	5.998535:4.416504:-14.35693	3.761719:4.201172:-18.71191	4.605469:9.812988:-14.18115	-0.5894483:14.8107:-38.14896	Grasped	CupRight	
4.96582:3.739746:-15.271	7.229004:4.535156:-15.64893	4.73291:4.45166:-19.81494	5.616211:9.97998:-15.13916	-0.5851674:14.81227:-38.15441	Grasped	CupRight	
4.96582:3.739746:-15.271	7.229004:4.535156:-15.64893	4.73291:4.45166:-19.81494	5.616211:9.97998:-15.13916	-0.5160052:14.74451:-37.99437	Grasped	CupRight	
4.96582:3.739746:-15.271	7.229004:4.535156:-15.64893	4.73291:4.45166:-19.81494	5.616211:9.97998:-15.13916	-0.5829814:14.81242:-38.15817	Grasped	CupRight	
6.060059:3.577148:-16.37402	8.191406:4.447266:-16.7959	5.523926:4.530762:-20.83447	6.389648:9.89209:-15.98291	-0.5582405:14.79408:-38.11354	Grasped	CupRight	
6.060059:3.577148:-16.37402	8.191406:4.447266:-16.7959	5.523926:4.530762:-20.83447	6.389648:9.89209:-15.98291	-0.5259027:14.75745:-38.0203	Grasped	CupRight	
6.060059:3.577148:-16.37402	8.191406:4.447266:-16.7959	5.523926:4.530762:-20.83447	6.389648:9.89209:-15.98291	-0.5426121:14.77728:-38.0703	Grasped	CupRight	
6.763184:3.401367:-17.24414	8.912109:4.174805:-17.69678	6.147949:4.517578:-21.68701	7.062012:9.733887:-16.76074	-0.5483441:14.79147:-38.10321	Grasped	CupRight	
6.763184:3.401367:-17.24414	8.912109:4.174805:-17.69678	6.147949:4.517578:-21.68701	7.062012:9.733887:-16.76074	-0.5433677:14.7839:-38.08905	Grasped	Bottle	
