ThumbPosition	IndexPosition	PalmPosition	ObjectPosition	GazePosition	Annotations	GazeAnnotations	
0.3032227:4.183594:-25.85742	0.5976563:2.351074:-25.53223	0.9931641:1.929199:-30.57275	1.204102:8.015625:-11.63672	-0.4785748:14.95202:-37.58426	Start	Default	
0.3032227:4.183594:-25.85742	0.5976563:2.351074:-25.53223	0.9931641:1.929199:-30.57275	1.204102:8.015625:-11.63672	-0.4881796:14.94803:-37.63617	Start	Default	
0.3032227:4.183594:-25.85742	0.5976563:2.351074:-25.53223	0.9931641:1.929199:-30.57275	1.204102:8.015625:-11.63672	-0.4993742:14.94224:-37.64822	Start	Default	
0.347168:4.078125:-25.88818	0.5888672:2.337891:-25.54102	0.9931641:1.937988:-30.56396	1.204102:8.015625:-11.63672	-0.5116961:14.9426:-37.69464	Start	Default	
0.347168:4.078125:-25.88818	0.5888672:2.337891:-25.54102	0.9931641:1.937988:-30.56396	1.204102:8.015625:-11.63672	-0.5138193:14.94046:-37.70588	Start	Default	
0.347168:4.078125:-25.88818	0.5888672:2.337891:-25.54102	0.9931641:1.937988:-30.56396	1.204102:8.015625:-11.63672	-0.4966292:14.93771:-37.70187	Start	Default	
0.347168:4.078125:-25.88818	0.5888672:2.337891:-25.54102	0.9931641:1.937988:-30.56396	1.204102:8.015625:-11.63672	-0.4914191:14.93616:-37.70041	Start	Default	
0.3383789:4.025391:-25.92334	0.5712891:2.29834:-25.57617	0.9887695:1.946777:-30.56396	1.204102:8.015625:-11.63672	-0.4898683:14.93909:-37.66265	Start	Default	
0.3383789:4.025391:-25.92334	0.5712891:2.29834:-25.57617	0.9887695:1.946777:-30.56396	1.204102:8.015625:-11.63672	-0.4939628:14.93808:-37.64726	Start	Default	
0.3383789:4.025391:-25.92334	0.5712891:2.29834:-25.57617	0.9887695:1.946777:-30.56396	1.204102:8.015625:-11.63672	-0.4957578:14.93685:-37.64785	Start	Default	
0.3164063:3.955078:-25.97168	0.5581055:2.285156:-25.57178	0.9931641:1.955566:-30.55957	1.204102:8.015625:-11.63672	-0.4885594:14.93987:-37.63784	Start	Default	
0.3164063:3.955078:-25.97168	0.5581055:2.285156:-25.57178	0.9931641:1.955566:-30.55957	1.204102:8.015625:-11.63672	-0.4827074:14.93758:-37.62773	Start	Default	
0.3164063:3.955078:-25.97168	0.5581055:2.285156:-25.57178	0.9931641:1.955566:-30.55957	1.204102:8.015625:-11.63672	-0.5093297:14.93906:-37.66704	Start	Default	
0.3164063:3.955078:-25.97168	0.5581055:2.285156:-25.57178	0.9931641:1.955566:-30.55957	1.204102:8.015625:-11.63672	-0.5065288:14.93978:-37.31816	Start	Default	
0.2724609:3.862793:-26.02881	0.5493164:2.289551:-25.55859	0.9931641:1.955566:-30.55518	1.204102:8.015625:-11.63672	-0.5050271:14.85373:-37.86182	Start	Default	
0.2724609:3.862793:-26.02881	0.5493164:2.289551:-25.55859	0.9931641:1.955566:-30.55518	1.204102:8.015625:-11.63672	-0.4916651:14.81619:-37.79677	Start	Default	
0.2724609:3.862793:-26.02881	0.5493164:2.289551:-25.55859	0.9931641:1.955566:-30.55518	1.204102:8.015625:-11.63672	-0.504105:14.74381:-37.47098	Start	Default	
0.2724609:3.862793:-26.02881	0.5493164:2.289551:-25.55859	0.9931641:1.955566:-30.55518	1.204102:8.015625:-11.63672	-0.503326:14.73512:-37.51109	Start	Default	
0.2680664:3.867188:-26.05078	0.5493164:2.307129:-25.54541	0.9975586:1.955566:-30.55518	1.204102:8.015625:-11.63672	-0.4556959:14.74119:-37.62395	Start	Default	
0.2680664:3.867188:-26.05078	0.5493164:2.307129:-25.54541	0.9975586:1.955566:-30.55518	1.204102:8.015625:-11.63672	-0.4528452:14.73514:-37.59209	Start	Default	
0.2680664:3.867188:-26.05078	0.5493164:2.307129:-25.54541	0.9975586:1.955566:-30.55518	1.204102:8.015625:-11.63672	-0.4454854:14.71454:-37.48807	Start	Default	
0.2680664:3.867188:-26.05078	0.5493164:2.307129:-25.54541	0.9975586:1.955566:-30.55518	1.204102:8.015625:-11.63672	-0.450513:14.72196:-37.51257	Start	Default	
0.2504883:3.827637:-26.08154	0.5449219:2.311523:-25.5542	1.015137:1.964355:-30.54639	1.204102:8.015625:-11.63672	-0.4662617:14.70411:-37.37817	Start	Default	
0.2504883:3.827637:-26.08154	0.5449219:2.311523:-25.5542	1.015137:1.964355:-30.54639	1.204102:8.015625:-11.63672	-0.4647602:14.68899:-37.26697	Start	Default	
0.2504883:3.827637:-26.08154	0.5449219:2.311523:-25.5542	1.015137:1.964355:-30.54639	1.204102:8.015625:-11.63672	-0.4850264:14.72067:-37.44122	Start	Default	
0.2504883:3.827637:-26.08154	0.5449219:2.311523:-25.5542	1.015137:1.964355:-30.54639	1.204102:8.015625:-11.63672	-0.4701107:14.74298:-37.62721	Start	Default	
0.140625:3.919922:-26.15186	0.6196289:2.096191:-25.25098	1.186523:2.460938:-30.37061	1.204102:8.015625:-11.63672	-0.4697316:14.73812:-37.6104	Start	Default	
0.140625:3.919922:-26.15186	0.6196289:2.096191:-25.25098	1.186523:2.460938:-30.37061	1.204102:8.015625:-11.63672	-0.4895486:14.74118:-37.59644	Start	Default	
0.140625:3.919922:-26.15186	0.6196289:2.096191:-25.25098	1.186523:2.460938:-30.37061	1.204102:8.015625:-11.63672	-0.525471:14.74183:-37.61819	Start	Default	
0.3208008:3.260742:-25.83984	1.098633:1.981934:-24.37646	1.59082:3.506836:-29.65869	1.204102:8.015625:-11.63672	-0.5306042:14.72748:-37.50518	Start	Default	
0.3208008:3.260742:-25.83984	1.098633:1.981934:-24.37646	1.59082:3.506836:-29.65869	1.204102:8.015625:-11.63672	-0.5256728:14.7111:-37.43119	Start	Default	
0.3208008:3.260742:-25.83984	1.098633:1.981934:-24.37646	1.59082:3.506836:-29.65869	1.204102:8.015625:-11.63672	-0.5031635:14.68552:-37.32961	Start	Default	
0.3208008:3.260742:-25.83984	1.098633:1.981934:-24.37646	1.59082:3.506836:-29.65869	1.204102:8.015625:-11.63672	-0.4637248:14.6562:-36.96609	Start	Default	
0.04833984:3.133301:-24.72803	1.494141:2.57959:-23.00977	1.87207:4.719727:-28.4502	1.204102:8.015625:-11.63672	-0.534458:14.65791:-36.88195	Start	Default	
0.04833984:3.133301:-24.72803	1.494141:2.57959:-23.00977	1.87207:4.719727:-28.4502	1.204102:8.015625:-11.63672	-0.534458:14.65791:-36.88195	Start	Default	
0.04833984:3.133301:-24.72803	1.494141:2.57959:-23.00977	1.87207:4.719727:-28.4502	1.204102:8.015625:-11.63672	-0.534458:14.65791:-36.88195	Start	Default	
0.04833984:3.133301:-24.72803	1.494141:2.57959:-23.00977	1.87207:4.719727:-28.4502	1.204102:8.015625:-11.63672	-0.534458:14.65791:-36.88195	Start	Default	
-0.2021484:3.915527:-23.16797	1.731445:3.572754:-21.37939	2.030273:5.497559:-27.00879	1.204102:8.015625:-11.63672	-0.534458:14.65791:-36.88195	ReachForBottle	Default	
-0.2021484:3.915527:-23.16797	1.731445:3.572754:-21.37939	2.030273:5.497559:-27.00879	1.204102:8.015625:-11.63672	-0.534458:14.65791:-36.88195	ReachForBottle	Default	
-0.2021484:3.915527:-23.16797	1.731445:3.572754:-21.37939	2.030273:5.497559:-27.00879	1.204102:8.015625:-11.63672	-0.534458:14.65791:-36.88195	ReachForBottle	Default	
-0.2021484:3.915527:-23.16797	1.731445:3.572754:-21.37939	2.030273:5.497559:-27.00879	1.204102:8.015625:-11.63672	-0.534458:14.65791:-36.88195	ReachForBottle	Default	
-0.3603516:4.438477:-21.51563	1.964355:4.324219:-19.70068	2.003906:5.690918:-25.45313	1.204102:8.015625:-11.63672	-0.534458:14.65791:-36.88195	ReachForBottle	Default	
-0.3603516:4.438477:-21.51563	1.964355:4.324219:-19.70068	2.003906:5.690918:-25.45313	1.204102:8.015625:-11.63672	-0.534458:14.65791:-36.88195	ReachForBottle	Default	
-0.3603516:4.438477:-21.51563	1.964355:4.324219:-19.70068	2.003906:5.690918:-25.45313	1.204102:8.015625:-11.63672	-0.534458:14.65791:-36.88195	ReachForBottle	Default	
-0.6899414:4.842773:-20.0874	2.329102:4.746094:-18.14502	1.907227:5.48877:-23.93701	1.204102:8.015625:-11.63672	-0.5164499:14.38407:-37.03947	ReachForBottle	Bottle	
-0.6899414:4.842773:-20.0874	2.329102:4.746094:-18.14502	1.907227:5.48877:-23.93701	1.204102:8.015625:-11.63672	-0.5283957:14.50684:-37.34053	ReachForBottle	Bottle	
-0.6899414:4.842773:-20.0874	2.329102:4.746094:-18.14502	1.907227:5.48877:-23.93701	1.204102:8.015625:-11.63672	-0.4964723:14.3957:-36.9925	ReachForBottle	Bottle	
-0.6899414:4.842773:-20.0874	2.329102:4.746094:-18.14502	1.907227:5.48877:-23.93701	1.204102:8.015625:-11.63672	-0.5247278:14.66077:-37.74299	ReachForBottle	Bottle	
-0.9667969:5.176758:-18.85254	2.553223:5.022949:-16.77393	1.779785:5.088867:-22.45166	1.204102:8.015625:-11.63672	-0.5463617:14.77113:-38.03627	ReachForBottle	Bottle	
-0.9667969:5.176758:-18.85254	2.553223:5.022949:-16.77393	1.779785:5.088867:-22.45166	1.204102:8.015625:-11.63672	-0.5353111:14.73822:-37.92813	ReachForBottle	Bottle	
-0.9667969:5.176758:-18.85254	2.553223:5.022949:-16.77393	1.779785:5.088867:-22.45166	1.204102:8.015625:-11.63672	-0.5393094:14.75301:-37.96055	ReachForBottle	Bottle	
-1.138184:5.308594:-17.68359	2.702637:5.000977:-15.70166	1.599609:4.666992:-21.22119	1.204102:8.015625:-11.63672	-0.5253848:14.69973:-37.82074	ReachForBottle	Bottle	
-1.138184:5.308594:-17.68359	2.702637:5.000977:-15.70166	1.599609:4.666992:-21.22119	1.204102:8.015625:-11.63672	-0.5034353:14.5973:-37.53212	ReachForBottle	Bottle	
-1.138184:5.308594:-17.68359	2.702637:5.000977:-15.70166	1.599609:4.666992:-21.22119	1.204102:8.015625:-11.63672	-0.4769816:14.50217:-37.27134	ReachForBottle	Bottle	
-1.138184:5.308594:-17.68359	2.702637:5.000977:-15.70166	1.599609:4.666992:-21.22119	1.204102:8.015625:-11.63672	-0.5488818:14.77341:-38.00165	ReachForBottle	Bottle	
-1.50293:5.044922:-16.52783	2.425781:4.869141:-14.50195	1.239258:4.091309:-19.85449	1.204102:8.015625:-11.63672	-0.5445809:14.76783:-37.96573	ReachForBottle	Bottle	
-1.50293:5.044922:-16.52783	2.425781:4.869141:-14.50195	1.239258:4.091309:-19.85449	1.204102:8.015625:-11.63672	-0.545539:14.77834:-38.00959	ReachForBottle	Bottle	
-1.50293:5.044922:-16.52783	2.425781:4.869141:-14.50195	1.239258:4.091309:-19.85449	1.204102:8.015625:-11.63672	-0.5430299:14.75342:-37.9197	ReachForBottle	Bottle	
-1.50293:5.044922:-16.52783	2.425781:4.869141:-14.50195	1.239258:4.091309:-19.85449	1.204102:8.015625:-11.63672	-0.5414014:14.74261:-37.8903	ReachForBottle	Bottle	
-1.819336:4.59668:-15.70166	2.069824:4.675781:-13.78564	0.9008789:3.730957:-19.12061	1.155762:7.998047:-11.60156	-0.5389698:14.73036:-37.8518	ReachForBottle	Bottle	
-1.819336:4.59668:-15.70166	2.069824:4.675781:-13.78564	0.9008789:3.730957:-19.12061	1.155762:7.998047:-11.60156	-0.5401074:14.7303:-37.83661	ReachForBottle	Bottle	
-1.819336:4.59668:-15.70166	2.069824:4.675781:-13.78564	0.9008789:3.730957:-19.12061	1.155762:7.998047:-11.60156	-0.5443934:14.75023:-37.8999	ReachForBottle	Bottle	
-1.713867:4.192383:-14.81396	2.083008:4.513184:-13.36816	0.6503906:3.392578:-18.54053	1.125:7.980469:-11.41699	-0.549117:14.76987:-37.95664	ReachForBottle	Bottle	
-1.713867:4.192383:-14.81396	2.083008:4.513184:-13.36816	0.6503906:3.392578:-18.54053	1.125:7.980469:-11.41699	-0.547524:14.76138:-37.92123	ReachForBottle	Bottle	
-1.713867:4.192383:-14.81396	2.083008:4.513184:-13.36816	0.6503906:3.392578:-18.54053	1.125:7.980469:-11.41699	-0.5486707:14.76797:-37.94441	ReachForBottle	Bottle	
-1.713867:4.192383:-14.81396	2.083008:4.513184:-13.36816	0.6503906:3.392578:-18.54053	1.125:7.980469:-11.41699	-0.5502486:14.76913:-37.94003	ReachForBottle	Bottle	
-1.283203:3.55957:-13.83398	2.412598:4.40332:-13.1748	0.5009766:3.137695:-17.96924	1.116211:7.962891:-11.30713	-0.549977:14.76682:-37.93733	ReachForBottle	Bottle	
-1.283203:3.55957:-13.83398	2.412598:4.40332:-13.1748	0.5009766:3.137695:-17.96924	1.116211:7.962891:-11.30713	-0.5491276:14.76319:-37.92573	ReachForBottle	Bottle	
-1.283203:3.55957:-13.83398	2.412598:4.40332:-13.1748	0.5009766:3.137695:-17.96924	1.116211:7.962891:-11.30713	-0.5499264:14.76209:-37.91812	ReachForBottle	Bottle	
-1.283203:3.55957:-13.83398	2.412598:4.40332:-13.1748	0.5009766:3.137695:-17.96924	1.116211:7.962891:-11.30713	-0.5472814:14.75254:-37.89516	ReachForBottle	Bottle	
-0.909668:3.120117:-13.06055	2.733398:4.227539:-12.75732	0.5053711:3.032227:-17.40234	1.111816:7.962891:-11.29834	-0.5451213:14.7461:-37.87426	Grasped	Bottle	
-0.909668:3.120117:-13.06055	2.733398:4.227539:-12.75732	0.5053711:3.032227:-17.40234	1.111816:7.962891:-11.29834	-0.5465513:14.74658:-37.87365	Grasped	Bottle	
-0.909668:3.120117:-13.06055	2.733398:4.227539:-12.75732	0.5053711:3.032227:-17.40234	1.111816:7.962891:-11.29834	-0.5443822:14.73859:-37.85148	Grasped	Bottle	
-0.909668:3.120117:-13.06055	2.733398:4.227539:-12.75732	0.5053711:3.032227:-17.40234	1.111816:7.962891:-11.29834	-0.5468646:14.74002:-37.85429	Grasped	Bottle	
-0.6416016:2.671875:-12.36182	2.830078:3.959473:-12.11133	0.5712891:2.983887:-16.84863	1.107422:7.962891:-11.29834	-0.5790286:14.64141:-37.58457	Grasped	Bottle	
-0.6416016:2.671875:-12.36182	2.830078:3.959473:-12.11133	0.5712891:2.983887:-16.84863	1.107422:7.962891:-11.29834	-0.6496007:14.4934:-37.22443	Grasped	Default	
-0.6416016:2.671875:-12.36182	2.830078:3.959473:-12.11133	0.5712891:2.983887:-16.84863	1.107422:7.962891:-11.29834	-0.6128668:14.69923:-37.75527	Grasped	Default	
-0.6416016:2.671875:-12.36182	2.830078:3.959473:-12.11133	0.5712891:2.983887:-16.84863	1.107422:7.962891:-11.29834	-0.6211236:14.62778:-37.55951	Grasped	Default	
-0.6416016:2.671875:-12.36182	2.830078:3.959473:-12.11133	0.5712891:2.983887:-16.84863	1.107422:7.962891:-11.29834	-0.619723:14.62245:-37.57211	Grasped	Default	
-0.3603516:2.254395:-11.87402	2.816895:3.739746:-11.55762	0.628418:2.917969:-16.37402	1.120605:7.949707:-11.26318	-0.6149498:14.65149:-37.65125	Grasped	Default	
-0.3603516:2.254395:-11.87402	2.816895:3.739746:-11.55762	0.628418:2.917969:-16.37402	1.120605:7.949707:-11.26318	-0.6166484:14.70665:-37.7719	Grasped	Default	
-0.3603516:2.254395:-11.87402	2.816895:3.739746:-11.55762	0.628418:2.917969:-16.37402	1.120605:7.949707:-11.26318	-0.6203564:14.70477:-37.76846	Grasped	Default	
-0.04833984:1.929199:-11.40381	2.645508:3.476074:-11.12695	0.7382813:2.786133:-15.94336	1.208496:7.92334:-11.00391	-0.6243204:14.69645:-37.7445	Grasped	Default	
-0.04833984:1.929199:-11.40381	2.645508:3.476074:-11.12695	0.7382813:2.786133:-15.94336	1.208496:7.92334:-11.00391	-0.5941704:14.69886:-37.74798	Grasped	Default	
-0.04833984:1.929199:-11.40381	2.645508:3.476074:-11.12695	0.7382813:2.786133:-15.94336	1.208496:7.92334:-11.00391	-0.540563:14.70307:-37.81861	Grasped	Default	
-0.04833984:1.929199:-11.40381	2.645508:3.476074:-11.12695	0.7382813:2.786133:-15.94336	1.208496:7.92334:-11.00391	-0.5649945:14.81638:-38.09649	Grasped	Default	
0.02636719:1.916016:-11.3335	2.605957:3.427734:-11.13135	0.7910156:2.724609:-15.85547	1.265625:7.92334:-10.98633	-0.570586:14.83149:-38.13157	Grasped	Default	
0.02636719:1.916016:-11.3335	2.605957:3.427734:-11.13135	0.7910156:2.724609:-15.85547	1.265625:7.92334:-10.98633	-0.3208283:14.52722:-37.43322	Grasped	CupRight	
0.02636719:1.916016:-11.3335	2.605957:3.427734:-11.13135	0.7910156:2.724609:-15.85547	1.265625:7.92334:-10.98633	-0.5450562:14.81007:-38.07962	Grasped	CupRight	
0.02636719:1.916016:-11.3335	2.605957:3.427734:-11.13135	0.7910156:2.724609:-15.85547	1.265625:7.92334:-10.98633	-0.4437458:14.70355:-37.82531	Grasped	CupRight	
0.1538086:1.973145:-11.37305	2.614746:3.502441:-11.27197	0.8525391:2.711426:-15.85547	1.278809:8.01123:-11.22803	-0.4287792:14.69355:-37.81754	Grasped	CupRight	
0.1538086:1.973145:-11.37305	2.614746:3.502441:-11.27197	0.8525391:2.711426:-15.85547	1.278809:8.01123:-11.22803	-0.4297492:14.68869:-37.7938	Grasped	CupRight	
0.1538086:1.973145:-11.37305	2.614746:3.502441:-11.27197	0.8525391:2.711426:-15.85547	1.278809:8.01123:-11.22803	-0.4644985:14.73286:-37.89983	Grasped	CupRight	
0.5009766:2.320313:-11.59277	2.869629:3.871582:-11.62793	1.133789:2.904785:-16.10156	1.520508:8.367188:-11.66309	-0.5057606:14.7804:-38.00323	Grasped	CupRight	
0.5009766:2.320313:-11.59277	2.869629:3.871582:-11.62793	1.133789:2.904785:-16.10156	1.520508:8.367188:-11.66309	-0.4751943:14.74535:-37.93459	Grasped	CupRight	
0.5009766:2.320313:-11.59277	2.869629:3.871582:-11.62793	1.133789:2.904785:-16.10156	1.520508:8.367188:-11.66309	-0.4682455:14.73525:-37.90887	Grasped	CupRight	
0.5009766:2.320313:-11.59277	2.869629:3.871582:-11.62793	1.133789:2.904785:-16.10156	1.520508:8.367188:-11.66309	-0.480501:14.74829:-37.9442	Grasped	CupRight	
1.129395:2.904785:-11.98828	3.440918:4.478027:-12.19043	1.617188:3.291504:-16.51904	2.083008:8.960449:-12.20361	-0.4849355:14.75336:-37.9544	Grasped	CupRight	
1.129395:2.904785:-11.98828	3.440918:4.478027:-12.19043	1.617188:3.291504:-16.51904	2.083008:8.960449:-12.20361	-0.4092537:14.68248:-37.78553	Grasped	CupRight	
1.129395:2.904785:-11.98828	3.440918:4.478027:-12.19043	1.617188:3.291504:-16.51904	2.083008:8.960449:-12.20361	-0.4780714:14.74818:-37.9336	Grasped	CupRight	
2.083008:3.449707:-12.62988	4.40332:5.106445:-13.06055	2.390625:3.744141:-17.22656	2.979492:9.566895:-12.96387	-0.4964189:14.76667:-37.98103	Grasped	CupRight	
2.083008:3.449707:-12.62988	4.40332:5.106445:-13.06055	2.390625:3.744141:-17.22656	2.979492:9.566895:-12.96387	-0.5153329:14.78357:-38.01663	Grasped	CupRight	
2.083008:3.449707:-12.62988	4.40332:5.106445:-13.06055	2.390625:3.744141:-17.22656	2.979492:9.566895:-12.96387	-0.4943741:14.75783:-37.95943	Grasped	CupRight	
2.083008:3.449707:-12.62988	4.40332:5.106445:-13.06055	2.390625:3.744141:-17.22656	2.979492:9.566895:-12.96387	-0.5110335:14.77984:-38.00447	Grasped	CupRight	
2.083008:3.449707:-12.62988	4.40332:5.106445:-13.06055	2.390625:3.744141:-17.22656	2.979492:9.566895:-12.96387	-0.4593506:14.72032:-37.86959	Grasped	CupRight	
3.181641:3.735352:-13.51758	5.44043:5.339355:-13.99658	3.208008:4.060547:-18.10986	4.047363:9.839355:-13.64941	-0.5133982:14.78372:-38.01985	Grasped	CupRight	
3.181641:3.735352:-13.51758	5.44043:5.339355:-13.99658	3.208008:4.060547:-18.10986	4.047363:9.839355:-13.64941	-0.4516729:14.71961:-37.87801	Grasped	CupRight	
3.181641:3.735352:-13.51758	5.44043:5.339355:-13.99658	3.208008:4.060547:-18.10986	4.047363:9.839355:-13.64941	-0.4539531:14.71802:-37.87642	Grasped	CupRight	
4.095703:3.60791:-14.47998	6.33252:5.269043:-14.99414	3.928711:4.135254:-19.07227	4.847168:9.764648:-14.39648	-0.351949:14.61367:-37.63202	Grasped	CupRight	
4.095703:3.60791:-14.47998	6.33252:5.269043:-14.99414	3.928711:4.135254:-19.07227	4.847168:9.764648:-14.39648	-0.3612579:14.61659:-37.64156	Grasped	CupRight	
4.095703:3.60791:-14.47998	6.33252:5.269043:-14.99414	3.928711:4.135254:-19.07227	4.847168:9.764648:-14.39648	-0.3686136:14.63157:-37.68672	Grasped	CupRight	
4.095703:3.60791:-14.47998	6.33252:5.269043:-14.99414	3.928711:4.135254:-19.07227	4.847168:9.764648:-14.39648	-0.3736378:14.63051:-37.68723	Grasped	CupRight	
4.860352:3.291504:-15.38965	7.070801:4.979004:-16.00928	4.521973:3.972656:-19.99072	5.537109:9.518555:-15.29736	-0.3790616:14.63612:-37.70026	Grasped	CupRight	
4.860352:3.291504:-15.38965	7.070801:4.979004:-16.00928	4.521973:3.972656:-19.99072	5.537109:9.518555:-15.29736	-0.3141452:14.57062:-37.57568	Grasped	CupRight	
4.860352:3.291504:-15.38965	7.070801:4.979004:-16.00928	4.521973:3.972656:-19.99072	5.537109:9.518555:-15.29736	-0.3203552:14.57279:-37.57796	Grasped	CupRight	
5.387695:3.067383:-16.12354	7.637695:4.601074:-16.85303	4.943848:3.766113:-20.68506	6.222656:9.276855:-16.07959	-0.3850285:14.63945:-37.72398	Grasped	CupRight	
5.387695:3.067383:-16.12354	7.637695:4.601074:-16.85303	4.943848:3.766113:-20.68506	6.222656:9.276855:-16.07959	-0.4043853:14.66429:-37.78764	Grasped	CupRight	
5.387695:3.067383:-16.12354	7.637695:4.601074:-16.85303	4.943848:3.766113:-20.68506	6.222656:9.276855:-16.07959	-0.444405:14.70931:-37.88241	Grasped	CupRight	
5.387695:3.067383:-16.12354	7.637695:4.601074:-16.85303	4.943848:3.766113:-20.68506	6.222656:9.276855:-16.07959	-0.4455838:14.71218:-37.88881	Grasped	CupRight	
5.646973:2.777344:-16.66406	7.918945:4.319824:-17.42432	5.167969:3.55957:-21.16406	6.534668:9.039551:-16.58057	-0.4588129:14.73012:-37.93382	Grasped	CupRight	
5.646973:2.777344:-16.66406	7.918945:4.319824:-17.42432	5.167969:3.55957:-21.16406	6.534668:9.039551:-16.58057	-0.4929287:14.77216:-38.02632	Grasped	Bottle	
5.646973:2.777344:-16.66406	7.918945:4.319824:-17.42432	5.167969:3.55957:-21.16406	6.534668:9.039551:-16.58057	-0.5180194:14.80209:-38.09274	Grasped	Bottle	
5.646973:2.777344:-16.66406	7.918945:4.319824:-17.42432	5.167969:3.55957:-21.16406	6.534668:9.039551:-16.58057	-0.5314481:14.81655:-38.12031	Grasped	Bottle	
5.778809:2.504883:-17.00244	8.05957:4.144043:-17.76709	5.273438:3.335449:-21.47607	6.583008:8.789063:-16.90576	-0.4816337:14.76164:-38.00224	Grasped	Bottle	
5.778809:2.504883:-17.00244	8.05957:4.144043:-17.76709	5.273438:3.335449:-21.47607	6.583008:8.789063:-16.90576	-0.5143899:14.79803:-38.08426	Grasped	Bottle	
