ThumbPosition	IndexPosition	PalmPosition	ObjectPosition	GazePosition	Annotations	GazeAnnotations	
-2.487305:-0.1230469:-27.3252	-2.816895:4.495605:-25.89258	1.155762:2.67627:-30.0498	1.103027:8.081543:-12.14209	-0.4364828:14.70538:-37.88395	Start	Default	
-2.487305:-0.1230469:-27.3252	-2.816895:4.495605:-25.89258	1.155762:2.67627:-30.0498	1.103027:8.081543:-12.14209	-0.4533938:14.72359:-37.96266	Start	Default	
-2.487305:-0.1230469:-27.3252	-2.816895:4.495605:-25.89258	1.155762:2.67627:-30.0498	1.103027:8.081543:-12.14209	-0.4287823:14.66043:-37.87079	Start	Default	
-2.487305:-0.1230469:-27.3252	-2.816895:4.495605:-25.89258	1.155762:2.67627:-30.0498	1.103027:8.081543:-12.14209	-0.4878793:14.74466:-38.06389	Start	Default	
-2.487305:-0.1230469:-27.3252	-2.816895:4.495605:-25.89258	1.155762:2.67627:-30.0498	1.103027:8.081543:-12.14209	-0.5303017:14.7423:-38.0633	Start	Default	
-2.487305:-0.1230469:-27.3252	-2.816895:4.495605:-25.89258	1.155762:2.67627:-30.0498	1.103027:8.081543:-12.14209	-0.5303927:14.73232:-38.06885	Start	Default	
-2.487305:-0.1230469:-27.3252	-2.816895:4.495605:-25.89258	1.155762:2.67627:-30.0498	1.103027:8.081543:-12.14209	-0.5294861:14.71898:-38.07718	Start	Default	
-2.487305:-0.1230469:-27.3252	-2.816895:4.495605:-25.89258	1.155762:2.67627:-30.0498	1.103027:8.081543:-12.14209	-0.5322781:14.7105:-38.08097	Start	Default	
-2.487305:-0.1230469:-27.3252	-2.816895:4.495605:-25.89258	1.155762:2.67627:-30.0498	1.103027:8.081543:-12.14209	-0.5323926:14.70365:-38.0859	Start	Default	
-2.487305:-0.1230469:-27.3252	-2.816895:4.495605:-25.89258	1.155762:2.67627:-30.0498	1.103027:8.081543:-12.14209	-0.5360198:14.68933:-38.09448	Start	Default	
-2.487305:-0.1230469:-27.3252	-2.816895:4.495605:-25.89258	1.155762:2.67627:-30.0498	1.103027:8.081543:-12.14209	-0.5379792:14.68394:-38.09865	Start	Default	
-2.487305:-0.1230469:-27.3252	-2.816895:4.495605:-25.89258	1.155762:2.67627:-30.0498	1.103027:8.081543:-12.14209	-0.5379792:14.68394:-38.09865	Start	Default	
-2.487305:-0.1230469:-27.3252	-2.816895:4.495605:-25.89258	1.155762:2.67627:-30.0498	1.103027:8.081543:-12.14209	-0.5379792:14.68394:-38.09865	Start	Default	
-2.487305:-0.1230469:-27.3252	-2.816895:4.495605:-25.89258	1.155762:2.67627:-30.0498	1.103027:8.081543:-12.14209	-0.5379792:14.68394:-38.09865	Start	Default	
-2.487305:-0.1230469:-27.3252	-2.816895:4.495605:-25.89258	1.155762:2.67627:-30.0498	1.103027:8.081543:-12.14209	-0.5379792:14.68394:-38.09865	Start	Default	
-2.487305:-0.1230469:-27.3252	-2.816895:4.495605:-25.89258	1.155762:2.67627:-30.0498	1.103027:8.081543:-12.14209	-0.5379792:14.68394:-38.09865	Start	Default	
-2.487305:-0.1230469:-27.3252	-2.816895:4.495605:-25.89258	1.155762:2.67627:-30.0498	1.103027:8.081543:-12.14209	-0.5379792:14.68394:-38.09865	Start	Default	
-2.487305:-0.1230469:-27.3252	-2.816895:4.495605:-25.89258	1.155762:2.67627:-30.0498	1.103027:8.081543:-12.14209	-0.5379792:14.68394:-38.09865	Start	Default	
-2.487305:-0.1230469:-27.3252	-2.816895:4.495605:-25.89258	1.155762:2.67627:-30.0498	1.103027:8.081543:-12.14209	-0.5379792:14.68394:-38.09865	Start	Default	
-2.487305:-0.1230469:-27.3252	-2.816895:4.495605:-25.89258	1.155762:2.67627:-30.0498	1.103027:8.081543:-12.14209	-0.5379792:14.68394:-38.09865	Start	Default	
-2.487305:-0.1230469:-27.3252	-2.816895:4.495605:-25.89258	1.155762:2.67627:-30.0498	1.103027:8.081543:-12.14209	-0.5437683:14.63522:-38.12858	Start	Hand	
-2.487305:-0.1230469:-27.3252	-2.816895:4.495605:-25.89258	1.155762:2.67627:-30.0498	1.103027:8.081543:-12.14209	-0.543673:14.62717:-38.14004	Start	Hand	
-2.487305:-0.1230469:-27.3252	-2.816895:4.495605:-25.89258	1.155762:2.67627:-30.0498	1.103027:8.081543:-12.14209	-0.5448058:14.63008:-38.13218	Start	Hand	
-2.487305:-0.1230469:-27.3252	-2.816895:4.495605:-25.89258	1.155762:2.67627:-30.0498	1.103027:8.081543:-12.14209	-0.5464887:14.63119:-38.13159	Start	Hand	
-2.487305:-0.1230469:-27.3252	-2.816895:4.495605:-25.89258	1.155762:2.67627:-30.0498	1.103027:8.081543:-12.14209	-0.5422969:14.62376:-38.14399	Start	Hand	
-2.487305:-0.1230469:-27.3252	-2.816895:4.495605:-25.89258	1.155762:2.67627:-30.0498	1.103027:8.081543:-12.14209	-0.5405088:14.63247:-38.13057	Start	Hand	
-2.487305:-0.1230469:-27.3252	-2.816895:4.495605:-25.89258	1.155762:2.67627:-30.0498	1.103027:8.081543:-12.14209	-0.5412913:14.63437:-38.12865	Start	Hand	
-2.487305:-0.1230469:-27.3252	-2.816895:4.495605:-25.89258	1.155762:2.67627:-30.0498	1.103027:8.081543:-12.14209	-0.5414374:14.63548:-38.12803	Start	Hand	
-2.487305:-0.1230469:-27.3252	-2.816895:4.495605:-25.89258	1.155762:2.67627:-30.0498	1.103027:8.081543:-12.14209	-0.5358563:14.63729:-38.12853	Start	Hand	
-2.487305:-0.1230469:-27.3252	-2.816895:4.495605:-25.89258	1.155762:2.67627:-30.0498	1.103027:8.081543:-12.14209	-0.5281792:14.64047:-38.12665	Start	Hand	
-2.487305:-0.1230469:-27.3252	-2.816895:4.495605:-25.89258	1.155762:2.67627:-30.0498	1.103027:8.081543:-12.14209	-0.5279214:14.63879:-38.13006	Start	Hand	
-2.487305:-0.1230469:-27.3252	-2.816895:4.495605:-25.89258	1.155762:2.67627:-30.0498	1.103027:8.081543:-12.14209	-0.5283216:14.64204:-38.1283	Start	Hand	
-2.487305:-0.1230469:-27.3252	-2.816895:4.495605:-25.89258	1.155762:2.67627:-30.0498	1.103027:8.081543:-12.14209	-0.527746:14.64235:-38.12806	Start	Hand	
-2.487305:-0.1230469:-27.3252	-2.816895:4.495605:-25.89258	1.155762:2.67627:-30.0498	1.103027:8.081543:-12.14209	-0.5269793:14.64297:-38.12828	Start	Hand	
-2.487305:-0.1230469:-27.3252	-2.816895:4.495605:-25.89258	1.155762:2.67627:-30.0498	1.103027:8.081543:-12.14209	-0.5285158:14.6428:-38.1305	Start	Hand	
-2.487305:-0.1230469:-27.3252	-2.816895:4.495605:-25.89258	1.155762:2.67627:-30.0498	1.103027:8.081543:-12.14209	-0.5292113:14.64121:-38.13226	Start	Hand	
-2.487305:-0.1230469:-27.3252	-2.816895:4.495605:-25.89258	1.155762:2.67627:-30.0498	1.103027:8.081543:-12.14209	-0.5308213:14.64202:-38.13229	Start	Hand	
-2.487305:-0.1230469:-27.3252	-2.816895:4.495605:-25.89258	1.155762:2.67627:-30.0498	1.103027:8.081543:-12.14209	-0.5307236:14.64169:-38.13234	Start	Hand	
-2.487305:-0.1230469:-27.3252	-2.816895:4.495605:-25.89258	1.155762:2.67627:-30.0498	1.103027:8.081543:-12.14209	-0.5312957:14.64221:-38.13161	Start	Hand	
-2.487305:-0.1230469:-27.3252	-2.816895:4.495605:-25.89258	1.155762:2.67627:-30.0498	1.103027:8.081543:-12.14209	-0.5374197:14.63501:-38.14133	Start	Hand	
-2.487305:-0.1230469:-27.3252	-2.816895:4.495605:-25.89258	1.155762:2.67627:-30.0498	1.103027:8.081543:-12.14209	-0.5368403:14.63745:-38.13722	Start	Hand	
-2.487305:-0.1230469:-27.3252	-2.816895:4.495605:-25.89258	1.155762:2.67627:-30.0498	1.103027:8.081543:-12.14209	-0.5368403:14.63745:-38.13722	Start	Hand	
-2.487305:-0.1230469:-27.3252	-2.816895:4.495605:-25.89258	1.155762:2.67627:-30.0498	1.103027:8.081543:-12.14209	-0.5406658:14.64278:-38.12777	Start	Hand	
-2.487305:-0.1230469:-27.3252	-2.816895:4.495605:-25.89258	1.155762:2.67627:-30.0498	1.103027:8.081543:-12.14209	-0.5253778:14.6342:-38.1203	Start	Hand	
-2.487305:-0.1230469:-27.3252	-2.816895:4.495605:-25.89258	1.155762:2.67627:-30.0498	1.103027:8.081543:-12.14209	-0.4795538:14.74772:-38.2176	Start	Default	
-2.487305:-0.1230469:-27.3252	-2.816895:4.495605:-25.89258	1.155762:2.67627:-30.0498	1.103027:8.081543:-12.14209	-0.4923764:14.73536:-38.23774	Start	Default	
-2.487305:-0.1230469:-27.3252	-2.816895:4.495605:-25.89258	1.155762:2.67627:-30.0498	1.103027:8.081543:-12.14209	-0.5018292:14.73084:-38.26037	Start	Default	
-2.487305:-0.1230469:-27.3252	-2.816895:4.495605:-25.89258	1.155762:2.67627:-30.0498	1.103027:8.081543:-12.14209	-0.5554655:14.74854:-38.21058	Start	Hand	
-2.487305:-0.1230469:-27.3252	-2.816895:4.495605:-25.89258	1.155762:2.67627:-30.0498	1.103027:8.081543:-12.14209	-0.5550254:14.74995:-38.20804	Start	Hand	
-2.487305:-0.1230469:-27.3252	-2.816895:4.495605:-25.89258	1.155762:2.67627:-30.0498	1.103027:8.081543:-12.14209	-0.5552626:14.75021:-38.20714	Start	Hand	
-2.487305:-0.1230469:-27.3252	-2.816895:4.495605:-25.89258	1.155762:2.67627:-30.0498	1.103027:8.081543:-12.14209	-0.5562193:14.75032:-38.20574	Start	Hand	
-2.487305:-0.1230469:-27.3252	-2.816895:4.495605:-25.89258	1.155762:2.67627:-30.0498	1.103027:8.081543:-12.14209	-0.5563238:14.75024:-38.20591	Start	Hand	
-2.487305:-0.1230469:-27.3252	-2.816895:4.495605:-25.89258	1.155762:2.67627:-30.0498	1.103027:8.081543:-12.14209	-0.5560405:14.75043:-38.20507	Start	Hand	
-2.487305:-0.1230469:-27.3252	-2.816895:4.495605:-25.89258	1.155762:2.67627:-30.0498	1.103027:8.081543:-12.14209	-0.5559971:14.75029:-38.20341	Start	Hand	
-2.487305:-0.1230469:-27.3252	-2.816895:4.495605:-25.89258	1.155762:2.67627:-30.0498	1.103027:8.081543:-12.14209	-0.5557499:14.75014:-38.20351	Start	Hand	
-2.487305:-0.1230469:-27.3252	-2.816895:4.495605:-25.89258	1.155762:2.67627:-30.0498	1.103027:8.081543:-12.14209	-0.5554969:14.74998:-38.20201	Start	Hand	
-2.487305:-0.1230469:-27.3252	-2.816895:4.495605:-25.89258	1.155762:2.67627:-30.0498	1.103027:8.081543:-12.14209	-0.5554581:14.75016:-38.2017	Start	Hand	
-2.487305:-0.1230469:-27.3252	-2.816895:4.495605:-25.89258	1.155762:2.67627:-30.0498	1.103027:8.081543:-12.14209	-0.5553132:14.75065:-38.20062	Start	Hand	
-2.487305:-0.1230469:-27.3252	-2.816895:4.495605:-25.89258	1.155762:2.67627:-30.0498	1.103027:8.081543:-12.14209	-0.5547709:14.74973:-38.20027	Start	Hand	
-2.487305:-0.1230469:-27.3252	-2.816895:4.495605:-25.89258	1.155762:2.67627:-30.0498	1.103027:8.081543:-12.14209	-0.5545292:14.74954:-38.20036	Start	Hand	
-2.487305:-0.1230469:-27.3252	-2.816895:4.495605:-25.89258	1.155762:2.67627:-30.0498	1.103027:8.081543:-12.14209	-0.5546077:14.74953:-38.19973	Start	Hand	
-2.487305:-0.1230469:-27.3252	-2.816895:4.495605:-25.89258	1.155762:2.67627:-30.0498	1.103027:8.081543:-12.14209	-0.5546951:14.74913:-38.19994	Start	Hand	
-2.487305:-0.1230469:-27.3252	-2.816895:4.495605:-25.89258	1.155762:2.67627:-30.0498	1.103027:8.081543:-12.14209	-0.5544115:14.74837:-38.19999	Start	Hand	
-2.487305:-0.1230469:-27.3252	-2.816895:4.495605:-25.89258	1.155762:2.67627:-30.0498	1.103027:8.081543:-12.14209	-0.5550691:14.74824:-38.20046	Start	Hand	
-2.487305:-0.1230469:-27.3252	-2.816895:4.495605:-25.89258	1.155762:2.67627:-30.0498	1.103027:8.081543:-12.14209	-0.5552177:14.74787:-38.20045	Start	Hand	
-2.487305:-0.1230469:-27.3252	-2.816895:4.495605:-25.89258	1.155762:2.67627:-30.0498	1.103027:8.081543:-12.14209	-0.5544882:14.74801:-38.20058	Start	Hand	
-2.487305:-0.1230469:-27.3252	-2.816895:4.495605:-25.89258	1.155762:2.67627:-30.0498	1.103027:8.081543:-12.14209	-0.5527786:14.74787:-38.20108	Start	Hand	
-2.487305:-0.1230469:-27.3252	-2.816895:4.495605:-25.89258	1.155762:2.67627:-30.0498	1.103027:8.081543:-12.14209	-0.5504001:14.74801:-38.20153	Start	Hand	
-2.487305:-0.1230469:-27.3252	-2.816895:4.495605:-25.89258	1.155762:2.67627:-30.0498	1.103027:8.081543:-12.14209	-0.5505344:14.74809:-38.20154	Start	Hand	
-2.487305:-0.1230469:-27.3252	-2.816895:4.495605:-25.89258	1.155762:2.67627:-30.0498	1.103027:8.081543:-12.14209	-0.5503825:14.7484:-38.20137	Start	Hand	
-2.487305:-0.1230469:-27.3252	-2.816895:4.495605:-25.89258	1.155762:2.67627:-30.0498	1.103027:8.081543:-12.14209	-0.5508562:14.74809:-38.20191	Start	Hand	
-2.487305:-0.1230469:-27.3252	-2.816895:4.495605:-25.89258	1.155762:2.67627:-30.0498	1.103027:8.081543:-12.14209	-0.5516583:14.74749:-38.20302	Start	Hand	
-2.487305:-0.1230469:-27.3252	-2.816895:4.495605:-25.89258	1.155762:2.67627:-30.0498	1.103027:8.081543:-12.14209	-0.5506208:14.74784:-38.20282	Start	Hand	
-2.487305:-0.1230469:-27.3252	-2.816895:4.495605:-25.89258	1.155762:2.67627:-30.0498	1.103027:8.081543:-12.14209	-0.5511597:14.74792:-38.20209	Start	Hand	
-2.487305:-0.1230469:-27.3252	-2.816895:4.495605:-25.89258	1.155762:2.67627:-30.0498	1.103027:8.081543:-12.14209	-0.5517114:14.74774:-38.2018	Start	Hand	
-2.487305:-0.1230469:-27.3252	-2.816895:4.495605:-25.89258	1.155762:2.67627:-30.0498	1.103027:8.081543:-12.14209	-0.5514603:14.7474:-38.20189	Start	Hand	
-2.487305:-0.1230469:-27.3252	-2.816895:4.495605:-25.89258	1.155762:2.67627:-30.0498	1.103027:8.081543:-12.14209	-0.5510792:14.74681:-38.20277	Start	Hand	
-2.487305:-0.1230469:-27.3252	-2.816895:4.495605:-25.89258	1.155762:2.67627:-30.0498	1.103027:8.081543:-12.14209	-0.5508098:14.74671:-38.20269	Start	Hand	
-2.487305:-0.1230469:-27.3252	-2.816895:4.495605:-25.89258	1.155762:2.67627:-30.0498	1.103027:8.081543:-12.14209	-0.5510098:14.74637:-38.20259	Start	Hand	
-2.487305:-0.1230469:-27.3252	-2.816895:4.495605:-25.89258	1.155762:2.67627:-30.0498	1.103027:8.081543:-12.14209	-0.5508772:14.74629:-38.20254	Start	Hand	
-2.487305:-0.1230469:-27.3252	-2.816895:4.495605:-25.89258	1.155762:2.67627:-30.0498	1.103027:8.081543:-12.14209	-0.5533759:14.74758:-38.19976	Start	Hand	
-2.487305:-0.1230469:-27.3252	-2.816895:4.495605:-25.89258	1.155762:2.67627:-30.0498	1.103027:8.081543:-12.14209	-0.5527201:14.74819:-38.19846	Start	Hand	
-2.487305:-0.1230469:-27.3252	-2.816895:4.495605:-25.89258	1.155762:2.67627:-30.0498	1.103027:8.081543:-12.14209	-0.5540655:14.75137:-38.19421	Start	Default	
-2.487305:-0.1230469:-27.3252	-2.816895:4.495605:-25.89258	1.155762:2.67627:-30.0498	1.103027:8.081543:-12.14209	-0.554434:14.74888:-38.19721	Start	Hand	
-2.487305:-0.1230469:-27.3252	-2.816895:4.495605:-25.89258	1.155762:2.67627:-30.0498	1.103027:8.081543:-12.14209	-0.5561605:14.75075:-38.19446	Start	Default	
-2.487305:-0.1230469:-27.3252	-2.816895:4.495605:-25.89258	1.155762:2.67627:-30.0498	1.103027:8.081543:-12.14209	-0.5562309:14.75025:-38.19513	Start	Hand	
-2.487305:-0.1230469:-27.3252	-2.816895:4.495605:-25.89258	1.155762:2.67627:-30.0498	1.103027:8.081543:-12.14209	-0.5565208:14.75:-38.1955	Start	Hand	
-2.487305:-0.1230469:-27.3252	-2.816895:4.495605:-25.89258	1.155762:2.67627:-30.0498	1.103027:8.081543:-12.14209	-0.5571818:14.74969:-38.19577	Start	Hand	
-2.487305:-0.1230469:-27.3252	-2.816895:4.495605:-25.89258	1.155762:2.67627:-30.0498	1.103027:8.081543:-12.14209	-0.5570373:14.75006:-38.19535	Start	Hand	
-2.487305:-0.1230469:-27.3252	-2.816895:4.495605:-25.89258	1.155762:2.67627:-30.0498	1.103027:8.081543:-12.14209	-0.5572311:14.75008:-38.19538	Start	Hand	
-2.487305:-0.1230469:-27.3252	-2.816895:4.495605:-25.89258	1.155762:2.67627:-30.0498	1.103027:8.081543:-12.14209	-0.5573003:14.75001:-38.19528	Start	Hand	
-2.487305:-0.1230469:-27.3252	-2.816895:4.495605:-25.89258	1.155762:2.67627:-30.0498	1.103027:8.081543:-12.14209	-0.5574613:14.74998:-38.19527	Start	Hand	
-2.487305:-0.1230469:-27.3252	-2.816895:4.495605:-25.89258	1.155762:2.67627:-30.0498	1.103027:8.081543:-12.14209	-0.4973604:14.52365:-38.01793	Start	Hand	
-2.487305:-0.1230469:-27.3252	-2.816895:4.495605:-25.89258	1.155762:2.67627:-30.0498	1.103027:8.081543:-12.14209	-0.4920331:14.53804:-38.02976	Start	Hand	
-2.487305:-0.1230469:-27.3252	-2.816895:4.495605:-25.89258	1.155762:2.67627:-30.0498	1.103027:8.081543:-12.14209	-0.5338836:14.54934:-38.0139	Start	Default	
-2.487305:-0.1230469:-27.3252	-2.816895:4.495605:-25.89258	1.155762:2.67627:-30.0498	1.103027:8.081543:-12.14209	-0.5040252:14.56607:-38.05565	Start	Hand	
-2.487305:-0.1230469:-27.3252	-2.816895:4.495605:-25.89258	1.155762:2.67627:-30.0498	1.103027:8.081543:-12.14209	-0.5059944:14.58663:-38.0675	Start	Default	
-2.487305:-0.1230469:-27.3252	-2.816895:4.495605:-25.89258	1.155762:2.67627:-30.0498	1.103027:8.081543:-12.14209	-0.5140547:14.60936:-38.09216	Start	Hand	
-2.487305:-0.1230469:-27.3252	-2.816895:4.495605:-25.89258	1.155762:2.67627:-30.0498	1.103027:8.081543:-12.14209	-0.518936:14.345:-37.84412	Start	Default	
-2.487305:-0.1230469:-27.3252	-2.816895:4.495605:-25.89258	1.155762:2.67627:-30.0498	1.103027:8.081543:-12.14209	-0.4279113:13.58241:-37.14511	Start	Default	
-2.487305:-0.1230469:-27.3252	-2.816895:4.495605:-25.89258	1.155762:2.67627:-30.0498	1.103027:8.081543:-12.14209	-0.4988125:14.47944:-37.96819	Start	Default	
-2.487305:-0.1230469:-27.3252	-2.816895:4.495605:-25.89258	1.155762:2.67627:-30.0498	1.103027:8.081543:-12.14209	-0.5040988:14.57756:-38.05605	Start	Default	
-2.487305:-0.1230469:-27.3252	-2.816895:4.495605:-25.89258	1.155762:2.67627:-30.0498	1.103027:8.081543:-12.14209	-0.4983017:14.51149:-37.99312	Start	Default	
-2.487305:-0.1230469:-27.3252	-2.816895:4.495605:-25.89258	1.155762:2.67627:-30.0498	1.103027:8.081543:-12.14209	-0.4959533:14.5275:-38.0125	Start	Default	
-2.487305:-0.1230469:-27.3252	-2.816895:4.495605:-25.89258	1.155762:2.67627:-30.0498	1.103027:8.081543:-12.14209	-0.5199417:14.65919:-38.12402	Start	Default	
-2.487305:-0.1230469:-27.3252	-2.816895:4.495605:-25.89258	1.155762:2.67627:-30.0498	1.103027:8.081543:-12.14209	-0.5306885:14.72033:-38.18005	Start	Default	
-2.487305:-0.1230469:-27.3252	-2.816895:4.495605:-25.89258	1.155762:2.67627:-30.0498	1.103027:8.081543:-12.14209	-0.5167094:14.63919:-38.10472	Start	Default	
-2.487305:-0.1230469:-27.3252	-2.816895:4.495605:-25.89258	1.155762:2.67627:-30.0498	1.103027:8.081543:-12.14209	-0.5195646:14.67242:-38.13468	Start	Default	
-2.487305:-0.1230469:-27.3252	-2.816895:4.495605:-25.89258	1.155762:2.67627:-30.0498	1.103027:8.081543:-12.14209	-0.5166522:14.66676:-38.13417	Start	Default	
-2.487305:-0.1230469:-27.3252	-2.816895:4.495605:-25.89258	1.155762:2.67627:-30.0498	1.103027:8.081543:-12.14209	-0.5027396:14.51872:-38.00681	Start	Default	
-2.487305:-0.1230469:-27.3252	-2.816895:4.495605:-25.89258	1.155762:2.67627:-30.0498	1.103027:8.081543:-12.14209	-0.4963385:14.1564:-37.58171	Start	Default	
-2.487305:-0.1230469:-27.3252	-2.816895:4.495605:-25.89258	1.155762:2.67627:-30.0498	1.103027:8.081543:-12.14209	-0.544472:14.60637:-38.02022	Start	Default	
-2.487305:-0.1230469:-27.3252	-2.816895:4.495605:-25.89258	1.155762:2.67627:-30.0498	1.103027:8.081543:-12.14209	-0.5433559:14.60459:-38.02718	Start	Default	
-2.487305:-0.1230469:-27.3252	-2.816895:4.495605:-25.89258	1.155762:2.67627:-30.0498	1.103027:8.081543:-12.14209	-0.5385774:14.65818:-38.09175	Start	Default	
-2.487305:-0.1230469:-27.3252	-2.816895:4.495605:-25.89258	1.155762:2.67627:-30.0498	1.103027:8.081543:-12.14209	-0.5237364:14.62484:-38.06682	Start	Default	
-2.487305:-0.1230469:-27.3252	-2.816895:4.495605:-25.89258	1.155762:2.67627:-30.0498	1.103027:8.081543:-12.14209	-0.5230041:14.60997:-38.04766	Start	Default	
-2.487305:-0.1230469:-27.3252	-2.816895:4.495605:-25.89258	1.155762:2.67627:-30.0498	1.103027:8.081543:-12.14209	-0.5233467:14.60972:-38.04658	Start	Default	
-2.487305:-0.1230469:-27.3252	-2.816895:4.495605:-25.89258	1.155762:2.67627:-30.0498	1.103027:8.081543:-12.14209	-0.5230456:14.6052:-38.04161	Start	Default	
-2.487305:-0.1230469:-27.3252	-2.816895:4.495605:-25.89258	1.155762:2.67627:-30.0498	1.103027:8.081543:-12.14209	-0.5260053:14.59744:-38.03172	Start	Default	
-2.487305:-0.1230469:-27.3252	-2.816895:4.495605:-25.89258	1.155762:2.67627:-30.0498	1.103027:8.081543:-12.14209	-0.5276495:14.59646:-38.03006	Start	Default	
-2.487305:-0.1230469:-27.3252	-2.816895:4.495605:-25.89258	1.155762:2.67627:-30.0498	1.103027:8.081543:-12.14209	-0.5274101:14.59151:-38.02378	Start	Default	
-2.487305:-0.1230469:-27.3252	-2.816895:4.495605:-25.89258	1.155762:2.67627:-30.0498	1.103027:8.081543:-12.14209	-0.5322834:14.58902:-38.01646	Start	Default	
-2.487305:-0.1230469:-27.3252	-2.816895:4.495605:-25.89258	1.155762:2.67627:-30.0498	1.103027:8.081543:-12.14209	-0.5240608:14.5688:-37.96637	Start	Default	
-2.487305:-0.1230469:-27.3252	-2.816895:4.495605:-25.89258	1.155762:2.67627:-30.0498	1.103027:8.081543:-12.14209	-0.5283186:14.62733:-37.93538	Start	Default	
-2.487305:-0.1230469:-27.3252	-2.816895:4.495605:-25.89258	1.155762:2.67627:-30.0498	1.103027:8.081543:-12.14209	-0.5354316:14.66032:-37.92488	Start	Bottle	
-2.487305:-0.1230469:-27.3252	-2.816895:4.495605:-25.89258	1.155762:2.67627:-30.0498	1.103027:8.081543:-12.14209	-0.5022743:14.69728:-37.90898	Start	Bottle	
-2.487305:-0.1230469:-27.3252	-2.816895:4.495605:-25.89258	1.155762:2.67627:-30.0498	1.103027:8.081543:-12.14209	-0.3891684:14.50938:-37.17094	Start	Default	
-2.487305:-0.1230469:-27.3252	-2.816895:4.495605:-25.89258	1.155762:2.67627:-30.0498	1.103027:8.081543:-12.14209	-0.4251861:14.63564:-37.58697	Start	Default	
-2.487305:-0.1230469:-27.3252	-2.816895:4.495605:-25.89258	1.155762:2.67627:-30.0498	1.103027:8.081543:-12.14209	-0.395007:14.60856:-37.42313	Start	Default	
-2.487305:-0.1230469:-27.3252	-2.816895:4.495605:-25.89258	1.155762:2.67627:-30.0498	1.103027:8.081543:-12.14209	-0.4341713:14.66906:-37.70217	Start	Default	
-2.487305:-0.1230469:-27.3252	-2.816895:4.495605:-25.89258	1.155762:2.67627:-30.0498	1.103027:8.081543:-12.14209	-0.4295912:14.64822:-37.61215	Start	Default	
-2.487305:-0.1230469:-27.3252	-2.816895:4.495605:-25.89258	1.155762:2.67627:-30.0498	1.103027:8.081543:-12.14209	-0.4204794:14.63971:-37.59557	Start	Default	
-2.487305:-0.1230469:-27.3252	-2.816895:4.495605:-25.89258	1.155762:2.67627:-30.0498	1.103027:8.081543:-12.14209	-0.4171103:14.63464:-37.58293	Start	Default	
-2.487305:-0.1230469:-27.3252	-2.816895:4.495605:-25.89258	1.155762:2.67627:-30.0498	1.103027:8.081543:-12.14209	-0.4206335:14.6352:-37.59248	Start	Default	
-2.487305:-0.1230469:-27.3252	-2.816895:4.495605:-25.89258	1.155762:2.67627:-30.0498	1.103027:8.081543:-12.14209	-0.427366:14.64412:-37.60569	Start	Default	
-2.487305:-0.1230469:-27.3252	-2.816895:4.495605:-25.89258	1.155762:2.67627:-30.0498	1.103027:8.081543:-12.14209	-0.4543347:14.64522:-37.57678	Start	Default	
-2.487305:-0.1230469:-27.3252	-2.816895:4.495605:-25.89258	1.155762:2.67627:-30.0498	1.103027:8.081543:-12.14209	-0.4468535:14.64163:-37.55123	Start	Default	
-2.487305:-0.1230469:-27.3252	-2.816895:4.495605:-25.89258	1.155762:2.67627:-30.0498	1.103027:8.081543:-12.14209	-0.4452406:14.64341:-37.57128	Start	Default	
-2.487305:-0.1230469:-27.3252	-2.816895:4.495605:-25.89258	1.155762:2.67627:-30.0498	1.103027:8.081543:-12.14209	-0.4433388:14.64:-37.54967	Start	Default	
-2.487305:-0.1230469:-27.3252	-2.816895:4.495605:-25.89258	1.155762:2.67627:-30.0498	1.103027:8.081543:-12.14209	-0.4477133:14.6793:-37.72821	Start	Default	
-2.487305:-0.1230469:-27.3252	-2.816895:4.495605:-25.89258	1.155762:2.67627:-30.0498	1.103027:8.081543:-12.14209	-0.4550544:14.70309:-37.81538	Start	Default	
-2.487305:-0.1230469:-27.3252	-2.816895:4.495605:-25.89258	1.155762:2.67627:-30.0498	1.103027:8.081543:-12.14209	-0.4596569:14.70792:-37.82888	Start	Default	
-2.487305:-0.1230469:-27.3252	-2.816895:4.495605:-25.89258	1.155762:2.67627:-30.0498	1.103027:8.081543:-12.14209	-0.4573021:14.70079:-37.80785	Start	Default	
-2.487305:-0.1230469:-27.3252	-2.816895:4.495605:-25.89258	1.155762:2.67627:-30.0498	1.103027:8.081543:-12.14209	-0.4566514:14.69925:-37.80397	Start	Default	
-2.487305:-0.1230469:-27.3252	-2.816895:4.495605:-25.89258	1.155762:2.67627:-30.0498	1.103027:8.081543:-12.14209	-0.4591123:14.70059:-37.80697	Start	Default	
-2.487305:-0.1230469:-27.3252	-2.816895:4.495605:-25.89258	1.155762:2.67627:-30.0498	1.103027:8.081543:-12.14209	-0.5102458:14.72829:-37.83786	Start	Default	
-2.487305:-0.1230469:-27.3252	-2.816895:4.495605:-25.89258	1.155762:2.67627:-30.0498	1.103027:8.081543:-12.14209	-0.5009165:14.72283:-37.83608	Start	Default	
-2.487305:-0.1230469:-27.3252	-2.816895:4.495605:-25.89258	1.155762:2.67627:-30.0498	1.103027:8.081543:-12.14209	-0.4810707:14.71059:-37.83122	Start	Default	
-2.487305:-0.1230469:-27.3252	-2.816895:4.495605:-25.89258	1.155762:2.67627:-30.0498	1.103027:8.081543:-12.14209	-0.4526572:14.68311:-37.76989	Start	Default	
-2.487305:-0.1230469:-27.3252	-2.816895:4.495605:-25.89258	1.155762:2.67627:-30.0498	1.103027:8.081543:-12.14209	-0.4456986:14.66708:-37.70478	Start	Default	
-2.487305:-0.1230469:-27.3252	-2.816895:4.495605:-25.89258	1.155762:2.67627:-30.0498	1.103027:8.081543:-12.14209	-0.3950771:14.50726:-37.28487	Start	Default	
-2.487305:-0.1230469:-27.3252	-2.816895:4.495605:-25.89258	1.155762:2.67627:-30.0498	1.103027:8.081543:-12.14209	-0.4096861:14.47428:-37.38897	Start	Default	
-2.487305:-0.1230469:-27.3252	-2.816895:4.495605:-25.89258	1.155762:2.67627:-30.0498	1.103027:8.081543:-12.14209	-0.5335665:14.69352:-37.99242	Start	Default	
-2.487305:-0.1230469:-27.3252	-2.816895:4.495605:-25.89258	1.155762:2.67627:-30.0498	1.103027:8.081543:-12.14209	-0.527124:14.61821:-37.92168	Start	Default	
-2.487305:-0.1230469:-27.3252	-2.816895:4.495605:-25.89258	1.155762:2.67627:-30.0498	1.103027:8.081543:-12.14209	-0.5036864:14.52925:-37.87632	Start	Default	
-2.487305:-0.1230469:-27.3252	-2.816895:4.495605:-25.89258	1.155762:2.67627:-30.0498	1.103027:8.081543:-12.14209	-0.5192253:14.66914:-38.11608	Start	Default	
-2.487305:-0.1230469:-27.3252	-2.816895:4.495605:-25.89258	1.155762:2.67627:-30.0498	1.103027:8.081543:-12.14209	-0.5217131:14.60846:-38.08341	Start	Default	
-2.487305:-0.1230469:-27.3252	-2.816895:4.495605:-25.89258	1.155762:2.67627:-30.0498	1.103027:8.081543:-12.14209	-0.5472513:14.65035:-38.10701	Start	Default	
-2.487305:-0.1230469:-27.3252	-2.816895:4.495605:-25.89258	1.155762:2.67627:-30.0498	1.103027:8.081543:-12.14209	-0.5596644:14.64545:-38.09239	Start	Default	
-2.487305:-0.1230469:-27.3252	-2.816895:4.495605:-25.89258	1.155762:2.67627:-30.0498	1.103027:8.081543:-12.14209	-0.5440302:14.64113:-38.09844	Start	Default	
-2.487305:-0.1230469:-27.3252	-2.816895:4.495605:-25.89258	1.155762:2.67627:-30.0498	1.103027:8.081543:-12.14209	-0.5357087:14.60479:-38.07515	Start	Default	
-2.487305:-0.1230469:-27.3252	-2.816895:4.495605:-25.89258	1.155762:2.67627:-30.0498	1.103027:8.081543:-12.14209	-0.5397551:14.60143:-38.06365	Start	Default	
-2.487305:-0.1230469:-27.3252	-2.816895:4.495605:-25.89258	1.155762:2.67627:-30.0498	1.103027:8.081543:-12.14209	-0.5372804:14.60608:-38.07126	Start	Default	
-2.487305:-0.1230469:-27.3252	-2.816895:4.495605:-25.89258	1.155762:2.67627:-30.0498	1.103027:8.081543:-12.14209	-0.5351802:14.59863:-38.06418	Start	Default	
-2.487305:-0.1230469:-27.3252	-2.816895:4.495605:-25.89258	1.155762:2.67627:-30.0498	1.103027:8.081543:-12.14209	-0.5375593:14.60343:-38.07047	Start	Default	
-2.487305:-0.1230469:-27.3252	-2.816895:4.495605:-25.89258	1.155762:2.67627:-30.0498	1.103027:8.081543:-12.14209	-0.5343202:14.61697:-38.08548	Start	Default	
-2.487305:-0.1230469:-27.3252	-2.816895:4.495605:-25.89258	1.155762:2.67627:-30.0498	1.103027:8.081543:-12.14209	-0.5394058:14.62449:-38.09123	Start	Default	
-2.487305:-0.1230469:-27.3252	-2.816895:4.495605:-25.89258	1.155762:2.67627:-30.0498	1.103027:8.081543:-12.14209	-0.5413465:14.62286:-38.08961	Start	Default	
-2.487305:-0.1230469:-27.3252	-2.816895:4.495605:-25.89258	1.155762:2.67627:-30.0498	1.103027:8.081543:-12.14209	-0.5421892:14.62571:-38.09364	Start	Default	
-2.487305:-0.1230469:-27.3252	-2.816895:4.495605:-25.89258	1.155762:2.67627:-30.0498	1.103027:8.081543:-12.14209	-0.5427583:14.62917:-38.09639	Start	Default	
-2.487305:-0.1230469:-27.3252	-2.816895:4.495605:-25.89258	1.155762:2.67627:-30.0498	1.103027:8.081543:-12.14209	-0.542172:14.63066:-38.09776	Start	Default	
-2.487305:-0.1230469:-27.3252	-2.816895:4.495605:-25.89258	1.155762:2.67627:-30.0498	1.103027:8.081543:-12.14209	-0.5497859:14.63258:-38.0958	Start	Default	
-2.487305:-0.1230469:-27.3252	-2.816895:4.495605:-25.89258	1.155762:2.67627:-30.0498	1.103027:8.081543:-12.14209	-0.5448064:14.63409:-38.10009	Start	Default	
-2.487305:-0.1230469:-27.3252	-2.816895:4.495605:-25.89258	1.155762:2.67627:-30.0498	1.103027:8.081543:-12.14209	-0.5506323:14.63439:-38.09727	Start	Default	
-2.487305:-0.1230469:-27.3252	-2.816895:4.495605:-25.89258	1.155762:2.67627:-30.0498	1.103027:8.081543:-12.14209	-0.5445579:14.58519:-38.04831	Start	Default	
-2.487305:-0.1230469:-27.3252	-2.816895:4.495605:-25.89258	1.155762:2.67627:-30.0498	1.103027:8.081543:-12.14209	-0.5425746:14.57217:-38.03636	Start	Default	
-2.487305:-0.1230469:-27.3252	-2.816895:4.495605:-25.89258	1.155762:2.67627:-30.0498	1.103027:8.081543:-12.14209	-0.5310278:14.48335:-37.94571	Start	Default	
-2.487305:-0.1230469:-27.3252	-2.816895:4.495605:-25.89258	1.155762:2.67627:-30.0498	1.103027:8.081543:-12.14209	-0.5302015:14.46389:-37.92571	Start	Default	
-2.487305:-0.1230469:-27.3252	-2.816895:4.495605:-25.89258	1.155762:2.67627:-30.0498	1.103027:8.081543:-12.14209	-0.5209803:14.45033:-37.91586	Start	Default	
-2.487305:-0.1230469:-27.3252	-2.816895:4.495605:-25.89258	1.155762:2.67627:-30.0498	1.103027:8.081543:-12.14209	-0.5330228:14.54279:-38.00827	Start	Default	
-2.487305:-0.1230469:-27.3252	-2.816895:4.495605:-25.89258	1.155762:2.67627:-30.0498	1.103027:8.081543:-12.14209	-0.5316756:14.57389:-38.04268	Start	Default	
-2.487305:-0.1230469:-27.3252	-2.816895:4.495605:-25.89258	1.155762:2.67627:-30.0498	1.103027:8.081543:-12.14209	-0.5345632:14.57211:-38.03765	Start	Default	
-2.487305:-0.1230469:-27.3252	-2.816895:4.495605:-25.89258	1.155762:2.67627:-30.0498	1.103027:8.081543:-12.14209	-0.5454131:14.65679:-38.12259	Start	Default	
-2.487305:-0.1230469:-27.3252	-2.816895:4.495605:-25.89258	1.155762:2.67627:-30.0498	1.103027:8.081543:-12.14209	-0.5367395:14.6139:-38.07566	Start	Default	
-2.487305:-0.1230469:-27.3252	-2.816895:4.495605:-25.89258	1.155762:2.67627:-30.0498	1.103027:8.081543:-12.14209	-0.5596487:14.73983:-38.15684	Start	Default	
-2.487305:-0.1230469:-27.3252	-2.816895:4.495605:-25.89258	1.155762:2.67627:-30.0498	1.103027:8.081543:-12.14209	-0.5663527:14.74091:-38.12396	Start	Default	
-2.487305:-0.1230469:-27.3252	-2.816895:4.495605:-25.89258	1.155762:2.67627:-30.0498	1.103027:8.081543:-12.14209	-0.543212:14.71948:-38.01759	Start	Bottle	
-2.487305:-0.1230469:-27.3252	-2.816895:4.495605:-25.89258	1.155762:2.67627:-30.0498	1.103027:8.081543:-12.14209	-0.5619812:14.75251:-37.98919	Start	Bottle	
-2.487305:-0.1230469:-27.3252	-2.816895:4.495605:-25.89258	1.155762:2.67627:-30.0498	1.103027:8.081543:-12.14209	-0.551321:14.75224:-37.85838	Start	Default	
-2.487305:-0.1230469:-27.3252	-2.816895:4.495605:-25.89258	1.155762:2.67627:-30.0498	1.103027:8.081543:-12.14209	-0.5422371:14.75898:-37.77447	Start	Default	
-2.487305:-0.1230469:-27.3252	-2.816895:4.495605:-25.89258	1.155762:2.67627:-30.0498	1.103027:8.081543:-12.14209	-0.5262213:14.77815:-37.67671	Start	Default	
-2.487305:-0.1230469:-27.3252	-2.816895:4.495605:-25.89258	1.155762:2.67627:-30.0498	1.103027:8.081543:-12.14209	-0.4979592:14.76381:-37.7297	Start	Default	
-2.487305:-0.1230469:-27.3252	-2.816895:4.495605:-25.89258	1.155762:2.67627:-30.0498	1.103027:8.081543:-12.14209	-0.4496317:14.73629:-37.62652	Start	Default	
-2.487305:-0.1230469:-27.3252	-2.816895:4.495605:-25.89258	1.155762:2.67627:-30.0498	1.103027:8.081543:-12.14209	-0.4860466:14.78187:-37.83767	Start	Default	
-2.487305:-0.1230469:-27.3252	-2.816895:4.495605:-25.89258	1.155762:2.67627:-30.0498	1.103027:8.081543:-12.14209	-0.5510249:14.77831:-37.66279	Start	Default	
-2.487305:-0.1230469:-27.3252	-2.816895:4.495605:-25.89258	1.155762:2.67627:-30.0498	1.103027:8.081543:-12.14209	-0.5435145:14.76081:-37.56716	Start	Default	
-2.487305:-0.1230469:-27.3252	-2.816895:4.495605:-25.89258	1.155762:2.67627:-30.0498	1.103027:8.081543:-12.14209	-0.5505201:14.77143:-37.62778	Start	Default	
-2.487305:-0.1230469:-27.3252	-2.816895:4.495605:-25.89258	1.155762:2.67627:-30.0498	1.103027:8.081543:-12.14209	-0.5308047:14.76529:-37.53743	Start	Default	
-2.487305:-0.1230469:-27.3252	-2.816895:4.495605:-25.89258	1.155762:2.67627:-30.0498	1.103027:8.081543:-12.14209	-0.5232196:14.77225:-37.56061	Start	Default	
-2.487305:-0.1230469:-27.3252	-2.816895:4.495605:-25.89258	1.155762:2.67627:-30.0498	1.103027:8.081543:-12.14209	-0.5038178:14.7616:-37.5603	Start	Default	
-2.487305:-0.1230469:-27.3252	-2.816895:4.495605:-25.89258	1.155762:2.67627:-30.0498	1.103027:8.081543:-12.14209	-0.4439658:14.7472:-37.57677	Start	Default	
-2.487305:-0.1230469:-27.3252	-2.816895:4.495605:-25.89258	1.155762:2.67627:-30.0498	1.103027:8.081543:-12.14209	-0.4486245:14.74963:-37.59045	Start	Default	
-2.487305:-0.1230469:-27.3252	-2.816895:4.495605:-25.89258	1.155762:2.67627:-30.0498	1.103027:8.081543:-12.14209	-0.4454446:14.74287:-37.57078	Start	Default	
-2.487305:-0.1230469:-27.3252	-2.816895:4.495605:-25.89258	1.155762:2.67627:-30.0498	1.103027:8.081543:-12.14209	-0.4483319:14.74281:-37.59096	Start	Default	
-2.487305:-0.1230469:-27.3252	-2.816895:4.495605:-25.89258	1.155762:2.67627:-30.0498	1.103027:8.081543:-12.14209	-0.4539863:14.72542:-37.52729	Start	Default	
-2.487305:-0.1230469:-27.3252	-2.816895:4.495605:-25.89258	1.155762:2.67627:-30.0498	1.103027:8.081543:-12.14209	-0.4935923:14.73057:-37.44999	Start	Default	
-2.487305:-0.1230469:-27.3252	-2.816895:4.495605:-25.89258	1.155762:2.67627:-30.0498	1.103027:8.081543:-12.14209	-0.5210833:14.73709:-37.47227	Start	Default	
-2.487305:-0.1230469:-27.3252	-2.816895:4.495605:-25.89258	1.155762:2.67627:-30.0498	1.103027:8.081543:-12.14209	-0.5505444:14.72915:-37.39144	Start	Default	
-2.487305:-0.1230469:-27.3252	-2.816895:4.495605:-25.89258	1.155762:2.67627:-30.0498	1.103027:8.081543:-12.14209	-0.5493538:14.73731:-37.48158	Start	Default	
-2.487305:-0.1230469:-27.3252	-2.816895:4.495605:-25.89258	1.155762:2.67627:-30.0498	1.103027:8.081543:-12.14209	-0.4923664:14.74102:-37.59208	Start	Default	
-2.487305:-0.1230469:-27.3252	-2.816895:4.495605:-25.89258	1.155762:2.67627:-30.0498	1.103027:8.081543:-12.14209	-0.4182324:14.63649:-37.28296	Start	Default	
-2.487305:-0.1230469:-27.3252	-2.816895:4.495605:-25.89258	1.155762:2.67627:-30.0498	1.103027:8.081543:-12.14209	-0.4435708:14.6373:-37.46571	Start	Default	
-2.487305:-0.1230469:-27.3252	-2.816895:4.495605:-25.89258	1.155762:2.67627:-30.0498	1.103027:8.081543:-12.14209	-0.4371426:14.63695:-37.40017	Start	Default	
-2.487305:-0.1230469:-27.3252	-2.816895:4.495605:-25.89258	1.155762:2.67627:-30.0498	1.103027:8.081543:-12.14209	-0.4319787:14.62679:-37.36079	Start	Default	
-2.487305:-0.1230469:-27.3252	-2.816895:4.495605:-25.89258	1.155762:2.67627:-30.0498	1.103027:8.081543:-12.14209	-0.4312246:14.62343:-37.35217	Start	Default	
-2.487305:-0.1230469:-27.3252	-2.816895:4.495605:-25.89258	1.155762:2.67627:-30.0498	1.103027:8.081543:-12.14209	-0.4405388:14.63061:-37.3838	Start	Default	
-2.487305:-0.1230469:-27.3252	-2.816895:4.495605:-25.89258	1.155762:2.67627:-30.0498	1.103027:8.081543:-12.14209	-0.480796:14.64726:-37.41462	Start	Default	
-2.487305:-0.1230469:-27.3252	-2.816895:4.495605:-25.89258	1.155762:2.67627:-30.0498	1.103027:8.081543:-12.14209	-0.4746794:14.64732:-37.42501	Start	Default	
-2.487305:-0.1230469:-27.3252	-2.816895:4.495605:-25.89258	1.155762:2.67627:-30.0498	1.103027:8.081543:-12.14209	-0.4709324:14.64216:-37.40024	Start	Default	
-2.487305:-0.1230469:-27.3252	-2.816895:4.495605:-25.89258	1.155762:2.67627:-30.0498	1.103027:8.081543:-12.14209	-0.4691601:14.64049:-37.39199	Start	Default	
-2.487305:-0.1230469:-27.3252	-2.816895:4.495605:-25.89258	1.155762:2.67627:-30.0498	1.103027:8.081543:-12.14209	-0.4662946:14.63689:-37.37378	Start	Default	
-2.487305:-0.1230469:-27.3252	-2.816895:4.495605:-25.89258	1.155762:2.67627:-30.0498	1.103027:8.081543:-12.14209	-0.4651442:14.6434:-37.40883	Start	Default	
-2.487305:-0.1230469:-27.3252	-2.816895:4.495605:-25.89258	1.155762:2.67627:-30.0498	1.103027:8.081543:-12.14209	-0.4651242:14.65066:-37.44016	Start	Default	
-2.487305:-0.1230469:-27.3252	-2.816895:4.495605:-25.89258	1.155762:2.67627:-30.0498	1.103027:8.081543:-12.14209	-0.4738783:14.66116:-37.5005	Start	Default	
-2.487305:-0.1230469:-27.3252	-2.816895:4.495605:-25.89258	1.155762:2.67627:-30.0498	1.103027:8.081543:-12.14209	-0.4814616:14.65952:-37.47467	Start	Default	
-2.487305:-0.1230469:-27.3252	-2.816895:4.495605:-25.89258	1.155762:2.67627:-30.0498	1.103027:8.081543:-12.14209	-0.4865635:14.66222:-37.4798	Start	Default	
-2.487305:-0.1230469:-27.3252	-2.816895:4.495605:-25.89258	1.155762:2.67627:-30.0498	1.103027:8.081543:-12.14209	-0.4974344:14.66825:-37.49903	Start	Default	
-2.487305:-0.1230469:-27.3252	-2.816895:4.495605:-25.89258	1.155762:2.67627:-30.0498	1.103027:8.081543:-12.14209	-0.5005822:14.66522:-37.47372	Start	Default	
-2.487305:-0.1230469:-27.3252	-2.816895:4.495605:-25.89258	1.155762:2.67627:-30.0498	1.103027:8.081543:-12.14209	-0.5014684:14.66519:-37.47192	Start	Default	
-2.487305:-0.1230469:-27.3252	-2.816895:4.495605:-25.89258	1.155762:2.67627:-30.0498	1.103027:8.081543:-12.14209	-0.5022282:14.66677:-37.47851	Start	Default	
-2.487305:-0.1230469:-27.3252	-2.816895:4.495605:-25.89258	1.155762:2.67627:-30.0498	1.103027:8.081543:-12.14209	-0.4980278:14.65255:-37.41665	Start	Default	
-2.487305:-0.1230469:-27.3252	-2.816895:4.495605:-25.89258	1.155762:2.67627:-30.0498	1.103027:8.081543:-12.14209	-0.5015726:14.65921:-37.44346	Start	Default	
-2.487305:-0.1230469:-27.3252	-2.816895:4.495605:-25.89258	1.155762:2.67627:-30.0498	1.103027:8.081543:-12.14209	-0.5006714:14.65456:-37.41395	Start	Default	
-2.487305:-0.1230469:-27.3252	-2.816895:4.495605:-25.89258	1.155762:2.67627:-30.0498	1.103027:8.081543:-12.14209	-0.5022629:14.66338:-37.44735	Start	Default	
-2.487305:-0.1230469:-27.3252	-2.816895:4.495605:-25.89258	1.155762:2.67627:-30.0498	1.103027:8.081543:-12.14209	-0.5288685:14.68173:-37.4939	Start	Default	
-2.487305:-0.1230469:-27.3252	-2.816895:4.495605:-25.89258	1.155762:2.67627:-30.0498	1.103027:8.081543:-12.14209	-0.5475737:14.6915:-37.51303	Start	Default	
-2.487305:-0.1230469:-27.3252	-2.816895:4.495605:-25.89258	1.155762:2.67627:-30.0498	1.103027:8.081543:-12.14209	-0.549201:14.69462:-37.52048	Start	Default	
-2.487305:-0.1230469:-27.3252	-2.816895:4.495605:-25.89258	1.155762:2.67627:-30.0498	1.103027:8.081543:-12.14209	-0.5488212:14.69475:-37.52448	Start	Default	
-2.487305:-0.1230469:-27.3252	-2.816895:4.495605:-25.89258	1.155762:2.67627:-30.0498	1.103027:8.081543:-12.14209	-0.5217488:14.69564:-37.58651	Start	Default	
-2.487305:-0.1230469:-27.3252	-2.816895:4.495605:-25.89258	1.155762:2.67627:-30.0498	1.103027:8.081543:-12.14209	-0.4480187:14.65707:-37.51154	Start	Default	
-2.487305:-0.1230469:-27.3252	-2.816895:4.495605:-25.89258	1.155762:2.67627:-30.0498	1.103027:8.081543:-12.14209	-0.4527469:14.66769:-37.5592	Start	Default	
-2.487305:-0.1230469:-27.3252	-2.816895:4.495605:-25.89258	1.155762:2.67627:-30.0498	1.103027:8.081543:-12.14209	-0.4495316:14.65235:-37.47955	Start	Default	
-2.487305:-0.1230469:-27.3252	-2.816895:4.495605:-25.89258	1.155762:2.67627:-30.0498	1.103027:8.081543:-12.14209	-0.4517473:14.66646:-37.53548	Start	Default	
-2.487305:-0.1230469:-27.3252	-2.816895:4.495605:-25.89258	1.155762:2.67627:-30.0498	1.103027:8.081543:-12.14209	-0.4490124:14.66704:-37.52969	Start	Default	
-2.487305:-0.1230469:-27.3252	-2.816895:4.495605:-25.89258	1.155762:2.67627:-30.0498	1.103027:8.081543:-12.14209	-0.4418131:14.64698:-37.44182	Start	Default	
-2.487305:-0.1230469:-27.3252	-2.816895:4.495605:-25.89258	1.155762:2.67627:-30.0498	1.103027:8.081543:-12.14209	-0.4368953:14.63597:-37.40164	Start	Default	
-2.487305:-0.1230469:-27.3252	-2.816895:4.495605:-25.89258	1.155762:2.67627:-30.0498	1.103027:8.081543:-12.14209	-0.4282981:14.55498:-37.19708	Start	Bottle	
-2.487305:-0.1230469:-27.3252	-2.816895:4.495605:-25.89258	1.155762:2.67627:-30.0498	1.103027:8.081543:-12.14209	-0.5054535:14.69178:-37.89421	Start	Bottle	
-2.487305:-0.1230469:-27.3252	-2.816895:4.495605:-25.89258	1.155762:2.67627:-30.0498	1.103027:8.081543:-12.14209	-0.5162606:14.6611:-37.87515	Start	Bottle	
-2.487305:-0.1230469:-27.3252	-2.816895:4.495605:-25.89258	1.155762:2.67627:-30.0498	1.103027:8.081543:-12.14209	-0.5191092:14.65682:-37.95361	Start	Default	
-2.487305:-0.1230469:-27.3252	-2.816895:4.495605:-25.89258	1.155762:2.67627:-30.0498	1.103027:8.081543:-12.14209	-0.5164918:14.61868:-37.89803	Start	Default	
-2.487305:-0.1230469:-27.3252	-2.816895:4.495605:-25.89258	1.155762:2.67627:-30.0498	1.103027:8.081543:-12.14209	-0.5256996:14.6218:-37.88543	Start	Default	
-2.487305:-0.1230469:-27.3252	-2.816895:4.495605:-25.89258	1.155762:2.67627:-30.0498	1.103027:8.081543:-12.14209	-0.5618581:14.64393:-37.90232	Start	Default	
-2.487305:-0.1230469:-27.3252	-2.816895:4.495605:-25.89258	1.155762:2.67627:-30.0498	1.103027:8.081543:-12.14209	-0.5586001:14.64813:-37.92575	Start	Default	
-2.487305:-0.1230469:-27.3252	-2.816895:4.495605:-25.89258	1.155762:2.67627:-30.0498	1.103027:8.081543:-12.14209	-0.5594132:14.63105:-37.8874	Start	Default	
-2.487305:-0.1230469:-27.3252	-2.816895:4.495605:-25.89258	1.155762:2.67627:-30.0498	1.103027:8.081543:-12.14209	-0.5586793:14.61325:-37.85184	Start	Default	
-2.487305:-0.1230469:-27.3252	-2.816895:4.495605:-25.89258	1.155762:2.67627:-30.0498	1.103027:8.081543:-12.14209	-0.5575691:14.62536:-37.8807	Start	Default	
-2.487305:-0.1230469:-27.3252	-2.816895:4.495605:-25.89258	1.155762:2.67627:-30.0498	1.103027:8.081543:-12.14209	-0.5570629:14.62526:-37.87797	Start	Default	
-2.487305:-0.1230469:-27.3252	-2.816895:4.495605:-25.89258	1.155762:2.67627:-30.0498	1.103027:8.081543:-12.14209	-0.5584111:14.62383:-37.87525	Start	Default	
-2.487305:-0.1230469:-27.3252	-2.816895:4.495605:-25.89258	1.155762:2.67627:-30.0498	1.103027:8.081543:-12.14209	-0.5569857:14.62171:-37.87157	Start	Default	
-2.487305:-0.1230469:-27.3252	-2.816895:4.495605:-25.89258	1.155762:2.67627:-30.0498	1.103027:8.081543:-12.14209	-0.5578551:14.62226:-37.8714	Start	Default	
-2.487305:-0.1230469:-27.3252	-2.816895:4.495605:-25.89258	1.155762:2.67627:-30.0498	1.103027:8.081543:-12.14209	-0.5574154:14.6174:-37.86242	Start	Default	
-2.487305:-0.1230469:-27.3252	-2.816895:4.495605:-25.89258	1.155762:2.67627:-30.0498	1.103027:8.081543:-12.14209	-0.5568029:14.61877:-37.86599	Start	Default	
-2.487305:-0.1230469:-27.3252	-2.816895:4.495605:-25.89258	1.155762:2.67627:-30.0498	1.103027:8.081543:-12.14209	-0.5540663:14.63947:-37.8845	Start	Default	
-2.487305:-0.1230469:-27.3252	-2.816895:4.495605:-25.89258	1.155762:2.67627:-30.0498	1.103027:8.081543:-12.14209	-0.5114113:14.67342:-37.80252	Start	Bottle	
-2.487305:-0.1230469:-27.3252	-2.816895:4.495605:-25.89258	1.155762:2.67627:-30.0498	1.103027:8.081543:-12.14209	-0.4837219:14.68958:-37.79604	Start	Bottle	
-2.487305:-0.1230469:-27.3252	-2.816895:4.495605:-25.89258	1.155762:2.67627:-30.0498	1.103027:8.081543:-12.14209	-0.4314688:14.54757:-37.07562	Start	Default	
-2.487305:-0.1230469:-27.3252	-2.816895:4.495605:-25.89258	1.155762:2.67627:-30.0498	1.103027:8.081543:-12.14209	-0.4643142:14.64602:-37.51292	Start	Default	
-2.487305:-0.1230469:-27.3252	-2.816895:4.495605:-25.89258	1.155762:2.67627:-30.0498	1.103027:8.081543:-12.14209	-0.4463434:14.62451:-37.40004	Start	Default	
-2.487305:-0.1230469:-27.3252	-2.816895:4.495605:-25.89258	1.155762:2.67627:-30.0498	1.103027:8.081543:-12.14209	-0.412709:14.53976:-37.03184	Start	Default	
-2.487305:-0.1230469:-27.3252	-2.816895:4.495605:-25.89258	1.155762:2.67627:-30.0498	1.103027:8.081543:-12.14209	-0.4261844:14.55702:-37.09383	Start	Default	
-2.487305:-0.1230469:-27.3252	-2.816895:4.495605:-25.89258	1.155762:2.67627:-30.0498	1.103027:8.081543:-12.14209	-0.4501118:14.60125:-37.29425	Start	Default	
-2.487305:-0.1230469:-27.3252	-2.816895:4.495605:-25.89258	1.155762:2.67627:-30.0498	1.103027:8.081543:-12.14209	-0.4230327:14.49558:-36.74588	Start	Default	
-2.487305:-0.1230469:-27.3252	-2.816895:4.495605:-25.89258	1.155762:2.67627:-30.0498	1.103027:8.081543:-12.14209	-0.4099369:14.46993:-36.60555	Start	Default	
-2.487305:-0.1230469:-27.3252	-2.816895:4.495605:-25.89258	1.155762:2.67627:-30.0498	1.103027:8.081543:-12.14209	-0.3793389:14.43115:-36.49623	Start	Default	
-2.487305:-0.1230469:-27.3252	-2.816895:4.495605:-25.89258	1.155762:2.67627:-30.0498	1.103027:8.081543:-12.14209	-0.4206548:14.55996:-37.05845	Start	Default	
-2.487305:-0.1230469:-27.3252	-2.816895:4.495605:-25.89258	1.155762:2.67627:-30.0498	1.103027:8.081543:-12.14209	-0.4487128:14.62753:-37.41429	Start	Default	
-2.487305:-0.1230469:-27.3252	-2.816895:4.495605:-25.89258	1.155762:2.67627:-30.0498	1.103027:8.081543:-12.14209	-0.4455825:14.63192:-37.4314	Start	Default	
-2.487305:-0.1230469:-27.3252	-2.816895:4.495605:-25.89258	1.155762:2.67627:-30.0498	1.103027:8.081543:-12.14209	-0.4233403:14.57698:-37.18819	Start	Default	
-2.487305:-0.1230469:-27.3252	-2.816895:4.495605:-25.89258	1.155762:2.67627:-30.0498	1.103027:8.081543:-12.14209	-0.412145:14.54777:-37.06898	Start	Default	
-2.487305:-0.1230469:-27.3252	-2.816895:4.495605:-25.89258	1.155762:2.67627:-30.0498	1.103027:8.081543:-12.14209	-0.4344295:14.60103:-37.29336	Start	Default	
-2.487305:-0.1230469:-27.3252	-2.816895:4.495605:-25.89258	1.155762:2.67627:-30.0498	1.103027:8.081543:-12.14209	-0.4350323:14.60225:-37.31499	Start	Default	
-2.487305:-0.1230469:-27.3252	-2.816895:4.495605:-25.89258	1.155762:2.67627:-30.0498	1.103027:8.081543:-12.14209	-0.4183619:14.55608:-37.11185	Start	Default	
-2.487305:-0.1230469:-27.3252	-2.816895:4.495605:-25.89258	1.155762:2.67627:-30.0498	1.103027:8.081543:-12.14209	-0.4165744:14.55387:-37.09927	Start	Default	
-2.487305:-0.1230469:-27.3252	-2.816895:4.495605:-25.89258	1.155762:2.67627:-30.0498	1.103027:8.081543:-12.14209	-0.4245534:14.56926:-37.15448	Start	Default	
-2.487305:-0.1230469:-27.3252	-2.816895:4.495605:-25.89258	1.155762:2.67627:-30.0498	1.103027:8.081543:-12.14209	-0.4376327:14.59107:-37.2585	Start	Default	
-2.487305:-0.1230469:-27.3252	-2.816895:4.495605:-25.89258	1.155762:2.67627:-30.0498	1.103027:8.081543:-12.14209	-0.4306323:14.56502:-37.10379	Start	Default	
-2.487305:-0.1230469:-27.3252	-2.816895:4.495605:-25.89258	1.155762:2.67627:-30.0498	1.103027:8.081543:-12.14209	-0.457728:14.64318:-37.44878	Start	Default	
-2.487305:-0.1230469:-27.3252	-2.816895:4.495605:-25.89258	1.155762:2.67627:-30.0498	1.103027:8.081543:-12.14209	-0.4601444:14.6234:-37.35952	Start	Default	
-2.487305:-0.1230469:-27.3252	-2.816895:4.495605:-25.89258	1.155762:2.67627:-30.0498	1.103027:8.081543:-12.14209	-0.4513587:14.59755:-37.26046	Start	Default	
-2.487305:-0.1230469:-27.3252	-2.816895:4.495605:-25.89258	1.155762:2.67627:-30.0498	1.103027:8.081543:-12.14209	-0.4476086:14.58318:-37.20406	Start	Default	
-2.487305:-0.1230469:-27.3252	-2.816895:4.495605:-25.89258	1.155762:2.67627:-30.0498	1.103027:8.081543:-12.14209	-0.449644:14.57608:-37.18925	Start	Default	
-2.487305:-0.1230469:-27.3252	-2.816895:4.495605:-25.89258	1.155762:2.67627:-30.0498	1.103027:8.081543:-12.14209	-0.45296:14.57948:-37.1987	Start	Default	
-2.487305:-0.1230469:-27.3252	-2.816895:4.495605:-25.89258	1.155762:2.67627:-30.0498	1.103027:8.081543:-12.14209	-0.4875689:14.67736:-37.59852	Start	Default	
-2.487305:-0.1230469:-27.3252	-2.816895:4.495605:-25.89258	1.155762:2.67627:-30.0498	1.103027:8.081543:-12.14209	-0.4665979:14.6188:-37.36406	Start	Default	
-2.487305:-0.1230469:-27.3252	-2.816895:4.495605:-25.89258	1.155762:2.67627:-30.0498	1.103027:8.081543:-12.14209	-0.4660939:14.61735:-37.33356	Start	Default	
-2.487305:-0.1230469:-27.3252	-2.816895:4.495605:-25.89258	1.155762:2.67627:-30.0498	1.103027:8.081543:-12.14209	-0.4643402:14.61062:-37.32251	Start	Default	
-2.487305:-0.1230469:-27.3252	-2.816895:4.495605:-25.89258	1.155762:2.67627:-30.0498	1.103027:8.081543:-12.14209	-0.5283504:14.71547:-37.70637	Start	Default	
-2.487305:-0.1230469:-27.3252	-2.816895:4.495605:-25.89258	1.155762:2.67627:-30.0498	1.103027:8.081543:-12.14209	-0.6032668:14.65544:-37.47615	Start	Default	
-2.487305:-0.1230469:-27.3252	-2.816895:4.495605:-25.89258	1.155762:2.67627:-30.0498	1.103027:8.081543:-12.14209	-0.5879715:14.65816:-37.62621	Start	Default	
-2.487305:-0.1230469:-27.3252	-2.816895:4.495605:-25.89258	1.155762:2.67627:-30.0498	1.103027:8.081543:-12.14209	-0.5752166:14.6738:-37.69514	Start	Default	
-2.487305:-0.1230469:-27.3252	-2.816895:4.495605:-25.89258	1.155762:2.67627:-30.0498	1.103027:8.081543:-12.14209	-0.5786439:14.66394:-37.6503	Start	Default	
-2.487305:-0.1230469:-27.3252	-2.816895:4.495605:-25.89258	1.155762:2.67627:-30.0498	1.103027:8.081543:-12.14209	-0.5803465:14.65707:-37.61885	Start	Default	
-2.487305:-0.1230469:-27.3252	-2.816895:4.495605:-25.89258	1.155762:2.67627:-30.0498	1.103027:8.081543:-12.14209	-0.5817801:14.65764:-37.62499	Start	Default	
-2.487305:-0.1230469:-27.3252	-2.816895:4.495605:-25.89258	1.155762:2.67627:-30.0498	1.103027:8.081543:-12.14209	-0.6088635:14.66433:-37.62881	Start	Default	
-2.487305:-0.1230469:-27.3252	-2.816895:4.495605:-25.89258	1.155762:2.67627:-30.0498	1.103027:8.081543:-12.14209	-0.5974477:14.64399:-37.56452	Start	Default	
-2.487305:-0.1230469:-27.3252	-2.816895:4.495605:-25.89258	1.155762:2.67627:-30.0498	1.103027:8.081543:-12.14209	-0.5893542:14.64069:-37.55205	Start	Default	
-2.487305:-0.1230469:-27.3252	-2.816895:4.495605:-25.89258	1.155762:2.67627:-30.0498	1.103027:8.081543:-12.14209	-0.5912037:14.62729:-37.5207	Start	Default	
-2.487305:-0.1230469:-27.3252	-2.816895:4.495605:-25.89258	1.155762:2.67627:-30.0498	1.103027:8.081543:-12.14209	-0.57864:14.68794:-37.736	Start	Default	
-2.487305:-0.1230469:-27.3252	-2.816895:4.495605:-25.89258	1.155762:2.67627:-30.0498	1.103027:8.081543:-12.14209	-0.5747485:14.70601:-37.80619	Start	Default	
-2.487305:-0.1230469:-27.3252	-2.816895:4.495605:-25.89258	1.155762:2.67627:-30.0498	1.103027:8.081543:-12.14209	-0.5821161:14.67268:-37.68036	Start	Default	
-2.487305:-0.1230469:-27.3252	-2.816895:4.495605:-25.89258	1.155762:2.67627:-30.0498	1.103027:8.081543:-12.14209	-0.5797835:14.68984:-37.74833	Start	Default	
-2.487305:-0.1230469:-27.3252	-2.816895:4.495605:-25.89258	1.155762:2.67627:-30.0498	1.103027:8.081543:-12.14209	-0.5776281:14.70104:-37.79219	Start	Default	
-2.487305:-0.1230469:-27.3252	-2.816895:4.495605:-25.89258	1.155762:2.67627:-30.0498	1.103027:8.081543:-12.14209	-0.5734824:14.71436:-37.84345	Start	Default	
-2.487305:-0.1230469:-27.3252	-2.816895:4.495605:-25.89258	1.155762:2.67627:-30.0498	1.103027:8.081543:-12.14209	-0.5766344:14.69948:-37.7877	Start	Default	
-2.487305:-0.1230469:-27.3252	-2.816895:4.495605:-25.89258	1.155762:2.67627:-30.0498	1.103027:8.081543:-12.14209	-0.5851549:14.68006:-37.70493	Start	Default	
-2.487305:-0.1230469:-27.3252	-2.816895:4.495605:-25.89258	1.155762:2.67627:-30.0498	1.103027:8.081543:-12.14209	-0.6170633:14.64912:-37.56693	Start	Default	
-2.487305:-0.1230469:-27.3252	-2.816895:4.495605:-25.89258	1.155762:2.67627:-30.0498	1.103027:8.081543:-12.14209	-0.5965844:14.63704:-37.54327	Start	Default	
-2.487305:-0.1230469:-27.3252	-2.816895:4.495605:-25.89258	1.155762:2.67627:-30.0498	1.103027:8.081543:-12.14209	-0.5903158:14.62598:-37.50515	Start	Default	
-2.487305:-0.1230469:-27.3252	-2.816895:4.495605:-25.89258	1.155762:2.67627:-30.0498	1.103027:8.081543:-12.14209	-0.5869834:14.63924:-37.5488	Start	Default	
-2.487305:-0.1230469:-27.3252	-2.816895:4.495605:-25.89258	1.155762:2.67627:-30.0498	1.103027:8.081543:-12.14209	-0.583566:14.64779:-37.58456	Start	Default	
-2.487305:-0.1230469:-27.3252	-2.816895:4.495605:-25.89258	1.155762:2.67627:-30.0498	1.103027:8.081543:-12.14209	-0.5897425:14.63062:-37.49863	Start	Default	
-2.487305:-0.1230469:-27.3252	-2.816895:4.495605:-25.89258	1.155762:2.67627:-30.0498	1.103027:8.081543:-12.14209	-0.5963054:14.64768:-37.58276	Start	Default	
-2.487305:-0.1230469:-27.3252	-2.816895:4.495605:-25.89258	1.155762:2.67627:-30.0498	1.103027:8.081543:-12.14209	-0.6200771:14.6614:-37.60561	Start	Default	
-2.487305:-0.1230469:-27.3252	-2.816895:4.495605:-25.89258	1.155762:2.67627:-30.0498	1.103027:8.081543:-12.14209	-0.6270386:14.65856:-37.59314	Start	Default	
-2.487305:-0.1230469:-27.3252	-2.816895:4.495605:-25.89258	1.155762:2.67627:-30.0498	1.103027:8.081543:-12.14209	-0.5377018:14.60494:-37.3905	Start	Default	
-2.487305:-0.1230469:-27.3252	-2.816895:4.495605:-25.89258	1.155762:2.67627:-30.0498	1.103027:8.081543:-12.14209	-0.4793219:14.63824:-37.4205	Start	Default	
-2.487305:-0.1230469:-27.3252	-2.816895:4.495605:-25.89258	1.155762:2.67627:-30.0498	1.103027:8.081543:-12.14209	-0.4210191:14.58521:-37.175	Start	Default	
-2.487305:-0.1230469:-27.3252	-2.816895:4.495605:-25.89258	1.155762:2.67627:-30.0498	1.103027:8.081543:-12.14209	-0.4457254:14.57068:-37.14261	Start	Default	
-2.487305:-0.1230469:-27.3252	-2.816895:4.495605:-25.89258	1.155762:2.67627:-30.0498	1.103027:8.081543:-12.14209	-0.4591887:14.63108:-37.39423	Start	Default	
-2.487305:-0.1230469:-27.3252	-2.816895:4.495605:-25.89258	1.155762:2.67627:-30.0498	1.103027:8.081543:-12.14209	-0.4605209:14.63009:-37.36619	Start	Default	
-2.487305:-0.1230469:-27.3252	-2.816895:4.495605:-25.89258	1.155762:2.67627:-30.0498	1.103027:8.081543:-12.14209	-0.4681994:14.64805:-37.42286	Start	Default	
-2.487305:-0.1230469:-27.3252	-2.816895:4.495605:-25.89258	1.155762:2.67627:-30.0498	1.103027:8.081543:-12.14209	-0.4483563:14.63432:-37.37637	Start	Default	
-2.487305:-0.1230469:-27.3252	-2.816895:4.495605:-25.89258	1.155762:2.67627:-30.0498	1.103027:8.081543:-12.14209	-0.444818:14.63531:-37.37247	Start	Default	
-2.487305:-0.1230469:-27.3252	-2.816895:4.495605:-25.89258	1.155762:2.67627:-30.0498	1.103027:8.081543:-12.14209	-0.4406911:14.64304:-37.36869	Start	Default	
-2.487305:-0.1230469:-27.3252	-2.816895:4.495605:-25.89258	1.155762:2.67627:-30.0498	1.103027:8.081543:-12.14209	-0.4496959:14.65146:-37.416	Start	Default	
-2.487305:-0.1230469:-27.3252	-2.816895:4.495605:-25.89258	1.155762:2.67627:-30.0498	1.103027:8.081543:-12.14209	-0.4846369:14.66806:-37.47959	Start	Default	
-2.487305:-0.1230469:-27.3252	-2.816895:4.495605:-25.89258	1.155762:2.67627:-30.0498	1.103027:8.081543:-12.14209	-0.467388:14.66539:-37.46644	Start	Default	
-2.487305:-0.1230469:-27.3252	-2.816895:4.495605:-25.89258	1.155762:2.67627:-30.0498	1.103027:8.081543:-12.14209	-0.4401257:14.64274:-37.41101	Start	Default	
-2.487305:-0.1230469:-27.3252	-2.816895:4.495605:-25.89258	1.155762:2.67627:-30.0498	1.103027:8.081543:-12.14209	-0.437144:14.64275:-37.40609	Start	Default	
-2.487305:-0.1230469:-27.3252	-2.816895:4.495605:-25.89258	1.155762:2.67627:-30.0498	1.103027:8.081543:-12.14209	-0.4510864:14.67458:-37.5642	Start	Default	
-2.487305:-0.1230469:-27.3252	-2.816895:4.495605:-25.89258	1.155762:2.67627:-30.0498	1.103027:8.081543:-12.14209	-0.4704801:14.70763:-37.73743	Start	Default	
-2.487305:-0.1230469:-27.3252	-2.816895:4.495605:-25.89258	1.155762:2.67627:-30.0498	1.103027:8.081543:-12.14209	-0.4615515:14.68351:-37.62896	Start	Default	
-2.487305:-0.1230469:-27.3252	-2.816895:4.495605:-25.89258	1.155762:2.67627:-30.0498	1.103027:8.081543:-12.14209	-0.4566776:14.67717:-37.61093	Start	Default	
-2.487305:-0.1230469:-27.3252	-2.816895:4.495605:-25.89258	1.155762:2.67627:-30.0498	1.103027:8.081543:-12.14209	-0.4541733:14.65673:-37.52737	Start	Default	
-2.487305:-0.1230469:-27.3252	-2.816895:4.495605:-25.89258	1.155762:2.67627:-30.0498	1.103027:8.081543:-12.14209	-0.4591513:14.6684:-37.59458	Start	Default	
-2.487305:-0.1230469:-27.3252	-2.816895:4.495605:-25.89258	1.155762:2.67627:-30.0498	1.103027:8.081543:-12.14209	-0.4891556:14.70006:-37.70869	Start	Default	
-2.487305:-0.1230469:-27.3252	-2.816895:4.495605:-25.89258	1.155762:2.67627:-30.0498	1.103027:8.081543:-12.14209	-0.5113578:14.70501:-37.69151	Start	Default	
-2.487305:-0.1230469:-27.3252	-2.816895:4.495605:-25.89258	1.155762:2.67627:-30.0498	1.103027:8.081543:-12.14209	-0.4725797:14.70654:-37.73815	Start	Default	
-2.487305:-0.1230469:-27.3252	-2.816895:4.495605:-25.89258	1.155762:2.67627:-30.0498	1.103027:8.081543:-12.14209	-0.4761374:14.71476:-37.7674	Start	Default	
-2.487305:-0.1230469:-27.3252	-2.816895:4.495605:-25.89258	1.155762:2.67627:-30.0498	1.103027:8.081543:-12.14209	-0.4629046:14.68547:-37.64764	Start	Default	
-2.487305:-0.1230469:-27.3252	-2.816895:4.495605:-25.89258	1.155762:2.67627:-30.0498	1.103027:8.081543:-12.14209	-0.455726:14.66858:-37.55609	Start	Default	
-2.487305:-0.1230469:-27.3252	-2.816895:4.495605:-25.89258	1.155762:2.67627:-30.0498	1.103027:8.081543:-12.14209	-0.4482475:14.65142:-37.48309	Start	Default	
-2.487305:-0.1230469:-27.3252	-2.816895:4.495605:-25.89258	1.155762:2.67627:-30.0498	1.103027:8.081543:-12.14209	-0.4452955:14.6284:-37.42017	Start	Default	
-2.487305:-0.1230469:-27.3252	-2.816895:4.495605:-25.89258	1.155762:2.67627:-30.0498	1.103027:8.081543:-12.14209	-0.4831134:14.72137:-37.78329	Start	Default	
-2.487305:-0.1230469:-27.3252	-2.816895:4.495605:-25.89258	1.155762:2.67627:-30.0498	1.103027:8.081543:-12.14209	-0.4878595:14.72998:-37.83607	Start	Default	
-2.487305:-0.1230469:-27.3252	-2.816895:4.495605:-25.89258	1.155762:2.67627:-30.0498	1.103027:8.081543:-12.14209	-0.4668041:14.69265:-37.64886	Start	Default	
-2.487305:-0.1230469:-27.3252	-2.816895:4.495605:-25.89258	1.155762:2.67627:-30.0498	1.103027:8.081543:-12.14209	-0.4288432:14.61125:-37.29715	Start	Default	
-2.487305:-0.1230469:-27.3252	-2.816895:4.495605:-25.89258	1.155762:2.67627:-30.0498	1.103027:8.081543:-12.14209	-0.4197888:14.57474:-37.15982	Start	Default	
-2.487305:-0.1230469:-27.3252	-2.816895:4.495605:-25.89258	1.155762:2.67627:-30.0498	1.103027:8.081543:-12.14209	-0.4236389:14.58803:-37.18873	Start	Default	
-2.487305:-0.1230469:-27.3252	-2.816895:4.495605:-25.89258	1.155762:2.67627:-30.0498	1.103027:8.081543:-12.14209	-0.5665938:14.68864:-37.58887	Start	Default	
-2.487305:-0.1230469:-27.3252	-2.816895:4.495605:-25.89258	1.155762:2.67627:-30.0498	1.103027:8.081543:-12.14209	-0.6027142:14.71809:-37.70718	Start	Default	
-2.487305:-0.1230469:-27.3252	-2.816895:4.495605:-25.89258	1.155762:2.67627:-30.0498	1.103027:8.081543:-12.14209	-0.5629392:14.7265:-37.81616	Start	Default	
-2.487305:-0.1230469:-27.3252	-2.816895:4.495605:-25.89258	1.155762:2.67627:-30.0498	1.103027:8.081543:-12.14209	-0.5534807:14.71474:-37.78663	Start	Default	
-2.487305:-0.1230469:-27.3252	-2.816895:4.495605:-25.89258	1.155762:2.67627:-30.0498	1.103027:8.081543:-12.14209	-0.5534109:14.72322:-37.82288	Start	Default	
-2.487305:-0.1230469:-27.3252	-2.816895:4.495605:-25.89258	1.155762:2.67627:-30.0498	1.103027:8.081543:-12.14209	-0.5533234:14.7237:-37.82447	Start	Default	
-2.487305:-0.1230469:-27.3252	-2.816895:4.495605:-25.89258	1.155762:2.67627:-30.0498	1.103027:8.081543:-12.14209	-0.6506219:14.75486:-37.81446	Start	Default	
-2.487305:-0.1230469:-27.3252	-2.816895:4.495605:-25.89258	1.155762:2.67627:-30.0498	1.103027:8.081543:-12.14209	-0.6067507:14.73817:-37.80773	Start	Default	
-2.487305:-0.1230469:-27.3252	-2.816895:4.495605:-25.89258	1.155762:2.67627:-30.0498	1.103027:8.081543:-12.14209	-0.6010383:14.74082:-37.82017	Start	Default	
-2.487305:-0.1230469:-27.3252	-2.816895:4.495605:-25.89258	1.155762:2.67627:-30.0498	1.103027:8.081543:-12.14209	-0.5972646:14.73882:-37.81644	Start	Default	
-2.487305:-0.1230469:-27.3252	-2.816895:4.495605:-25.89258	1.155762:2.67627:-30.0498	1.103027:8.081543:-12.14209	-0.5948014:14.73846:-37.81106	Start	Default	
-2.487305:-0.1230469:-27.3252	-2.816895:4.495605:-25.89258	1.155762:2.67627:-30.0498	1.103027:8.081543:-12.14209	-0.6002264:14.73696:-37.79807	Start	Default	
-2.487305:-0.1230469:-27.3252	-2.816895:4.495605:-25.89258	1.155762:2.67627:-30.0498	1.103027:8.081543:-12.14209	-0.6106005:14.74028:-37.79961	Start	Default	
-2.487305:-0.1230469:-27.3252	-2.816895:4.495605:-25.89258	1.155762:2.67627:-30.0498	1.103027:8.081543:-12.14209	-0.6101764:14.74179:-37.79871	Start	Default	
-2.487305:-0.1230469:-27.3252	-2.816895:4.495605:-25.89258	1.155762:2.67627:-30.0498	1.103027:8.081543:-12.14209	-0.6110263:14.74074:-37.79429	Start	Default	
-2.487305:-0.1230469:-27.3252	-2.816895:4.495605:-25.89258	1.155762:2.67627:-30.0498	1.103027:8.081543:-12.14209	-0.613158:14.73949:-37.7835	Start	Default	
-2.487305:-0.1230469:-27.3252	-2.816895:4.495605:-25.89258	1.155762:2.67627:-30.0498	1.103027:8.081543:-12.14209	-0.6139079:14.73869:-37.78392	Start	Default	
-2.487305:-0.1230469:-27.3252	-2.816895:4.495605:-25.89258	1.155762:2.67627:-30.0498	1.103027:8.081543:-12.14209	-0.6122322:14.7414:-37.79823	Start	Default	
-2.487305:-0.1230469:-27.3252	-2.816895:4.495605:-25.89258	1.155762:2.67627:-30.0498	1.103027:8.081543:-12.14209	-0.5348437:14.66287:-37.52243	Start	Default	
-2.487305:-0.1230469:-27.3252	-2.816895:4.495605:-25.89258	1.155762:2.67627:-30.0498	1.103027:8.081543:-12.14209	-0.4716115:14.69163:-37.51871	Start	Default	
-8,771484,2,733398,-22,35059,	-9,861328,2,874023,-21,10693,	-5,163574,5,633789,-24,54346,	1,103027,8,081543,-12,14209,	-0,4591733,14,72292,-37,68633,	Start	Default	
-8,771484,2,733398,-22,35059,	-9,861328,2,874023,-21,10693,	-5,163574,5,633789,-24,54346,	1,103027,8,081543,-12,14209,	-0,5598433,14,75797,-37,70677,	Start	Default	
-8,771484,2,733398,-22,35059,	-9,861328,2,874023,-21,10693,	-5,163574,5,633789,-24,54346,	1,103027,8,081543,-12,14209,	-0,5584006,14,74444,-37,60628,	Start	Default	
-8,771484,2,733398,-22,35059,	-9,861328,2,874023,-21,10693,	-5,163574,5,633789,-24,54346,	1,103027,8,081543,-12,14209,	-0,5597769,14,74892,-37,63342,	Start	Default	
-8,661621,2,693848,-22,42529,	-9,716309,2,720215,-21,27832,	-5,106445,5,629395,-24,61377,	1,103027,8,081543,-12,14209,	-0,5590349,14,74816,-37,62469,	Start	Default	
-8,661621,2,693848,-22,42529,	-9,716309,2,720215,-21,27832,	-5,106445,5,629395,-24,61377,	1,103027,8,081543,-12,14209,	-0,5591427,14,75155,-37,64285,	Start	Default	
-8,661621,2,693848,-22,42529,	-9,716309,2,720215,-21,27832,	-5,106445,5,629395,-24,61377,	1,103027,8,081543,-12,14209,	-0,5518879,14,74891,-37,64417,	Start	Default	
-8,661621,2,693848,-22,42529,	-9,716309,2,720215,-21,27832,	-5,106445,5,629395,-24,61377,	1,103027,8,081543,-12,14209,	-0,5144171,14,73721,-37,64732,	Start	Default	
-8,639648,2,67627,-22,53516,	-9,654785,2,737793,-21,35303,	-5,058105,5,638184,-24,64893,	1,103027,8,081543,-12,14209,	-0,5125908,14,73778,-37,6516,	Start	Default	
-8,639648,2,67627,-22,53516,	-9,654785,2,737793,-21,35303,	-5,058105,5,638184,-24,64893,	1,103027,8,081543,-12,14209,	-0,5114342,14,73882,-37,65928,	Start	Default	
-8,639648,2,67627,-22,53516,	-9,654785,2,737793,-21,35303,	-5,058105,5,638184,-24,64893,	1,103027,8,081543,-12,14209,	-0,5072393,14,74008,-37,67851,	Start	Default	
-8,749512,2,610352,-22,71973,	-9,5625,2,76416,-21,56396,	-5,027344,5,660156,-24,72363,	1,103027,8,081543,-12,14209,	-0,5056612,14,73833,-37,68282,	Start	Default	
-8,749512,2,610352,-22,71973,	-9,5625,2,76416,-21,56396,	-5,027344,5,660156,-24,72363,	1,103027,8,081543,-12,14209,	-0,5059402,14,7398,-37,68772,	Start	Default	
-8,749512,2,610352,-22,71973,	-9,5625,2,76416,-21,56396,	-5,027344,5,660156,-24,72363,	1,103027,8,081543,-12,14209,	-0,511827,14,74372,-37,70385,	Start	Default	
-8,714355,2,513672,-23,00098,	-9,69873,2,733398,-21,84521,	-5,01416,5,629395,-24,8335,	1,103027,8,081543,-12,14209,	-0,5150687,14,7451,-37,69985,	Start	Default	
-8,714355,2,513672,-23,00098,	-9,69873,2,733398,-21,84521,	-5,01416,5,629395,-24,8335,	1,103027,8,081543,-12,14209,	-0,5168132,14,74957,-37,7186,	Start	Default	
-8,714355,2,513672,-23,00098,	-9,69873,2,733398,-21,84521,	-5,01416,5,629395,-24,8335,	1,103027,8,081543,-12,14209,	-0,5124393,14,7525,-37,73912,	Start	Default	
-8,714355,2,513672,-23,00098,	-9,69873,2,733398,-21,84521,	-5,01416,5,629395,-24,8335,	1,103027,8,081543,-12,14209,	-0,4922872,14,74907,-37,77372,	Start	Default	
-8,753906,2,342285,-23,29102,	-9,755859,2,724609,-22,0957,	-4,996582,5,598633,-24,92578,	1,103027,8,081543,-12,14209,	-0,4798796,14,7458,-37,79008,	Start	Default	
-8,753906,2,342285,-23,29102,	-9,755859,2,724609,-22,0957,	-4,996582,5,598633,-24,92578,	1,103027,8,081543,-12,14209,	-0,5176495,14,6893,-37,72177,	Start	Default	
-8,753906,2,342285,-23,29102,	-9,755859,2,724609,-22,0957,	-4,996582,5,598633,-24,92578,	1,103027,8,081543,-12,14209,	-0,5485534,14,75828,-38,07651,	Start	Default	
-8,753906,2,342285,-23,29102,	-9,755859,2,724609,-22,0957,	-4,996582,5,598633,-24,92578,	1,103027,8,081543,-12,14209,	-0,5711273,14,72507,-38,04494,	Start	Default	
-8,793457,2,34668,-23,43164,	-9,769043,2,724609,-22,20996,	-4,939453,5,572266,-24,99609,	1,103027,8,081543,-12,14209,	-0,5864894,14,69662,-37,99525,	Start	Default	
-8,793457,2,34668,-23,43164,	-9,769043,2,724609,-22,20996,	-4,939453,5,572266,-24,99609,	1,103027,8,081543,-12,14209,	-0,5852308,14,69318,-37,98786,	Start	Default	
-8,793457,2,34668,-23,43164,	-9,769043,2,724609,-22,20996,	-4,939453,5,572266,-24,99609,	1,103027,8,081543,-12,14209,	-0,5969609,14,7159,-38,02351,	Start	Default	
-8,731934,2,412598,-23,44043,	-9,676758,2,777344,-22,18799,	-4,750488,5,668945,-25,01367,	1,103027,8,081543,-12,1377,	-0,6199809,14,73348,-38,0372,	Start	CupLeft	
-8,731934,2,412598,-23,44043,	-9,676758,2,777344,-22,18799,	-4,750488,5,668945,-25,01367,	1,103027,8,081543,-12,1377,	-0,611773,14,75309,-38,08582,	Start	CupLeft	
-8,731934,2,412598,-23,44043,	-9,676758,2,777344,-22,18799,	-4,750488,5,668945,-25,01367,	1,103027,8,081543,-12,1377,	-0,6229929,14,7394,-38,05556,	Start	CupLeft	
-8,222168,2,76416,-23,09766,	-9,021973,3,300293,-21,74854,	-4,385742,5,835938,-24,87305,	1,103027,8,081543,-12,14209,	-0,6479598,14,68364,-37,94241,	Start	CupLeft	
-8,222168,2,76416,-23,09766,	-9,021973,3,300293,-21,74854,	-4,385742,5,835938,-24,87305,	1,103027,8,081543,-12,14209,	-0,6470253,14,68181,-37,94181,	Start	CupLeft	
-8,222168,2,76416,-23,09766,	-9,021973,3,300293,-21,74854,	-4,385742,5,835938,-24,87305,	1,103027,8,081543,-12,14209,	-0,6496083,14,67682,-37,92941,	Start	CupLeft	
-8,222168,2,76416,-23,09766,	-9,021973,3,300293,-21,74854,	-4,385742,5,835938,-24,87305,	1,103027,8,081543,-12,14209,	-0,6471131,14,68445,-37,94504,	Start	CupLeft	
-7,426758,3,370605,-22,39453,	-7,954102,3,999023,-20,86523,	-3,730957,5,95459,-24,54346,	1,103027,8,081543,-12,14209,	-0,6390122,14,69843,-37,9696,	Start	CupLeft	
-7,426758,3,370605,-22,39453,	-7,954102,3,999023,-20,86523,	-3,730957,5,95459,-24,54346,	1,103027,8,081543,-12,14209,	-0,6603456,14,65392,-37,87562,	Start	CupLeft	
-7,426758,3,370605,-22,39453,	-7,954102,3,999023,-20,86523,	-3,730957,5,95459,-24,54346,	1,103027,8,081543,-12,14209,	-0,6484725,14,67485,-37,92473,	Start	CupLeft	
-5,972168,4,293457,-21,17725,	-5,85791,5,194336,-19,59521,	-2,680664,6,060059,-23,97656,	1,103027,8,081543,-12,14209,	-0,6576322,14,66619,-37,8968,	Start	CupLeft	
-5,972168,4,293457,-21,17725,	-5,85791,5,194336,-19,59521,	-2,680664,6,060059,-23,97656,	1,103027,8,081543,-12,14209,	-0,6196448,14,6881,-37,91155,	Start	Default	
-5,972168,4,293457,-21,17725,	-5,85791,5,194336,-19,59521,	-2,680664,6,060059,-23,97656,	1,103027,8,081543,-12,14209,	-0,5732503,14,64737,-37,66582,	Start	Default	
-4,289063,5,084473,-19,96875,	-3,295898,6,279785,-18,3252,	-1,498535,6,121582,-23,40527,	1,103027,8,081543,-12,14209,	-0,5214512,14,779,-38,01712,	Start	Bottle	
-4,289063,5,084473,-19,96875,	-3,295898,6,279785,-18,3252,	-1,498535,6,121582,-23,40527,	1,103027,8,081543,-12,14209,	-0,5356839,14,81342,-38,17142,	Start	Bottle	
-4,289063,5,084473,-19,96875,	-3,295898,6,279785,-18,3252,	-1,498535,6,121582,-23,40527,	1,103027,8,081543,-12,14209,	-0,5338483,14,79912,-38,11752,	Start	Bottle	
-4,289063,5,084473,-19,96875,	-3,295898,6,279785,-18,3252,	-1,498535,6,121582,-23,40527,	1,103027,8,081543,-12,14209,	-0,4999068,14,70579,-37,72561,	Start	Bottle	
-2.544434:5.871094:-18.89648	-0.7514648:6.666504:-17.49023	-0.3603516:6.1875:-22.84717	1.103027:8.081543:-12.1377	-0.5267739:14.76139:-37.92599	ReachForBottle	Default	
-2.544434:5.871094:-18.89648	-0.7514648:6.666504:-17.49023	-0.3603516:6.1875:-22.84717	1.103027:8.081543:-12.1377	-0.53482:14.74316:-37.82679	ReachForBottle	Default	
-2.544434:5.871094:-18.89648	-0.7514648:6.666504:-17.49023	-0.3603516:6.1875:-22.84717	1.103027:8.081543:-12.1377	-0.5312136:14.73257:-37.77404	ReachForBottle	Default	
-1.081055:6.394043:-17.97363	1.313965:6.648926:-16.91455	0.5009766:6.227051:-22.2627	1.107422:8.081543:-12.1377	-0.5177268:14.72244:-37.74709	ReachForBottle	Default	
-1.081055:6.394043:-17.97363	1.313965:6.648926:-16.91455	0.5009766:6.227051:-22.2627	1.107422:8.081543:-12.1377	-0.515863:14.71565:-37.70941	ReachForBottle	Default	
-1.081055:6.394043:-17.97363	1.313965:6.648926:-16.91455	0.5009766:6.227051:-22.2627	1.107422:8.081543:-12.1377	-0.5145306:14.71358:-37.7028	ReachForBottle	Default	
-1.081055:6.394043:-17.97363	1.313965:6.648926:-16.91455	0.5009766:6.227051:-22.2627	1.107422:8.081543:-12.1377	-0.5136144:14.71149:-37.69056	ReachForBottle	Default	
-0.1450195:6.591797:-17.25732	2.619141:6.473145:-16.4751	0.9887695:6.178711:-21.67822	1.103027:8.081543:-12.14209	-0.5142192:14.71061:-37.67984	ReachForBottle	Default	
-0.1450195:6.591797:-17.25732	2.619141:6.473145:-16.4751	0.9887695:6.178711:-21.67822	1.103027:8.081543:-12.14209	-0.5120943:14.70811:-37.67351	ReachForBottle	Default	
-0.1450195:6.591797:-17.25732	2.619141:6.473145:-16.4751	0.9887695:6.178711:-21.67822	1.103027:8.081543:-12.14209	-0.5134256:14.70763:-37.66985	ReachForBottle	Default	
0.2241211:6.622559:-16.5542	3.155273:6.174316:-15.93457	1.116211:6.046875:-21.03223	1.103027:8.081543:-12.14209	-0.5132132:14.71768:-37.69994	ReachForBottle	Default	
0.2241211:6.622559:-16.5542	3.155273:6.174316:-15.93457	1.116211:6.046875:-21.03223	1.103027:8.081543:-12.14209	-0.5005205:14.69087:-37.59725	ReachForBottle	Default	
0.2241211:6.622559:-16.5542	3.155273:6.174316:-15.93457	1.116211:6.046875:-21.03223	1.103027:8.081543:-12.14209	-0.4982769:14.68887:-37.58929	ReachForBottle	Default	
-0.03076172:6.297363:-15.86426	3.071777:5.866699:-15.24023	0.9624023:5.800781:-20.31592	1.103027:8.081543:-12.14209	-0.490524:14.66502:-37.48924	ReachForBottle	Default	
-0.03076172:6.297363:-15.86426	3.071777:5.866699:-15.24023	0.9624023:5.800781:-20.31592	1.103027:8.081543:-12.14209	-0.4868394:14.66331:-37.48177	ReachForBottle	Default	
-0.03076172:6.297363:-15.86426	3.071777:5.866699:-15.24023	0.9624023:5.800781:-20.31592	1.103027:8.081543:-12.14209	-0.5209629:14.71618:-37.72755	ReachForBottle	Default	
-0.03076172:6.297363:-15.86426	3.071777:5.866699:-15.24023	0.9624023:5.800781:-20.31592	1.103027:8.081543:-12.14209	-0.5251795:14.72063:-37.73237	ReachForBottle	Default	
-0.5800781:5.774414:-15.19629	2.865234:5.449219:-14.52393	0.6811523:5.374512:-19.62158	1.103027:8.081543:-12.14209	-0.5210772:14.70947:-37.68012	ReachForBottle	Default	
-0.5800781:5.774414:-15.19629	2.865234:5.449219:-14.52393	0.6811523:5.374512:-19.62158	1.103027:8.081543:-12.14209	-0.5255727:14.71654:-37.69089	ReachForBottle	Default	
-0.5800781:5.774414:-15.19629	2.865234:5.449219:-14.52393	0.6811523:5.374512:-19.62158	1.103027:8.081543:-12.14209	-0.5183623:14.69401:-37.60766	ReachForBottle	Default	
-0.5800781:5.774414:-15.19629	2.865234:5.449219:-14.52393	0.6811523:5.374512:-19.62158	1.103027:8.081543:-12.14209	-0.528847:14.73119:-37.73471	ReachForBottle	Default	
-1.103027:5.255859:-14.72168	2.562012:5.119629:-14.01416	0.347168:4.833984:-19.01953	1.103027:8.081543:-12.14209	-0.5455884:14.76688:-37.89325	ReachForBottle	Default	
-1.103027:5.255859:-14.72168	2.562012:5.119629:-14.01416	0.347168:4.833984:-19.01953	1.103027:8.081543:-12.14209	-0.5561391:14.78131:-37.9571	ReachForBottle	Default	
-1.103027:5.255859:-14.72168	2.562012:5.119629:-14.01416	0.347168:4.833984:-19.01953	1.103027:8.081543:-12.14209	-0.5538744:14.77115:-37.91838	ReachForBottle	Default	
-1.564453:4.754883:-14.33936	2.245605:4.759277:-13.64941	-0.008789063:4.236328:-18.52734	1.103027:8.081543:-12.1377	-0.5499215:14.76184:-37.86536	ReachForBottle	Default	
-1.564453:4.754883:-14.33936	2.245605:4.759277:-13.64941	-0.008789063:4.236328:-18.52734	1.103027:8.081543:-12.1377	-0.5618731:14.78673:-37.97537	ReachForBottle	Default	
-1.564453:4.754883:-14.33936	2.245605:4.759277:-13.64941	-0.008789063:4.236328:-18.52734	1.103027:8.081543:-12.1377	-0.5533945:14.76584:-37.88171	ReachForBottle	Default	
-1.753418:4.249512:-13.99219	2.144531:4.552734:-13.54395	-0.2460938:3.708984:-18.1582	1.103027:8.081543:-12.1333	-0.5527471:14.76323:-37.87358	ReachForBottle	Default	
-1.753418:4.249512:-13.99219	2.144531:4.552734:-13.54395	-0.2460938:3.708984:-18.1582	1.103027:8.081543:-12.1333	-0.5574375:14.76936:-37.89162	ReachForBottle	Default	
-1.753418:4.249512:-13.99219	2.144531:4.552734:-13.54395	-0.2460938:3.708984:-18.1582	1.103027:8.081543:-12.1333	-0.5526448:14.76131:-37.87009	ReachForBottle	Default	
-1.753418:4.249512:-13.99219	2.144531:4.552734:-13.54395	-0.2460938:3.708984:-18.1582	1.103027:8.081543:-12.1333	-0.5435548:14.73272:-37.76199	ReachForBottle	Default	
-1,480957,3,665039,-13,56152,	2,241211,4,319824,-13,46484,	-0,3076172,3,282715,-17,81982,	1,103027,8,077148,-12,10693,	-0,5539697,14,75434,-37,85019,	ReachForBottle	Default	
-1,480957,3,665039,-13,56152,	2,241211,4,319824,-13,46484,	-0,3076172,3,282715,-17,81982,	1,103027,8,077148,-12,10693,	-0,5544156,14,74082,-37,79615,	ReachForBottle	Default	
-1,480957,3,665039,-13,56152,	2,241211,4,319824,-13,46484,	-0,3076172,3,282715,-17,81982,	1,103027,8,077148,-12,10693,	-0,5955536,14,80052,-37,99717,	ReachForBottle	Default	
-0.8657227:2.904785:-13.04736	2.570801:4.047363:-13.31104	-0.1933594:2.99707:-17.4375	1.107422:8.077148:-12.09814	-0.6034245:14.78902:-37.90407	Grasped	Default	
-0.8657227:2.904785:-13.04736	2.570801:4.047363:-13.31104	-0.1933594:2.99707:-17.4375	1.107422:8.077148:-12.09814	-0.603457:14.77149:-37.81081	Grasped	Default	
-0.8657227:2.904785:-13.04736	2.570801:4.047363:-13.31104	-0.1933594:2.99707:-17.4375	1.107422:8.077148:-12.09814	-0.6098247:14.72719:-37.55975	Grasped	Default	
-0.8657227:2.904785:-13.04736	2.570801:4.047363:-13.31104	-0.1933594:2.99707:-17.4375	1.107422:8.077148:-12.09814	-0.6101289:14.78052:-37.83162	Grasped	Default	
-0.3779297:2.438965:-12.65625	2.979492:3.832031:-13.14844	0.04833984:2.702637:-17.06396	1.103027:8.077148:-12.10254	-0.6003782:14.76966:-37.79636	Grasped	Default	
-0.3779297:2.438965:-12.65625	2.979492:3.832031:-13.14844	0.04833984:2.702637:-17.06396	1.103027:8.077148:-12.10254	-0.6045602:14.775:-37.81139	Grasped	Default	
-0.3779297:2.438965:-12.65625	2.979492:3.832031:-13.14844	0.04833984:2.702637:-17.06396	1.103027:8.077148:-12.10254	-0.6045228:14.77824:-37.836	Grasped	Default	
0.2:030273.-12:-37.9319	3.22998:3.410156:-12.73535	0.2856445:2.447754:-16.77393	1.103027:8.077148:-12.10254	-0.6080133:14.79803:-37.9319	Grasped	Default	
0.2:030273.-12:-37.84921	3.22998:3.410156:-12.73535	0.2856445:2.447754:-16.77393	1.103027:8.077148:-12.10254	-0.6477046:14.76216:-37.84921	Grasped	Default	
0.2:030273.-12:-37.9794	3.22998:3.410156:-12.73535	0.2856445:2.447754:-16.77393	1.103027:8.077148:-12.10254	-0.6580238:14.77847:-37.9794	Grasped	Default	
0.2:030273.-12:-37.97957	3.22998:3.410156:-12.73535	0.2856445:2.447754:-16.77393	1.103027:8.077148:-12.10254	-0.6717916:14.77785:-37.97957	Grasped	Default	
0.1933594:1.981934:-12.08936	3.027832:3.282715:-12.28271	0.3823242:2.412598:-16.54102	1.27002:8.055176:-11.88721	-0.6508797:14.76786:-37.96671	Grasped	Default	
0.1933594:1.981934:-12.08936	3.027832:3.282715:-12.28271	0.3823242:2.412598:-16.54102	1.27002:8.055176:-11.88721	-0.6581506:14.75932:-37.94373	Grasped	Default	
0.1933594:1.981934:-12.08936	3.027832:3.282715:-12.28271	0.3823242:2.412598:-16.54102	1.27002:8.055176:-11.88721	-0.6589856:14.76984:-37.96794	Grasped	Default	
0.206543:1.907227:-12.03223	2.693848:3.159668:-12.05859	0.3955078:2.399414:-16.44873	1.248047:8.037598:-11.82129	-0.668207:14.75895:-37.93902	Grasped	Default	
0.206543:1.907227:-12.03223	2.693848:3.159668:-12.05859	0.3955078:2.399414:-16.44873	1.248047:8.037598:-11.82129	-0.6598189:14.77145:-37.9751	Grasped	Default	
0.206543:1.907227:-12.03223	2.693848:3.159668:-12.05859	0.3955078:2.399414:-16.44873	1.248047:8.037598:-11.82129	-0.6678476:14.76342:-37.95689	Grasped	Default	
0.206543:1.907227:-12.03223	2.693848:3.159668:-12.05859	0.3955078:2.399414:-16.44873	1.248047:8.037598:-11.82129	-0.6685117:14.76068:-37.94154	Grasped	Default	
0.1274414:1.937988:-12.2168	2.513672:3.216797:-12.18604	0.3515625:2.403809:-16.5498	1.045898:8.099121:-12.08936	-0.6845469:14.74117:-37.88772	Grasped	Default	
0.1274414:1.937988:-12.2168	2.513672:3.216797:-12.18604	0.3515625:2.403809:-16.5498	1.045898:8.099121:-12.08936	-0.6941735:14.72741:-37.83535	Grasped	Default	
0.1274414:1.937988:-12.2168	2.513672:3.216797:-12.18604	0.3515625:2.403809:-16.5498	1.045898:8.099121:-12.08936	-0.6917773:14.73785:-37.87707	Grasped	Default	
0.1274414:1.937988:-12.2168	2.513672:3.216797:-12.18604	0.3515625:2.403809:-16.5498	1.045898:8.099121:-12.08936	-0.634512:14.80162:-38.06787	Grasped	Default	
-0.1098633:2.118164:-12.5332	2.144531:3.528809:-12.49805	0.1933594:2.425781:-16.78711	0.4570313:8.318848:-12.48486	-0.6930361:14.69759:-37.77536	Grasped	Default	
-0.1098633:2.118164:-12.5332	2.144531:3.528809:-12.49805	0.1933594:2.425781:-16.78711	0.4570313:8.318848:-12.48486	-0.6750761:14.71967:-37.84383	Grasped	Default	
-0.1098633:2.118164:-12.5332	2.144531:3.528809:-12.49805	0.1933594:2.425781:-16.78711	0.4570313:8.318848:-12.48486	-0.6728216:14.72767:-37.86953	Grasped	Default	
-0.6240234:2.20166:-12.92871	1.415039:3.897949:-12.7002	-0.07910156:2.487305:-17.05518	-0.6459961:8.411133:-12.55957	-0.6678685:14.73567:-37.89196	Grasped	Default	
-0.6240234:2.20166:-12.92871	1.415039:3.897949:-12.7002	-0.07910156:2.487305:-17.05518	-0.6459961:8.411133:-12.55957	-0.6833786:14.74497:-37.90689	Grasped	Default	
-0.6240234:2.20166:-12.92871	1.415039:3.897949:-12.7002	-0.07910156:2.487305:-17.05518	-0.6459961:8.411133:-12.55957	-0.6928706:14.7442:-37.913	Grasped	Default	
-0.6240234:2.20166:-12.92871	1.415039:3.897949:-12.7002	-0.07910156:2.487305:-17.05518	-0.6459961:8.411133:-12.55957	-0.6692241:14.77589:-38.00596	Grasped	Default	
-1.322754:2.100586:-13.28906	0.5581055:3.981445:-12.7002	-0.4526367:2.62793:-17.32764	-1.775391:8.191406:-12.27393	-0.7073439:14.72638:-37.86399	Grasped	Default	
-1.322754:2.100586:-13.28906	0.5581055:3.981445:-12.7002	-0.4526367:2.62793:-17.32764	-1.775391:8.191406:-12.27393	-0.7375:14.67555:-37.65127	Grasped	Default	
-1.322754:2.100586:-13.28906	0.5581055:3.981445:-12.7002	-0.4526367:2.62793:-17.32764	-1.775391:8.191406:-12.27393	-0.7362278:14.68227:-37.68631	Grasped	Default	
-2.083008:2.087402:-13.5835	-0.2768555:4.012207:-12.67822	-0.9404297:2.86084:-17.56494	-2.658691:8.02002:-11.96631	-0.7432523:14.67587:-37.6641	Grasped	Default	
-2.083008:2.087402:-13.5835	-0.2768555:4.012207:-12.67822	-0.9404297:2.86084:-17.56494	-2.658691:8.02002:-11.96631	-0.7195621:14.72141:-37.83732	Grasped	Default	
-2.083008:2.087402:-13.5835	-0.2768555:4.012207:-12.67822	-0.9404297:2.86084:-17.56494	-2.658691:8.02002:-11.96631	-0.7570887:14.67618:-37.69788	Grasped	Default	
-2.083008:2.087402:-13.5835	-0.2768555:4.012207:-12.67822	-0.9404297:2.86084:-17.56494	-2.658691:8.02002:-11.96631	-0.7632651:14.66986:-37.66804	Grasped	Default	
-2.904785:2.197266:-13.81641	-1.239258:4.174805:-12.60791	-1.533691:3.282715:-17.74072	-3.673828:7.927734:-11.66309	-0.7813184:14.65618:-37.64442	Grasped	Default	
-2.904785:2.197266:-13.81641	-1.239258:4.174805:-12.60791	-1.533691:3.282715:-17.74072	-3.673828:7.927734:-11.66309	-0.7584743:14.67098:-37.70041	Grasped	Default	
-2.904785:2.197266:-13.81641	-1.239258:4.174805:-12.60791	-1.533691:3.282715:-17.74072	-3.673828:7.927734:-11.66309	-0.7790343:14.64961:-37.62433	Grasped	Default	
-3.700195:2.425781:-14.00977	-2.263184:4.486816:-12.54199	-2.166504:3.823242:-17.84619	-4.943848:7.905762:-11.46094	-0.7646528:14.66356:-37.67183	Grasped	Default	
-3.700195:2.425781:-14.00977	-2.263184:4.486816:-12.54199	-2.166504:3.823242:-17.84619	-4.943848:7.905762:-11.46094	-0.7677031:14.70807:-37.78769	Grasped	Default	
-3.700195:2.425781:-14.00977	-2.263184:4.486816:-12.54199	-2.166504:3.823242:-17.84619	-4.943848:7.905762:-11.46094	-0.7286972:14.74948:-37.90411	Grasped	Default	
-3.700195:2.425781:-14.00977	-2.263184:4.486816:-12.54199	-2.166504:3.823242:-17.84619	-4.943848:7.905762:-11.46094	-0.7132656:14.74038:-37.90214	Grasped	Default	
-4.346191:2.680664:-14.15039	-3.137695:4.776855:-12.44092	-2.724609:4.412109:-17.87256	-6.082031:7.804688:-11.22363	-0.705456:14.74245:-37.90937	Grasped	Default	
-4.346191:2.680664:-14.15039	-3.137695:4.776855:-12.44092	-2.724609:4.412109:-17.87256	-6.082031:7.804688:-11.22363	-0.7175723:14.74549:-37.91897	Grasped	Default	
-4.346191:2.680664:-14.15039	-3.137695:4.776855:-12.44092	-2.724609:4.412109:-17.87256	-6.082031:7.804688:-11.22363	-0.7487324:14.72721:-37.84809	Grasped	Default	
