ThumbPosition	IndexPosition	PalmPosition	ObjectPosition	GazePosition	Annotations	GazeAnnotations	
-1.555664:3.585938:-26.69678	1.089844:1.647949:-25.03125	1.177734:2.11377:-30.48486	1.138184:8.041992:-11.84326	-0.0654523:14.60336:-36.76207	Start	Default	
-1.617188:3.572754:-26.70557	1.085449:1.669922:-25.02686	1.182129:2.11377:-30.47607	1.138184:8.041992:-11.83887	-0.07841427:14.63935:-36.95699	Start	Default	
-1.617188:3.572754:-26.70557	1.085449:1.669922:-25.02686	1.182129:2.11377:-30.47607	1.138184:8.041992:-11.83887	-0.07345637:14.63733:-36.93656	Start	Default	
-1.617188:3.572754:-26.70557	1.085449:1.669922:-25.02686	1.182129:2.11377:-30.47607	1.138184:8.041992:-11.83887	0.03189734:14.60186:-36.80534	Start	Bottle	
-1.617188:3.572754:-26.70557	1.085449:1.669922:-25.02686	1.182129:2.11377:-30.47607	1.138184:8.041992:-11.83887	0.05308173:14.64692:-36.95947	Start	Bottle	
-1.691895:3.60791:-26.71436	1.07666:1.661133:-25.05322	1.182129:2.109375:-30.47607	1.138184:8.041992:-11.83887	0.05364154:14.63536:-36.92341	Start	Bottle	
-1.691895:3.60791:-26.71436	1.07666:1.661133:-25.05322	1.182129:2.109375:-30.47607	1.138184:8.041992:-11.83887	0.05667069:14.61683:-36.84814	Start	Bottle	
-1.691895:3.60791:-26.71436	1.07666:1.661133:-25.05322	1.182129:2.109375:-30.47607	1.138184:8.041992:-11.83887	0.05846412:14.60306:-36.80324	Start	Bottle	
-1.691895:3.60791:-26.71436	1.07666:1.661133:-25.05322	1.182129:2.109375:-30.47607	1.138184:8.041992:-11.83887	0.0003494602:14.61615:-36.86089	Start	Bottle	
-1.709473:3.621094:-26.72754	1.107422:1.652344:-25.07959	1.182129:2.096191:-30.47607	1.138184:8.041992:-11.83887	-0.07106218:14.61585:-36.86825	Start	Default	
-1.709473:3.621094:-26.72754	1.107422:1.652344:-25.07959	1.182129:2.096191:-30.47607	1.138184:8.041992:-11.83887	-0.07451912:14.59822:-36.8288	Start	Default	
-1.709473:3.621094:-26.72754	1.107422:1.652344:-25.07959	1.182129:2.096191:-30.47607	1.138184:8.041992:-11.83887	0.004281048:14.6216:-36.89949	Start	Bottle	
-1.700684:3.577148:-26.7583	1.125:1.612793:-25.10596	1.182129:2.083008:-30.47168	1.138184:8.041992:-11.83887	0.0478128:14.60573:-36.84731	Start	Bottle	
-1.700684:3.577148:-26.7583	1.125:1.612793:-25.10596	1.182129:2.083008:-30.47168	1.138184:8.041992:-11.83887	0.03763167:14.66955:-37.08585	Start	Bottle	
-1.700684:3.577148:-26.7583	1.125:1.612793:-25.10596	1.182129:2.083008:-30.47168	1.138184:8.041992:-11.83887	0.04137106:14.64735:-37.01206	Start	Bottle	
-1.700684:3.577148:-26.7583	1.125:1.612793:-25.10596	1.182129:2.083008:-30.47168	1.138184:8.041992:-11.83887	0.03882361:14.65982:-37.06785	Start	Bottle	
-1.705078:3.524414:-26.78027	1.103027:1.586426:-25.12354	1.186523:2.078613:-30.46729	1.138184:8.041992:-11.83887	0.0392591:14.65344:-37.02345	Start	Bottle	
-1.705078:3.524414:-26.78027	1.103027:1.586426:-25.12354	1.186523:2.078613:-30.46729	1.138184:8.041992:-11.83887	-0.02509021:14.66536:-37.03939	Start	Default	
-1.705078:3.524414:-26.78027	1.103027:1.586426:-25.12354	1.186523:2.078613:-30.46729	1.138184:8.041992:-11.83887	0.05079785:14.58984:-36.79401	Start	Bottle	
-1.718262:3.52002:-26.76709	1.098633:1.564453:-25.12793	1.186523:2.083008:-30.4541	1.138184:8.041992:-11.83887	0.05836217:14.57229:-36.71983	Start	Bottle	
-1.718262:3.52002:-26.76709	1.098633:1.564453:-25.12793	1.186523:2.083008:-30.4541	1.138184:8.041992:-11.83887	0.04363438:14.6409:-37.00023	Start	Bottle	
-1.718262:3.52002:-26.76709	1.098633:1.564453:-25.12793	1.186523:2.083008:-30.4541	1.138184:8.041992:-11.83887	0.05215279:14.60148:-36.90035	Start	Bottle	
-1.722656:3.502441:-26.77588	1.098633:1.546875:-25.12793	1.177734:2.10498:-30.44531	1.138184:8.041992:-11.83887	0.02604388:14.76444:-37.47319	Start	Bottle	
-1.722656:3.502441:-26.77588	1.098633:1.546875:-25.12793	1.177734:2.10498:-30.44531	1.138184:8.041992:-11.83887	-0.07613157:14.717:-37.48603	Start	Default	
-1.722656:3.502441:-26.77588	1.098633:1.546875:-25.12793	1.177734:2.10498:-30.44531	1.138184:8.041992:-11.83887	-0.05795619:14.605:-37.5407	Start	Default	
-1.678711:3.493652:-26.77588	1.125:1.507324:-25.12354	1.177734:2.126953:-30.44092	1.138184:8.041992:-11.83887	-0.05795619:14.605:-37.5407	Start	Default	
-1.678711:3.493652:-26.77588	1.125:1.507324:-25.12354	1.177734:2.126953:-30.44092	1.138184:8.041992:-11.83887	-0.05795619:14.605:-37.5407	Start	Default	
-1.678711:3.493652:-26.77588	1.125:1.507324:-25.12354	1.177734:2.126953:-30.44092	1.138184:8.041992:-11.83887	-0.05795619:14.605:-37.5407	Start	Default	
-1.678711:3.493652:-26.77588	1.125:1.507324:-25.12354	1.177734:2.126953:-30.44092	1.138184:8.041992:-11.83887	-0.05795619:14.605:-37.5407	Start	Default	
-1.59082:3.498047:-26.74512	1.094238:1.458984:-25.12793	1.177734:2.135742:-30.43652	1.138184:8.041992:-11.83887	-0.05795619:14.605:-37.5407	Start	Default	
-1.59082:3.498047:-26.74512	1.094238:1.458984:-25.12793	1.177734:2.135742:-30.43652	1.138184:8.041992:-11.83887	-0.05795619:14.605:-37.5407	Start	Default	
-1.59082:3.498047:-26.74512	1.094238:1.458984:-25.12793	1.177734:2.135742:-30.43652	1.138184:8.041992:-11.83887	-0.05795619:14.605:-37.5407	Start	Default	
-1.59082:3.498047:-26.74512	1.094238:1.458984:-25.12793	1.177734:2.135742:-30.43652	1.138184:8.041992:-11.83887	-0.05795619:14.605:-37.5407	Start	Default	
-1.476563:3.467285:-26.74951	1.045898:1.476563:-25.02686	1.17334:2.157715:-30.43652	1.138184:8.041992:-11.83887	-0.05795619:14.605:-37.5407	Start	Default	
-1.476563:3.467285:-26.74951	1.045898:1.476563:-25.02686	1.17334:2.157715:-30.43652	1.138184:8.041992:-11.83887	-0.05795619:14.605:-37.5407	Start	Default	
-1.476563:3.467285:-26.74951	1.045898:1.476563:-25.02686	1.17334:2.157715:-30.43652	1.138184:8.041992:-11.83887	0.04781321:14.68977:-37.36453	Start	Bottle	
-1.322754:3.51123:-26.66162	1.17334:1.674316:-24.88184	1.146973:2.293945:-30.38379	1.138184:8.041992:-11.83887	0.04121818:14.6904:-37.38342	Start	Bottle	
-1.322754:3.51123:-26.66162	1.17334:1.674316:-24.88184	1.146973:2.293945:-30.38379	1.138184:8.041992:-11.83887	0.04305943:14.72839:-37.51802	Start	Default	
-1.322754:3.51123:-26.66162	1.17334:1.674316:-24.88184	1.146973:2.293945:-30.38379	1.138184:8.041992:-11.83887	-0.04712804:14.71958:-37.36676	Start	Bottle	
-1.089844:3.282715:-26.53857	1.217285:2.162109:-24.64893	1.195313:2.548828:-30.27393	1.138184:8.041992:-11.83887	-0.05048202:14.76629:-37.5667	Start	Bottle	
-1.089844:3.282715:-26.53857	1.217285:2.162109:-24.64893	1.195313:2.548828:-30.27393	1.138184:8.041992:-11.83887	-0.04195274:14.67607:-37.23779	Start	Bottle	
-1.089844:3.282715:-26.53857	1.217285:2.162109:-24.64893	1.195313:2.548828:-30.27393	1.138184:8.041992:-11.83887	-0.03246373:14.67037:-37.25049	Start	Bottle	
-1.089844:3.282715:-26.53857	1.217285:2.162109:-24.64893	1.195313:2.548828:-30.27393	1.138184:8.041992:-11.83887	-0.04279762:14.74306:-37.46593	Start	Bottle	
-0.9228516:3.19043:-26.25732	1.59082:2.953125:-24.30176	1.243652:3.054199:-30.0542	1.138184:8.041992:-11.83887	-0.07216612:14.72039:-37.37584	Start	Bottle	
-0.9228516:3.19043:-26.25732	1.59082:2.953125:-24.30176	1.243652:3.054199:-30.0542	1.138184:8.041992:-11.83887	-0.0748208:14.82416:-37.73529	Start	Bottle	
-0.9228516:3.19043:-26.25732	1.59082:2.953125:-24.30176	1.243652:3.054199:-30.0542	1.138184:8.041992:-11.83887	-0.1104997:14.7769:-37.75546	Start	Default	
-0.7119141:3.60791:-25.77393	1.753418:4.183594:-24.00293	1.291992:3.911133:-29.66748	1.142578:8.041992:-11.83447	-0.1104997:14.7769:-37.75546	Start	Default	
-0.7119141:3.60791:-25.77393	1.753418:4.183594:-24.00293	1.291992:3.911133:-29.66748	1.142578:8.041992:-11.83447	-0.1104997:14.7769:-37.75546	Start	Default	
-0.7119141:3.60791:-25.77393	1.753418:4.183594:-24.00293	1.291992:3.911133:-29.66748	1.142578:8.041992:-11.83447	-0.1104997:14.7769:-37.75546	Start	Default	
-0.7119141:3.60791:-25.77393	1.753418:4.183594:-24.00293	1.291992:3.911133:-29.66748	1.142578:8.041992:-11.83447	-0.1104997:14.7769:-37.75546	Start	Default	
-0.7075195:4.631836:-25.16748	1.731445:5.594238:-23.49316	1.349121:4.807617:-29.17969	1.138184:8.041992:-11.83887	-0.1104997:14.7769:-37.75546	Start	Default	
-0.7075195:4.631836:-25.16748	1.731445:5.594238:-23.49316	1.349121:4.807617:-29.17969	1.138184:8.041992:-11.83887	-0.1104997:14.7769:-37.75546	Start	Default	
-0.7075195:4.631836:-25.16748	1.731445:5.594238:-23.49316	1.349121:4.807617:-29.17969	1.138184:8.041992:-11.83887	-0.1104997:14.7769:-37.75546	Start	Default	
-0.8964844:5.449219:-24.38525	1.814941:6.820313:-22.86475	1.388672:5.625:-28.51611	1.138184:8.041992:-11.83887	-0.1104997:14.7769:-37.75546	Start	Default	
-0.8964844:5.449219:-24.38525	1.814941:6.820313:-22.86475	1.388672:5.625:-28.51611	1.138184:8.041992:-11.83887	-0.1104997:14.7769:-37.75546	Start	Default	
-0.8964844:5.449219:-24.38525	1.814941:6.820313:-22.86475	1.388672:5.625:-28.51611	1.138184:8.041992:-11.83887	-0.1104997:14.7769:-37.75546	Start	Default	
-0.8964844:5.449219:-24.38525	1.814941:6.820313:-22.86475	1.388672:5.625:-28.51611	1.138184:8.041992:-11.83887	-0.1104997:14.7769:-37.75546	Start	Default	
-1,001953,6,05127,-23,52832,	2,01709,7,817871,-22,19238,	1,432617,6,213867,-27,69434,	1,138184,8,041992,-11,83887,	-0,1104997,14,7769,-37,75546,	Grasped	Default	
-1,001953,6,05127,-23,52832,	2,01709,7,817871,-22,19238,	1,432617,6,213867,-27,69434,	1,138184,8,041992,-11,83887,	-0,1104997,14,7769,-37,75546,	Grasped	Default	
-1,001953,6,05127,-23,52832,	2,01709,7,817871,-22,19238,	1,432617,6,213867,-27,69434,	1,138184,8,041992,-11,83887,	-0,1104997,14,7769,-37,75546,	Grasped	Default	
-1,001953,6,05127,-23,52832,	2,01709,7,817871,-22,19238,	1,432617,6,213867,-27,69434,	1,138184,8,041992,-11,83887,	-0,1104997,14,7769,-37,75546,	Grasped	Default	
-1.094238:6.499512:-22.58789	2.206055:8.591309:-21.36182	1.450195:6.60498:-26.76709	1.138184:8.041992:-11.83887	-0.1104997:14.7769:-37.75546	ReachForBottle	Default	
-1.094238:6.499512:-22.58789	2.206055:8.591309:-21.36182	1.450195:6.60498:-26.76709	1.138184:8.041992:-11.83887	-0.1104997:14.7769:-37.75546	ReachForBottle	Default	
-1.094238:6.499512:-22.58789	2.206055:8.591309:-21.36182	1.450195:6.60498:-26.76709	1.138184:8.041992:-11.83887	-0.1104997:14.7769:-37.75546	ReachForBottle	Default	
-1.177734:6.837891:-21.44531	2.421387:8.876953:-20.3291	1.480957:6.824707:-25.65088	1.138184:8.041992:-11.83887	-0.1104997:14.7769:-37.75546	ReachForBottle	Default	
-1.177734:6.837891:-21.44531	2.421387:8.876953:-20.3291	1.480957:6.824707:-25.65088	1.138184:8.041992:-11.83887	-0.1104997:14.7769:-37.75546	ReachForBottle	Default	
-1.177734:6.837891:-21.44531	2.421387:8.876953:-20.3291	1.480957:6.824707:-25.65088	1.138184:8.041992:-11.83887	-0.1104997:14.7769:-37.75546	ReachForBottle	Default	
-1.204102:6.956543:-20.15332	2.693848:8.819824:-19.23926	1.538086:6.833496:-24.53906	1.138184:8.041992:-11.83887	-0.1104997:14.7769:-37.75546	ReachForBottle	Default	
-1.204102:6.956543:-20.15332	2.693848:8.819824:-19.23926	1.538086:6.833496:-24.53906	1.138184:8.041992:-11.83887	-0.1104997:14.7769:-37.75546	ReachForBottle	Default	
-1.204102:6.956543:-20.15332	2.693848:8.819824:-19.23926	1.538086:6.833496:-24.53906	1.138184:8.041992:-11.83887	-0.1104997:14.7769:-37.75546	ReachForBottle	Default	
-1.089844:6.903809:-18.91406	2.975098:8.630859:-18.10547	1.573242:6.758789:-23.39209	1.138184:8.041992:-11.83887	-0.1104997:14.7769:-37.75546	ReachForBottle	Default	
-1.089844:6.903809:-18.91406	2.975098:8.630859:-18.10547	1.573242:6.758789:-23.39209	1.138184:8.041992:-11.83887	-0.1104997:14.7769:-37.75546	ReachForBottle	Default	
-1.089844:6.903809:-18.91406	2.975098:8.630859:-18.10547	1.573242:6.758789:-23.39209	1.138184:8.041992:-11.83887	-0.1104997:14.7769:-37.75546	ReachForBottle	Default	
-1.089844:6.903809:-18.91406	2.975098:8.630859:-18.10547	1.573242:6.758789:-23.39209	1.138184:8.041992:-11.83887	-0.1104997:14.7769:-37.75546	ReachForBottle	Default	
-1.045898:6.754395:-17.90771	3.120117:8.433105:-17.12109	1.608398:6.648926:-22.38135	1.138184:8.041992:-11.84326	-0.06608544:14.67407:-37.30766	ReachForBottle	Bottle	
-1.045898:6.754395:-17.90771	3.120117:8.433105:-17.12109	1.608398:6.648926:-22.38135	1.138184:8.041992:-11.84326	-0.05202635:14.66135:-37.27486	ReachForBottle	Bottle	
-1.045898:6.754395:-17.90771	3.120117:8.433105:-17.12109	1.608398:6.648926:-22.38135	1.138184:8.041992:-11.84326	-0.03570141:14.67581:-37.31994	ReachForBottle	Bottle	
-1.045898:6.754395:-17.90771	3.120117:8.433105:-17.12109	1.608398:6.648926:-22.38135	1.138184:8.041992:-11.84326	-0.02529391:14.62014:-37.201	ReachForBottle	Bottle	
-0.9755859:6.534668:-16.92334	3.282715:8.191406:-16.19385	1.652344:6.503906:-21.4585	1.138184:8.041992:-11.84326	-0.02540343:14.63997:-37.25341	ReachForBottle	Bottle	
-0.9755859:6.534668:-16.92334	3.282715:8.191406:-16.19385	1.652344:6.503906:-21.4585	1.138184:8.041992:-11.84326	-0.02227013:14.65693:-37.31583	ReachForBottle	Bottle	
-0.9755859:6.534668:-16.92334	3.282715:8.191406:-16.19385	1.652344:6.503906:-21.4585	1.138184:8.041992:-11.84326	-0.01453638:14.65848:-37.30366	ReachForBottle	Bottle	
-0.9008789:6.196289:-16.02686	3.405762:7.831055:-15.28857	1.691895:6.292969:-20.58398	1.138184:8.041992:-11.84326	-0.01046105:14.72004:-37.48125	ReachForBottle	Bottle	
-0.9008789:6.196289:-16.02686	3.405762:7.831055:-15.28857	1.691895:6.292969:-20.58398	1.138184:8.041992:-11.84326	-0.002981342:14.72753:-37.50613	ReachForBottle	Bottle	
-0.9008789:6.196289:-16.02686	3.405762:7.831055:-15.28857	1.691895:6.292969:-20.58398	1.138184:8.041992:-11.84326	-0.00464642:14.71889:-37.47477	ReachForBottle	Bottle	
-0.9228516:5.950195:-15.35449	3.484863:7.466309:-14.56787	1.718262:6.108398:-19.90283	1.138184:8.041992:-11.83887	-0.02546983:14.70648:-37.41851	ReachForBottle	Bottle	
-0.9228516:5.950195:-15.35449	3.484863:7.466309:-14.56787	1.718262:6.108398:-19.90283	1.138184:8.041992:-11.83887	-0.0192647:14.63035:-37.22092	ReachForBottle	Bottle	
-0.9228516:5.950195:-15.35449	3.484863:7.466309:-14.56787	1.718262:6.108398:-19.90283	1.138184:8.041992:-11.83887	-0.005346138:14.62727:-37.2014	ReachForBottle	Bottle	
-0.9228516:5.950195:-15.35449	3.484863:7.466309:-14.56787	1.718262:6.108398:-19.90283	1.138184:8.041992:-11.83887	-0.01603997:14.64819:-37.24875	ReachForBottle	Bottle	
-0.9580078:5.72168:-14.81836	3.489258:7.16748:-13.97461	1.709473:5.923828:-19.32715	1.138184:8.041992:-11.84326	-0.03250131:14.65039:-37.24373	ReachForBottle	Bottle	
-0.9580078:5.72168:-14.81836	3.489258:7.16748:-13.97461	1.709473:5.923828:-19.32715	1.138184:8.041992:-11.84326	-0.03959781:14.66467:-37.28283	ReachForBottle	Bottle	
-0.9580078:5.72168:-14.81836	3.489258:7.16748:-13.97461	1.709473:5.923828:-19.32715	1.138184:8.041992:-11.84326	-0.03756515:14.66047:-37.26689	ReachForBottle	Bottle	
-0.9624023:5.501953:-14.37012	3.493652:6.947754:-13.56152	1.6875:5.756836:-18.91406	1.138184:8.041992:-11.84326	-0.03950459:14.66679:-37.28913	ReachForBottle	Bottle	
-0.9624023:5.501953:-14.37012	3.493652:6.947754:-13.56152	1.6875:5.756836:-18.91406	1.138184:8.041992:-11.84326	-0.04749782:14.67179:-37.29137	ReachForBottle	Bottle	
-0.9624023:5.501953:-14.37012	3.493652:6.947754:-13.56152	1.6875:5.756836:-18.91406	1.138184:8.041992:-11.84326	-0.0457216:14.65997:-37.25996	ReachForBottle	Bottle	
-0.9624023:5.501953:-14.37012	3.493652:6.947754:-13.56152	1.6875:5.756836:-18.91406	1.138184:8.041992:-11.84326	-0.04517931:14.64173:-37.20046	ReachForBottle	Bottle	
-0.9711914:5.24707:-13.979	3.462891:6.745605:-13.16602	1.656738:5.567871:-18.54053	1.138184:8.041992:-11.84326	-0.04139058:14.63559:-37.18453	ReachForBottle	Bottle	
-0.9711914:5.24707:-13.979	3.462891:6.745605:-13.16602	1.656738:5.567871:-18.54053	1.138184:8.041992:-11.84326	-0.03997257:14.58456:-37.012	ReachForBottle	Bottle	
-0.9711914:5.24707:-13.979	3.462891:6.745605:-13.16602	1.656738:5.567871:-18.54053	1.138184:8.041992:-11.84326	-0.01850611:14.65383:-37.34785	ReachForBottle	Bottle	
-1.006348:5.071289:-13.70654	3.388184:6.596191:-12.84082	1.634766:5.396484:-18.25049	1.138184:8.041992:-11.84326	-0.00583005:14.61308:-37.21955	ReachForBottle	Bottle	
-1.006348:5.071289:-13.70654	3.388184:6.596191:-12.84082	1.634766:5.396484:-18.25049	1.138184:8.041992:-11.84326	-0.007060017:14.64631:-37.31041	ReachForBottle	Bottle	
-1.006348:5.071289:-13.70654	3.388184:6.596191:-12.84082	1.634766:5.396484:-18.25049	1.138184:8.041992:-11.84326	-0.01156508:14.62342:-37.26486	ReachForBottle	Bottle	
-1.006348:5.071289:-13.70654	3.388184:6.596191:-12.84082	1.634766:5.396484:-18.25049	1.138184:8.041992:-11.84326	0.003081426:14.4703:-36.9126	ReachForBottle	Hand	
-1.023926:4.864746:-13.4209	3.295898:6.481934:-12.55518	1.595215:5.229492:-17.97803	1.138184:8.041992:-11.83887	-0.009364214:14.54239:-37.06092	ReachForBottle	Bottle	
-1.023926:4.864746:-13.4209	3.295898:6.481934:-12.55518	1.595215:5.229492:-17.97803	1.138184:8.041992:-11.83887	-0.00222211:14.51716:-37.00296	ReachForBottle	Bottle	
-1.023926:4.864746:-13.4209	3.295898:6.481934:-12.55518	1.595215:5.229492:-17.97803	1.138184:8.041992:-11.83887	-0.004612152:14.52435:-37.01242	ReachForBottle	Bottle	
-1,001953,4,609863,-13,10889,	3,194824,6,341309,-12,23877,	1,55127,5,053711,-17,70117,	1,138184,8,041992,-11,83887,	-0,001666717,14,49692,-36,93588,	ReachForBottle	Bottle	
-1,001953,4,609863,-13,10889,	3,194824,6,341309,-12,23877,	1,55127,5,053711,-17,70117,	1,138184,8,041992,-11,83887,	8,996576E-05,14,48401,-36,90399,	ReachForBottle	Bottle	
-1,001953,4,609863,-13,10889,	3,194824,6,341309,-12,23877,	1,55127,5,053711,-17,70117,	1,138184,8,041992,-11,83887,	0,003095552,14,48423,-36,89217,	ReachForBottle	Bottle	
-0.9755859:4.390137:-12.80566	3.133301:6.183105:-11.9751	1.50293:4.899902:-17.43311	1.138184:8.041992:-11.83887	0.004221387:14.46352:-36.84282	Grasped	Bottle	
-0.9755859:4.390137:-12.80566	3.133301:6.183105:-11.9751	1.50293:4.899902:-17.43311	1.138184:8.041992:-11.83887	0.001349837:14.42108:-36.74094	Grasped	Bottle	
-0.9755859:4.390137:-12.80566	3.133301:6.183105:-11.9751	1.50293:4.899902:-17.43311	1.138184:8.041992:-11.83887	-0.0516803:14.4066:-36.78511	Grasped	Bottle	
-0.9228516:4.223145:-12.5332	3.089355:6.086426:-11.77295	1.467773:4.763672:-17.18262	1.155762:8.033203:-11.77734	-0.1139669:14.55598:-37.19924	Grasped	Default	
-0.9228516:4.223145:-12.5332	3.089355:6.086426:-11.77295	1.467773:4.763672:-17.18262	1.155762:8.033203:-11.77734	-0.1201845:14.64923:-37.45232	Grasped	Default	
-0.9228516:4.223145:-12.5332	3.089355:6.086426:-11.77295	1.467773:4.763672:-17.18262	1.155762:8.033203:-11.77734	-0.1303537:14.72204:-37.63783	Grasped	Default	
-0.9228516:4.223145:-12.5332	3.089355:6.086426:-11.77295	1.467773:4.763672:-17.18262	1.155762:8.033203:-11.77734	-0.1478815:14.67852:-37.5514	Grasped	Default	
-0.7470703:4.126465:-12.26514	3.168457:6.046875:-11.67188	1.476563:4.640625:-16.99805	1.195313:8.02002:-11.68506	-0.3065887:14.47947:-37.12577	Grasped	Default	
-0.7470703:4.126465:-12.26514	3.168457:6.046875:-11.67188	1.476563:4.640625:-16.99805	1.195313:8.02002:-11.68506	-0.1382293:14.7816:-37.74264	Grasped	Default	
-0.7470703:4.126465:-12.26514	3.168457:6.046875:-11.67188	1.476563:4.640625:-16.99805	1.195313:8.02002:-11.68506	-0.1830632:14.74108:-37.64626	Grasped	Default	
-0.6240234:3.884766:-12.1377	3.19043:6.00293:-11.66309	1.472168:4.469238:-16.91895	1.190918:8.02002:-11.67627	-0.1959611:14.72854:-37.611	Grasped	CupLeft	
-0.6240234:3.884766:-12.1377	3.19043:6.00293:-11.66309	1.472168:4.469238:-16.91895	1.190918:8.02002:-11.67627	-0.166511:14.76735:-37.6874	Grasped	CupLeft	
-0.6240234:3.884766:-12.1377	3.19043:6.00293:-11.66309	1.472168:4.469238:-16.91895	1.190918:8.02002:-11.67627	-0.1741446:14.7567:-37.66655	Grasped	CupLeft	
-0.6240234:3.884766:-12.1377	3.19043:6.00293:-11.66309	1.472168:4.469238:-16.91895	1.190918:8.02002:-11.67627	-0.163817:14.76752:-37.67975	Grasped	CupLeft	
-0.5712891:3.555176:-12.11133	3.282715:5.756836:-11.77734	1.432617:4.183594:-16.91455	1.177734:8.024414:-11.69824	-0.1502627:14.78257:-37.71273	Grasped	CupLeft	
-0.5712891:3.555176:-12.11133	3.282715:5.756836:-11.77734	1.432617:4.183594:-16.91455	1.177734:8.024414:-11.69824	-0.1531942:14.77763:-37.70258	Grasped	CupLeft	
-0.5712891:3.555176:-12.11133	3.282715:5.756836:-11.77734	1.432617:4.183594:-16.91455	1.177734:8.024414:-11.69824	-0.1766442:14.75936:-37.65998	Grasped	CupLeft	
-0.5712891:3.555176:-12.11133	3.282715:5.756836:-11.77734	1.432617:4.183594:-16.91455	1.177734:8.024414:-11.69824	-0.1680843:14.75335:-37.66758	Grasped	Default	
-0.5625:3.168457:-12.12012	3.313477:5.422852:-11.80811	1.40625:3.906738:-16.94092	1.17334:8.024414:-11.72021	-0.1157496:14.86591:-37.8956	Grasped	Default	
-0.5625:3.168457:-12.12012	3.313477:5.422852:-11.80811	1.40625:3.906738:-16.94092	1.17334:8.024414:-11.72021	-0.05828539:14.85333:-37.90452	Grasped	Default	
-0.5625:3.168457:-12.12012	3.313477:5.422852:-11.80811	1.40625:3.906738:-16.94092	1.17334:8.024414:-11.72021	-0.05828539:14.85333:-37.90452	Grasped	Default	
-0.5976563:2.772949:-12.19922	3.260742:5.075684:-11.82568	1.371094:3.651855:-17.00244	1.164551:8.028809:-11.7334	-0.05828539:14.85333:-37.90452	Grasped	Default	
-0.5976563:2.772949:-12.19922	3.260742:5.075684:-11.82568	1.371094:3.651855:-17.00244	1.164551:8.028809:-11.7334	-0.05828539:14.85333:-37.90452	Grasped	Default	
-0.5976563:2.772949:-12.19922	3.260742:5.075684:-11.82568	1.371094:3.651855:-17.00244	1.164551:8.028809:-11.7334	-0.05828539:14.85333:-37.90452	Grasped	Default	
-0.5800781:2.337891:-12.28711	3.273926:4.763672:-11.896	1.353516:3.427734:-17.08594	1.164551:8.028809:-11.73779	-0.05828539:14.85333:-37.90452	Grasped	Default	
-0.5800781:2.337891:-12.28711	3.273926:4.763672:-11.896	1.353516:3.427734:-17.08594	1.164551:8.028809:-11.73779	-0.05828539:14.85333:-37.90452	Grasped	Default	
-0.5800781:2.337891:-12.28711	3.273926:4.763672:-11.896	1.353516:3.427734:-17.08594	1.164551:8.028809:-11.73779	-0.05828539:14.85333:-37.90452	Grasped	Default	
-0.5800781:2.337891:-12.28711	3.273926:4.763672:-11.896	1.353516:3.427734:-17.08594	1.164551:8.028809:-11.73779	-0.05828539:14.85333:-37.90452	Grasped	Default	
-0.5185547:1.964355:-12.32227	3.282715:4.302246:-11.90479	1.331543:3.22998:-17.12988	1.168945:8.028809:-11.73779	-0.05828539:14.85333:-37.90452	Grasped	Default	
-0.5185547:1.964355:-12.32227	3.282715:4.302246:-11.90479	1.331543:3.22998:-17.12988	1.168945:8.028809:-11.73779	-0.05828539:14.85333:-37.90452	Grasped	Default	
-0.5185547:1.964355:-12.32227	3.282715:4.302246:-11.90479	1.331543:3.22998:-17.12988	1.168945:8.028809:-11.73779	-0.05828539:14.85333:-37.90452	Grasped	Default	
-0.5185547:1.964355:-12.32227	3.282715:4.302246:-11.90479	1.331543:3.22998:-17.12988	1.168945:8.028809:-11.73779	-0.05828539:14.85333:-37.90452	Grasped	Default	
-0.4306641:1.986328:-12.28711	3.133301:4.003418:-11.83447	1.296387:3.150879:-17.12988	1.195313:8.033203:-11.77295	-0.1682554:14.82065:-37.79785	Grasped	CupLeft	
-0.4306641:1.986328:-12.28711	3.133301:4.003418:-11.83447	1.296387:3.150879:-17.12988	1.195313:8.033203:-11.77295	-0.2614309:14.70491:-37.49347	Grasped	CupLeft	
-0.4306641:1.986328:-12.28711	3.133301:4.003418:-11.83447	1.296387:3.150879:-17.12988	1.195313:8.033203:-11.77295	-0.2670346:14.7116:-37.49372	Grasped	CupLeft	
-0.4394531:2.126953:-12.26074	2.878418:3.893555:-11.77295	1.239258:3.150879:-17.1167	1.177734:8.041992:-11.78613	-0.1456198:14.81887:-37.79669	Grasped	CupLeft	
-0.4394531:2.126953:-12.26074	2.878418:3.893555:-11.77295	1.239258:3.150879:-17.1167	1.177734:8.041992:-11.78613	-0.1250287:14.87233:-37.90294	Grasped	CupLeft	
-0.4394531:2.126953:-12.26074	2.878418:3.893555:-11.77295	1.239258:3.150879:-17.1167	1.177734:8.041992:-11.78613	-0.1614638:14.80114:-37.74892	Grasped	CupLeft	
-0.5712891:2.192871:-12.30469	2.575195:3.981445:-11.72461	1.129395:3.269531:-17.12549	0.8789063:8.094727:-11.56641	-0.155774:14.82536:-37.79575	Grasped	CupLeft	
-0.5712891:2.192871:-12.30469	2.575195:3.981445:-11.72461	1.129395:3.269531:-17.12549	0.8789063:8.094727:-11.56641	-0.2480879:14.69523:-37.50344	Grasped	CupLeft	
-0.5712891:2.192871:-12.30469	2.575195:3.981445:-11.72461	1.129395:3.269531:-17.12549	0.8789063:8.094727:-11.56641	-0.2278232:14.72465:-37.57224	Grasped	CupLeft	
-0.8701172:2.214844:-12.38818	2.162109:4.095703:-11.57959	0.9624023:3.555176:-17.13867	0.2724609:8.125488:-11.24121	-0.1593952:14.79353:-37.74018	Grasped	CupLeft	
-0.8701172:2.214844:-12.38818	2.162109:4.095703:-11.57959	0.9624023:3.555176:-17.13867	0.2724609:8.125488:-11.24121	-0.2741589:14.63568:-37.38091	Grasped	CupLeft	
-0.8701172:2.214844:-12.38818	2.162109:4.095703:-11.57959	0.9624023:3.555176:-17.13867	0.2724609:8.125488:-11.24121	-0.1669091:14.78159:-37.71438	Grasped	CupLeft	
-1.146973:2.118164:-12.46289	1.643555:4.12207:-11.35986	0.7514648:3.924316:-17.12109	-0.8129883:8.024414:-10.86328	-0.1526379:14.8177:-37.7995	Grasped	CupLeft	
-1.146973:2.118164:-12.46289	1.643555:4.12207:-11.35986	0.7514648:3.924316:-17.12109	-0.8129883:8.024414:-10.86328	-0.1610829:14.80679:-37.7796	Grasped	CupLeft	
-1.146973:2.118164:-12.46289	1.643555:4.12207:-11.35986	0.7514648:3.924316:-17.12109	-0.8129883:8.024414:-10.86328	-0.1592726:14.81457:-37.79475	Grasped	CupLeft	
-1.146973:2.118164:-12.46289	1.643555:4.12207:-11.35986	0.7514648:3.924316:-17.12109	-0.8129883:8.024414:-10.86328	-0.1548427:14.81658:-37.7989	Grasped	CupLeft	
-1.393066:2.06543:-12.48486	1.067871:4.223145:-11.13574	0.4702148:4.346191:-17.05078	-1.924805:7.77832:-10.4458	-0.1509624:14.82501:-37.81626	Grasped	CupLeft	
-1.393066:2.06543:-12.48486	1.067871:4.223145:-11.13574	0.4702148:4.346191:-17.05078	-1.924805:7.77832:-10.4458	-0.1443131:14.82592:-37.81753	Grasped	Default	
-1.393066:2.06543:-12.48486	1.067871:4.223145:-11.13574	0.4702148:4.346191:-17.05078	-1.924805:7.77832:-10.4458	-0.1529374:14.81353:-37.78902	Grasped	CupLeft	
-1.393066:2.06543:-12.48486	1.067871:4.223145:-11.13574	0.4702148:4.346191:-17.05078	-1.924805:7.77832:-10.4458	-0.1498891:14.8245:-37.81204	Grasped	CupLeft	
-1.604004:2.157715:-12.4585	0.6020508:4.456055:-10.95117	0.2197266:4.746094:-16.94971	-2.808105:7.589355:-10.08105	-0.1507865:14.82817:-37.82162	Grasped	CupLeft	
-1.604004:2.157715:-12.4585	0.6020508:4.456055:-10.95117	0.2197266:4.746094:-16.94971	-2.808105:7.589355:-10.08105	-0.151432:14.83177:-37.82377	Grasped	CupLeft	
-1.604004:2.157715:-12.4585	0.6020508:4.456055:-10.95117	0.2197266:4.746094:-16.94971	-2.808105:7.589355:-10.08105	-0.1493206:14.83615:-37.83147	Grasped	CupLeft	
-1.770996:2.320313:-12.39258	0.1538086:4.772461:-10.78418	-0.03515625:5.137207:-16.83105	-3.524414:7.461914:-9.870117	-0.151949:14.83544:-37.83052	Grasped	CupLeft	
-1.770996:2.320313:-12.39258	0.1538086:4.772461:-10.78418	-0.03515625:5.137207:-16.83105	-3.524414:7.461914:-9.870117	-0.1507891:14.83852:-37.83934	Grasped	CupLeft	
-1.770996:2.320313:-12.39258	0.1538086:4.772461:-10.78418	-0.03515625:5.137207:-16.83105	-3.524414:7.461914:-9.870117	-0.1515287:14.83823:-37.83872	Grasped	CupLeft	
-1.770996:2.320313:-12.39258	0.1538086:4.772461:-10.78418	-0.03515625:5.137207:-16.83105	-3.524414:7.461914:-9.870117	-0.1541405:14.8368:-37.83503	Grasped	CupLeft	
-1.911621:2.491699:-12.30908	-0.2329102:5.040527:-10.61279	-0.2680664:5.475586:-16.70801	-4.161621:7.290527:-9.654785	-0.1539207:14.83479:-37.83144	Grasped	CupLeft	
-1.911621:2.491699:-12.30908	-0.2329102:5.040527:-10.61279	-0.2680664:5.475586:-16.70801	-4.161621:7.290527:-9.654785	-0.1532243:14.83514:-37.83244	Grasped	CupLeft	
-1.911621:2.491699:-12.30908	-0.2329102:5.040527:-10.61279	-0.2680664:5.475586:-16.70801	-4.161621:7.290527:-9.654785	-0.1558042:14.834:-37.83135	Grasped	CupLeft	
-2.061035:2.641113:-12.22559	-0.5976563:5.255859:-10.44141	-0.5053711:5.805176:-16.56299	-4.724121:7.088379:-9.435059	-0.1661348:14.83363:-37.82544	Grasped	CupLeft	
-2.061035:2.641113:-12.22559	-0.5976563:5.255859:-10.44141	-0.5053711:5.805176:-16.56299	-4.724121:7.088379:-9.435059	-0.1647186:14.82905:-37.81927	Grasped	CupLeft	
-2.061035:2.641113:-12.22559	-0.5976563:5.255859:-10.44141	-0.5053711:5.805176:-16.56299	-4.724121:7.088379:-9.435059	-0.1728509:14.81831:-37.79953	Grasped	CupLeft	
-2.219238:2.786133:-12.1333	-0.9799805:5.462402:-10.27881	-0.7514648:6.104004:-16.42676	-5.211914:6.916992:-9.307617	-0.1773501:14.8157:-37.79094	Grasped	CupLeft	
-2.219238:2.786133:-12.1333	-0.9799805:5.462402:-10.27881	-0.7514648:6.104004:-16.42676	-5.211914:6.916992:-9.307617	-0.1727698:14.82577:-37.81181	Grasped	CupLeft	
-2.219238:2.786133:-12.1333	-0.9799805:5.462402:-10.27881	-0.7514648:6.104004:-16.42676	-5.211914:6.916992:-9.307617	-0.1698336:14.83313:-37.82897	Grasped	CupLeft	
-2.219238:2.786133:-12.1333	-0.9799805:5.462402:-10.27881	-0.7514648:6.104004:-16.42676	-5.211914:6.916992:-9.307617	-0.1764525:14.82523:-37.80999	Grasped	CupLeft	
-2.373047:2.931152:-12.04541	-1.322754:5.633789:-10.13379	-1.010742:6.376465:-16.29492	-5.642578:6.763184:-9.188965	-0.1834452:14.82159:-37.80252	Grasped	CupLeft	
-2.373047:2.931152:-12.04541	-1.322754:5.633789:-10.13379	-1.010742:6.376465:-16.29492	-5.642578:6.763184:-9.188965	-0.1881761:14.82151:-37.80095	Grasped	CupLeft	
-2.373047:2.931152:-12.04541	-1.322754:5.633789:-10.13379	-1.010742:6.376465:-16.29492	-5.642578:6.763184:-9.188965	-0.1959971:14.81679:-37.79277	Grasped	CupLeft	
-2.509277:3.027832:-11.95752	-1.665527:5.748047:-9.98877	-1.283203:6.626953:-16.15869	-6.05127:6.512695:-9.065918	-0.198109:14.81201:-37.77552	Grasped	CupLeft	
-2.509277:3.027832:-11.95752	-1.665527:5.748047:-9.98877	-1.283203:6.626953:-16.15869	-6.05127:6.512695:-9.065918	-0.2010926:14.80946:-37.76664	Grasped	CupLeft	
-2.509277:3.027832:-11.95752	-1.665527:5.748047:-9.98877	-1.283203:6.626953:-16.15869	-6.05127:6.512695:-9.065918	-0.2031041:14.80204:-37.74969	Grasped	CupLeft	
-2.509277:3.027832:-11.95752	-1.665527:5.748047:-9.98877	-1.283203:6.626953:-16.15869	-6.05127:6.512695:-9.065918	-0.2032955:14.81008:-37.76757	Grasped	CupLeft	
-2.641113:3.098145:-11.87842	-1.990723:5.835938:-9.848145	-1.54248:6.833496:-16.03125	-6.42041:6.240234:-8.960449	-0.1993645:14.81384:-37.78256	Grasped	CupLeft	
-2.641113:3.098145:-11.87842	-1.990723:5.835938:-9.848145	-1.54248:6.833496:-16.03125	-6.42041:6.240234:-8.960449	-0.2029996:14.80955:-37.77	Grasped	CupLeft	
-2.641113:3.098145:-11.87842	-1.990723:5.835938:-9.848145	-1.54248:6.833496:-16.03125	-6.42041:6.240234:-8.960449	-0.2041564:14.8035:-37.76022	Grasped	CupLeft	
-2.641113:3.098145:-11.87842	-1.990723:5.835938:-9.848145	-1.54248:6.833496:-16.03125	-6.42041:6.240234:-8.960449	-0.2069204:14.80282:-37.75936	Grasped	CupLeft	
-2.71582:3.146484:-11.79492	-2.263184:5.884277:-9.711914	-1.788574:7.018066:-15.90381	-6.714844:5.915039:-8.859375	-0.2110014:14.80247:-37.75821	Grasped	CupLeft	
-2.71582:3.146484:-11.79492	-2.263184:5.884277:-9.711914	-1.788574:7.018066:-15.90381	-6.714844:5.915039:-8.859375	-0.2149594:14.8006:-37.75662	Grasped	CupLeft	
-2.71582:3.146484:-11.79492	-2.263184:5.884277:-9.711914	-1.788574:7.018066:-15.90381	-6.714844:5.915039:-8.859375	-0.2159102:14.79969:-37.75518	Grasped	CupLeft	
-2.737793:3.19043:-11.70703	-2.509277:5.915039:-9.571289	-2.012695:7.17627:-15.77197	-6.956543:5.501953:-8.753906	-0.2190817:14.79839:-37.75375	Grasped	CupLeft	
-2.737793:3.19043:-11.70703	-2.509277:5.915039:-9.571289	-2.012695:7.17627:-15.77197	-6.956543:5.501953:-8.753906	-0.2228285:14.79125:-37.73405	Grasped	CupLeft	
-2.737793:3.19043:-11.70703	-2.509277:5.915039:-9.571289	-2.012695:7.17627:-15.77197	-6.956543:5.501953:-8.753906	-0.2263239:14.78367:-37.71607	Grasped	CupLeft	
-2.759766:3.256348:-11.61914	-2.733398:5.967773:-9.443848	-2.219238:7.325684:-15.64893	-7.12793:5.189941:-8.657227	-0.2269826:14.78111:-37.70941	Grasped	CupLeft	
-2.759766:3.256348:-11.61914	-2.733398:5.967773:-9.443848	-2.219238:7.325684:-15.64893	-7.12793:5.189941:-8.657227	-0.2325858:14.77348:-37.69789	Grasped	CupLeft	
