ThumbPosition	IndexPosition	PalmPosition	ObjectPosition	GazePosition	Annotations	GazeAnnotations	
-0.8789063:4.407715:-26.02002	0.7646484:2.034668:-24.47754	1.059082:2.052246:-30.62109	0.8876953:8.01123:-11.63672	-0.002588768:14.51063:-36.67015	Start	Bottle	
-0.8789063:4.407715:-26.02002	0.7646484:2.034668:-24.47754	1.059082:2.052246:-30.62109	0.8876953:8.01123:-11.63672	-0.07218533:14.6198:-37.01366	Start	Bottle	
-0.8305664:4.583496:-25.98047	0.8085938:2.118164:-24.4292	1.067871:2.052246:-30.62109	0.8876953:8.01123:-11.64111	-0.06118215:14.63658:-37.04094	Start	Bottle	
-0.8305664:4.583496:-25.98047	0.8085938:2.118164:-24.4292	1.067871:2.052246:-30.62109	0.8876953:8.01123:-11.64111	-0.06222536:14.66017:-37.12702	Start	Bottle	
-0.8305664:4.583496:-25.98047	0.8085938:2.118164:-24.4292	1.067871:2.052246:-30.62109	0.8876953:8.01123:-11.64111	-0.06157559:14.65253:-37.10827	Start	Bottle	
-0.7866211:4.675781:-25.98047	0.8745117:2.232422:-24.39844	1.063477:2.052246:-30.62549	0.8833008:8.01123:-11.64111	-0.05621593:14.63052:-37.05513	Start	Bottle	
-0.7866211:4.675781:-25.98047	0.8745117:2.232422:-24.39844	1.063477:2.052246:-30.62549	0.8833008:8.01123:-11.64111	-0.04971192:14.64327:-37.08394	Start	Bottle	
-0.7866211:4.675781:-25.98047	0.8745117:2.232422:-24.39844	1.063477:2.052246:-30.62549	0.8833008:8.01123:-11.64111	-0.04395659:14.62098:-37.01926	Start	Bottle	
-0.7866211:4.675781:-25.98047	0.8745117:2.232422:-24.39844	1.063477:2.052246:-30.62549	0.8833008:8.01123:-11.64111	-0.03857609:14.62468:-37.02914	Start	Bottle	
-0.7866211:4.675781:-25.98047	0.8745117:2.232422:-24.39844	1.063477:2.052246:-30.62549	0.8833008:8.01123:-11.64111	-0.02861191:14.62548:-37.03218	Start	Bottle	
-0.6416016:4.719727:-26.01123	0.984375:2.245605:-24.38086	1.072266:2.061035:-30.62988	0.8833008:8.01123:-11.64111	-0.02828046:14.64122:-37.07122	Start	Bottle	
-0.6416016:4.719727:-26.01123	0.984375:2.245605:-24.38086	1.072266:2.061035:-30.62988	0.8833008:8.01123:-11.64111	-0.04263173:14.6204:-37.00427	Start	Bottle	
-0.6416016:4.719727:-26.01123	0.984375:2.245605:-24.38086	1.072266:2.061035:-30.62988	0.8833008:8.01123:-11.64111	-0.01912527:14.47425:-36.54609	Start	Bottle	
-0.6416016:4.719727:-26.01123	0.984375:2.245605:-24.38086	1.072266:2.061035:-30.62988	0.8833008:8.01123:-11.64111	-0.02131239:14.56243:-36.75177	Start	Bottle	
-0.637207:4.693359:-26.0332	1.006348:2.214844:-24.38525	1.072266:2.043457:-30.62988	0.8833008:8.01123:-11.64551	-0.001609134:14.62455:-36.95834	Start	Bottle	
-0.637207:4.693359:-26.0332	1.006348:2.214844:-24.38525	1.072266:2.043457:-30.62988	0.8833008:8.01123:-11.64551	0.01319553:14.6219:-36.95951	Start	Bottle	
-0.637207:4.693359:-26.0332	1.006348:2.214844:-24.38525	1.072266:2.043457:-30.62988	0.8833008:8.01123:-11.64551	0.01288957:14.62515:-36.96711	Start	Bottle	
-0.6196289:4.662598:-26.0376	0.9931641:2.175293:-24.41162	1.067871:2.030273:-30.62549	0.8876953:8.01123:-11.64111	-0.00264542:14.61722:-36.93103	Start	Bottle	
-0.6196289:4.662598:-26.0376	0.9931641:2.175293:-24.41162	1.067871:2.030273:-30.62549	0.8876953:8.01123:-11.64111	-0.002813185:14.59672:-36.88231	Start	Bottle	
-0.6196289:4.662598:-26.0376	0.9931641:2.175293:-24.41162	1.067871:2.030273:-30.62549	0.8876953:8.01123:-11.64111	-0.003035923:14.57888:-36.815	Start	Bottle	
-0.6064453:4.601074:-26.05957	0.9624023:2.148926:-24.44238	1.067871:2.025879:-30.62109	0.8876953:8.01123:-11.63672	-0.005500033:14.59239:-36.86256	Start	Bottle	
-0.6064453:4.601074:-26.05957	0.9624023:2.148926:-24.44238	1.067871:2.025879:-30.62109	0.8876953:8.01123:-11.63672	-0.002800308:14.61228:-36.92045	Start	Bottle	
-0.6064453:4.601074:-26.05957	0.9624023:2.148926:-24.44238	1.067871:2.025879:-30.62109	0.8876953:8.01123:-11.63672	0.002013896:14.61211:-36.93838	Start	Bottle	
-0.6064453:4.601074:-26.05957	0.9624023:2.148926:-24.44238	1.067871:2.025879:-30.62109	0.8876953:8.01123:-11.63672	0.001023732:14.60778:-36.91993	Start	Bottle	
-0.6064453:4.601074:-26.05957	0.9624023:2.148926:-24.44238	1.067871:2.025879:-30.62109	0.8876953:8.01123:-11.63672	-0.01154734:14.61435:-36.94693	Start	Bottle	
-0.637207:4.350586:-26.12549	0.9492188:2.074219:-24.46875	1.067871:2.047852:-30.60791	0.8876953:8.01123:-11.64111	-0.02555701:14.64772:-37.0639	Start	Bottle	
-0.637207:4.350586:-26.12549	0.9492188:2.074219:-24.46875	1.067871:2.047852:-30.60791	0.8876953:8.01123:-11.64111	-0.02857879:14.65126:-37.0927	Start	Bottle	
-0.637207:4.350586:-26.12549	0.9492188:2.074219:-24.46875	1.067871:2.047852:-30.60791	0.8876953:8.01123:-11.64111	-0.02317172:14.65174:-37.07933	Start	Bottle	
-0.5976563:4.12207:-26.1958	0.9580078:1.955566:-24.55225	1.07666:2.061035:-30.60352	0.8833008:8.01123:-11.64551	-0.01579561:14.65334:-37.08931	Start	Bottle	
-0.5976563:4.12207:-26.1958	0.9580078:1.955566:-24.55225	1.07666:2.061035:-30.60352	0.8833008:8.01123:-11.64551	-0.0174431:14.65334:-37.08266	Start	Bottle	
-0.5976563:4.12207:-26.1958	0.9580078:1.955566:-24.55225	1.07666:2.061035:-30.60352	0.8833008:8.01123:-11.64551	-0.01809416:14.68552:-37.09649	Start	Default	
-0.5756836:3.972656:-26.23975	0.9360352:1.858887:-24.60059	1.081055:2.052246:-30.60791	0.8876953:8.01123:-11.64111	-0.02112587:14.7206:-37.2231	Start	Default	
-0.5756836:3.972656:-26.23975	0.9360352:1.858887:-24.60059	1.081055:2.052246:-30.60791	0.8876953:8.01123:-11.64111	-0.01295534:14.6959:-37.14714	Start	Bottle	
-0.5756836:3.972656:-26.23975	0.9360352:1.858887:-24.60059	1.081055:2.052246:-30.60791	0.8876953:8.01123:-11.64111	-0.01280431:14.69687:-37.14622	Start	Bottle	
-0.6020508:3.849609:-26.26611	0.8789063:1.749023:-24.66211	1.089844:2.043457:-30.60352	0.8876953:8.01123:-11.64111	-0.0164919:14.7026:-37.14767	Start	Default	
-0.6020508:3.849609:-26.26611	0.8789063:1.749023:-24.66211	1.089844:2.043457:-30.60352	0.8876953:8.01123:-11.64111	-0.01975505:14.70268:-37.13804	Start	Default	
-0.6020508:3.849609:-26.26611	0.8789063:1.749023:-24.66211	1.089844:2.043457:-30.60352	0.8876953:8.01123:-11.64111	-0.01826661:14.70521:-37.14917	Start	Default	
-0.6020508:3.849609:-26.26611	0.8789063:1.749023:-24.66211	1.089844:2.043457:-30.60352	0.8876953:8.01123:-11.64111	-0.01740537:14.70375:-37.1414	Start	Default	
-0.6679688:3.726563:-26.29248	0.8041992:1.665527:-24.72363	1.094238:2.030273:-30.59912	0.8876953:8.01123:-11.64111	-0.01565957:14.70331:-37.14656	Start	Default	
-0.6679688:3.726563:-26.29248	0.8041992:1.665527:-24.72363	1.094238:2.030273:-30.59912	0.8876953:8.01123:-11.64111	-0.01770987:14.69715:-37.14813	Start	Bottle	
-0.6679688:3.726563:-26.29248	0.8041992:1.665527:-24.72363	1.094238:2.030273:-30.59912	0.8876953:8.01123:-11.64111	-0.01598079:14.69277:-37.12802	Start	Bottle	
-0.703125:3.65625:-26.31445	0.777832:1.647949:-24.75	1.094238:2.012695:-30.60352	0.8876953:8.01123:-11.64111	-0.01381833:14.69473:-37.13057	Start	Bottle	
-0.703125:3.65625:-26.31445	0.777832:1.647949:-24.75	1.094238:2.012695:-30.60352	0.8876953:8.01123:-11.64111	-0.01356465:14.70017:-37.15553	Start	Bottle	
-0.703125:3.65625:-26.31445	0.777832:1.647949:-24.75	1.094238:2.012695:-30.60352	0.8876953:8.01123:-11.64111	-0.0115078:14.69981:-37.15378	Start	Bottle	
-0.7119141:3.647461:-26.33203	0.7822266:1.63916:-24.77197	1.103027:2.012695:-30.60791	0.8833008:8.01123:-11.64551	-0.008430994:14.69725:-37.14518	Start	Bottle	
-0.7119141:3.647461:-26.33203	0.7822266:1.63916:-24.77197	1.103027:2.012695:-30.60791	0.8833008:8.01123:-11.64551	-0.008434546:14.6806:-37.08756	Start	Bottle	
-0.7119141:3.647461:-26.33203	0.7822266:1.63916:-24.77197	1.103027:2.012695:-30.60791	0.8833008:8.01123:-11.64551	-0.006905241:14.69442:-37.1487	Start	Bottle	
-0.7119141:3.647461:-26.33203	0.7822266:1.63916:-24.77197	1.103027:2.012695:-30.60791	0.8833008:8.01123:-11.64551	-0.0101199:14.70581:-37.18773	Start	Bottle	
-0.7426758:3.629883:-26.354	0.7954102:1.643555:-24.78955	1.111816:1.990723:-30.6123	0.8833008:8.01123:-11.64551	-0.01124219:14.70589:-37.19234	Start	Bottle	
-0.7426758:3.629883:-26.354	0.7954102:1.643555:-24.78955	1.111816:1.990723:-30.6123	0.8833008:8.01123:-11.64551	-0.01259166:14.70733:-37.19057	Start	Bottle	
-0.7426758:3.629883:-26.354	0.7954102:1.643555:-24.78955	1.111816:1.990723:-30.6123	0.8833008:8.01123:-11.64551	-0.01292046:14.71952:-37.23316	Start	Bottle	
-0.7426758:3.629883:-26.354	0.7954102:1.643555:-24.78955	1.111816:1.990723:-30.6123	0.8833008:8.01123:-11.64551	-0.01293112:14.70499:-37.18573	Start	Bottle	
-0.7954102:3.612305:-26.38037	0.8085938:1.625977:-24.80273	1.125:1.951172:-30.62109	0.8833008:8.01123:-11.64111	-0.01221773:14.70115:-37.18576	Start	Bottle	
-0.7954102:3.612305:-26.38037	0.8085938:1.625977:-24.80273	1.125:1.951172:-30.62109	0.8833008:8.01123:-11.64111	-0.01147654:14.70658:-37.20137	Start	Bottle	
-0.7954102:3.612305:-26.38037	0.8085938:1.625977:-24.80273	1.125:1.951172:-30.62109	0.8833008:8.01123:-11.64111	0.00388138:14.70907:-37.20626	Start	Bottle	
-0.8569336:3.603516:-26.41553	0.8129883:1.608398:-24.83789	1.133789:1.937988:-30.62549	0.8876953:8.01123:-11.64111	0.02301523:14.68169:-37.09843	Start	Bottle	
-0.8569336:3.603516:-26.41553	0.8129883:1.608398:-24.83789	1.133789:1.937988:-30.62549	0.8876953:8.01123:-11.64111	0.02217398:14.68203:-37.09547	Start	Bottle	
-0.8569336:3.603516:-26.41553	0.8129883:1.608398:-24.83789	1.133789:1.937988:-30.62549	0.8876953:8.01123:-11.64111	0.01296139:14.6858:-37.10404	Start	Bottle	
-0.9975586:3.555176:-26.45947	0.8305664:1.582031:-24.86426	1.155762:1.907227:-30.6167	0.8876953:8.01123:-11.64111	-0.001729011:14.69335:-37.12774	Start	Bottle	
-0.9975586:3.555176:-26.45947	0.8305664:1.582031:-24.86426	1.155762:1.907227:-30.6167	0.8876953:8.01123:-11.64111	-0.001127984:14.69059:-37.11823	Start	Bottle	
-0.9975586:3.555176:-26.45947	0.8305664:1.582031:-24.86426	1.155762:1.907227:-30.6167	0.8876953:8.01123:-11.64111	0.0005010618:14.70381:-37.18422	Start	Bottle	
-0.9975586:3.555176:-26.45947	0.8305664:1.582031:-24.86426	1.155762:1.907227:-30.6167	0.8876953:8.01123:-11.64111	0.02859909:14.66781:-37.10381	Start	Bottle	
-1.041504:3.599121:-26.5166	0.8789063:1.625977:-24.88623	1.155762:1.885254:-30.62549	0.8833008:8.01123:-11.64551	0.05605858:14.60422:-36.96396	Start	Bottle	
-1.041504:3.599121:-26.5166	0.8789063:1.625977:-24.88623	1.155762:1.885254:-30.62549	0.8833008:8.01123:-11.64551	0.04394022:14.5842:-36.8586	Start	Bottle	
-1.041504:3.599121:-26.5166	0.8789063:1.625977:-24.88623	1.155762:1.885254:-30.62549	0.8833008:8.01123:-11.64551	0.05168308:14.58028:-36.8609	Start	Bottle	
-0.9887695:3.590332:-26.59131	0.9624023:1.705078:-24.9082	1.160156:1.83252:-30.62549	0.8833008:8.01123:-11.64551	0.02776214:14.59409:-36.91064	Start	Bottle	
-0.9887695:3.590332:-26.59131	0.9624023:1.705078:-24.9082	1.160156:1.83252:-30.62549	0.8833008:8.01123:-11.64551	0.01483073:14.59003:-36.88334	Start	Bottle	
-0.9887695:3.590332:-26.59131	0.9624023:1.705078:-24.9082	1.160156:1.83252:-30.62549	0.8833008:8.01123:-11.64551	0.01960683:14.61461:-36.96419	Start	Bottle	
-0.9887695:3.590332:-26.59131	0.9624023:1.705078:-24.9082	1.160156:1.83252:-30.62549	0.8833008:8.01123:-11.64551	0.01826492:14.63994:-37.06055	Start	Bottle	
-1,032715,3,489258,-26,70996,	1,006348,1,753418,-24,94336,	1,204102,1,78418,-30,62988,	0,8833008,8,01123,-11,64111,	0,01166973,14,6528,-37,08897,	Grasped	Bottle	
-1,032715,3,489258,-26,70996,	1,006348,1,753418,-24,94336,	1,204102,1,78418,-30,62988,	0,8833008,8,01123,-11,64111,	0,009483248,14,66944,-37,16884,	Grasped	Bottle	
-1,032715,3,489258,-26,70996,	1,006348,1,753418,-24,94336,	1,204102,1,78418,-30,62988,	0,8833008,8,01123,-11,64111,	0,02096728,14,59952,-36,94572,	Grasped	Bottle	
-1,094238,3,489258,-26,7627,	0,9799805,1,713867,-24,9917,	1,217285,1,740234,-30,64746,	0,8833008,8,01123,-11,64111,	0,01978253,14,60539,-36,96674,	Grasped	Bottle	
-1,094238,3,489258,-26,7627,	0,9799805,1,713867,-24,9917,	1,217285,1,740234,-30,64746,	0,8833008,8,01123,-11,64111,	0,023841,14,61346,-36,98607,	Grasped	Bottle	
-1,094238,3,489258,-26,7627,	0,9799805,1,713867,-24,9917,	1,217285,1,740234,-30,64746,	0,8833008,8,01123,-11,64111,	0,02392418,14,6189,-37,00815,	Grasped	Bottle	
-1,146973,3,458496,-26,7627,	0,9711914,1,674316,-25,03125,	1,212891,1,718262,-30,64307,	0,8833008,8,01123,-11,64111,	0,02035922,14,61719,-37,01599,	Grasped	Bottle	
-1,146973,3,458496,-26,7627,	0,9711914,1,674316,-25,03125,	1,212891,1,718262,-30,64307,	0,8833008,8,01123,-11,64111,	0,02388742,14,62913,-37,03845,	Grasped	Bottle	
-1,146973,3,458496,-26,7627,	0,9711914,1,674316,-25,03125,	1,212891,1,718262,-30,64307,	0,8833008,8,01123,-11,64111,	0,000775717,14,50901,-36,82814,	Grasped	Bottle	
-1,146973,3,458496,-26,7627,	0,9711914,1,674316,-25,03125,	1,212891,1,718262,-30,64307,	0,8833008,8,01123,-11,64111,	0,01465412,14,60976,-37,10548,	Grasped	Bottle	
-1,177734,3,366211,-26,78906,	0,9580078,1,630371,-25,07959,	1,226074,1,696289,-30,64307,	0,8833008,8,01123,-11,64551,	0,02207604,14,56207,-36,95273,	Grasped	Bottle	
-1,177734,3,366211,-26,78906,	0,9580078,1,630371,-25,07959,	1,226074,1,696289,-30,64307,	0,8833008,8,01123,-11,64551,	0,02509732,14,58139,-37,01039,	Grasped	Bottle	
-1,177734,3,366211,-26,78906,	0,9580078,1,630371,-25,07959,	1,226074,1,696289,-30,64307,	0,8833008,8,01123,-11,64551,	0,007755112,14,58735,-37,03119,	Grasped	Bottle	
-1,155762,3,339844,-26,80225,	0,9667969,1,617188,-25,09717,	1,243652,1,678711,-30,63428,	0,8833008,8,01123,-11,64551,	0,01042789,14,59213,-37,04271,	Grasped	Bottle	
-1,155762,3,339844,-26,80225,	0,9667969,1,617188,-25,09717,	1,243652,1,678711,-30,63428,	0,8833008,8,01123,-11,64551,	0,009789122,14,5879,-37,03584,	Grasped	Bottle	
-1,155762,3,339844,-26,80225,	0,9667969,1,617188,-25,09717,	1,243652,1,678711,-30,63428,	0,8833008,8,01123,-11,64551,	0,009785404,14,57827,-37,01541,	Grasped	Bottle	
-1,155762,3,339844,-26,80225,	0,9667969,1,617188,-25,09717,	1,243652,1,678711,-30,63428,	0,8833008,8,01123,-11,64551,	0,008840783,14,57041,-36,99332,	Grasped	Bottle	
-1,142578,3,313477,-26,81543,	0,9887695,1,608398,-25,11035,	1,243652,1,683105,-30,62988,	0,8833008,8,01123,-11,64551,	0,009778826,14,56499,-36,98223,	Grasped	Bottle	
-1,142578,3,313477,-26,81543,	0,9887695,1,608398,-25,11035,	1,243652,1,683105,-30,62988,	0,8833008,8,01123,-11,64551,	0,009174204,14,57794,-37,02251,	Grasped	Bottle	
-1,142578,3,313477,-26,81543,	0,9887695,1,608398,-25,11035,	1,243652,1,683105,-30,62988,	0,8833008,8,01123,-11,64551,	0,01011326,14,58267,-37,04565,	Grasped	Bottle	
-1,142578,3,313477,-26,81543,	0,9887695,1,608398,-25,11035,	1,243652,1,683105,-30,62988,	0,8833008,8,01123,-11,64551,	0,009261121,14,58482,-37,04975,	Grasped	Bottle	
-1,098633,3,225586,-26,84619,	0,9931641,1,599609,-25,11035,	1,234863,1,665527,-30,63428,	0,8833008,8,01123,-11,64111,	0,01027605,14,57672,-37,01516,	Grasped	Bottle	
-1,098633,3,225586,-26,84619,	0,9931641,1,599609,-25,11035,	1,234863,1,665527,-30,63428,	0,8833008,8,01123,-11,64111,	0,01199759,14,58751,-37,0337,	Grasped	Bottle	
-1,098633,3,225586,-26,84619,	0,9931641,1,599609,-25,11035,	1,234863,1,665527,-30,63428,	0,8833008,8,01123,-11,64111,	0,01372828,14,58922,-37,03937,	Grasped	Bottle	
-1,067871,3,115723,-26,85498,	0,9931641,1,560059,-25,11914,	1,234863,1,665527,-30,63867,	0,8833008,8,01123,-11,64111,	0,01555952,14,59409,-37,05453,	Grasped	Bottle	
-1,067871,3,115723,-26,85498,	0,9931641,1,560059,-25,11914,	1,234863,1,665527,-30,63867,	0,8833008,8,01123,-11,64111,	0,01436867,14,60214,-37,06959,	Grasped	Bottle	
-1,067871,3,115723,-26,85498,	0,9931641,1,560059,-25,11914,	1,234863,1,665527,-30,63867,	0,8833008,8,01123,-11,64111,	0,01260474,14,60279,-37,06288,	Grasped	Bottle	
-1,050293,3,124512,-26,81104,	0,9711914,1,472168,-25,11035,	1,226074,1,656738,-30,64307,	0,8833008,8,01123,-11,64551,	0,01439153,14,62406,-37,12154,	Grasped	Bottle	
-1,050293,3,124512,-26,81104,	0,9711914,1,472168,-25,11035,	1,226074,1,656738,-30,64307,	0,8833008,8,01123,-11,64551,	0,02662298,14,61143,-37,09114,	Grasped	Bottle	
-1,050293,3,124512,-26,81104,	0,9711914,1,472168,-25,11035,	1,226074,1,656738,-30,64307,	0,8833008,8,01123,-11,64551,	0,02952821,14,58921,-37,04426,	Grasped	Bottle	
-1,037109,3,168457,-26,73193,	0,9711914,1,507324,-25,04883,	1,234863,1,718262,-30,64307,	0,8833008,8,01123,-11,64551,	0,02748008,14,60502,-37,08532,	Grasped	Bottle	
-1,037109,3,168457,-26,73193,	0,9711914,1,507324,-25,04883,	1,234863,1,718262,-30,64307,	0,8833008,8,01123,-11,64551,	0,02230428,14,56799,-36,953,	Grasped	Bottle	
-1,037109,3,168457,-26,73193,	0,9711914,1,507324,-25,04883,	1,234863,1,718262,-30,64307,	0,8833008,8,01123,-11,64551,	0,007948318,14,57878,-36,98827,	Grasped	Bottle	
-1,037109,3,168457,-26,73193,	0,9711914,1,507324,-25,04883,	1,234863,1,718262,-30,64307,	0,8833008,8,01123,-11,64551,	-0,001148669,14,60456,-37,05759,	Grasped	Bottle	
-0.7119141:3.23877:-26.63086	1.155762:2.122559:-24.77197	1.371094:2.025879:-30.55078	0.8833008:8.01123:-11.64551	-0.01166854:14.57806:-37.01266	Start	Bottle	
-0.7119141:3.23877:-26.63086	1.155762:2.122559:-24.77197	1.371094:2.025879:-30.55078	0.8833008:8.01123:-11.64551	-0.02056936:14.58712:-37.02016	Start	Bottle	
-0.7119141:3.23877:-26.63086	1.155762:2.122559:-24.77197	1.371094:2.025879:-30.55078	0.8833008:8.01123:-11.64551	-0.01279638:14.58528:-37.01691	Start	Bottle	
-0.7119141:3.23877:-26.63086	1.155762:2.122559:-24.77197	1.371094:2.025879:-30.55078	0.8833008:8.01123:-11.64551	0.0007208763:14.61616:-37.09584	Start	Bottle	
-0.5712891:3.572754:-26.38916	1.647949:3.506836:-24.38965	1.573242:2.685059:-30.33105	0.8833008:8.01123:-11.64551	0.01164218:14.61832:-37.10872	Start	Bottle	
-0.5712891:3.572754:-26.38916	1.647949:3.506836:-24.38965	1.573242:2.685059:-30.33105	0.8833008:8.01123:-11.64551	0.01307103:14.58891:-37.02268	Start	Bottle	
-0.5712891:3.572754:-26.38916	1.647949:3.506836:-24.38965	1.573242:2.685059:-30.33105	0.8833008:8.01123:-11.64551	0.07396353:14.5205:-36.78944	Start	Bottle	
-0.4526367:4.161621:-25.7124	2.11377:5.348145:-24.05566	1.6875:3.634277:-29.75537	0.8833008:8.01123:-11.64111	0.08046541:14.45974:-36.60913	Start	Bottle	
-0.4526367:4.161621:-25.7124	2.11377:5.348145:-24.05566	1.6875:3.634277:-29.75537	0.8833008:8.01123:-11.64111	0.03659395:14.55731:-36.9604	Start	Bottle	
-0.4526367:4.161621:-25.7124	2.11377:5.348145:-24.05566	1.6875:3.634277:-29.75537	0.8833008:8.01123:-11.64111	0.056185:14.51871:-36.86938	Start	Bottle	
-0.5976563:4.992188:-24.84668	2.258789:6.978516:-23.3877	1.894043:4.605469:-28.8501	0.8876953:8.01123:-11.64111	0.07261578:14.54589:-36.92505	Start	Bottle	
-0.5976563:4.992188:-24.84668	2.258789:6.978516:-23.3877	1.894043:4.605469:-28.8501	0.8876953:8.01123:-11.64111	0.09353007:14.54544:-36.93557	Start	Default	
-0.5976563:4.992188:-24.84668	2.258789:6.978516:-23.3877	1.894043:4.605469:-28.8501	0.8876953:8.01123:-11.64111	0.1018187:14.53269:-36.89264	Start	Default	
-0.5976563:4.992188:-24.84668	2.258789:6.978516:-23.3877	1.894043:4.605469:-28.8501	0.8876953:8.01123:-11.64111	0.07894608:14.59424:-37.04884	Start	Default	
-0,6943359,5,805176,-23,7085,	2,720215,7,936523,-22,47803,	2,122559,5,330566,-27,69434,	0,8833008,8,01123,-11,64551,	0,09355795,14,534,-36,92057,	Grasped	Default	
-0,6943359,5,805176,-23,7085,	2,720215,7,936523,-22,47803,	2,122559,5,330566,-27,69434,	0,8833008,8,01123,-11,64551,	0,06385149,14,56319,-36,95929,	Grasped	Bottle	
-0,6943359,5,805176,-23,7085,	2,720215,7,936523,-22,47803,	2,122559,5,330566,-27,69434,	0,8833008,8,01123,-11,64551,	0,05540971,14,55638,-36,95055,	Grasped	Bottle	
-0.6899414:6.297363:-22.36377	3.14209:8.397949:-21.28271	2.311523:5.774414:-26.41992	0.8833008:8.01123:-11.64551	0.05050924:14.59266:-37.04019	ReachForBottle	Bottle	
-0.6899414:6.297363:-22.36377	3.14209:8.397949:-21.28271	2.311523:5.774414:-26.41992	0.8833008:8.01123:-11.64551	0.1980749:14.31528:-36.34614	ReachForBottle	Default	
-0.6899414:6.297363:-22.36377	3.14209:8.397949:-21.28271	2.311523:5.774414:-26.41992	0.8833008:8.01123:-11.64551	0.1180833:14.72486:-37.48635	ReachForBottle	Default	
-0.6899414:6.297363:-22.36377	3.14209:8.397949:-21.28271	2.311523:5.774414:-26.41992	0.8833008:8.01123:-11.64551	0.1111434:14.79885:-37.69781	ReachForBottle	Default	
-0.6328125:6.618164:-21.02344	3.383789:8.556152:-20.00391	2.38623:5.980957:-25.14551	0.8833008:8.01123:-11.64551	0.2338663:14.62846:-37.24492	ReachForBottle	CupRight	
-0.6328125:6.618164:-21.02344	3.383789:8.556152:-20.00391	2.38623:5.980957:-25.14551	0.8833008:8.01123:-11.64551	0.2489078:14.6072:-37.22229	ReachForBottle	CupRight	
-0.6328125:6.618164:-21.02344	3.383789:8.556152:-20.00391	2.38623:5.980957:-25.14551	0.8833008:8.01123:-11.64551	1.990761:12.47952:-31.49433	ReachForBottle	CupRight	
-0.5273438:6.780762:-19.63037	3.629883:8.525391:-18.7251	2.403809:6.024902:-23.87109	0.8876953:8.01123:-11.64111	0.8459179:13.88717:-35.22278	ReachForBottle	CupRight	
-0.5273438:6.780762:-19.63037	3.629883:8.525391:-18.7251	2.403809:6.024902:-23.87109	0.8876953:8.01123:-11.64111	0.7978941:13.90137:-35.34286	ReachForBottle	CupRight	
-0.5273438:6.780762:-19.63037	3.629883:8.525391:-18.7251	2.403809:6.024902:-23.87109	0.8876953:8.01123:-11.64111	0.4338878:14.3577:-36.56001	ReachForBottle	CupRight	
-0.5888672:6.758789:-18.52295	3.673828:8.446289:-17.6748	2.333496:5.998535:-22.81641	0.8876953:8.01123:-11.64111	0.3325462:14.48557:-36.87848	ReachForBottle	CupRight	
-0.5888672:6.758789:-18.52295	3.673828:8.446289:-17.6748	2.333496:5.998535:-22.81641	0.8876953:8.01123:-11.64111	1.057495:13.59949:-34.50945	ReachForBottle	CupRight	
-0.5888672:6.758789:-18.52295	3.673828:8.446289:-17.6748	2.333496:5.998535:-22.81641	0.8876953:8.01123:-11.64111	0.07740575:14.80287:-37.73191	ReachForBottle	CupRight	
-0.5888672:6.758789:-18.52295	3.673828:8.446289:-17.6748	2.333496:5.998535:-22.81641	0.8876953:8.01123:-11.64111	0.2975968:14.5252:-37.00961	ReachForBottle	CupRight	
-0.6899414:6.574219:-17.61768	3.581543:8.288086:-16.75195	2.223633:5.897461:-21.87598	0.8833008:8.01123:-11.64111	0.2915697:14.53731:-37.04584	ReachForBottle	CupRight	
-0.6899414:6.574219:-17.61768	3.581543:8.288086:-16.75195	2.223633:5.897461:-21.87598	0.8833008:8.01123:-11.64111	0.2895512:14.53648:-37.04974	ReachForBottle	CupRight	
-0.6899414:6.574219:-17.61768	3.581543:8.288086:-16.75195	2.223633:5.897461:-21.87598	0.8833008:8.01123:-11.64111	0.3033076:14.51608:-36.99603	ReachForBottle	CupRight	
-0.8349609:6.32373:-16.87939	3.42334:8.129883:-15.95215	2.091797:5.778809:-21.15088	0.8833008:8.01123:-11.64551	0.1355541:14.72797:-37.52525	ReachForBottle	CupRight	
-0.8349609:6.32373:-16.87939	3.42334:8.129883:-15.95215	2.091797:5.778809:-21.15088	0.8833008:8.01123:-11.64551	0.1473169:14.70508:-37.49944	ReachForBottle	CupRight	
-0.8349609:6.32373:-16.87939	3.42334:8.129883:-15.95215	2.091797:5.778809:-21.15088	0.8833008:8.01123:-11.64551	0.03217424:14.85112:-37.86216	ReachForBottle	CupRight	
-0.909668:6.024902:-16.18945	3.361816:7.918945:-15.34131	1.977539:5.616211:-20.54004	0.8833008:8.01123:-11.64551	0.1143886:14.74547:-37.60012	ReachForBottle	CupRight	
-0.909668:6.024902:-16.18945	3.361816:7.918945:-15.34131	1.977539:5.616211:-20.54004	0.8833008:8.01123:-11.64551	0.0629972:14.81139:-37.76049	ReachForBottle	CupRight	
-0.909668:6.024902:-16.18945	3.361816:7.918945:-15.34131	1.977539:5.616211:-20.54004	0.8833008:8.01123:-11.64551	0.04727241:14.83205:-37.8094	ReachForBottle	CupRight	
-0.909668:6.024902:-16.18945	3.361816:7.918945:-15.34131	1.977539:5.616211:-20.54004	0.8833008:8.01123:-11.64551	0.04709639:14.83179:-37.80876	ReachForBottle	CupRight	
-0.9140625:5.76123:-15.60498	3.366211:7.69043:-14.8667	1.885254:5.427246:-19.99072	0.8833008:8.01123:-11.64111	0.08232239:14.78458:-37.6915	ReachForBottle	CupRight	
-0.9140625:5.76123:-15.60498	3.366211:7.69043:-14.8667	1.885254:5.427246:-19.99072	0.8833008:8.01123:-11.64111	0.2699003:14.5181:-37.06766	ReachForBottle	CupRight	
-0.9140625:5.76123:-15.60498	3.366211:7.69043:-14.8667	1.885254:5.427246:-19.99072	0.8833008:8.01123:-11.64111	0.5340284:14.24629:-36.46415	ReachForBottle	CupRight	
-0.9316406:5.581055:-15.12158	3.282715:7.453125:-14.3877	1.806152:5.238281:-19.57764	0.8876953:8.01123:-11.64111	2.885564:11.15479:-30.16212	ReachForBottle	CupRight	
-0.9316406:5.581055:-15.12158	3.282715:7.453125:-14.3877	1.806152:5.238281:-19.57764	0.8876953:8.01123:-11.64111	1.085006:13.58636:-35.11186	ReachForBottle	CupRight	
-0.9316406:5.581055:-15.12158	3.282715:7.453125:-14.3877	1.806152:5.238281:-19.57764	0.8876953:8.01123:-11.64111	1.836139:12.58734:-33.12831	ReachForBottle	CupRight	
-0.9360352:5.308594:-14.69092	3.203613:7.149902:-13.979	1.713867:5.040527:-19.2085	0.8833008:8.01123:-11.64111	0.9661158:13.67827:-35.39978	ReachForBottle	CupRight	
-0.9360352:5.308594:-14.69092	3.203613:7.149902:-13.979	1.713867:5.040527:-19.2085	0.8833008:8.01123:-11.64111	0.6211842:14.10409:-36.30888	ReachForBottle	CupRight	
-0.9360352:5.308594:-14.69092	3.203613:7.149902:-13.979	1.713867:5.040527:-19.2085	0.8833008:8.01123:-11.64111	0.591655:14.14057:-36.38346	ReachForBottle	CupRight	
-0.9360352:5.308594:-14.69092	3.203613:7.149902:-13.979	1.713867:5.040527:-19.2085	0.8833008:8.01123:-11.64111	0.7665705:13.91484:-35.91854	ReachForBottle	CupRight	
-0.9360352:5.027344:-14.34814	3.14209:6.837891:-13.6582	1.63916:4.847168:-18.93164	0.8833008:8.01123:-11.64111	0.7487212:13.94213:-35.96938	ReachForBottle	CupRight	
-0.9360352:5.027344:-14.34814	3.14209:6.837891:-13.6582	1.63916:4.847168:-18.93164	0.8833008:8.01123:-11.64111	0.6873916:14.02085:-36.13053	ReachForBottle	CupRight	
-0.9360352:5.027344:-14.34814	3.14209:6.837891:-13.6582	1.63916:4.847168:-18.93164	0.8833008:8.01123:-11.64111	0.6365778:14.06842:-36.24495	ReachForBottle	CupRight	
-0.909668:4.697754:-14.03174	3.084961:6.547852:-13.39014	1.546875:4.631836:-18.67236	0.8833008:8.01123:-11.64551	0.7291201:13.95594:-36.01528	ReachForBottle	CupRight	
-0.909668:4.697754:-14.03174	3.084961:6.547852:-13.39014	1.546875:4.631836:-18.67236	0.8833008:8.01123:-11.64551	0.8443252:13.81277:-35.70495	ReachForBottle	CupRight	
-0.909668:4.697754:-14.03174	3.084961:6.547852:-13.39014	1.546875:4.631836:-18.67236	0.8833008:8.01123:-11.64551	0.9066534:13.72925:-35.52657	ReachForBottle	CupRight	
-0.909668:4.697754:-14.03174	3.084961:6.547852:-13.39014	1.546875:4.631836:-18.67236	0.8833008:8.01123:-11.64551	0.5594549:13.83417:-35.52691	ReachForBottle	Default	
-0.9624023:4.420898:-13.77686	2.944336:6.240234:-13.08691	1.450195:4.434082:-18.43506	0.8833008:8.01123:-11.64111	0.09677565:14.49247:-36.97966	ReachForBottle	Default	
-0.9624023:4.420898:-13.77686	2.944336:6.240234:-13.08691	1.450195:4.434082:-18.43506	0.8833008:8.01123:-11.64111	0.02171556:14.65347:-37.33128	ReachForBottle	Bottle	
-0.9624023:4.420898:-13.77686	2.944336:6.240234:-13.08691	1.450195:4.434082:-18.43506	0.8833008:8.01123:-11.64111	0.04757698:14.59229:-37.19328	ReachForBottle	Bottle	
-1.037109:4.223145:-13.57031	2.816895:6.05127:-12.84961	1.349121:4.302246:-18.22852	0.8833008:8.01123:-11.64111	0.02143379:14.61741:-37.23977	ReachForBottle	Bottle	
-1.037109:4.223145:-13.57031	2.816895:6.05127:-12.84961	1.349121:4.302246:-18.22852	0.8833008:8.01123:-11.64111	0.003813513:14.60742:-37.20092	ReachForBottle	Bottle	
-1.037109:4.223145:-13.57031	2.816895:6.05127:-12.84961	1.349121:4.302246:-18.22852	0.8833008:8.01123:-11.64111	-0.03923243:14.61267:-37.18478	ReachForBottle	Bottle	
-1.107422:4.12207:-13.39014	2.720215:5.90625:-12.63867	1.27002:4.227539:-18.05273	0.8964844:8.002441:-11.58838	-0.0399712:14.59875:-37.13072	ReachForBottle	Bottle	
-1.107422:4.12207:-13.39014	2.720215:5.90625:-12.63867	1.27002:4.227539:-18.05273	0.8964844:8.002441:-11.58838	-0.04639347:14.58879:-37.08656	ReachForBottle	Bottle	
-1.107422:4.12207:-13.39014	2.720215:5.90625:-12.63867	1.27002:4.227539:-18.05273	0.8964844:8.002441:-11.58838	-0.04696041:14.59745:-37.11707	ReachForBottle	Bottle	
-1,098633,3,990234,-13,16602,	2,685059,5,849121,-12,46729,	1,204102,4,196777,-17,88574,	0,9360352,7,998047,-11,52246,	-0,04642656,14,60631,-37,12761,	ReachForBottle	Bottle	
-1,098633,3,990234,-13,16602,	2,685059,5,849121,-12,46729,	1,204102,4,196777,-17,88574,	0,9360352,7,998047,-11,52246,	-0,04725678,14,60215,-37,12084,	ReachForBottle	Bottle	
-1,098633,3,990234,-13,16602,	2,685059,5,849121,-12,46729,	1,204102,4,196777,-17,88574,	0,9360352,7,998047,-11,52246,	-0,0502759,14,59032,-37,08147,	ReachForBottle	Bottle	
-1,098633,3,990234,-13,16602,	2,685059,5,849121,-12,46729,	1,204102,4,196777,-17,88574,	0,9360352,7,998047,-11,52246,	-0,04809736,14,5947,-37,09994,	ReachForBottle	Bottle	
-1,098633,3,990234,-13,16602,	2,685059,5,849121,-12,46729,	1,204102,4,196777,-17,88574,	0,9360352,7,998047,-11,52246,	-0,05127387,14,58984,-37,08709,	ReachForBottle	Bottle	
-1,050293,3,823242,-12,90674,	2,689453,5,765625,-12,23438,	1,142578,4,209961,-17,63965,	0,9448242,7,993652,-11,52246,	-0,0182526,14,57709,-37,08885,	ReachForBottle	Bottle	
-1,050293,3,823242,-12,90674,	2,689453,5,765625,-12,23438,	1,142578,4,209961,-17,63965,	0,9448242,7,993652,-11,52246,	0,6962301,12,81303,-33,21071,	ReachForBottle	Default	
-1,050293,3,823242,-12,90674,	2,689453,5,765625,-12,23438,	1,142578,4,209961,-17,63965,	0,9448242,7,993652,-11,52246,	0,1017984,14,70612,-37,59111,	ReachForBottle	Default	
-0.8745117:3.537598:-12.55518	2.8125:5.545898:-11.92676	1.125:4.231934:-17.36279	0.9404297:7.998047:-11.53564	0.7124131:13.88152:-36.11041	Grasped	Default	
-0.8745117:3.537598:-12.55518	2.8125:5.545898:-11.92676	1.125:4.231934:-17.36279	0.9404297:7.998047:-11.53564	2.678196:11.18125:-31.87254	Grasped	Default	
-0.8745117:3.537598:-12.55518	2.8125:5.545898:-11.92676	1.125:4.231934:-17.36279	0.9404297:7.998047:-11.53564	0.1835799:14.63393:-37.57634	Grasped	Default	
-0.7207031:3.370605:-12.2959	2.869629:5.326172:-11.62793	1.142578:4.245117:-17.13428	0.9360352:7.998047:-11.55322	0.5171629:14.14659:-36.75789	Grasped	Default	
-0.7207031:3.370605:-12.2959	2.869629:5.326172:-11.62793	1.142578:4.245117:-17.13428	0.9360352:7.998047:-11.55322	-0.003585245:14.86915:-37.93148	Grasped	Default	
-0.7207031:3.370605:-12.2959	2.869629:5.326172:-11.62793	1.142578:4.245117:-17.13428	0.9360352:7.998047:-11.55322	0.5197605:14.09355:-36.67545	Grasped	Default	
-0.6855469:3.331055:-12.19043	2.619141:5.080078:-11.37305	1.155762:4.31543:-17.0332	0.9272461:8.01123:-11.61475	1.099178:13.3534:-35.50652	Grasped	Default	
-0.6855469:3.331055:-12.19043	2.619141:5.080078:-11.37305	1.155762:4.31543:-17.0332	0.9272461:8.01123:-11.61475	1.65519:12.49409:-34.08942	Grasped	Default	
-0.6855469:3.331055:-12.19043	2.619141:5.080078:-11.37305	1.155762:4.31543:-17.0332	0.9272461:8.01123:-11.61475	0.384176:14.30771:-37.03491	Grasped	Default	
-0.6855469:3.331055:-12.19043	2.619141:5.080078:-11.37305	1.155762:4.31543:-17.0332	0.9272461:8.01123:-11.61475	0.2407236:14.5124:-37.35555	Grasped	Default	
-0.6240234:3.458496:-12.31348	2.535645:4.886719:-11.46973	1.190918:4.425293:-17.12988	0.9799805:8.050781:-11.71582	0.36296:14.34282:-37.06622	Grasped	Default	
-0.6240234:3.458496:-12.31348	2.535645:4.886719:-11.46973	1.190918:4.425293:-17.12988	0.9799805:8.050781:-11.71582	1.043291:13.37468:-35.38886	Grasped	Default	
-0.6240234:3.458496:-12.31348	2.535645:4.886719:-11.46973	1.190918:4.425293:-17.12988	0.9799805:8.050781:-11.71582	0.4970679:14.19485:-36.76983	Grasped	Default	
-0.6240234:3.458496:-12.31348	2.535645:4.886719:-11.46973	1.190918:4.425293:-17.12988	0.9799805:8.050781:-11.71582	-0.009722497:14.86723:-37.93115	Grasped	Default	
-0.487793:3.735352:-12.7749	2.535645:5.176758:-11.93115	1.313965:4.614258:-17.59131	0.8657227:8.380371:-12.375	1.004927:13.50678:-35.62638	Grasped	Default	
-0.487793:3.735352:-12.7749	2.535645:5.176758:-11.93115	1.313965:4.614258:-17.59131	0.8657227:8.380371:-12.375	1.16753:13.26113:-35.2118	Grasped	Default	
-0.487793:3.735352:-12.7749	2.535645:5.176758:-11.93115	1.313965:4.614258:-17.59131	0.8657227:8.380371:-12.375	0.7030246:13.88254:-36.32886	Grasped	Default	
-0.2988281:4.205566:-13.34619	2.654297:5.717285:-12.54639	1.546875:4.913086:-18.21533	0.9536133:8.929688:-13.29346	0.5792152:14.06054:-36.61494	Grasped	Default	
-0.2988281:4.205566:-13.34619	2.654297:5.717285:-12.54639	1.546875:4.913086:-18.21533	0.9536133:8.929688:-13.29346	0.4359716:14.26364:-36.94353	Grasped	Default	
-0.2988281:4.205566:-13.34619	2.654297:5.717285:-12.54639	1.546875:4.913086:-18.21533	0.9536133:8.929688:-13.29346	0.4649021:14.23244:-36.87716	Grasped	Default	
-0.2988281:4.205566:-13.34619	2.654297:5.717285:-12.54639	1.546875:4.913086:-18.21533	0.9536133:8.929688:-13.29346	0.8530479:13.56873:-35.49257	Grasped	Default	
-0.02636719:4.825195:-14.08887	2.961914:6.28418:-13.30225	1.876465:5.273438:-18.92285	1.322754:9.496582:-14.08887	0.1349675:14.68617:-37.52333	Grasped	CupRight	
-0.02636719:4.825195:-14.08887	2.961914:6.28418:-13.30225	1.876465:5.273438:-18.92285	1.322754:9.496582:-14.08887	0.7992991:13.79407:-35.52008	Grasped	CupRight	
-0.02636719:4.825195:-14.08887	2.961914:6.28418:-13.30225	1.876465:5.273438:-18.92285	1.322754:9.496582:-14.08887	0.6367021:13.97935:-35.99852	Grasped	CupRight	
0.347168:5.348145:-14.82715	3.32666:6.79834:-14.0625	2.263184:5.660156:-19.67432	1.709473:10.01514:-14.91943	0.06840075:14.77282:-37.70988	Grasped	CupRight	
0.347168:5.348145:-14.82715	3.32666:6.79834:-14.0625	2.263184:5.660156:-19.67432	1.709473:10.01514:-14.91943	0.1542597:14.64929:-37.43342	Grasped	CupRight	
0.347168:5.348145:-14.82715	3.32666:6.79834:-14.0625	2.263184:5.660156:-19.67432	1.709473:10.01514:-14.91943	0.2926649:14.43498:-37.00336	Grasped	CupRight	
0.347168:5.348145:-14.82715	3.32666:6.79834:-14.0625	2.263184:5.660156:-19.67432	1.709473:10.01514:-14.91943	0.3460563:14.33343:-36.8006	Grasped	CupRight	
0.8305664:5.844727:-15.57861	3.788086:7.325684:-14.87109	2.702637:6.020508:-20.43896	2.118164:10.51172:-15.80273	0.1142776:14.66935:-37.52481	Grasped	Default	
0.8305664:5.844727:-15.57861	3.788086:7.325684:-14.87109	2.702637:6.020508:-20.43896	2.118164:10.51172:-15.80273	0.09099248:14.71491:-37.6083	Grasped	CupRight	
0.8305664:5.844727:-15.57861	3.788086:7.325684:-14.87109	2.702637:6.020508:-20.43896	2.118164:10.51172:-15.80273	0.1116264:14.68775:-37.55106	Grasped	CupRight	
1.335938:6.319336:-16.27295	4.337402:7.804688:-15.69727	3.194824:6.394043:-21.22998	2.636719:11.0083:-16.66406	0.1044487:14.69439:-37.56623	Grasped	CupRight	
1.335938:6.319336:-16.27295	4.337402:7.804688:-15.69727	3.194824:6.394043:-21.22998	2.636719:11.0083:-16.66406	0.09691726:14.70375:-37.58771	Grasped	Default	
1.335938:6.319336:-16.27295	4.337402:7.804688:-15.69727	3.194824:6.394043:-21.22998	2.636719:11.0083:-16.66406	0.1057204:14.6932:-37.56802	Grasped	CupRight	
1.335938:6.319336:-16.27295	4.337402:7.804688:-15.69727	3.194824:6.394043:-21.22998	2.636719:11.0083:-16.66406	0.1424894:14.63345:-37.45031	Grasped	Default	
1.907227:6.763184:-17.02441	4.864746:8.173828:-16.46631	3.669434:6.692871:-21.95068	3.212402:11.42139:-17.48145	0.1542661:14.61469:-37.41613	Grasped	Default	
1.907227:6.763184:-17.02441	4.864746:8.173828:-16.46631	3.669434:6.692871:-21.95068	3.212402:11.42139:-17.48145	0.1449456:14.63252:-37.44588	Grasped	Default	
1.907227:6.763184:-17.02441	4.864746:8.173828:-16.46631	3.669434:6.692871:-21.95068	3.212402:11.42139:-17.48145	0.1769247:14.58136:-37.34284	Grasped	Default	
2.430176:7.057617:-17.62646	5.414063:8.477051:-17.1958	4.161621:6.930176:-22.64502	3.70459:11.68506:-18.1582	0.2444932:14.47507:-37.12117	Grasped	Default	
2.430176:7.057617:-17.62646	5.414063:8.477051:-17.1958	4.161621:6.930176:-22.64502	3.70459:11.68506:-18.1582	0.2383436:14.48779:-37.14868	Grasped	Default	
2.430176:7.057617:-17.62646	5.414063:8.477051:-17.1958	4.161621:6.930176:-22.64502	3.70459:11.68506:-18.1582	0.2388548:14.48562:-37.14182	Grasped	Default	
2.430176:7.057617:-17.62646	5.414063:8.477051:-17.1958	4.161621:6.930176:-22.64502	3.70459:11.68506:-18.1582	0.2087745:14.53925:-37.24669	Grasped	Default	
3.04541:7.21582:-18.17578	6.038086:8.648438:-17.79346	4.64502:7.035645:-23.2251	4.209961:11.82568:-18.76904	0.1863502:14.57516:-37.31773	Grasped	CupRight	
3.04541:7.21582:-18.17578	6.038086:8.648438:-17.79346	4.64502:7.035645:-23.2251	4.209961:11.82568:-18.76904	0.1909453:14.57161:-37.31011	Grasped	Hand	
3.04541:7.21582:-18.17578	6.038086:8.648438:-17.79346	4.64502:7.035645:-23.2251	4.209961:11.82568:-18.76904	0.2781274:14.43919:-37.03316	Grasped	Hand	
3.04541:7.21582:-18.17578	6.038086:8.648438:-17.79346	4.64502:7.035645:-23.2251	4.209961:11.82568:-18.76904	0.3067638:14.4013:-36.95802	Grasped	Hand	
3.695801:7.316895:-18.57568	6.684082:8.639648:-18.3208	5.137207:7.035645:-23.7041	4.763672:11.83887:-19.26563	0.335457:14.35654:-36.86736	Grasped	Hand	
3.695801:7.316895:-18.57568	6.684082:8.639648:-18.3208	5.137207:7.035645:-23.7041	4.763672:11.83887:-19.26563	0.3265477:14.36773:-36.89833	Grasped	Hand	
3.695801:7.316895:-18.57568	6.684082:8.639648:-18.3208	5.137207:7.035645:-23.7041	4.763672:11.83887:-19.26563	0.3144875:14.38836:-36.94151	Grasped	Hand	
4.464844:7.308105:-18.86572	7.488281:8.433105:-18.75146	5.752441:6.925781:-24.08203	5.532715:11.729:-19.66553	0.3487767:14.34268:-36.84628	Grasped	Hand	
4.464844:7.308105:-18.86572	7.488281:8.433105:-18.75146	5.752441:6.925781:-24.08203	5.532715:11.729:-19.66553	0.3619519:14.33951:-36.81573	Grasped	Bottle	
4.464844:7.308105:-18.86572	7.488281:8.433105:-18.75146	5.752441:6.925781:-24.08203	5.532715:11.729:-19.66553	0.2961302:14.43347:-37.03466	Grasped	Bottle	
5.260254:7.16748:-19.00635	8.235352:8.200195:-19.00195	6.292969:6.75:-24.27979	6.249023:11.54004:-19.90283	0.2808355:14.45519:-37.08847	Grasped	Bottle	
5.260254:7.16748:-19.00635	8.235352:8.200195:-19.00195	6.292969:6.75:-24.27979	6.249023:11.54004:-19.90283	0.2666969:14.47397:-37.12099	Grasped	Bottle	
5.260254:7.16748:-19.00635	8.235352:8.200195:-19.00195	6.292969:6.75:-24.27979	6.249023:11.54004:-19.90283	0.2509607:14.49535:-37.16778	Grasped	Bottle	
5.945801:6.978516:-19.07227	8.837402:7.954102:-19.18652	6.811523:6.534668:-24.3501	6.868652:11.30273:-20.0083	0.2577818:14.48975:-37.1423	Grasped	Bottle	
5.945801:6.978516:-19.07227	8.837402:7.954102:-19.18652	6.811523:6.534668:-24.3501	6.868652:11.30273:-20.0083	0.2520133:14.50251:-37.17207	Grasped	CupRight	
