ThumbPosition	IndexPosition	PalmPosition	ObjectPosition	GazePosition	Annotations	GazeAnnotations	
-1.212891:3.51123:-26.80225	1.546875:1.656738:-25.30811	1.001953:2.096191:-30.75732	0.9931641:8.01123:-11.6543	-0.02669317:14.90098:-37.04441	Start	Default	
-1.212891:3.51123:-26.80225	1.546875:1.656738:-25.30811	1.001953:2.096191:-30.75732	0.9931641:8.01123:-11.6543	-0.01886076:14.90157:-37.05707	Start	Default	
-1.212891:3.51123:-26.80225	1.546875:1.656738:-25.30811	1.001953:2.096191:-30.75732	0.9931641:8.01123:-11.6543	-0.01442098:14.90076:-37.02624	Start	Default	
-1.186523:3.467285:-26.80664	1.555664:1.625977:-25.29932	1.001953:2.091797:-30.75732	0.9931641:8.01123:-11.6543	-0.01781722:14.8972:-36.94255	Start	Default	
-1.186523:3.467285:-26.80664	1.555664:1.625977:-25.29932	1.001953:2.091797:-30.75732	0.9931641:8.01123:-11.6543	-0.02466608:14.89608:-36.94176	Start	Default	
-1.186523:3.467285:-26.80664	1.555664:1.625977:-25.29932	1.001953:2.091797:-30.75732	0.9931641:8.01123:-11.6543	-0.03188188:14.89103:-36.92875	Start	Default	
-1.186523:3.467285:-26.80664	1.555664:1.625977:-25.29932	1.001953:2.091797:-30.75732	0.9931641:8.01123:-11.6543	-0.01276527:14.89353:-36.85697	Start	Default	
-1.164551:3.467285:-26.78467	1.546875:1.604004:-25.28174	0.9887695:2.083008:-30.77051	0.9887695:8.01123:-11.6543	0.005173238:14.89156:-36.84516	Start	Default	
-1.164551:3.467285:-26.78467	1.546875:1.604004:-25.28174	0.9887695:2.083008:-30.77051	0.9887695:8.01123:-11.6543	0.007547012:14.89189:-36.84463	Start	Default	
-1.142578:3.449707:-26.74951	1.520508:1.573242:-25.25977	0.9755859:2.078613:-30.7749	0.9887695:8.015625:-11.65869	-0.003924765:14.88723:-36.82183	Start	Default	
-1.142578:3.449707:-26.74951	1.520508:1.573242:-25.25977	0.9755859:2.078613:-30.7749	0.9887695:8.015625:-11.65869	-0.1296198:14.73929:-36.43479	Start	Default	
-1.142578:3.449707:-26.74951	1.520508:1.573242:-25.25977	0.9755859:2.078613:-30.7749	0.9887695:8.015625:-11.65869	-0.1923454:14.66438:-36.95889	Start	Default	
-1.142578:3.449707:-26.74951	1.520508:1.573242:-25.25977	0.9755859:2.078613:-30.7749	0.9887695:8.015625:-11.65869	-0.2976359:14.41981:-36.56879	Start	Default	
-1.146973:3.432129:-26.74072	1.494141:1.568848:-25.24219	0.9667969:2.083008:-30.7749	0.9887695:8.015625:-11.65869	-0.3634774:14.15297:-36.33473	Start	Default	
-1.146973:3.432129:-26.74072	1.494141:1.568848:-25.24219	0.9667969:2.083008:-30.7749	0.9887695:8.015625:-11.65869	-0.336797:14.29691:-36.59496	Start	Default	
-1.146973:3.432129:-26.74072	1.494141:1.568848:-25.24219	0.9667969:2.083008:-30.7749	0.9887695:8.015625:-11.65869	-0.2108325:14.56104:-37.25819	Start	Default	
-1.146973:3.432129:-26.74072	1.494141:1.568848:-25.24219	0.9667969:2.083008:-30.7749	0.9887695:8.015625:-11.65869	-0.166069:14.54697:-37.17984	Start	Default	
-1.146973:3.427734:-26.69238	1.463379:1.564453:-25.22461	0.9667969:2.087402:-30.7793	0.9931641:8.015625:-11.6543	-0.2463134:14.37483:-36.80987	Start	Default	
-1.146973:3.427734:-26.69238	1.463379:1.564453:-25.22461	0.9667969:2.087402:-30.7793	0.9931641:8.015625:-11.6543	-0.2315768:14.41076:-36.89233	Start	Default	
-1.146973:3.427734:-26.69238	1.463379:1.564453:-25.22461	0.9667969:2.087402:-30.7793	0.9931641:8.015625:-11.6543	-0.2321168:14.41938:-36.92056	Start	Default	
-1.160156:3.436523:-26.63086	1.467773:1.560059:-25.20264	0.9667969:2.096191:-30.78809	0.9931641:8.01123:-11.6543	-0.241007:14.39787:-36.86429	Start	Default	
-1.160156:3.436523:-26.63086	1.467773:1.560059:-25.20264	0.9667969:2.096191:-30.78809	0.9931641:8.01123:-11.6543	-0.2367393:14.39362:-36.8623	Start	Default	
-1.160156:3.436523:-26.63086	1.467773:1.560059:-25.20264	0.9667969:2.096191:-30.78809	0.9931641:8.01123:-11.6543	-0.252706:14.36422:-36.7975	Start	Default	
-1.116211:3.392578:-26.58691	1.472168:1.560059:-25.1543	0.9667969:2.096191:-30.78809	0.9931641:8.015625:-11.6543	-0.260406:14.34278:-36.73164	Start	Default	
-1.116211:3.392578:-26.58691	1.472168:1.560059:-25.1543	0.9667969:2.096191:-30.78809	0.9931641:8.015625:-11.6543	-0.2457038:14.34808:-36.78129	Start	Default	
-1.116211:3.392578:-26.58691	1.472168:1.560059:-25.1543	0.9667969:2.096191:-30.78809	0.9931641:8.015625:-11.6543	-0.1394785:13.97332:-35.87643	Start	Default	
-1.116211:3.392578:-26.58691	1.472168:1.560059:-25.1543	0.9667969:2.096191:-30.78809	0.9931641:8.015625:-11.6543	-0.04159237:14.60092:-37.30226	Start	Bottle	
-1.129395:3.375:-26.54736	1.388672:1.520508:-25.09277	0.9580078:2.11377:-30.79248	0.9931641:8.015625:-11.6543	-0.06322362:14.51958:-37.08454	Start	Default	
-1.129395:3.375:-26.54736	1.388672:1.520508:-25.09277	0.9580078:2.11377:-30.79248	0.9931641:8.015625:-11.6543	-0.04990761:14.48283:-37.02043	Start	Bottle	
-1.129395:3.375:-26.54736	1.388672:1.520508:-25.09277	0.9580078:2.11377:-30.79248	0.9931641:8.015625:-11.6543	-0.02424216:14.24371:-36.52231	Start	Bottle	
-1.006348:3.366211:-26.4375	1.696289:1.727051:-24.91699	1.023926:2.390625:-30.67822	0.9931641:8.015625:-11.6543	-0.03687517:14.31051:-36.64464	Start	Bottle	
-1.006348:3.366211:-26.4375	1.696289:1.727051:-24.91699	1.023926:2.390625:-30.67822	0.9931641:8.015625:-11.6543	-0.0407182:14.39587:-36.83439	Start	Bottle	
-1.006348:3.366211:-26.4375	1.696289:1.727051:-24.91699	1.023926:2.390625:-30.67822	0.9931641:8.015625:-11.6543	-0.04181941:14.3857:-36.79243	Start	Bottle	
-0.4482422:3.04541:-26.05078	2.061035:2.184082:-24.64893	1.160156:2.852051:-30.38379	0.9931641:8.015625:-11.6543	-0.03101987:14.09781:-36.17056	Start	Bottle	
-0.4482422:3.04541:-26.05078	2.061035:2.184082:-24.64893	1.160156:2.852051:-30.38379	0.9931641:8.015625:-11.6543	-0.03952251:14.25881:-36.54136	Start	Bottle	
-0.4482422:3.04541:-26.05078	2.061035:2.184082:-24.64893	1.160156:2.852051:-30.38379	0.9931641:8.015625:-11.6543	-0.02465712:14.20777:-36.44771	Start	Bottle	
-0.3999023:3.23877:-25.52344	2.289551:3.309082:-24.02051	1.318359:3.541992:-29.78174	0.9931641:8.015625:-11.6543	-0.02868276:14.16649:-36.35859	Start	Bottle	
-0.3999023:3.23877:-25.52344	2.289551:3.309082:-24.02051	1.318359:3.541992:-29.78174	0.9931641:8.015625:-11.6543	-0.03272937:14.20356:-36.43404	Start	Bottle	
-0.3999023:3.23877:-25.52344	2.289551:3.309082:-24.02051	1.318359:3.541992:-29.78174	0.9931641:8.015625:-11.6543	-0.03539558:14.35224:-36.78377	Start	Bottle	
-0.3999023:3.23877:-25.52344	2.289551:3.309082:-24.02051	1.318359:3.541992:-29.78174	0.9931641:8.015625:-11.6543	-0.04994314:14.3058:-36.64323	Start	Bottle	
-0.5932617:3.880371:-24.67529	2.25:4.807617:-23.26025	1.437012:4.376953:-28.98633	0.9931641:8.015625:-11.6543	-0.04381618:14.46856:-37.00411	Start	Bottle	
-0.5932617:3.880371:-24.67529	2.25:4.807617:-23.26025	1.437012:4.376953:-28.98633	0.9931641:8.015625:-11.6543	-0.04826159:14.49895:-37.0664	Start	Bottle	
-0.5932617:3.880371:-24.67529	2.25:4.807617:-23.26025	1.437012:4.376953:-28.98633	0.9931641:8.015625:-11.6543	-0.05696709:14.47901:-37.00192	Start	Bottle	
-0.5932617:3.880371:-24.67529	2.25:4.807617:-23.26025	1.437012:4.376953:-28.98633	0.9931641:8.015625:-11.6543	-0.05678133:14.47389:-36.99388	Start	Bottle	
-0,9360352,4,930664,-23,32178,	2,241211,6,618164,-22,04736,	1,511719,5,458008,-27,59766,	0,9931641,8,015625,-11,6543,	-0,06009253,14,51062,-37,06511,	ReachForBottle	Bottle	
-0,9360352,4,930664,-23,32178,	2,241211,6,618164,-22,04736,	1,511719,5,458008,-27,59766,	0,9931641,8,015625,-11,6543,	-0,05411938,14,45549,-36,9612,	ReachForBottle	Bottle	
-0,9360352,4,930664,-23,32178,	2,241211,6,618164,-22,04736,	1,511719,5,458008,-27,59766,	0,9931641,8,015625,-11,6543,	-0,05315573,14,42728,-36,90804,	ReachForBottle	Bottle	
-0,9360352,4,930664,-23,32178,	2,241211,6,618164,-22,04736,	1,511719,5,458008,-27,59766,	0,9931641,8,015625,-11,6543,	-0,04424891,14,46643,-37,01928,	ReachForBottle	Bottle	
-1.217285:5.778809:-22.05615	2.228027:7.659668:-20.8916	1.50293:6.029297:-26.3584	0.9931641:8.015625:-11.6543	-0.05226269:14.50051:-37.07085	ReachForBottle	Bottle	
-1.217285:5.778809:-22.05615	2.228027:7.659668:-20.8916	1.50293:6.029297:-26.3584	0.9931641:8.015625:-11.6543	-0.04348646:14.57184:-37.3127	ReachForBottle	Bottle	
-1.217285:5.778809:-22.05615	2.228027:7.659668:-20.8916	1.50293:6.029297:-26.3584	0.9931641:8.015625:-11.6543	-0.01591624:14.26726:-36.67493	ReachForBottle	Bottle	
-1.362305:6.28418:-20.79932	2.236816:8.25293:-19.6875	1.485352:6.33252:-25.10156	0.9931641:8.015625:-11.6543	-0.009868436:14.01262:-36.16693	ReachForBottle	Bottle	
-1.362305:6.28418:-20.79932	2.236816:8.25293:-19.6875	1.485352:6.33252:-25.10156	0.9931641:8.015625:-11.6543	-0.02849528:14.34968:-36.84559	ReachForBottle	Bottle	
-1.362305:6.28418:-20.79932	2.236816:8.25293:-19.6875	1.485352:6.33252:-25.10156	0.9931641:8.015625:-11.6543	-0.02224744:14.19352:-36.54431	ReachForBottle	Bottle	
-1.410645:6.631348:-19.46777	2.390625:8.455078:-18.44824	1.401855:6.455566:-23.83154	0.9931641:8.015625:-11.6543	-0.07016632:14.69209:-37.53536	ReachForBottle	Bottle	
-1.410645:6.631348:-19.46777	2.390625:8.455078:-18.44824	1.401855:6.455566:-23.83154	0.9931641:8.015625:-11.6543	-0.05742609:14.54901:-37.23611	ReachForBottle	Bottle	
-1.410645:6.631348:-19.46777	2.390625:8.455078:-18.44824	1.401855:6.455566:-23.83154	0.9931641:8.015625:-11.6543	-0.04501623:14.42392:-36.96566	ReachForBottle	Bottle	
-1.410645:6.631348:-19.46777	2.390625:8.455078:-18.44824	1.401855:6.455566:-23.83154	0.9931641:8.015625:-11.6543	-0.05836604:14.54008:-37.19891	ReachForBottle	Bottle	
-1.511719:6.802734:-18.17578	2.403809:8.564941:-17.22217	1.287598:6.543457:-22.56152	0.9887695:8.015625:-11.6543	-0.04991514:14.48692:-37.08685	ReachForBottle	Bottle	
-1.511719:6.802734:-18.17578	2.403809:8.564941:-17.22217	1.287598:6.543457:-22.56152	0.9887695:8.015625:-11.6543	-0.05299553:14.47754:-37.08334	ReachForBottle	Bottle	
-1.511719:6.802734:-18.17578	2.403809:8.564941:-17.22217	1.287598:6.543457:-22.56152	0.9887695:8.015625:-11.6543	-0.04336746:14.43859:-36.98986	ReachForBottle	Hand	
-1.55127:6.877441:-17.08154	2.487305:8.608887:-16.19824	1.22168:6.657715:-21.49365	0.9887695:8.015625:-11.6543	-0.05045318:14.48077:-37.06997	ReachForBottle	Hand	
-1.55127:6.877441:-17.08154	2.487305:8.608887:-16.19824	1.22168:6.657715:-21.49365	0.9887695:8.015625:-11.6543	-0.05327082:14.47523:-37.05065	ReachForBottle	Bottle	
-1.55127:6.877441:-17.08154	2.487305:8.608887:-16.19824	1.22168:6.657715:-21.49365	0.9887695:8.015625:-11.6543	-0.0577681:14.48049:-37.0626	ReachForBottle	Bottle	
-1.55127:6.877441:-17.08154	2.487305:8.608887:-16.19824	1.22168:6.657715:-21.49365	0.9887695:8.015625:-11.6543	-0.05619554:14.52795:-37.16334	ReachForBottle	Bottle	
-1.498535:6.925781:-16.11475	2.588379:8.644043:-15.25781	1.160156:6.802734:-20.54443	0.9887695:8.015625:-11.6543	-0.05528831:14.58364:-37.2909	ReachForBottle	Hand	
-1.498535:6.925781:-16.11475	2.588379:8.644043:-15.25781	1.160156:6.802734:-20.54443	0.9887695:8.015625:-11.6543	-0.05847465:14.57601:-37.27168	ReachForBottle	Bottle	
-1.498535:6.925781:-16.11475	2.588379:8.644043:-15.25781	1.160156:6.802734:-20.54443	0.9887695:8.015625:-11.6543	-0.06274867:14.64682:-37.43208	ReachForBottle	Bottle	
-1.467773:6.960938:-15.27539	2.658691:8.683594:-14.48877	1.138184:6.921387:-19.77979	0.9887695:8.015625:-11.6543	-0.06449678:14.70654:-37.5703	ReachForBottle	Bottle	
-1.467773:6.960938:-15.27539	2.658691:8.683594:-14.48877	1.138184:6.921387:-19.77979	0.9887695:8.015625:-11.6543	-0.06461285:14.71471:-37.58716	ReachForBottle	Bottle	
-1.467773:6.960938:-15.27539	2.658691:8.683594:-14.48877	1.138184:6.921387:-19.77979	0.9887695:8.015625:-11.6543	-0.06479742:14.71164:-37.58089	ReachForBottle	Bottle	
-1.371094:6.956543:-14.55469	2.790527:8.635254:-13.86475	1.125:6.974121:-19.12939	0.9887695:8.015625:-11.6543	-0.068551:14.71425:-37.58382	ReachForBottle	Bottle	
-1.371094:6.956543:-14.55469	2.790527:8.635254:-13.86475	1.125:6.974121:-19.12939	0.9887695:8.015625:-11.6543	-0.0740099:14.71397:-37.58659	ReachForBottle	Bottle	
-1.371094:6.956543:-14.55469	2.790527:8.635254:-13.86475	1.125:6.974121:-19.12939	0.9887695:8.015625:-11.6543	-0.07442164:14.7136:-37.58679	ReachForBottle	Bottle	
-1.371094:6.956543:-14.55469	2.790527:8.635254:-13.86475	1.125:6.974121:-19.12939	0.9887695:8.015625:-11.6543	-0.07961807:14.73447:-37.63213	ReachForBottle	Bottle	
-1.283203:6.859863:-13.93945	2.917969:8.472656:-13.30225	1.155762:6.956543:-18.57129	0.9887695:8.015625:-11.65869	-0.08150973:14.75862:-37.68534	ReachForBottle	Bottle	
-1.283203:6.859863:-13.93945	2.917969:8.472656:-13.30225	1.155762:6.956543:-18.57129	0.9887695:8.015625:-11.65869	-0.0794669:14.7475:-37.66501	ReachForBottle	Bottle	
-1.283203:6.859863:-13.93945	2.917969:8.472656:-13.30225	1.155762:6.956543:-18.57129	0.9887695:8.015625:-11.65869	-0.07679165:14.75661:-37.68462	ReachForBottle	Bottle	
-1.17334:6.684082:-13.43408	3.058594:8.314453:-12.84521	1.17334:6.881836:-18.11865	0.9887695:8.015625:-11.65869	-0.08229604:14.76166:-37.69015	ReachForBottle	Bottle	
-1.17334:6.684082:-13.43408	3.058594:8.314453:-12.84521	1.17334:6.881836:-18.11865	0.9887695:8.015625:-11.65869	-0.07876515:14.75766:-37.68624	ReachForBottle	Bottle	
-1.17334:6.684082:-13.43408	3.058594:8.314453:-12.84521	1.17334:6.881836:-18.11865	0.9887695:8.015625:-11.65869	-0.08296489:14.76027:-37.68791	ReachForBottle	Bottle	
-1.17334:6.684082:-13.43408	3.058594:8.314453:-12.84521	1.17334:6.881836:-18.11865	0.9887695:8.015625:-11.65869	-0.08557364:14.75951:-37.68583	ReachForBottle	Bottle	
-1,07666,6,51709,-13,02979,	3,168457,8,068359,-12,4585,	1,208496,6,763184,-17,74951,	0,9887695,8,015625,-11,6543,	-0,08983813,14,75557,-37,67403,	Grasped	Bottle	
-1,07666,6,51709,-13,02979,	3,168457,8,068359,-12,4585,	1,208496,6,763184,-17,74951,	0,9887695,8,015625,-11,6543,	-0,0877023,14,76084,-37,68378,	Grasped	Bottle	
-1,07666,6,51709,-13,02979,	3,168457,8,068359,-12,4585,	1,208496,6,763184,-17,74951,	0,9887695,8,015625,-11,6543,	-0,08931243,14,77998,-37,71996,	Grasped	Bottle	
-1.001953:6.376465:-12.7002	3.221191:7.773926:-12.10693	1.230469:6.60498:-17.45947	0.9887695:8.015625:-11.6543	-0.09030496:14.69474:-37.54202	Grasped	Bottle	
-1.001953:6.376465:-12.7002	3.221191:7.773926:-12.10693	1.230469:6.60498:-17.45947	0.9887695:8.015625:-11.6543	-0.08266996:14.66891:-37.49168	Grasped	Bottle	
-1.001953:6.376465:-12.7002	3.221191:7.773926:-12.10693	1.230469:6.60498:-17.45947	0.9887695:8.015625:-11.6543	-0.08549561:14.64937:-37.45306	Grasped	Bottle	
-0.9975586:6.178711:-12.44971	3.194824:7.461914:-11.79932	1.226074:6.433594:-17.23535	0.9887695:8.015625:-11.65869	-0.08793521:14.61077:-37.37961	Grasped	Bottle	
-0.9975586:6.178711:-12.44971	3.194824:7.461914:-11.79932	1.226074:6.433594:-17.23535	0.9887695:8.015625:-11.65869	-0.09137917:14.51639:-37.17288	Grasped	Bottle	
-0.9975586:6.178711:-12.44971	3.194824:7.461914:-11.79932	1.226074:6.433594:-17.23535	0.9887695:8.015625:-11.65869	-0.1184717:14.74319:-37.68671	Grasped	Default	
-0.9711914:5.919434:-12.22559	3.133301:7.237793:-11.56641	1.186523:6.244629:-17.0376	0.9931641:8.01123:-11.6499	-0.1437206:14.71611:-37.63516	Grasped	Default	
-0.9711914:5.919434:-12.22559	3.133301:7.237793:-11.56641	1.186523:6.244629:-17.0376	0.9931641:8.01123:-11.6499	-0.1154492:14.75165:-37.70498	Grasped	Default	
-0.9711914:5.919434:-12.22559	3.133301:7.237793:-11.56641	1.186523:6.244629:-17.0376	0.9931641:8.01123:-11.6499	-0.08953521:14.79712:-37.75606	Grasped	Default	
-0.9711914:5.919434:-12.22559	3.133301:7.237793:-11.56641	1.186523:6.244629:-17.0376	0.9931641:8.01123:-11.6499	-0.1250768:14.77976:-37.76367	Grasped	Default	
-0.8745117:5.712891:-12.01465	2.961914:7.048828:-11.29834	1.155762:6.073242:-16.86621	1.006348:8.006836:-11.60596	-0.1991986:14.77121:-37.7185	Grasped	CupLeft	
-0.8745117:5.712891:-12.01465	2.961914:7.048828:-11.29834	1.155762:6.073242:-16.86621	1.006348:8.006836:-11.60596	-0.2275876:14.72533:-37.61245	Grasped	CupLeft	
-0.8745117:5.712891:-12.01465	2.961914:7.048828:-11.29834	1.155762:6.073242:-16.86621	1.006348:8.006836:-11.60596	-0.2440571:14.70204:-37.57692	Grasped	CupLeft	
-0.8745117:5.712891:-12.01465	2.961914:7.048828:-11.29834	1.155762:6.073242:-16.86621	1.006348:8.006836:-11.60596	-0.2332236:14.68815:-37.56056	Grasped	Default	
-0.6943359:5.510742:-11.85205	2.777344:6.868652:-11.11377	1.133789:5.910645:-16.77832	0.9975586:8.006836:-11.60596	-0.212335:14.73872:-37.65056	Grasped	CupLeft	
-0.6943359:5.510742:-11.85205	2.777344:6.868652:-11.11377	1.133789:5.910645:-16.77832	0.9975586:8.006836:-11.60596	-0.2119855:14.72503:-37.62663	Grasped	Default	
-0.6943359:5.510742:-11.85205	2.777344:6.868652:-11.11377	1.133789:5.910645:-16.77832	0.9975586:8.006836:-11.60596	-0.2184928:14.7145:-37.61387	Grasped	Default	
-0.6635742:5.326172:-11.77295	2.575195:6.719238:-11.01709	1.103027:5.822754:-16.74316	0.9887695:8.006836:-11.61035	-0.1949692:14.76508:-37.70327	Grasped	CupLeft	
-0.6635742:5.326172:-11.77295	2.575195:6.719238:-11.01709	1.103027:5.822754:-16.74316	0.9887695:8.006836:-11.61035	-0.1864471:14.7827:-37.74201	Grasped	Default	
-0.6635742:5.326172:-11.77295	2.575195:6.719238:-11.01709	1.103027:5.822754:-16.74316	0.9887695:8.006836:-11.61035	-0.1831685:14.78422:-37.74187	Grasped	CupLeft	
-0.6635742:5.326172:-11.77295	2.575195:6.719238:-11.01709	1.103027:5.822754:-16.74316	0.9887695:8.006836:-11.61035	-0.211467:14.74496:-37.69648	Grasped	Default	
-0.6943359:5.312988:-11.75098	2.29834:6.679688:-10.99512	0.9624023:5.844727:-16.7124	0.8964844:8.02002:-11.66309	-0.1988817:14.76016:-37.73763	Grasped	Default	
-0.6943359:5.312988:-11.75098	2.29834:6.679688:-10.99512	0.9624023:5.844727:-16.7124	0.8964844:8.02002:-11.66309	-0.1898701:14.76465:-37.73122	Grasped	Default	
-0.6943359:5.312988:-11.75098	2.29834:6.679688:-10.99512	0.9624023:5.844727:-16.7124	0.8964844:8.02002:-11.66309	-0.253916:14.6575:-37.52775	Grasped	Default	
-0.8305664:5.34375:-11.77295	1.977539:6.666504:-11.0083	0.7646484:5.937012:-16.72998	0.6899414:8.050781:-11.69824	-0.2865255:14.61565:-37.44456	Grasped	Default	
-0.8305664:5.34375:-11.77295	1.977539:6.666504:-11.0083	0.7646484:5.937012:-16.72998	0.6899414:8.050781:-11.69824	-0.2494468:14.6819:-37.58021	Grasped	Default	
-0.8305664:5.34375:-11.77295	1.977539:6.666504:-11.0083	0.7646484:5.937012:-16.72998	0.6899414:8.050781:-11.69824	-0.250275:14.67762:-37.56793	Grasped	Default	
-1.296387:5.52832:-11.91797	1.546875:6.767578:-11.10059	0.4438477:6.055664:-16.82666	0.28125:8.195801:-11.82129	-0.2591301:14.66514:-37.54894	Grasped	Default	
-1.296387:5.52832:-11.91797	1.546875:6.767578:-11.10059	0.4438477:6.055664:-16.82666	0.28125:8.195801:-11.82129	-0.2635984:14.66126:-37.53701	Grasped	Default	
-1.296387:5.52832:-11.91797	1.546875:6.767578:-11.10059	0.4438477:6.055664:-16.82666	0.28125:8.195801:-11.82129	-0.250721:14.68129:-37.58579	Grasped	Default	
-1.867676:5.730469:-12.10693	0.9360352:6.925781:-11.18848	0.02197266:6.196289:-16.94971	-0.2900391:8.371582:-11.96191	-0.2249853:14.73367:-37.67717	Grasped	Default	
-1.867676:5.730469:-12.10693	0.9360352:6.925781:-11.18848	0.02197266:6.196289:-16.94971	-0.2900391:8.371582:-11.96191	-0.2205158:14.7486:-37.71059	Grasped	Default	
-1.867676:5.730469:-12.10693	0.9360352:6.925781:-11.18848	0.02197266:6.196289:-16.94971	-0.2900391:8.371582:-11.96191	-0.2107463:14.75423:-37.72195	Grasped	Default	
-1.867676:5.730469:-12.10693	0.9360352:6.925781:-11.18848	0.02197266:6.196289:-16.94971	-0.2900391:8.371582:-11.96191	-0.1924675:14.78499:-37.77465	Grasped	Default	
-2.548828:5.958984:-12.31348	0.215332:7.075195:-11.28955	-0.487793:6.341309:-17.08154	-0.9492188:8.556152:-12.11133	-0.1933493:14.77407:-37.76466	Grasped	Default	
-2.548828:5.958984:-12.31348	0.215332:7.075195:-11.28955	-0.487793:6.341309:-17.08154	-0.9492188:8.556152:-12.11133	-0.1821989:14.79915:-37.81142	Grasped	Default	
-2.548828:5.958984:-12.31348	0.215332:7.075195:-11.28955	-0.487793:6.341309:-17.08154	-0.9492188:8.556152:-12.11133	-0.1970066:14.77727:-37.77629	Grasped	Default	
-2.548828:5.958984:-12.31348	0.215332:7.075195:-11.28955	-0.487793:6.341309:-17.08154	-0.9492188:8.556152:-12.11133	-0.1879351:14.78953:-37.80049	Grasped	Default	
-3.322266:6.196289:-12.55518	-0.6064453:7.224609:-11.4082	-1.067871:6.473145:-17.21777	-1.700684:8.740723:-12.2959	-0.1899364:14.78929:-37.79945	Grasped	Default	
-3.322266:6.196289:-12.55518	-0.6064453:7.224609:-11.4082	-1.067871:6.473145:-17.21777	-1.700684:8.740723:-12.2959	-0.1888685:14.78999:-37.79852	Grasped	Default	
-3.322266:6.196289:-12.55518	-0.6064453:7.224609:-11.4082	-1.067871:6.473145:-17.21777	-1.700684:8.740723:-12.2959	-0.198478:14.77224:-37.76563	Grasped	Default	
-4.056152:6.402832:-12.80127	-1.379883:7.343262:-11.52686	-1.643555:6.561035:-17.34961	-2.412598:8.894531:-12.48047	-0.2038443:14.76247:-37.74582	Grasped	Default	
-4.056152:6.402832:-12.80127	-1.379883:7.343262:-11.52686	-1.643555:6.561035:-17.34961	-2.412598:8.894531:-12.48047	-0.2011832:14.77001:-37.76194	Grasped	Default	
-4.056152:6.402832:-12.80127	-1.379883:7.343262:-11.52686	-1.643555:6.561035:-17.34961	-2.412598:8.894531:-12.48047	-0.2002426:14.76824:-37.7595	Grasped	Default	
-4.820801:6.547852:-13.04297	-2.162109:7.453125:-11.65869	-2.219238:6.61377:-17.47705	-3.146484:9.013184:-12.66943	-0.202803:14.76016:-37.74597	Grasped	Default	
-4.820801:6.547852:-13.04297	-2.162109:7.453125:-11.65869	-2.219238:6.61377:-17.47705	-3.146484:9.013184:-12.66943	-0.203815:14.76042:-37.74632	Grasped	Default	
-4.820801:6.547852:-13.04297	-2.162109:7.453125:-11.65869	-2.219238:6.61377:-17.47705	-3.146484:9.013184:-12.66943	-0.2068527:14.75724:-37.74092	Grasped	Default	
-4.820801:6.547852:-13.04297	-2.162109:7.453125:-11.65869	-2.219238:6.61377:-17.47705	-3.146484:9.013184:-12.66943	-0.2075429:14.75478:-37.73627	Grasped	Default	
-5.57666:6.644531:-13.30664	-2.966309:7.541016:-11.80811	-2.830078:6.640137:-17.62207	-3.915527:9.105469:-12.87598	-0.2652844:14.67178:-37.57929	Grasped	Default	
-5.57666:6.644531:-13.30664	-2.966309:7.541016:-11.80811	-2.830078:6.640137:-17.62207	-3.915527:9.105469:-12.87598	-0.1774594:14.81302:-37.86444	Grasped	Default	
