ThumbPosition	IndexPosition	PalmPosition	ObjectPosition	RightEyePosition	Annotations	
0.1399993,2.01618,-21.32,	2.059999,2.01618,-20.87,	1.14,0.44,-22.34,	4.62,0,-11.31592,	5.78486,0.07961912,0.7361618,	Start	
0.1399993,2.01618,-21.32,	2.059999,2.01618,-20.87,	1.14,0.44,-22.34,	4.62,0,-11.31592,	5.78486,0.07961912,0.7361618,	ReachForBottle	
0.1399993,2.01618,-21.32,	2.059999,2.01618,-20.87,	1.14,0.44,-22.34,	4.62,0,-11.31592,	5.78486,0.07961912,0.7361618,	ReachForBottle	
0.1399993,2.01618,-21.32,	2.059999,2.01618,-20.87,	1.14,0.44,-22.34,	4.62,0,-11.31592,	5.78486,0.07961912,0.7361618,	ReachForBottle	
0.1399993,2.01618,-21.32,	2.059999,2.01618,-20.87,	1.14,0.44,-22.34,	4.62,0,-11.31592,	5.78486,0.07961912,0.7361618,	ReachForBottle	
0.1399993,2.01618,-21.32,	2.059999,2.01618,-20.87,	1.14,0.44,-22.34,	4.62,0,-11.31592,	5.78486,0.07961912,0.7361618,	ReachForBottle	
0.1399993,2.01618,-21.32,	2.059999,2.01618,-20.87,	1.14,0.44,-22.34,	4.62,0,-11.31592,	5.78486,0.07961912,0.7361618,	ReachForBottle	
0.1399993,2.01618,-21.32,	2.059999,2.01618,-20.87,	1.14,0.44,-22.34,	4.62,0,-11.31592,	5.78486,0.07961912,0.7361618,	ReachForBottle	
0.1399993,2.01618,-21.32,	2.059999,2.01618,-20.87,	1.14,0.44,-22.34,	4.62,0,-11.31592,	5.78486,0.07961912,0.7361618,	ReachForBottle	
0.1399993,2.01618,-21.32,	2.059999,2.01618,-20.87,	1.14,0.44,-22.34,	4.62,0,-11.31592,	5.78486,0.07961912,0.7361618,	ReachForBottle	
0.1399993,2.01618,-21.32,	2.059999,2.01618,-20.87,	1.14,0.44,-22.34,	4.62,0,-11.31592,	5.78486,0.07961912,0.7361618,	ReachForBottle	
0.1399993,2.01618,-21.32,	2.059999,2.01618,-20.87,	1.14,0.44,-22.34,	4.62,0,-11.31592,	5.78486,0.07961912,0.7361618,	ReachForBottle	
0.1399993,2.01618,-21.32,	2.059999,2.01618,-20.87,	1.14,0.44,-22.34,	4.62,0,-11.31592,	5.78486,0.07961912,0.7361618,	ReachForBottle	
0.1399993,2.01618,-21.32,	2.059999,2.01618,-20.87,	1.14,0.44,-22.34,	4.62,0,-11.31592,	5.78486,0.07961912,0.7361618,	ReachForBottle	
0.1399993,2.01618,-21.32,	2.059999,2.01618,-20.87,	1.14,0.44,-22.34,	4.62,0,-11.31592,	5.78486,0.07961912,0.7361618,	ReachForBottle	
0.1399993,2.01618,-21.32,	2.059999,2.01618,-20.87,	1.14,0.44,-22.34,	4.62,0,-11.31592,	5.78486,0.07961912,0.7361618,	ReachForBottle	
0.1399993,2.01618,-21.32,	2.059999,2.01618,-20.87,	1.14,0.44,-22.34,	4.62,0,-11.31592,	5.78486,0.07961912,0.7361618,	ReachForBottle	
0.1399993,2.01618,-21.32,	2.059999,2.01618,-20.87,	1.14,0.44,-22.34,	4.62,0,-11.31592,	5.78486,0.07961912,0.7361618,	ReachForBottle	
0.1399993,2.01618,-21.32,	2.059999,2.01618,-20.87,	1.14,0.44,-22.34,	4.62,0,-11.31592,	5.78486,0.07961912,0.7361618,	ReachForBottle	
0.1399993,2.01618,-21.32,	2.059999,2.01618,-20.87,	1.14,0.44,-22.34,	4.62,0,-11.31592,	5.78486,0.07961912,0.7361618,	ReachForBottle	
0.1399993,2.01618,-21.32,	2.059999,2.01618,-20.87,	1.14,0.44,-22.34,	4.62,0,-11.31592,	5.78486,0.07961912,0.7361618,	ReachForBottle	
0.1399993,2.01618,-21.32,	2.059999,2.01618,-20.87,	1.14,0.44,-22.34,	4.62,0,-11.31592,	5.78486,0.07961912,0.7361618,	ReachForBottle	
0.1399993,2.01618,-21.32,	2.059999,2.01618,-20.87,	1.14,0.44,-22.34,	4.62,0,-11.31592,	5.78486,0.07961912,0.7361618,	ReachForBottle	
0.1399993,2.01618,-21.32,	2.059999,2.01618,-20.87,	1.14,0.44,-22.34,	4.62,0,-11.31592,	5.78486,0.07961912,0.7361618,	ReachForBottle	
0.1399993,2.01618,-21.32,	2.059999,2.01618,-20.87,	1.14,0.44,-22.34,	4.62,0,-11.31592,	5.78486,0.07961912,0.7361618,	ReachForBottle	
0.1399993,2.01618,-21.32,	2.059999,2.01618,-20.87,	1.14,0.44,-22.34,	4.62,0,-11.31592,	5.78486,0.07961912,0.7361618,	ReachForBottle	
0.1399993,2.01618,-21.32,	2.059999,2.01618,-20.87,	1.14,0.44,-22.34,	4.62,0,-11.31592,	5.78486,0.07961912,0.7361618,	ReachForBottle	
0.1399993,2.01618,-21.32,	2.059999,2.01618,-20.87,	1.14,0.44,-22.34,	4.62,0,-11.31592,	5.78486,0.07961912,0.7361618,	ReachForBottle	
0.1399993,2.01618,-21.32,	2.059999,2.01618,-20.87,	1.14,0.44,-22.34,	4.62,0,-11.31592,	5.78486,0.07961912,0.7361618,	ReachForBottle	
0.1399993,2.01618,-21.32,	2.059999,2.01618,-20.87,	1.14,0.44,-22.34,	4.62,0,-11.31592,	5.78486,0.07961912,0.7361618,	ReachForBottle	
0.1399993,2.01618,-21.32,	2.059999,2.01618,-20.87,	1.14,0.44,-22.34,	4.62,0,-11.31592,	5.78486,0.07961912,0.7361618,	ReachForBottle	
0.1399993,2.01618,-21.32,	2.059999,2.01618,-20.87,	1.14,0.44,-22.34,	4.62,0,-11.31592,	5.78486,0.07961912,0.7361618,	ReachForBottle	
0.1399993,2.01618,-21.32,	2.059999,2.01618,-20.87,	1.14,0.44,-22.34,	4.62,0,-11.31592,	5.78486,0.07961912,0.7361618,	ReachForBottle	
0.1399993,2.01618,-21.32,	2.059999,2.01618,-20.87,	1.14,0.44,-22.34,	4.62,0,-11.31592,	5.78486,0.07961912,0.7361618,	ReachForBottle	
0.1399993,2.01618,-21.32,	2.059999,2.01618,-20.87,	1.14,0.44,-22.34,	4.62,0,-11.31592,	5.78486,0.07961912,0.7361618,	ReachForBottle	
0.1399993,2.01618,-21.32,	2.059999,2.01618,-20.87,	1.14,0.44,-22.34,	4.62,0,-11.31592,	5.78486,0.07961912,0.7361618,	ReachForBottle	
0.1399993,2.01618,-21.32,	2.059999,2.01618,-20.87,	1.14,0.44,-22.34,	4.62,0,-11.31592,	5.78486,0.07961912,0.7361618,	ReachForBottle	
0.1399993,2.01618,-21.32,	2.059999,2.01618,-20.87,	1.14,0.44,-22.34,	4.62,0,-11.31592,	5.78486,0.07961912,0.7361618,	ReachForBottle	
0.1399993,2.01618,-21.32,	2.059999,2.01618,-20.87,	1.14,0.44,-22.34,	4.62,0,-11.31592,	5.78486,0.07961912,0.7361618,	ReachForBottle	
0.1399993,2.01618,-21.32,	2.059999,2.01618,-20.87,	1.14,0.44,-22.34,	4.62,0,-11.31592,	5.78486,0.07961912,0.7361618,	ReachForBottle	
0.1399993,2.01618,-21.32,	2.059999,2.01618,-20.87,	1.14,0.44,-22.34,	4.62,0,-11.31592,	5.78486,0.07961912,0.7361618,	ReachForBottle	
0.1399993,2.01618,-21.32,	2.059999,2.01618,-20.87,	1.14,0.44,-22.34,	4.62,0,-11.31592,	5.78486,0.07961912,0.7361618,	ReachForBottle	
0.1399993,2.01618,-21.32,	2.059999,2.01618,-20.87,	1.14,0.44,-22.34,	4.62,0,-11.31592,	5.78486,0.07961912,0.7361618,	ReachForBottle	
0.1399993,2.01618,-21.32,	2.059999,2.01618,-20.87,	1.14,0.44,-22.34,	4.62,0,-11.31592,	5.78486,0.07961912,0.7361618,	ReachForBottle	
0.1399993,2.01618,-21.32,	2.059999,2.01618,-20.87,	1.14,0.44,-22.34,	4.62,0,-11.31592,	5.78486,0.07961912,0.7361618,	ReachForBottle	
0.1399993,2.01618,-21.32,	2.059999,2.01618,-20.87,	1.14,0.44,-22.34,	4.62,0,-11.31592,	5.78486,0.07961912,0.7361618,	ReachForBottle	
0.1399993,2.01618,-21.32,	2.059999,2.01618,-20.87,	1.14,0.44,-22.34,	4.62,0,-11.31592,	5.78486,0.07961912,0.7361618,	ReachForBottle	
0.1399993,2.01618,-21.32,	2.059999,2.01618,-20.87,	1.14,0.44,-22.34,	4.62,0,-11.31592,	5.78486,0.07961912,0.7361618,	ReachForBottle	
0.1399993,2.01618,-21.32,	2.059999,2.01618,-20.87,	1.14,0.44,-22.34,	4.62,0,-11.31592,	5.78486,0.07961912,0.7361618,	ReachForBottle	
0.1399993,2.01618,-21.32,	2.059999,2.01618,-20.87,	1.14,0.44,-22.34,	4.62,0,-11.31592,	5.78486,0.07961912,0.7361618,	ReachForBottle	
0.1399993,2.01618,-21.32,	2.059999,2.01618,-20.87,	1.14,0.44,-22.34,	4.62,0,-11.31592,	5.78486,0.07961912,0.7361618,	ReachForBottle	
0.1399993,2.01618,-21.32,	2.059999,2.01618,-20.87,	1.14,0.44,-22.34,	4.62,0,-11.31592,	5.78486,0.07961912,0.7361618,	ReachForBottle	
0.1399993,2.01618,-21.32,	2.059999,2.01618,-20.87,	1.14,0.44,-22.34,	4.62,0,-11.31592,	5.78486,0.07961912,0.7361618,	ReachForBottle	
0.1399993,2.01618,-21.32,	2.059999,2.01618,-20.87,	1.14,0.44,-22.34,	4.62,0,-11.31592,	5.78486,0.07961912,0.7361618,	ReachForBottle	
0.1399993,2.01618,-21.32,	2.059999,2.01618,-20.87,	1.14,0.44,-22.34,	4.62,0,-11.31592,	5.78486,0.07961912,0.7361618,	ReachForBottle	
0.1399993,2.01618,-21.32,	2.059999,2.01618,-20.87,	1.14,0.44,-22.34,	4.62,0,-11.31592,	5.78486,0.07961912,0.7361618,	ReachForBottle	
0.1399993,2.01618,-21.32,	2.059999,2.01618,-20.87,	1.14,0.44,-22.34,	4.62,0,-11.31592,	5.78486,0.07961912,0.7361618,	ReachForBottle	
0.1399993,2.01618,-21.32,	2.059999,2.01618,-20.87,	1.14,0.44,-22.34,	4.62,0,-11.31592,	5.78486,0.07961912,0.7361618,	ReachForBottle	
0.1399993,2.01618,-21.32,	2.059999,2.01618,-20.87,	1.14,0.44,-22.34,	4.62,0,-11.31592,	5.78486,0.07961912,0.7361618,	ReachForBottle	
0.1399993,2.01618,-21.32,	2.059999,2.01618,-20.87,	1.14,0.44,-22.34,	4.62,0,-11.31592,	5.78486,0.07961912,0.7361618,	ReachForBottle	
0.1399993,2.01618,-21.32,	2.059999,2.01618,-20.87,	1.14,0.44,-22.34,	4.62,0,-11.31592,	5.78486,0.07961912,0.7361618,	ReachForBottle	
0.1399993,2.01618,-21.32,	2.059999,2.01618,-20.87,	1.14,0.44,-22.34,	4.62,0,-11.31592,	5.78486,0.07961912,0.7361618,	ReachForBottle	
0.1399993,2.01618,-21.32,	2.059999,2.01618,-20.87,	1.14,0.44,-22.34,	4.62,0,-11.31592,	5.78486,0.07961912,0.7361618,	ReachForBottle	
0.1399993,2.01618,-21.32,	2.059999,2.01618,-20.87,	1.14,0.44,-22.34,	4.62,0,-11.31592,	5.78486,0.07961912,0.7361618,	ReachForBottle	
0.1399993,2.01618,-21.32,	2.059999,2.01618,-20.87,	1.14,0.44,-22.34,	4.62,0,-11.31592,	5.78486,0.07961912,0.7361618,	ReachForBottle	
0.1399993,2.01618,-21.32,	2.059999,2.01618,-20.87,	1.14,0.44,-22.34,	4.62,0,-11.31592,	5.78486,0.07961912,0.7361618,	ReachForBottle	
0.1399993,2.01618,-21.32,	2.059999,2.01618,-20.87,	1.14,0.44,-22.34,	4.62,0,-11.31592,	5.78486,0.07961912,0.7361618,	ReachForBottle	
0.1399993,2.01618,-21.32,	2.059999,2.01618,-20.87,	1.14,0.44,-22.34,	4.62,0,-11.31592,	5.78486,0.07961912,0.7361618,	ReachForBottle	
0.1399993,2.01618,-21.32,	2.059999,2.01618,-20.87,	1.14,0.44,-22.34,	4.62,0,-11.31592,	5.78486,0.07961912,0.7361618,	ReachForBottle	
0.1399993,2.01618,-21.32,	2.059999,2.01618,-20.87,	1.14,0.44,-22.34,	4.62,0,-11.31592,	5.78486,0.07961912,0.7361618,	ReachForBottle	
0.1399993,2.01618,-21.32,	2.059999,2.01618,-20.87,	1.14,0.44,-22.34,	4.62,0,-11.31592,	5.78486,0.07961912,0.7361618,	ReachForBottle	
0.1399993,2.01618,-21.32,	2.059999,2.01618,-20.87,	1.14,0.44,-22.34,	4.62,0,-11.31592,	5.78486,0.07961912,0.7361618,	ReachForBottle	
0.1399993,2.01618,-21.32,	2.059999,2.01618,-20.87,	1.14,0.44,-22.34,	4.62,0,-11.31592,	5.78486,0.07961912,0.7361618,	ReachForBottle	
0.1399993,2.01618,-21.32,	2.059999,2.01618,-20.87,	1.14,0.44,-22.34,	4.62,0,-11.31592,	5.78486,0.07961912,0.7361618,	ReachForBottle	
0.1399993,2.01618,-21.32,	2.059999,2.01618,-20.87,	1.14,0.44,-22.34,	4.62,0,-11.31592,	5.78486,0.07961912,0.7361618,	ReachForBottle	
0.1399993,2.01618,-21.32,	2.059999,2.01618,-20.87,	1.14,0.44,-22.34,	4.62,0,-11.31592,	5.78486,0.07961912,0.7361618,	ReachForBottle	
0.1399993,2.01618,-21.32,	2.059999,2.01618,-20.87,	1.14,0.44,-22.34,	4.62,0,-11.31592,	5.78486,0.07961912,0.7361618,	ReachForBottle	
0.1399993,2.01618,-21.32,	2.059999,2.01618,-20.87,	1.14,0.44,-22.34,	4.62,0,-11.31592,	5.78486,0.07961912,0.7361618,	ReachForBottle	
0.1399993,2.01618,-21.32,	2.059999,2.01618,-20.87,	1.14,0.44,-22.34,	4.62,0,-11.31592,	5.78486,0.07961912,0.7361618,	ReachForBottle	
0.1399993,2.01618,-21.32,	2.059999,2.01618,-20.87,	1.14,0.44,-22.34,	4.62,0,-11.31592,	5.78486,0.07961912,0.7361618,	ReachForBottle	
0.1399993,2.01618,-21.32,	2.059999,2.01618,-20.87,	1.14,0.44,-22.34,	4.62,0,-11.31592,	5.78486,0.07961912,0.7361618,	ReachForBottle	
0.1399993,2.01618,-21.32,	2.059999,2.01618,-20.87,	1.14,0.44,-22.34,	4.62,0,-11.31592,	5.78486,0.07961912,0.7361618,	ReachForBottle	
0.1399993,2.01618,-21.32,	2.059999,2.01618,-20.87,	1.14,0.44,-22.34,	4.62,0,-11.31592,	5.78486,0.07961912,0.7361618,	ReachForBottle	
0.1399993,2.01618,-21.31,	2.059999,2.01618,-20.86,	1.14,0.44,-22.33,	4.62,0,-11.31592,	5.78486,0.07961912,0.7361618,	ReachForBottle	
0.1399993,2.01618,-21.31,	2.059999,2.01618,-20.86,	1.14,0.44,-22.33,	4.62,0,-11.31592,	5.78486,0.07961912,0.7361618,	ReachForBottle	
0.1399993,2.01618,-21.31,	2.059999,2.01618,-20.86,	1.14,0.44,-22.33,	4.62,0,-11.31592,	5.78486,0.07961912,0.7361618,	ReachForBottle	
0.1399993,2.01618,-21.31,	2.059999,2.01618,-20.86,	1.14,0.44,-22.33,	4.62,0,-11.31592,	5.78486,0.07961912,0.7361618,	ReachForBottle	
0.1399993,2.01618,-21.28,	2.059999,2.01618,-20.83,	1.14,0.44,-22.3,	4.62,0,-11.31592,	5.78486,0.07961912,0.7361618,	ReachForBottle	
0.1399993,2.01618,-21.28,	2.059999,2.01618,-20.83,	1.14,0.44,-22.3,	4.62,0,-11.31592,	5.78486,0.07961912,0.7361618,	ReachForBottle	
0.1399993,2.01618,-21.25,	2.059999,2.01618,-20.8,	1.14,0.44,-22.27,	4.62,0,-11.31592,	5.78486,0.07961912,0.7361618,	ReachForBottle	
0.1399993,2.01618,-21.25,	2.059999,2.01618,-20.8,	1.14,0.44,-22.27,	4.62,0,-11.31592,	5.78486,0.07961912,0.7361618,	ReachForBottle	
0.1399993,2.01618,-21.22,	2.059999,2.01618,-20.77,	1.14,0.44,-22.24,	4.62,0,-11.31592,	5.78486,0.07961912,0.7361618,	ReachForBottle	
0.1399993,2.01618,-21.22,	2.059999,2.01618,-20.77,	1.14,0.44,-22.24,	4.62,0,-11.31592,	5.78486,0.07961912,0.7361618,	ReachForBottle	
0.1399993,2.01618,-21.22,	2.059999,2.01618,-20.77,	1.14,0.44,-22.24,	4.62,0,-11.31592,	5.78486,0.07961912,0.7361618,	ReachForBottle	
0.1399993,2.01618,-21.22,	2.059999,2.01618,-20.77,	1.14,0.44,-22.24,	4.62,0,-11.31592,	5.78486,0.07961912,0.7361618,	ReachForBottle	
0.1399993,2.01618,-21.19,	2.059999,2.01618,-20.74,	1.14,0.44,-22.21,	4.62,0,-11.31592,	5.78486,0.07961912,0.7361618,	ReachForBottle	
0.1399993,2.01618,-21.19,	2.059999,2.01618,-20.74,	1.14,0.44,-22.21,	4.62,0,-11.31592,	5.78486,0.07961912,0.7361618,	ReachForBottle	
0.1399993,2.01618,-21.19,	2.059999,2.01618,-20.74,	1.14,0.44,-22.21,	4.62,0,-11.31592,	5.78486,0.07961912,0.7361618,	ReachForBottle	
0.1399993,2.01618,-21.19,	2.059999,2.01618,-20.74,	1.14,0.44,-22.21,	4.62,0,-11.31592,	5.78486,0.07961912,0.7361618,	ReachForBottle	
0.1399993,2.01618,-21.16,	2.059999,2.01618,-20.71,	1.14,0.44,-22.18,	4.62,0,-11.31592,	5.78486,0.07961912,0.7361618,	ReachForBottle	
0.1399993,2.01618,-21.16,	2.059999,2.01618,-20.71,	1.14,0.44,-22.18,	4.62,0,-11.31592,	5.78486,0.07961912,0.7361618,	ReachForBottle	
0.1399993,2.01618,-21.16,	2.059999,2.01618,-20.71,	1.14,0.44,-22.18,	4.62,0,-11.31592,	5.78486,0.07961912,0.7361618,	ReachForBottle	
0.1399993,2.01618,-21.16,	2.059999,2.01618,-20.71,	1.14,0.44,-22.18,	4.62,0,-11.31592,	5.78486,0.07961912,0.7361618,	ReachForBottle	
0.1399993,2.01618,-21.16,	2.059999,2.01618,-20.71,	1.14,0.44,-22.18,	4.62,0,-11.31592,	5.78486,0.07961912,0.7361618,	ReachForBottle	
0.1399993,2.01618,-21.13,	2.059999,2.01618,-20.68,	1.14,0.44,-22.15,	4.62,0,-11.31592,	5.78486,0.07961912,0.7361618,	ReachForBottle	
0.1399993,2.01618,-21.13,	2.059999,2.01618,-20.68,	1.14,0.44,-22.15,	4.62,0,-11.31592,	5.78486,0.07961912,0.7361618,	ReachForBottle	
0.1399993,2.01618,-21.13,	2.059999,2.01618,-20.68,	1.14,0.44,-22.15,	4.62,0,-11.31592,	5.78486,0.07961912,0.7361618,	ReachForBottle	
0.1399993,2.01618,-21.1,	2.059999,2.01618,-20.65,	1.14,0.44,-22.12,	4.62,0,-11.31592,	5.78486,0.07961912,0.7361618,	ReachForBottle	
0.1399993,2.01618,-21.1,	2.059999,2.01618,-20.65,	1.14,0.44,-22.12,	4.62,0,-11.31592,	5.78486,0.07961912,0.7361618,	ReachForBottle	
0.1399993,2.01618,-21.08,	2.059999,2.01618,-20.63,	1.14,0.44,-22.1,	4.62,0,-11.31592,	5.78486,0.07961912,0.7361618,	ReachForBottle	
0.1399993,2.01618,-21.05,	2.059999,2.01618,-20.6,	1.14,0.44,-22.07,	4.62,0,-11.31592,	5.78486,0.07961912,0.7361618,	ReachForBottle	
0.1399993,2.01618,-21.02,	2.059999,2.01618,-20.57,	1.14,0.44,-22.04,	4.62,0,-11.31592,	5.78486,0.07961912,0.7361618,	ReachForBottle	
0.1399993,2.01618,-21.02,	2.059999,2.01618,-20.57,	1.14,0.44,-22.04,	4.62,0,-11.31592,	5.78486,0.07961912,0.7361618,	ReachForBottle	
0.1399993,2.01618,-21.02,	2.059999,2.01618,-20.57,	1.14,0.44,-22.04,	4.62,0,-11.31592,	5.78486,0.07961912,0.7361618,	ReachForBottle	
0.1399993,2.01618,-20.99,	2.059999,2.01618,-20.54,	1.14,0.44,-22.01,	4.62,0,-11.31592,	5.78486,0.07961912,0.7361618,	ReachForBottle	
0.1399993,2.01618,-20.97,	2.059999,2.01618,-20.52,	1.14,0.44,-21.99,	4.62,0,-11.31592,	5.78486,0.07961912,0.7361618,	ReachForBottle	
0.1399993,2.01618,-20.97,	2.059999,2.01618,-20.52,	1.14,0.44,-21.99,	4.62,0,-11.31592,	5.78486,0.07961912,0.7361618,	ReachForBottle	
0.1399993,2.01618,-20.94,	2.059999,2.01618,-20.49,	1.14,0.44,-21.96,	4.62,0,-11.31592,	5.78486,0.07961912,0.7361618,	ReachForBottle	
0.1399993,2.01618,-20.91,	2.059999,2.01618,-20.46,	1.14,0.44,-21.93,	4.62,0,-11.31592,	5.78486,0.07961912,0.7361618,	ReachForBottle	
0.1399993,2.01618,-20.88,	2.059999,2.01618,-20.43,	1.14,0.44,-21.9,	4.62,0,-11.31592,	5.78486,0.07961912,0.7361618,	ReachForBottle	
0.1399993,2.01618,-20.84,	2.059999,2.01618,-20.39,	1.14,0.44,-21.86,	4.62,0,-11.31592,	5.78486,0.07961912,0.7361618,	ReachForBottle	
0.1399993,2.01618,-20.84,	2.059999,2.01618,-20.39,	1.14,0.44,-21.86,	4.62,0,-11.31592,	5.78486,0.07961912,0.7361618,	ReachForBottle	
0.1399993,2.01618,-20.78,	2.059999,2.01618,-20.33,	1.14,0.44,-21.8,	4.62,0,-11.31592,	5.78486,0.07961912,0.7361618,	ReachForBottle	
0.1399993,2.01618,-20.75,	2.059999,2.01618,-20.3,	1.14,0.44,-21.77,	4.62,0,-11.31592,	5.78486,0.07961912,0.7361618,	ReachForBottle	
0.1399993,2.01618,-20.75,	2.059999,2.01618,-20.3,	1.14,0.44,-21.77,	4.62,0,-11.31592,	5.78486,0.07961912,0.7361618,	ReachForBottle	
0.1399993,2.01618,-20.68,	2.059999,2.01618,-20.23,	1.14,0.44,-21.7,	4.62,0,-11.31592,	5.78486,0.07961912,0.7361618,	ReachForBottle	
0.1399993,2.01618,-20.65,	2.059999,2.01618,-20.2,	1.14,0.44,-21.67,	4.62,0,-11.31592,	5.78486,0.07961912,0.7361618,	ReachForBottle	
0.1399993,2.01618,-20.57,	2.059999,2.01618,-20.12,	1.14,0.44,-21.59,	4.62,0,-11.31592,	5.78486,0.07961912,0.7361618,	ReachForBottle	
0.1399993,2.01618,-20.57,	2.059999,2.01618,-20.12,	1.14,0.44,-21.59,	4.62,0,-11.31592,	5.78486,0.07961912,0.7361618,	ReachForBottle	
0.1399993,2.01618,-20.52,	2.059999,2.01618,-20.07,	1.14,0.44,-21.54,	4.62,0,-11.31592,	5.78486,0.07961912,0.7361618,	ReachForBottle	
0.1399993,2.01618,-20.48,	2.059999,2.01618,-20.03,	1.14,0.44,-21.5,	4.62,0,-11.31592,	5.78486,0.07961912,0.7361618,	ReachForBottle	
0.1399993,2.01618,-20.48,	2.059999,2.01618,-20.03,	1.14,0.44,-21.5,	4.62,0,-11.31592,	5.78486,0.07961912,0.7361618,	ReachForBottle	
0.1399993,2.01618,-20.41,	2.059999,2.01618,-19.96,	1.14,0.44,-21.43,	4.62,0,-11.31592,	5.78486,0.07961912,0.7361618,	ReachForBottle	
0.1399993,2.01618,-20.37,	2.059999,2.01618,-19.92,	1.14,0.44,-21.39,	4.62,0,-11.31592,	5.78486,0.07961912,0.7361618,	ReachForBottle	
0.1399993,2.01618,-20.37,	2.059999,2.01618,-19.92,	1.14,0.44,-21.39,	4.62,0,-11.31592,	5.78486,0.07961912,0.7361618,	ReachForBottle	
0.1399993,2.01618,-20.37,	2.059999,2.01618,-19.92,	1.14,0.44,-21.39,	4.62,0,-11.31592,	5.78486,0.07961912,0.7361618,	ReachForBottle	
0.1399993,2.01618,-20.33,	2.059999,2.01618,-19.88,	1.14,0.44,-21.35,	4.62,0,-11.31592,	5.78486,0.07961912,0.7361618,	ReachForBottle	
0.1399993,2.01618,-20.33,	2.059999,2.01618,-19.88,	1.14,0.44,-21.35,	4.62,0,-11.31592,	5.78486,0.07961912,0.7361618,	ReachForBottle	
0.1399993,2.01618,-20.33,	2.059999,2.01618,-19.88,	1.14,0.44,-21.35,	4.62,0,-11.31592,	5.78486,0.07961912,0.7361618,	ReachForBottle	
0.1399993,2.01618,-20.33,	2.059999,2.01618,-19.88,	1.14,0.44,-21.35,	4.62,0,-11.31592,	5.78486,0.07961912,0.7361618,	ReachForBottle	
0.1399993,2.01618,-20.33,	2.059999,2.01618,-19.88,	1.14,0.44,-21.35,	4.62,0,-11.31592,	5.78486,0.07961912,0.7361618,	ReachForBottle	
0.1399993,2.01618,-20.33,	2.059999,2.01618,-19.88,	1.14,0.44,-21.35,	4.62,0,-11.31592,	5.78486,0.07961912,0.7361618,	ReachForBottle	
0.1399993,2.01618,-20.33,	2.059999,2.01618,-19.88,	1.14,0.44,-21.35,	4.62,0,-11.31592,	5.78486,0.07961912,0.7361618,	ReachForBottle	
0.1399993,2.01618,-20.29,	2.059999,2.01618,-19.84,	1.14,0.44,-21.31,	4.62,0,-11.31592,	5.78486,0.07961912,0.7361618,	ReachForBottle	
0.1399993,2.01618,-20.28,	2.059999,2.01618,-19.83,	1.14,0.44,-21.3,	4.62,0,-11.31592,	5.78486,0.07961912,0.7361618,	ReachForBottle	
0.1399993,2.01618,-20.28,	2.059999,2.01618,-19.83,	1.14,0.44,-21.3,	4.62,0,-11.31592,	5.78486,0.07961912,0.7361618,	ReachForBottle	
0.1399993,2.01618,-20.24,	2.059999,2.01618,-19.79,	1.14,0.44,-21.26,	4.62,0,-11.31592,	5.78486,0.07961912,0.7361618,	ReachForBottle	
0.1399993,2.01618,-20.19,	2.059999,2.01618,-19.74,	1.14,0.44,-21.21,	4.62,0,-11.31592,	5.78486,0.07961912,0.7361618,	ReachForBottle	
0.1399993,2.01618,-20.19,	2.059999,2.01618,-19.74,	1.14,0.44,-21.21,	4.62,0,-11.31592,	5.78486,0.07961912,0.7361618,	ReachForBottle	
0.1399993,2.01618,-20.18,	2.059999,2.01618,-19.73,	1.14,0.44,-21.2,	4.62,0,-11.31592,	5.78486,0.07961912,0.7361618,	ReachForBottle	
0.1399993,2.01618,-20.14,	2.059999,2.01618,-19.69,	1.14,0.44,-21.16,	4.62,0,-11.31592,	5.78486,0.07961912,0.7361618,	ReachForBottle	
0.1399993,2.01618,-20.14,	2.059999,2.01618,-19.69,	1.14,0.44,-21.16,	4.62,0,-11.31592,	5.78486,0.07961912,0.7361618,	ReachForBottle	
0.1399993,2.01618,-20.1,	2.059999,2.01618,-19.65,	1.14,0.44,-21.12,	4.62,0,-11.31592,	5.78486,0.07961912,0.7361618,	ReachForBottle	
0.1399993,2.01618,-20.09,	2.059999,2.01618,-19.64,	1.14,0.44,-21.11,	4.62,0,-11.31592,	5.78486,0.07961912,0.7361618,	ReachForBottle	
0.1399993,2.01618,-20.07,	2.059999,2.01618,-19.62,	1.14,0.44,-21.09,	4.62,0,-11.31592,	5.78486,0.07961912,0.7361618,	ReachForBottle	
0.1399993,2.01618,-20.07,	2.059999,2.01618,-19.62,	1.14,0.44,-21.09,	4.62,0,-11.31592,	5.78486,0.07961912,0.7361618,	ReachForBottle	
0.1399993,2.01618,-20.04,	2.059999,2.01618,-19.59,	1.14,0.44,-21.06,	4.62,0,-11.31592,	5.78486,0.07961912,0.7361618,	ReachForBottle	
0.1399993,2.01618,-20.02,	2.059999,2.01618,-19.57,	1.14,0.44,-21.04,	4.62,0,-11.31592,	5.78486,0.07961912,0.7361618,	ReachForBottle	
0.1399993,2.01618,-20.01,	2.059999,2.01618,-19.56,	1.14,0.44,-21.03,	4.62,0,-11.31592,	5.78486,0.07961912,0.7361618,	ReachForBottle	
0.1399993,2.01618,-20.01,	2.059999,2.01618,-19.56,	1.14,0.44,-21.03,	4.62,0,-11.31592,	5.78486,0.07961912,0.7361618,	ReachForBottle	
0.1399993,2.01618,-20.01,	2.059999,2.01618,-19.56,	1.14,0.44,-21.03,	4.62,0,-11.31592,	5.78486,0.07961912,0.7361618,	ReachForBottle	
0.1399993,2.01618,-20.01,	2.059999,2.01618,-19.56,	1.14,0.44,-21.03,	4.62,0,-11.31592,	5.78486,0.07961912,0.7361618,	ReachForBottle	
0.1399993,2.01618,-19.94,	2.059999,2.01618,-19.49,	1.14,0.44,-20.96,	4.62,0,-11.31592,	5.78486,0.07961912,0.7361618,	ReachForBottle	
0.1399993,2.01618,-19.94,	2.059999,2.01618,-19.49,	1.14,0.44,-20.96,	4.62,0,-11.31592,	5.78486,0.07961912,0.7361618,	ReachForBottle	
0.1399993,2.01618,-19.92,	2.059999,2.01618,-19.47,	1.14,0.44,-20.94,	4.62,0,-11.31592,	5.78486,0.07961912,0.7361618,	ReachForBottle	
0.1399993,2.01618,-19.88,	2.059999,2.01618,-19.43,	1.14,0.44,-20.9,	4.62,0,-11.31592,	5.78486,0.07961912,0.7361618,	ReachForBottle	
0.1399993,2.01618,-19.87,	2.059999,2.01618,-19.42,	1.14,0.44,-20.89,	4.62,0,-11.31592,	5.78486,0.07961912,0.7361618,	ReachForBottle	
0.1399993,2.01618,-19.87,	2.059999,2.01618,-19.42,	1.14,0.44,-20.89,	4.62,0,-11.31592,	5.78486,0.07961912,0.7361618,	ReachForBottle	
0.1399993,2.01618,-19.83,	2.059999,2.01618,-19.38,	1.14,0.44,-20.85,	4.62,0,-11.31592,	5.78486,0.07961912,0.7361618,	ReachForBottle	
0.1399993,2.01618,-19.79,	2.059999,2.01618,-19.34,	1.14,0.44,-20.81,	4.62,0,-11.31592,	5.78486,0.07961912,0.7361618,	ReachForBottle	
0.1399993,2.01618,-19.79,	2.059999,2.01618,-19.34,	1.14,0.44,-20.81,	4.62,0,-11.31592,	5.78486,0.07961912,0.7361618,	ReachForBottle	
0.1399993,2.01618,-19.77,	2.059999,2.01618,-19.32,	1.14,0.44,-20.79,	4.62,0,-11.31592,	5.78486,0.07961912,0.7361618,	ReachForBottle	
0.1399993,2.01618,-19.71,	2.059999,2.01618,-19.26,	1.14,0.44,-20.73,	4.62,0,-11.31592,	5.78486,0.07961912,0.7361618,	ReachForBottle	
0.1399993,2.01618,-19.71,	2.059999,2.01618,-19.26,	1.14,0.44,-20.73,	4.62,0,-11.31592,	5.78486,0.07961912,0.7361618,	ReachForBottle	
0.1399993,2.01618,-19.67,	2.059999,2.01618,-19.22,	1.14,0.44,-20.69,	4.62,0,-11.31592,	5.78486,0.07961912,0.7361618,	ReachForBottle	
0.1399993,2.01618,-19.66,	2.059999,2.01618,-19.21,	1.14,0.44,-20.68,	4.62,0,-11.31592,	5.78486,0.07961912,0.7361618,	ReachForBottle	
0.1399993,2.01618,-19.62,	2.059999,2.01618,-19.17,	1.14,0.44,-20.64,	4.62,0,-11.31592,	5.78486,0.07961912,0.7361618,	ReachForBottle	
0.1399993,2.01618,-19.52,	2.059999,2.01618,-19.07,	1.14,0.44,-20.54,	4.62,0,-11.31592,	5.78486,0.07961912,0.7361618,	ReachForBottle	
0.1399993,2.01618,-19.47,	2.059999,2.01618,-19.02,	1.14,0.44,-20.49,	4.62,0,-11.31592,	5.78486,0.07961912,0.7361618,	ReachForBottle	
0.1399993,2.01618,-19.41,	2.059999,2.01618,-18.96,	1.14,0.44,-20.43,	4.62,0,-11.31592,	5.78486,0.07961912,0.7361618,	ReachForBottle	
0.1399993,2.01618,-19.37,	2.059999,2.01618,-18.92,	1.14,0.44,-20.39,	4.62,0,-11.31592,	5.78486,0.07961912,0.7361618,	ReachForBottle	
0.1399993,2.01618,-19.37,	2.059999,2.01618,-18.92,	1.14,0.44,-20.39,	4.62,0,-11.31592,	5.78486,0.07961912,0.7361618,	ReachForBottle	
0.1399993,2.01618,-19.33,	2.059999,2.01618,-18.88,	1.14,0.44,-20.35,	4.62,0,-11.31592,	5.78486,0.07961912,0.7361618,	ReachForBottle	
0.1399993,2.01618,-19.31,	2.059999,2.01618,-18.86,	1.14,0.44,-20.33,	4.62,0,-11.31592,	5.78486,0.07961912,0.7361618,	ReachForBottle	
0.1399993,2.01618,-19.26,	2.059999,2.01618,-18.81,	1.14,0.44,-20.28,	4.62,0,-11.31592,	5.78486,0.07961912,0.7361618,	ReachForBottle	
0.1399993,2.01618,-19.26,	2.059999,2.01618,-18.81,	1.14,0.44,-20.28,	4.62,0,-11.31592,	5.78486,0.07961912,0.7361618,	ReachForBottle	
0.1399993,2.01618,-19.22,	2.059999,2.01618,-18.77,	1.14,0.44,-20.24,	4.62,0,-11.31592,	5.78486,0.07961912,0.7361618,	ReachForBottle	
0.1399993,2.01618,-19.2,	2.059999,2.01618,-18.75,	1.14,0.44,-20.22,	4.62,0,-11.31592,	5.78486,0.07961912,0.7361618,	ReachForBottle	
0.1399993,2.01618,-19.16,	2.059999,2.01618,-18.71,	1.14,0.44,-20.18,	4.62,0,-11.31592,	5.78486,0.07961912,0.7361618,	ReachForBottle	
0.1399993,2.01618,-19.16,	2.059999,2.01618,-18.71,	1.14,0.44,-20.18,	4.62,0,-11.31592,	5.78486,0.07961912,0.7361618,	ReachForBottle	
0.1399993,2.01618,-19.14,	2.059999,2.01618,-18.69,	1.14,0.44,-20.16,	4.62,0,-11.31592,	5.78486,0.07961912,0.7361618,	ReachForBottle	
0.1399993,2.01618,-19.09,	2.059999,2.01618,-18.64,	1.14,0.44,-20.11,	4.62,0,-11.31592,	5.78486,0.07961912,0.7361618,	ReachForBottle	
0.1399993,2.01618,-19.05,	2.059999,2.01618,-18.6,	1.14,0.44,-20.07,	4.62,0,-11.31592,	5.78486,0.07961912,0.7361618,	ReachForBottle	
0.1399993,2.01618,-19.05,	2.059999,2.01618,-18.6,	1.14,0.44,-20.07,	4.62,0,-11.31592,	5.78486,0.07961912,0.7361618,	ReachForBottle	
0.1399993,2.01618,-19.05,	2.059999,2.01618,-18.6,	1.14,0.44,-20.07,	4.62,0,-11.31592,	5.78486,0.07961912,0.7361618,	ReachForBottle	
0.1399993,2.01618,-18.98,	2.059999,2.01618,-18.53,	1.14,0.44,-20,	4.62,0,-11.31592,	5.78486,0.07961912,0.7361618,	ReachForBottle	
0.1399993,2.01618,-18.94,	2.059999,2.01618,-18.49,	1.14,0.44,-19.96,	4.62,0,-11.31592,	5.78486,0.07961912,0.7361618,	ReachForBottle	
0.1399993,2.01618,-18.94,	2.059999,2.01618,-18.49,	1.14,0.44,-19.96,	4.62,0,-11.31592,	5.78486,0.07961912,0.7361618,	ReachForBottle	
0.1399993,2.01618,-18.89,	2.059999,2.01618,-18.44,	1.14,0.44,-19.91,	4.62,0,-11.31592,	5.78486,0.07961912,0.7361618,	ReachForBottle	
0.1399993,2.01618,-18.82,	2.059999,2.01618,-18.37,	1.14,0.44,-19.84,	4.62,0,-11.31592,	5.78486,0.07961912,0.7361618,	ReachForBottle	
0.1399993,2.01618,-18.77,	2.059999,2.01618,-18.32,	1.14,0.44,-19.79,	4.62,0,-11.31592,	5.78486,0.07961912,0.7361618,	ReachForBottle	
0.1399993,2.01618,-18.75,	2.059999,2.01618,-18.3,	1.14,0.44,-19.77,	4.62,0,-11.31592,	5.78486,0.07961912,0.7361618,	ReachForBottle	
0.1399993,2.01618,-18.75,	2.059999,2.01618,-18.3,	1.14,0.44,-19.77,	4.62,0,-11.31592,	5.78486,0.07961912,0.7361618,	ReachForBottle	
0.1399993,2.01618,-18.71,	2.059999,2.01618,-18.26,	1.14,0.44,-19.73,	4.62,0,-11.31592,	5.78486,0.07961912,0.7361618,	ReachForBottle	
0.1399993,2.01618,-18.71,	2.059999,2.01618,-18.26,	1.14,0.44,-19.73,	4.62,0,-11.31592,	5.78486,0.07961912,0.7361618,	ReachForBottle	
0.1399993,2.01618,-18.71,	2.059999,2.01618,-18.26,	1.14,0.44,-19.73,	4.62,0,-11.31592,	5.78486,0.07961912,0.7361618,	ReachForBottle	
0.1399993,2.01618,-18.66,	2.059999,2.01618,-18.21,	1.14,0.44,-19.68,	4.62,0,-11.31592,	5.78486,0.07961912,0.7361618,	ReachForBottle	
0.1399993,2.01618,-18.63,	2.059999,2.01618,-18.18,	1.14,0.44,-19.65,	4.62,0,-11.31592,	5.78486,0.07961912,0.7361618,	ReachForBottle	
0.1399993,2.01618,-18.58,	2.059999,2.01618,-18.13,	1.14,0.44,-19.6,	4.62,0,-11.31592,	5.78486,0.07961912,0.7361618,	ReachForBottle	
0.1399993,2.01618,-18.53,	2.059999,2.01618,-18.08,	1.14,0.44,-19.55,	4.62,0,-11.31592,	5.78486,0.07961912,0.7361618,	ReachForBottle	
0.1399993,2.01618,-18.48,	2.059999,2.01618,-18.03,	1.14,0.44,-19.5,	4.62,0,-11.31592,	5.78486,0.07961912,0.7361618,	ReachForBottle	
0.1399993,2.01618,-18.48,	2.059999,2.01618,-18.03,	1.14,0.44,-19.5,	4.62,0,-11.31592,	5.78486,0.07961912,0.7361618,	ReachForBottle	
0.1399993,2.01618,-18.42,	2.059999,2.01618,-17.97,	1.14,0.44,-19.44,	4.62,0,-11.31592,	5.78486,0.07961912,0.7361618,	ReachForBottle	
0.1399993,2.01618,-18.42,	2.059999,2.01618,-17.97,	1.14,0.44,-19.44,	4.62,0,-11.31592,	5.78486,0.07961912,0.7361618,	ReachForBottle	
0.1399993,2.01618,-18.42,	2.059999,2.01618,-17.97,	1.14,0.44,-19.44,	4.62,0,-11.31592,	5.78486,0.07961912,0.7361618,	ReachForBottle	
0.1399993,2.01618,-18.37,	2.059999,2.01618,-17.92,	1.14,0.44,-19.39,	4.62,0,-11.31592,	5.78486,0.07961912,0.7361618,	ReachForBottle	
0.1399993,2.01618,-18.32,	2.059999,2.01618,-17.87,	1.14,0.44,-19.34,	4.62,0,-11.31592,	5.78486,0.07961912,0.7361618,	ReachForBottle	
0.1399993,2.01618,-18.29,	2.059999,2.01618,-17.84,	1.14,0.44,-19.31,	4.62,0,-11.31592,	5.78486,0.07961912,0.7361618,	ReachForBottle	
0.1399993,2.01618,-18.29,	2.059999,2.01618,-17.84,	1.14,0.44,-19.31,	4.62,0,-11.31592,	5.78486,0.07961912,0.7361618,	ReachForBottle	
0.1399993,2.01618,-18.27,	2.059999,2.01618,-17.82,	1.14,0.44,-19.29,	4.62,0,-11.31592,	5.78486,0.07961912,0.7361618,	ReachForBottle	
0.1399993,2.01618,-18.21,	2.059999,2.01618,-17.76,	1.14,0.44,-19.23,	4.62,0,-11.31592,	5.78486,0.07961912,0.7361618,	ReachForBottle	
0.1399993,2.01618,-18.16,	2.059999,2.01618,-17.71,	1.14,0.44,-19.18,	4.62,0,-11.31592,	5.78486,0.07961912,0.7361618,	ReachForBottle	
0.1399993,2.01618,-18.16,	2.059999,2.01618,-17.71,	1.14,0.44,-19.18,	4.62,0,-11.31592,	5.78486,0.07961912,0.7361618,	ReachForBottle	
0.1399993,2.01618,-18.11,	2.059999,2.01618,-17.66,	1.14,0.44,-19.13,	4.62,0,-11.31592,	5.78486,0.07961912,0.7361618,	ReachForBottle	
0.1399993,2.01618,-18.05,	2.059999,2.01618,-17.6,	1.14,0.44,-19.07,	4.62,0,-11.31592,	5.78486,0.07961912,0.7361618,	ReachForBottle	
0.1399993,2.01618,-18.05,	2.059999,2.01618,-17.6,	1.14,0.44,-19.07,	4.62,0,-11.31592,	5.78486,0.07961912,0.7361618,	ReachForBottle	
0.1399993,2.01618,-18,	2.059999,2.01618,-17.55,	1.14,0.44,-19.02,	4.62,0,-11.31592,	5.78486,0.07961912,0.7361618,	ReachForBottle	
0.1399993,2.01618,-18,	2.059999,2.01618,-17.55,	1.14,0.44,-19.02,	4.62,0,-11.31592,	5.78486,0.07961912,0.7361618,	ReachForBottle	
0.1399993,2.01618,-17.97,	2.059999,2.01618,-17.52,	1.14,0.44,-18.99,	4.62,0,-11.31592,	5.78486,0.07961912,0.7361618,	ReachForBottle	
0.1399993,2.01618,-17.94,	2.059999,2.01618,-17.49,	1.14,0.44,-18.96,	4.62,0,-11.31592,	5.78486,0.07961912,0.7361618,	ReachForBottle	
0.1399993,2.01618,-17.94,	2.059999,2.01618,-17.49,	1.14,0.44,-18.96,	4.62,0,-11.31592,	5.78486,0.07961912,0.7361618,	ReachForBottle	
0.1399993,2.01618,-17.94,	2.059999,2.01618,-17.49,	1.14,0.44,-18.96,	4.62,0,-11.31592,	5.78486,0.07961912,0.7361618,	ReachForBottle	
0.1399993,2.01618,-17.94,	2.059999,2.01618,-17.49,	1.14,0.44,-18.96,	4.62,0,-11.31592,	5.78486,0.07961912,0.7361618,	ReachForBottle	
0.1399993,2.01618,-17.89,	2.059999,2.01618,-17.44,	1.14,0.44,-18.91,	4.62,0,-11.31592,	5.78486,0.07961912,0.7361618,	ReachForBottle	
0.1399993,2.01618,-17.89,	2.059999,2.01618,-17.44,	1.14,0.44,-18.91,	4.62,0,-11.31592,	5.78486,0.07961912,0.7361618,	ReachForBottle	
0.1399993,2.01618,-17.89,	2.059999,2.01618,-17.44,	1.14,0.44,-18.91,	4.62,0,-11.31592,	5.78486,0.07961912,0.7361618,	ReachForBottle	
0.1399993,2.01618,-17.89,	2.059999,2.01618,-17.44,	1.14,0.44,-18.91,	4.62,0,-11.31592,	5.78486,0.07961912,0.7361618,	ReachForBottle	
0.1399993,2.01618,-17.85,	2.059999,2.01618,-17.4,	1.14,0.44,-18.87,	4.62,0,-11.31592,	5.78486,0.07961912,0.7361618,	ReachForBottle	
0.1399993,2.01618,-17.85,	2.059999,2.01618,-17.4,	1.14,0.44,-18.87,	4.62,0,-11.31592,	5.78486,0.07961912,0.7361618,	ReachForBottle	
0.1399993,2.01618,-17.83,	2.059999,2.01618,-17.38,	1.14,0.44,-18.85,	4.62,0,-11.31592,	5.78486,0.07961912,0.7361618,	ReachForBottle	
0.1399993,2.01618,-17.83,	2.059999,2.01618,-17.38,	1.14,0.44,-18.85,	4.62,0,-11.31592,	5.78486,0.07961912,0.7361618,	ReachForBottle	
0.1399993,2.01618,-17.83,	2.059999,2.01618,-17.38,	1.14,0.44,-18.85,	4.62,0,-11.31592,	5.78486,0.07961912,0.7361618,	ReachForBottle	
0.1399993,2.01618,-17.83,	2.059999,2.01618,-17.38,	1.14,0.44,-18.85,	4.62,0,-11.31592,	5.78486,0.07961912,0.7361618,	ReachForBottle	
0.1399993,2.01618,-17.83,	2.059999,2.01618,-17.38,	1.14,0.44,-18.85,	4.62,0,-11.31592,	5.78486,0.07961912,0.7361618,	ReachForBottle	
0.1399993,2.01618,-17.83,	2.059999,2.01618,-17.38,	1.14,0.44,-18.85,	4.62,0,-11.31592,	5.78486,0.07961912,0.7361618,	ReachForBottle	
0.1399993,2.01618,-17.83,	2.059999,2.01618,-17.38,	1.14,0.44,-18.85,	4.62,0,-11.31592,	5.78486,0.07961912,0.7361618,	ReachForBottle	
0.1399993,2.01618,-17.83,	2.059999,2.01618,-17.38,	1.14,0.44,-18.85,	4.62,0,-11.31592,	5.78486,0.07961912,0.7361618,	ReachForBottle	
0.1399993,2.01618,-17.83,	2.059999,2.01618,-17.38,	1.14,0.44,-18.85,	4.62,0,-11.31592,	5.78486,0.07961912,0.7361618,	ReachForBottle	
0.1399993,2.01618,-17.83,	2.059999,2.01618,-17.38,	1.14,0.44,-18.85,	4.62,0,-11.31592,	5.78486,0.07961912,0.7361618,	ReachForBottle	
0.1399993,2.01618,-17.83,	2.059999,2.01618,-17.38,	1.14,0.44,-18.85,	4.62,0,-11.31592,	5.78486,0.07961912,0.7361618,	ReachForBottle	
0.1399993,2.01618,-17.83,	2.059999,2.01618,-17.38,	1.14,0.44,-18.85,	4.62,0,-11.31592,	5.78486,0.07961912,0.7361618,	ReachForBottle	
0.1399993,2.01618,-17.83,	2.059999,2.01618,-17.38,	1.14,0.44,-18.85,	4.62,0,-11.31592,	5.78486,0.07961912,0.7361618,	ReachForBottle	
0.1399993,2.01618,-17.83,	2.059999,2.01618,-17.38,	1.14,0.44,-18.85,	4.62,0,-11.31592,	5.78486,0.07961912,0.7361618,	ReachForBottle	
0.1399993,2.01618,-17.83,	2.059999,2.01618,-17.38,	1.14,0.44,-18.85,	4.62,0,-11.31592,	5.78486,0.07961912,0.7361618,	ReachForBottle	
0.1399993,2.01618,-17.83,	2.059999,2.01618,-17.38,	1.14,0.44,-18.85,	4.62,0,-11.31592,	5.78486,0.07961912,0.7361618,	ReachForBottle	
0.1399993,2.01618,-17.83,	2.059999,2.01618,-17.38,	1.14,0.44,-18.85,	4.62,0,-11.31592,	5.78486,0.07961912,0.7361618,	ReachForBottle	
0.1399993,2.01618,-17.83,	2.059999,2.01618,-17.38,	1.14,0.44,-18.85,	4.62,0,-11.31592,	5.78486,0.07961912,0.7361618,	ReachForBottle	
0.1399993,2.01618,-17.83,	2.059999,2.01618,-17.38,	1.14,0.44,-18.85,	4.62,0,-11.31592,	5.78486,0.07961912,0.7361618,	ReachForBottle	
0.1399993,2.01618,-17.83,	2.059999,2.01618,-17.38,	1.14,0.44,-18.85,	4.62,0,-11.31592,	5.78486,0.07961912,0.7361618,	ReachForBottle	
0.1399993,2.01618,-17.83,	2.059999,2.01618,-17.38,	1.14,0.44,-18.85,	4.62,0,-11.31592,	5.78486,0.07961912,0.7361618,	ReachForBottle	
0.1399993,2.01618,-17.83,	2.059999,2.01618,-17.38,	1.14,0.44,-18.85,	4.62,0,-11.31592,	5.78486,0.07961912,0.7361618,	ReachForBottle	
0.1399993,2.01618,-17.83,	2.059999,2.01618,-17.38,	1.14,0.44,-18.85,	4.62,0,-11.31592,	5.78486,0.07961912,0.7361618,	ReachForBottle	
0.1399993,2.01618,-17.83,	2.059999,2.01618,-17.38,	1.14,0.44,-18.85,	4.62,0,-11.31592,	5.78486,0.07961912,0.7361618,	ReachForBottle	
0.1399993,2.01618,-17.83,	2.059999,2.01618,-17.38,	1.14,0.44,-18.85,	4.62,0,-11.31592,	5.78486,0.07961912,0.7361618,	ReachForBottle	
0.1399993,2.01618,-17.83,	2.059999,2.01618,-17.38,	1.14,0.44,-18.85,	4.62,0,-11.31592,	5.78486,0.07961912,0.7361618,	ReachForBottle	
0.1399993,2.01618,-17.83,	2.059999,2.01618,-17.38,	1.14,0.44,-18.85,	4.62,0,-11.31592,	5.78486,0.07961912,0.7361618,	ReachForBottle	
0.1399993,2.01618,-17.83,	2.059999,2.01618,-17.38,	1.14,0.44,-18.85,	4.62,0,-11.31592,	5.78486,0.07961912,0.7361618,	ReachForBottle	
0.1399993,2.01618,-17.83,	2.059999,2.01618,-17.38,	1.14,0.44,-18.85,	4.62,0,-11.31592,	5.78486,0.07961912,0.7361618,	ReachForBottle	
0.1399993,2.01618,-17.83,	2.059999,2.01618,-17.38,	1.14,0.44,-18.85,	4.62,0,-11.31592,	5.78486,0.07961912,0.7361618,	ReachForBottle	
0.1399993,2.01618,-17.83,	2.059999,2.01618,-17.38,	1.14,0.44,-18.85,	4.62,0,-11.31592,	5.78486,0.07961912,0.7361618,	ReachForBottle	
0.1399993,2.01618,-17.83,	2.059999,2.01618,-17.38,	1.14,0.44,-18.85,	4.62,0,-11.31592,	5.78486,0.07961912,0.7361618,	ReachForBottle	
0.1399993,2.01618,-17.83,	2.059999,2.01618,-17.38,	1.14,0.44,-18.85,	4.62,0,-11.31592,	5.78486,0.07961912,0.7361618,	ReachForBottle	
0.1399993,2.01618,-17.83,	2.059999,2.01618,-17.38,	1.14,0.44,-18.85,	4.62,0,-11.31592,	5.78486,0.07961912,0.7361618,	ReachForBottle	
0.1399993,2.01618,-17.83,	2.059999,2.01618,-17.38,	1.14,0.44,-18.85,	4.62,0,-11.31592,	5.78486,0.07961912,0.7361618,	ReachForBottle	
0.1399993,2.01618,-17.83,	2.059999,2.01618,-17.38,	1.14,0.44,-18.85,	4.62,0,-11.31592,	5.78486,0.07961912,0.7361618,	ReachForBottle	
0.1399993,2.01618,-17.83,	2.059999,2.01618,-17.38,	1.14,0.44,-18.85,	4.62,0,-11.31592,	5.78486,0.07961912,0.7361618,	ReachForBottle	
0.1399993,2.01618,-17.83,	2.059999,2.01618,-17.38,	1.14,0.44,-18.85,	4.62,0,-11.31592,	5.78486,0.07961912,0.7361618,	ReachForBottle	
0.1399993,2.01618,-17.83,	2.059999,2.01618,-17.38,	1.14,0.44,-18.85,	4.62,0,-11.31592,	5.78486,0.07961912,0.7361618,	ReachForBottle	
0.1399993,2.01618,-17.83,	2.059999,2.01618,-17.38,	1.14,0.44,-18.85,	4.62,0,-11.31592,	5.78486,0.07961912,0.7361618,	ReachForBottle	
0.1399993,2.01618,-17.83,	2.059999,2.01618,-17.38,	1.14,0.44,-18.85,	4.62,0,-11.31592,	5.78486,0.07961912,0.7361618,	ReachForBottle	
0.1399993,2.01618,-17.83,	2.059999,2.01618,-17.38,	1.14,0.44,-18.85,	4.62,0,-11.31592,	5.78486,0.07961912,0.7361618,	ReachForBottle	
0.1399993,2.01618,-17.83,	2.059999,2.01618,-17.38,	1.14,0.44,-18.85,	4.62,0,-11.31592,	5.78486,0.07961912,0.7361618,	ReachForBottle	
0.1399993,2.01618,-17.83,	2.059999,2.01618,-17.38,	1.14,0.44,-18.85,	4.62,0,-11.31592,	5.78486,0.07961912,0.7361618,	ReachForBottle	
0.1399993,2.01618,-17.83,	2.059999,2.01618,-17.38,	1.14,0.44,-18.85,	4.62,0,-11.31592,	5.78486,0.07961912,0.7361618,	ReachForBottle	
0.1399993,2.01618,-17.83,	2.059999,2.01618,-17.38,	1.14,0.44,-18.85,	4.62,0,-11.31592,	5.78486,0.07961912,0.7361618,	ReachForBottle	
0.1399993,2.01618,-17.83,	2.059999,2.01618,-17.38,	1.14,0.44,-18.85,	4.62,0,-11.31592,	5.78486,0.07961912,0.7361618,	ReachForBottle	
0.1399993,2.01618,-17.83,	2.059999,2.01618,-17.38,	1.14,0.44,-18.85,	4.62,0,-11.31592,	5.78486,0.07961912,0.7361618,	ReachForBottle	
0.1399993,2.01618,-17.83,	2.059999,2.01618,-17.38,	1.14,0.44,-18.85,	4.62,0,-11.31592,	5.78486,0.07961912,0.7361618,	ReachForBottle	
0.1399993,2.01618,-17.83,	2.059999,2.01618,-17.38,	1.14,0.44,-18.85,	4.62,0,-11.31592,	5.78486,0.07961912,0.7361618,	ReachForBottle	
0.1399993,2.01618,-17.83,	2.059999,2.01618,-17.38,	1.14,0.44,-18.85,	4.62,0,-11.31592,	5.78486,0.07961912,0.7361618,	ReachForBottle	
0.1399993,2.01618,-17.83,	2.059999,2.01618,-17.38,	1.14,0.44,-18.85,	4.62,0,-11.31592,	5.78486,0.07961912,0.7361618,	ReachForBottle	
0.1399993,2.01618,-17.83,	2.059999,2.01618,-17.38,	1.14,0.44,-18.85,	4.62,0,-11.31592,	5.78486,0.07961912,0.7361618,	ReachForBottle	
0.1399993,2.01618,-17.83,	2.059999,2.01618,-17.38,	1.14,0.44,-18.85,	4.62,0,-11.31592,	5.78486,0.07961912,0.7361618,	ReachForBottle	
0.1399993,2.01618,-17.83,	2.059999,2.01618,-17.38,	1.14,0.44,-18.85,	4.62,0,-11.31592,	5.78486,0.07961912,0.7361618,	ReachForBottle	
0.1399993,2.01618,-17.83,	2.059999,2.01618,-17.38,	1.14,0.44,-18.85,	4.62,0,-11.31592,	5.78486,0.07961912,0.7361618,	ReachForBottle	
0.1399993,2.01618,-17.83,	2.059999,2.01618,-17.38,	1.14,0.44,-18.85,	4.62,0,-11.31592,	5.78486,0.07961912,0.7361618,	ReachForBottle	
0.1399993,2.01618,-17.83,	2.059999,2.01618,-17.38,	1.14,0.44,-18.85,	4.62,0,-11.31592,	5.78486,0.07961912,0.7361618,	ReachForBottle	
0.1399993,2.01618,-17.83,	2.059999,2.01618,-17.38,	1.14,0.44,-18.85,	4.62,0,-11.31592,	5.78486,0.07961912,0.7361618,	ReachForBottle	
0.1399993,2.01618,-17.83,	2.059999,2.01618,-17.38,	1.14,0.44,-18.85,	4.62,0,-11.31592,	5.78486,0.07961912,0.7361618,	ReachForBottle	
0.1399993,2.01618,-17.83,	2.059999,2.01618,-17.38,	1.14,0.44,-18.85,	4.62,0,-11.31592,	5.78486,0.07961912,0.7361618,	ReachForBottle	
0.1399993,2.01618,-17.83,	2.059999,2.01618,-17.38,	1.14,0.44,-18.85,	4.62,0,-11.31592,	5.78486,0.07961912,0.7361618,	ReachForBottle	
0.1399993,2.01618,-17.83,	2.059999,2.01618,-17.38,	1.14,0.44,-18.85,	4.62,0,-11.31592,	5.78486,0.07961912,0.7361618,	ReachForBottle	
0.1399993,2.01618,-17.83,	2.059999,2.01618,-17.38,	1.14,0.44,-18.85,	4.62,0,-11.31592,	5.78486,0.07961912,0.7361618,	ReachForBottle	
0.1399993,2.01618,-17.83,	2.059999,2.01618,-17.38,	1.14,0.44,-18.85,	4.62,0,-11.31592,	5.78486,0.07961912,0.7361618,	ReachForBottle	
0.1399993,2.01618,-17.83,	2.059999,2.01618,-17.38,	1.14,0.44,-18.85,	4.62,0,-11.31592,	5.78486,0.07961912,0.7361618,	ReachForBottle	
0.1399993,2.01618,-17.83,	2.059999,2.01618,-17.38,	1.14,0.44,-18.85,	4.62,0,-11.31592,	5.78486,0.07961912,0.7361618,	ReachForBottle	
0.1399993,2.01618,-17.83,	2.059999,2.01618,-17.38,	1.14,0.44,-18.85,	4.62,0,-11.31592,	5.78486,0.07961912,0.7361618,	ReachForBottle	
0.1399993,2.01618,-17.83,	2.059999,2.01618,-17.38,	1.14,0.44,-18.85,	4.62,0,-11.31592,	5.78486,0.07961912,0.7361618,	ReachForBottle	
0.1399993,2.01618,-17.83,	2.059999,2.01618,-17.38,	1.14,0.44,-18.85,	4.62,0,-11.31592,	5.78486,0.07961912,0.7361618,	ReachForBottle	
0.1399993,2.01618,-17.83,	2.059999,2.01618,-17.38,	1.14,0.44,-18.85,	4.62,0,-11.31592,	5.78486,0.07961912,0.7361618,	ReachForBottle	
0.1399993,2.01618,-17.83,	2.059999,2.01618,-17.38,	1.14,0.44,-18.85,	4.62,0,-11.31592,	5.78486,0.07961912,0.7361618,	ReachForBottle	
0.1399993,2.01618,-17.83,	2.059999,2.01618,-17.38,	1.14,0.44,-18.85,	4.62,0,-11.31592,	5.78486,0.07961912,0.7361618,	ReachForBottle	
0.1399993,2.01618,-17.83,	2.059999,2.01618,-17.38,	1.14,0.44,-18.85,	4.62,0,-11.31592,	5.78486,0.07961912,0.7361618,	ReachForBottle	
0.1399993,2.01618,-17.83,	2.059999,2.01618,-17.38,	1.14,0.44,-18.85,	4.62,0,-11.31592,	5.78486,0.07961912,0.7361618,	ReachForBottle	
0.1399993,2.01618,-17.83,	2.059999,2.01618,-17.38,	1.14,0.44,-18.85,	4.62,0,-11.31592,	5.78486,0.07961912,0.7361618,	ReachForBottle	
0.1399993,2.01618,-17.83,	2.059999,2.01618,-17.38,	1.14,0.44,-18.85,	4.62,0,-11.31592,	5.78486,0.07961912,0.7361618,	ReachForBottle	
0.1399993,2.01618,-17.83,	2.059999,2.01618,-17.38,	1.14,0.44,-18.85,	4.62,0,-11.31592,	5.78486,0.07961912,0.7361618,	ReachForBottle	
0.1399993,2.01618,-17.83,	2.059999,2.01618,-17.38,	1.14,0.44,-18.85,	4.62,0,-11.31592,	5.78486,0.07961912,0.7361618,	ReachForBottle	
0.1399993,2.01618,-17.85,	2.059999,2.01618,-17.4,	1.14,0.44,-18.87,	4.62,0,-11.31592,	5.78486,0.07961912,0.7361618,	ReachForBottle	
0.1399993,2.01618,-17.85,	2.059999,2.01618,-17.4,	1.14,0.44,-18.87,	4.62,0,-11.31592,	5.78486,0.07961912,0.7361618,	ReachForBottle	
0.1399993,2.01618,-17.85,	2.059999,2.01618,-17.4,	1.14,0.44,-18.87,	4.62,0,-11.31592,	5.78486,0.07961912,0.7361618,	ReachForBottle	
0.1399993,2.01618,-17.85,	2.059999,2.01618,-17.4,	1.14,0.44,-18.87,	4.62,0,-11.31592,	5.78486,0.07961912,0.7361618,	ReachForBottle	
0.1399993,2.01618,-17.85,	2.059999,2.01618,-17.4,	1.14,0.44,-18.87,	4.62,0,-11.31592,	5.78486,0.07961912,0.7361618,	ReachForBottle	
0.1399993,2.01618,-17.85,	2.059999,2.01618,-17.4,	1.14,0.44,-18.87,	4.62,0,-11.31592,	5.78486,0.07961912,0.7361618,	ReachForBottle	
0.1399993,2.01618,-17.85,	2.059999,2.01618,-17.4,	1.14,0.44,-18.87,	4.62,0,-11.31592,	5.78486,0.07961912,0.7361618,	ReachForBottle	
0.1399993,2.01618,-17.85,	2.059999,2.01618,-17.4,	1.14,0.44,-18.87,	4.62,0,-11.31592,	5.78486,0.07961912,0.7361618,	ReachForBottle	
0.1399993,2.01618,-17.85,	2.059999,2.01618,-17.4,	1.14,0.44,-18.87,	4.62,0,-11.31592,	5.78486,0.07961912,0.7361618,	ReachForBottle	
0.1399993,2.01618,-17.85,	2.059999,2.01618,-17.4,	1.14,0.44,-18.87,	4.62,0,-11.31592,	5.78486,0.07961912,0.7361618,	ReachForBottle	
0.1399993,2.01618,-17.85,	2.059999,2.01618,-17.4,	1.14,0.44,-18.87,	4.62,0,-11.31592,	5.78486,0.07961912,0.7361618,	ReachForBottle	
0.1399993,2.01618,-17.85,	2.059999,2.01618,-17.4,	1.14,0.44,-18.87,	4.62,0,-11.31592,	5.78486,0.07961912,0.7361618,	ReachForBottle	
0.1399993,2.01618,-17.85,	2.059999,2.01618,-17.4,	1.14,0.44,-18.87,	4.62,0,-11.31592,	5.78486,0.07961912,0.7361618,	ReachForBottle	
0.1399993,2.01618,-17.85,	2.059999,2.01618,-17.4,	1.14,0.44,-18.87,	4.62,0,-11.31592,	5.78486,0.07961912,0.7361618,	ReachForBottle	
0.1399993,2.01618,-17.85,	2.059999,2.01618,-17.4,	1.14,0.44,-18.87,	4.62,0,-11.31592,	5.78486,0.07961912,0.7361618,	ReachForBottle	
0.1399993,2.01618,-17.85,	2.059999,2.01618,-17.4,	1.14,0.44,-18.87,	4.62,0,-11.31592,	5.78486,0.07961912,0.7361618,	ReachForBottle	
0.1399993,2.01618,-17.85,	2.059999,2.01618,-17.4,	1.14,0.44,-18.87,	4.62,0,-11.31592,	5.78486,0.07961912,0.7361618,	ReachForBottle	
0.1399993,2.01618,-17.85,	2.059999,2.01618,-17.4,	1.14,0.44,-18.87,	4.62,0,-11.31592,	5.78486,0.07961912,0.7361618,	ReachForBottle	
0.1399993,2.01618,-17.85,	2.059999,2.01618,-17.4,	1.14,0.44,-18.87,	4.62,0,-11.31592,	5.78486,0.07961912,0.7361618,	ReachForBottle	
0.1399993,2.01618,-17.85,	2.059999,2.01618,-17.4,	1.14,0.44,-18.87,	4.62,0,-11.31592,	5.78486,0.07961912,0.7361618,	ReachForBottle	
0.1399993,2.01618,-17.85,	2.059999,2.01618,-17.4,	1.14,0.44,-18.87,	4.62,0,-11.31592,	5.78486,0.07961912,0.7361618,	ReachForBottle	
0.1399993,2.01618,-17.85,	2.059999,2.01618,-17.4,	1.14,0.44,-18.87,	4.62,0,-11.31592,	5.78486,0.07961912,0.7361618,	ReachForBottle	
0.1399993,2.01618,-17.85,	2.059999,2.01618,-17.4,	1.14,0.44,-18.87,	4.62,0,-11.31592,	5.78486,0.07961912,0.7361618,	ReachForBottle	
0.1399993,2.01618,-17.85,	2.059999,2.01618,-17.4,	1.14,0.44,-18.87,	4.62,0,-11.31592,	5.78486,0.07961912,0.7361618,	ReachForBottle	
0.1399993,2.01618,-17.85,	2.059999,2.01618,-17.4,	1.14,0.44,-18.87,	4.62,0,-11.31592,	5.78486,0.07961912,0.7361618,	ReachForBottle	
0.1399993,2.01618,-17.85,	2.059999,2.01618,-17.4,	1.14,0.44,-18.87,	4.62,0,-11.31592,	5.78486,0.07961912,0.7361618,	ReachForBottle	
0.1399993,2.01618,-17.85,	2.059999,2.01618,-17.4,	1.14,0.44,-18.87,	4.62,0,-11.31592,	5.78486,0.07961912,0.7361618,	ReachForBottle	
0.1399993,2.01618,-17.85,	2.059999,2.01618,-17.4,	1.14,0.44,-18.87,	4.62,0,-11.31592,	5.78486,0.07961912,0.7361618,	ReachForBottle	
0.1399993,2.01618,-17.85,	2.059999,2.01618,-17.4,	1.14,0.44,-18.87,	4.62,0,-11.31592,	5.78486,0.07961912,0.7361618,	ReachForBottle	
0.1399993,2.01618,-17.85,	2.059999,2.01618,-17.4,	1.14,0.44,-18.87,	4.62,0,-11.31592,	5.78486,0.07961912,0.7361618,	ReachForBottle	
0.1399993,2.01618,-17.85,	2.059999,2.01618,-17.4,	1.14,0.44,-18.87,	4.62,0,-11.31592,	5.78486,0.07961912,0.7361618,	ReachForBottle	
0.1399993,2.01618,-17.85,	2.059999,2.01618,-17.4,	1.14,0.44,-18.87,	4.62,0,-11.31592,	5.78486,0.07961912,0.7361618,	ReachForBottle	
0.1399993,2.01618,-17.85,	2.059999,2.01618,-17.4,	1.14,0.44,-18.87,	4.62,0,-11.31592,	5.78486,0.07961912,0.7361618,	ReachForBottle	
0.1399993,2.01618,-17.85,	2.059999,2.01618,-17.4,	1.14,0.44,-18.87,	4.62,0,-11.31592,	5.78486,0.07961912,0.7361618,	ReachForBottle	
0.1399993,2.01618,-17.85,	2.059999,2.01618,-17.4,	1.14,0.44,-18.87,	4.62,0,-11.31592,	5.78486,0.07961912,0.7361618,	ReachForBottle	
0.1399993,2.01618,-17.85,	2.059999,2.01618,-17.4,	1.14,0.44,-18.87,	4.62,0,-11.31592,	5.78486,0.07961912,0.7361618,	ReachForBottle	
0.1399993,2.01618,-17.85,	2.059999,2.01618,-17.4,	1.14,0.44,-18.87,	4.62,0,-11.31592,	5.78486,0.07961912,0.7361618,	ReachForBottle	
0.1399993,2.01618,-17.85,	2.059999,2.01618,-17.4,	1.14,0.44,-18.87,	4.62,0,-11.31592,	5.78486,0.07961912,0.7361618,	ReachForBottle	
0.1399993,2.01618,-17.85,	2.059999,2.01618,-17.4,	1.14,0.44,-18.87,	4.62,0,-11.31592,	5.78486,0.07961912,0.7361618,	ReachForBottle	
0.1399993,2.01618,-17.85,	2.059999,2.01618,-17.4,	1.14,0.44,-18.87,	4.62,0,-11.31592,	5.78486,0.07961912,0.7361618,	ReachForBottle	
0.1399993,2.01618,-17.85,	2.059999,2.01618,-17.4,	1.14,0.44,-18.87,	4.62,0,-11.31592,	5.78486,0.07961912,0.7361618,	ReachForBottle	
0.1399993,2.01618,-17.85,	2.059999,2.01618,-17.4,	1.14,0.44,-18.87,	4.62,0,-11.31592,	5.78486,0.07961912,0.7361618,	ReachForBottle	
0.1399993,2.01618,-17.85,	2.059999,2.01618,-17.4,	1.14,0.44,-18.87,	4.62,0,-11.31592,	5.78486,0.07961912,0.7361618,	ReachForBottle	
0.1399993,2.01618,-17.85,	2.059999,2.01618,-17.4,	1.14,0.44,-18.87,	4.62,0,-11.31592,	5.78486,0.07961912,0.7361618,	ReachForBottle	
0.1399993,2.01618,-17.85,	2.059999,2.01618,-17.4,	1.14,0.44,-18.87,	4.62,0,-11.31592,	5.78486,0.07961912,0.7361618,	ReachForBottle	
0.1399993,2.01618,-17.85,	2.059999,2.01618,-17.4,	1.14,0.44,-18.87,	4.62,0,-11.31592,	5.78486,0.07961912,0.7361618,	ReachForBottle	
0.1399993,2.01618,-17.85,	2.059999,2.01618,-17.4,	1.14,0.44,-18.87,	4.62,0,-11.31592,	5.78486,0.07961912,0.7361618,	ReachForBottle	
0.1399993,2.01618,-17.85,	2.059999,2.01618,-17.4,	1.14,0.44,-18.87,	4.62,0,-11.31592,	5.78486,0.07961912,0.7361618,	ReachForBottle	
0.1399993,2.01618,-17.85,	2.059999,2.01618,-17.4,	1.14,0.44,-18.87,	4.62,0,-11.31592,	5.78486,0.07961912,0.7361618,	ReachForBottle	
0.1399993,2.01618,-17.85,	2.059999,2.01618,-17.4,	1.14,0.44,-18.87,	4.62,0,-11.31592,	5.78486,0.07961912,0.7361618,	ReachForBottle	
0.1399993,2.01618,-17.85,	2.059999,2.01618,-17.4,	1.14,0.44,-18.87,	4.62,0,-11.31592,	5.78486,0.07961912,0.7361618,	ReachForBottle	
0.1399993,2.01618,-17.85,	2.059999,2.01618,-17.4,	1.14,0.44,-18.87,	4.62,0,-11.31592,	5.78486,0.07961912,0.7361618,	ReachForBottle	
0.1399993,2.01618,-17.85,	2.059999,2.01618,-17.4,	1.14,0.44,-18.87,	4.62,0,-11.31592,	5.78486,0.07961912,0.7361618,	ReachForBottle	
0.1399993,2.01618,-17.85,	2.059999,2.01618,-17.4,	1.14,0.44,-18.87,	4.62,0,-11.31592,	5.78486,0.07961912,0.7361618,	ReachForBottle	
0.1399993,2.01618,-17.85,	2.059999,2.01618,-17.4,	1.14,0.44,-18.87,	4.62,0,-11.31592,	5.78486,0.07961912,0.7361618,	ReachForBottle	
0.1399993,2.01618,-17.85,	2.059999,2.01618,-17.4,	1.14,0.44,-18.87,	4.62,0,-11.31592,	5.78486,0.07961912,0.7361618,	ReachForBottle	
0.1399993,2.01618,-17.85,	2.059999,2.01618,-17.4,	1.14,0.44,-18.87,	4.62,0,-11.31592,	5.78486,0.07961912,0.7361618,	ReachForBottle	
0.1399993,2.01618,-17.85,	2.059999,2.01618,-17.4,	1.14,0.44,-18.87,	4.62,0,-11.31592,	5.78486,0.07961912,0.7361618,	ReachForBottle	
0.1399993,2.01618,-17.85,	2.059999,2.01618,-17.4,	1.14,0.44,-18.87,	4.62,0,-11.31592,	5.78486,0.07961912,0.7361618,	ReachForBottle	
0.1399993,2.01618,-17.85,	2.059999,2.01618,-17.4,	1.14,0.44,-18.87,	4.62,0,-11.31592,	5.78486,0.07961912,0.7361618,	ReachForBottle	
0.1399993,2.01618,-17.85,	2.059999,2.01618,-17.4,	1.14,0.44,-18.87,	4.62,0,-11.31592,	5.78486,0.07961912,0.7361618,	ReachForBottle	
0.1399993,2.01618,-17.85,	2.059999,2.01618,-17.4,	1.14,0.44,-18.87,	4.62,0,-11.31592,	5.78486,0.07961912,0.7361618,	ReachForBottle	
0.1399993,2.01618,-17.85,	2.059999,2.01618,-17.4,	1.14,0.44,-18.87,	4.62,0,-11.31592,	5.78486,0.07961912,0.7361618,	ReachForBottle	
0.1399993,2.01618,-17.85,	2.059999,2.01618,-17.4,	1.14,0.44,-18.87,	4.62,0,-11.31592,	5.78486,0.07961912,0.7361618,	ReachForBottle	
0.1399993,2.01618,-17.85,	2.059999,2.01618,-17.4,	1.14,0.44,-18.87,	4.62,0,-11.31592,	5.78486,0.07961912,0.7361618,	ReachForBottle	
0.1399993,2.01618,-17.85,	2.059999,2.01618,-17.4,	1.14,0.44,-18.87,	4.62,0,-11.31592,	5.78486,0.07961912,0.7361618,	ReachForBottle	
0.1399993,2.01618,-17.85,	2.059999,2.01618,-17.4,	1.14,0.44,-18.87,	4.62,0,-11.31592,	5.78486,0.07961912,0.7361618,	ReachForBottle	
0.1399993,2.01618,-17.85,	2.059999,2.01618,-17.4,	1.14,0.44,-18.87,	4.62,0,-11.31592,	5.78486,0.07961912,0.7361618,	ReachForBottle	
0.1399993,2.01618,-17.85,	2.059999,2.01618,-17.4,	1.14,0.44,-18.87,	4.62,0,-11.31592,	5.78486,0.07961912,0.7361618,	ReachForBottle	
0.1399993,2.01618,-17.85,	2.059999,2.01618,-17.4,	1.14,0.44,-18.87,	4.62,0,-11.31592,	5.78486,0.07961912,0.7361618,	ReachForBottle	
0.1399993,2.01618,-17.85,	2.059999,2.01618,-17.4,	1.14,0.44,-18.87,	4.62,0,-11.31592,	5.78486,0.07961912,0.7361618,	ReachForBottle	
0.1399993,2.01618,-17.85,	2.059999,2.01618,-17.4,	1.14,0.44,-18.87,	4.62,0,-11.31592,	5.78486,0.07961912,0.7361618,	ReachForBottle	
0.1399993,2.01618,-17.85,	2.059999,2.01618,-17.4,	1.14,0.44,-18.87,	4.62,0,-11.31592,	5.78486,0.07961912,0.7361618,	ReachForBottle	
0.1399993,2.01618,-17.85,	2.059999,2.01618,-17.4,	1.14,0.44,-18.87,	4.62,0,-11.31592,	5.78486,0.07961912,0.7361618,	ReachForBottle	
0.1399993,2.01618,-17.85,	2.059999,2.01618,-17.4,	1.14,0.44,-18.87,	4.62,0,-11.31592,	5.78486,0.07961912,0.7361618,	ReachForBottle	
0.1399993,2.01618,-17.85,	2.059999,2.01618,-17.4,	1.14,0.44,-18.87,	4.62,0,-11.31592,	5.78486,0.07961912,0.7361618,	ReachForBottle	
0.1399993,2.01618,-17.85,	2.059999,2.01618,-17.4,	1.14,0.44,-18.87,	4.62,0,-11.31592,	5.78486,0.07961912,0.7361618,	ReachForBottle	
0.1399993,2.01618,-17.85,	2.059999,2.01618,-17.4,	1.14,0.44,-18.87,	4.62,0,-11.31592,	5.78486,0.07961912,0.7361618,	ReachForBottle	
0.1399993,2.01618,-17.85,	2.059999,2.01618,-17.4,	1.14,0.44,-18.87,	4.62,0,-11.31592,	5.78486,0.07961912,0.7361618,	ReachForBottle	
0.1399993,2.01618,-17.85,	2.059999,2.01618,-17.4,	1.14,0.44,-18.87,	4.62,0,-11.31592,	5.78486,0.07961912,0.7361618,	ReachForBottle	
0.1399993,2.01618,-17.85,	2.059999,2.01618,-17.4,	1.14,0.44,-18.87,	4.62,0,-11.31592,	5.78486,0.07961912,0.7361618,	ReachForBottle	
0.1399993,2.01618,-17.85,	2.059999,2.01618,-17.4,	1.14,0.44,-18.87,	4.62,0,-11.31592,	5.78486,0.07961912,0.7361618,	ReachForBottle	
0.1399993,2.01618,-17.85,	2.059999,2.01618,-17.4,	1.14,0.44,-18.87,	4.62,0,-11.31592,	5.78486,0.07961912,0.7361618,	ReachForBottle	
0.1399993,2.01618,-17.85,	2.059999,2.01618,-17.4,	1.14,0.44,-18.87,	4.62,0,-11.31592,	5.78486,0.07961912,0.7361618,	ReachForBottle	
0.1399993,2.01618,-17.85,	2.059999,2.01618,-17.4,	1.14,0.44,-18.87,	4.62,0,-11.31592,	5.78486,0.07961912,0.7361618,	ReachForBottle	
0.1399993,2.01618,-17.85,	2.059999,2.01618,-17.4,	1.14,0.44,-18.87,	4.62,0,-11.31592,	5.78486,0.07961912,0.7361618,	ReachForBottle	
0.1399993,2.01618,-17.85,	2.059999,2.01618,-17.4,	1.14,0.44,-18.87,	4.62,0,-11.31592,	5.78486,0.07961912,0.7361618,	ReachForBottle	
0.1399993,2.01618,-17.85,	2.059999,2.01618,-17.4,	1.14,0.44,-18.87,	4.62,0,-11.31592,	5.78486,0.07961912,0.7361618,	ReachForBottle	
0.1399993,2.01618,-17.85,	2.059999,2.01618,-17.4,	1.14,0.44,-18.87,	4.62,0,-11.31592,	5.78486,0.07961912,0.7361618,	ReachForBottle	
0.1399993,2.01618,-17.85,	2.059999,2.01618,-17.4,	1.14,0.44,-18.87,	4.62,0,-11.31592,	5.78486,0.07961912,0.7361618,	ReachForBottle	
0.1399993,2.01618,-17.85,	2.059999,2.01618,-17.4,	1.14,0.44,-18.87,	4.62,0,-11.31592,	5.78486,0.07961912,0.7361618,	ReachForBottle	
0.1399993,2.01618,-17.85,	2.059999,2.01618,-17.4,	1.14,0.44,-18.87,	4.62,0,-11.31592,	5.78486,0.07961912,0.7361618,	ReachForBottle	
0.1399993,2.01618,-17.85,	2.059999,2.01618,-17.4,	1.14,0.44,-18.87,	4.62,0,-11.31592,	5.78486,0.07961912,0.7361618,	ReachForBottle	
0.1399993,2.01618,-17.85,	2.059999,2.01618,-17.4,	1.14,0.44,-18.87,	4.62,0,-11.31592,	5.78486,0.07961912,0.7361618,	ReachForBottle	
0.1399993,2.01618,-17.85,	2.059999,2.01618,-17.4,	1.14,0.44,-18.87,	4.62,0,-11.31592,	5.78486,0.07961912,0.7361618,	ReachForBottle	
0.1399993,2.01618,-17.85,	2.059999,2.01618,-17.4,	1.14,0.44,-18.87,	4.62,0,-11.31592,	5.78486,0.07961912,0.7361618,	ReachForBottle	
0.1399993,2.01618,-17.85,	2.059999,2.01618,-17.4,	1.14,0.44,-18.87,	4.62,0,-11.31592,	5.78486,0.07961912,0.7361618,	ReachForBottle	
0.1399993,2.01618,-17.85,	2.059999,2.01618,-17.4,	1.14,0.44,-18.87,	4.62,0,-11.31592,	5.78486,0.07961912,0.7361618,	ReachForBottle	
0.1399993,2.01618,-17.85,	2.059999,2.01618,-17.4,	1.14,0.44,-18.87,	4.62,0,-11.31592,	5.78486,0.07961912,0.7361618,	ReachForBottle	
0.1399993,2.01618,-17.85,	2.059999,2.01618,-17.4,	1.14,0.44,-18.87,	4.62,0,-11.31592,	5.78486,0.07961912,0.7361618,	ReachForBottle	
0.1399993,2.01618,-17.85,	2.059999,2.01618,-17.4,	1.14,0.44,-18.87,	4.62,0,-11.31592,	5.78486,0.07961912,0.7361618,	ReachForBottle	
0.1399993,2.01618,-17.85,	2.059999,2.01618,-17.4,	1.14,0.44,-18.87,	4.62,0,-11.31592,	5.78486,0.07961912,0.7361618,	ReachForBottle	
0.1399993,2.01618,-17.85,	2.059999,2.01618,-17.4,	1.14,0.44,-18.87,	4.62,0,-11.31592,	5.78486,0.07961912,0.7361618,	ReachForBottle	
0.1399993,2.01618,-17.85,	2.059999,2.01618,-17.4,	1.14,0.44,-18.87,	4.62,0,-11.31592,	5.78486,0.07961912,0.7361618,	ReachForBottle	
0.1399993,2.01618,-17.85,	2.059999,2.01618,-17.4,	1.14,0.44,-18.87,	4.62,0,-11.31592,	5.78486,0.07961912,0.7361618,	ReachForBottle	
0.1399993,2.01618,-17.85,	2.059999,2.01618,-17.4,	1.14,0.44,-18.87,	4.62,0,-11.31592,	5.78486,0.07961912,0.7361618,	ReachForBottle	
0.1399993,2.01618,-17.85,	2.059999,2.01618,-17.4,	1.14,0.44,-18.87,	4.62,0,-11.31592,	5.78486,0.07961912,0.7361618,	ReachForBottle	
0.1399993,2.01618,-17.85,	2.059999,2.01618,-17.4,	1.14,0.44,-18.87,	4.62,0,-11.31592,	5.78486,0.07961912,0.7361618,	ReachForBottle	
0.1399993,2.01618,-17.85,	2.059999,2.01618,-17.4,	1.14,0.44,-18.87,	4.62,0,-11.31592,	5.78486,0.07961912,0.7361618,	ReachForBottle	
0.1399993,2.01618,-17.85,	2.059999,2.01618,-17.4,	1.14,0.44,-18.87,	4.62,0,-11.31592,	5.78486,0.07961912,0.7361618,	ReachForBottle	
0.1399993,2.01618,-17.85,	2.059999,2.01618,-17.4,	1.14,0.44,-18.87,	4.62,0,-11.31592,	5.78486,0.07961912,0.7361618,	ReachForBottle	
0.1399993,2.01618,-17.85,	2.059999,2.01618,-17.4,	1.14,0.44,-18.87,	4.62,0,-11.31592,	5.78486,0.07961912,0.7361618,	ReachForBottle	
0.1399993,2.01618,-17.85,	2.059999,2.01618,-17.4,	1.14,0.44,-18.87,	4.62,0,-11.31592,	5.78486,0.07961912,0.7361618,	ReachForBottle	
0.1399993,2.01618,-17.85,	2.059999,2.01618,-17.4,	1.14,0.44,-18.87,	4.62,0,-11.31592,	5.78486,0.07961912,0.7361618,	ReachForBottle	
0.1399993,2.01618,-17.85,	2.059999,2.01618,-17.4,	1.14,0.44,-18.87,	4.62,0,-11.31592,	5.78486,0.07961912,0.7361618,	ReachForBottle	
0.1399993,2.01618,-17.85,	2.059999,2.01618,-17.4,	1.14,0.44,-18.87,	4.62,0,-11.31592,	5.78486,0.07961912,0.7361618,	ReachForBottle	
0.1399993,2.01618,-17.85,	2.059999,2.01618,-17.4,	1.14,0.44,-18.87,	4.62,0,-11.31592,	5.78486,0.07961912,0.7361618,	ReachForBottle	
0.1399993,2.01618,-17.85,	2.059999,2.01618,-17.4,	1.14,0.44,-18.87,	4.62,0,-11.31592,	5.78486,0.07961912,0.7361618,	ReachForBottle	
0.1399993,2.01618,-17.85,	2.059999,2.01618,-17.4,	1.14,0.44,-18.87,	4.62,0,-11.31592,	5.78486,0.07961912,0.7361618,	ReachForBottle	
0.1399993,2.01618,-17.85,	2.059999,2.01618,-17.4,	1.14,0.44,-18.87,	4.62,0,-11.31592,	5.78486,0.07961912,0.7361618,	ReachForBottle	
0.1399993,2.01618,-17.85,	2.059999,2.01618,-17.4,	1.14,0.44,-18.87,	4.62,0,-11.31592,	5.78486,0.07961912,0.7361618,	ReachForBottle	
0.1399993,2.01618,-17.85,	2.059999,2.01618,-17.4,	1.14,0.44,-18.87,	4.62,0,-11.31592,	5.78486,0.07961912,0.7361618,	ReachForBottle	
0.1399993,2.01618,-17.85,	2.059999,2.01618,-17.4,	1.14,0.44,-18.87,	4.62,0,-11.31592,	5.78486,0.07961912,0.7361618,	ReachForBottle	
0.1399993,2.01618,-17.85,	2.059999,2.01618,-17.4,	1.14,0.44,-18.87,	4.62,0,-11.31592,	5.78486,0.07961912,0.7361618,	ReachForBottle	
0.1399993,2.01618,-17.85,	2.059999,2.01618,-17.4,	1.14,0.44,-18.87,	4.62,0,-11.31592,	5.78486,0.07961912,0.7361618,	ReachForBottle	
0.1399993,2.01618,-17.85,	2.059999,2.01618,-17.4,	1.14,0.44,-18.87,	4.62,0,-11.31592,	5.78486,0.07961912,0.7361618,	ReachForBottle	
0.1399993,2.01618,-17.85,	2.059999,2.01618,-17.4,	1.14,0.44,-18.87,	4.62,0,-11.31592,	5.78486,0.07961912,0.7361618,	ReachForBottle	
0.1399993,2.01618,-17.85,	2.059999,2.01618,-17.4,	1.14,0.44,-18.87,	4.62,0,-11.31592,	5.78486,0.07961912,0.7361618,	ReachForBottle	
0.1399993,2.01618,-17.85,	2.059999,2.01618,-17.4,	1.14,0.44,-18.87,	4.62,0,-11.31592,	5.78486,0.07961912,0.7361618,	ReachForBottle	
0.1399993,2.01618,-17.85,	2.059999,2.01618,-17.4,	1.14,0.44,-18.87,	4.62,0,-11.31592,	5.78486,0.07961912,0.7361618,	ReachForBottle	
0.1399993,2.01618,-17.85,	2.059999,2.01618,-17.4,	1.14,0.44,-18.87,	4.62,0,-11.31592,	5.78486,0.07961912,0.7361618,	ReachForBottle	
0.1399993,2.01618,-17.85,	2.059999,2.01618,-17.4,	1.14,0.44,-18.87,	4.62,0,-11.31592,	5.78486,0.07961912,0.7361618,	ReachForBottle	
0.1399993,2.01618,-17.85,	2.059999,2.01618,-17.4,	1.14,0.44,-18.87,	4.62,0,-11.31592,	5.78486,0.07961912,0.7361618,	ReachForBottle	
0.1399993,2.01618,-17.85,	2.059999,2.01618,-17.4,	1.14,0.44,-18.87,	4.62,0,-11.31592,	5.78486,0.07961912,0.7361618,	ReachForBottle	
0.1399993,2.01618,-17.85,	2.059999,2.01618,-17.4,	1.14,0.44,-18.87,	4.62,0,-11.31592,	5.78486,0.07961912,0.7361618,	ReachForBottle	
0.1399993,2.01618,-17.85,	2.059999,2.01618,-17.4,	1.14,0.44,-18.87,	4.62,0,-11.31592,	5.78486,0.07961912,0.7361618,	ReachForBottle	
0.1399993,2.01618,-17.85,	2.059999,2.01618,-17.4,	1.14,0.44,-18.87,	4.62,0,-11.31592,	5.78486,0.07961912,0.7361618,	ReachForBottle	
0.1399993,2.01618,-17.85,	2.059999,2.01618,-17.4,	1.14,0.44,-18.87,	4.62,0,-11.31592,	5.78486,0.07961912,0.7361618,	ReachForBottle	
0.1399993,2.01618,-17.85,	2.059999,2.01618,-17.4,	1.14,0.44,-18.87,	4.62,0,-11.31592,	5.78486,0.07961912,0.7361618,	ReachForBottle	
0.1399993,2.01618,-17.85,	2.059999,2.01618,-17.4,	1.14,0.44,-18.87,	4.62,0,-11.31592,	5.78486,0.07961912,0.7361618,	ReachForBottle	
0.1399993,2.01618,-17.85,	2.059999,2.01618,-17.4,	1.14,0.44,-18.87,	4.62,0,-11.31592,	5.78486,0.07961912,0.7361618,	ReachForBottle	
0.1399993,2.01618,-17.85,	2.059999,2.01618,-17.4,	1.14,0.44,-18.87,	4.62,0,-11.31592,	5.78486,0.07961912,0.7361618,	ReachForBottle	
0.1399993,2.01618,-17.85,	2.059999,2.01618,-17.4,	1.14,0.44,-18.87,	4.62,0,-11.31592,	5.78486,0.07961912,0.7361618,	ReachForBottle	
0.1399993,2.01618,-17.85,	2.059999,2.01618,-17.4,	1.14,0.44,-18.87,	4.62,0,-11.31592,	5.78486,0.07961912,0.7361618,	ReachForBottle	
0.1399993,2.01618,-17.85,	2.059999,2.01618,-17.4,	1.14,0.44,-18.87,	4.62,0,-11.31592,	5.78486,0.07961912,0.7361618,	ReachForBottle	
0.1399993,2.01618,-17.85,	2.059999,2.01618,-17.4,	1.14,0.44,-18.87,	4.62,0,-11.31592,	5.78486,0.07961912,0.7361618,	ReachForBottle	
0.1399993,2.01618,-17.85,	2.059999,2.01618,-17.4,	1.14,0.44,-18.87,	4.62,0,-11.31592,	5.78486,0.07961912,0.7361618,	ReachForBottle	
0.1399993,2.01618,-17.85,	2.059999,2.01618,-17.4,	1.14,0.44,-18.87,	4.62,0,-11.31592,	5.78486,0.07961912,0.7361618,	ReachForBottle	
0.1399993,2.01618,-17.85,	2.059999,2.01618,-17.4,	1.14,0.44,-18.87,	4.62,0,-11.31592,	5.78486,0.07961912,0.7361618,	ReachForBottle	
0.1399993,2.01618,-17.85,	2.059999,2.01618,-17.4,	1.14,0.44,-18.87,	4.62,0,-11.31592,	5.78486,0.07961912,0.7361618,	ReachForBottle	
4.58,-0.2738202,-11.29,	4.58,-0.2738202,-11.29,	4.73,-0.35,-11.44,	4.62,0,-11.31592,	5.78486,0.07961912,0.7361618,	ReachForBottle	
4.58,-0.2738202,-11.29,	4.58,-0.2738202,-11.29,	4.73,-0.35,-11.44,	4.62,0,-11.31592,	5.78486,0.07961912,0.7361618,	Grasped	
4.58,-0.2738202,-11.29,	4.58,-0.2738202,-11.29,	4.73,-0.35,-11.44,	4.62,0,-11.31592,	5.78486,0.07961912,0.7361618,	Grasped	
4.58,-0.2738202,-11.29,	4.58,-0.2738202,-11.29,	4.73,-0.35,-11.44,	4.62,0,-11.31592,	5.78486,0.07961912,0.7361618,	Grasped	
4.58,-0.2738202,-11.29,	4.58,-0.2738202,-11.29,	4.73,-0.35,-11.44,	4.62,0,-11.31592,	5.78486,0.07961912,0.7361618,	Grasped	
4.58,-0.2738202,-11.29,	4.58,-0.2738202,-11.29,	4.73,-0.35,-11.44,	4.62,0,-11.31592,	5.78486,0.07961912,0.7361618,	Grasped	
4.58,-0.2738202,-11.29,	4.58,-0.2738202,-11.29,	4.73,-0.35,-11.44,	4.62,0,-11.31592,	5.78486,0.07961912,0.7361618,	Grasped	
4.58,-0.2738202,-11.29,	4.58,-0.2738202,-11.29,	4.73,-0.35,-11.44,	4.62,0,-11.31592,	5.78486,0.07961912,0.7361618,	Grasped	
4.58,-0.2738202,-11.29,	4.58,-0.2738202,-11.29,	4.73,-0.35,-11.44,	4.62,0,-11.31592,	5.78486,0.07961912,0.7361618,	Grasped	
4.58,-0.2738202,-11.29,	4.58,-0.2738202,-11.29,	4.73,-0.35,-11.44,	4.62,0,-11.31592,	5.78486,0.07961912,0.7361618,	Grasped	
4.58,-0.2738202,-11.29,	4.58,-0.2738202,-11.29,	4.73,-0.35,-11.44,	4.62,0,-11.31592,	5.78486,0.07961912,0.7361618,	Grasped	
4.58,-0.2738202,-11.29,	4.58,-0.2738202,-11.29,	4.73,-0.35,-11.44,	4.62,0,-11.31592,	5.78486,0.07961912,0.7361618,	Grasped	
4.58,-0.2738202,-11.29,	4.58,-0.2738202,-11.29,	4.73,-0.35,-11.44,	4.62,0,-11.31592,	5.78486,0.07961912,0.7361618,	Grasped	
4.58,-0.2738202,-11.29,	4.58,-0.2738202,-11.29,	4.73,-0.35,-11.44,	4.62,0,-11.31592,	5.78486,0.07961912,0.7361618,	Grasped	
4.58,-0.2738202,-11.29,	4.58,-0.2738202,-11.29,	4.73,-0.35,-11.44,	4.62,0,-11.31592,	5.78486,0.07961912,0.7361618,	Grasped	
4.58,-0.2738202,-11.29,	4.58,-0.2738202,-11.29,	4.73,-0.35,-11.44,	4.62,0,-11.31592,	5.78486,0.07961912,0.7361618,	Grasped	
4.58,-0.2738202,-11.29,	4.58,-0.2738202,-11.29,	4.73,-0.35,-11.44,	4.62,0,-11.31592,	5.78486,0.07961912,0.7361618,	Grasped	
4.58,-0.2738202,-11.29,	4.58,-0.2738202,-11.29,	4.73,-0.35,-11.44,	4.62,0,-11.31592,	5.78486,0.07961912,0.7361618,	Grasped	
4.58,-0.2738202,-11.29,	4.58,-0.2738202,-11.29,	4.73,-0.35,-11.44,	4.62,0,-11.31592,	5.78486,0.07961912,0.7361618,	Grasped	
4.58,-0.2738202,-11.29,	4.58,-0.2738202,-11.29,	4.73,-0.35,-11.44,	4.62,0,-11.31592,	5.78486,0.07961912,0.7361618,	Grasped	
4.58,-0.2738202,-11.29,	4.58,-0.2738202,-11.29,	4.73,-0.35,-11.44,	4.62,0,-11.31592,	5.78486,0.07961912,0.7361618,	Grasped	
4.58,-0.2738202,-11.29,	4.58,-0.2738202,-11.29,	4.73,-0.35,-11.44,	4.62,0,-11.31592,	5.78486,0.07961912,0.7361618,	Grasped	
4.58,-0.2738202,-11.29,	4.58,-0.2738202,-11.29,	4.73,-0.35,-11.44,	4.62,0,-11.31592,	5.78486,0.07961912,0.7361618,	Grasped	
4.58,-0.2738202,-11.29,	4.58,-0.2738202,-11.29,	4.73,-0.35,-11.44,	4.62,0,-11.31592,	5.78486,0.07961912,0.7361618,	Grasped	
4.58,-0.2738202,-11.29,	4.58,-0.2738202,-11.29,	4.73,-0.35,-11.44,	4.62,0,-11.31592,	5.78486,0.07961912,0.7361618,	Grasped	
4.58,-0.2738202,-11.29,	4.58,-0.2738202,-11.29,	4.73,-0.35,-11.44,	4.62,0,-11.31592,	5.78486,0.07961912,0.7361618,	Grasped	
4.58,-0.2738202,-11.29,	4.58,-0.2738202,-11.29,	4.73,-0.35,-11.44,	4.62,0,-11.31592,	5.78486,0.07961912,0.7361618,	Grasped	
4.58,-0.2738202,-11.29,	4.58,-0.2738202,-11.29,	4.73,-0.35,-11.44,	4.62,0,-11.31592,	5.78486,0.07961912,0.7361618,	Grasped	
4.58,-0.2738202,-11.29,	4.58,-0.2738202,-11.29,	4.73,-0.35,-11.44,	4.62,0,-11.31592,	5.78486,0.07961912,0.7361618,	Grasped	
4.58,-0.2738202,-11.29,	4.58,-0.2738202,-11.29,	4.73,-0.35,-11.44,	4.62,0,-11.31592,	5.78486,0.07961912,0.7361618,	Grasped	
4.58,-0.2738202,-11.29,	4.58,-0.2738202,-11.29,	4.73,-0.35,-11.44,	4.62,0,-11.31592,	5.78486,0.07961912,0.7361618,	Grasped	
4.58,-0.2738202,-11.29,	4.58,-0.2738202,-11.29,	4.73,-0.35,-11.44,	4.62,0,-11.31592,	5.78486,0.07961912,0.7361618,	Grasped	
4.58,-0.2738202,-11.29,	4.58,-0.2738202,-11.29,	4.73,-0.35,-11.44,	4.62,0,-11.31592,	5.78486,0.07961912,0.7361618,	Grasped	
4.58,-0.2738202,-11.29,	4.58,-0.2738202,-11.29,	4.73,-0.35,-11.44,	4.62,0,-11.31592,	5.78486,0.07961912,0.7361618,	Grasped	
4.58,-0.2738202,-11.29,	4.58,-0.2738202,-11.29,	4.73,-0.35,-11.44,	4.62,0,-11.31592,	5.78486,0.07961912,0.7361618,	Grasped	
4.58,-0.2738202,-11.29,	4.58,-0.2738202,-11.29,	4.73,-0.35,-11.44,	4.62,0,-11.31592,	5.78486,0.07961912,0.7361618,	Grasped	
4.58,-0.2738202,-11.29,	4.58,-0.2738202,-11.29,	4.73,-0.35,-11.44,	4.62,0,-11.31592,	5.78486,0.07961912,0.7361618,	Grasped	
4.58,-0.2738202,-11.29,	4.58,-0.2738202,-11.29,	4.73,-0.35,-11.44,	4.62,0,-11.31592,	5.78486,0.07961912,0.7361618,	Grasped	
4.58,-0.2738202,-11.29,	4.58,-0.2738202,-11.29,	4.73,-0.35,-11.44,	4.62,0,-11.31592,	5.78486,0.07961912,0.7361618,	Grasped	
4.58,-0.2738202,-11.29,	4.58,-0.2738202,-11.29,	4.73,-0.35,-11.44,	4.62,0,-11.31592,	5.78486,0.07961912,0.7361618,	Grasped	
4.58,-0.2738202,-11.29,	4.58,-0.2738202,-11.29,	4.73,-0.35,-11.44,	4.62,0,-11.31592,	5.78486,0.07961912,0.7361618,	Grasped	
4.58,-0.2738202,-11.29,	4.58,-0.2738202,-11.29,	4.73,-0.35,-11.44,	4.62,0,-11.31592,	5.78486,0.07961912,0.7361618,	Grasped	
4.58,-0.2738202,-11.29,	4.58,-0.2738202,-11.29,	4.73,-0.35,-11.44,	4.62,0,-11.31592,	5.78486,0.07961912,0.7361618,	Grasped	
4.58,-0.2738202,-11.29,	4.58,-0.2738202,-11.29,	4.73,-0.35,-11.44,	4.62,0,-11.31592,	5.78486,0.07961912,0.7361618,	Grasped	
4.58,-0.2738202,-11.29,	4.58,-0.2738202,-11.29,	4.73,-0.35,-11.44,	4.62,0,-11.31592,	5.78486,0.07961912,0.7361618,	Grasped	
4.58,-0.2738202,-11.29,	4.58,-0.2738202,-11.29,	4.73,-0.35,-11.44,	4.62,0,-11.31592,	5.78486,0.07961912,0.7361618,	Grasped	
4.58,-0.2738202,-11.29,	4.58,-0.2738202,-11.29,	4.73,-0.35,-11.44,	4.62,0,-11.31592,	5.78486,0.07961912,0.7361618,	Grasped	
4.58,-0.2738202,-11.29,	4.58,-0.2738202,-11.29,	4.73,-0.35,-11.44,	4.62,0,-11.31592,	5.78486,0.07961912,0.7361618,	Grasped	
4.58,-0.2738202,-11.29,	4.58,-0.2738202,-11.29,	4.73,-0.35,-11.44,	4.62,0,-11.31592,	5.78486,0.07961912,0.7361618,	Grasped	
4.58,-0.2738202,-11.29,	4.58,-0.2738202,-11.29,	4.73,-0.35,-11.44,	4.62,0,-11.31592,	5.78486,0.07961912,0.7361618,	Grasped	
4.58,-0.2738202,-11.29,	4.58,-0.2738202,-11.29,	4.73,-0.35,-11.44,	4.62,0,-11.31592,	5.78486,0.07961912,0.7361618,	Grasped	
4.58,-0.2738202,-11.29,	4.58,-0.2738202,-11.29,	4.73,-0.35,-11.44,	4.62,0,-11.31592,	5.78486,0.07961912,0.7361618,	Grasped	
4.58,-0.2738202,-11.29,	4.58,-0.2738202,-11.29,	4.73,-0.35,-11.44,	4.62,0,-11.31592,	5.78486,0.07961912,0.7361618,	Grasped	
4.58,-0.2738202,-11.29,	4.58,-0.2738202,-11.29,	4.73,-0.35,-11.44,	4.62,0,-11.31592,	5.78486,0.07961912,0.7361618,	Grasped	
4.58,-0.2738202,-11.29,	4.58,-0.2738202,-11.29,	4.73,-0.35,-11.44,	4.62,0,-11.31592,	5.78486,0.07961912,0.7361618,	Grasped	
4.58,-0.2738202,-11.29,	4.58,-0.2738202,-11.29,	4.73,-0.35,-11.44,	4.62,0,-11.31592,	5.78486,0.07961912,0.7361618,	Grasped	
4.58,-0.2738202,-11.29,	4.58,-0.2738202,-11.29,	4.73,-0.35,-11.44,	4.62,0,-11.31592,	5.78486,0.07961912,0.7361618,	Grasped	
4.58,-0.2738202,-11.15,	4.58,-0.2738202,-11.15,	4.73,-0.35,-11.3,	4.62,0,-11.17592,	5.78486,0.07961912,0.7361618,	Grasped	
4.58,-0.2738202,-10.54,	4.58,-0.2738202,-10.54,	4.73,-0.35,-10.69,	4.62,0,-10.56592,	5.78486,0.07961912,0.7361618,	Grasped	
4.58,-0.2738202,-8.93,	4.58,-0.2738202,-8.93,	4.73,-0.35,-9.08,	4.62,0,-8.95592,	5.78486,0.07961912,0.7361618,	Grasped	
4.58,-0.2738202,-6.14,	4.58,-0.2738202,-6.14,	4.73,-0.35,-6.29,	4.62,0,-6.16592,	5.78486,0.07961912,0.7361618,	Grasped	
4.58,-0.2738202,-3.51,	4.58,-0.2738202,-3.51,	4.73,-0.35,-3.66,	4.62,0,-3.53592,	5.78486,0.07961912,0.7361618,	Grasped	
4.58,-0.2738202,0.05999961,	4.58,-0.2738202,0.05999961,	4.73,-0.35,-0.09,	4.62,0,0.03407955,	5.78486,0.07961912,0.7361618,	Grasped	
4.58,-0.2738202,9.86,	4.58,-0.2738202,9.86,	4.73,-0.35,9.71,	4.62,0,9.83408,	5.78486,0.07961912,0.7361618,	Grasped	
4.58,-0.2738202,9.86,	4.58,-0.2738202,9.86,	4.73,-0.35,9.71,	4.62,0,9.83408,	5.78486,0.07961912,0.7361618,	Grasped	
4.58,-0.2738202,25.24,	4.58,-0.2738202,25.24,	4.73,-0.35,25.09,	4.62,0,25.21408,	5.78486,0.07961912,0.7361618,	Grasped	
4.58,-0.2738202,25.75,	4.58,-0.2738202,25.75,	4.73,-0.35,25.6,	4.62,0,25.72408,	5.78486,0.07961912,0.7361618,	Grasped	
4.58,-0.2738202,25.75,	4.58,-0.2738202,25.75,	4.73,-0.35,25.6,	4.62,0,25.72408,	5.78486,0.07961912,0.7361618,	Grasped	
4.58,-0.2738202,25.75,	4.58,-0.2738202,25.75,	4.73,-0.35,25.6,	4.62,0,25.72408,	5.78486,0.07961912,0.7361618,	Grasped	
4.58,-0.2738202,24.95,	4.58,-0.2738202,24.95,	4.73,-0.35,24.8,	4.62,0,24.92408,	5.78486,0.07961912,0.7361618,	Grasped	
4.58,-0.2738202,22.65,	4.58,-0.2738202,22.65,	4.73,-0.35,22.5,	4.62,0,22.62408,	5.78486,0.07961912,0.7361618,	Grasped	
4.58,-0.2738202,21.26,	4.58,-0.2738202,21.26,	4.73,-0.35,21.11,	4.62,0,21.23408,	5.78486,0.07961912,0.7361618,	Grasped	
4.58,-0.2738202,19,	4.58,-0.2738202,19,	4.73,-0.35,18.85,	4.62,0,18.97408,	5.78486,0.07961912,0.7361618,	Grasped	
4.58,-0.2738202,15.54,	4.58,-0.2738202,15.54,	4.73,-0.35,15.39,	4.62,0,15.51408,	5.78486,0.07961912,0.7361618,	Grasped	
4.58,-0.2738202,10.74,	4.58,-0.2738202,10.74,	4.73,-0.35,10.59,	4.62,0,10.71408,	5.78486,0.07961912,0.7361618,	Grasped	
4.58,-0.2738202,8,	4.58,-0.2738202,8,	4.73,-0.35,7.85,	4.62,0,7.974079,	5.78486,0.07961912,0.7361618,	Grasped	
4.58,-0.2738202,5.75,	4.58,-0.2738202,5.75,	4.73,-0.35,5.6,	4.62,0,5.724079,	5.78486,0.07961912,0.7361618,	Grasped	
4.58,-0.2738202,2.29,	4.58,-0.2738202,2.29,	4.73,-0.35,2.14,	4.62,0,2.26408,	5.78486,0.07961912,0.7361618,	Grasped	
4.58,-0.2738202,0.9199996,	4.58,-0.2738202,0.9199996,	4.73,-0.35,0.77,	4.62,0,0.8940792,	5.78486,0.07961912,0.7361618,	Grasped	
4.58,-0.2738202,0.9199996,	4.58,-0.2738202,0.9199996,	4.73,-0.35,0.77,	4.62,0,0.8940792,	5.78486,0.07961912,0.7361618,	Grasped	
4.58,-0.2738202,0.9199996,	4.58,-0.2738202,0.9199996,	4.73,-0.35,0.77,	4.62,0,0.8940792,	5.78486,0.07961912,0.7361618,	Grasped	
4.58,-0.2738202,0.9199996,	4.58,-0.2738202,0.9199996,	4.73,-0.35,0.77,	4.62,0,0.8940792,	5.78486,0.07961912,0.7361618,	Grasped	
4.58,-0.2738202,0.9199996,	4.58,-0.2738202,0.9199996,	4.73,-0.35,0.77,	4.62,0,0.8940792,	5.78486,0.07961912,0.7361618,	Grasped	
4.58,-0.2738202,0.6499996,	4.58,-0.2738202,0.6499996,	4.73,-0.35,0.5,	4.62,0,0.6240797,	5.78486,0.07961912,0.7361618,	Grasped	
4.58,-0.2738202,0.6499996,	4.58,-0.2738202,0.6499996,	4.73,-0.35,0.5,	4.62,0,0.6240797,	5.78486,0.07961912,0.7361618,	Grasped	
4.58,-0.2738202,-0.1600004,	4.58,-0.2738202,-0.1600004,	4.73,-0.35,-0.31,	4.62,0,-0.1859207,	5.78486,0.07961912,0.7361618,	Grasped	
4.58,-0.2738202,-0.7700004,	4.58,-0.2738202,-0.7700004,	4.73,-0.35,-0.92,	4.62,0,-0.7959204,	5.78486,0.07961912,0.7361618,	Grasped	
4.58,-0.2738202,-0.7700004,	4.58,-0.2738202,-0.7700004,	4.73,-0.35,-0.92,	4.62,0,-0.7959204,	5.78486,0.07961912,0.7361618,	Grasped	
4.58,-0.2738202,-0.7700004,	4.58,-0.2738202,-0.7700004,	4.73,-0.35,-0.92,	4.62,0,-0.7959204,	5.78486,0.07961912,0.7361618,	Grasped	
4.58,-0.2738202,-0.7700004,	4.58,-0.2738202,-0.7700004,	4.73,-0.35,-0.92,	4.62,0,-0.7959204,	5.78486,0.07961912,0.7361618,	Grasped	
4.58,-0.2738202,-0.7700004,	4.58,-0.2738202,-0.7700004,	4.73,-0.35,-0.92,	4.62,0,-0.7959204,	5.78486,0.07961912,0.7361618,	Grasped	
4.58,-0.2738202,-0.7700004,	4.58,-0.2738202,-0.7700004,	4.73,-0.35,-0.92,	4.62,0,-0.7959204,	5.78486,0.07961912,0.7361618,	Grasped	
4.58,-0.2738202,-0.9900004,	4.58,-0.2738202,-0.9900004,	4.73,-0.35,-1.14,	4.62,0,-1.015921,	5.78486,0.07961912,0.7361618,	Grasped	
4.58,-0.2738202,-0.9900004,	4.58,-0.2738202,-0.9900004,	4.73,-0.35,-1.14,	4.62,0,-1.015921,	5.78486,0.07961912,0.7361618,	Grasped	
4.58,-0.2738202,-0.9900004,	4.58,-0.2738202,-0.9900004,	4.73,-0.35,-1.14,	4.62,0,-1.015921,	5.78486,0.07961912,0.7361618,	Grasped	
4.58,-0.2738202,-0.9900004,	4.58,-0.2738202,-0.9900004,	4.73,-0.35,-1.14,	4.62,0,-1.015921,	5.78486,0.07961912,0.7361618,	Grasped	
4.58,-0.2738202,-0.9900004,	4.58,-0.2738202,-0.9900004,	4.73,-0.35,-1.14,	4.62,0,-1.015921,	5.78486,0.07961912,0.7361618,	Grasped	
4.58,-0.2738202,-0.9900004,	4.58,-0.2738202,-0.9900004,	4.73,-0.35,-1.14,	4.62,0,-1.015921,	5.78486,0.07961912,0.7361618,	Grasped	
4.58,-0.2738202,-0.9900004,	4.58,-0.2738202,-0.9900004,	4.73,-0.35,-1.14,	4.62,0,-1.015921,	5.78486,0.07961912,0.7361618,	Grasped	
4.58,-0.2738202,-0.9900004,	4.58,-0.2738202,-0.9900004,	4.73,-0.35,-1.14,	4.62,0,-1.015921,	5.78486,0.07961912,0.7361618,	Grasped	
4.58,-0.2738202,-0.9900004,	4.58,-0.2738202,-0.9900004,	4.73,-0.35,-1.14,	4.62,0,-1.015921,	5.78486,0.07961912,0.7361618,	Grasped	
4.58,-0.2738202,-0.9900004,	4.58,-0.2738202,-0.9900004,	4.73,-0.35,-1.14,	4.62,0,-1.015921,	5.78486,0.07961912,0.7361618,	Grasped	
4.58,-0.2738202,-0.9900004,	4.58,-0.2738202,-0.9900004,	4.73,-0.35,-1.14,	4.62,0,-1.015921,	5.78486,0.07961912,0.7361618,	Grasped	
4.58,-0.2738202,-0.9900004,	4.58,-0.2738202,-0.9900004,	4.73,-0.35,-1.14,	4.62,0,-1.015921,	5.78486,0.07961912,0.7361618,	Grasped	
4.58,-0.2738202,-0.9900004,	4.58,-0.2738202,-0.9900004,	4.73,-0.35,-1.14,	4.62,0,-1.015921,	5.78486,0.07961912,0.7361618,	Grasped	
4.58,-0.2738202,-0.9900004,	4.58,-0.2738202,-0.9900004,	4.73,-0.35,-1.14,	4.62,0,-1.015921,	5.78486,0.07961912,0.7361618,	Grasped	
4.58,-0.2738202,-0.9900004,	4.58,-0.2738202,-0.9900004,	4.73,-0.35,-1.14,	4.62,0,-1.015921,	5.78486,0.07961912,0.7361618,	Grasped	
4.58,-0.2738202,-0.9900004,	4.58,-0.2738202,-0.9900004,	4.73,-0.35,-1.14,	4.62,0,-1.015921,	5.78486,0.07961912,0.7361618,	Grasped	
4.58,-0.2738202,-0.9900004,	4.58,-0.2738202,-0.9900004,	4.73,-0.35,-1.14,	4.62,0,-1.015921,	5.78486,0.07961912,0.7361618,	Grasped	
4.58,0.1761798,-0.9900004,	4.58,0.1761798,-0.9900004,	4.73,0.1,-1.14,	4.62,0.45,-1.015921,	5.78486,0.07961912,0.7361618,	Grasped	
4.58,0.4461798,-0.9900004,	4.58,0.4461798,-0.9900004,	4.73,0.37,-1.14,	4.62,0.72,-1.015921,	5.78486,0.07961912,0.7361618,	Grasped	
4.58,0.7161798,-0.9900004,	4.58,0.7161798,-0.9900004,	4.73,0.64,-1.14,	4.62,0.99,-1.015921,	5.78486,0.07961912,0.7361618,	Grasped	
4.58,0.9161798,-0.9900004,	4.58,0.9161798,-0.9900004,	4.73,0.84,-1.14,	4.62,1.19,-1.015921,	5.78486,0.07961912,0.7361618,	Grasped	
4.58,1.07618,-0.9900004,	4.58,1.07618,-0.9900004,	4.73,1,-1.14,	4.62,1.35,-1.015921,	5.78486,0.07961912,0.7361618,	Grasped	
4.58,1.07618,-0.9900004,	4.58,1.07618,-0.9900004,	4.73,1,-1.14,	4.62,1.35,-1.015921,	5.78486,0.07961912,0.7361618,	Grasped	
4.58,1.07618,-0.9900004,	4.58,1.07618,-0.9900004,	4.73,1,-1.14,	4.62,1.35,-1.015921,	5.78486,0.07961912,0.7361618,	Grasped	
4.58,1.20618,-0.9900004,	4.58,1.20618,-0.9900004,	4.73,1.13,-1.14,	4.62,1.48,-1.015921,	5.78486,0.07961912,0.7361618,	Grasped	
4.58,1.33618,-0.9900004,	4.58,1.33618,-0.9900004,	4.73,1.26,-1.14,	4.62,1.61,-1.015921,	5.78486,0.07961912,0.7361618,	Grasped	
4.58,1.46618,-0.9900004,	4.58,1.46618,-0.9900004,	4.73,1.39,-1.14,	4.62,1.74,-1.015921,	5.78486,0.07961912,0.7361618,	Grasped	
4.58,1.55618,-0.9900004,	4.58,1.55618,-0.9900004,	4.73,1.48,-1.14,	4.62,1.83,-1.015921,	5.78486,0.07961912,0.7361618,	Grasped	
4.58,1.55618,-0.9900004,	4.58,1.55618,-0.9900004,	4.73,1.48,-1.14,	4.62,1.83,-1.015921,	5.78486,0.07961912,0.7361618,	Grasped	
4.58,1.64618,-0.9900004,	4.58,1.64618,-0.9900004,	4.73,1.57,-1.14,	4.62,1.92,-1.015921,	5.78486,0.07961912,0.7361618,	Grasped	
4.58,1.92618,-0.9900004,	4.58,1.92618,-0.9900004,	4.73,1.85,-1.14,	4.62,2.2,-1.015921,	5.78486,0.07961912,0.7361618,	Grasped	
4.58,2.07618,-0.9900004,	4.58,2.07618,-0.9900004,	4.73,2,-1.14,	4.62,2.35,-1.015921,	5.78486,0.07961912,0.7361618,	Grasped	
4.58,2.19618,-0.9900004,	4.58,2.19618,-0.9900004,	4.73,2.12,-1.14,	4.62,2.47,-1.015921,	5.78486,0.07961912,0.7361618,	Grasped	
4.58,2.37618,-0.9900004,	4.58,2.37618,-0.9900004,	4.73,2.3,-1.14,	4.62,2.65,-1.015921,	5.78486,0.07961912,0.7361618,	Grasped	
4.58,2.64618,-0.9900004,	4.58,2.64618,-0.9900004,	4.73,2.57,-1.14,	4.62,2.92,-1.015921,	5.78486,0.07961912,0.7361618,	Grasped	
4.58,2.81618,-0.9900004,	4.58,2.81618,-0.9900004,	4.73,2.74,-1.14,	4.62,3.09,-1.015921,	5.78486,0.07961912,0.7361618,	Grasped	
4.58,2.87618,-0.9900004,	4.58,2.87618,-0.9900004,	4.73,2.8,-1.14,	4.62,3.15,-1.015921,	5.78486,0.07961912,0.7361618,	Grasped	
4.58,2.90618,-0.9900004,	4.58,2.90618,-0.9900004,	4.73,2.83,-1.14,	4.62,3.18,-1.015921,	5.78486,0.07961912,0.7361618,	Grasped	
4.58,2.98618,-0.9900004,	4.58,2.98618,-0.9900004,	4.73,2.91,-1.14,	4.62,3.26,-1.015921,	5.78486,0.07961912,0.7361618,	Grasped	
4.58,3.07618,-0.9900004,	4.58,3.07618,-0.9900004,	4.73,3,-1.14,	4.62,3.35,-1.015921,	5.78486,0.07961912,0.7361618,	Grasped	
4.58,3.09618,-0.9900004,	4.58,3.09618,-0.9900004,	4.73,3.02,-1.14,	4.62,3.37,-1.015921,	5.78486,0.07961912,0.7361618,	Grasped	
4.58,3.09618,-0.9900004,	4.58,3.09618,-0.9900004,	4.73,3.02,-1.14,	4.62,3.37,-1.015921,	5.78486,0.07961912,0.7361618,	Grasped	
4.58,3.09618,-0.9900004,	4.58,3.09618,-0.9900004,	4.73,3.02,-1.14,	4.62,3.37,-1.015921,	5.78486,0.07961912,0.7361618,	Grasped	
4.58,3.09618,-0.9900004,	4.58,3.09618,-0.9900004,	4.73,3.02,-1.14,	4.62,3.37,-1.015921,	5.78486,0.07961912,0.7361618,	Grasped	
4.58,3.09618,-0.9900004,	4.58,3.09618,-0.9900004,	4.73,3.02,-1.14,	4.62,3.37,-1.015921,	5.78486,0.07961912,0.7361618,	Grasped	
4.58,3.09618,-0.9900004,	4.58,3.09618,-0.9900004,	4.73,3.02,-1.14,	4.62,3.37,-1.015921,	5.78486,0.07961912,0.7361618,	Grasped	
4.58,3.09618,-0.9900004,	4.58,3.09618,-0.9900004,	4.73,3.02,-1.14,	4.62,3.37,-1.015921,	5.78486,0.07961912,0.7361618,	Grasped	
4.58,3.09618,-0.9900004,	4.58,3.09618,-0.9900004,	4.73,3.02,-1.14,	4.62,3.37,-1.015921,	5.78486,0.07961912,0.7361618,	Grasped	
4.58,3.09618,-0.9900004,	4.58,3.09618,-0.9900004,	4.73,3.02,-1.14,	4.62,3.37,-1.015921,	5.78486,0.07961912,0.7361618,	Grasped	
4.58,3.09618,-0.9900004,	4.58,3.09618,-0.9900004,	4.73,3.02,-1.14,	4.62,3.37,-1.015921,	5.78486,0.07961912,0.7361618,	Grasped	
4.58,3.09618,-0.9900004,	4.58,3.09618,-0.9900004,	4.73,3.02,-1.14,	4.62,3.37,-1.015921,	5.78486,0.07961912,0.7361618,	Grasped	
4.58,3.09618,-0.9900004,	4.58,3.09618,-0.9900004,	4.73,3.02,-1.14,	4.62,3.37,-1.015921,	5.78486,0.07961912,0.7361618,	Grasped	
4.58,3.09618,-0.9900004,	4.58,3.09618,-0.9900004,	4.73,3.02,-1.14,	4.62,3.37,-1.015921,	5.78486,0.07961912,0.7361618,	Grasped	
4.58,3.09618,-0.9900004,	4.58,3.09618,-0.9900004,	4.73,3.02,-1.14,	4.62,3.37,-1.015921,	5.78486,0.07961912,0.7361618,	Grasped	
4.58,3.09618,-0.9900004,	4.58,3.09618,-0.9900004,	4.73,3.02,-1.14,	4.62,3.37,-1.015921,	5.78486,0.07961912,0.7361618,	Grasped	
4.58,3.09618,-0.9900004,	4.58,3.09618,-0.9900004,	4.73,3.02,-1.14,	4.62,3.37,-1.015921,	5.78486,0.07961912,0.7361618,	Grasped	
5.17,3.09618,-0.9900004,	5.17,3.09618,-0.9900004,	5.32,3.02,-1.14,	5.21,3.37,-1.015921,	5.78486,0.07961912,0.7361618,	Grasped	
5.3,3.09618,-0.9900004,	5.3,3.09618,-0.9900004,	5.45,3.02,-1.14,	5.34,3.37,-1.015921,	5.78486,0.07961912,0.7361618,	Grasped	
5.34,3.09618,-0.9900004,	5.34,3.09618,-0.9900004,	5.49,3.02,-1.14,	5.38,3.37,-1.015921,	5.78486,0.07961912,0.7361618,	Grasped	
5.39,3.09618,-0.9900004,	5.39,3.09618,-0.9900004,	5.54,3.02,-1.14,	5.43,3.37,-1.015921,	5.78486,0.07961912,0.7361618,	Grasped	
5.46,3.09618,-0.9900004,	5.46,3.09618,-0.9900004,	5.61,3.02,-1.14,	5.5,3.37,-1.015921,	5.78486,0.07961912,0.7361618,	Grasped	
5.49,3.09618,-0.9900004,	5.49,3.09618,-0.9900004,	5.64,3.02,-1.14,	5.53,3.37,-1.015921,	5.78486,0.07961912,0.7361618,	Grasped	
5.49,3.09618,-0.9900004,	5.49,3.09618,-0.9900004,	5.64,3.02,-1.14,	5.53,3.37,-1.015921,	5.78486,0.07961912,0.7361618,	Grasped	
5.43,3.09618,-0.9900004,	5.43,3.09618,-0.9900004,	5.58,3.02,-1.14,	5.47,3.37,-1.015921,	5.78486,0.07961912,0.7361618,	Grasped	
5.36,3.09618,-0.9900004,	5.36,3.09618,-0.9900004,	5.51,3.02,-1.14,	5.4,3.37,-1.015921,	5.78486,0.07961912,0.7361618,	Grasped	
5.26,3.09618,-0.9900004,	5.26,3.09618,-0.9900004,	5.41,3.02,-1.14,	5.3,3.37,-1.015921,	5.78486,0.07961912,0.7361618,	Grasped	
5.2,3.09618,-0.9900004,	5.2,3.09618,-0.9900004,	5.35,3.02,-1.14,	5.24,3.37,-1.015921,	5.78486,0.07961912,0.7361618,	Grasped	
5.1,3.09618,-0.9900004,	5.1,3.09618,-0.9900004,	5.25,3.02,-1.14,	5.14,3.37,-1.015921,	5.78486,0.07961912,0.7361618,	Grasped	
5.1,3.09618,-0.9900004,	5.1,3.09618,-0.9900004,	5.25,3.02,-1.14,	5.14,3.37,-1.015921,	5.78486,0.07961912,0.7361618,	Grasped	
5.1,3.09618,-0.9900004,	5.1,3.09618,-0.9900004,	5.25,3.02,-1.14,	5.14,3.37,-1.015921,	5.78486,0.07961912,0.7361618,	Grasped	
5.1,3.09618,-0.9900004,	5.1,3.09618,-0.9900004,	5.25,3.02,-1.14,	5.14,3.37,-1.015921,	5.78486,0.07961912,0.7361618,	Grasped	
5.1,3.09618,-0.9900004,	5.1,3.09618,-0.9900004,	5.25,3.02,-1.14,	5.14,3.37,-1.015921,	5.78486,0.07961912,0.7361618,	Grasped	
5.1,3.09618,-0.9900004,	5.1,3.09618,-0.9900004,	5.25,3.02,-1.14,	5.14,3.37,-1.015921,	5.78486,0.07961912,0.7361618,	Grasped	
5.1,3.09618,-0.9900004,	5.1,3.09618,-0.9900004,	5.25,3.02,-1.14,	5.14,3.37,-1.015921,	5.78486,0.07961912,0.7361618,	Grasped	
5.1,3.09618,-0.9900004,	5.1,3.09618,-0.9900004,	5.25,3.02,-1.14,	5.14,3.37,-1.015921,	5.78486,0.07961912,0.7361618,	Grasped	
5.1,3.09618,-0.9900004,	5.1,3.09618,-0.9900004,	5.25,3.02,-1.14,	5.14,3.37,-1.015921,	5.78486,0.07961912,0.7361618,	Grasped	
5.1,3.09618,-0.9900004,	5.1,3.09618,-0.9900004,	5.25,3.02,-1.14,	5.14,3.37,-1.015921,	5.78486,0.07961912,0.7361618,	Grasped	
5.1,3.09618,-0.9900004,	5.1,3.09618,-0.9900004,	5.25,3.02,-1.14,	5.14,3.37,-1.015921,	5.78486,0.07961912,0.7361618,	Grasped	
5.1,3.09618,-0.9900004,	5.1,3.09618,-0.9900004,	5.25,3.02,-1.14,	5.14,3.37,-1.015921,	5.78486,0.07961912,0.7361618,	Grasped	
5.1,3.09618,-0.9900004,	5.1,3.09618,-0.9900004,	5.25,3.02,-1.14,	5.14,3.37,-1.015921,	5.78486,0.07961912,0.7361618,	Grasped	
5.1,3.09618,-0.9900004,	5.1,3.09618,-0.9900004,	5.25,3.02,-1.14,	5.14,3.37,-1.015921,	5.78486,0.07961912,0.7361618,	Grasped	
5.1,3.09618,-0.9900004,	5.1,3.09618,-0.9900004,	5.25,3.02,-1.14,	5.14,3.37,-1.015921,	5.78486,0.07961912,0.7361618,	Grasped	
5.1,3.09618,-0.9900004,	5.1,3.09618,-0.9900004,	5.25,3.02,-1.14,	5.14,3.37,-1.015921,	5.78486,0.07961912,0.7361618,	Grasped	
5.1,3.09618,-0.9900004,	5.1,3.09618,-0.9900004,	5.25,3.02,-1.14,	5.14,3.37,-1.015921,	5.78486,0.07961912,0.7361618,	Grasped	
5.1,3.09618,-0.9900004,	5.1,3.09618,-0.9900004,	5.25,3.02,-1.14,	5.14,3.37,-1.015921,	5.78486,0.07961912,0.7361618,	Grasped	
5.1,3.09618,-0.9900004,	5.1,3.09618,-0.9900004,	5.25,3.02,-1.14,	5.14,3.37,-1.015921,	5.78486,0.07961912,0.7361618,	Grasped	
5.1,3.09618,-0.9900004,	5.1,3.09618,-0.9900004,	5.25,3.02,-1.14,	5.14,3.37,-1.015921,	5.78486,0.07961912,0.7361618,	Grasped	
5.1,3.09618,-0.9900004,	5.1,3.09618,-0.9900004,	5.25,3.02,-1.14,	5.14,3.37,-1.015921,	5.78486,0.07961912,0.7361618,	Grasped	
5.1,3.09618,-0.9900004,	5.1,3.09618,-0.9900004,	5.25,3.02,-1.14,	5.14,3.37,-1.015921,	5.78486,0.07961912,0.7361618,	Grasped	
5.1,3.09618,-0.9900004,	5.1,3.09618,-0.9900004,	5.25,3.02,-1.14,	5.14,3.37,-1.015921,	5.78486,0.07961912,0.7361618,	Grasped	
5.1,3.09618,-0.9900004,	5.1,3.09618,-0.9900004,	5.25,3.02,-1.14,	5.14,3.37,-1.015921,	5.78486,0.07961912,0.7361618,	Grasped	
5.1,3.09618,-0.9900004,	5.1,3.09618,-0.9900004,	5.25,3.02,-1.14,	5.14,3.37,-1.015921,	5.78486,0.07961912,0.7361618,	Grasped	
5.1,3.09618,-0.9900004,	5.1,3.09618,-0.9900004,	5.25,3.02,-1.14,	5.14,3.37,-1.015921,	5.78486,0.07961912,0.7361618,	Grasped	
5.1,3.09618,-0.9900004,	5.1,3.09618,-0.9900004,	5.25,3.02,-1.14,	5.14,3.37,-1.015921,	5.78486,0.07961912,0.7361618,	Grasped	
5.1,3.09618,-0.9900004,	5.1,3.09618,-0.9900004,	5.25,3.02,-1.14,	5.14,3.37,-1.015921,	5.78486,0.07961912,0.7361618,	Grasped	
5.1,3.09618,-0.9900004,	5.1,3.09618,-0.9900004,	5.25,3.02,-1.14,	5.14,3.37,-1.015921,	5.78486,0.07961912,0.7361618,	Grasped	
5.1,3.09618,-0.9900004,	5.1,3.09618,-0.9900004,	5.25,3.02,-1.14,	5.14,3.37,-1.015921,	5.78486,0.07961912,0.7361618,	Grasped	
5.1,3.09618,-0.9900004,	5.1,3.09618,-0.9900004,	5.25,3.02,-1.14,	5.14,3.37,-1.015921,	5.78486,0.07961912,0.7361618,	Grasped	
5.1,3.09618,-0.9900004,	5.1,3.09618,-0.9900004,	5.25,3.02,-1.14,	5.14,3.37,-1.015921,	5.78486,0.07961912,0.7361618,	Grasped	
5.1,3.09618,-0.9900004,	5.1,3.09618,-0.9900004,	5.25,3.02,-1.14,	5.14,3.37,-1.015921,	5.78486,0.07961912,0.7361618,	Grasped	
5.1,3.09618,-0.9900004,	5.1,3.09618,-0.9900004,	5.25,3.02,-1.14,	5.14,3.37,-1.015921,	5.78486,0.07961912,0.7361618,	Grasped	
5.1,3.09618,-0.9900004,	5.1,3.09618,-0.9900004,	5.25,3.02,-1.14,	5.14,3.37,-1.015921,	5.78486,0.07961912,0.7361618,	Grasped	
5.1,3.09618,-0.9900004,	5.1,3.09618,-0.9900004,	5.25,3.02,-1.14,	5.14,3.37,-1.015921,	5.78486,0.07961912,0.7361618,	Grasped	
5.1,3.09618,-0.9900004,	5.1,3.09618,-0.9900004,	5.25,3.02,-1.14,	5.14,3.37,-1.015921,	5.78486,0.07961912,0.7361618,	Grasped	
5.1,3.09618,-0.9900004,	5.1,3.09618,-0.9900004,	5.25,3.02,-1.14,	5.14,3.37,-1.015921,	5.78486,0.07961912,0.7361618,	Grasped	
5.1,3.09618,-0.9900004,	5.1,3.09618,-0.9900004,	5.25,3.02,-1.14,	5.14,3.37,-1.015921,	5.78486,0.07961912,0.7361618,	Grasped	
5.1,3.09618,-0.9900004,	5.1,3.09618,-0.9900004,	5.25,3.02,-1.14,	5.14,3.37,-1.015921,	5.78486,0.07961912,0.7361618,	Grasped	
5.1,3.09618,-0.9900004,	5.1,3.09618,-0.9900004,	5.25,3.02,-1.14,	5.14,3.37,-1.015921,	5.78486,0.07961912,0.7361618,	Grasped	
5.1,3.09618,-0.9900004,	5.1,3.09618,-0.9900004,	5.25,3.02,-1.14,	5.14,3.37,-1.015921,	5.78486,0.07961912,0.7361618,	Grasped	
5.1,3.09618,-0.3180004,	5.1,3.09618,-0.3180004,	5.25,3.02,-0.468,	5.14,3.37,-0.3439206,	5.78486,0.07961912,0.7361618,	Grasped	
5.1,3.09618,-0.3180004,	5.1,3.09618,-0.3180004,	5.25,3.02,-0.468,	5.14,3.37,-0.3439206,	5.78486,0.07961912,0.7361618,	Grasped	
5.1,3.09618,-0.3180004,	5.1,3.09618,-0.3180004,	5.25,3.02,-0.468,	5.14,3.37,-0.3439206,	5.78486,0.07961912,0.7361618,	Grasped	
5.1,3.09618,-0.3180004,	5.1,3.09618,-0.3180004,	5.25,3.02,-0.468,	5.14,3.37,-0.3439206,	5.78486,0.07961912,0.7361618,	Grasped	
5.1,3.09618,-0.3180004,	5.1,3.09618,-0.3180004,	5.25,3.02,-0.468,	5.14,3.37,-0.3439206,	5.78486,0.07961912,0.7361618,	Grasped	
5.1,3.09618,-0.3180004,	5.1,3.09618,-0.3180004,	5.25,3.02,-0.468,	5.14,3.37,-0.3439206,	5.78486,0.07961912,0.7361618,	Grasped	
5.1,3.09618,-0.3180004,	5.1,3.09618,-0.3180004,	5.25,3.02,-0.468,	5.14,3.37,-0.3439206,	5.78486,0.07961912,0.7361618,	Grasped	
5.1,3.09618,-0.3180004,	5.1,3.09618,-0.3180004,	5.25,3.02,-0.468,	5.14,3.37,-0.3439206,	5.78486,0.07961912,0.7361618,	Grasped	
5.1,3.09618,-0.3180004,	5.1,3.09618,-0.3180004,	5.25,3.02,-0.468,	5.14,3.37,-0.3439206,	5.78486,0.07961912,0.7361618,	Grasped	
5.1,3.09618,-0.3180004,	5.1,3.09618,-0.3180004,	5.25,3.02,-0.468,	5.14,3.37,-0.3439206,	5.78486,0.07961912,0.7361618,	Grasped	
5.1,3.09618,-0.3180004,	5.1,3.09618,-0.3180004,	5.25,3.02,-0.468,	5.14,3.37,-0.3439206,	5.78486,0.07961912,0.7361618,	Grasped	
5.1,3.09618,-0.3180004,	5.1,3.09618,-0.3180004,	5.25,3.02,-0.468,	5.14,3.37,-0.3439206,	5.78486,0.07961912,0.7361618,	Grasped	
5.1,3.09618,-0.3180004,	5.1,3.09618,-0.3180004,	5.25,3.02,-0.468,	5.14,3.37,-0.3439206,	5.78486,0.07961912,0.7361618,	Grasped	
5.1,3.09618,-0.3180004,	5.1,3.09618,-0.3180004,	5.25,3.02,-0.468,	5.14,3.37,-0.3439206,	5.78486,0.07961912,0.7361618,	Grasped	
5.1,3.09618,-0.3180004,	5.1,3.09618,-0.3180004,	5.25,3.02,-0.468,	5.14,3.37,-0.3439206,	5.78486,0.07961912,0.7361618,	Grasped	
5.1,3.09618,-0.3180004,	5.1,3.09618,-0.3180004,	5.25,3.02,-0.468,	5.14,3.37,-0.3439206,	5.78486,0.07961912,0.7361618,	Grasped	
5.1,3.09618,-0.3180004,	5.1,3.09618,-0.3180004,	5.25,3.02,-0.468,	5.14,3.37,-0.3439206,	5.78486,0.07961912,0.7361618,	Grasped	
5.1,3.09618,-0.3180004,	5.1,3.09618,-0.3180004,	5.25,3.02,-0.468,	5.14,3.37,-0.3439206,	5.78486,0.07961912,0.7361618,	Grasped	
5.1,3.09618,-0.3180004,	5.1,3.09618,-0.3180004,	5.25,3.02,-0.468,	5.14,3.37,-0.3439206,	5.78486,0.07961912,0.7361618,	Grasped	
5.1,3.09618,-0.3180004,	5.1,3.09618,-0.3180004,	5.25,3.02,-0.468,	5.14,3.37,-0.3439206,	5.78486,0.07961912,0.7361618,	Grasped	
5.1,3.09618,-0.3180004,	5.1,3.09618,-0.3180004,	5.25,3.02,-0.468,	5.14,3.37,-0.3439206,	5.78486,0.07961912,0.7361618,	Grasped	
5.1,3.09618,-0.3180004,	5.1,3.09618,-0.3180004,	5.25,3.02,-0.468,	5.14,3.37,-0.3439206,	5.78486,0.07961912,0.7361618,	Grasped	
5.1,3.09618,-0.3180004,	5.1,3.09618,-0.3180004,	5.25,3.02,-0.468,	5.14,3.37,-0.3439206,	5.78486,0.07961912,0.7361618,	Grasped	
5.1,3.09618,-0.3180004,	5.1,3.09618,-0.3180004,	5.25,3.02,-0.468,	5.14,3.37,-0.3439206,	5.78486,0.07961912,0.7361618,	Grasped	
5.1,3.09618,-0.3180004,	5.1,3.09618,-0.3180004,	5.25,3.02,-0.468,	5.14,3.37,-0.3439206,	5.78486,0.07961912,0.7361618,	Grasped	
5.1,3.09618,-0.3180004,	5.1,3.09618,-0.3180004,	5.25,3.02,-0.468,	5.14,3.37,-0.3439206,	5.78486,0.07961912,0.7361618,	Grasped	
5.1,3.09618,-0.3180004,	5.1,3.09618,-0.3180004,	5.25,3.02,-0.468,	5.14,3.37,-0.3439206,	5.78486,0.07961912,0.7361618,	Grasped	
5.1,3.09618,-0.3180004,	5.1,3.09618,-0.3180004,	5.25,3.02,-0.468,	5.14,3.37,-0.3439206,	5.78486,0.07961912,0.7361618,	Grasped	
5.1,3.09618,-0.3180004,	5.1,3.09618,-0.3180004,	5.25,3.02,-0.468,	5.14,3.37,-0.3439206,	5.78486,0.07961912,0.7361618,	Grasped	
5.1,3.09618,-0.3180004,	5.1,3.09618,-0.3180004,	5.25,3.02,-0.468,	5.14,3.37,-0.3439206,	5.78486,0.07961912,0.7361618,	Grasped	
5.1,3.09618,-0.3180004,	5.1,3.09618,-0.3180004,	5.25,3.02,-0.468,	5.14,3.37,-0.3439206,	5.78486,0.07961912,0.7361618,	Grasped	
5.1,3.09618,-0.3180004,	5.1,3.09618,-0.3180004,	5.25,3.02,-0.468,	5.14,3.37,-0.3439206,	5.78486,0.07961912,0.7361618,	Grasped	
5.1,3.09618,-0.3180004,	5.1,3.09618,-0.3180004,	5.25,3.02,-0.468,	5.14,3.37,-0.3439206,	5.78486,0.07961912,0.7361618,	Grasped	
5.1,3.09618,-0.3180004,	5.1,3.09618,-0.3180004,	5.25,3.02,-0.468,	5.14,3.37,-0.3439206,	5.78486,0.07961912,0.7361618,	Grasped	
5.1,3.09618,-0.3180004,	5.1,3.09618,-0.3180004,	5.25,3.02,-0.468,	5.14,3.37,-0.3439206,	5.78486,0.07961912,0.7361618,	Grasped	
5.1,3.09618,-0.3180004,	5.1,3.09618,-0.3180004,	5.25,3.02,-0.468,	5.14,3.37,-0.3439206,	5.78486,0.07961912,0.7361618,	Grasped	
5.1,3.09618,-0.3180004,	5.1,3.09618,-0.3180004,	5.25,3.02,-0.468,	5.14,3.37,-0.3439206,	5.78486,0.07961912,0.7361618,	Grasped	
5.1,3.09618,-0.3180004,	5.1,3.09618,-0.3180004,	5.25,3.02,-0.468,	5.14,3.37,-0.3439206,	5.78486,0.07961912,0.7361618,	Grasped	
5.1,3.09618,-0.3180004,	5.1,3.09618,-0.3180004,	5.25,3.02,-0.468,	5.14,3.37,-0.3439206,	5.78486,0.07961912,0.7361618,	Grasped	
5.1,3.09618,-0.3180004,	5.1,3.09618,-0.3180004,	5.25,3.02,-0.468,	5.14,3.37,-0.3439206,	5.78486,0.07961912,0.7361618,	Grasped	
5.1,3.09618,-0.3180004,	5.1,3.09618,-0.3180004,	5.25,3.02,-0.468,	5.14,3.37,-0.3439206,	5.78486,0.07961912,0.7361618,	Grasped	
5.1,3.09618,-0.3180004,	5.1,3.09618,-0.3180004,	5.25,3.02,-0.468,	5.14,3.37,-0.3439206,	5.78486,0.07961912,0.7361618,	Grasped	
5.1,3.09618,-0.3180004,	5.1,3.09618,-0.3180004,	5.25,3.02,-0.468,	5.14,3.37,-0.3439206,	5.78486,0.07961912,0.7361618,	Grasped	
5.1,3.09618,-0.3180004,	5.1,3.09618,-0.3180004,	5.25,3.02,-0.468,	5.14,3.37,-0.3439206,	5.78486,0.07961912,0.7361618,	Grasped	
5.091834,3.077332,-0.3180004,	5.091834,3.077332,-0.3180004,	5.25,3.02,-0.468,	5.14,3.37,-0.3439206,	5.78486,0.07961912,0.7361618,	Grasped	
5.091834,3.077332,-0.3180004,	5.091834,3.077332,-0.3180004,	5.25,3.02,-0.468,	5.14,3.37,-0.3439206,	5.78486,0.07961912,0.7361618,	Grasped	
5.091834,3.077332,-0.3180004,	5.091834,3.077332,-0.3180004,	5.25,3.02,-0.468,	5.14,3.37,-0.3439206,	5.78486,0.07961912,0.7361618,	Grasped	
5.091834,3.077332,-0.3180004,	5.091834,3.077332,-0.3180004,	5.25,3.02,-0.468,	5.14,3.37,-0.3439206,	5.78486,0.07961912,0.7361618,	Grasped	
5.127111,2.905101,-0.3180004,	5.127111,2.905101,-0.3180004,	5.25,3.02,-0.468,	5.14,3.37,-0.3439206,	5.78486,0.07961912,0.7361618,	Grasped	
5.127111,2.905101,-0.3180004,	5.127111,2.905101,-0.3180004,	5.25,3.02,-0.468,	5.14,3.37,-0.3439206,	5.78486,0.07961912,0.7361618,	TrialActionEnded	
