ThumbPosition	IndexPosition	PalmPosition	ObjectPosition	GazePosition	Annotations	GazeAnnotations	
-0.140625:3.65625:-25.87061	0.3427734:2.843262:-24.76318	1.015137:2.289551:-30.52441	1.168945:8.068359:-12.15967	-0.411519:14.37676:-36.18227	Start	Bottle	
-0.0703125:3.722168:-25.9541	0.3295898:2.834473:-24.78076	1.023926:2.276367:-30.52441	1.168945:8.068359:-12.15967	-0.4539147:14.56382:-36.89606	Start	Bottle	
-0.0703125:3.722168:-25.9541	0.3295898:2.834473:-24.78076	1.023926:2.276367:-30.52441	1.168945:8.068359:-12.15967	-0.4162675:14.42327:-36.35777	Start	Bottle	
-0.0703125:3.722168:-25.9541	0.3295898:2.834473:-24.78076	1.023926:2.276367:-30.52441	1.168945:8.068359:-12.15967	-0.4079836:14.39321:-36.22444	Start	Bottle	
-0.004394531:3.757324:-26.0376	0.2900391:2.830078:-24.78955	1.02832:2.263184:-30.52002	1.168945:8.068359:-12.15967	-0.4521865:14.59444:-36.9947	Start	Bottle	
-0.004394531:3.757324:-26.0376	0.2900391:2.830078:-24.78955	1.02832:2.263184:-30.52002	1.168945:8.068359:-12.15967	-0.4675356:14.67321:-37.29876	Start	Bottle	
-0.004394531:3.757324:-26.0376	0.2900391:2.830078:-24.78955	1.02832:2.263184:-30.52002	1.168945:8.068359:-12.15967	-0.4804019:14.71283:-37.45455	Start	Bottle	
0.06152344:3.823242:-26.08594	0.2636719:2.838867:-24.79834	1.032715:2.25:-30.52441	1.168945:8.068359:-12.15967	-0.4086185:14.39341:-36.21657	Start	Bottle	
0.06152344:3.823242:-26.08594	0.2636719:2.838867:-24.79834	1.032715:2.25:-30.52441	1.168945:8.068359:-12.15967	-0.3024559:13.91207:-34.35608	Start	Bottle	
0.06152344:3.823242:-26.08594	0.2636719:2.838867:-24.79834	1.032715:2.25:-30.52441	1.168945:8.068359:-12.15967	-0.339707:14.06602:-34.96634	Start	Bottle	
0.06152344:3.823242:-26.08594	0.2636719:2.838867:-24.79834	1.032715:2.25:-30.52441	1.168945:8.068359:-12.15967	-0.3382:14.07098:-34.98558	Start	Bottle	
0.05273438:3.854004:-26.10791	0.2329102:2.852051:-24.79834	1.032715:2.236816:-30.52002	1.168945:8.068359:-12.15967	-0.3478522:14.13924:-35.24535	Start	Bottle	
0.05273438:3.854004:-26.10791	0.2329102:2.852051:-24.79834	1.032715:2.236816:-30.52002	1.168945:8.068359:-12.15967	-0.2106073:13.47313:-32.77084	Start	Bottle	
0.05273438:3.854004:-26.10791	0.2329102:2.852051:-24.79834	1.032715:2.236816:-30.52002	1.168945:8.068359:-12.15967	-0.5079265:14.56684:-37.26426	Start	Bottle	
0.05273438:3.854004:-26.10791	0.2329102:2.852051:-24.79834	1.032715:2.236816:-30.52002	1.168945:8.068359:-12.15967	-0.4554528:14.05194:-36.21483	Start	Bottle	
0.08349609:3.854004:-26.15625	0.2329102:2.856445:-24.81592	1.037109:2.223633:-30.51563	1.168945:8.068359:-12.15967	-0.4884701:14.02145:-36.36303	Start	Bottle	
0.08349609:3.854004:-26.15625	0.2329102:2.856445:-24.81592	1.037109:2.223633:-30.51563	1.168945:8.068359:-12.15967	-0.5199497:14.40315:-37.16164	Start	Bottle	
0.08349609:3.854004:-26.15625	0.2329102:2.856445:-24.81592	1.037109:2.223633:-30.51563	1.168945:8.068359:-12.15967	-0.529438:14.45228:-37.28245	Start	Bottle	
0.1142578:3.788086:-26.24414	0.2373047:2.895996:-24.79834	1.067871:2.179688:-30.41016	1.168945:8.068359:-12.15967	-0.5037749:14.60645:-37.6228	Start	Bottle	
0.1142578:3.788086:-26.24414	0.2373047:2.895996:-24.79834	1.067871:2.179688:-30.41016	1.168945:8.068359:-12.15967	-0.5034602:14.61265:-37.63599	Start	Bottle	
0.1142578:3.788086:-26.24414	0.2373047:2.895996:-24.79834	1.067871:2.179688:-30.41016	1.168945:8.068359:-12.15967	-0.4988924:14.57298:-37.55188	Start	Bottle	
0.1142578:3.788086:-26.24414	0.2373047:2.895996:-24.79834	1.067871:2.179688:-30.41016	1.168945:8.068359:-12.15967	-0.5021329:14.57246:-37.54736	Start	Bottle	
-0.3823242:3.546387:-25.87061	0.5712891:3.177246:-24.20068	1.015137:2.535645:-29.69824	1.168945:8.068359:-12.15967	-0.4681127:14.28155:-36.92844	Start	Bottle	
-0.3823242:3.546387:-25.87061	0.5712891:3.177246:-24.20068	1.015137:2.535645:-29.69824	1.168945:8.068359:-12.15967	-0.4383006:14.07656:-36.48932	Start	Bottle	
-0.3823242:3.546387:-25.87061	0.5712891:3.177246:-24.20068	1.015137:2.535645:-29.69824	1.168945:8.068359:-12.15967	-0.5322396:14.83365:-38.10958	Start	Bottle	
-0.3823242:3.546387:-25.87061	0.5712891:3.177246:-24.20068	1.015137:2.535645:-29.69824	1.168945:8.068359:-12.15967	-0.4788608:14.38859:-37.18531	Start	Bottle	
-0.8525391:3.585938:-24.40723	1.248047:3.977051:-22.80762	1.094238:3.449707:-28.19531	1.164551:8.068359:-12.15967	-0.4682451:14.309:-37.01525	Start	Bottle	
-0.8525391:3.585938:-24.40723	1.248047:3.977051:-22.80762	1.094238:3.449707:-28.19531	1.164551:8.068359:-12.15967	-0.4680965:14.33383:-37.05545	Start	Bottle	
-0.8525391:3.585938:-24.40723	1.248047:3.977051:-22.80762	1.094238:3.449707:-28.19531	1.164551:8.068359:-12.15967	-0.4547238:14.23925:-36.85106	Start	Bottle	
-1.059082:4.324219:-22.22754	1.867676:4.855957:-20.80811	1.340332:4.456055:-26.23535	1.164551:8.068359:-12.15967	-0.4687403:14.32051:-37.01645	ReachForBottle	Bottle	
-1.059082:4.324219:-22.22754	1.867676:4.855957:-20.80811	1.340332:4.456055:-26.23535	1.164551:8.068359:-12.15967	-0.4615122:14.25093:-36.86583	ReachForBottle	Bottle	
-1.059082:4.324219:-22.22754	1.867676:4.855957:-20.80811	1.340332:4.456055:-26.23535	1.164551:8.068359:-12.15967	-0.4510578:14.20629:-36.75312	ReachForBottle	Bottle	
-1.059082:4.324219:-22.22754	1.867676:4.855957:-20.80811	1.340332:4.456055:-26.23535	1.164551:8.068359:-12.15967	-0.4466215:14.18056:-36.70255	ReachForBottle	Bottle	
-1.125:5.119629:-19.58643	2.430176:5.77002:-18.47461	1.450195:4.688965:-24.01172	1.164551:8.068359:-12.15967	-0.446536:14.14325:-36.61513	ReachForBottle	Bottle	
-1.125:5.119629:-19.58643	2.430176:5.77002:-18.47461	1.450195:4.688965:-24.01172	1.164551:8.068359:-12.15967	-0.4622464:14.2869:-36.90945	ReachForBottle	Bottle	
-1.125:5.119629:-19.58643	2.430176:5.77002:-18.47461	1.450195:4.688965:-24.01172	1.164551:8.068359:-12.15967	-0.4998949:14.61468:-37.64754	ReachForBottle	Bottle	
-0.9580078:5.642578:-17.12988	2.931152:6.253418:-16.3125	1.472168:4.91748:-21.76611	1.164551:8.068359:-12.15967	-0.5149342:14.72169:-37.86197	ReachForBottle	Bottle	
-0.9580078:5.642578:-17.12988	2.931152:6.253418:-16.3125	1.472168:4.91748:-21.76611	1.164551:8.068359:-12.15967	-0.5180162:14.75011:-37.92583	ReachForBottle	Bottle	
-0.9580078:5.642578:-17.12988	2.931152:6.253418:-16.3125	1.472168:4.91748:-21.76611	1.164551:8.068359:-12.15967	-0.5232057:14.78431:-37.98615	ReachForBottle	Bottle	
-0.8305664:5.752441:-15.271	3.133301:6.534668:-14.68213	1.432617:5.154785:-20.02148	1.164551:8.068359:-12.15967	-0.5241256:14.8013:-38.02353	ReachForBottle	Bottle	
-0.8305664:5.752441:-15.271	3.133301:6.534668:-14.68213	1.432617:5.154785:-20.02148	1.164551:8.068359:-12.15967	-0.5260064:14.81831:-38.04826	ReachForBottle	Bottle	
-0.8305664:5.752441:-15.271	3.133301:6.534668:-14.68213	1.432617:5.154785:-20.02148	1.164551:8.068359:-12.15967	-0.4922039:14.57537:-37.54787	ReachForBottle	Bottle	
-0.8041992:5.699707:-14.0625	3.168457:6.65332:-13.59668	1.349121:5.255859:-18.87891	1.164551:8.068359:-12.15967	-0.5221738:14.78799:-38.00641	ReachForBottle	Bottle	
-0.8041992:5.699707:-14.0625	3.168457:6.65332:-13.59668	1.349121:5.255859:-18.87891	1.164551:8.068359:-12.15967	-0.5070412:14.67028:-37.74464	ReachForBottle	Bottle	
-0.8041992:5.699707:-14.0625	3.168457:6.65332:-13.59668	1.349121:5.255859:-18.87891	1.164551:8.068359:-12.15967	-0.5265121:14.81148:-38.03189	ReachForBottle	Bottle	
-0.8041992:5.699707:-14.0625	3.168457:6.65332:-13.59668	1.349121:5.255859:-18.87891	1.164551:8.068359:-12.15967	-0.5208664:14.76483:-37.93906	ReachForBottle	Bottle	
-0.8305664:5.550293:-13.23193	3.067383:6.767578:-12.84082	1.252441:5.260254:-18.08789	1.164551:8.068359:-12.15527	-0.524569:14.79567:-37.99992	ReachForBottle	Bottle	
-0.8305664:5.550293:-13.23193	3.067383:6.767578:-12.84082	1.252441:5.260254:-18.08789	1.164551:8.068359:-12.15527	-0.524888:14.81997:-38.04369	ReachForBottle	Hand	
-0.8305664:5.550293:-13.23193	3.067383:6.767578:-12.84082	1.252441:5.260254:-18.08789	1.164551:8.068359:-12.15527	-0.5243784:14.81489:-38.03262	ReachForBottle	Bottle	
-0.8305664:5.550293:-13.23193	3.067383:6.767578:-12.84082	1.252441:5.260254:-18.08789	1.164551:8.068359:-12.15527	-0.5125731:14.7432:-37.87121	ReachForBottle	Hand	
-0.7954102:5.378906:-12.68262	2.961914:6.736816:-12.35303	1.151367:5.137207:-17.57373	0.9316406:8.050781:-11.92236	-0.5323734:14.84468:-38.09155	Grasped	Bottle	
-0.7954102:5.378906:-12.68262	2.961914:6.736816:-12.35303	1.151367:5.137207:-17.57373	0.9316406:8.050781:-11.92236	-0.5137277:14.71442:-37.80949	Grasped	Hand	
-0.7954102:5.378906:-12.68262	2.961914:6.736816:-12.35303	1.151367:5.137207:-17.57373	0.9316406:8.050781:-11.92236	-0.5323833:14.87655:-38.16041	Grasped	Hand	
-0.4526367:5.106445:-12.28711	2.891602:6.631348:-12.04541	1.094238:4.970215:-17.27051	0.8173828:8.028809:-11.70264	-0.3613147:14.58543:-37.52324	Grasped	Default	
-0.4526367:5.106445:-12.28711	2.891602:6.631348:-12.04541	1.094238:4.970215:-17.27051	0.8173828:8.028809:-11.70264	-0.4670871:14.83984:-38.07498	Grasped	CupRight	
-0.4526367:5.106445:-12.28711	2.891602:6.631348:-12.04541	1.094238:4.970215:-17.27051	0.8173828:8.028809:-11.70264	-0.3989035:14.71686:-37.80178	Grasped	Default	
-0.2724609:4.87793:-12.24316	2.856445:6.508301:-11.98828	1.089844:4.87793:-17.23975	1.001953:8.05957:-11.9707	-0.3982706:14.73413:-37.8465	Grasped	CupRight	
-0.2724609:4.87793:-12.24316	2.856445:6.508301:-11.98828	1.089844:4.87793:-17.23975	1.001953:8.05957:-11.9707	-0.3440205:14.65882:-37.6844	Grasped	CupRight	
-0.2724609:4.87793:-12.24316	2.856445:6.508301:-11.98828	1.089844:4.87793:-17.23975	1.001953:8.05957:-11.9707	1.550988:12.09498:-32.02061	Grasped	CupRight	
-0.2724609:4.87793:-12.24316	2.856445:6.508301:-11.98828	1.089844:4.87793:-17.23975	1.001953:8.05957:-11.9707	-0.4314283:14.77727:-37.93683	Grasped	CupRight	
-0.03955078:4.992188:-12.62109	2.979492:6.56543:-12.38818	1.182129:4.833984:-17.60449	1.226074:8.195801:-12.55957	-0.3465018:14.67923:-37.72506	Grasped	CupRight	
-0.03955078:4.992188:-12.62109	2.979492:6.56543:-12.38818	1.182129:4.833984:-17.60449	1.226074:8.195801:-12.55957	-0.1877158:14.41451:-37.1345	Grasped	CupRight	
-0.03955078:4.992188:-12.62109	2.979492:6.56543:-12.38818	1.182129:4.833984:-17.60449	1.226074:8.195801:-12.55957	-0.5239561:14.90706:-38.21858	Grasped	CupRight	
-0.03955078:4.992188:-12.62109	2.979492:6.56543:-12.38818	1.182129:4.833984:-17.60449	1.226074:8.195801:-12.55957	-0.5239452:14.90571:-38.2183	Grasped	CupRight	
0.3867188:5.172363:-13.27588	3.309082:6.789551:-13.14844	1.467773:4.825195:-18.29004	1.59082:8.415527:-13.35059	-0.5091887:14.88595:-38.17537	Grasped	CupRight	
0.3867188:5.172363:-13.27588	3.309082:6.789551:-13.14844	1.467773:4.825195:-18.29004	1.59082:8.415527:-13.35059	-0.4772338:14.84151:-38.0829	Grasped	CupRight	
0.3867188:5.172363:-13.27588	3.309082:6.789551:-13.14844	1.467773:4.825195:-18.29004	1.59082:8.415527:-13.35059	-0.4634855:14.8236:-38.04336	Grasped	CupRight	
1.234863:5.34375:-14.02295	4.060547:7.018066:-14.0625	2.047852:4.869141:-19.00635	2.302734:8.604492:-14.146	-0.39105:14.72708:-37.83117	Grasped	CupRight	
1.234863:5.34375:-14.02295	4.060547:7.018066:-14.0625	2.047852:4.869141:-19.00635	2.302734:8.604492:-14.146	-0.466941:14.83801:-38.05238	Grasped	CupRight	
1.234863:5.34375:-14.02295	4.060547:7.018066:-14.0625	2.047852:4.869141:-19.00635	2.302734:8.604492:-14.146	-0.2114203:14.54218:-37.25439	Grasped	CupRight	
1.234863:5.34375:-14.02295	4.060547:7.018066:-14.0625	2.047852:4.869141:-19.00635	2.302734:8.604492:-14.146	-0.3864892:14.76105:-37.84816	Grasped	CupRight	
2.390625:5.541504:-14.59863	5.181152:7.211426:-14.84033	2.904785:5.031738:-19.61279	3.414551:8.81543:-14.77881	-0.2855978:14.65182:-37.55751	Grasped	CupRight	
2.390625:5.541504:-14.59863	5.181152:7.211426:-14.84033	2.904785:5.031738:-19.61279	3.414551:8.81543:-14.77881	-0.2300673:14.59352:-37.41948	Grasped	CupRight	
2.390625:5.541504:-14.59863	5.181152:7.211426:-14.84033	2.904785:5.031738:-19.61279	3.414551:8.81543:-14.77881	-0.3537429:14.71352:-37.73884	Grasped	CupRight	
3.629883:5.783203:-15.0249	6.314941:7.584961:-15.40283	3.845215:5.39209:-20.06543	4.5:9.09668:-15.17871	-0.3439238:14.68369:-37.64933	Grasped	CupRight	
3.629883:5.783203:-15.0249	6.314941:7.584961:-15.40283	3.845215:5.39209:-20.06543	4.5:9.09668:-15.17871	0.2996597:13.98087:-35.76615	Grasped	CupRight	
3.629883:5.783203:-15.0249	6.314941:7.584961:-15.40283	3.845215:5.39209:-20.06543	4.5:9.09668:-15.17871	-0.1465504:14.52172:-37.18398	Grasped	CupRight	
3.629883:5.783203:-15.0249	6.314941:7.584961:-15.40283	3.845215:5.39209:-20.06543	4.5:9.09668:-15.17871	-0.1118005:14.48705:-37.08857	Grasped	CupRight	
4.930664:5.937012:-15.40723	7.259766:8.208984:-15.73242	4.772461:5.994141:-20.43457	5.370117:9.360352:-15.22705	0.02725261:14.3446:-36.69537	Grasped	CupRight	
4.930664:5.937012:-15.40723	7.259766:8.208984:-15.73242	4.772461:5.994141:-20.43457	5.370117:9.360352:-15.22705	0.7940116:13.45936:-34.34955	Grasped	Bottle	
4.930664:5.937012:-15.40723	7.259766:8.208984:-15.73242	4.772461:5.994141:-20.43457	5.370117:9.360352:-15.22705	-0.4624945:14.84365:-38.03484	Grasped	Bottle	
6.073242:5.853516:-15.72803	7.875:8.608887:-15.74121	5.581055:6.596191:-20.6499	5.950195:9.307617:-14.98096	2.412716:11.64103:-29.34709	Grasped	Bottle	
6.073242:5.853516:-15.72803	7.875:8.608887:-15.74121	5.581055:6.596191:-20.6499	5.950195:9.307617:-14.98096	0.2935556:14.0561:-35.89596	Grasped	Bottle	
6.073242:5.853516:-15.72803	7.875:8.608887:-15.74121	5.581055:6.596191:-20.6499	5.950195:9.307617:-14.98096	0.2080426:14.1472:-36.10237	Grasped	Bottle	
6.073242:5.853516:-15.72803	7.875:8.608887:-15.74121	5.581055:6.596191:-20.6499	5.950195:9.307617:-14.98096	0.03186446:14.33536:-36.65094	Grasped	Bottle	
7.237793:5.655762:-16.0752	8.586914:8.617676:-15.61377	6.358887:7.092773:-20.72461	6.763184:8.876953:-14.66016	1.106142:13.13672:-33.37504	Grasped	Bottle	
7.237793:5.655762:-16.0752	8.586914:8.617676:-15.61377	6.358887:7.092773:-20.72461	6.763184:8.876953:-14.66016	1.674639:12.50474:-31.67982	Grasped	Bottle	
7.237793:5.655762:-16.0752	8.586914:8.617676:-15.61377	6.358887:7.092773:-20.72461	6.763184:8.876953:-14.66016	-0.433728:14.80923:-37.95142	Grasped	CupRight	
7.237793:5.655762:-16.0752	8.586914:8.617676:-15.61377	6.358887:7.092773:-20.72461	6.763184:8.876953:-14.66016	-0.2651352:14.63161:-37.48134	Grasped	Hand	
8.288086:5.436035:-16.40918	9.28125:8.450684:-15.49512	7.07959:7.501465:-20.7334	7.571777:8.34082:-14.41846	-0.1662044:14.52106:-37.17533	Grasped	Hand	
8.288086:5.436035:-16.40918	9.28125:8.450684:-15.49512	7.07959:7.501465:-20.7334	7.571777:8.34082:-14.41846	0.4479164:13.8517:-35.48831	Grasped	Hand	
8.288086:5.436035:-16.40918	9.28125:8.450684:-15.49512	7.07959:7.501465:-20.7334	7.571777:8.34082:-14.41846	0.02189612:14.30927:-36.64898	Grasped	CupRight	
9.197754:5.312988:-16.65088	9.852539:8.208984:-15.29736	7.584961:7.804688:-20.70264	8.178223:7.857422:-14.28223	0.02040583:14.31868:-36.66088	Grasped	CupRight	
9.197754:5.312988:-16.65088	9.852539:8.208984:-15.29736	7.584961:7.804688:-20.70264	8.178223:7.857422:-14.28223	0.08176005:14.24342:-36.47515	Grasped	CupRight	
9.197754:5.312988:-16.65088	9.852539:8.208984:-15.29736	7.584961:7.804688:-20.70264	8.178223:7.857422:-14.28223	0.04224706:14.29612:-36.60162	Grasped	CupRight	
9.786621:5.255859:-16.81348	10.18213:7.940918:-15.11279	7.910156:8.046387:-20.59717	8.617676:7.400391:-14.15479	0.08767867:14.25166:-36.47674	Grasped	CupRight	
9.786621:5.255859:-16.81348	10.18213:7.940918:-15.11279	7.910156:8.046387:-20.59717	8.617676:7.400391:-14.15479	0.06957626:14.27673:-36.52954	Grasped	CupRight	
9.786621:5.255859:-16.81348	10.18213:7.940918:-15.11279	7.910156:8.046387:-20.59717	8.617676:7.400391:-14.15479	0.1051744:14.2375:-36.44102	Grasped	CupRight	
9.786621:5.255859:-16.81348	10.18213:7.940918:-15.11279	7.910156:8.046387:-20.59717	8.617676:7.400391:-14.15479	0.1021278:14.23866:-36.44799	Grasped	CupRight	
9.786621:5.255859:-16.81348	10.18213:7.940918:-15.11279	7.910156:8.046387:-20.59717	8.617676:7.400391:-14.15479	0.3362453:13.9834:-35.78536	Grasped	CupRight	
9.786621:5.255859:-16.81348	10.18213:7.940918:-15.11279	7.910156:8.046387:-20.59717	8.617676:7.400391:-14.15479	0.4290024:13.8825:-35.51971	Grasped	CupRight	
10.15576:5.137207:-16.93213	10.3623:7.637695:-14.84033	8.112305:8.230957:-20.42139	8.938477:6.88623:-14.03174	0.1134529:14.23989:-36.45483	Grasped	CupRight	
10.15576:5.137207:-16.93213	10.3623:7.637695:-14.84033	8.112305:8.230957:-20.42139	8.938477:6.88623:-14.03174	-0.1324987:14.48079:-37.11203	Grasped	CupRight	
10.5293:5.027344:-17.0332	10.45459:7.250977:-14.62939	8.213379:8.288086:-20.24561	9.180176:6.266602:-13.97021	0.03045517:14.31113:-36.68027	Grasped	CupRight	
10.5293:5.027344:-17.0332	10.45459:7.250977:-14.62939	8.213379:8.288086:-20.24561	9.180176:6.266602:-13.97021	0.2899689:14.01926:-35.928	Grasped	CupRight	
10.5293:5.027344:-17.0332	10.45459:7.250977:-14.62939	8.213379:8.288086:-20.24561	9.180176:6.266602:-13.97021	0.09019709:14.24971:-36.50769	Grasped	CupRight	
10.8457:4.943848:-17.07275	10.43701:6.969727:-14.4624	8.29248:8.336426:-20.09619	9.355957:5.765625:-13.95703	0.5009254:13.80892:-35.35618	Grasped	CupRight	
10.8457:4.943848:-17.07275	10.43701:6.969727:-14.4624	8.29248:8.336426:-20.09619	9.355957:5.765625:-13.95703	0.5333694:13.7837:-35.2723	Grasped	CupRight	
10.8457:4.943848:-17.07275	10.43701:6.969727:-14.4624	8.29248:8.336426:-20.09619	9.355957:5.765625:-13.95703	0.1656207:14.17854:-36.31224	Grasped	CupRight	
10.8457:4.943848:-17.07275	10.43701:6.969727:-14.4624	8.29248:8.336426:-20.09619	9.355957:5.765625:-13.95703	0.05799943:14.29608:-36.61089	Grasped	CupRight	
11.10059:4.904297:-16.92773	10.41943:6.833496:-14.26465	8.323242:8.419922:-19.95557	9.413086:5.48877:-13.92188	-0.3218476:14.70704:-37.68031	Grasped	CupRight	
11.10059:4.904297:-16.92773	10.41943:6.833496:-14.26465	8.323242:8.419922:-19.95557	9.413086:5.48877:-13.92188	-0.2674372:14.67904:-37.61871	Grasped	Bottle	
11.10059:4.904297:-16.92773	10.41943:6.833496:-14.26465	8.323242:8.419922:-19.95557	9.413086:5.48877:-13.92188	-0.4745102:14.87467:-38.11367	Grasped	Bottle	
11.10938:4.957031:-16.83105	10.29639:6.745605:-14.08447	8.29248:8.490234:-19.80615	9.373535:5.326172:-13.85156	-0.158289:14.56984:-37.3053	Grasped	Bottle	
11.10938:4.957031:-16.83105	10.29639:6.745605:-14.08447	8.29248:8.490234:-19.80615	9.373535:5.326172:-13.85156	-0.1277776:14.5386:-37.23327	Grasped	Bottle	
11.10938:4.957031:-16.83105	10.29639:6.745605:-14.08447	8.29248:8.490234:-19.80615	9.373535:5.326172:-13.85156	-0.1948703:14.60248:-37.40923	Grasped	Bottle	
11.10938:4.957031:-16.83105	10.29639:6.745605:-14.08447	8.29248:8.490234:-19.80615	9.373535:5.326172:-13.85156	-0.2112274:14.61986:-37.4562	Grasped	Bottle	
11.11377:5.036133:-16.72119	10.15137:6.547852:-13.87793	8.187012:8.503418:-19.63477	9.307617:5.049316:-13.79004	-0.1932387:14.6037:-37.41508	Grasped	Bottle	
11.11377:5.036133:-16.72119	10.15137:6.547852:-13.87793	8.187012:8.503418:-19.63477	9.307617:5.049316:-13.79004	-0.09147379:14.51093:-37.19281	Grasped	Bottle	
11.11377:5.036133:-16.72119	10.15137:6.547852:-13.87793	8.187012:8.503418:-19.63477	9.307617:5.049316:-13.79004	-0.1223178:14.54059:-37.25914	Grasped	Bottle	
11.05225:5.11084:-16.49707	9.94043:6.503906:-13.66699	8.055176:8.494629:-19.45459	9.149414:4.91748:-13.65381	-0.09584457:14.5197:-37.19748	Grasped	Bottle	
11.05225:5.11084:-16.49707	9.94043:6.503906:-13.66699	8.055176:8.494629:-19.45459	9.149414:4.91748:-13.65381	-0.1238225:14.54385:-37.25842	Grasped	Bottle	
11.05225:5.11084:-16.49707	9.94043:6.503906:-13.66699	8.055176:8.494629:-19.45459	9.149414:4.91748:-13.65381	-0.112976:14.53179:-37.23412	Grasped	Bottle	
11.05225:5.11084:-16.49707	9.94043:6.503906:-13.66699	8.055176:8.494629:-19.45459	9.149414:4.91748:-13.65381	-0.1048414:14.52195:-37.2062	Grasped	Bottle	
10.99512:5.150391:-16.27734	9.751465:6.416016:-13.46045	7.918945:8.481445:-19.26123	9.026367:4.790039:-13.51318	-0.07359993:14.49394:-37.12875	Grasped	Bottle	
10.99512:5.150391:-16.27734	9.751465:6.416016:-13.46045	7.918945:8.481445:-19.26123	9.026367:4.790039:-13.51318	-0.0837492:14.5063:-37.15765	Grasped	Bottle	
10.99512:5.150391:-16.27734	9.751465:6.416016:-13.46045	7.918945:8.481445:-19.26123	9.026367:4.790039:-13.51318	-0.06455317:14.48818:-37.10831	Grasped	Bottle	
10.99512:5.150391:-16.27734	9.751465:6.416016:-13.46045	7.918945:8.481445:-19.26123	9.026367:4.790039:-13.51318	-0.05874631:14.47827:-37.08132	Grasped	Bottle	
10.89404:5.216309:-16.06641	9.606445:6.37207:-13.24951	7.800293:8.472656:-19.07666	8.920898:4.68457:-13.37256	-0.06635866:14.48681:-37.10023	Grasped	Bottle	
10.89404:5.216309:-16.06641	9.606445:6.37207:-13.24951	7.800293:8.472656:-19.07666	8.920898:4.68457:-13.37256	0.02015102:14.4059:-36.85688	Grasped	Bottle	
10.89404:5.216309:-16.06641	9.606445:6.37207:-13.24951	7.800293:8.472656:-19.07666	8.920898:4.68457:-13.37256	2.696897:11.67717:-29.42845	Grasped	Bottle	
10.89404:5.339355:-15.85547	9.483398:6.389648:-13.08691	7.721191:8.490234:-18.92285	8.85498:4.666992:-13.24072	-0.03413361:14.44247:-36.96706	Grasped	Bottle	
10.89404:5.339355:-15.85547	9.483398:6.389648:-13.08691	7.721191:8.490234:-18.92285	8.85498:4.666992:-13.24072	-0.1094803:14.52018:-37.16811	Grasped	Bottle	
10.89404:5.339355:-15.85547	9.483398:6.389648:-13.08691	7.721191:8.490234:-18.92285	8.85498:4.666992:-13.24072	-0.09178063:14.50065:-37.10728	Grasped	Bottle	
10.89404:5.339355:-15.85547	9.483398:6.389648:-13.08691	7.721191:8.490234:-18.92285	8.85498:4.666992:-13.24072	-0.09627125:14.51024:-37.13182	Grasped	Bottle	
10.91162:5.462402:-15.68408	9.386719:6.411621:-12.91992	7.64209:8.542969:-18.76025	8.824219:4.640625:-13.12207	-0.07002673:14.48359:-37.05779	Grasped	Bottle	
10.91162:5.462402:-15.68408	9.386719:6.411621:-12.91992	7.64209:8.542969:-18.76025	8.824219:4.640625:-13.12207	-0.04344606:14.45837:-36.99123	Grasped	Bottle	
10.91162:5.462402:-15.68408	9.386719:6.411621:-12.91992	7.64209:8.542969:-18.76025	8.824219:4.640625:-13.12207	-0.03775275:14.45184:-36.96858	Grasped	Bottle	
10.91162:5.462402:-15.68408	9.386719:6.411621:-12.91992	7.64209:8.542969:-18.76025	8.824219:4.640625:-13.12207	-0.009677231:14.42606:-36.90314	Grasped	Bottle	
10.92041:5.646973:-15.5127	9.364746:6.451172:-12.7749	7.589355:8.617676:-18.61963	8.837402:4.666992:-13.021	0.01267868:14.40576:-36.85013	Grasped	Bottle	
10.92041:5.646973:-15.5127	9.364746:6.451172:-12.7749	7.589355:8.617676:-18.61963	8.837402:4.666992:-13.021	-0.06634241:14.48237:-37.05531	Grasped	Bottle	
10.92041:5.646973:-15.5127	9.364746:6.451172:-12.7749	7.589355:8.617676:-18.61963	8.837402:4.666992:-13.021	0.01151979:14.40472:-36.87383	Grasped	Bottle	
10.9292:5.791992:-15.38525	9.303223:6.530273:-12.65186	7.558594:8.709961:-18.48779	8.841797:4.710938:-12.92432	0.07773876:14.34008:-36.7025	Grasped	Bottle	
10.9292:5.791992:-15.38525	9.303223:6.530273:-12.65186	7.558594:8.709961:-18.48779	8.841797:4.710938:-12.92432	0.03010839:14.38839:-36.83173	Grasped	Bottle	
10.9292:5.791992:-15.38525	9.303223:6.530273:-12.65186	7.558594:8.709961:-18.48779	8.841797:4.710938:-12.92432	0.06896651:14.34422:-36.72492	Grasped	Bottle	
10.9292:5.791992:-15.38525	9.303223:6.530273:-12.65186	7.558594:8.709961:-18.48779	8.841797:4.710938:-12.92432	0.03127283:14.38566:-36.8235	Grasped	Bottle	
10.91602:5.950195:-15.2666	9.259277:6.56543:-12.51563	7.501465:8.789063:-18.35596	8.850586:4.737305:-12.83203	0.02462536:14.38933:-36.84036	Grasped	Bottle	
10.91602:5.950195:-15.2666	9.259277:6.56543:-12.51563	7.501465:8.789063:-18.35596	8.850586:4.737305:-12.83203	-0.00694716:14.41837:-36.91206	Grasped	Bottle	
10.91602:5.950195:-15.2666	9.259277:6.56543:-12.51563	7.501465:8.789063:-18.35596	8.850586:4.737305:-12.83203	-0.02496326:14.43548:-36.95921	Grasped	Bottle	
10.9248:6.117188:-15.13916	9.237305:6.60498:-12.375	7.461914:8.846191:-18.22852	8.881348:4.746094:-12.74414	-0.04249108:14.45208:-36.99789	Grasped	Bottle	
10.9248:6.117188:-15.13916	9.237305:6.60498:-12.375	7.461914:8.846191:-18.22852	8.881348:4.746094:-12.74414	0.01314753:14.39502:-36.85964	Grasped	Bottle	
10.9248:6.117188:-15.13916	9.237305:6.60498:-12.375	7.461914:8.846191:-18.22852	8.881348:4.746094:-12.74414	0.0524385:14.34456:-36.72866	Grasped	Bottle	
10.9248:6.117188:-15.13916	9.237305:6.60498:-12.375	7.461914:8.846191:-18.22852	8.881348:4.746094:-12.74414	0.1486139:14.2415:-36.48382	Grasped	Bottle	
10.93799:6.222656:-15.00732	9.210938:6.640137:-12.27832	7.439941:8.885742:-18.12305	8.898926:4.759277:-12.66064	0.1183037:14.26644:-36.54666	Grasped	Bottle	
10.93799:6.222656:-15.00732	9.210938:6.640137:-12.27832	7.439941:8.885742:-18.12305	8.898926:4.759277:-12.66064	0.08227545:14.30412:-36.65543	Grasped	Bottle	
10.93799:6.222656:-15.00732	9.210938:6.640137:-12.27832	7.439941:8.885742:-18.12305	8.898926:4.759277:-12.66064	-0.01231807:14.39657:-36.89549	Grasped	Bottle	
10.93799:6.222656:-15.00732	9.210938:6.640137:-12.27832	7.439941:8.885742:-18.12305	8.898926:4.759277:-12.66064	-0.1305271:14.52067:-37.21462	Grasped	Bottle	
10.9292:6.341309:-14.87109	9.206543:6.618164:-12.2168	7.413574:8.90332:-18.03955	8.920898:4.737305:-12.60352	-0.2079711:14.6006:-37.41961	Grasped	Bottle	
10.9292:6.341309:-14.87109	9.206543:6.618164:-12.2168	7.413574:8.90332:-18.03955	8.920898:4.737305:-12.60352	-0.3026623:14.69773:-37.66391	Grasped	Bottle	
10.9292:6.341309:-14.87109	9.206543:6.618164:-12.2168	7.413574:8.90332:-18.03955	8.920898:4.737305:-12.60352	-0.3544698:14.75035:-37.80045	Grasped	Bottle	
10.91162:6.394043:-14.82275	9.215332:6.60498:-12.15088	7.413574:8.90332:-17.99121	8.95166:4.702148:-12.57275	-0.3603651:14.75738:-37.81517	Grasped	Bottle	
10.91162:6.394043:-14.82275	9.215332:6.60498:-12.15088	7.413574:8.90332:-17.99121	8.95166:4.702148:-12.57275	-0.1235797:14.50827:-37.18629	Grasped	Bottle	
10.91162:6.394043:-14.82275	9.215332:6.60498:-12.15088	7.413574:8.90332:-17.99121	8.95166:4.702148:-12.57275	-0.4529258:14.85635:-38.06708	Grasped	Bottle	
10.91162:6.394043:-14.82275	9.215332:6.60498:-12.15088	7.413574:8.90332:-17.99121	8.95166:4.702148:-12.57275	-0.5091645:14.91498:-38.2139	Grasped	Bottle	
10.93359:6.416016:-14.73926	9.250488:6.56543:-12.12012	7.422363:8.885742:-17.93848	9.4:671387.-12:-17.93848	-0.5091645:14.91498:-38.2139	Grasped	Bottle	
10.93359:6.416016:-14.73926	9.250488:6.56543:-12.12012	7.422363:8.885742:-17.93848	9.4:671387.-12:-17.93848	-0.5091645:14.91498:-38.2139	Grasped	Bottle	
10.93359:6.416016:-14.73926	9.250488:6.56543:-12.12012	7.422363:8.885742:-17.93848	9.4:671387.-12:-17.93848	-0.5091645:14.91498:-38.2139	Grasped	Bottle	
10.93359:6.416016:-14.73926	9.250488:6.56543:-12.12012	7.422363:8.885742:-17.93848	9.4:671387.-12:-17.93848	-0.5091645:14.91498:-38.2139	Grasped	Bottle	
10.96436:6.433594:-14.67773	9.28125:6.547852:-12.08496	7.431152:8.868164:-17.89453	9.057129:4.614258:-12.52441	-0.5091645:14.91498:-38.2139	Grasped	Bottle	
10.96436:6.433594:-14.67773	9.28125:6.547852:-12.08496	7.431152:8.868164:-17.89453	9.057129:4.614258:-12.52441	-0.5091645:14.91498:-38.2139	Grasped	Bottle	
10.96436:6.433594:-14.67773	9.28125:6.547852:-12.08496	7.431152:8.868164:-17.89453	9.057129:4.614258:-12.52441	-0.5091645:14.91498:-38.2139	Grasped	Bottle	
10.96436:6.433594:-14.67773	9.28125:6.547852:-12.08496	7.431152:8.868164:-17.89453	9.057129:4.614258:-12.52441	-0.5091645:14.91498:-38.2139	Grasped	Bottle	
10.95996:6.473145:-14.62939	9.312012:6.525879:-12.05859	7.444336:8.859375:-17.86816	9.092285:4.583496:-12.51563	-0.5091645:14.91498:-38.2139	Grasped	Bottle	
10.95996:6.473145:-14.62939	9.312012:6.525879:-12.05859	7.444336:8.859375:-17.86816	9.092285:4.583496:-12.51563	-0.5091645:14.91498:-38.2139	Grasped	Bottle	
10.95996:6.473145:-14.62939	9.312012:6.525879:-12.05859	7.444336:8.859375:-17.86816	9.092285:4.583496:-12.51563	-0.5091645:14.91498:-38.2139	Grasped	Bottle	
10.95996:6.543457:-14.55908	9.320801:6.508301:-12.04102	7.453125:8.850586:-17.8374	9.123047:4.557129:-12.50244	-0.5091645:14.91498:-38.2139	Grasped	Bottle	
10.95996:6.543457:-14.55908	9.320801:6.508301:-12.04102	7.453125:8.850586:-17.8374	9.123047:4.557129:-12.50244	-0.5091645:14.91498:-38.2139	Grasped	Bottle	
10.95996:6.543457:-14.55908	9.320801:6.508301:-12.04102	7.453125:8.850586:-17.8374	9.123047:4.557129:-12.50244	-0.5091645:14.91498:-38.2139	Grasped	Bottle	
10.95996:6.543457:-14.55908	9.320801:6.508301:-12.04102	7.453125:8.850586:-17.8374	9.123047:4.557129:-12.50244	-0.5091645:14.91498:-38.2139	Grasped	Bottle	
10.95996:6.561035:-14.51514	9.342773:6.503906:-12.01904	7.466309:8.850586:-17.80664	9.153809:4.543945:-12.48047	-0.5091645:14.91498:-38.2139	Grasped	Bottle	
10.95996:6.561035:-14.51514	9.342773:6.503906:-12.01904	7.466309:8.850586:-17.80664	9.153809:4.543945:-12.48047	-0.5091645:14.91498:-38.2139	Grasped	Bottle	
10.95996:6.561035:-14.51514	9.342773:6.503906:-12.01904	7.466309:8.850586:-17.80664	9.153809:4.543945:-12.48047	-0.5091645:14.91498:-38.2139	Grasped	Bottle	
10.95996:6.561035:-14.51514	9.342773:6.503906:-12.01904	7.466309:8.850586:-17.80664	9.153809:4.543945:-12.48047	-0.5251852:14.91132:-38.20022	Grasped	Bottle	
10.96436:6.587402:-14.48438	9.382324:6.451172:-11.9707	7.466309:8.850586:-17.7627	9.188965:4.495605:-12.47168	-0.3853327:14.75548:-37.82158	Grasped	Bottle	
10.96436:6.587402:-14.48438	9.382324:6.451172:-11.9707	7.466309:8.850586:-17.7627	9.188965:4.495605:-12.47168	0.4066041:13.88806:-35.66292	Grasped	Bottle	
10.96436:6.587402:-14.48438	9.382324:6.451172:-11.9707	7.466309:8.850586:-17.7627	9.188965:4.495605:-12.47168	-0.3898262:14.7735:-37.87564	Grasped	Bottle	
10.95996:6.618164:-14.40527	9.391113:6.446777:-11.93994	7.470703:8.841797:-17.73633	9.197754:4.478027:-12.4541	-0.5002554:14.89697:-38.17211	Grasped	Bottle	
10.95996:6.618164:-14.40527	9.391113:6.446777:-11.93994	7.470703:8.841797:-17.73633	9.197754:4.478027:-12.4541	-0.5116594:14.91236:-38.20853	Grasped	Bottle	
10.95996:6.618164:-14.40527	9.391113:6.446777:-11.93994	7.470703:8.841797:-17.73633	9.197754:4.478027:-12.4541	-0.4736619:14.86828:-38.10976	Grasped	CupRight	
10.97754:6.648926:-14.36133	9.404297:6.429199:-11.91797	7.470703:8.837402:-17.70996	9.219727:4.460449:-12.42773	-0.5088884:14.91173:-38.20799	Grasped	CupRight	
10.97754:6.648926:-14.36133	9.404297:6.429199:-11.91797	7.470703:8.837402:-17.70996	9.219727:4.460449:-12.42773	-0.5087026:14.91169:-38.20803	Grasped	CupRight	
10.97754:6.648926:-14.36133	9.404297:6.429199:-11.91797	7.470703:8.837402:-17.70996	9.219727:4.460449:-12.42773	-0.4996836:14.90049:-38.18105	Grasped	Bottle	
10.97754:6.648926:-14.36133	9.404297:6.429199:-11.91797	7.470703:8.837402:-17.70996	9.219727:4.460449:-12.42773	-0.5014969:14.90394:-38.18762	Grasped	Bottle	
10.94678:6.719238:-14.3042	9.404297:6.459961:-11.88281	7.475098:8.837402:-17.6792	9.215332:4.464844:-12.40137	-0.4981537:14.90009:-38.17812	Grasped	Bottle	
10.94678:6.719238:-14.3042	9.404297:6.459961:-11.88281	7.475098:8.837402:-17.6792	9.215332:4.464844:-12.40137	-0.5007588:14.90402:-38.18734	Grasped	Bottle	
10.94678:6.719238:-14.3042	9.404297:6.459961:-11.88281	7.475098:8.837402:-17.6792	9.215332:4.464844:-12.40137	-0.501693:14.90487:-38.18845	Grasped	Bottle	
10.95996:6.70166:-14.28662	9.41748:6.455566:-11.86084	7.466309:8.841797:-17.65283	9.206543:4.473633:-12.37061	-0.5073351:14.91055:-38.20115	Grasped	Bottle	
10.95996:6.70166:-14.28662	9.41748:6.455566:-11.86084	7.466309:8.841797:-17.65283	9.206543:4.473633:-12.37061	-0.4997194:14.90266:-38.18295	Grasped	Bottle	
10.95996:6.70166:-14.28662	9.41748:6.455566:-11.86084	7.466309:8.841797:-17.65283	9.206543:4.473633:-12.37061	-0.4871391:14.88932:-38.15153	Grasped	Bottle	
10.95996:6.70166:-14.28662	9.41748:6.455566:-11.86084	7.466309:8.841797:-17.65283	9.206543:4.473633:-12.37061	-0.4791952:14.88064:-38.1308	Grasped	Bottle	
10.95996:6.675293:-14.28223	9.399902:6.446777:-11.85205	7.461914:8.837402:-17.63525	9.202148:4.464844:-12.35303	-0.4929053:14.8962:-38.16613	Grasped	Bottle	
10.95996:6.675293:-14.28223	9.399902:6.446777:-11.85205	7.461914:8.837402:-17.63525	9.202148:4.464844:-12.35303	-0.5087911:14.91337:-38.20596	Grasped	Bottle	
10.95996:6.675293:-14.28223	9.399902:6.446777:-11.85205	7.461914:8.837402:-17.63525	9.202148:4.464844:-12.35303	-0.5061144:14.91077:-38.19906	Grasped	Bottle	
10.96875:6.622559:-14.28223	9.395508:6.442383:-11.83447	7.453125:8.837402:-17.62207	9.197754:4.464844:-12.33105	-0.4507875:14.84909:-38.05243	Grasped	Bottle	
10.96875:6.622559:-14.28223	9.395508:6.442383:-11.83447	7.453125:8.837402:-17.62207	9.197754:4.464844:-12.33105	-0.395457:14.78804:-37.90466	Grasped	Bottle	
10.96875:6.622559:-14.28223	9.395508:6.442383:-11.83447	7.453125:8.837402:-17.62207	9.197754:4.464844:-12.33105	-0.4067027:14.80145:-37.9353	Grasped	Bottle	
10.96875:6.622559:-14.28223	9.395508:6.442383:-11.83447	7.453125:8.837402:-17.62207	9.197754:4.464844:-12.33105	-0.3380699:14.72886:-37.7633	Grasped	Bottle	
10.99072:6.583008:-14.30859	9.404297:6.437988:-11.82568	7.453125:8.837402:-17.61328	9.180176:4.486816:-12.30469	-0.3227121:14.71486:-37.73115	Grasped	Bottle	
10.99072:6.583008:-14.30859	9.404297:6.437988:-11.82568	7.453125:8.837402:-17.61328	9.180176:4.486816:-12.30469	-0.3242762:14.71684:-37.73164	Grasped	Bottle	
10.99072:6.583008:-14.30859	9.404297:6.437988:-11.82568	7.453125:8.837402:-17.61328	9.180176:4.486816:-12.30469	-0.3268763:14.72199:-37.74125	Grasped	Bottle	
10.99072:6.583008:-14.30859	9.404297:6.437988:-11.82568	7.453125:8.837402:-17.61328	9.180176:4.486816:-12.30469	-0.2963177:14.68895:-37.66314	Grasped	Bottle	
10.99512:6.525879:-14.34375	9.408691:6.481934:-11.82129	7.45752:8.846191:-17.61768	9.153809:4.530762:-12.27832	-0.3742585:14.76981:-37.85668	Grasped	Bottle	
10.99512:6.525879:-14.34375	9.408691:6.481934:-11.82129	7.45752:8.846191:-17.61768	9.153809:4.530762:-12.27832	-0.2958321:14.68981:-37.66399	Grasped	Bottle	
10.99512:6.525879:-14.34375	9.408691:6.481934:-11.82129	7.45752:8.846191:-17.61768	9.153809:4.530762:-12.27832	-0.2566027:14.64715:-37.5644	Grasped	Bottle	
11.0127:6.459961:-14.3877	9.421875:6.473145:-11.84766	7.461914:8.837402:-17.63086	9.140625:4.530762:-12.28271	-0.2030049:14.59451:-37.43387	Grasped	Bottle	
11.0127:6.459961:-14.3877	9.421875:6.473145:-11.84766	7.461914:8.837402:-17.63086	9.140625:4.530762:-12.28271	-0.1961217:14.58642:-37.41052	Grasped	Bottle	
11.0127:6.459961:-14.3877	9.421875:6.473145:-11.84766	7.461914:8.837402:-17.63086	9.140625:4.530762:-12.28271	-0.2156341:14.60683:-37.46377	Grasped	Bottle	
11.0127:6.459961:-14.3877	9.421875:6.473145:-11.84766	7.461914:8.837402:-17.63086	9.140625:4.530762:-12.28271	-0.2628058:14.65605:-37.5832	Grasped	Bottle	
11.03467:6.336914:-14.41406	9.430664:6.459961:-11.86084	7.466309:8.802246:-17.65723	9.101074:4.539551:-12.26953	-0.266381:14.658:-37.59338	Grasped	Bottle	
11.03467:6.336914:-14.41406	9.430664:6.459961:-11.86084	7.466309:8.802246:-17.65723	9.101074:4.539551:-12.26953	-0.2665628:14.65462:-37.58666	Grasped	Bottle	
11.03467:6.336914:-14.41406	9.430664:6.459961:-11.86084	7.466309:8.802246:-17.65723	9.101074:4.539551:-12.26953	-0.2560219:14.64116:-37.5508	Grasped	Bottle	
11.03467:6.336914:-14.41406	9.430664:6.459961:-11.86084	7.466309:8.802246:-17.65723	9.101074:4.539551:-12.26953	-0.2648842:14.65051:-37.57119	Grasped	Bottle	
11.03906:6.191895:-14.47998	9.443848:6.424805:-11.896	7.483887:8.745117:-17.69678	9.083496:4.517578:-12.27832	-0.2840066:14.67002:-37.6194	Grasped	Bottle	
11.03906:6.191895:-14.47998	9.443848:6.424805:-11.896	7.483887:8.745117:-17.69678	9.083496:4.517578:-12.27832	-0.2761479:14.65974:-37.59192	Grasped	Bottle	
11.03906:6.191895:-14.47998	9.443848:6.424805:-11.896	7.483887:8.745117:-17.69678	9.083496:4.517578:-12.27832	-0.3111535:14.69591:-37.67969	Grasped	Bottle	
11.0083:6.033691:-14.58545	9.479004:6.380859:-11.94434	7.492676:8.687988:-17.74512	9.043945:4.517578:-12.27393	-0.3352182:14.72449:-37.75657	Grasped	Bottle	
11.0083:6.033691:-14.58545	9.479004:6.380859:-11.94434	7.492676:8.687988:-17.74512	9.043945:4.517578:-12.27393	-0.3200977:14.71499:-37.72797	Grasped	Bottle	
11.0083:6.033691:-14.58545	9.479004:6.380859:-11.94434	7.492676:8.687988:-17.74512	9.043945:4.517578:-12.27393	-0.29204:14.68209:-37.64017	Grasped	Bottle	
10.96436:5.871094:-14.63818	9.479004:6.429199:-12.01465	7.519043:8.600098:-17.81982	8.982422:4.579102:-12.24756	-0.2926126:14.68096:-37.64137	Grasped	Bottle	
10.96436:5.871094:-14.63818	9.479004:6.429199:-12.01465	7.519043:8.600098:-17.81982	8.982422:4.579102:-12.24756	-0.280351:14.6702:-37.61766	Grasped	Bottle	
10.96436:5.871094:-14.63818	9.479004:6.429199:-12.01465	7.519043:8.600098:-17.81982	8.982422:4.579102:-12.24756	-0.2745598:14.66478:-37.60347	Grasped	Bottle	
10.96436:5.871094:-14.63818	9.479004:6.429199:-12.01465	7.519043:8.600098:-17.81982	8.982422:4.579102:-12.24756	-0.2801424:14.66929:-37.61765	Grasped	Bottle	
10.96875:5.682129:-14.76123	9.544922:6.385254:-12.10693	7.541016:8.516602:-17.90332	8.960449:4.583496:-12.26953	-0.277228:14.6669:-37.61001	Grasped	Bottle	
10.96875:5.682129:-14.76123	9.544922:6.385254:-12.10693	7.541016:8.516602:-17.90332	8.960449:4.583496:-12.26953	-0.2843151:14.67293:-37.6225	Grasped	Bottle	
10.96875:5.682129:-14.76123	9.544922:6.385254:-12.10693	7.541016:8.516602:-17.90332	8.960449:4.583496:-12.26953	-0.2674665:14.65811:-37.58159	Grasped	Bottle	
10.95557:5.545898:-14.85352	9.584473:6.301758:-12.19043	7.562988:8.419922:-17.97803	8.973633:4.513184:-12.32227	-0.2901649:14.68088:-37.6367	Grasped	Bottle	
10.95557:5.545898:-14.85352	9.584473:6.301758:-12.19043	7.562988:8.419922:-17.97803	8.973633:4.513184:-12.32227	-0.2720134:14.6616:-37.58651	Grasped	Bottle	
10.95557:5.545898:-14.85352	9.584473:6.301758:-12.19043	7.562988:8.419922:-17.97803	8.973633:4.513184:-12.32227	-0.2408149:14.62846:-37.5062	Grasped	Bottle	
10.95557:5.545898:-14.85352	9.584473:6.301758:-12.19043	7.562988:8.419922:-17.97803	8.973633:4.513184:-12.32227	-0.2103336:14.59474:-37.42295	Grasped	Bottle	
10.95557:5.545898:-14.85352	9.584473:6.301758:-12.19043	7.562988:8.419922:-17.97803	8.973633:4.513184:-12.32227	-0.1465626:14.52824:-37.24917	Grasped	Bottle	
10.99951:5.356934:-14.92383	9.672363:6.209473:-12.30908	7.602539:8.288086:-18.07031	8.995605:4.447266:-12.375	-0.2434663:14.61255:-37.43639	Grasped	Bottle	
10.99951:5.356934:-14.92383	9.672363:6.209473:-12.30908	7.602539:8.288086:-18.07031	8.995605:4.447266:-12.375	-0.3515823:14.7294:-37.73044	Grasped	Bottle	
10.97754:5.216309:-15.00732	9.716309:6.134766:-12.37061	7.628906:8.169434:-18.14502	8.986816:4.398926:-12.40576	-0.4062894:14.7858:-37.88633	Grasped	Bottle	
10.97754:5.216309:-15.00732	9.716309:6.134766:-12.37061	7.628906:8.169434:-18.14502	8.986816:4.398926:-12.40576	-0.5199691:14.91588:-38.21155	Grasped	Bottle	
10.97754:5.216309:-15.00732	9.716309:6.134766:-12.37061	7.628906:8.169434:-18.14502	8.986816:4.398926:-12.40576	-0.1463132:14.50986:-37.18957	Grasped	Bottle	
10.97754:5.216309:-15.00732	9.716309:6.134766:-12.37061	7.628906:8.169434:-18.14502	8.986816:4.398926:-12.40576	-0.126874:14.49018:-37.12987	Grasped	Bottle	
10.98633:4.992188:-15.09082	9.773438:6.082031:-12.42773	7.646484:8.072754:-18.20654	8.995605:4.376953:-12.42773	-0.1445546:14.5062:-37.17613	Grasped	Bottle	
10.98633:4.992188:-15.09082	9.773438:6.082031:-12.42773	7.646484:8.072754:-18.20654	8.995605:4.376953:-12.42773	-0.141479:14.50575:-37.1781	Grasped	Bottle	
10.98633:4.992188:-15.09082	9.773438:6.082031:-12.42773	7.646484:8.072754:-18.20654	8.995605:4.376953:-12.42773	-0.09547451:14.45706:-37.04876	Grasped	Bottle	
10.90283:4.943848:-15.11279	9.826172:6.227051:-12.5376	7.672852:8.006836:-18.28564	8.960449:4.601074:-12.37939	-0.07258081:14.43733:-36.99954	Grasped	Bottle	
10.90283:4.943848:-15.11279	9.826172:6.227051:-12.5376	7.672852:8.006836:-18.28564	8.960449:4.601074:-12.37939	-0.03510857:14.39669:-36.88512	Grasped	Bottle	
10.90283:4.943848:-15.11279	9.826172:6.227051:-12.5376	7.672852:8.006836:-18.28564	8.960449:4.601074:-12.37939	0.01846892:14.33789:-36.74096	Grasped	Bottle	
10.90283:4.943848:-15.11279	9.826172:6.227051:-12.5376	7.672852:8.006836:-18.28564	8.960449:4.601074:-12.37939	-0.1036471:14.4685:-37.06976	Grasped	Bottle	
10.62598:4.882324:-15.16553	9.94043:6.622559:-12.73096	7.716797:7.989258:-18.43066	8.916504:5.150391:-12.31348	-0.08875459:14.45321:-37.03601	Grasped	Bottle	
10.62598:4.882324:-15.16553	9.94043:6.622559:-12.73096	7.716797:7.989258:-18.43066	8.916504:5.150391:-12.31348	-0.114995:14.47349:-37.08929	Grasped	Bottle	
10.62598:4.882324:-15.16553	9.94043:6.622559:-12.73096	7.716797:7.989258:-18.43066	8.916504:5.150391:-12.31348	-0.1609989:14.51172:-37.19369	Grasped	Bottle	
10.62598:4.882324:-15.16553	9.94043:6.622559:-12.73096	7.716797:7.989258:-18.43066	8.916504:5.150391:-12.31348	-0.1496693:14.49999:-37.1643	Grasped	Bottle	
10.2041:4.970215:-15.1084	10.0459:7.035645:-13.06494	7.703613:7.998047:-18.66357	8.762695:5.950195:-12.34424	-0.176172:14.52548:-37.2241	Grasped	Bottle	
10.2041:4.970215:-15.1084	10.0459:7.035645:-13.06494	7.703613:7.998047:-18.66357	8.762695:5.950195:-12.34424	-0.2656119:14.62409:-37.48104	Grasped	CupRight	
10.2041:4.970215:-15.1084	10.0459:7.035645:-13.06494	7.703613:7.998047:-18.66357	8.762695:5.950195:-12.34424	-0.3038977:14.66512:-37.5884	Grasped	CupRight	
9.597656:5.119629:-15.07324	9.887695:7.589355:-13.39014	7.558594:8.041992:-18.95361	8.411133:6.837891:-12.49365	-0.295236:14.65796:-37.56786	Grasped	CupRight	
9.597656:5.119629:-15.07324	9.887695:7.589355:-13.39014	7.558594:8.041992:-18.95361	8.411133:6.837891:-12.49365	-0.3345246:14.70197:-37.67778	Grasped	CupRight	
9.597656:5.119629:-15.07324	9.887695:7.589355:-13.39014	7.558594:8.041992:-18.95361	8.411133:6.837891:-12.49365	-0.5299216:14.91654:-38.21666	Grasped	CupRight	
9.597656:5.119629:-15.07324	9.887695:7.589355:-13.39014	7.558594:8.041992:-18.95361	8.411133:6.837891:-12.49365	-0.5371653:14.91478:-38.21559	Grasped	Default	
8.956055:5.44043:-15.09961	9.689941:8.050781:-13.77246	7.347656:8.090332:-19.27881	8.094727:7.633301:-12.7749	-0.5438408:14.91466:-38.21404	Grasped	Default	
8.956055:5.44043:-15.09961	9.689941:8.050781:-13.77246	7.347656:8.090332:-19.27881	8.094727:7.633301:-12.7749	-0.5087698:14.80756:-37.93394	Grasped	Default	
8.956055:5.44043:-15.09961	9.689941:8.050781:-13.77246	7.347656:8.090332:-19.27881	8.094727:7.633301:-12.7749	-0.5283303:14.83926:-38.02016	Grasped	Default	
8.551758:5.651367:-15.20947	9.536133:8.349609:-14.15479	7.163086:8.077148:-19.56445	7.910156:8.129883:-13.1001	-0.5363866:14.91449:-38.21167	Grasped	Default	
8.551758:5.651367:-15.20947	9.536133:8.349609:-14.15479	7.163086:8.077148:-19.56445	7.910156:8.129883:-13.1001	-0.5268417:14.74754:-37.7712	Grasped	Default	
8.551758:5.651367:-15.20947	9.536133:8.349609:-14.15479	7.163086:8.077148:-19.56445	7.910156:8.129883:-13.1001	-0.542517:14.84176:-38.01934	Grasped	Default	
8.551758:5.651367:-15.20947	9.536133:8.349609:-14.15479	7.163086:8.077148:-19.56445	7.910156:8.129883:-13.1001	-0.5422683:14.82833:-37.98341	Grasped	Default	
8.25293:5.835938:-15.33691	9.395508:8.564941:-14.45801	7.035645:8.05957:-19.84131	7.760742:8.481445:-13.4165	-0.5453781:14.85746:-38.05927	Grasped	Default	
8.25293:5.835938:-15.33691	9.395508:8.564941:-14.45801	7.035645:8.05957:-19.84131	7.760742:8.481445:-13.4165	-0.5486514:14.87574:-38.11617	Grasped	Default	
8.25293:5.835938:-15.33691	9.395508:8.564941:-14.45801	7.035645:8.05957:-19.84131	7.760742:8.481445:-13.4165	-0.5515849:14.91436:-38.21543	Grasped	Default	
8.046387:6.033691:-15.44238	9.408691:8.723145:-14.76123	6.974121:8.037598:-20.03467	7.756348:8.819824:-13.70215	-0.5465253:14.84758:-38.04774	Grasped	Default	
8.046387:6.033691:-15.44238	9.408691:8.723145:-14.76123	6.974121:8.037598:-20.03467	7.756348:8.819824:-13.70215	-0.5383249:14.75619:-37.80524	Grasped	Default	
8.046387:6.033691:-15.44238	9.408691:8.723145:-14.76123	6.974121:8.037598:-20.03467	7.756348:8.819824:-13.70215	-0.5422607:14.78056:-37.87081	Grasped	Default	
8.046387:6.033691:-15.44238	9.408691:8.723145:-14.76123	6.974121:8.037598:-20.03467	7.756348:8.819824:-13.70215	-0.5453451:14.8211:-37.97466	Grasped	Default	
7.82666:6.174316:-15.52148	9.276855:8.890137:-14.91943	6.868652:8.02002:-20.1709	7.598145:9.057129:-13.91748	-0.5427801:14.79652:-37.91164	Grasped	Default	
7.82666:6.174316:-15.52148	9.276855:8.890137:-14.91943	6.868652:8.02002:-20.1709	7.598145:9.057129:-13.91748	-0.5434013:14.78877:-37.89482	Grasped	Default	
7.82666:6.174316:-15.52148	9.276855:8.890137:-14.91943	6.868652:8.02002:-20.1709	7.598145:9.057129:-13.91748	-0.5394199:14.7395:-37.76532	Grasped	Default	
7.82666:6.174316:-15.52148	9.276855:8.890137:-14.91943	6.868652:8.02002:-20.1709	7.598145:9.057129:-13.91748	-0.5412048:14.74511:-37.78254	Grasped	Default	
7.628906:6.433594:-15.53906	9.237305:9.043945:-15.08643	6.837891:8.024414:-20.28516	7.615723:9.364746:-14.11963	-0.5417973:14.75451:-37.80545	Grasped	Default	
7.628906:6.433594:-15.53906	9.237305:9.043945:-15.08643	6.837891:8.024414:-20.28516	7.615723:9.364746:-14.11963	-0.5388612:14.69473:-37.65108	Grasped	Default	
7.628906:6.433594:-15.53906	9.237305:9.043945:-15.08643	6.837891:8.024414:-20.28516	7.615723:9.364746:-14.11963	-0.5348791:14.65314:-37.54247	Grasped	Default	
7.475098:6.644531:-15.5083	9.351563:9.197754:-15.23584	6.811523:8.037598:-20.35547	7.699219:9.70752:-14.33496	-0.5533363:14.91351:-38.22245	Grasped	Default	
7.475098:6.644531:-15.5083	9.351563:9.197754:-15.23584	6.811523:8.037598:-20.35547	7.699219:9.70752:-14.33496	1.022841:11.77046:-28.96759	Grasped	Default	
7.475098:6.644531:-15.5083	9.351563:9.197754:-15.23584	6.811523:8.037598:-20.35547	7.699219:9.70752:-14.33496	-0.4140715:14.73863:-37.74262	Grasped	Default	
7.145508:6.864258:-15.47314	9.162598:9.333984:-15.27539	6.684082:8.041992:-20.4082	7.523438:9.966797:-14.47119	-0.4758465:14.83962:-38.02097	Grasped	CupRight	
7.145508:6.864258:-15.47314	9.162598:9.333984:-15.27539	6.684082:8.041992:-20.4082	7.523438:9.966797:-14.47119	-0.2605525:14.61683:-37.35359	Grasped	Default	
7.145508:6.864258:-15.47314	9.162598:9.333984:-15.27539	6.684082:8.041992:-20.4082	7.523438:9.966797:-14.47119	-0.07837766:14.41925:-36.74046	Grasped	Default	
7.145508:6.864258:-15.47314	9.162598:9.333984:-15.27539	6.684082:8.041992:-20.4082	7.523438:9.966797:-14.47119	0.07439464:14.23896:-36.21726	Grasped	Default	
7.145508:6.864258:-15.47314	9.162598:9.333984:-15.27539	6.684082:8.041992:-20.4082	7.523438:9.966797:-14.47119	-0.02787083:14.34958:-36.57612	Grasped	Default	
6.873047:7.123535:-15.41162	8.973633:9.461426:-15.29297	6.543457:8.085938:-20.42578	7.404785:10.23047:-14.58105	-0.2771224:14.63106:-37.39817	Grasped	Default	
6.873047:7.123535:-15.41162	8.973633:9.461426:-15.29297	6.543457:8.085938:-20.42578	7.404785:10.23047:-14.58105	-0.3292687:14.68709:-37.56957	Grasped	Default	
6.873047:7.123535:-15.41162	8.973633:9.461426:-15.29297	6.543457:8.085938:-20.42578	7.404785:10.23047:-14.58105	1.745859:12.44292:-30.76552	Grasped	Default	
6.512695:7.404785:-15.31934	8.841797:9.575684:-15.29736	6.407227:8.090332:-20.39941	7.334473:10.51172:-14.72168	-0.09908327:14.44626:-36.84235	Grasped	Default	
6.512695:7.404785:-15.31934	8.841797:9.575684:-15.29736	6.407227:8.090332:-20.39941	7.334473:10.51172:-14.72168	-0.3013069:14.6577:-37.47514	Grasped	Default	
6.512695:7.404785:-15.31934	8.841797:9.575684:-15.29736	6.407227:8.090332:-20.39941	7.334473:10.51172:-14.72168	-0.177274:14.52652:-37.08235	Grasped	Default	
6.512695:7.404785:-15.31934	8.841797:9.575684:-15.29736	6.407227:8.090332:-20.39941	7.334473:10.51172:-14.72168	-0.3352129:14.69443:-37.57624	Grasped	Default	
6.108398:7.554199:-15.22705	8.564941:9.654785:-15.1875	6.169922:8.125488:-20.32471	7.044434:10.70508:-14.73926	-0.03772581:14.38544:-36.6652	Grasped	Default	
6.108398:7.554199:-15.22705	8.564941:9.654785:-15.1875	6.169922:8.125488:-20.32471	7.044434:10.70508:-14.73926	-0.1170392:14.46623:-36.93468	Grasped	Bottle	
6.108398:7.554199:-15.22705	8.564941:9.654785:-15.1875	6.169922:8.125488:-20.32471	7.044434:10.70508:-14.73926	-0.1170392:14.46623:-36.93468	Grasped	Bottle	
5.629395:7.686035:-15.104	8.094727:9.738281:-15.04688	5.862305:8.147461:-20.21484	6.635742:10.84131:-14.66895	-0.1170392:14.46623:-36.93468	Grasped	Bottle	
5.629395:7.686035:-15.104	8.094727:9.738281:-15.04688	5.862305:8.147461:-20.21484	6.635742:10.84131:-14.66895	-0.1170392:14.46623:-36.93468	Grasped	Bottle	
5.629395:7.686035:-15.104	8.094727:9.738281:-15.04688	5.862305:8.147461:-20.21484	6.635742:10.84131:-14.66895	-0.1170392:14.46623:-36.93468	Grasped	Bottle	
5.172363:7.769531:-14.96338	7.743164:9.716309:-14.85791	5.541504:8.147461:-20.07422	6.288574:10.9248:-14.57227	-0.1170392:14.46623:-36.93468	Grasped	Bottle	
5.172363:7.769531:-14.96338	7.743164:9.716309:-14.85791	5.541504:8.147461:-20.07422	6.288574:10.9248:-14.57227	-0.1170392:14.46623:-36.93468	Grasped	Bottle	
5.172363:7.769531:-14.96338	7.743164:9.716309:-14.85791	5.541504:8.147461:-20.07422	6.288574:10.9248:-14.57227	-0.1170392:14.46623:-36.93468	Grasped	Bottle	
5.172363:7.769531:-14.96338	7.743164:9.716309:-14.85791	5.541504:8.147461:-20.07422	6.288574:10.9248:-14.57227	-0.1170392:14.46623:-36.93468	Grasped	Bottle	
4.741699:7.773926:-14.80518	7.369629:9.628418:-14.65576	5.269043:8.147461:-19.93359	5.941406:10.90723:-14.40088	-0.1170392:14.46623:-36.93468	Grasped	Bottle	
4.741699:7.773926:-14.80518	7.369629:9.628418:-14.65576	5.269043:8.147461:-19.93359	5.941406:10.90723:-14.40088	-0.1170392:14.46623:-36.93468	Grasped	Bottle	
4.741699:7.773926:-14.80518	7.369629:9.628418:-14.65576	5.269043:8.147461:-19.93359	5.941406:10.90723:-14.40088	-0.1170392:14.46623:-36.93468	Grasped	Bottle	
4.741699:7.773926:-14.80518	7.369629:9.628418:-14.65576	5.269043:8.147461:-19.93359	5.941406:10.90723:-14.40088	-0.3161852:14.66066:-36.46878	Grasped	Default	
4.425293:7.677246:-14.63379	7.009277:9.593262:-14.45801	5.027344:8.125488:-19.7666	5.598633:10.85889:-14.20752	-0.3752168:14.71005:-36.80846	Grasped	Default	
4.425293:7.677246:-14.63379	7.009277:9.593262:-14.45801	5.027344:8.125488:-19.7666	5.598633:10.85889:-14.20752	-0.3413459:14.69582:-36.6852	Grasped	Default	
4.425293:7.677246:-14.63379	7.009277:9.593262:-14.45801	5.027344:8.125488:-19.7666	5.598633:10.85889:-14.20752	-0.397604:14.77409:-37.19476	Grasped	Default	
4.275879:7.655273:-14.49756	6.851074:9.575684:-14.32178	4.87793:8.112305:-19.62598	5.405273:10.83691:-14.05811	-0.2840503:14.65907:-36.42609	Grasped	Default	
4.275879:7.655273:-14.49756	6.851074:9.575684:-14.32178	4.87793:8.112305:-19.62598	5.405273:10.83691:-14.05811	-0.3362954:14.72433:-36.80199	Grasped	Default	
4.275879:7.655273:-14.49756	6.851074:9.575684:-14.32178	4.87793:8.112305:-19.62598	5.405273:10.83691:-14.05811	-0.3981941:14.78686:-37.24895	Grasped	Default	
4.275879:7.655273:-14.49756	6.851074:9.575684:-14.32178	4.87793:8.112305:-19.62598	5.405273:10.83691:-14.05811	-0.3634945:14.75094:-36.98953	Grasped	Default	
4.183594:7.646484:-14.37451	6.758789:9.584473:-14.21191	4.790039:8.099121:-19.50732	5.312988:10.83252:-13.95264	-0.345663:14.7288:-36.84023	Grasped	Default	
4.183594:7.646484:-14.37451	6.758789:9.584473:-14.21191	4.790039:8.099121:-19.50732	5.312988:10.83252:-13.95264	-0.3743176:14.75011:-37.0024	Grasped	Default	
4.183594:7.646484:-14.37451	6.758789:9.584473:-14.21191	4.790039:8.099121:-19.50732	5.312988:10.83252:-13.95264	-0.3760667:14.7506:-37.01252	Grasped	Default	
4.12207:7.624512:-14.26465	6.714844:9.553711:-14.08447	4.737305:8.063965:-19.39746	5.238281:10.81494:-13.85596	-0.3859764:14.76089:-37.0784	Grasped	Default	
4.12207:7.624512:-14.26465	6.714844:9.553711:-14.08447	4.737305:8.063965:-19.39746	5.238281:10.81494:-13.85596	-0.2233177:14.35936:-35.35676	Grasped	Default	
4.12207:7.624512:-14.26465	6.714844:9.553711:-14.08447	4.737305:8.063965:-19.39746	5.238281:10.81494:-13.85596	-0.5050671:14.65594:-37.35705	Grasped	Default	
4.12207:7.624512:-14.26465	6.714844:9.553711:-14.08447	4.737305:8.063965:-19.39746	5.238281:10.81494:-13.85596	-0.5400128:14.69613:-37.61678	Grasped	Default	
3.977051:7.598145:-14.13721	6.640137:9.461426:-13.94824	4.671387:7.993652:-19.27002	5.172363:10.77979:-13.75488	-0.5475545:14.79163:-37.87582	Grasped	Default	
3.977051:7.598145:-14.13721	6.640137:9.461426:-13.94824	4.671387:7.993652:-19.27002	5.172363:10.77979:-13.75488	-0.5456305:14.76702:-37.79638	Grasped	Default	
3.977051:7.598145:-14.13721	6.640137:9.461426:-13.94824	4.671387:7.993652:-19.27002	5.172363:10.77979:-13.75488	-0.5434657:14.75758:-37.77892	Grasped	Default	
3.75293:7.571777:-14.01416	6.477539:9.320801:-13.78564	4.543945:7.879395:-19.13379	5.031738:10.72266:-13.67139	-0.5455186:14.75532:-37.76875	Grasped	Default	
3.75293:7.571777:-14.01416	6.477539:9.320801:-13.78564	4.543945:7.879395:-19.13379	5.031738:10.72266:-13.67139	-0.5452327:14.74316:-37.73516	Grasped	Default	
3.75293:7.571777:-14.01416	6.477539:9.320801:-13.78564	4.543945:7.879395:-19.13379	5.031738:10.72266:-13.67139	-0.546948:14.73328:-37.71254	Grasped	Default	
3.357422:7.519043:-13.87354	6.143555:9.114258:-13.60107	4.280273:7.69043:-18.9668	4.724121:10.59521:-13.5791	-0.5471475:14.72732:-37.69773	Grasped	Default	
3.357422:7.519043:-13.87354	6.143555:9.114258:-13.60107	4.280273:7.69043:-18.9668	4.724121:10.59521:-13.5791	-0.5470889:14.70866:-37.65209	Grasped	Default	
3.357422:7.519043:-13.87354	6.143555:9.114258:-13.60107	4.280273:7.69043:-18.9668	4.724121:10.59521:-13.5791	-0.544818:14.69557:-37.61925	Grasped	Default	
3.357422:7.519043:-13.87354	6.143555:9.114258:-13.60107	4.280273:7.69043:-18.9668	4.724121:10.59521:-13.5791	-0.5478901:14.70788:-37.65532	Grasped	Default	
3.357422:7.519043:-13.87354	6.143555:9.114258:-13.60107	4.280273:7.69043:-18.9668	4.724121:10.59521:-13.5791	-0.5473138:14.72423:-37.70039	Grasped	Default	
2.772949:7.303711:-13.70215	5.625:8.837402:-13.39893	3.875977:7.426758:-18.78662	4.214355:10.37988:-13.5	-0.5424306:14.6897:-37.61016	Grasped	Default	
2.772949:7.303711:-13.70215	5.625:8.837402:-13.39893	3.875977:7.426758:-18.78662	4.214355:10.37988:-13.5	-0.5401264:14.6752:-37.56759	Grasped	Default	
2.772949:7.303711:-13.70215	5.625:8.837402:-13.39893	3.875977:7.426758:-18.78662	4.214355:10.37988:-13.5	-0.5265244:14.63218:-37.45536	Grasped	Default	
2.11377:6.969727:-13.52637	4.974609:8.499023:-13.14844	3.366211:7.088379:-18.57568	3.568359:10.06348:-13.38574	-0.4889481:14.65784:-37.49163	Grasped	Default	
2.11377:6.969727:-13.52637	4.974609:8.499023:-13.14844	3.366211:7.088379:-18.57568	3.568359:10.06348:-13.38574	-0.04707283:13.01723:-32.76899	Grasped	Default	
2.11377:6.969727:-13.52637	4.974609:8.499023:-13.14844	3.366211:7.088379:-18.57568	3.568359:10.06348:-13.38574	-0.5268611:14.80499:-37.92165	Grasped	Bottle	
1.450195:6.596191:-13.3418	4.311035:8.099121:-12.91553	2.803711:6.710449:-18.35156	2.904785:9.69873:-13.20557	-0.4908884:14.67221:-37.54769	Grasped	Bottle	
1.450195:6.596191:-13.3418	4.311035:8.099121:-12.91553	2.803711:6.710449:-18.35156	2.904785:9.69873:-13.20557	-0.4682671:14.59595:-37.33609	Grasped	Bottle	
1.450195:6.596191:-13.3418	4.311035:8.099121:-12.91553	2.803711:6.710449:-18.35156	2.904785:9.69873:-13.20557	-0.4757194:14.61633:-37.38985	Grasped	Bottle	
1.450195:6.596191:-13.3418	4.311035:8.099121:-12.91553	2.803711:6.710449:-18.35156	2.904785:9.69873:-13.20557	-0.464427:14.57587:-37.28091	Grasped	Bottle	
0.7119141:6.213867:-13.1792	3.594727:7.725586:-12.68262	2.192871:6.350098:-18.14063	2.140137:9.338379:-13.01221	-0.4664441:14.57301:-37.27461	Grasped	Bottle	
0.7119141:6.213867:-13.1792	3.594727:7.725586:-12.68262	2.192871:6.350098:-18.14063	2.140137:9.338379:-13.01221	-0.4661515:14.57247:-37.2725	Grasped	Hand	
0.7119141:6.213867:-13.1792	3.594727:7.725586:-12.68262	2.192871:6.350098:-18.14063	2.140137:9.338379:-13.01221	-0.4667921:14.57367:-37.27886	Grasped	Hand	
0.1186523:5.937012:-13.04297	2.992676:7.475098:-12.49805	1.691895:6.099609:-17.98242	1.50293:9.061523:-12.84082	-0.4465663:14.49364:-37.0506	Grasped	Hand	
0.1186523:5.937012:-13.04297	2.992676:7.475098:-12.49805	1.691895:6.099609:-17.98242	1.50293:9.061523:-12.84082	-0.4360899:14.46217:-36.95748	Grasped	Bottle	
0.1186523:5.937012:-13.04297	2.992676:7.475098:-12.49805	1.691895:6.099609:-17.98242	1.50293:9.061523:-12.84082	-0.4491551:14.5119:-37.09365	Grasped	Bottle	
0.1186523:5.937012:-13.04297	2.992676:7.475098:-12.49805	1.691895:6.099609:-17.98242	1.50293:9.061523:-12.84082	-0.4739761:14.5615:-37.24846	Grasped	Hand	
-0.2636719:5.77002:-12.93311	2.610352:7.290527:-12.375	1.322754:5.928223:-17.85059	1.155762:8.90332:-12.73096	-0.4911673:14.61646:-37.40181	Grasped	Hand	
-0.2636719:5.77002:-12.93311	2.610352:7.290527:-12.375	1.322754:5.928223:-17.85059	1.155762:8.90332:-12.73096	-0.4890747:14.61601:-37.39983	Grasped	Bottle	
-0.2636719:5.77002:-12.93311	2.610352:7.290527:-12.375	1.322754:5.928223:-17.85059	1.155762:8.90332:-12.73096	-0.4859248:14.59202:-37.33606	Grasped	Bottle	
-0.2636719:5.77002:-12.93311	2.610352:7.290527:-12.375	1.322754:5.928223:-17.85059	1.155762:8.90332:-12.73096	-0.4937553:14.63081:-37.43845	Grasped	Bottle	
-0.487793:5.717285:-12.8584	2.373047:7.246582:-12.2959	1.125:5.849121:-17.77588	0.9448242:8.85498:-12.68262	-0.4883696:14.60782:-37.37336	Grasped	Bottle	
-0.487793:5.717285:-12.8584	2.373047:7.246582:-12.2959	1.125:5.849121:-17.77588	0.9448242:8.85498:-12.68262	-0.4877197:14.6031:-37.35959	Grasped	Bottle	
-0.487793:5.717285:-12.8584	2.373047:7.246582:-12.2959	1.125:5.849121:-17.77588	0.9448242:8.85498:-12.68262	-0.4866426:14.5986:-37.34472	Grasped	Bottle	
-0.4921875:5.756836:-12.854	2.34668:7.330078:-12.32666	1.067871:5.853516:-17.76709	0.9008789:8.894531:-12.70459	-0.4822389:14.58728:-37.31405	Grasped	Bottle	
-0.4921875:5.756836:-12.854	2.34668:7.330078:-12.32666	1.067871:5.853516:-17.76709	0.9008789:8.894531:-12.70459	-0.4685072:14.53943:-37.18328	Grasped	Bottle	
-0.4921875:5.756836:-12.854	2.34668:7.330078:-12.32666	1.067871:5.853516:-17.76709	0.9008789:8.894531:-12.70459	-0.4658291:14.53838:-37.17722	Grasped	Bottle	
-0.2197266:5.915039:-12.91553	2.562012:7.589355:-12.50244	1.190918:5.945801:-17.8374	1.07666:9.109863:-12.854	-0.377631:14.37192:-36.74103	Grasped	Default	
-0.2197266:5.915039:-12.91553	2.562012:7.589355:-12.50244	1.190918:5.945801:-17.8374	1.07666:9.109863:-12.854	-0.5067113:14.85385:-38.06049	Grasped	Default	
-0.2197266:5.915039:-12.91553	2.562012:7.589355:-12.50244	1.190918:5.945801:-17.8374	1.07666:9.109863:-12.854	-0.17667:14.52838:-37.17352	Grasped	CupRight	
-0.2197266:5.915039:-12.91553	2.562012:7.589355:-12.50244	1.190918:5.945801:-17.8374	1.07666:9.109863:-12.854	-0.4501473:14.80812:-37.92633	Grasped	Default	
0.347168:6.073242:-13.02539	3.062988:7.879395:-12.77051	1.546875:6.09082:-17.99121	1.555664:9.333984:-13.05176	-0.2645533:14.60489:-37.38446	Grasped	CupRight	
0.347168:6.073242:-13.02539	3.062988:7.879395:-12.77051	1.546875:6.09082:-17.99121	1.555664:9.333984:-13.05176	-0.3718073:14.73769:-37.73331	Grasped	Default	
0.347168:6.073242:-13.02539	3.062988:7.879395:-12.77051	1.546875:6.09082:-17.99121	1.555664:9.333984:-13.05176	-0.1358224:14.49845:-37.07754	Grasped	Default	
1.248047:6.191895:-13.20996	3.884766:8.143066:-13.17041	2.109375:6.249023:-18.22412	2.280762:9.492188:-13.2627	-0.2473249:14.6172:-37.40873	Grasped	CupRight	
1.248047:6.191895:-13.20996	3.884766:8.143066:-13.17041	2.109375:6.249023:-18.22412	2.280762:9.492188:-13.2627	-0.001026511:14.33266:-36.68932	Grasped	CupRight	
1.248047:6.191895:-13.20996	3.884766:8.143066:-13.17041	2.109375:6.249023:-18.22412	2.280762:9.492188:-13.2627	1.040552:13.25557:-33.85015	Grasped	CupRight	
1.248047:6.191895:-13.20996	3.884766:8.143066:-13.17041	2.109375:6.249023:-18.22412	2.280762:9.492188:-13.2627	-0.2543322:14.6017:-37.40838	Grasped	CupRight	
2.285156:6.200684:-13.46484	4.794434:8.34082:-13.5791	2.777344:6.376465:-18.50098	3.120117:9.575684:-13.49121	-0.5409315:14.91417:-38.22485	Grasped	CupRight	
2.285156:6.200684:-13.46484	4.794434:8.34082:-13.5791	2.777344:6.376465:-18.50098	3.120117:9.575684:-13.49121	-0.511964:14.87979:-38.1385	Grasped	CupRight	
2.285156:6.200684:-13.46484	4.794434:8.34082:-13.5791	2.777344:6.376465:-18.50098	3.120117:9.575684:-13.49121	-0.4588512:14.82078:-37.99348	Grasped	CupRight	
3.375:6.125977:-13.79004	5.646973:8.503418:-13.97021	3.506836:6.473145:-18.81738	3.941895:9.575684:-13.72852	-0.5329263:14.90476:-38.2041	Grasped	CupRight	
3.375:6.125977:-13.79004	5.646973:8.503418:-13.97021	3.506836:6.473145:-18.81738	3.941895:9.575684:-13.72852	-0.5364191:14.9147:-38.2244	Grasped	CupRight	
3.375:6.125977:-13.79004	5.646973:8.503418:-13.97021	3.506836:6.473145:-18.81738	3.941895:9.575684:-13.72852	2.539998:11.58341:-29.42498	Grasped	CupRight	
3.375:6.125977:-13.79004	5.646973:8.503418:-13.97021	3.506836:6.473145:-18.81738	3.941895:9.575684:-13.72852	-0.3893806:14.75263:-37.8091	Grasped	CupRight	
4.460449:5.972168:-14.16357	6.495117:8.57373:-14.33936	4.284668:6.56543:-19.14258	4.785645:9.470215:-13.91748	-0.1021814:14.441:-37.01598	Grasped	CupRight	
4.460449:5.972168:-14.16357	6.495117:8.57373:-14.33936	4.284668:6.56543:-19.14258	4.785645:9.470215:-13.91748	-0.07732603:14.40299:-36.91663	Grasped	CupRight	
4.460449:5.972168:-14.16357	6.495117:8.57373:-14.33936	4.284668:6.56543:-19.14258	4.785645:9.470215:-13.91748	-0.08084774:14.41047:-36.93748	Grasped	CupRight	
5.550293:5.774414:-14.5459	7.391602:8.57373:-14.64258	4.996582:6.631348:-19.41504	5.581055:9.285645:-14.03613	-0.1822222:14.51861:-37.21357	Grasped	CupRight	
5.550293:5.774414:-14.5459	7.391602:8.57373:-14.64258	4.996582:6.631348:-19.41504	5.581055:9.285645:-14.03613	-0.2035921:14.54551:-37.27777	Grasped	Bottle	
5.550293:5.774414:-14.5459	7.391602:8.57373:-14.64258	4.996582:6.631348:-19.41504	5.581055:9.285645:-14.03613	-0.2154608:14.5562:-37.30624	Grasped	Bottle	
5.550293:5.774414:-14.5459	7.391602:8.57373:-14.64258	4.996582:6.631348:-19.41504	5.581055:9.285645:-14.03613	-0.2309946:14.5744:-37.3507	Grasped	Bottle	
6.446777:5.554688:-14.84912	8.081543:8.490234:-14.81836	5.695313:6.70166:-19.63477	6.336914:9.04834:-14.09326	-0.2206187:14.55893:-37.31162	Grasped	Bottle	
6.446777:5.554688:-14.84912	8.081543:8.490234:-14.81836	5.695313:6.70166:-19.63477	6.336914:9.04834:-14.09326	-0.198894:14.53645:-37.25077	Grasped	Bottle	
6.446777:5.554688:-14.84912	8.081543:8.490234:-14.81836	5.695313:6.70166:-19.63477	6.336914:9.04834:-14.09326	-0.2070158:14.54312:-37.26925	Grasped	Bottle	
6.446777:5.554688:-14.84912	8.081543:8.490234:-14.81836	5.695313:6.70166:-19.63477	6.336914:9.04834:-14.09326	-0.4650161:14.8331:-38.03592	Grasped	Hand	
7.259766:5.387695:-15.1084	8.714355:8.38916:-14.94141	6.240234:6.776367:-19.77539	6.938965:8.841797:-14.10645	-0.4703197:14.83735:-38.03837	Grasped	Hand	
7.259766:5.387695:-15.1084	8.714355:8.38916:-14.94141	6.240234:6.776367:-19.77539	6.938965:8.841797:-14.10645	-0.3605502:14.71547:-37.7175	Grasped	Hand	
7.259766:5.387695:-15.1084	8.714355:8.38916:-14.94141	6.240234:6.776367:-19.77539	6.938965:8.841797:-14.10645	-0.2814911:14.62495:-37.4832	Grasped	Hand	
7.866211:5.282227:-15.24023	9.114258:8.327637:-14.89746	6.644531:6.873047:-19.8501	7.334473:8.586914:-14.03174	-0.2518539:14.5908:-37.39314	Grasped	Hand	
7.866211:5.282227:-15.24023	9.114258:8.327637:-14.89746	6.644531:6.873047:-19.8501	7.334473:8.586914:-14.03174	-0.2181523:14.55705:-37.3119	Grasped	Hand	
7.866211:5.282227:-15.24023	9.114258:8.327637:-14.89746	6.644531:6.873047:-19.8501	7.334473:8.586914:-14.03174	-0.2021929:14.54006:-37.26559	Grasped	Hand	
8.362793:5.189941:-15.32813	9.364746:8.261719:-14.81396	6.956543:6.952148:-19.87207	7.624512:8.318848:-13.93506	-0.1386429:14.46266:-37.08389	Grasped	Hand	
8.362793:5.189941:-15.32813	9.364746:8.261719:-14.81396	6.956543:6.952148:-19.87207	7.624512:8.318848:-13.93506	-0.2266035:14.5706:-37.34282	Grasped	CupRight	
8.362793:5.189941:-15.32813	9.364746:8.261719:-14.81396	6.956543:6.952148:-19.87207	7.624512:8.318848:-13.93506	-0.2727094:14.62733:-37.48452	Grasped	CupRight	
8.362793:5.189941:-15.32813	9.364746:8.261719:-14.81396	6.956543:6.952148:-19.87207	7.624512:8.318848:-13.93506	-0.5342302:14.9151:-38.22284	Grasped	CupRight	
8.81543:5.088867:-15.41602	9.650391:8.116699:-14.69971	7.233398:7.048828:-19.85449	7.936523:8.002441:-13.79883	0.004976809:14.32032:-36.6808	Grasped	CupRight	
8.81543:5.088867:-15.41602	9.650391:8.116699:-14.69971	7.233398:7.048828:-19.85449	7.936523:8.002441:-13.79883	-0.2128084:14.55486:-37.28949	Grasped	CupRight	
8.81543:5.088867:-15.41602	9.650391:8.116699:-14.69971	7.233398:7.048828:-19.85449	7.936523:8.002441:-13.79883	-0.2422694:14.58504:-37.36685	Grasped	CupRight	
9.303223:4.952637:-15.48633	9.900879:7.92334:-14.57666	7.479492:7.12793:-19.81934	8.261719:7.659668:-13.68018	0.2316983:14.06429:-35.99435	Grasped	CupRight	
9.303223:4.952637:-15.48633	9.900879:7.92334:-14.57666	7.479492:7.12793:-19.81934	8.261719:7.659668:-13.68018	-0.04984349:14.38591:-36.84223	Grasped	CupRight	
9.303223:4.952637:-15.48633	9.900879:7.92334:-14.57666	7.479492:7.12793:-19.81934	8.261719:7.659668:-13.68018	0.2445402:14.05616:-35.96066	Grasped	CupRight	
9.303223:4.952637:-15.48633	9.900879:7.92334:-14.57666	7.479492:7.12793:-19.81934	8.261719:7.659668:-13.68018	-0.3470757:14.68553:-37.62096	Grasped	CupRight	
9.676758:4.860352:-15.60938	10.09424:7.703613:-14.43604	7.69043:7.193848:-19.77539	8.520996:7.246582:-13.57031	0.1214837:14.20308:-36.31202	Grasped	CupRight	
9.676758:4.860352:-15.60938	10.09424:7.703613:-14.43604	7.69043:7.193848:-19.77539	8.520996:7.246582:-13.57031	0.04284805:14.27816:-36.5495	Grasped	CupRight	
9.676758:4.860352:-15.60938	10.09424:7.703613:-14.43604	7.69043:7.193848:-19.77539	8.520996:7.246582:-13.57031	0.4072899:13.91987:-35.59615	Grasped	CupRight	
9.984375:4.816406:-15.64453	10.2085:7.576172:-14.27783	7.848633:7.272949:-19.74463	8.683594:6.903809:-13.50439	0.4098741:13.90981:-35.57312	Grasped	CupRight	
9.984375:4.816406:-15.64453	10.2085:7.576172:-14.27783	7.848633:7.272949:-19.74463	8.683594:6.903809:-13.50439	1.219853:13.0345:-33.29545	Grasped	CupRight	
9.984375:4.816406:-15.64453	10.2085:7.576172:-14.27783	7.848633:7.272949:-19.74463	8.683594:6.903809:-13.50439	-0.04700333:14.445:-36.9757	Grasped	Bottle	
9.984375:4.816406:-15.64453	10.2085:7.576172:-14.27783	7.848633:7.272949:-19.74463	8.683594:6.903809:-13.50439	-0.1004948:14.45565:-37.03039	Grasped	CupRight	
10.21729:4.798828:-15.67969	10.26123:7.325684:-14.10205	7.949707:7.365234:-19.69629	8.802246:6.46875:-13.43848	0.506698:13.90496:-35.53485	Grasped	Bottle	
10.21729:4.798828:-15.67969	10.26123:7.325684:-14.10205	7.949707:7.365234:-19.69629	8.802246:6.46875:-13.43848	0.6029717:13.78498:-35.25056	Grasped	Bottle	
10.21729:4.798828:-15.67969	10.26123:7.325684:-14.10205	7.949707:7.365234:-19.69629	8.802246:6.46875:-13.43848	0.3152085:14.07026:-36.01962	Grasped	Bottle	
10.47217:4.671387:-15.69287	10.31836:6.965332:-13.93066	7.998047:7.431152:-19.604	8.938477:5.910645:-13.39014	-0.402219:14.78371:-37.8933	Grasped	CupRight	
10.47217:4.671387:-15.69287	10.31836:6.965332:-13.93066	7.998047:7.431152:-19.604	8.938477:5.910645:-13.39014	-0.2821386:14.6681:-37.59398	Grasped	Bottle	
10.47217:4.671387:-15.69287	10.31836:6.965332:-13.93066	7.998047:7.431152:-19.604	8.938477:5.910645:-13.39014	0.0508762:14.34399:-36.74855	Grasped	Bottle	
10.66113:4.746094:-15.68848	10.40186:6.771973:-13.77686	8.055176:7.492676:-19.49414	9.083496:5.57666:-13.31982	-0.1970734:14.58364:-37.37501	Grasped	Bottle	
10.66113:4.746094:-15.68848	10.40186:6.771973:-13.77686	8.055176:7.492676:-19.49414	9.083496:5.57666:-13.31982	-0.174616:14.56065:-37.31482	Grasped	Bottle	
10.66113:4.746094:-15.68848	10.40186:6.771973:-13.77686	8.055176:7.492676:-19.49414	9.083496:5.57666:-13.31982	-0.1907878:14.5828:-37.36424	Grasped	Bottle	
10.66113:4.746094:-15.68848	10.40186:6.771973:-13.77686	8.055176:7.492676:-19.49414	9.083496:5.57666:-13.31982	-0.2365262:14.62601:-37.47558	Grasped	Bottle	
10.83252:4.768066:-15.60938	10.43262:6.679688:-13.60986	8.103516:7.536621:-19.3623	9.18457:5.396484:-13.22754	-0.2744651:14.66378:-37.56653	Grasped	Bottle	
10.83252:4.768066:-15.60938	10.43262:6.679688:-13.60986	8.103516:7.536621:-19.3623	9.18457:5.396484:-13.22754	-0.4848414:14.86935:-38.09929	Grasped	Bottle	
10.83252:4.768066:-15.60938	10.43262:6.679688:-13.60986	8.103516:7.536621:-19.3623	9.18457:5.396484:-13.22754	-0.4856036:14.86942:-38.10073	Grasped	Bottle	
10.83252:4.768066:-15.60938	10.43262:6.679688:-13.60986	8.103516:7.536621:-19.3623	9.18457:5.396484:-13.22754	-0.2015274:14.56831:-37.32614	Grasped	Bottle	
10.95996:4.820801:-15.5083	10.47656:6.574219:-13.40771	8.143066:7.589355:-19.19531	9.254883:5.194336:-13.11328	-0.1124827:14.49054:-37.10153	Grasped	Bottle	
10.95996:4.820801:-15.5083	10.47656:6.574219:-13.40771	8.143066:7.589355:-19.19531	9.254883:5.194336:-13.11328	-0.06014013:14.4288:-36.95748	Grasped	Bottle	
10.95996:4.820801:-15.5083	10.47656:6.574219:-13.40771	8.143066:7.589355:-19.19531	9.254883:5.194336:-13.11328	0.07275772:14.2972:-36.5994	Grasped	Bottle	
11.13574:4.847168:-15.3501	10.47656:6.429199:-13.20996	8.178223:7.624512:-19.00635	9.338379:4.974609:-12.98145	0.02401477:14.35137:-36.74844	Grasped	Bottle	
11.13574:4.847168:-15.3501	10.47656:6.429199:-13.20996	8.178223:7.624512:-19.00635	9.338379:4.974609:-12.98145	0.0527482:14.33109:-36.65868	Grasped	Bottle	
11.13574:4.847168:-15.3501	10.47656:6.429199:-13.20996	8.178223:7.624512:-19.00635	9.338379:4.974609:-12.98145	0.157011:14.21876:-36.36851	Grasped	Bottle	
11.24121:4.873535:-15.21387	10.49414:6.385254:-12.97705	8.200195:7.668457:-18.78223	9.399902:4.873535:-12.80127	-0.1703181:14.54596:-37.2468	Grasped	Bottle	
11.24121:4.873535:-15.21387	10.49414:6.385254:-12.97705	8.200195:7.668457:-18.78223	9.399902:4.873535:-12.80127	-0.2560056:14.62645:-37.45934	Grasped	Bottle	
11.24121:4.873535:-15.21387	10.49414:6.385254:-12.97705	8.200195:7.668457:-18.78223	9.399902:4.873535:-12.80127	-0.2295516:14.59984:-37.3853	Grasped	Bottle	
11.24121:4.873535:-15.21387	10.49414:6.385254:-12.97705	8.200195:7.668457:-18.78223	9.399902:4.873535:-12.80127	-0.2290851:14.59601:-37.38258	Grasped	Bottle	
11.28516:5.018555:-15.01611	10.46338:6.46875:-12.74854	8.208984:7.751953:-18.55811	9.42627:4.921875:-12.56396	-0.3209341:14.69264:-37.63054	Grasped	CupRight	
11.28516:5.018555:-15.01611	10.46338:6.46875:-12.74854	8.208984:7.751953:-18.55811	9.42627:4.921875:-12.56396	-0.3250904:14.69461:-37.64142	Grasped	CupRight	
11.28516:5.018555:-15.01611	10.46338:6.46875:-12.74854	8.208984:7.751953:-18.55811	9.42627:4.921875:-12.56396	-0.3174956:14.68983:-37.61907	Grasped	CupRight	
11.28516:5.018555:-15.01611	10.46338:6.46875:-12.74854	8.208984:7.751953:-18.55811	9.42627:4.921875:-12.56396	-0.3527137:14.72343:-37.70709	Grasped	CupRight	
11.33789:5.150391:-14.80957	10.42822:6.556641:-12.46729	8.213379:7.888184:-18.29883	9.443848:4.979004:-12.33545	-0.3651547:14.74218:-37.74963	Grasped	CupRight	
11.33789:5.150391:-14.80957	10.42822:6.556641:-12.46729	8.213379:7.888184:-18.29883	9.443848:4.979004:-12.33545	-0.3644674:14.73687:-37.73578	Grasped	CupRight	
11.33789:5.150391:-14.80957	10.42822:6.556641:-12.46729	8.213379:7.888184:-18.29883	9.443848:4.979004:-12.33545	-0.3437636:14.71266:-37.66405	Grasped	CupRight	
11.43018:5.251465:-14.625	10.40186:6.640137:-12.20801	8.213379:8.024414:-18.05273	9.474609:5.018555:-12.12451	-0.3139928:14.674:-37.57712	Grasped	CupRight	
11.43018:5.251465:-14.625	10.40186:6.640137:-12.20801	8.213379:8.024414:-18.05273	9.474609:5.018555:-12.12451	-0.3318973:14.69518:-37.63179	Grasped	CupRight	
11.43018:5.251465:-14.625	10.40186:6.640137:-12.20801	8.213379:8.024414:-18.05273	9.474609:5.018555:-12.12451	-0.3403909:14.70659:-37.65841	Grasped	CupRight	
11.46533:5.39209:-14.44482	10.3623:6.745605:-12.00586	8.213379:8.138672:-17.8418	9.500977:5.084473:-11.93115	-0.3291824:14.6933:-37.62633	Grasped	CupRight	
11.46533:5.39209:-14.44482	10.3623:6.745605:-12.00586	8.213379:8.138672:-17.8418	9.500977:5.084473:-11.93115	-0.3486149:14.71569:-37.68843	Grasped	CupRight	
11.46533:5.39209:-14.44482	10.3623:6.745605:-12.00586	8.213379:8.138672:-17.8418	9.500977:5.084473:-11.93115	-0.3232149:14.69157:-37.61882	Grasped	CupRight	
11.46533:5.39209:-14.44482	10.3623:6.745605:-12.00586	8.213379:8.138672:-17.8418	9.500977:5.084473:-11.93115	-0.4037458:14.79482:-37.88049	Grasped	CupRight	
11.55322:5.515137:-14.31299	10.3667:6.780762:-11.85205	8.222168:8.244141:-17.65723	9.553711:5.11084:-11.77295	-0.2721978:14.6376:-37.46856	Grasped	CupRight	
11.55322:5.515137:-14.31299	10.3667:6.780762:-11.85205	8.222168:8.244141:-17.65723	9.553711:5.11084:-11.77295	-0.3499828:14.72678:-37.71163	Grasped	CupRight	
11.55322:5.515137:-14.31299	10.3667:6.780762:-11.85205	8.222168:8.244141:-17.65723	9.553711:5.11084:-11.77295	-0.3610706:14.739:-37.73999	Grasped	CupRight	
11.64551:5.598633:-14.18555	10.33154:6.780762:-11.6543	8.244141:8.314453:-17.49902	9.575684:5.084473:-11.65869	-0.334595:14.7224:-37.68561	Grasped	Bottle	
11.64551:5.598633:-14.18555	10.33154:6.780762:-11.6543	8.244141:8.314453:-17.49902	9.575684:5.084473:-11.65869	-0.3452112:14.73839:-37.71718	Grasped	Bottle	
11.64551:5.598633:-14.18555	10.33154:6.780762:-11.6543	8.244141:8.314453:-17.49902	9.575684:5.084473:-11.65869	-0.3305237:14.71596:-37.66685	Grasped	CupRight	
11.64551:5.598633:-14.18555	10.33154:6.780762:-11.6543	8.244141:8.314453:-17.49902	9.575684:5.084473:-11.65869	-0.1374809:14.5019:-37.13426	Grasped	CupRight	
11.71582:5.651367:-14.05371	10.25684:6.697266:-11.50488	8.244141:8.345215:-17.354	9.593262:4.961426:-11.5708	-0.1952552:14.55947:-37.29327	Grasped	CupRight	
11.71582:5.651367:-14.05371	10.25684:6.697266:-11.50488	8.244141:8.345215:-17.354	9.593262:4.961426:-11.5708	-0.250988:14.62016:-37.44788	Grasped	CupRight	
