ThumbPosition	IndexPosition	PalmPosition	ObjectPosition	GazePosition	Annotations	GazeAnnotations	
-2.162109:3.304688:-25.875	0.4262695:2.100586:-25.58496	0.7514648:1.911621:-30.90674	0.8085938:7.993652:-11.59277	-0.1001857:13.59876:-37.97837	Start	Default	
-2.162109:3.304688:-25.875	0.4262695:2.100586:-25.58496	0.7514648:1.911621:-30.90674	0.8085938:7.993652:-11.59277	-0.1223703:13.59903:-37.97907	Start	Default	
-2.162109:3.304688:-25.875	0.4262695:2.100586:-25.58496	0.7514648:1.911621:-30.90674	0.8085938:7.993652:-11.59277	-0.1597758:13.60025:-37.98098	Start	Default	
-2.069824:3.370605:-25.80469	0.4306641:2.11377:-25.57617	0.7514648:1.907227:-30.89795	0.8085938:7.998047:-11.59277	-0.1610093:13.60007:-37.98214	Start	Default	
-2.069824:3.370605:-25.80469	0.4306641:2.11377:-25.57617	0.7514648:1.907227:-30.89795	0.8085938:7.998047:-11.59277	-0.1525825:13.5999:-37.98014	Start	Default	
-2.069824:3.370605:-25.80469	0.4306641:2.11377:-25.57617	0.7514648:1.907227:-30.89795	0.8085938:7.998047:-11.59277	-0.1412689:13.5997:-37.98312	Start	Default	
-2.069824:3.370605:-25.80469	0.4306641:2.11377:-25.57617	0.7514648:1.907227:-30.89795	0.8085938:7.998047:-11.59277	-0.1357249:13.59945:-37.98637	Start	Default	
-1.995117:3.445313:-25.7959	0.4438477:2.11377:-25.56299	0.7470703:1.911621:-30.88916	0.8085938:7.993652:-11.59277	-0.1368888:13.59955:-37.98656	Start	Default	
-1.995117:3.445313:-25.7959	0.4438477:2.11377:-25.56299	0.7470703:1.911621:-30.88916	0.8085938:7.993652:-11.59277	-0.1381748:13.59869:-38.00437	Start	Default	
-1.995117:3.445313:-25.7959	0.4438477:2.11377:-25.56299	0.7470703:1.911621:-30.88916	0.8085938:7.993652:-11.59277	-0.08923997:13.59577:-38.04377	Start	Default	
-1.986328:3.47168:-25.80908	0.4833984:2.118164:-25.54102	0.7470703:1.911621:-30.89355	0.8085938:7.993652:-11.59277	-0.09220155:13.59556:-38.06128	Start	Default	
-1.986328:3.47168:-25.80908	0.4833984:2.118164:-25.54102	0.7470703:1.911621:-30.89355	0.8085938:7.993652:-11.59277	-0.09245291:13.59581:-38.06141	Start	Default	
-1.986328:3.47168:-25.80908	0.4833984:2.118164:-25.54102	0.7470703:1.911621:-30.89355	0.8085938:7.993652:-11.59277	-0.08914743:13.58812:-38.03094	Start	Default	
-1.986328:3.47168:-25.80908	0.4833984:2.118164:-25.54102	0.7470703:1.911621:-30.89355	0.8085938:7.993652:-11.59277	-0.06795511:13.53626:-37.95638	Start	Default	
-1.929199:3.454102:-25.80908	0.4921875:2.091797:-25.53223	0.7470703:1.911621:-30.88477	0.8085938:7.998047:-11.59277	-0.1044115:13.51342:-38.07527	Start	Default	
-1.929199:3.454102:-25.80908	0.4921875:2.091797:-25.53223	0.7470703:1.911621:-30.88477	0.8085938:7.998047:-11.59277	-0.08680052:13.50139:-38.08039	Start	Default	
-1.929199:3.454102:-25.80908	0.4921875:2.091797:-25.53223	0.7470703:1.911621:-30.88477	0.8085938:7.998047:-11.59277	-0.08028011:13.51203:-38.13935	Start	Default	
-1.929199:3.454102:-25.80908	0.4921875:2.091797:-25.53223	0.7470703:1.911621:-30.88477	0.8085938:7.998047:-11.59277	-0.07851753:13.508:-38.12419	Start	Default	
-1.749023:3.476074:-25.75635	0.6503906:2.157715:-25.46631	0.7426758:1.933594:-30.854	0.8085938:7.998047:-11.59277	-0.07719785:13.50527:-38.12218	Start	Default	
-1.749023:3.476074:-25.75635	0.6503906:2.157715:-25.46631	0.7426758:1.933594:-30.854	0.8085938:7.998047:-11.59277	-0.1032822:13.50408:-38.11166	Start	Default	
-1.749023:3.476074:-25.75635	0.6503906:2.157715:-25.46631	0.7426758:1.933594:-30.854	0.8085938:7.998047:-11.59277	-0.1274639:13.50358:-38.10196	Start	Default	
-1.775391:3.401367:-26.28809	1.177734:2.649902:-24.78076	0.8305664:2.487305:-30.28271	0.8085938:7.998047:-11.59277	-0.1276692:13.50288:-38.10069	Start	Default	
-1.775391:3.401367:-26.28809	1.177734:2.649902:-24.78076	0.8305664:2.487305:-30.28271	0.8085938:7.998047:-11.59277	-0.1275439:13.49969:-38.08982	Start	Default	
-1.775391:3.401367:-26.28809	1.177734:2.649902:-24.78076	0.8305664:2.487305:-30.28271	0.8085938:7.998047:-11.59277	-0.113218:13.48476:-38.05677	Start	Default	
-1.775391:3.401367:-26.28809	1.177734:2.649902:-24.78076	0.8305664:2.487305:-30.28271	0.8085938:7.998047:-11.59277	-0.09421626:13.48084:-38.06558	Start	Default	
-1.964355:3.651855:-25.81787	1.401855:3.75293:-23.57666	0.9228516:3.687012:-29.06104	0.8085938:7.998047:-11.59277	-0.09039124:13.48431:-38.10469	Start	CupRight	
-1.964355:3.651855:-25.81787	1.401855:3.75293:-23.57666	0.9228516:3.687012:-29.06104	0.8085938:7.998047:-11.59277	-0.08610473:13.47702:-38.09077	Start	CupRight	
-1.964355:3.651855:-25.81787	1.401855:3.75293:-23.57666	0.9228516:3.687012:-29.06104	0.8085938:7.998047:-11.59277	-0.08911476:13.4885:-38.11719	Start	CupRight	
-1.964355:3.651855:-25.81787	1.401855:3.75293:-23.57666	0.9228516:3.687012:-29.06104	0.8085938:7.998047:-11.59277	-0.07895245:13.49964:-38.1414	Start	CupRight	
-2.197266:4.447266:-24.23584	1.573242:5.220703:-21.88477	1.02832:4.904297:-27.44385	0.8085938:7.998047:-11.59277	-0.08525473:13.49822:-38.13738	ReachForBottle	CupRight	
-2.197266:4.447266:-24.23584	1.573242:5.220703:-21.88477	1.02832:4.904297:-27.44385	0.8085938:7.998047:-11.59277	-0.09344946:13.50138:-38.14119	ReachForBottle	CupRight	
-2.197266:4.447266:-24.23584	1.573242:5.220703:-21.88477	1.02832:4.904297:-27.44385	0.8085938:7.998047:-11.59277	-0.09358826:13.49683:-38.13421	ReachForBottle	CupRight	
-2.188477:5.15918:-22.22314	1.916016:6.05127:-20.06543	1.133789:5.44043:-25.52783	0.8085938:7.998047:-11.59277	-0.09322912:13.50236:-38.13991	ReachForBottle	CupRight	
-2.188477:5.15918:-22.22314	1.916016:6.05127:-20.06543	1.133789:5.44043:-25.52783	0.8085938:7.998047:-11.59277	-0.1092793:13.53474:-38.2035	ReachForBottle	CupRight	
-2.188477:5.15918:-22.22314	1.916016:6.05127:-20.06543	1.133789:5.44043:-25.52783	0.8085938:7.998047:-11.59277	-0.09901103:13.50258:-38.13848	ReachForBottle	Default	
-2.188477:5.15918:-22.22314	1.916016:6.05127:-20.06543	1.133789:5.44043:-25.52783	0.8085938:7.998047:-11.59277	-0.096982:13.50343:-38.13762	ReachForBottle	CupRight	
-2.11377:5.726074:-20.1665	2.175293:6.424805:-18.21094	1.138184:5.484375:-23.59424	0.8085938:7.998047:-11.59277	-0.09727453:13.5012:-38.12509	ReachForBottle	CupRight	
-2.11377:5.726074:-20.1665	2.175293:6.424805:-18.21094	1.138184:5.484375:-23.59424	0.8085938:7.998047:-11.59277	-0.1022115:13.50648:-38.13579	ReachForBottle	CupRight	
-2.11377:5.726074:-20.1665	2.175293:6.424805:-18.21094	1.138184:5.484375:-23.59424	0.8085938:7.998047:-11.59277	-0.09756601:13.48138:-38.08492	ReachForBottle	Default	
-1.885254:5.972168:-18.30762	2.390625:6.556641:-16.5542	1.111816:5.409668:-21.86279	0.8085938:7.998047:-11.59277	-0.09404353:13.48993:-38.08655	ReachForBottle	CupRight	
-1.885254:5.972168:-18.30762	2.390625:6.556641:-16.5542	1.111816:5.409668:-21.86279	0.8085938:7.998047:-11.59277	-0.09740688:13.4938:-38.10379	ReachForBottle	Default	
-1.885254:5.972168:-18.30762	2.390625:6.556641:-16.5542	1.111816:5.409668:-21.86279	0.8085938:7.998047:-11.59277	-0.0802546:13.47368:-38.04691	ReachForBottle	Default	
-1.885254:5.972168:-18.30762	2.390625:6.556641:-16.5542	1.111816:5.409668:-21.86279	0.8085938:7.998047:-11.59277	-0.08478987:13.48157:-38.06351	ReachForBottle	CupRight	
-1.718262:5.95459:-16.93652	2.588379:6.310547:-15.30176	1.098633:5.225098:-20.52686	0.8085938:7.998047:-11.59277	-0.07816674:13.46961:-38.03637	ReachForBottle	Default	
-1.718262:5.95459:-16.93652	2.588379:6.310547:-15.30176	1.098633:5.225098:-20.52686	0.8085938:7.998047:-11.59277	-0.08301885:13.47175:-38.03368	ReachForBottle	Default	
-1.718262:5.95459:-16.93652	2.588379:6.310547:-15.30176	1.098633:5.225098:-20.52686	0.8085938:7.998047:-11.59277	-0.08278239:13.46888:-38.02465	ReachForBottle	CupRight	
-1.678711:5.72168:-15.92139	2.645508:6.082031:-14.37891	1.059082:4.970215:-19.56006	0.8085938:7.998047:-11.59277	-0.09704154:13.48225:-38.05147	ReachForBottle	CupRight	
-1.678711:5.72168:-15.92139	2.645508:6.082031:-14.37891	1.059082:4.970215:-19.56006	0.8085938:7.998047:-11.59277	-0.0826138:13.46558:-38.00337	ReachForBottle	CupRight	
-1.678711:5.72168:-15.92139	2.645508:6.082031:-14.37891	1.059082:4.970215:-19.56006	0.8085938:7.998047:-11.59277	-0.08946735:13.46097:-38.01387	ReachForBottle	Default	
-1.678711:5.72168:-15.92139	2.645508:6.082031:-14.37891	1.059082:4.970215:-19.56006	0.8085938:7.998047:-11.59277	-0.1046033:13.48266:-38.05438	ReachForBottle	Default	
-1.678711:5.72168:-15.92139	2.645508:6.082031:-14.37891	1.059082:4.970215:-19.56006	0.8085938:7.998047:-11.59277	-0.08359319:13.45714:-37.98537	ReachForBottle	Default	
-1.560059:5.211914:-15.07324	2.605957:5.822754:-13.6626	1.010742:4.574707:-18.78223	0.8085938:7.998047:-11.59277	-0.09558381:13.46719:-38.00202	ReachForBottle	Default	
-1.560059:5.211914:-15.07324	2.605957:5.822754:-13.6626	1.010742:4.574707:-18.78223	0.8085938:7.998047:-11.59277	-0.09955858:13.47101:-38.01132	ReachForBottle	Default	
-1.560059:5.211914:-15.07324	2.605957:5.822754:-13.6626	1.010742:4.574707:-18.78223	0.8085938:7.998047:-11.59277	-0.09808233:13.46888:-38.00527	ReachForBottle	Default	
-1.397461:4.697754:-14.37451	2.610352:5.356934:-13.1001	0.984375:4.17041:-18.1582	0.8085938:7.998047:-11.59277	-0.1064395:13.47722:-38.01321	ReachForBottle	Default	
-1.397461:4.697754:-14.37451	2.610352:5.356934:-13.1001	0.984375:4.17041:-18.1582	0.8085938:7.998047:-11.59277	-0.1093592:13.47928:-38.02219	ReachForBottle	Default	
-1.397461:4.697754:-14.37451	2.610352:5.356934:-13.1001	0.984375:4.17041:-18.1582	0.8085938:7.998047:-11.59277	-0.1004398:13.46995:-38.00147	ReachForBottle	Default	
-1.283203:4.302246:-13.78564	2.540039:4.921875:-12.55957	0.9755859:3.845215:-17.61328	0.8085938:7.998047:-11.59277	-0.1036723:13.47093:-38.00651	Grasped	Default	
-1.283203:4.302246:-13.78564	2.540039:4.921875:-12.55957	0.9755859:3.845215:-17.61328	0.8085938:7.998047:-11.59277	-0.1102542:13.47862:-38.01863	Grasped	Default	
-1.283203:4.302246:-13.78564	2.540039:4.921875:-12.55957	0.9755859:3.845215:-17.61328	0.8085938:7.998047:-11.59277	-0.1128906:13.47491:-38.00226	Grasped	Default	
-1.283203:4.302246:-13.78564	2.540039:4.921875:-12.55957	0.9755859:3.845215:-17.61328	0.8085938:7.998047:-11.59277	-0.1205231:13.48127:-38.01192	Grasped	Default	
-1.283203:4.302246:-13.78564	2.540039:4.921875:-12.55957	0.9755859:3.845215:-17.61328	0.8085938:7.998047:-11.59277	-0.1266387:13.48367:-38.01564	Grasped	Default	
-1.212891:3.955078:-13.27148	2.381836:4.728516:-12.10693	0.9404297:3.629883:-17.13428	0.8085938:7.998047:-11.59277	-0.1319558:13.49079:-38.0205	Grasped	Default	
-1.212891:3.955078:-13.27148	2.381836:4.728516:-12.10693	0.9404297:3.629883:-17.13428	0.8085938:7.998047:-11.59277	-0.1287442:13.49088:-38.02497	Grasped	Default	
-1.212891:3.955078:-13.27148	2.381836:4.728516:-12.10693	0.9404297:3.629883:-17.13428	0.8085938:7.998047:-11.59277	-0.1248023:13.48769:-38.01801	Grasped	Default	
-1.186523:3.599121:-12.7793	2.170898:4.614258:-11.60156	0.8920898:3.462891:-16.6333	0.8041992:7.998047:-11.59277	-0.1295038:13.4895:-38.01788	Grasped	Default	
-1.186523:3.599121:-12.7793	2.170898:4.614258:-11.60156	0.8920898:3.462891:-16.6333	0.8041992:7.998047:-11.59277	-0.1310833:13.48892:-38.01943	Grasped	Default	
-1.186523:3.599121:-12.7793	2.170898:4.614258:-11.60156	0.8920898:3.462891:-16.6333	0.8041992:7.998047:-11.59277	-0.1320859:13.48828:-38.01124	Grasped	Default	
-1.063477:3.339844:-12.32666	2.100586:4.473633:-11.26318	0.8964844:3.317871:-16.2334	0.7954102:7.998047:-11.58838	-0.13024:13.48751:-38.00793	Grasped	Default	
-1.063477:3.339844:-12.32666	2.100586:4.473633:-11.26318	0.8964844:3.317871:-16.2334	0.7954102:7.998047:-11.58838	-0.1321088:13.48675:-38.00904	Grasped	Default	
-1.063477:3.339844:-12.32666	2.100586:4.473633:-11.26318	0.8964844:3.317871:-16.2334	0.7954102:7.998047:-11.58838	-0.1307891:13.48697:-38.00655	Grasped	Default	
-1.063477:3.339844:-12.32666	2.100586:4.473633:-11.26318	0.8964844:3.317871:-16.2334	0.7954102:7.998047:-11.58838	-0.138195:13.48709:-37.99876	Grasped	Default	
-1.063477:3.339844:-12.32666	2.100586:4.473633:-11.26318	0.8964844:3.317871:-16.2334	0.7954102:7.998047:-11.58838	-0.1424312:13.4854:-37.99618	Grasped	Default	
-0.7866211:3.159668:-11.98828	2.01709:4.416504:-11.10498	0.9536133:3.19043:-15.93457	0.7910156:7.993652:-11.56641	-0.1098486:13.4579:-37.96387	Grasped	Default	
-0.7866211:3.159668:-11.98828	2.01709:4.416504:-11.10498	0.9536133:3.19043:-15.93457	0.7910156:7.993652:-11.56641	-0.07879743:13.43361:-37.88853	Grasped	Default	
-0.7866211:3.159668:-11.98828	2.01709:4.416504:-11.10498	0.9536133:3.19043:-15.93457	0.7910156:7.993652:-11.56641	-0.08256945:13.45184:-37.92053	Grasped	Default	
-0.7338867:3.102539:-11.85645	1.885254:4.495605:-11.03467	1.02832:3.186035:-15.78955	0.7998047:7.989258:-11.54883	-0.09058082:13.45277:-37.927	Grasped	Default	
-0.7338867:3.102539:-11.85645	1.885254:4.495605:-11.03467	1.02832:3.186035:-15.78955	0.7998047:7.989258:-11.54883	-0.08505222:13.44741:-37.90696	Grasped	Default	
-0.7338867:3.102539:-11.85645	1.885254:4.495605:-11.03467	1.02832:3.186035:-15.78955	0.7998047:7.989258:-11.54883	-0.1076832:13.47315:-37.95652	Grasped	Default	
-0.7338867:3.102539:-11.85645	1.885254:4.495605:-11.03467	1.02832:3.186035:-15.78955	0.7998047:7.989258:-11.54883	-0.1115189:13.4872:-37.98123	Grasped	Default	
-0.6547852:3.150879:-11.82129	1.942383:4.653809:-10.99951	1.177734:3.256348:-15.71484	0.9404297:8.015625:-11.54443	-0.1077673:13.48546:-37.97609	Grasped	Default	
-0.6547852:3.150879:-11.82129	1.942383:4.653809:-10.99951	1.177734:3.256348:-15.71484	0.9404297:8.015625:-11.54443	-0.1103893:13.48446:-37.97124	Grasped	CupRight	
-0.6547852:3.150879:-11.82129	1.942383:4.653809:-10.99951	1.177734:3.256348:-15.71484	0.9404297:8.015625:-11.54443	-0.1192687:13.48878:-37.97773	Grasped	CupRight	
-0.3251953:3.375:-11.82568	2.236816:4.825195:-11.0083	1.529297:3.414551:-15.71045	1.375488:8.195801:-11.56641	-0.1214488:13.48845:-37.98906	Grasped	Default	
-0.3251953:3.375:-11.82568	2.236816:4.825195:-11.0083	1.529297:3.414551:-15.71045	1.375488:8.195801:-11.56641	-0.1254922:13.49062:-37.99051	Grasped	Default	
-0.3251953:3.375:-11.82568	2.236816:4.825195:-11.0083	1.529297:3.414551:-15.71045	1.375488:8.195801:-11.56641	-0.1234705:13.49031:-37.99179	Grasped	Default	
-0.3251953:3.375:-11.82568	2.236816:4.825195:-11.0083	1.529297:3.414551:-15.71045	1.375488:8.195801:-11.56641	-0.1206317:13.49063:-37.99493	Grasped	Default	
0.2900391:3.722168:-11.84326	2.834473:5.24707:-11.06543	2.06543:3.75293:-15.75	1.885254:8.564941:-11.57959	-0.1221508:13.48799:-37.98878	Grasped	Default	
0.2900391:3.722168:-11.84326	2.834473:5.24707:-11.06543	2.06543:3.75293:-15.75	1.885254:8.564941:-11.57959	-0.1336921:13.4955:-38.00592	Grasped	Default	
0.2900391:3.722168:-11.84326	2.834473:5.24707:-11.06543	2.06543:3.75293:-15.75	1.885254:8.564941:-11.57959	-0.1342532:13.49267:-37.99908	Grasped	Default	
1.177734:4.086914:-11.88281	3.577148:5.866699:-11.18408	2.891602:4.302246:-15.84229	2.390625:9.101074:-11.74658	-0.1352767:13.49012:-37.99401	Grasped	Default	
1.177734:4.086914:-11.88281	3.577148:5.866699:-11.18408	2.891602:4.302246:-15.84229	2.390625:9.101074:-11.74658	-0.1297043:13.48429:-37.98202	Grasped	Default	
1.177734:4.086914:-11.88281	3.577148:5.866699:-11.18408	2.891602:4.302246:-15.84229	2.390625:9.101074:-11.74658	-0.1302848:13.48316:-37.98024	Grasped	Default	
1.177734:4.086914:-11.88281	3.577148:5.866699:-11.18408	2.891602:4.302246:-15.84229	2.390625:9.101074:-11.74658	-0.1358328:13.48896:-37.99329	Grasped	Default	
1.177734:4.086914:-11.88281	3.577148:5.866699:-11.18408	2.891602:4.302246:-15.84229	2.390625:9.101074:-11.74658	-0.1333281:13.48933:-37.99104	Grasped	Default	
2.443359:4.40332:-11.98389	4.535156:6.583008:-11.36865	3.88916:4.904297:-15.9873	2.904785:9.558105:-11.93994	-0.1272957:13.48046:-37.97031	Grasped	Default	
2.443359:4.40332:-11.98389	4.535156:6.583008:-11.36865	3.88916:4.904297:-15.9873	2.904785:9.558105:-11.93994	-0.123081:13.47725:-37.96567	Grasped	Default	
2.443359:4.40332:-11.98389	4.535156:6.583008:-11.36865	3.88916:4.904297:-15.9873	2.904785:9.558105:-11.93994	-0.1235678:13.4746:-37.96014	Grasped	Default	
3.832031:4.543945:-12.18164	5.475586:7.17627:-11.56641	4.983398:5.501953:-16.19385	3.357422:9.751465:-12.00586	-0.1236274:13.47574:-37.96131	Grasped	Default	
3.832031:4.543945:-12.18164	5.475586:7.17627:-11.56641	4.983398:5.501953:-16.19385	3.357422:9.751465:-12.00586	-0.1265372:13.47823:-37.96543	Grasped	Default	
3.832031:4.543945:-12.18164	5.475586:7.17627:-11.56641	4.983398:5.501953:-16.19385	3.357422:9.751465:-12.00586	-0.1242966:13.47983:-37.96912	Grasped	Default	
5.282227:4.640625:-12.47168	6.442383:7.611328:-11.75537	6.117188:6.09082:-16.45752	3.897949:9.650391:-11.93994	-0.1211109:13.47929:-37.96358	Grasped	Default	
5.282227:4.640625:-12.47168	6.442383:7.611328:-11.75537	6.117188:6.09082:-16.45752	3.897949:9.650391:-11.93994	-0.1154863:13.46794:-37.94126	Grasped	Default	
5.282227:4.640625:-12.47168	6.442383:7.611328:-11.75537	6.117188:6.09082:-16.45752	3.897949:9.650391:-11.93994	-0.1129551:13.46863:-37.93935	Grasped	Default	
5.282227:4.640625:-12.47168	6.442383:7.611328:-11.75537	6.117188:6.09082:-16.45752	3.897949:9.650391:-11.93994	-0.1171275:13.47479:-37.94999	Grasped	Default	
6.767578:4.87793:-12.82764	7.549805:8.002441:-11.99268	7.158691:6.591797:-16.72998	4.702148:9.619629:-11.93115	-0.1109201:13.46541:-37.93492	Grasped	Default	
6.767578:4.87793:-12.82764	7.549805:8.002441:-11.99268	7.158691:6.591797:-16.72998	4.702148:9.619629:-11.93115	-0.1065324:13.45773:-37.91798	Grasped	Default	
6.767578:4.87793:-12.82764	7.549805:8.002441:-11.99268	7.158691:6.591797:-16.72998	4.702148:9.619629:-11.93115	-0.1111727:13.46196:-37.93461	Grasped	Default	
6.767578:4.87793:-12.82764	7.549805:8.002441:-11.99268	7.158691:6.591797:-16.72998	4.702148:9.619629:-11.93115	-0.1144328:13.46946:-37.93732	Grasped	Default	
8.068359:5.124023:-13.15723	8.608887:8.323242:-12.26074	8.134277:7.044434:-16.98926	5.616211:9.676758:-11.98828	-0.1107393:13.46178:-37.92814	Grasped	Default	
8.068359:5.124023:-13.15723	8.608887:8.323242:-12.26074	8.134277:7.044434:-16.98926	5.616211:9.676758:-11.98828	-0.1090843:13.4593:-37.9213	Grasped	Default	
8.068359:5.124023:-13.15723	8.608887:8.323242:-12.26074	8.134277:7.044434:-16.98926	5.616211:9.676758:-11.98828	-0.108506:13.46052:-37.92088	Grasped	Default	
8.068359:5.124023:-13.15723	8.608887:8.323242:-12.26074	8.134277:7.044434:-16.98926	5.616211:9.676758:-11.98828	-0.1089627:13.46093:-37.92272	Grasped	Default	
9.254883:5.304199:-13.45166	9.536133:8.564941:-12.44092	8.973633:7.444336:-17.18701	6.394043:9.61084:-12.00146	-0.1106803:13.46345:-37.92658	Grasped	Default	
9.254883:5.304199:-13.45166	9.536133:8.564941:-12.44092	8.973633:7.444336:-17.18701	6.394043:9.61084:-12.00146	-0.1101693:13.46388:-37.92407	Grasped	Default	
9.254883:5.304199:-13.45166	9.536133:8.564941:-12.44092	8.973633:7.444336:-17.18701	6.394043:9.61084:-12.00146	-0.1090464:13.46371:-37.92093	Grasped	Default	
10.30518:5.396484:-13.72412	10.25244:8.687988:-12.55078	9.689941:7.773926:-17.31006	7.018066:9.351563:-11.97949	-0.08511606:13.44559:-37.85281	Grasped	CupRight	
10.30518:5.396484:-13.72412	10.25244:8.687988:-12.55078	9.689941:7.773926:-17.31006	7.018066:9.351563:-11.97949	-0.09823547:13.46363:-37.88592	Grasped	CupRight	
10.30518:5.396484:-13.72412	10.25244:8.687988:-12.55078	9.689941:7.773926:-17.31006	7.018066:9.351563:-11.97949	-0.08144733:13.45992:-37.84822	Grasped	CupRight	
10.30518:5.396484:-13.72412	10.25244:8.687988:-12.55078	9.689941:7.773926:-17.31006	7.018066:9.351563:-11.97949	-0.09281425:13.46811:-37.87169	Grasped	CupRight	
11.28076:5.414063:-13.9834	10.87646:8.692383:-12.60791	10.2832:8.041992:-17.3584	7.59375:8.929688:-11.91357	-0.09729505:13.46944:-37.87646	Grasped	CupRight	
11.28076:5.414063:-13.9834	10.87646:8.692383:-12.60791	10.2832:8.041992:-17.3584	7.59375:8.929688:-11.91357	-0.09569459:13.46758:-37.866	Grasped	CupRight	
11.28076:5.414063:-13.9834	10.87646:8.692383:-12.60791	10.2832:8.041992:-17.3584	7.59375:8.929688:-11.91357	-0.09352098:13.46807:-37.86376	Grasped	CupRight	
11.28076:5.414063:-13.9834	10.87646:8.692383:-12.60791	10.2832:8.041992:-17.3584	7.59375:8.929688:-11.91357	-0.09341201:13.46706:-37.86076	Grasped	CupRight	
12.19482:5.387695:-14.17676	11.46973:8.644043:-12.6123	10.81494:8.244141:-17.38037	8.191406:8.463867:-11.84326	-0.08929054:13.46495:-37.85379	Grasped	CupRight	
12.19482:5.387695:-14.17676	11.46973:8.644043:-12.6123	10.81494:8.244141:-17.38037	8.191406:8.463867:-11.84326	-0.09014:13.46332:-37.85017	Grasped	CupRight	
12.19482:5.387695:-14.17676	11.46973:8.644043:-12.6123	10.81494:8.244141:-17.38037	8.191406:8.463867:-11.84326	-0.09237756:13.46345:-37.8521	Grasped	CupRight	
12.8584:5.326172:-14.33496	11.95313:8.499023:-12.6123	11.21045:8.367188:-17.37598	8.674805:8.103516:-11.80811	-0.09222834:13.46198:-37.84958	Grasped	CupRight	
12.8584:5.326172:-14.33496	11.95313:8.499023:-12.6123	11.21045:8.367188:-17.37598	8.674805:8.103516:-11.80811	-0.09538077:13.46283:-37.85168	Grasped	CupRight	
12.8584:5.326172:-14.33496	11.95313:8.499023:-12.6123	11.21045:8.367188:-17.37598	8.674805:8.103516:-11.80811	-0.09569372:13.45946:-37.84409	Grasped	CupRight	
12.8584:5.326172:-14.33496	11.95313:8.499023:-12.6123	11.21045:8.367188:-17.37598	8.674805:8.103516:-11.80811	-0.09778608:13.46186:-37.84836	Grasped	CupRight	
13.39014:5.233887:-14.49316	12.26074:8.310059:-12.62109	11.50928:8.419922:-17.38037	9.052734:7.624512:-11.83008	-0.1074509:13.47364:-37.87783	Grasped	CupRight	
13.39014:5.233887:-14.49316	12.26074:8.310059:-12.62109	11.50928:8.419922:-17.38037	9.052734:7.624512:-11.83008	-0.1092632:13.47894:-37.88906	Grasped	CupRight	
13.39014:5.233887:-14.49316	12.26074:8.310059:-12.62109	11.50928:8.419922:-17.38037	9.052734:7.624512:-11.83008	-0.112775:13.48228:-37.8976	Grasped	CupRight	
13.39014:5.233887:-14.49316	12.26074:8.310059:-12.62109	11.50928:8.419922:-17.38037	9.052734:7.624512:-11.83008	-0.1085079:13.48163:-37.89862	Grasped	CupRight	
13.84717:5.093262:-14.66895	12.4585:8.055176:-12.66943	11.729:8.433105:-17.36719	9.364746:6.98291:-11.90039	-0.1036436:13.47854:-37.89231	Grasped	CupRight	
13.84717:5.093262:-14.66895	12.4585:8.055176:-12.66943	11.729:8.433105:-17.36719	9.364746:6.98291:-11.90039	-0.09994444:13.47342:-37.87848	Grasped	CupRight	
13.84717:5.093262:-14.66895	12.4585:8.055176:-12.66943	11.729:8.433105:-17.36719	9.364746:6.98291:-11.90039	-0.09822094:13.47303:-37.87564	Grasped	CupRight	
13.84717:5.093262:-14.66895	12.4585:8.055176:-12.66943	11.729:8.433105:-17.36719	9.364746:6.98291:-11.90039	-0.09667578:13.47024:-37.87297	Grasped	CupRight	
14.27344:4.91748:-14.81836	12.70459:7.747559:-12.70459	11.90039:8.4375:-17.38477	9.69873:6.398438:-11.99268	-0.1008912:13.47704:-37.88293	Grasped	CupRight	
14.27344:4.91748:-14.81836	12.70459:7.747559:-12.70459	11.90039:8.4375:-17.38477	9.69873:6.398438:-11.99268	-0.09810869:13.47366:-37.87376	Grasped	CupRight	
14.27344:4.91748:-14.81836	12.70459:7.747559:-12.70459	11.90039:8.4375:-17.38477	9.69873:6.398438:-11.99268	-0.09778468:13.47189:-37.8707	Grasped	CupRight	
14.45361:4.785645:-14.9502	12.83203:7.532227:-12.72656	12.01465:8.424316:-17.38477	9.870117:6.060059:-12.07178	-0.0989:13.47541:-37.87681	Grasped	CupRight	
14.45361:4.785645:-14.9502	12.83203:7.532227:-12.72656	12.01465:8.424316:-17.38477	9.870117:6.060059:-12.07178	-0.09741301:13.47758:-37.88332	Grasped	CupRight	
14.45361:4.785645:-14.9502	12.83203:7.532227:-12.72656	12.01465:8.424316:-17.38477	9.870117:6.060059:-12.07178	-0.09859655:13.48043:-37.88744	Grasped	CupRight	
14.48438:4.653809:-15.01172	12.79248:7.378418:-12.6958	11.99707:8.380371:-17.33203	9.878906:5.730469:-12.12891	-0.1021825:13.48278:-37.89578	Grasped	CupRight	
14.48438:4.653809:-15.01172	12.79248:7.378418:-12.6958	11.99707:8.380371:-17.33203	9.878906:5.730469:-12.12891	-0.1019473:13.48247:-37.89589	Grasped	CupRight	
14.48438:4.653809:-15.01172	12.79248:7.378418:-12.6958	11.99707:8.380371:-17.33203	9.878906:5.730469:-12.12891	-0.09998056:13.47927:-37.89008	Grasped	CupRight	
14.48438:4.653809:-15.01172	12.79248:7.378418:-12.6958	11.99707:8.380371:-17.33203	9.878906:5.730469:-12.12891	-0.1013021:13.48047:-37.8924	Grasped	CupRight	
14.48438:4.653809:-15.01172	12.79248:7.378418:-12.6958	11.99707:8.380371:-17.33203	9.878906:5.730469:-12.12891	-0.1006409:13.48039:-37.89146	Grasped	CupRight	
14.42725:4.565918:-14.93701	12.62549:7.136719:-12.62988	11.90039:8.296875:-17.24414	9.79541:5.304199:-12.14648	-0.09993191:13.47969:-37.8871	Grasped	CupRight	
14.42725:4.565918:-14.93701	12.62549:7.136719:-12.62988	11.90039:8.296875:-17.24414	9.79541:5.304199:-12.14648	-0.09628066:13.47549:-37.87978	Grasped	CupRight	
14.42725:4.565918:-14.93701	12.62549:7.136719:-12.62988	11.90039:8.296875:-17.24414	9.79541:5.304199:-12.14648	-0.09666683:13.4765:-37.88159	Grasped	CupRight	
14.29541:4.478027:-14.80957	12.40576:6.842285:-12.47168	11.75977:8.191406:-17.10791	9.681152:4.908691:-12.12012	-0.102565:13.48303:-37.8991	Grasped	CupRight	
14.29541:4.478027:-14.80957	12.40576:6.842285:-12.47168	11.75977:8.191406:-17.10791	9.681152:4.908691:-12.12012	-0.1054977:13.48365:-37.9207	Grasped	CupRight	
14.29541:4.478027:-14.80957	12.40576:6.842285:-12.47168	11.75977:8.191406:-17.10791	9.681152:4.908691:-12.12012	-0.09062483:13.47016:-37.90116	Grasped	Default	
14.29541:4.478027:-14.80957	12.40576:6.842285:-12.47168	11.75977:8.191406:-17.10791	9.681152:4.908691:-12.12012	-0.08554426:13.46795:-37.88372	Grasped	CupRight	
14.15479:4.271484:-14.69092	12.25635:6.618164:-12.30908	11.62793:8.055176:-16.96729	9.5625:4.63623:-12.03662	-0.1032758:13.48235:-37.91058	Grasped	CupRight	
14.15479:4.271484:-14.69092	12.25635:6.618164:-12.30908	11.62793:8.055176:-16.96729	9.5625:4.63623:-12.03662	-0.09175036:13.47687:-37.90669	Grasped	Default	
