ThumbPosition	IndexPosition	PalmPosition	ObjectPosition	GazePosition	Annotations	GazeAnnotations	
-1.999512:2.834473:-26.37598	0.2197266:1.73584:-25.43115	1.098633:1.894043:-30.30469	0.8569336:8.050781:-11.96631	-0.1027056:13.61924:-37.98061	Start	Default	
-1.999512:2.834473:-26.37598	0.2197266:1.73584:-25.43115	1.098633:1.894043:-30.30469	0.8569336:8.050781:-11.96631	-0.1034705:13.62946:-37.98244	Start	Default	
-1.986328:2.874023:-26.3584	0.2285156:1.740234:-25.43994	1.098633:1.898438:-30.30029	0.8569336:8.050781:-11.96631	-0.1303838:13.62425:-37.97799	Start	Default	
-1.986328:2.874023:-26.3584	0.2285156:1.740234:-25.43994	1.098633:1.898438:-30.30029	0.8569336:8.050781:-11.96631	-0.1114027:13.62444:-37.96148	Start	Default	
-1.986328:2.874023:-26.3584	0.2285156:1.740234:-25.43994	1.098633:1.898438:-30.30029	0.8569336:8.050781:-11.96631	-0.1074712:13.62079:-37.99581	Start	Default	
-1.986328:2.874023:-26.3584	0.2285156:1.740234:-25.43994	1.098633:1.898438:-30.30029	0.8569336:8.050781:-11.96631	-0.1015073:13.6248:-37.9855	Start	Default	
-1.964355:2.869629:-26.31885	0.2285156:1.749023:-25.43115	1.098633:1.894043:-30.2915	0.8569336:8.050781:-11.96631	-0.1004269:13.62453:-37.97863	Start	Default	
-1.964355:2.869629:-26.31885	0.2285156:1.749023:-25.43115	1.098633:1.894043:-30.2915	0.8569336:8.050781:-11.96631	-0.09802745:13.6243:-37.98288	Start	Default	
-1.964355:2.869629:-26.31885	0.2285156:1.749023:-25.43115	1.098633:1.894043:-30.2915	0.8569336:8.050781:-11.96631	-0.1545303:13.6323:-37.9673	Start	Default	
-1.92041:2.874023:-26.29248	0.2329102:1.757813:-25.41797	1.098633:1.894043:-30.27832	0.8569336:8.050781:-11.96631	-0.1481815:13.6307:-37.98395	Start	Default	
-1.92041:2.874023:-26.29248	0.2329102:1.757813:-25.41797	1.098633:1.894043:-30.27832	0.8569336:8.050781:-11.96631	-0.1455937:13.62613:-38.01404	Start	Default	
-1.92041:2.874023:-26.29248	0.2329102:1.757813:-25.41797	1.098633:1.894043:-30.27832	0.8569336:8.050781:-11.96631	-0.1439194:13.62815:-37.99031	Start	Default	
-1.894043:2.891602:-26.25732	0.2416992:1.762207:-25.41357	1.098633:1.898438:-30.26953	0.8569336:8.050781:-11.96631	-0.1402243:13.62821:-37.98341	Start	Default	
-1.894043:2.891602:-26.25732	0.2416992:1.762207:-25.41357	1.098633:1.898438:-30.26953	0.8569336:8.050781:-11.96631	-0.1286208:13.62507:-37.98844	Start	Default	
-1.894043:2.891602:-26.25732	0.2416992:1.762207:-25.41357	1.098633:1.898438:-30.26953	0.8569336:8.050781:-11.96631	-0.1256639:13.62306:-37.99697	Start	Default	
-1.880859:2.944336:-26.24854	0.2768555:1.762207:-25.40479	1.103027:1.902832:-30.26074	0.8569336:8.050781:-11.96631	-0.1267678:13.62485:-37.98023	Start	Default	
-1.880859:2.944336:-26.24854	0.2768555:1.762207:-25.40479	1.103027:1.902832:-30.26074	0.8569336:8.050781:-11.96631	-0.1268815:13.62622:-37.96917	Start	Default	
-1.880859:2.944336:-26.24854	0.2768555:1.762207:-25.40479	1.103027:1.902832:-30.26074	0.8569336:8.050781:-11.96631	-0.1133384:13.61155:-38.00419	Start	Default	
-1.880859:2.944336:-26.24854	0.2768555:1.762207:-25.40479	1.103027:1.902832:-30.26074	0.8569336:8.050781:-11.96631	-0.1059884:13.55843:-37.91267	Start	Default	
-1.880859:2.944336:-26.24854	0.2768555:1.762207:-25.40479	1.103027:1.902832:-30.26074	0.8569336:8.050781:-11.96631	-0.1008252:13.49164:-37.90535	Start	Default	
-1.876465:2.975098:-26.23975	0.3076172:1.731445:-25.40479	1.107422:1.902832:-30.25195	0.8569336:8.050781:-11.96631	-0.1141581:13.51145:-37.99935	Start	Default	
-1.876465:2.975098:-26.23975	0.3076172:1.731445:-25.40479	1.107422:1.902832:-30.25195	0.8569336:8.050781:-11.96631	-0.115762:13.5155:-38.01567	Start	Default	
-1.876465:2.975098:-26.23975	0.3076172:1.731445:-25.40479	1.107422:1.902832:-30.25195	0.8569336:8.050781:-11.96631	-0.1083615:13.50099:-37.96659	Start	Default	
-1.876465:3.005859:-26.21777	0.3032227:1.73584:-25.396	1.098633:1.898438:-30.23877	0.8569336:8.050781:-11.96631	-0.1094673:13.48922:-37.91946	Start	Default	
-1.876465:3.005859:-26.21777	0.3032227:1.73584:-25.396	1.098633:1.898438:-30.23877	0.8569336:8.050781:-11.96631	-0.2103531:13.50517:-37.94507	Start	Default	
-1.876465:3.005859:-26.21777	0.3032227:1.73584:-25.396	1.098633:1.898438:-30.23877	0.8569336:8.050781:-11.96631	-0.1346833:13.50468:-37.96885	Start	Bottle	
-1.876465:3.001465:-26.16064	0.3076172:1.757813:-25.38721	1.103027:1.911621:-30.22119	0.8569336:8.050781:-11.96631	-0.1129461:13.50594:-37.97932	Start	Default	
-1.876465:3.001465:-26.16064	0.3076172:1.757813:-25.38721	1.103027:1.911621:-30.22119	0.8569336:8.050781:-11.96631	-0.1116425:13.50715:-37.98301	Start	Default	
-1.876465:3.001465:-26.16064	0.3076172:1.757813:-25.38721	1.103027:1.911621:-30.22119	0.8569336:8.050781:-11.96631	-0.1145852:13.50907:-37.98902	Start	Default	
-1.876465:3.001465:-26.16064	0.3076172:1.757813:-25.38721	1.103027:1.911621:-30.22119	0.8569336:8.050781:-11.96631	-0.1131733:13.5079:-37.98422	Start	Default	
-1.854492:3.133301:-26.2793	0.7602539:2.223633:-25.01807	1.256836:2.258789:-30.0542	0.8569336:8.050781:-11.96631	-0.1133837:13.50622:-37.98136	Start	Default	
-1.854492:3.133301:-26.2793	0.7602539:2.223633:-25.01807	1.256836:2.258789:-30.0542	0.8569336:8.050781:-11.96631	-0.117346:13.52167:-38.05398	Start	Default	
-1.854492:3.133301:-26.2793	0.7602539:2.223633:-25.01807	1.256836:2.258789:-30.0542	0.8569336:8.050781:-11.96631	-0.1204482:13.51681:-38.01678	Start	Default	
-1.867676:3.862793:-26.41113	1.419434:3.42334:-24.03809	1.450195:3.51123:-29.1665	0.8569336:8.050781:-11.9707	-0.1218185:13.52041:-38.02529	Start	Default	
-1.867676:3.862793:-26.41113	1.419434:3.42334:-24.03809	1.450195:3.51123:-29.1665	0.8569336:8.050781:-11.9707	-0.121516:13.51478:-38.0201	Start	Default	
-1.867676:3.862793:-26.41113	1.419434:3.42334:-24.03809	1.450195:3.51123:-29.1665	0.8569336:8.050781:-11.9707	-0.1216768:13.51664:-38.0004	Start	Default	
-1.867676:3.862793:-26.41113	1.419434:3.42334:-24.03809	1.450195:3.51123:-29.1665	0.8569336:8.050781:-11.9707	-0.1432132:13.51885:-38.0054	Start	Bottle	
-2.228027:5.242676:-24.91699	1.661133:5.299805:-22.32861	1.432617:4.992188:-27.47461	0.8569336:8.050781:-11.9707	-0.1428751:13.52628:-38.05162	ReachForBottle	Bottle	
-2.228027:5.242676:-24.91699	1.661133:5.299805:-22.32861	1.432617:4.992188:-27.47461	0.8569336:8.050781:-11.9707	-0.1338256:13.52392:-38.02675	ReachForBottle	Default	
-2.228027:5.242676:-24.91699	1.661133:5.299805:-22.32861	1.432617:4.992188:-27.47461	0.8569336:8.050781:-11.9707	-0.1440006:13.52507:-38.03791	ReachForBottle	Bottle	
-2.228027:5.242676:-24.91699	1.661133:5.299805:-22.32861	1.432617:4.992188:-27.47461	0.8569336:8.050781:-11.9707	-0.1691769:13.52669:-38.03733	ReachForBottle	Bottle	
-2.469727:5.748047:-22.70215	1.836914:6.903809:-20.43018	1.217285:5.642578:-25.35645	0.8569336:8.050781:-11.9707	-0.1852625:13.52772:-38.02778	ReachForBottle	Bottle	
-2.469727:5.748047:-22.70215	1.836914:6.903809:-20.43018	1.217285:5.642578:-25.35645	0.8569336:8.050781:-11.9707	-0.1653842:13.52835:-38.02208	ReachForBottle	Bottle	
-2.469727:5.748047:-22.70215	1.836914:6.903809:-20.43018	1.217285:5.642578:-25.35645	0.8569336:8.050781:-11.9707	-0.1424407:13.50621:-38.00336	ReachForBottle	Bottle	
-2.469727:6.038086:-20.45215	1.946777:7.571777:-18.59326	0.9931641:5.660156:-23.31299	0.8569336:8.050781:-11.9707	-0.1204577:13.46864:-37.96376	ReachForBottle	Default	
-2.469727:6.038086:-20.45215	1.946777:7.571777:-18.59326	0.9931641:5.660156:-23.31299	0.8569336:8.050781:-11.9707	-0.1207206:13.4698:-37.96398	ReachForBottle	Default	
-2.469727:6.038086:-20.45215	1.946777:7.571777:-18.59326	0.9931641:5.660156:-23.31299	0.8569336:8.050781:-11.9707	-0.1197023:13.4696:-37.96931	ReachForBottle	Default	
-2.469727:6.038086:-20.45215	1.946777:7.571777:-18.59326	0.9931641:5.660156:-23.31299	0.8569336:8.050781:-11.9707	-0.142827:13.48139:-37.99038	ReachForBottle	Default	
-2.254395:6.262207:-18.52734	2.324707:7.580566:-17.05518	0.9140625:5.620605:-21.60352	0.8569336:8.050781:-11.9707	-0.1805475:13.4873:-38.00091	ReachForBottle	Bottle	
-2.254395:6.262207:-18.52734	2.324707:7.580566:-17.05518	0.9140625:5.620605:-21.60352	0.8569336:8.050781:-11.9707	-0.1806579:13.49886:-38.03023	ReachForBottle	Bottle	
-2.254395:6.262207:-18.52734	2.324707:7.580566:-17.05518	0.9140625:5.620605:-21.60352	0.8569336:8.050781:-11.9707	-0.1835119:13.48963:-38.00771	ReachForBottle	Bottle	
-2.069824:6.407227:-17.0376	2.623535:7.492676:-15.87744	0.8964844:5.589844:-20.20166	0.8569336:8.050781:-11.9707	-0.1871137:13.48694:-37.99096	ReachForBottle	Bottle	
-2.069824:6.407227:-17.0376	2.623535:7.492676:-15.87744	0.8964844:5.589844:-20.20166	0.8569336:8.050781:-11.9707	-0.1883783:13.48817:-37.98198	ReachForBottle	Bottle	
-2.069824:6.407227:-17.0376	2.623535:7.492676:-15.87744	0.8964844:5.589844:-20.20166	0.8569336:8.050781:-11.9707	-0.1875241:13.51765:-38.07239	ReachForBottle	Bottle	
-2.069824:6.407227:-17.0376	2.623535:7.492676:-15.87744	0.8964844:5.589844:-20.20166	0.8569336:8.050781:-11.9707	-0.1953252:13.49638:-37.99802	ReachForBottle	Bottle	
-2.069824:6.407227:-17.0376	2.623535:7.492676:-15.87744	0.8964844:5.589844:-20.20166	0.8569336:8.050781:-11.9707	-0.2027616:13.49375:-37.99948	ReachForBottle	Bottle	
-1.981934:6.314941:-15.89941	2.597168:7.475098:-14.84033	0.8525391:5.52832:-19.19531	0.8569336:8.050781:-11.9707	-0.1999848:13.4917:-38.00055	ReachForBottle	Hand	
-1.981934:6.314941:-15.89941	2.597168:7.475098:-14.84033	0.8525391:5.52832:-19.19531	0.8569336:8.050781:-11.9707	-0.200926:13.48949:-37.99754	ReachForBottle	Hand	
-1.981934:6.314941:-15.89941	2.597168:7.475098:-14.84033	0.8525391:5.52832:-19.19531	0.8569336:8.050781:-11.9707	-0.2016138:13.4944:-37.99625	ReachForBottle	Hand	
-1.951172:6.086426:-15.06885	2.491699:7.242188:-13.96143	0.8041992:5.352539:-18.40869	0.8569336:8.050781:-11.9707	-0.2036837:13.5052:-38.02927	ReachForBottle	Hand	
-1.951172:6.086426:-15.06885	2.491699:7.242188:-13.96143	0.8041992:5.352539:-18.40869	0.8569336:8.050781:-11.9707	-0.2117286:13.50229:-38.01278	ReachForBottle	Hand	
-1.951172:6.086426:-15.06885	2.491699:7.242188:-13.96143	0.8041992:5.352539:-18.40869	0.8569336:8.050781:-11.9707	-0.209939:13.49352:-38.00771	ReachForBottle	Hand	
-1,911621,5,704102,-14,34375,	2,359863,6,89502,-13,23633,	0,7558594,5,093262,-17,7583,	0,8569336,8,055176,-11,9707,	-0,2132992,13,50669,-38,02808,	Start	Hand	
-1,911621,5,704102,-14,34375,	2,359863,6,89502,-13,23633,	0,7558594,5,093262,-17,7583,	0,8569336,8,055176,-11,9707,	-0,2111522,13,49678,-37,99786,	Start	Hand	
-1,911621,5,704102,-14,34375,	2,359863,6,89502,-13,23633,	0,7558594,5,093262,-17,7583,	0,8569336,8,055176,-11,9707,	-0,2048386,13,48064,-37,95935,	Start	Bottle	
-1,911621,5,704102,-14,34375,	2,359863,6,89502,-13,23633,	0,7558594,5,093262,-17,7583,	0,8569336,8,055176,-11,9707,	-0,2107995,13,46965,-37,92053,	Start	Hand	
-1.806152:5.255859:-13.68457	2.25:6.385254:-12.55078	0.7250977:4.768066:-17.1958	0.8525391:8.055176:-11.9707	-0.2050028:13.45943:-37.88979	Grasped	Bottle	
-1.806152:5.255859:-13.68457	2.25:6.385254:-12.55078	0.7250977:4.768066:-17.1958	0.8525391:8.055176:-11.9707	-0.2208991:13.48591:-37.94981	Grasped	Bottle	
-1.806152:5.255859:-13.68457	2.25:6.385254:-12.55078	0.7250977:4.768066:-17.1958	0.8525391:8.055176:-11.9707	-0.2124308:13.45118:-37.87307	Grasped	Bottle	
-1.806152:5.255859:-13.68457	2.25:6.385254:-12.55078	0.7250977:4.768066:-17.1958	0.8525391:8.055176:-11.9707	-0.2157746:13.47689:-37.93053	Grasped	Bottle	
-1.647949:4.73291:-13.08691	2.179688:5.897461:-11.9751	0.7250977:4.390137:-16.65967	0.7866211:8.050781:-11.94434	-0.2162806:13.47176:-37.91077	Grasped	Bottle	
-1.647949:4.73291:-13.08691	2.179688:5.897461:-11.9751	0.7250977:4.390137:-16.65967	0.7866211:8.050781:-11.94434	-0.2197089:13.47484:-37.92285	Grasped	Bottle	
-1.647949:4.73291:-13.08691	2.179688:5.897461:-11.9751	0.7250977:4.390137:-16.65967	0.7866211:8.050781:-11.94434	-0.2255563:13.48031:-37.92745	Grasped	Bottle	
-1.230469:4.253906:-12.48486	2.333496:5.603027:-11.63232	0.7998047:4.100098:-16.25098	0.7646484:8.046387:-11.92676	-0.2265402:13.48245:-37.95184	Grasped	Bottle	
-1.230469:4.253906:-12.48486	2.333496:5.603027:-11.63232	0.7998047:4.100098:-16.25098	0.7646484:8.046387:-11.92676	-0.2312804:13.47685:-37.92175	Grasped	Bottle	
-1.230469:4.253906:-12.48486	2.333496:5.603027:-11.63232	0.7998047:4.100098:-16.25098	0.7646484:8.046387:-11.92676	-0.2325428:13.47448:-37.92117	Grasped	Bottle	
-1.230469:4.253906:-12.48486	2.333496:5.603027:-11.63232	0.7998047:4.100098:-16.25098	0.7646484:8.046387:-11.92676	-0.2312087:13.46898:-37.91412	Grasped	Bottle	
-0.8041992:3.98584:-12.06738	2.403809:5.264648:-11.36426	0.9316406:3.88916:-15.93896	0.777832:8.046387:-11.92676	-0.2365522:13.47156:-37.92102	Grasped	Hand	
-0.8041992:3.98584:-12.06738	2.403809:5.264648:-11.36426	0.9316406:3.88916:-15.93896	0.777832:8.046387:-11.92676	-0.2145553:13.47403:-37.96522	Grasped	Default	
-0.8041992:3.98584:-12.06738	2.403809:5.264648:-11.36426	0.9316406:3.88916:-15.93896	0.777832:8.046387:-11.92676	-0.2088647:13.46174:-37.98426	Grasped	Default	
-0.7207031:3.884766:-11.896	2.091797:5.119629:-11.21484	0.9887695:3.814453:-15.75439	0.8481445:8.033203:-11.82568	-0.2088647:13.46174:-37.98426	Grasped	Default	
-0.7207031:3.884766:-11.896	2.091797:5.119629:-11.21484	0.9887695:3.814453:-15.75439	0.8481445:8.033203:-11.82568	-0.2088647:13.46174:-37.98426	Grasped	Default	
-0.7207031:3.884766:-11.896	2.091797:5.119629:-11.21484	0.9887695:3.814453:-15.75439	0.8481445:8.033203:-11.82568	-0.2088647:13.46174:-37.98426	Grasped	Default	
-0.6987305:3.862793:-11.82129	1.885254:5.154785:-11.13574	1.032715:3.854004:-15.6709	0.84375:8.024414:-11.73779	-0.2088647:13.46174:-37.98426	Grasped	Default	
-0.6987305:3.862793:-11.82129	1.885254:5.154785:-11.13574	1.032715:3.854004:-15.6709	0.84375:8.024414:-11.73779	-0.2088647:13.46174:-37.98426	Grasped	Default	
-0.6987305:3.862793:-11.82129	1.885254:5.154785:-11.13574	1.032715:3.854004:-15.6709	0.84375:8.024414:-11.73779	-0.2088647:13.46174:-37.98426	Grasped	Default	
-0.6987305:3.862793:-11.82129	1.885254:5.154785:-11.13574	1.032715:3.854004:-15.6709	0.84375:8.024414:-11.73779	-0.2088647:13.46174:-37.98426	Grasped	Default	
-0.6987305:3.862793:-11.82129	1.885254:5.154785:-11.13574	1.032715:3.854004:-15.6709	0.84375:8.024414:-11.73779	-0.2088647:13.46174:-37.98426	Grasped	Default	
-0.5625:3.950684:-11.80811	2.047852:5.304199:-11.13135	1.234863:4.029785:-15.64893	1.07666:8.077148:-11.71582	-0.2088647:13.46174:-37.98426	Grasped	Default	
-0.5625:3.950684:-11.80811	2.047852:5.304199:-11.13135	1.234863:4.029785:-15.64893	1.07666:8.077148:-11.71582	-0.2088647:13.46174:-37.98426	Grasped	Default	
-0.5625:3.950684:-11.80811	2.047852:5.304199:-11.13135	1.234863:4.029785:-15.64893	1.07666:8.077148:-11.71582	-0.2088647:13.46174:-37.98426	Grasped	Default	
-0.140625:4.324219:-11.94434	2.48291:5.638184:-11.26758	1.630371:4.311035:-15.78516	1.573242:8.384766:-11.87402	-0.2088647:13.46174:-37.98426	Grasped	Default	
-0.140625:4.324219:-11.94434	2.48291:5.638184:-11.26758	1.630371:4.311035:-15.78516	1.573242:8.384766:-11.87402	-0.2088647:13.46174:-37.98426	Grasped	Default	
-0.140625:4.324219:-11.94434	2.48291:5.638184:-11.26758	1.630371:4.311035:-15.78516	1.573242:8.384766:-11.87402	-0.2088647:13.46174:-37.98426	Grasped	Default	
0.4746094:4.816406:-12.22998	3.041016:6.205078:-11.54443	2.254395:4.768066:-16.06641	2.109375:8.907715:-12.19043	-0.2088647:13.46174:-37.98426	Grasped	Default	
0.4746094:4.816406:-12.22998	3.041016:6.205078:-11.54443	2.254395:4.768066:-16.06641	2.109375:8.907715:-12.19043	-0.08756568:13.48963:-38.00647	Grasped	Default	
0.4746094:4.816406:-12.22998	3.041016:6.205078:-11.54443	2.254395:4.768066:-16.06641	2.109375:8.907715:-12.19043	-0.08756568:13.48963:-38.00647	Grasped	Default	
0.4746094:4.816406:-12.22998	3.041016:6.205078:-11.54443	2.254395:4.768066:-16.06641	2.109375:8.907715:-12.19043	-0.0868264:13.4836:-38.01005	Grasped	Default	
1.384277:5.352539:-12.68262	3.893555:6.88623:-12.10693	3.076172:5.291016:-16.56738	2.847656:9.522949:-12.79248	-0.08615516:13.48224:-38.01149	Grasped	Default	
1.384277:5.352539:-12.68262	3.893555:6.88623:-12.10693	3.076172:5.291016:-16.56738	2.847656:9.522949:-12.79248	-0.08573712:13.48319:-38.01123	Grasped	Default	
1.384277:5.352539:-12.68262	3.893555:6.88623:-12.10693	3.076172:5.291016:-16.56738	2.847656:9.522949:-12.79248	-0.0857068:13.48711:-38.00945	Grasped	Default	
1.384277:5.352539:-12.68262	3.893555:6.88623:-12.10693	3.076172:5.291016:-16.56738	2.847656:9.522949:-12.79248	-0.08314413:13.48271:-38.0134	Grasped	Default	
2.399414:5.787598:-13.2627	4.92627:7.378418:-12.81006	3.946289:5.704102:-17.20898	3.818848:9.997559:-13.46484	-0.08391792:13.48194:-38.01331	Grasped	Default	
2.399414:5.787598:-13.2627	4.92627:7.378418:-12.81006	3.946289:5.704102:-17.20898	3.818848:9.997559:-13.46484	-0.08321036:13.47978:-38.01505	Grasped	Default	
2.399414:5.787598:-13.2627	4.92627:7.378418:-12.81006	3.946289:5.704102:-17.20898	3.818848:9.997559:-13.46484	-0.08641642:13.47812:-38.01414	Grasped	Default	
3.405762:6.09082:-13.93506	5.928223:7.725586:-13.58789	4.820801:6.00293:-17.93408	4.812012:10.34473:-14.2207	-0.09520827:13.46974:-38.01371	Grasped	Default	
3.405762:6.09082:-13.93506	5.928223:7.725586:-13.58789	4.820801:6.00293:-17.93408	4.812012:10.34473:-14.2207	-0.09594551:13.47185:-38.01225	Grasped	Default	
3.405762:6.09082:-13.93506	5.928223:7.725586:-13.58789	4.820801:6.00293:-17.93408	4.812012:10.34473:-14.2207	-0.1760646:13.48579:-38.06357	Grasped	Default	
3.405762:6.09082:-13.93506	5.928223:7.725586:-13.58789	4.820801:6.00293:-17.93408	4.812012:10.34473:-14.2207	-0.1643693:13.49686:-38.07563	Grasped	Default	
4.407715:6.183105:-14.64258	6.851074:7.958496:-14.32178	5.72168:6.178711:-18.66357	5.559082:10.49854:-14.85352	-0.1391219:13.47201:-38.02817	Grasped	Default	
4.407715:6.183105:-14.64258	6.851074:7.958496:-14.32178	5.72168:6.178711:-18.66357	5.559082:10.49854:-14.85352	-0.1437161:13.4767:-38.03355	Grasped	Default	
4.407715:6.183105:-14.64258	6.851074:7.958496:-14.32178	5.72168:6.178711:-18.66357	5.559082:10.49854:-14.85352	-0.1522869:13.46905:-38.02501	Grasped	Default	
4.407715:6.183105:-14.64258	6.851074:7.958496:-14.32178	5.72168:6.178711:-18.66357	5.559082:10.49854:-14.85352	-0.1521085:13.46447:-38.01919	Grasped	Default	
5.501953:6.077637:-15.32813	7.861816:7.945313:-15.06445	6.670898:6.161133:-19.35352	6.433594:10.47217:-15.5127	-0.1480272:13.45614:-38.00444	Grasped	Default	
5.501953:6.077637:-15.32813	7.861816:7.945313:-15.06445	6.670898:6.161133:-19.35352	6.433594:10.47217:-15.5127	-0.1529798:13.46501:-38.03159	Grasped	Default	
5.501953:6.077637:-15.32813	7.861816:7.945313:-15.06445	6.670898:6.161133:-19.35352	6.433594:10.47217:-15.5127	-0.1527256:13.46325:-38.02927	Grasped	Default	
5.501953:6.077637:-15.32813	7.861816:7.945313:-15.06445	6.670898:6.161133:-19.35352	6.433594:10.47217:-15.5127	-0.1517113:13.46328:-38.0295	Grasped	Default	
6.429199:5.888672:-15.80273	8.81543:7.751953:-15.62695	7.45752:5.980957:-19.8457	7.3125:10.30518:-16.01807	-0.1477743:13.4641:-38.03017	Grasped	Default	
6.429199:5.888672:-15.80273	8.81543:7.751953:-15.62695	7.45752:5.980957:-19.8457	7.3125:10.30518:-16.01807	-0.09713251:13.48098:-38.04135	Grasped	Default	
6.429199:5.888672:-15.80273	8.81543:7.751953:-15.62695	7.45752:5.980957:-19.8457	7.3125:10.30518:-16.01807	-0.09640392:13.48798:-38.03698	Grasped	Default	
