ThumbPosition	IndexPosition	PalmPosition	ObjectPosition	GazePosition	Annotations	GazeAnnotations	
-4.166016:-0.1713867:-30.02344	-3.247559:1.428223:-25.77393	1.274414:3.014648:-30.92432	0.9360352:8.090332:-12.37939	0.4067702:15.00815:-35.55297	Start	Default	
-4.166016:-0.1713867:-30.02344	-3.247559:1.428223:-25.77393	1.274414:3.014648:-30.92432	0.9360352:8.090332:-12.37939	0.3880239:14.99392:-35.92377	Start	Default	
-4.166016:-0.1713867:-30.02344	-3.247559:1.428223:-25.77393	1.274414:3.014648:-30.92432	0.9360352:8.090332:-12.37939	0.3821472:14.99029:-36.04952	Start	Default	
-4.166016:-0.1713867:-30.02344	-3.247559:1.428223:-25.77393	1.274414:3.014648:-30.92432	0.9360352:8.090332:-12.37939	0.3978483:14.99831:-35.71272	Start	Default	
-4.302246:-0.2592773:-30.1333	-3.181641:1.669922:-25.80908	1.283203:3.019043:-30.92871	0.9360352:8.090332:-12.37939	0.3970076:15.0007:-35.69965	Start	Default	
-4.302246:-0.2592773:-30.1333	-3.181641:1.669922:-25.80908	1.283203:3.019043:-30.92871	0.9360352:8.090332:-12.37939	0.4410715:15.02753:-34.87408	Start	Default	
-4.302246:-0.2592773:-30.1333	-3.181641:1.669922:-25.80908	1.283203:3.019043:-30.92871	0.9360352:8.090332:-12.37939	0.4491355:15.03365:-34.73518	Start	Default	
-4.297852:-0.3032227:-30.15088	-3.128906:1.806152:-25.78711	1.287598:3.014648:-30.93311	0.9360352:8.090332:-12.37939	0.4464234:15.03631:-34.76343	Start	Default	
-4.297852:-0.3032227:-30.15088	-3.128906:1.806152:-25.78711	1.287598:3.014648:-30.93311	0.9360352:8.090332:-12.37939	0.4170115:15.02397:-35.25404	Start	Default	
-4.297852:-0.3032227:-30.15088	-3.128906:1.806152:-25.78711	1.287598:3.014648:-30.93311	0.9360352:8.090332:-12.37939	0.4228495:15.02896:-35.11777	Start	Default	
-4.385742:-0.3076172:-30.17725	-3.137695:1.898438:-25.75195	1.287598:3.019043:-30.93311	0.9360352:8.090332:-12.37939	0.438361:15.0266:-34.80471	Start	Default	
-4.385742:-0.3076172:-30.17725	-3.137695:1.898438:-25.75195	1.287598:3.019043:-30.93311	0.9360352:8.090332:-12.37939	0.4779949:15.04405:-34.08202	Start	Default	
-4.385742:-0.3076172:-30.17725	-3.137695:1.898438:-25.75195	1.287598:3.019043:-30.93311	0.9360352:8.090332:-12.37939	0.4499003:15.03358:-34.35707	Start	Default	
-4.385742:-0.3076172:-30.17725	-3.137695:1.898438:-25.75195	1.287598:3.019043:-30.93311	0.9360352:8.090332:-12.37939	0.3189243:14.96133:-37.79589	Start	Default	
-4.333008:-0.2944336:-30.22998	-3.146484:2.074219:-25.72559	1.287598:3.036621:-30.92871	0.9360352:8.090332:-12.37939	0.2783305:14.85673:-37.33489	Start	Default	
-4.333008:-0.2944336:-30.22998	-3.146484:2.074219:-25.72559	1.287598:3.036621:-30.92871	0.9360352:8.090332:-12.37939	0.2190109:14.8311:-37.12077	Start	Default	
-4.333008:-0.2944336:-30.22998	-3.146484:2.074219:-25.72559	1.287598:3.036621:-30.92871	0.9360352:8.090332:-12.37939	0.2098029:14.83278:-37.56941	Start	Default	
-4.333008:-0.2944336:-30.22998	-3.146484:2.074219:-25.72559	1.287598:3.036621:-30.92871	0.9360352:8.090332:-12.37939	0.2054763:14.81629:-37.56859	Start	Default	
-4.333008:-0.355957:-30.27393	-3.106934:2.219238:-25.7168	1.296387:3.062988:-30.92871	0.9360352:8.090332:-12.37939	0.1832214:14.76982:-37.34201	Start	Default	
-4.333008:-0.355957:-30.27393	-3.106934:2.219238:-25.7168	1.296387:3.062988:-30.92871	0.9360352:8.090332:-12.37939	0.2082062:14.8191:-37.56184	Start	Default	
-4.333008:-0.355957:-30.27393	-3.106934:2.219238:-25.7168	1.296387:3.062988:-30.92871	0.9360352:8.090332:-12.37939	0.2303871:14.77263:-37.47223	Start	Default	
-4.333008:-0.355957:-30.27393	-3.106934:2.219238:-25.7168	1.296387:3.062988:-30.92871	0.9360352:8.090332:-12.37939	0.2226875:14.78177:-37.48096	Start	Default	
-4.36377:-0.3823242:-30.34424	-3.019043:2.465332:-25.72559	1.305176:3.098145:-30.92871	0.9360352:8.090332:-12.37939	0.2020283:14.79211:-37.45884	Start	Default	
-4.36377:-0.3823242:-30.34424	-3.019043:2.465332:-25.72559	1.305176:3.098145:-30.92871	0.9360352:8.090332:-12.37939	0.1865378:14.74317:-37.2854	Start	Default	
-4.36377:-0.3823242:-30.34424	-3.019043:2.465332:-25.72559	1.305176:3.098145:-30.92871	0.9360352:8.090332:-12.37939	0.2013799:14.7618:-37.38168	Start	Default	
-4.306641:-0.1186523:-30.67383	-2.90918:2.724609:-25.80908	1.379883:3.225586:-30.91113	0.9360352:8.090332:-12.37939	0.2383324:14.80961:-37.59213	Start	Default	
-4.306641:-0.1186523:-30.67383	-2.90918:2.724609:-25.80908	1.379883:3.225586:-30.91113	0.9360352:8.090332:-12.37939	0.2227609:14.77148:-37.46445	Start	Default	
-4.306641:-0.1186523:-30.67383	-2.90918:2.724609:-25.80908	1.379883:3.225586:-30.91113	0.9360352:8.090332:-12.37939	0.2579364:14.83166:-37.71547	Start	Default	
-4.306641:-0.1186523:-30.67383	-2.90918:2.724609:-25.80908	1.379883:3.225586:-30.91113	0.9360352:8.090332:-12.37939	0.247632:14.80641:-37.61705	Start	Default	
-4.113281:0.6635742:-30.98584	-2.777344:2.610352:-26.28809	1.981934:4.130859:-30.70898	0.9360352:8.090332:-12.37939	0.2530246:14.83539:-37.72239	Start	Default	
-4.113281:0.6635742:-30.98584	-2.777344:2.610352:-26.28809	1.981934:4.130859:-30.70898	0.9360352:8.090332:-12.37939	0.2214608:14.75517:-37.41416	Start	Default	
-4.113281:0.6635742:-30.98584	-2.777344:2.610352:-26.28809	1.981934:4.130859:-30.70898	0.9360352:8.090332:-12.37939	0.2687781:14.68143:-37.24566	Start	Bottle	
-4.113281:0.6635742:-30.98584	-2.777344:2.610352:-26.28809	1.981934:4.130859:-30.70898	0.9360352:8.090332:-12.37939	0.2514938:14.82616:-37.65811	Start	Default	
-3.22998:1.911621:-30.97705	-2.148926:3.480469:-26.8374	3.09375:5.312988:-30.40576	0.9360352:8.090332:-12.37939	0.2369268:14.87216:-37.84185	Start	Default	
-3.22998:1.911621:-30.97705	-2.148926:3.480469:-26.8374	3.09375:5.312988:-30.40576	0.9360352:8.090332:-12.37939	0.2458218:14.82118:-37.63583	Start	Default	
-3.22998:1.911621:-30.97705	-2.148926:3.480469:-26.8374	3.09375:5.312988:-30.40576	0.9360352:8.090332:-12.37939	0.2559195:14.88663:-37.91101	Start	Bottle	
-1,770996,3,845215,-30,22998,	-0,5625,5,066895,-27,06152,	4,368164,6,600586,-29,96191,	0,9360352,8,090332,-12,37939,	0,2962033,14,85959,-37,82729,	Start	Bottle	
-1,770996,3,845215,-30,22998,	-0,5625,5,066895,-27,06152,	4,368164,6,600586,-29,96191,	0,9360352,8,090332,-12,37939,	0,2709093,14,90849,-37,98735,	Start	Bottle	
-1,770996,3,845215,-30,22998,	-0,5625,5,066895,-27,06152,	4,368164,6,600586,-29,96191,	0,9360352,8,090332,-12,37939,	0,2515039,14,90867,-37,99363,	Start	Bottle	
-1,770996,3,845215,-30,22998,	-0,5625,5,066895,-27,06152,	4,368164,6,600586,-29,96191,	0,9360352,8,090332,-12,37939,	0,2422916,14,85957,-37,81957,	Start	Bottle	
-0,8657227,5,453613,-29,11377,	1,120605,6,082031,-26,02002,	5,541504,7,734375,-29,26318,	0,9360352,8,090332,-12,37939,	0,2456453,14,91107,-38,00572,	Start	Bottle	
-0,8657227,5,453613,-29,11377,	1,120605,6,082031,-26,02002,	5,541504,7,734375,-29,26318,	0,9360352,8,090332,-12,37939,	0,2465185,14,91081,-38,00495,	Start	Bottle	
-0,8657227,5,453613,-29,11377,	1,120605,6,082031,-26,02002,	5,541504,7,734375,-29,26318,	0,9360352,8,090332,-12,37939,	0,2461178,14,91076,-38,00517,	Start	Bottle	
0,3383789,6,837891,-27,11426,	1,889648,6,728027,-24,25342,	6,328125,8,375977,-27,95801,	0,9360352,8,090332,-12,37939,	0,2455601,14,88688,-37,92268,	Start	Bottle	
0,3383789,6,837891,-27,11426,	1,889648,6,728027,-24,25342,	6,328125,8,375977,-27,95801,	0,9360352,8,090332,-12,37939,	0,2418003,14,90704,-37,99236,	Start	Bottle	
0,3383789,6,837891,-27,11426,	1,889648,6,728027,-24,25342,	6,328125,8,375977,-27,95801,	0,9360352,8,090332,-12,37939,	0,2445941,14,91152,-38,00418,	Start	Bottle	
0,3383789,6,837891,-27,11426,	1,889648,6,728027,-24,25342,	6,328125,8,375977,-27,95801,	0,9360352,8,090332,-12,37939,	0,2490826,14,91195,-38,00387,	Start	Bottle	
1,190918,8,116699,-24,6665,	2,34668,7,426758,-21,95068,	6,561035,8,30127,-26,29248,	0,9360352,8,090332,-12,37939,	0,2529704,14,90041,-37,9649,	Start	Bottle	
1,190918,8,116699,-24,6665,	2,34668,7,426758,-21,95068,	6,561035,8,30127,-26,29248,	0,9360352,8,090332,-12,37939,	0,2555378,14,864,-37,83821,	Start	Bottle	
1,190918,8,116699,-24,6665,	2,34668,7,426758,-21,95068,	6,561035,8,30127,-26,29248,	0,9360352,8,090332,-12,37939,	0,2562216,14,85551,-37,81255,	Start	Bottle	
1,190918,8,116699,-24,6665,	2,34668,7,426758,-21,95068,	6,561035,8,30127,-26,29248,	0,9360352,8,090332,-12,37939,	0,2469738,14,86243,-37,83456,	Start	Bottle	
1.445801:8.230957:-22.32861	2.988281:7.40918:-19.25244	6.477539:7.782715:-24.45996	0.9360352:8.090332:-12.37939	0.2358396:14.8756:-37.88794	Grasped	Bottle	
1.445801:8.230957:-22.32861	2.988281:7.40918:-19.25244	6.477539:7.782715:-24.45996	0.9360352:8.090332:-12.37939	0.2474993:14.81737:-37.6825	Grasped	Bottle	
1.445801:8.230957:-22.32861	2.988281:7.40918:-19.25244	6.477539:7.782715:-24.45996	0.9360352:8.090332:-12.37939	0.2427138:14.83098:-37.74205	Grasped	Bottle	
1.415039:7.505859:-20.07422	3.854004:6.684082:-16.64209	6.161133:6.881836:-22.59229	0.9360352:8.090332:-12.37939	0.2964908:14.6306:-37.11491	Grasped	Bottle	
1.415039:7.505859:-20.07422	3.854004:6.684082:-16.64209	6.161133:6.881836:-22.59229	0.9360352:8.090332:-12.37939	0.271732:14.78627:-37.66568	Grasped	Default	
1.415039:7.505859:-20.07422	3.854004:6.684082:-16.64209	6.161133:6.881836:-22.59229	0.9360352:8.090332:-12.37939	0.2485106:14.89727:-38.00653	Grasped	Default	
1.415039:7.505859:-20.07422	3.854004:6.684082:-16.64209	6.161133:6.881836:-22.59229	0.9360352:8.090332:-12.37939	0.2444579:14.87533:-37.98164	Grasped	Default	
1.234863:6.692871:-18.3999	4.333008:5.699707:-14.80078	5.765625:5.822754:-21.08496	0.9360352:8.090332:-12.37939	0.2319026:14.87611:-37.98365	Grasped	Default	
1.234863:6.692871:-18.3999	4.333008:5.699707:-14.80078	5.765625:5.822754:-21.08496	0.9360352:8.090332:-12.37939	0.2319026:14.87611:-37.98365	Grasped	Default	
1.234863:6.692871:-18.3999	4.333008:5.699707:-14.80078	5.765625:5.822754:-21.08496	0.9360352:8.090332:-12.37939	0.2319026:14.87611:-37.98365	Grasped	Default	
1.234863:6.692871:-18.3999	4.333008:5.699707:-14.80078	5.765625:5.822754:-21.08496	0.9360352:8.090332:-12.37939	0.2319026:14.87611:-37.98365	Grasped	Default	
0.8085938:5.822754:-17.3584	4.271484:4.754883:-13.56152	5.273438:4.873535:-19.97314	0.9360352:8.090332:-12.37939	0.2319026:14.87611:-37.98365	Grasped	Default	
0.8085938:5.822754:-17.3584	4.271484:4.754883:-13.56152	5.273438:4.873535:-19.97314	0.9360352:8.090332:-12.37939	0.2319026:14.87611:-37.98365	Grasped	Default	
0.8085938:5.822754:-17.3584	4.271484:4.754883:-13.56152	5.273438:4.873535:-19.97314	0.9360352:8.090332:-12.37939	0.231516:14.85769:-37.98487	Grasped	Default	
0.3120117:5.11084:-16.72559	3.884766:4.078125:-12.78369	4.737305:4.056152:-19.22168	0.9360352:8.090332:-12.37939	0.2293088:14.86168:-37.98112	Grasped	Default	
0.3120117:5.11084:-16.72559	3.884766:4.078125:-12.78369	4.737305:4.056152:-19.22168	0.9360352:8.090332:-12.37939	0.3802537:14.70119:-37.66981	Grasped	Default	
0.3120117:5.11084:-16.72559	3.884766:4.078125:-12.78369	4.737305:4.056152:-19.22168	0.9360352:8.090332:-12.37939	0.382439:14.66607:-37.61671	Grasped	Default	
0.3120117:5.11084:-16.72559	3.884766:4.078125:-12.78369	4.737305:4.056152:-19.22168	0.9360352:8.090332:-12.37939	1.074008:13.22785:-35.10006	Grasped	Default	
-0.206543:4.675781:-16.41357	3.370605:3.629883:-12.32666	4.21875:3.427734:-18.76465	0.9360352:8.090332:-12.37939	0.4189494:14.5658:-37.4157	Grasped	Default	
-0.206543:4.675781:-16.41357	3.370605:3.629883:-12.32666	4.21875:3.427734:-18.76465	0.9360352:8.090332:-12.37939	0.283286:14.81346:-37.87468	Grasped	Hand	
-0.206543:4.675781:-16.41357	3.370605:3.629883:-12.32666	4.21875:3.427734:-18.76465	0.9360352:8.090332:-12.37939	0.2864042:14.79965:-37.84193	Grasped	Default	
-0.7470703:4.223145:-16.19385	2.759766:3.401367:-12.07617	3.687012:2.953125:-18.46582	0.9360352:8.090332:-12.37939	0.482159:14.4014:-37.14558	Grasped	Default	
-0.7470703:4.223145:-16.19385	2.759766:3.401367:-12.07617	3.687012:2.953125:-18.46582	0.9360352:8.090332:-12.37939	0.3895037:14.57234:-37.46609	Grasped	Default	
-0.7470703:4.223145:-16.19385	2.759766:3.401367:-12.07617	3.687012:2.953125:-18.46582	0.9360352:8.090332:-12.37939	0.2876384:14.79325:-37.82837	Grasped	Default	
-0.7470703:4.223145:-16.19385	2.759766:3.401367:-12.07617	3.687012:2.953125:-18.46582	0.9360352:8.090332:-12.37939	0.2614261:14.8462:-37.92418	Grasped	Default	
-1.177734:3.708984:-15.9126	2.271973:3.273926:-11.91357	3.251953:2.680664:-18.24609	0.9360352:8.090332:-12.37939	0.5585796:14.19636:-36.79244	Grasped	Default	
-1.177734:3.708984:-15.9126	2.271973:3.273926:-11.91357	3.251953:2.680664:-18.24609	0.9360352:8.090332:-12.37939	0.2517186:14.88542:-37.98471	Grasped	Default	
-1.177734:3.708984:-15.9126	2.271973:3.273926:-11.91357	3.251953:2.680664:-18.24609	0.9360352:8.090332:-12.37939	0.2700633:14.83455:-37.91235	Grasped	Default	
-1.432617:3.22998:-15.40723	2.052246:3.120117:-11.75977	2.891602:2.53125:-18.03076	0.9272461:8.090332:-12.375	0.2758021:14.80969:-37.86608	Grasped	Default	
-1.432617:3.22998:-15.40723	2.052246:3.120117:-11.75977	2.891602:2.53125:-18.03076	0.9272461:8.090332:-12.375	0.2777886:14.80483:-37.86197	Grasped	Default	
-1.432617:3.22998:-15.40723	2.052246:3.120117:-11.75977	2.891602:2.53125:-18.03076	0.9272461:8.090332:-12.375	0.3137028:14.70515:-37.69016	Grasped	Default	
-1.432617:3.22998:-15.40723	2.052246:3.120117:-11.75977	2.891602:2.53125:-18.03076	0.9272461:8.090332:-12.375	0.2592502:14.84932:-37.93415	Grasped	Default	
-1.393066:3.089355:-14.79199	1.955566:3.023438:-11.63232	2.689453:2.478516:-17.82861	0.8964844:8.081543:-12.30908	0.2728029:14.79932:-37.83144	Grasped	Default	
-1.393066:3.089355:-14.79199	1.955566:3.023438:-11.63232	2.689453:2.478516:-17.82861	0.8964844:8.081543:-12.30908	0.2428749:14.87104:-37.96603	Grasped	Hand	
-1.393066:3.089355:-14.79199	1.955566:3.023438:-11.63232	2.689453:2.478516:-17.82861	0.8964844:8.081543:-12.30908	0.2404627:14.87589:-37.98096	Grasped	Default	
-1.393066:3.089355:-14.79199	1.955566:3.023438:-11.63232	2.689453:2.478516:-17.82861	0.8964844:8.081543:-12.30908	0.2470062:14.85373:-37.94093	Grasped	Default	
-1.230469:2.768555:-14.1416	1.894043:2.90918:-11.4917	2.535645:2.513672:-17.5957	0.8833008:8.068359:-12.24756	0.2504284:14.87677:-37.98033	Grasped	Default	
-1.230469:2.768555:-14.1416	1.894043:2.90918:-11.4917	2.535645:2.513672:-17.5957	0.8833008:8.068359:-12.24756	0.2431895:14.87862:-37.97915	Grasped	Default	
-1.230469:2.768555:-14.1416	1.894043:2.90918:-11.4917	2.535645:2.513672:-17.5957	0.8833008:8.068359:-12.24756	0.2371974:14.87029:-37.96316	Grasped	Default	
-1.006348:2.707031:-13.6626	1.836914:2.8125:-11.32031	2.53125:2.500488:-17.3584	0.8745117:8.050781:-12.14648	0.2365587:14.87437:-37.96968	Grasped	Default	
-1.006348:2.707031:-13.6626	1.836914:2.8125:-11.32031	2.53125:2.500488:-17.3584	0.8745117:8.050781:-12.14648	0.2368699:14.87992:-37.97819	Grasped	Default	
-1.006348:2.707031:-13.6626	1.836914:2.8125:-11.32031	2.53125:2.500488:-17.3584	0.8745117:8.050781:-12.14648	0.2385029:14.88078:-37.97755	Grasped	Default	
-0.7998047:2.641113:-13.34619	1.740234:2.702637:-11.22803	2.601563:2.43457:-17.19141	0.909668:8.037598:-12.01904	0.2380912:14.87981:-37.97804	Grasped	Default	
-0.7998047:2.641113:-13.34619	1.740234:2.702637:-11.22803	2.601563:2.43457:-17.19141	0.909668:8.037598:-12.01904	0.236555:14.88102:-37.9772	Grasped	Default	
-0.7998047:2.641113:-13.34619	1.740234:2.702637:-11.22803	2.601563:2.43457:-17.19141	0.909668:8.037598:-12.01904	0.2371835:14.88091:-37.97708	Grasped	Default	
-0.7382813:2.522461:-13.22754	1.713867:2.645508:-11.21924	2.623535:2.381836:-17.12109	0.9272461:8.028809:-11.97949	0.2367963:14.88079:-37.97702	Grasped	Default	
-0.7382813:2.522461:-13.22754	1.713867:2.645508:-11.21924	2.623535:2.381836:-17.12109	0.9272461:8.028809:-11.97949	0.2362001:14.88035:-37.97717	Grasped	Default	
-0.7382813:2.522461:-13.22754	1.713867:2.645508:-11.21924	2.623535:2.381836:-17.12109	0.9272461:8.028809:-11.97949	0.2388832:14.88072:-37.97688	Grasped	Default	
-0.7382813:2.522461:-13.22754	1.713867:2.645508:-11.21924	2.623535:2.381836:-17.12109	0.9272461:8.028809:-11.97949	0.2213605:14.87185:-37.98255	Grasped	Default	
-0.7338867:2.487305:-13.19678	1.718262:2.641113:-11.21924	2.614746:2.368652:-17.09473	0.9272461:8.028809:-11.9751	0.227616:14.85043:-37.97231	Grasped	Default	
-0.7338867:2.487305:-13.19678	1.718262:2.641113:-11.21924	2.614746:2.368652:-17.09473	0.9272461:8.028809:-11.9751	0.1708658:14.86367:-37.96698	Grasped	Default	
-0.7338867:2.487305:-13.19678	1.718262:2.641113:-11.21924	2.614746:2.368652:-17.09473	0.9272461:8.028809:-11.9751	0.1736703:14.86261:-37.96675	Grasped	Default	
-0.7294922:2.522461:-13.21436	1.727051:2.641113:-11.21924	2.614746:2.381836:-17.08154	0.9316406:8.028809:-11.9751	0.1731884:14.86178:-37.9678	Grasped	Default	
-0.7294922:2.522461:-13.21436	1.727051:2.641113:-11.21924	2.614746:2.381836:-17.08154	0.9316406:8.028809:-11.9751	0.1717763:14.8625:-37.96801	Grasped	Default	
-0.7294922:2.522461:-13.21436	1.727051:2.641113:-11.21924	2.614746:2.381836:-17.08154	0.9316406:8.028809:-11.9751	0.171153:14.86204:-37.96887	Grasped	Default	
-0.7294922:2.522461:-13.21436	1.727051:2.641113:-11.21924	2.614746:2.381836:-17.08154	0.9316406:8.028809:-11.9751	0.1720154:14.85911:-37.97124	Grasped	Default	
-0.7207031:2.548828:-13.24072	1.740234:2.649902:-11.25	2.610352:2.381836:-17.08594	0.9360352:8.037598:-12.01904	0.17452:14.85645:-37.97224	Grasped	Default	
-0.7207031:2.548828:-13.24072	1.740234:2.649902:-11.25	2.610352:2.381836:-17.08594	0.9360352:8.037598:-12.01904	0.1754564:14.85219:-37.97596	Grasped	Default	
-0.7207031:2.548828:-13.24072	1.740234:2.649902:-11.25	2.610352:2.381836:-17.08594	0.9360352:8.037598:-12.01904	0.1768474:14.85319:-37.97459	Grasped	Default	
-0.7207031:2.548828:-13.24072	1.740234:2.649902:-11.25	2.610352:2.381836:-17.08594	0.9360352:8.037598:-12.01904	0.1774653:14.84954:-37.97738	Grasped	Default	
-0.7470703:2.562012:-13.28906	1.643555:2.733398:-11.36865	2.548828:2.425781:-17.12988	0.6855469:8.072754:-12.12891	0.1728884:14.85583:-37.97412	Grasped	Default	
-0.7470703:2.562012:-13.28906	1.643555:2.733398:-11.36865	2.548828:2.425781:-17.12988	0.6855469:8.072754:-12.12891	0.1740928:14.85014:-37.97791	Grasped	Default	
-0.7470703:2.562012:-13.28906	1.643555:2.733398:-11.36865	2.548828:2.425781:-17.12988	0.6855469:8.072754:-12.12891	0.1693917:14.853:-37.97682	Grasped	Default	
-0.9492188:2.601563:-13.45166	1.340332:3.080566:-11.50049	2.456543:2.641113:-17.18262	-0.08789063:8.257324:-12.4585	0.1698693:14.85052:-37.97837	Grasped	Default	
-0.9492188:2.601563:-13.45166	1.340332:3.080566:-11.50049	2.456543:2.641113:-17.18262	-0.08789063:8.257324:-12.4585	0.1689862:14.85251:-37.97681	Grasped	Default	
-0.9492188:2.601563:-13.45166	1.340332:3.080566:-11.50049	2.456543:2.641113:-17.18262	-0.08789063:8.257324:-12.4585	0.1641728:14.85368:-37.97689	Grasped	Default	
-0.9492188:2.601563:-13.45166	1.340332:3.080566:-11.50049	2.456543:2.641113:-17.18262	-0.08789063:8.257324:-12.4585	0.1849379:14.84261:-37.97237	Grasped	Default	
-0.9492188:2.601563:-13.45166	1.340332:3.080566:-11.50049	2.456543:2.641113:-17.18262	-0.08789063:8.257324:-12.4585	0.1837722:14.86693:-37.99286	Grasped	Default	
-1.27002:3.023438:-13.64063	1.015137:3.528809:-11.67627	2.276367:2.979492:-17.26611	-0.1054688:8.753906:-12.90674	0.1857571:14.86676:-37.99242	Grasped	Default	
-1.27002:3.023438:-13.64063	1.015137:3.528809:-11.67627	2.276367:2.979492:-17.26611	-0.1054688:8.753906:-12.90674	0.1892179:14.86334:-37.99387	Grasped	Default	
-1.27002:3.023438:-13.64063	1.015137:3.528809:-11.67627	2.276367:2.979492:-17.26611	-0.1054688:8.753906:-12.90674	0.1813658:14.85166:-37.97987	Grasped	Default	
-1.770996:3.726563:-13.89111	0.5800781:3.999023:-11.896	1.885254:3.366211:-17.42432	0.06152344:9.276855:-13.13525	0.18344:14.85284:-37.98201	Grasped	Default	
-1.770996:3.726563:-13.89111	0.5800781:3.999023:-11.896	1.885254:3.366211:-17.42432	0.06152344:9.276855:-13.13525	0.1848244:14.86275:-37.99419	Grasped	Default	
-1.770996:3.726563:-13.89111	0.5800781:3.999023:-11.896	1.885254:3.366211:-17.42432	0.06152344:9.276855:-13.13525	0.188032:14.86306:-37.99363	Grasped	Default	
-2.509277:4.394531:-14.30859	-0.1362305:4.385742:-12.18164	1.252441:3.770508:-17.65723	-0.355957:9.70752:-13.24951	0.189135:14.8619:-37.99444	Grasped	Default	
-2.509277:4.394531:-14.30859	-0.1362305:4.385742:-12.18164	1.252441:3.770508:-17.65723	-0.355957:9.70752:-13.24951	0.1895807:14.86131:-37.99481	Grasped	Default	
-2.509277:4.394531:-14.30859	-0.1362305:4.385742:-12.18164	1.252441:3.770508:-17.65723	-0.355957:9.70752:-13.24951	0.1898836:14.86287:-37.99342	Grasped	Default	
-2.509277:4.394531:-14.30859	-0.1362305:4.385742:-12.18164	1.252441:3.770508:-17.65723	-0.355957:9.70752:-13.24951	0.1903196:14.86039:-37.99598	Grasped	Default	
-3.498047:4.873535:-14.92822	-1.168945:4.750488:-12.56836	0.4833984:4.100098:-17.93408	-1.230469:10.06348:-13.47803	0.1940149:14.86151:-37.99451	Grasped	Default	
-3.498047:4.873535:-14.92822	-1.168945:4.750488:-12.56836	0.4833984:4.100098:-17.93408	-1.230469:10.06348:-13.47803	0.1934492:14.86158:-37.99521	Grasped	Default	
-3.498047:4.873535:-14.92822	-1.168945:4.750488:-12.56836	0.4833984:4.100098:-17.93408	-1.230469:10.06348:-13.47803	0.1929058:14.86219:-37.99479	Grasped	Default	
-3.498047:4.873535:-14.92822	-1.168945:4.750488:-12.56836	0.4833984:4.100098:-17.93408	-1.230469:10.06348:-13.47803	0.1912532:14.86244:-37.99593	Grasped	Default	
-4.614258:5.255859:-15.55225	-2.351074:5.022949:-13.08252	-0.4394531:4.337402:-18.25488	-2.131348:10.29639:-13.75928	0.1915275:14.86321:-37.9953	Grasped	Default	
-4.614258:5.255859:-15.55225	-2.351074:5.022949:-13.08252	-0.4394531:4.337402:-18.25488	-2.131348:10.29639:-13.75928	0.1908015:14.86389:-37.99601	Grasped	Default	
-4.614258:5.255859:-15.55225	-2.351074:5.022949:-13.08252	-0.4394531:4.337402:-18.25488	-2.131348:10.29639:-13.75928	0.1900777:14.86366:-37.99649	Grasped	Default	
-5.699707:5.510742:-16.11035	-3.440918:5.0625:-13.59668	-1.384277:4.394531:-18.58008	-2.882813:10.31836:-13.95703	0.1885952:14.86373:-37.99723	Grasped	Default	
-5.699707:5.510742:-16.11035	-3.440918:5.0625:-13.59668	-1.384277:4.394531:-18.58008	-2.882813:10.31836:-13.95703	0.1864956:14.86395:-37.99896	Grasped	Default	
-5.699707:5.510742:-16.11035	-3.440918:5.0625:-13.59668	-1.384277:4.394531:-18.58008	-2.882813:10.31836:-13.95703	0.1865538:14.86395:-37.99907	Grasped	Default	
-5.699707:5.510742:-16.11035	-3.440918:5.0625:-13.59668	-1.384277:4.394531:-18.58008	-2.882813:10.31836:-13.95703	0.184677:14.86395:-38.00098	Grasped	Default	
-6.697266:5.519531:-16.55859	-4.429688:4.943848:-14.04492	-2.285156:4.306641:-18.8877	-3.748535:10.19092:-14.18115	0.1852078:14.86442:-38.0005	Grasped	Default	
-6.697266:5.519531:-16.55859	-4.429688:4.943848:-14.04492	-2.285156:4.306641:-18.8877	-3.748535:10.19092:-14.18115	0.1850243:14.86375:-38.00213	Grasped	Default	
-6.697266:5.519531:-16.55859	-4.429688:4.943848:-14.04492	-2.285156:4.306641:-18.8877	-3.748535:10.19092:-14.18115	0.1848179:14.8637:-38.00211	Grasped	Default	
-6.697266:5.519531:-16.55859	-4.429688:4.943848:-14.04492	-2.285156:4.306641:-18.8877	-3.748535:10.19092:-14.18115	0.1848394:14.8637:-38.00236	Grasped	Default	
-7.527832:5.167969:-16.92334	-5.264648:4.715332:-14.40088	-3.089355:4.144043:-19.16016	-4.715332:10.00195:-14.49756	0.1832274:14.86379:-38.00362	Grasped	Default	
-7.527832:5.167969:-16.92334	-5.264648:4.715332:-14.40088	-3.089355:4.144043:-19.16016	-4.715332:10.00195:-14.49756	0.1836934:14.86389:-38.00343	Grasped	Default	
-7.527832:5.167969:-16.92334	-5.264648:4.715332:-14.40088	-3.089355:4.144043:-19.16016	-4.715332:10.00195:-14.49756	0.183329:14.86394:-38.0037	Grasped	Default	
-8.244141:4.768066:-17.1958	-5.853516:4.398926:-14.65137	-3.678223:3.941895:-19.39746	-5.444824:9.720703:-14.71729	0.1815309:14.86458:-38.00436	Grasped	Default	
-8.244141:4.768066:-17.1958	-5.853516:4.398926:-14.65137	-3.678223:3.941895:-19.39746	-5.444824:9.720703:-14.71729	0.1804293:14.86515:-38.00461	Grasped	Default	
-8.244141:4.768066:-17.1958	-5.853516:4.398926:-14.65137	-3.678223:3.941895:-19.39746	-5.444824:9.720703:-14.71729	0.1810889:14.86506:-38.0044	Grasped	Default	
-8.244141:4.768066:-17.1958	-5.853516:4.398926:-14.65137	-3.678223:3.941895:-19.39746	-5.444824:9.720703:-14.71729	0.1794381:14.86573:-38.00454	Grasped	Default	
-8.244141:4.768066:-17.1958	-5.853516:4.398926:-14.65137	-3.678223:3.941895:-19.39746	-5.444824:9.720703:-14.71729	0.1796519:14.8654:-38.00458	Grasped	Default	
-8.736328:4.192383:-17.48145	-6.262207:3.98584:-14.90625	-4.179199:3.621094:-19.6875	-6.033691:9.342773:-14.99854	0.1782829:14.86525:-38.0051	Grasped	Default	
-8.736328:4.192383:-17.48145	-6.262207:3.98584:-14.90625	-4.179199:3.621094:-19.6875	-6.033691:9.342773:-14.99854	0.1782004:14.86519:-38.00509	Grasped	Default	
-8.736328:4.192383:-17.48145	-6.262207:3.98584:-14.90625	-4.179199:3.621094:-19.6875	-6.033691:9.342773:-14.99854	0.1770287:14.86481:-38.00556	Grasped	Default	
-9.039551:3.634277:-17.74512	-6.51709:3.612305:-15.13477	-4.416504:3.339844:-19.9292	-6.477539:9.030762:-15.32813	0.1776843:14.86468:-38.00543	Grasped	Default	
-9.039551:3.634277:-17.74512	-6.51709:3.612305:-15.13477	-4.416504:3.339844:-19.9292	-6.477539:9.030762:-15.32813	0.1772726:14.86468:-38.00549	Grasped	Default	
-9.039551:3.634277:-17.74512	-6.51709:3.612305:-15.13477	-4.416504:3.339844:-19.9292	-6.477539:9.030762:-15.32813	0.1769167:14.86461:-38.00551	Grasped	Default	
-9.039551:3.634277:-17.74512	-6.51709:3.612305:-15.13477	-4.416504:3.339844:-19.9292	-6.477539:9.030762:-15.32813	0.1756768:14.86447:-38.00567	Grasped	Default	
-9.118652:3.102539:-20.1665	-6.622559:3.348633:-15.38965	-4.513184:3.067383:-20.1665	-6.820313:8.771484:-15.87744	0.1752897:14.86491:-38.00539	Grasped	Default	
-9.118652:3.102539:-20.1665	-6.622559:3.348633:-15.38965	-4.513184:3.067383:-20.1665	-6.820313:8.771484:-15.87744	0.1745295:14.8648:-38.00514	Grasped	Default	
-9.118652:3.102539:-20.1665	-6.622559:3.348633:-15.38965	-4.513184:3.067383:-20.1665	-6.820313:8.771484:-15.87744	0.1737346:14.86498:-38.00525	Grasped	Default	
-9.118652:3.102539:-20.1665	-6.622559:3.348633:-15.38965	-4.513184:3.067383:-20.1665	-6.820313:8.771484:-15.87744	0.1744384:14.86488:-38.00514	Grasped	Default	
-9.153809:2.808105:-18.25488	-6.61377:3.366211:-15.64453	-4.539551:2.900391:-20.4082	-7.044434:8.789063:-16.50146	0.1741109:14.86441:-38.00557	Grasped	Default	
-9.153809:2.808105:-18.25488	-6.61377:3.366211:-15.64453	-4.539551:2.900391:-20.4082	-7.044434:8.789063:-16.50146	0.1743484:14.86432:-38.00571	Grasped	Default	
