ThumbPosition	IndexPosition	PalmPosition	ObjectPosition	GazePosition	Annotations	GazeAnnotations	
-4,96582,0,9228516,-28,38428,	-2,562012,3,963867,-26,24854,	1,177734,2,047852,-30,30469,	0,9624023,7,945313,-11,41699,	0,3091115,14,87808,-37,38213,	Start	Default	
-4,96582,0,9228516,-28,38428,	-2,562012,3,963867,-26,24854,	1,177734,2,047852,-30,30469,	0,9624023,7,945313,-11,41699,	0,3159595,14,86657,-37,29426,	Start	Default	
-4,983398,0,9316406,-28,34473,	-2,588379,3,933105,-26,25732,	1,177734,2,039063,-30,30029,	0,9580078,7,945313,-11,41699,	0,3181466,14,86301,-37,27563,	Start	Default	
-4,983398,0,9316406,-28,34473,	-2,588379,3,933105,-26,25732,	1,177734,2,039063,-30,30029,	0,9580078,7,945313,-11,41699,	0,3178606,14,86776,-37,33463,	Start	Default	
-4,983398,0,9316406,-28,34473,	-2,588379,3,933105,-26,25732,	1,177734,2,039063,-30,30029,	0,9580078,7,945313,-11,41699,	0,3160612,14,87144,-37,359,	Start	Default	
-5,000977,0,9140625,-28,33594,	-2,601563,3,919922,-26,24414,	1,177734,2,034668,-30,2959,	0,9580078,7,945313,-11,42139,	0,3119546,14,88469,-37,48767,	Start	Default	
-5,000977,0,9140625,-28,33594,	-2,601563,3,919922,-26,24414,	1,177734,2,034668,-30,2959,	0,9580078,7,945313,-11,42139,	0,3100815,14,89125,-37,55035,	Start	Default	
-5,000977,0,9140625,-28,33594,	-2,601563,3,919922,-26,24414,	1,177734,2,034668,-30,2959,	0,9580078,7,945313,-11,42139,	0,3101167,14,889,-37,51777,	Start	Default	
-4,957031,0,9272461,-28,34912,	-2,592773,3,906738,-26,23535,	1,17334,2,034668,-30,2959,	0,9580078,7,945313,-11,42139,	0,3091444,14,89019,-37,52621,	Start	Default	
-4,957031,0,9272461,-28,34912,	-2,592773,3,906738,-26,23535,	1,17334,2,034668,-30,2959,	0,9580078,7,945313,-11,42139,	0,3066707,14,89789,-37,59966,	Start	Default	
-4,957031,0,9272461,-28,34912,	-2,592773,3,906738,-26,23535,	1,17334,2,034668,-30,2959,	0,9580078,7,945313,-11,42139,	0,3100837,14,89114,-37,51676,	Start	Default	
-4,957031,0,9272461,-28,34912,	-2,592773,3,906738,-26,23535,	1,17334,2,034668,-30,2959,	0,9580078,7,945313,-11,42139,	0,3111764,14,88973,-37,51095,	Start	Default	
-4,913086,0,9316406,-28,3667,	-2,57959,3,893555,-26,26172,	1,17334,2,039063,-30,2959,	0,9580078,7,945313,-11,42139,	0,3115755,14,8917,-37,52972,	Start	Default	
-4,913086,0,9316406,-28,3667,	-2,57959,3,893555,-26,26172,	1,17334,2,039063,-30,2959,	0,9580078,7,945313,-11,42139,	0,3097489,14,89654,-37,57333,	Start	Default	
-4,913086,0,9316406,-28,3667,	-2,57959,3,893555,-26,26172,	1,17334,2,039063,-30,2959,	0,9580078,7,945313,-11,42139,	0,3089351,14,89726,-37,57869,	Start	Default	
-4,913086,0,9316406,-28,3667,	-2,57959,3,893555,-26,26172,	1,17334,2,039063,-30,2959,	0,9580078,7,945313,-11,42139,	0,3108341,14,88887,-37,48907,	Start	Default	
-4,768066,0,9536133,-28,41943,	-2,575195,3,880371,-26,27051,	1,168945,2,043457,-30,2959,	0,9580078,7,945313,-11,41699,	0,3122647,14,88509,-37,44666,	Start	Default	
-4,768066,0,9536133,-28,41943,	-2,575195,3,880371,-26,27051,	1,168945,2,043457,-30,2959,	0,9580078,7,945313,-11,41699,	0,3361841,14,85882,-37,51863,	Start	Default	
-4,768066,0,9536133,-28,41943,	-2,575195,3,880371,-26,27051,	1,168945,2,043457,-30,2959,	0,9580078,7,945313,-11,41699,	0,2995784,14,84402,-37,65006,	Start	Default	
-4,715332,0,9272461,-28,47217,	-2,605957,3,875977,-26,26611,	1,160156,2,047852,-30,2915,	0,9580078,7,945313,-11,41699,	0,3086855,14,78838,-37,39199,	Start	Default	
-4,715332,0,9272461,-28,47217,	-2,605957,3,875977,-26,26611,	1,160156,2,047852,-30,2915,	0,9580078,7,945313,-11,41699,	0,2885279,14,85968,-37,72165,	Start	Default	
-4,715332,0,9272461,-28,47217,	-2,605957,3,875977,-26,26611,	1,160156,2,047852,-30,2915,	0,9580078,7,945313,-11,41699,	0,3361022,14,84372,-37,73026,	Start	Bottle	
-4,715332,0,9272461,-28,47217,	-2,605957,3,875977,-26,26611,	1,160156,2,047852,-30,2915,	0,9580078,7,945313,-11,41699,	0,3364334,14,86508,-37,81162,	Start	Bottle	
-4,662598,0,9711914,-28,50293,	-2,632324,3,919922,-26,24414,	1,160156,2,061035,-30,28711,	0,9580078,7,945313,-11,41699,	0,3391005,14,83895,-37,71594,	Start	Bottle	
-4,662598,0,9711914,-28,50293,	-2,632324,3,919922,-26,24414,	1,160156,2,061035,-30,28711,	0,9580078,7,945313,-11,41699,	0,3401411,14,83923,-37,71574,	Start	Bottle	
-4,662598,0,9711914,-28,50293,	-2,632324,3,919922,-26,24414,	1,160156,2,061035,-30,28711,	0,9580078,7,945313,-11,41699,	0,3399343,14,84757,-37,74592,	Start	Bottle	
-4,64502,1,001953,-28,5249,	-2,671875,3,933105,-26,23096,	1,155762,2,074219,-30,2915,	0,9580078,7,945313,-11,42139,	0,3377155,14,87719,-37,85109,	Start	Bottle	
-4,64502,1,001953,-28,5249,	-2,671875,3,933105,-26,23096,	1,155762,2,074219,-30,2915,	0,9580078,7,945313,-11,42139,	0,3380093,14,87075,-37,82764,	Start	Bottle	
-4,64502,1,001953,-28,5249,	-2,671875,3,933105,-26,23096,	1,155762,2,074219,-30,2915,	0,9580078,7,945313,-11,42139,	0,315757,14,86852,-37,80034,	Start	Default	
-4,618652,1,006348,-28,54688,	-2,711426,3,968262,-26,19141,	1,155762,2,083008,-30,2959,	0,9624023,7,945313,-11,41699,	0,3071391,14,86537,-37,77667,	Start	Default	
-4,618652,1,006348,-28,54688,	-2,711426,3,968262,-26,19141,	1,155762,2,083008,-30,2959,	0,9624023,7,945313,-11,41699,	0,2820979,14,88885,-37,85804,	Start	Default	
-4,618652,1,006348,-28,54688,	-2,711426,3,968262,-26,19141,	1,155762,2,083008,-30,2959,	0,9624023,7,945313,-11,41699,	0,3163801,14,91962,-38,00749,	Start	Bottle	
-4,618652,1,006348,-28,54688,	-2,711426,3,968262,-26,19141,	1,155762,2,083008,-30,2959,	0,9624023,7,945313,-11,41699,	0,306335,14,8039,-37,66871,	Start	Default	
-4,552734,1,037109,-28,53369,	-2,702637,3,968262,-26,19141,	1,155762,2,087402,-30,2959,	0,9624023,7,945313,-11,41699,	0,300471,14,8055,-37,70847,	Start	Default	
-4,552734,1,037109,-28,53369,	-2,702637,3,968262,-26,19141,	1,155762,2,087402,-30,2959,	0,9624023,7,945313,-11,41699,	0,3111949,14,85333,-37,85508,	Start	Default	
-4,552734,1,037109,-28,53369,	-2,702637,3,968262,-26,19141,	1,155762,2,087402,-30,2959,	0,9624023,7,945313,-11,41699,	0,2818292,14,84149,-37,78366,	Start	Default	
-4,552734,1,037109,-28,53369,	-2,702637,3,968262,-26,19141,	1,155762,2,087402,-30,2959,	0,9624023,7,945313,-11,41699,	0,2786337,14,83652,-37,76689,	Start	Default	
-4,464844,1,02832,-28,54688,	-2,720215,3,98584,-26,19141,	1,155762,2,096191,-30,2959,	0,9624023,7,945313,-11,41699,	0,2803484,14,83746,-37,77153,	Start	Default	
-4,464844,1,02832,-28,54688,	-2,720215,3,98584,-26,19141,	1,155762,2,096191,-30,2959,	0,9624023,7,945313,-11,41699,	0,280174,14,82894,-37,75158,	Start	Default	
-4,464844,1,02832,-28,54688,	-2,720215,3,98584,-26,19141,	1,155762,2,096191,-30,2959,	0,9624023,7,945313,-11,41699,	0,286018,14,84949,-37,81673,	Start	Default	
-4,359375,1,085449,-28,55127,	-2,71582,3,994629,-26,1958,	1,146973,2,100586,-30,30029,	0,9624023,7,945313,-11,41699,	0,2834678,14,84741,-37,81427,	Start	Default	
-4,359375,1,085449,-28,55127,	-2,71582,3,994629,-26,1958,	1,146973,2,100586,-30,30029,	0,9624023,7,945313,-11,41699,	0,2859988,14,86488,-37,86114,	Start	Default	
-4,359375,1,085449,-28,55127,	-2,71582,3,994629,-26,1958,	1,146973,2,100586,-30,30029,	0,9624023,7,945313,-11,41699,	0,2939364,14,84065,-37,80208,	Start	Default	
-4,302246,1,103027,-28,57764,	-2,781738,4,016602,-26,2002,	1,151367,2,109375,-30,2959,	0,9624023,7,945313,-11,42139,	0,3025104,14,86758,-37,87679,	Start	Default	
-4,302246,1,103027,-28,57764,	-2,781738,4,016602,-26,2002,	1,151367,2,109375,-30,2959,	0,9624023,7,945313,-11,42139,	0,3062726,14,85507,-37,85358,	Start	Default	
-4,302246,1,103027,-28,57764,	-2,781738,4,016602,-26,2002,	1,151367,2,109375,-30,2959,	0,9624023,7,945313,-11,42139,	0,3408517,14,75036,-37,63955,	Start	Bottle	
-4,302246,1,103027,-28,57764,	-2,781738,4,016602,-26,2002,	1,151367,2,109375,-30,2959,	0,9624023,7,945313,-11,42139,	0,309124,14,90418,-38,01081,	Start	Default	
-4,205566,1,129395,-28,54688,	-2,838867,4,038574,-26,18262,	1,160156,2,135742,-30,2915,	0,9580078,7,945313,-11,42139,	0,3169952,14,86722,-37,92259,	Start	Default	
-4,205566,1,129395,-28,54688,	-2,838867,4,038574,-26,18262,	1,160156,2,135742,-30,2915,	0,9580078,7,945313,-11,42139,	0,3067142,14,90409,-38,01055,	Start	Default	
-4,205566,1,129395,-28,54688,	-2,838867,4,038574,-26,18262,	1,160156,2,135742,-30,2915,	0,9580078,7,945313,-11,42139,	0,3023171,14,90423,-38,01047,	Start	Default	
-4,161621,1,120605,-28,50732,	-2,882813,4,047363,-26,18701,	1,164551,2,140137,-30,2959,	0,9580078,7,945313,-11,42139,	0,3016854,14,9041,-38,01031,	Start	Default	
-4,161621,1,120605,-28,50732,	-2,882813,4,047363,-26,18701,	1,164551,2,140137,-30,2959,	0,9580078,7,945313,-11,42139,	0,3017929,14,90407,-38,01035,	Start	Default	
-4,161621,1,120605,-28,50732,	-2,882813,4,047363,-26,18701,	1,164551,2,140137,-30,2959,	0,9580078,7,945313,-11,42139,	0,3012809,14,90398,-38,01023,	Start	Default	
-4,161621,1,120605,-28,50732,	-2,882813,4,047363,-26,18701,	1,164551,2,140137,-30,2959,	0,9580078,7,945313,-11,42139,	0,3011883,14,90404,-38,01028,	Start	Default	
-4,161621,1,120605,-28,50732,	-2,882813,4,047363,-26,18701,	1,164551,2,140137,-30,2959,	0,9580078,7,945313,-11,42139,	0,302642,14,8965,-37,99141,	Start	Default	
-4,161621,1,120605,-28,50732,	-2,882813,4,047363,-26,18701,	1,164551,2,140137,-30,2959,	0,9580078,7,945313,-11,42139,	0,3041353,14,88722,-37,96865,	Start	Default	
-3,990234,1,116211,-28,48975,	-2,926758,4,03418,-26,2002,	1,160156,2,135742,-30,2959,	0,9624023,7,945313,-11,41699,	0,3063995,14,87876,-37,94748,	Start	Default	
-3,990234,1,116211,-28,48975,	-2,926758,4,03418,-26,2002,	1,160156,2,135742,-30,2959,	0,9624023,7,945313,-11,41699,	0,308122,14,86957,-37,92466,	Start	Default	
-3,990234,1,116211,-28,48975,	-2,926758,4,03418,-26,2002,	1,160156,2,135742,-30,2959,	0,9624023,7,945313,-11,41699,	0,3074136,14,87277,-37,93258,	Start	Default	
-3,796875,1,103027,-28,46777,	-2,95752,4,038574,-26,20898,	1,146973,2,135742,-30,2959,	0,9580078,7,945313,-11,41699,	0,3069481,14,87651,-37,94148,	Start	Default	
-3,796875,1,103027,-28,46777,	-2,95752,4,038574,-26,20898,	1,146973,2,135742,-30,2959,	0,9580078,7,945313,-11,41699,	0,3066371,14,87635,-37,94096,	Start	Default	
-3,796875,1,103027,-28,46777,	-2,95752,4,038574,-26,20898,	1,146973,2,135742,-30,2959,	0,9580078,7,945313,-11,41699,	0,3073407,14,87236,-37,93227,	Start	Default	
-3,796875,1,103027,-28,46777,	-2,95752,4,038574,-26,20898,	1,146973,2,135742,-30,2959,	0,9580078,7,945313,-11,41699,	0,3063431,14,87747,-37,94451,	Start	Default	
-3,625488,1,111816,-28,42822,	-3,001465,4,078125,-26,21777,	1,138184,2,144531,-30,2959,	0,9580078,7,945313,-11,42139,	0,3052538,14,88384,-37,96055,	Start	Default	
-3,625488,1,111816,-28,42822,	-3,001465,4,078125,-26,21777,	1,138184,2,144531,-30,2959,	0,9580078,7,945313,-11,42139,	0,3103314,14,85922,-37,90016,	Start	Default	
-3,625488,1,111816,-28,42822,	-3,001465,4,078125,-26,21777,	1,138184,2,144531,-30,2959,	0,9580078,7,945313,-11,42139,	0,3089629,14,86649,-37,91785,	Start	Default	
-3,572754,1,133789,-28,38428,	-3,106934,4,139648,-26,22656,	1,125,2,148926,-30,2915,	0,9580078,7,945313,-11,42139,	0,3109079,14,85821,-37,89719,	Start	Default	
-3,572754,1,133789,-28,38428,	-3,106934,4,139648,-26,22656,	1,125,2,148926,-30,2915,	0,9580078,7,945313,-11,42139,	0,3104339,14,85861,-37,89676,	Start	Default	
-3,572754,1,133789,-28,38428,	-3,106934,4,139648,-26,22656,	1,125,2,148926,-30,2915,	0,9580078,7,945313,-11,42139,	0,3094544,14,86241,-37,90573,	Start	Default	
-3,515625,1,120605,-28,33154,	-3,168457,4,108887,-26,23535,	1,120605,2,148926,-30,2959,	0,9580078,7,945313,-11,41699,	0,3088874,14,86379,-37,9093,	Start	Default	
-3,515625,1,120605,-28,33154,	-3,168457,4,108887,-26,23535,	1,120605,2,148926,-30,2959,	0,9580078,7,945313,-11,41699,	0,3084846,14,86482,-37,91167,	Start	Default	
-3,515625,1,120605,-28,33154,	-3,168457,4,108887,-26,23535,	1,120605,2,148926,-30,2959,	0,9580078,7,945313,-11,41699,	0,3002501,14,90454,-38,01045,	Start	Default	
-3,515625,1,120605,-28,33154,	-3,168457,4,108887,-26,23535,	1,120605,2,148926,-30,2959,	0,9580078,7,945313,-11,41699,	0,3009791,14,90387,-37,99891,	Start	Bottle	
-3,348633,1,204102,-28,25684,	-3,265137,4,064941,-26,25293,	1,107422,2,144531,-30,30469,	0,9624023,7,945313,-11,41699,	0,3011283,14,90772,-38,00932,	Start	Bottle	
-3,348633,1,204102,-28,25684,	-3,265137,4,064941,-26,25293,	1,107422,2,144531,-30,30469,	0,9624023,7,945313,-11,41699,	0,3017309,14,90832,-38,00906,	Start	Bottle	
-3,348633,1,204102,-28,25684,	-3,265137,4,064941,-26,25293,	1,107422,2,144531,-30,30469,	0,9624023,7,945313,-11,41699,	0,3006041,14,90875,-38,00896,	Start	Bottle	
-3,348633,1,204102,-28,25684,	-3,265137,4,064941,-26,25293,	1,107422,2,144531,-30,30469,	0,9624023,7,945313,-11,41699,	0,2988803,14,90863,-38,00895,	Start	Bottle	
-3,194824,1,230469,-28,17773,	-3,353027,4,038574,-26,30127,	1,098633,2,140137,-30,31348,	0,9624023,7,945313,-11,41699,	0,2978936,14,90843,-38,00901,	Start	Bottle	
-3,194824,1,230469,-28,17773,	-3,353027,4,038574,-26,30127,	1,098633,2,140137,-30,31348,	0,9624023,7,945313,-11,41699,	0,2987156,14,90854,-38,00893,	Start	Bottle	
-3,194824,1,230469,-28,17773,	-3,353027,4,038574,-26,30127,	1,098633,2,140137,-30,31348,	0,9624023,7,945313,-11,41699,	0,2993252,14,90875,-38,00879,	Start	Bottle	
-3,036621,1,212891,-28,16455,	-3,410156,4,051758,-26,29688,	1,081055,2,144531,-30,31348,	0,9580078,7,945313,-11,41699,	0,2993454,14,90868,-38,00882,	Start	Bottle	
-3,036621,1,212891,-28,16455,	-3,410156,4,051758,-26,29688,	1,081055,2,144531,-30,31348,	0,9580078,7,945313,-11,41699,	0,2992769,14,90851,-38,00877,	Start	Bottle	
-3,036621,1,212891,-28,16455,	-3,410156,4,051758,-26,29688,	1,081055,2,144531,-30,31348,	0,9580078,7,945313,-11,41699,	0,2985974,14,90862,-38,00879,	Start	Bottle	
-3,036621,1,212891,-28,16455,	-3,410156,4,051758,-26,29688,	1,081055,2,144531,-30,31348,	0,9580078,7,945313,-11,41699,	0,299468,14,90307,-37,99323,	Start	Bottle	
-2,895996,1,22168,-28,15137,	-3,458496,4,03418,-26,30127,	1,072266,2,15332,-30,31787,	0,9580078,7,945313,-11,41699,	0,3013546,14,89298,-37,96426,	Start	Bottle	
-2,895996,1,22168,-28,15137,	-3,458496,4,03418,-26,30127,	1,072266,2,15332,-30,31787,	0,9580078,7,945313,-11,41699,	0,3005224,14,89798,-37,97845,	Start	Bottle	
-2,895996,1,22168,-28,15137,	-3,458496,4,03418,-26,30127,	1,072266,2,15332,-30,31787,	0,9580078,7,945313,-11,41699,	0,2996655,14,90868,-38,00871,	Start	Bottle	
-2,895996,1,22168,-28,15137,	-3,458496,4,03418,-26,30127,	1,072266,2,15332,-30,31787,	0,9580078,7,945313,-11,41699,	0,2994021,14,90872,-38,00861,	Start	Bottle	
-2,8125,1,230469,-28,12939,	-3,454102,4,038574,-26,31006,	1,063477,2,162109,-30,31787,	0,9580078,7,945313,-11,41699,	0,2995686,14,90873,-38,00869,	Start	Bottle	
-2,8125,1,230469,-28,12939,	-3,454102,4,038574,-26,31006,	1,063477,2,162109,-30,31787,	0,9580078,7,945313,-11,41699,	0,2995627,14,9088,-38,00869,	Start	Bottle	
-2,8125,1,230469,-28,12939,	-3,454102,4,038574,-26,31006,	1,063477,2,162109,-30,31787,	0,9580078,7,945313,-11,41699,	0,299141,14,90871,-38,00868,	Start	Bottle	
-2,768555,1,296387,-28,11182,	-3,47168,4,047363,-26,31445,	1,054688,2,162109,-30,32227,	0,9580078,7,945313,-11,41699,	0,2990896,14,90874,-38,00864,	Start	Bottle	
-2,768555,1,296387,-28,11182,	-3,47168,4,047363,-26,31445,	1,054688,2,162109,-30,32227,	0,9580078,7,945313,-11,41699,	0,2991508,14,9087,-38,00861,	Start	Bottle	
-2,768555,1,296387,-28,11182,	-3,47168,4,047363,-26,31445,	1,054688,2,162109,-30,32227,	0,9580078,7,945313,-11,41699,	0,2989339,14,90879,-38,00864,	Start	Bottle	
-2,750977,1,331543,-28,13379,	-3,493652,4,056152,-26,31006,	1,050293,2,170898,-30,32227,	0,9580078,7,945313,-11,41699,	0,2987945,14,90861,-38,00868,	Start	Bottle	
-2,750977,1,331543,-28,13379,	-3,493652,4,056152,-26,31006,	1,050293,2,170898,-30,32227,	0,9580078,7,945313,-11,41699,	0,2987615,14,90865,-38,00875,	Start	Bottle	
-2,750977,1,331543,-28,13379,	-3,493652,4,056152,-26,31006,	1,050293,2,170898,-30,32227,	0,9580078,7,945313,-11,41699,	0,3031661,14,88564,-37,94266,	Start	Bottle	
-2,750977,1,331543,-28,13379,	-3,493652,4,056152,-26,31006,	1,050293,2,170898,-30,32227,	0,9580078,7,945313,-11,41699,	0,3001253,14,86496,-37,84812,	Start	Bottle	
-2,803711,1,344727,-28,18652,	-3,502441,4,056152,-26,30566,	1,045898,2,170898,-30,32227,	0,9580078,7,945313,-11,41699,	0,2990413,14,90421,-37,97373,	Start	Bottle	
-2,803711,1,344727,-28,18652,	-3,502441,4,056152,-26,30566,	1,045898,2,170898,-30,32227,	0,9580078,7,945313,-11,41699,	0,3012835,14,91182,-38,00343,	Start	Bottle	
-2,803711,1,344727,-28,18652,	-3,502441,4,056152,-26,30566,	1,045898,2,170898,-30,32227,	0,9580078,7,945313,-11,41699,	0,3056839,14,88197,-37,90585,	Start	Bottle	
-2,821289,1,327148,-28,19092,	-3,502441,4,064941,-26,30566,	1,041504,2,166504,-30,32227,	0,9580078,7,945313,-11,41699,	0,3050258,14,86254,-37,83969,	Start	Bottle	
-2,821289,1,327148,-28,19092,	-3,502441,4,064941,-26,30566,	1,041504,2,166504,-30,32227,	0,9580078,7,945313,-11,41699,	0,3025715,14,86922,-37,86093,	Start	Bottle	
-2,821289,1,327148,-28,19092,	-3,502441,4,064941,-26,30566,	1,041504,2,166504,-30,32227,	0,9580078,7,945313,-11,41699,	0,2991662,14,87439,-37,87733,	Start	Bottle	
-2,821289,1,327148,-28,19092,	-3,502441,4,064941,-26,30566,	1,041504,2,166504,-30,32227,	0,9580078,7,945313,-11,41699,	0,2980591,14,87716,-37,88565,	Start	Bottle	
-2,887207,1,30957,-28,19531,	-3,51123,4,069336,-26,28809,	1,041504,2,166504,-30,31787,	0,9580078,7,945313,-11,41699,	0,2968997,14,88656,-37,91721,	Start	Bottle	
-2,887207,1,30957,-28,19531,	-3,51123,4,069336,-26,28809,	1,041504,2,166504,-30,31787,	0,9580078,7,945313,-11,41699,	0,2984789,14,88225,-37,90307,	Start	Bottle	
-2,887207,1,30957,-28,19531,	-3,51123,4,069336,-26,28809,	1,041504,2,166504,-30,31787,	0,9580078,7,945313,-11,41699,	0,2949555,14,9132,-38,00634,	Start	Bottle	
-2,95752,1,340332,-28,2085,	-3,47168,4,047363,-26,28369,	1,045898,2,166504,-30,31348,	0,9580078,7,945313,-11,41699,	0,2926801,14,91352,-38,00763,	Start	Bottle	
-2,95752,1,340332,-28,2085,	-3,47168,4,047363,-26,28369,	1,045898,2,166504,-30,31348,	0,9580078,7,945313,-11,41699,	0,2907303,14,9093,-37,99352,	Start	Bottle	
-2,95752,1,340332,-28,2085,	-3,47168,4,047363,-26,28369,	1,045898,2,166504,-30,31348,	0,9580078,7,945313,-11,41699,	0,2897358,14,91352,-38,0077,	Start	Bottle	
-2,95752,1,340332,-28,2085,	-3,47168,4,047363,-26,28369,	1,045898,2,166504,-30,31348,	0,9580078,7,945313,-11,41699,	0,2911332,14,9136,-38,00769,	Start	Bottle	
-3,089355,1,366699,-28,23486,	-3,458496,4,007813,-26,28369,	1,045898,2,170898,-30,31348,	0,9580078,7,945313,-11,41699,	0,2936013,14,91369,-38,00776,	Start	Bottle	
-3,089355,1,366699,-28,23486,	-3,458496,4,007813,-26,28369,	1,045898,2,170898,-30,31348,	0,9580078,7,945313,-11,41699,	0,2949787,14,91369,-38,00781,	Start	Bottle	
-3,089355,1,366699,-28,23486,	-3,458496,4,007813,-26,28369,	1,045898,2,170898,-30,31348,	0,9580078,7,945313,-11,41699,	0,2958833,14,91362,-38,00788,	Start	Bottle	
-3,089355,1,366699,-28,23486,	-3,458496,4,007813,-26,28369,	1,045898,2,170898,-30,31348,	0,9580078,7,945313,-11,41699,	0,2965156,14,91364,-38,00793,	Start	Bottle	
-3,23877,1,27002,-28,2832,	-3,414551,4,003418,-26,2793,	1,054688,2,170898,-30,31348,	0,9580078,7,945313,-11,41699,	0,2968664,14,91375,-38,00788,	Start	Bottle	
-3,23877,1,27002,-28,2832,	-3,414551,4,003418,-26,2793,	1,054688,2,170898,-30,31348,	0,9580078,7,945313,-11,41699,	0,2968,14,91383,-38,00799,	Start	Bottle	
-3,23877,1,27002,-28,2832,	-3,414551,4,003418,-26,2793,	1,054688,2,170898,-30,31348,	0,9580078,7,945313,-11,41699,	0,2855868,14,91343,-38,00793,	Start	Bottle	
-3,353027,1,256836,-28,32275,	-3,331055,3,98584,-26,24854,	1,067871,2,170898,-30,30908,	0,9580078,7,945313,-11,41699,	0,3242806,14,77024,-37,59468,	Start	Default	
-3,353027,1,256836,-28,32275,	-3,331055,3,98584,-26,24854,	1,067871,2,170898,-30,30908,	0,9580078,7,945313,-11,41699,	0,3560423,14,77592,-37,66937,	Start	Default	
-3,353027,1,256836,-28,32275,	-3,331055,3,98584,-26,24854,	1,067871,2,170898,-30,30908,	0,9580078,7,945313,-11,41699,	0,5223857,14,51135,-37,0423,	Start	Default	
-3,432129,1,27002,-28,34033,	-3,300293,3,999023,-26,23975,	1,07666,2,166504,-30,30469,	0,9580078,7,945313,-11,42139,	0,5748948,14,40576,-36,79399,	Start	Default	
-3,432129,1,27002,-28,34033,	-3,300293,3,999023,-26,23975,	1,07666,2,166504,-30,30469,	0,9580078,7,945313,-11,42139,	0,6242344,14,27548,-36,51975,	Start	Default	
-3,432129,1,27002,-28,34033,	-3,300293,3,999023,-26,23975,	1,07666,2,166504,-30,30469,	0,9580078,7,945313,-11,42139,	0,5087662,14,55143,-37,14368,	Start	Default	
-3,432129,1,27002,-28,34033,	-3,300293,3,999023,-26,23975,	1,07666,2,166504,-30,30469,	0,9580078,7,945313,-11,42139,	0,4892776,14,58118,-37,22011,	Start	Default	
-3,502441,1,252441,-28,35791,	-3,265137,4,003418,-26,23535,	1,081055,2,166504,-30,30029,	0,9580078,7,945313,-11,41699,	0,4540629,14,64875,-37,38877,	Start	Default	
-3,502441,1,252441,-28,35791,	-3,265137,4,003418,-26,23535,	1,081055,2,166504,-30,30029,	0,9580078,7,945313,-11,41699,	0,4516311,14,65266,-37,40131,	Start	Default	
-3,502441,1,252441,-28,35791,	-3,265137,4,003418,-26,23535,	1,081055,2,166504,-30,30029,	0,9580078,7,945313,-11,41699,	0,4585784,14,63828,-37,36692,	Start	Default	
-3,502441,1,252441,-28,35791,	-3,265137,4,003418,-26,23535,	1,081055,2,166504,-30,30029,	0,9580078,7,945313,-11,41699,	0,483869,14,58784,-37,24852,	Start	Default	
-3,55957,1,212891,-28,39746,	-3,208008,4,003418,-26,22217,	1,085449,2,162109,-30,30029,	0,9624023,7,945313,-11,41699,	0,4620263,14,62918,-37,34338,	Start	Default	
-3,55957,1,212891,-28,39746,	-3,208008,4,003418,-26,22217,	1,085449,2,162109,-30,30029,	0,9624023,7,945313,-11,41699,	0,4680471,14,61475,-37,30878,	Start	Default	
-3,55957,1,212891,-28,39746,	-3,208008,4,003418,-26,22217,	1,085449,2,162109,-30,30029,	0,9624023,7,945313,-11,41699,	0,4338037,14,68712,-37,45118,	Start	Default	
-3,594727,1,146973,-28,42822,	-3,159668,3,981445,-26,22217,	1,085449,2,162109,-30,30469,	0,9624023,7,945313,-11,41699,	0,3175524,14,85565,-37,88085,	Start	Default	
-3,594727,1,146973,-28,42822,	-3,159668,3,981445,-26,22217,	1,085449,2,162109,-30,30469,	0,9624023,7,945313,-11,41699,	0,2945754,14,90735,-38,01111,	Start	Default	
-3,594727,1,146973,-28,42822,	-3,159668,3,981445,-26,22217,	1,085449,2,162109,-30,30469,	0,9624023,7,945313,-11,41699,	0,3120327,14,8875,-37,95906,	Start	Default	
-3,634277,1,120605,-28,4458,	-3,133301,3,977051,-26,21777,	1,089844,2,15332,-30,30029,	0,9624023,7,945313,-11,42139,	0,3059442,14,9074,-38,01114,	Start	Default	
-3,634277,1,120605,-28,4458,	-3,133301,3,977051,-26,21777,	1,089844,2,15332,-30,30029,	0,9624023,7,945313,-11,42139,	0,3023831,14,90748,-38,01091,	Start	Default	
-3,634277,1,120605,-28,4458,	-3,133301,3,977051,-26,21777,	1,089844,2,15332,-30,30029,	0,9624023,7,945313,-11,42139,	0,3001486,14,90739,-38,01108,	Start	Default	
-3,634277,1,120605,-28,4458,	-3,133301,3,977051,-26,21777,	1,089844,2,15332,-30,30029,	0,9624023,7,945313,-11,42139,	0,2993378,14,90748,-38,01102,	Start	Default	
-3,700195,1,107422,-28,47656,	-3,128906,3,968262,-26,20898,	1,103027,2,157715,-30,2915,	0,9624023,7,945313,-11,42139,	0,3008281,14,90189,-37,99599,	Start	Default	
-3,700195,1,107422,-28,47656,	-3,128906,3,968262,-26,20898,	1,103027,2,157715,-30,2915,	0,9624023,7,945313,-11,42139,	0,3021905,14,89569,-37,97939,	Start	Default	
-3,700195,1,107422,-28,47656,	-3,128906,3,968262,-26,20898,	1,103027,2,157715,-30,2915,	0,9624023,7,945313,-11,42139,	0,3021926,14,89206,-37,96928,	Start	Default	
-3,845215,1,375488,-28,69189,	-2,887207,4,007813,-26,12988,	1,256836,2,337891,-30,25195,	0,9624023,7,945313,-11,42139,	0,3027926,14,88463,-37,94982,	Start	Default	
-3,845215,1,375488,-28,69189,	-2,887207,4,007813,-26,12988,	1,256836,2,337891,-30,25195,	0,9624023,7,945313,-11,42139,	0,3087182,14,85878,-37,88274,	Start	Default	
-3,845215,1,375488,-28,69189,	-2,887207,4,007813,-26,12988,	1,256836,2,337891,-30,25195,	0,9624023,7,945313,-11,42139,	0,3160481,14,82098,-37,77925,	Start	Default	
-3,845215,1,375488,-28,69189,	-2,887207,4,007813,-26,12988,	1,256836,2,337891,-30,25195,	0,9624023,7,945313,-11,42139,	0,3120763,14,83284,-37,81034,	Start	Default	
-3,55957,2,750977,-29,05664,	-2,720215,3,761719,-25,98486,	1,740234,2,922363,-30,26514,	0,9624023,7,945313,-11,42139,	0,3075841,14,84692,-37,85148,	Start	Default	
-3,55957,2,750977,-29,05664,	-2,720215,3,761719,-25,98486,	1,740234,2,922363,-30,26514,	0,9624023,7,945313,-11,42139,	0,2966092,14,90725,-38,00905,	Start	Default	
-3,55957,2,750977,-29,05664,	-2,720215,3,761719,-25,98486,	1,740234,2,922363,-30,26514,	0,9624023,7,945313,-11,42139,	0,3194635,14,79398,-37,6999,	Start	Default	
-3,55957,2,750977,-29,05664,	-2,720215,3,761719,-25,98486,	1,740234,2,922363,-30,26514,	0,9624023,7,945313,-11,42139,	0,2999845,14,87287,-37,91832,	Start	Default	
-2,759766,3,726563,-28,89404,	-2,15332,3,65625,-26,09473,	2,381836,3,572754,-30,26074,	0,9624023,7,945313,-11,41699,	0,2933533,14,9071,-38,00809,	Start	Default	
-2,759766,3,726563,-28,89404,	-2,15332,3,65625,-26,09473,	2,381836,3,572754,-30,26074,	0,9624023,7,945313,-11,41699,	0,3094043,14,83033,-37,80591,	Start	Default	
-2,759766,3,726563,-28,89404,	-2,15332,3,65625,-26,09473,	2,381836,3,572754,-30,26074,	0,9624023,7,945313,-11,41699,	0,3144487,14,80965,-37,74978,	Start	Default	
-1,814941,4,456055,-28,78857,	-1,494141,3,84082,-26,04199,	3,09375,4,333008,-30,24756,	0,9624023,7,945313,-11,41699,	0,3090397,14,83374,-37,81969,	Start	Default	
-1,814941,4,456055,-28,78857,	-1,494141,3,84082,-26,04199,	3,09375,4,333008,-30,24756,	0,9624023,7,945313,-11,41699,	0,3108733,14,82439,-37,7947,	Start	Default	
-1,814941,4,456055,-28,78857,	-1,494141,3,84082,-26,04199,	3,09375,4,333008,-30,24756,	0,9624023,7,945313,-11,41699,	0,3125485,14,81324,-37,76959,	Start	Default	
-1,30957,4,649414,-28,78418,	-0,7470703,4,258301,-25,97168,	3,788086,5,088867,-30,15088,	0,9580078,7,945313,-11,42139,	0,3012217,14,86443,-37,9031,	Start	Default	
-1,30957,4,649414,-28,78418,	-0,7470703,4,258301,-25,97168,	3,788086,5,088867,-30,15088,	0,9580078,7,945313,-11,42139,	0,2955927,14,8858,-37,95902,	Start	Default	
-1,30957,4,649414,-28,78418,	-0,7470703,4,258301,-25,97168,	3,788086,5,088867,-30,15088,	0,9580078,7,945313,-11,42139,	0,2947401,14,90237,-38,00875,	Start	Default	
-1,30957,4,649414,-28,78418,	-0,7470703,4,258301,-25,97168,	3,788086,5,088867,-30,15088,	0,9580078,7,945313,-11,42139,	0,4164847,14,59993,-37,32618,	Start	Default	
-0,8789063,4,73291,-28,85889,	0,1142578,4,666992,-25,72559,	4,570313,5,778809,-29,91797,	0,9580078,7,945313,-11,42139,	0,31071,14,90152,-38,01063,	Start	Default	
-0,8789063,4,73291,-28,85889,	0,1142578,4,666992,-25,72559,	4,570313,5,778809,-29,91797,	0,9580078,7,945313,-11,42139,	0,3634437,14,78952,-37,76908,	Start	Default	
-0,8789063,4,73291,-28,85889,	0,1142578,4,666992,-25,72559,	4,570313,5,778809,-29,91797,	0,9580078,7,945313,-11,42139,	0,3093194,14,9006,-38,01096,	Start	Default	
-0,8789063,4,73291,-28,85889,	0,1142578,4,666992,-25,72559,	4,570313,5,778809,-29,91797,	0,9580078,7,945313,-11,42139,	0,3866846,14,7378,-37,64734,	Start	Default	
-0,2504883,5,308594,-28,63916,	0,7646484,4,987793,-25,64648,	5,29541,6,209473,-29,63232,	0,9580078,7,949707,-11,41699,	0,3202024,14,86474,-37,93191,	Start	Default	
-0,2504883,5,308594,-28,63916,	0,7646484,4,987793,-25,64648,	5,29541,6,209473,-29,63232,	0,9580078,7,949707,-11,41699,	0,3136383,14,8746,-37,95401,	Start	Default	
-0,2504883,5,308594,-28,63916,	0,7646484,4,987793,-25,64648,	5,29541,6,209473,-29,63232,	0,9580078,7,949707,-11,41699,	0,3051149,14,89095,-37,99102,	Start	Default	
0,2373047,5,655762,-28,66553,	1,415039,5,185547,-25,65088,	5,950195,6,657715,-29,37744,	0,9624023,7,945313,-11,41699,	0,3144248,14,87059,-37,94521,	Start	Default	
0,2373047,5,655762,-28,66553,	1,415039,5,185547,-25,65088,	5,950195,6,657715,-29,37744,	0,9624023,7,945313,-11,41699,	0,3104943,14,87591,-37,95735,	Start	Default	
0,2373047,5,655762,-28,66553,	1,415039,5,185547,-25,65088,	5,950195,6,657715,-29,37744,	0,9624023,7,945313,-11,41699,	0,2981449,14,89742,-38,00656,	Start	Default	
0,6943359,5,690918,-28,74023,	1,722656,5,668945,-25,62891,	6,561035,7,03125,-29,14893,	0,9580078,7,945313,-11,41699,	0,2979659,14,89909,-38,00998,	Start	Default	
0,6943359,5,690918,-28,74023,	1,722656,5,668945,-25,62891,	6,561035,7,03125,-29,14893,	0,9580078,7,945313,-11,41699,	0,2981068,14,89856,-38,00949,	Start	Default	
0,6943359,5,690918,-28,74023,	1,722656,5,668945,-25,62891,	6,561035,7,03125,-29,14893,	0,9580078,7,945313,-11,41699,	0,3002778,14,89662,-38,00446,	Start	Default	
0,6943359,5,690918,-28,74023,	1,722656,5,668945,-25,62891,	6,561035,7,03125,-29,14893,	0,9580078,7,945313,-11,41699,	0,365113,14,65215,-37,42491,	Start	Default	
1,283203,6,899414,-28,16455,	2,232422,6,648926,-25,27734,	7,088379,7,16748,-28,82373,	0,9580078,7,945313,-11,42139,	0,3022979,14,81791,-37,79927,	Start	Bottle	
1,283203,6,899414,-28,16455,	2,232422,6,648926,-25,27734,	7,088379,7,16748,-28,82373,	0,9580078,7,945313,-11,42139,	0,2964741,14,90074,-38,00504,	Start	Bottle	
1,283203,6,899414,-28,16455,	2,232422,6,648926,-25,27734,	7,088379,7,16748,-28,82373,	0,9580078,7,945313,-11,42139,	0,2953446,14,89934,-38,00008,	Start	Bottle	
1,283203,6,899414,-28,16455,	2,232422,6,648926,-25,27734,	7,088379,7,16748,-28,82373,	0,9580078,7,945313,-11,42139,	0,2883678,14,90048,-38,0051,	Start	Bottle	
2,20166,8,349609,-26,9165,	3,027832,7,659668,-24,22266,	7,211426,7,097168,-28,38428,	0,9580078,7,949707,-11,42139,	0,2839309,14,9004,-38,00522,	Start	Bottle	
2,20166,8,349609,-26,9165,	3,027832,7,659668,-24,22266,	7,211426,7,097168,-28,38428,	0,9580078,7,949707,-11,42139,	0,2833754,14,90031,-38,00523,	Start	Bottle	
2,20166,8,349609,-26,9165,	3,027832,7,659668,-24,22266,	7,211426,7,097168,-28,38428,	0,9580078,7,949707,-11,42139,	0,2832182,14,90022,-38,00548,	Start	Bottle	
2,636719,9,061523,-25,29492,	4,108887,8,25293,-22,85156,	6,947754,7,048828,-27,78223,	0,9580078,7,949707,-11,42139,	0,2893479,14,85536,-37,89739,	Start	Bottle	
2,636719,9,061523,-25,29492,	4,108887,8,25293,-22,85156,	6,947754,7,048828,-27,78223,	0,9580078,7,949707,-11,42139,	0,2836851,14,89976,-38,00597,	Start	Bottle	
2,636719,9,061523,-25,29492,	4,108887,8,25293,-22,85156,	6,947754,7,048828,-27,78223,	0,9580078,7,949707,-11,42139,	0,2830338,14,89982,-38,00628,	Start	Bottle	
2,737793,9,021973,-24,0293,	5,01416,8,397949,-21,54199,	6,591797,6,943359,-27,03516,	0,9624023,7,949707,-11,41699,	0,2835939,14,90023,-38,0062,	Start	Bottle	
2,737793,9,021973,-24,0293,	5,01416,8,397949,-21,54199,	6,591797,6,943359,-27,03516,	0,9624023,7,949707,-11,41699,	0,2836169,14,89971,-38,00675,	Start	Bottle	
2,737793,9,021973,-24,0293,	5,01416,8,397949,-21,54199,	6,591797,6,943359,-27,03516,	0,9624023,7,949707,-11,41699,	0,2843434,14,8943,-37,99133,	Start	Bottle	
2,737793,9,021973,-24,0293,	5,01416,8,397949,-21,54199,	6,591797,6,943359,-27,03516,	0,9624023,7,949707,-11,41699,	0,2830723,14,90068,-38,00637,	Start	Bottle	
2,381836,8,613281,-23,07568,	5,607422,8,178223,-20,48291,	6,240234,6,767578,-26,15625,	0,9624023,7,949707,-11,41699,	0,2829272,14,90057,-38,00644,	Start	Bottle	
2,381836,8,613281,-23,07568,	5,607422,8,178223,-20,48291,	6,240234,6,767578,-26,15625,	0,9624023,7,949707,-11,41699,	0,2818362,14,90118,-38,00617,	Start	Bottle	
2,381836,8,613281,-23,07568,	5,607422,8,178223,-20,48291,	6,240234,6,767578,-26,15625,	0,9624023,7,949707,-11,41699,	0,2820513,14,90094,-38,00616,	Start	Bottle	
2,381836,8,613281,-23,07568,	5,607422,8,178223,-20,48291,	6,240234,6,767578,-26,15625,	0,9624023,7,949707,-11,41699,	0,2820332,14,90095,-38,00589,	Start	Bottle	
2,087402,8,050781,-22,04297,	5,835938,7,817871,-19,56445,	5,884277,6,512695,-25,30371,	0,9580078,7,949707,-11,42139,	0,2821238,14,90074,-38,00587,	Start	Bottle	
2,087402,8,050781,-22,04297,	5,835938,7,817871,-19,56445,	5,884277,6,512695,-25,30371,	0,9580078,7,949707,-11,42139,	0,2819259,14,90051,-38,00552,	Start	Bottle	
2,087402,8,050781,-22,04297,	5,835938,7,817871,-19,56445,	5,884277,6,512695,-25,30371,	0,9580078,7,949707,-11,42139,	0,282044,14,90042,-38,00547,	Start	Bottle	
1,718262,7,620117,-21,12891,	5,774414,7,510254,-18,66357,	5,515137,6,262207,-24,43359,	0,9580078,7,949707,-11,42139,	0,2818357,14,90002,-38,00502,	Start	Bottle	
1,718262,7,620117,-21,12891,	5,774414,7,510254,-18,66357,	5,515137,6,262207,-24,43359,	0,9580078,7,949707,-11,42139,	0,2812946,14,90002,-38,00491,	Start	Bottle	
1,718262,7,620117,-21,12891,	5,774414,7,510254,-18,66357,	5,515137,6,262207,-24,43359,	0,9580078,7,949707,-11,42139,	0,2813794,14,89944,-38,00378,	Start	Bottle	
1,353516,7,180664,-20,28516,	5,581055,7,255371,-17,8374,	5,189941,5,998535,-23,64697,	0,9580078,7,949707,-11,42139,	0,280683,14,8993,-38,00403,	Start	Bottle	
1,353516,7,180664,-20,28516,	5,581055,7,255371,-17,8374,	5,189941,5,998535,-23,64697,	0,9580078,7,949707,-11,42139,	0,2800728,14,8991,-38,00356,	Start	Bottle	
1,353516,7,180664,-20,28516,	5,581055,7,255371,-17,8374,	5,189941,5,998535,-23,64697,	0,9580078,7,949707,-11,42139,	0,2817761,14,88478,-37,96785,	Start	Bottle	
1,353516,7,180664,-20,28516,	5,581055,7,255371,-17,8374,	5,189941,5,998535,-23,64697,	0,9580078,7,949707,-11,42139,	0,2841987,14,86541,-37,92001,	Start	Bottle	
1,353516,7,180664,-20,28516,	5,581055,7,255371,-17,8374,	5,189941,5,998535,-23,64697,	0,9580078,7,949707,-11,42139,	0,2842943,14,84593,-37,87103,	Start	Bottle	
1,072266,6,807129,-19,50293,	5,453613,6,921387,-17,02002,	4,873535,5,682129,-22,87793,	0,9580078,7,949707,-11,42139,	0,2853042,14,84431,-37,86774,	Start	Bottle	
1,072266,6,807129,-19,50293,	5,453613,6,921387,-17,02002,	4,873535,5,682129,-22,87793,	0,9580078,7,949707,-11,42139,	0,2815771,14,85604,-37,89665,	Start	Bottle	
1,072266,6,807129,-19,50293,	5,453613,6,921387,-17,02002,	4,873535,5,682129,-22,87793,	0,9580078,7,949707,-11,42139,	0,2910545,14,76008,-37,66336,	Start	Bottle	
0,8613281,6,407227,-18,76465,	5,44043,6,578613,-16,34326,	4,64502,5,387695,-22,21875,	0,9580078,7,945313,-11,41699,	0,2926474,14,73749,-37,60542,	Start	Bottle	
0,8613281,6,407227,-18,76465,	5,44043,6,578613,-16,34326,	4,64502,5,387695,-22,21875,	0,9580078,7,945313,-11,41699,	0,2979039,14,68778,-37,48935,	Start	Bottle	
0,8613281,6,407227,-18,76465,	5,44043,6,578613,-16,34326,	4,64502,5,387695,-22,21875,	0,9580078,7,945313,-11,41699,	0,2913094,14,7635,-37,66183,	Start	Bottle	
0,6899414,6,134766,-18,12305,	5,427246,6,310547,-15,75439,	4,464844,5,084473,-21,56396,	0,9580078,7,945313,-11,41699,	0,2772008,14,88354,-37,96555,	Start	Bottle	
0,6899414,6,134766,-18,12305,	5,427246,6,310547,-15,75439,	4,464844,5,084473,-21,56396,	0,9580078,7,945313,-11,41699,	0,2868448,14,81093,-37,79932,	Start	Bottle	
0,6899414,6,134766,-18,12305,	5,427246,6,310547,-15,75439,	4,464844,5,084473,-21,56396,	0,9580078,7,945313,-11,41699,	0,5413361,13,14749,-34,09108,	Start	Bottle	
0,6899414,6,134766,-18,12305,	5,427246,6,310547,-15,75439,	4,464844,5,084473,-21,56396,	0,9580078,7,945313,-11,41699,	0,3032126,14,69121,-37,50438,	Start	Bottle	
0,5625,5,85791,-17,5166,	5,374512,6,130371,-15,16992,	4,319824,4,842773,-20,98828,	0,9580078,7,945313,-11,42139,	0,2829478,14,76134,-37,71842,	Start	Bottle	
0,5625,5,85791,-17,5166,	5,374512,6,130371,-15,16992,	4,319824,4,842773,-20,98828,	0,9580078,7,945313,-11,42139,	0,267276,14,85774,-37,96977,	Start	Default	
0,5625,5,85791,-17,5166,	5,374512,6,130371,-15,16992,	4,319824,4,842773,-20,98828,	0,9580078,7,945313,-11,42139,	0,2418274,14,85131,-37,975,	Start	Default	
0,4130859,5,778809,-17,02881,	5,233887,6,064453,-14,63379,	4,174805,4,671387,-20,43896,	0,9580078,7,945313,-11,42139,	0,2418274,14,85131,-37,975,	Start	Default	
0,4130859,5,778809,-17,02881,	5,233887,6,064453,-14,63379,	4,174805,4,671387,-20,43896,	0,9580078,7,945313,-11,42139,	0,2418274,14,85131,-37,975,	Start	Default	
0,4130859,5,778809,-17,02881,	5,233887,6,064453,-14,63379,	4,174805,4,671387,-20,43896,	0,9580078,7,945313,-11,42139,	0,2418274,14,85131,-37,975,	Start	Default	
0,4130859,5,778809,-17,02881,	5,233887,6,064453,-14,63379,	4,174805,4,671387,-20,43896,	0,9580078,7,945313,-11,42139,	0,2622643,14,79282,-37,86794,	Start	Default	
0,3076172,5,76123,-16,64209,	5,11084,5,998535,-14,20313,	4,042969,4,535156,-19,99951,	0,9624023,7,945313,-11,42139,	0,2663341,14,87188,-37,96762,	Start	Default	
0,3076172,5,76123,-16,64209,	5,11084,5,998535,-14,20313,	4,042969,4,535156,-19,99951,	0,9624023,7,945313,-11,42139,	0,2702615,14,83621,-37,89698,	Start	Default	
0,3076172,5,76123,-16,64209,	5,11084,5,998535,-14,20313,	4,042969,4,535156,-19,99951,	0,9624023,7,945313,-11,42139,	0,2667166,14,87462,-37,95708,	Start	Bottle	
0,2285156,5,72168,-16,28174,	4,987793,5,989746,-13,8252,	3,915527,4,416504,-19,604,	0,9624023,7,945313,-11,41699,	0,2663787,14,89304,-37,99289,	Start	Bottle	
0,2285156,5,72168,-16,28174,	4,987793,5,989746,-13,8252,	3,915527,4,416504,-19,604,	0,9624023,7,945313,-11,41699,	0,2648977,14,89452,-37,99053,	Start	Bottle	
0,2285156,5,72168,-16,28174,	4,987793,5,989746,-13,8252,	3,915527,4,416504,-19,604,	0,9624023,7,945313,-11,41699,	0,2663022,14,89565,-37,98994,	Start	Bottle	
0,1230469,5,72168,-15,93457,	4,807617,6,011719,-13,48682,	3,766113,4,280273,-19,22607,	0,9624023,7,945313,-11,41699,	0,2630833,14,89515,-37,98849,	Start	Bottle	
0,1230469,5,72168,-15,93457,	4,807617,6,011719,-13,48682,	3,766113,4,280273,-19,22607,	0,9624023,7,945313,-11,41699,	0,2627894,14,89512,-37,98832,	Start	Bottle	
0,1230469,5,72168,-15,93457,	4,807617,6,011719,-13,48682,	3,766113,4,280273,-19,22607,	0,9624023,7,945313,-11,41699,	0,2616071,14,89497,-37,98647,	Start	Bottle	
0,1230469,5,72168,-15,93457,	4,807617,6,011719,-13,48682,	3,766113,4,280273,-19,22607,	0,9624023,7,945313,-11,41699,	0,2617643,14,89515,-37,98617,	Start	Bottle	
0,01318359,5,668945,-15,57861,	4,587891,6,046875,-13,18799,	3,616699,4,117676,-18,87012,	0,9624023,7,945313,-11,42139,	0,2613098,14,89472,-37,98427,	Start	Bottle	
0,01318359,5,668945,-15,57861,	4,587891,6,046875,-13,18799,	3,616699,4,117676,-18,87012,	0,9624023,7,945313,-11,42139,	0,2626843,14,87991,-37,94958,	Start	Bottle	
0,01318359,5,668945,-15,57861,	4,587891,6,046875,-13,18799,	3,616699,4,117676,-18,87012,	0,9624023,7,945313,-11,42139,	0,2618411,14,88479,-37,96117,	Start	Bottle	
0,01318359,5,668945,-15,57861,	4,587891,6,046875,-13,18799,	3,616699,4,117676,-18,87012,	0,9624023,7,945313,-11,42139,	0,2615438,14,87644,-37,94139,	Start	Bottle	
-0,1010742,5,537109,-15,26221,	4,333008,6,033691,-12,89795,	3,489258,3,950684,-18,55811,	0,9580078,7,945313,-11,42139,	0,2629592,14,85511,-37,89199,	Start	Bottle	
-0,1010742,5,537109,-15,26221,	4,333008,6,033691,-12,89795,	3,489258,3,950684,-18,55811,	0,9580078,7,945313,-11,42139,	0,2631373,14,84797,-37,87703,	Start	Bottle	
-0,1010742,5,537109,-15,26221,	4,333008,6,033691,-12,89795,	3,489258,3,950684,-18,55811,	0,9580078,7,945313,-11,42139,	0,2615361,14,85044,-37,88264,	Start	Bottle	
-0,1977539,5,277832,-14,87109,	4,07373,5,879883,-12,56396,	3,370605,3,757324,-18,2417,	0,9580078,7,945313,-11,42139,	0,2650788,14,8277,-37,83157,	Start	Bottle	
-0,1977539,5,277832,-14,87109,	4,07373,5,879883,-12,56396,	3,370605,3,757324,-18,2417,	0,9580078,7,945313,-11,42139,	0,262525,14,85395,-37,89064,	Start	Bottle	
-0,1977539,5,277832,-14,87109,	4,07373,5,879883,-12,56396,	3,370605,3,757324,-18,2417,	0,9580078,7,945313,-11,42139,	0,2617139,14,86056,-37,90546,	Start	Bottle	
-0,1977539,5,277832,-14,87109,	4,07373,5,879883,-12,56396,	3,370605,3,757324,-18,2417,	0,9580078,7,945313,-11,42139,	0,26128,14,86804,-37,92299,	Start	Bottle	
-0,28125,4,961426,-14,50195,	3,774902,5,594238,-12,22119,	3,269531,3,563965,-17,94727,	0,9624023,7,945313,-11,41699,	0,2604175,14,87332,-37,93401,	Start	Bottle	
-0,28125,4,961426,-14,50195,	3,774902,5,594238,-12,22119,	3,269531,3,563965,-17,94727,	0,9624023,7,945313,-11,41699,	0,2620471,14,85124,-37,88123,	Start	Bottle	
-0,28125,4,961426,-14,50195,	3,774902,5,594238,-12,22119,	3,269531,3,563965,-17,94727,	0,9624023,7,945313,-11,41699,	0,2624172,14,85608,-37,89126,	Start	Bottle	
-0,355957,4,601074,-14,19434,	3,418945,5,273438,-11,91357,	3,172852,3,366211,-17,68799,	0,9624023,7,945313,-11,41699,	0,2636652,14,83946,-37,85262,	Start	Bottle	
-0,355957,4,601074,-14,19434,	3,418945,5,273438,-11,91357,	3,172852,3,366211,-17,68799,	0,9624023,7,945313,-11,41699,	0,2625522,14,8656,-37,91035,	Start	Bottle	
-0,355957,4,601074,-14,19434,	3,418945,5,273438,-11,91357,	3,172852,3,366211,-17,68799,	0,9624023,7,945313,-11,41699,	0,2631686,14,8664,-37,91201,	Start	Bottle	
-0,4438477,4,319824,-13,93945,	3,027832,5,022949,-11,69824,	3,076172,3,221191,-17,47705,	0,9624023,7,945313,-11,42139,	0,2622708,14,86239,-37,90145,	Start	Bottle	
-0,4438477,4,319824,-13,93945,	3,027832,5,022949,-11,69824,	3,076172,3,221191,-17,47705,	0,9624023,7,945313,-11,42139,	0,2613353,14,87506,-37,92847,	Start	Bottle	
-0,4438477,4,319824,-13,93945,	3,027832,5,022949,-11,69824,	3,076172,3,221191,-17,47705,	0,9624023,7,945313,-11,42139,	0,2628156,14,8567,-37,88577,	Start	Bottle	
-0,4438477,4,319824,-13,93945,	3,027832,5,022949,-11,69824,	3,076172,3,221191,-17,47705,	0,9624023,7,945313,-11,42139,	0,2652109,14,83894,-37,84542,	Start	Bottle	
-0,5097656,4,130859,-13,70654,	2,649902,4,798828,-11,51807,	2,961914,3,111328,-17,2749,	0,9580078,7,945313,-11,42139,	0,2682909,14,81833,-37,79457,	Start	Bottle	
-0,5097656,4,130859,-13,70654,	2,649902,4,798828,-11,51807,	2,961914,3,111328,-17,2749,	0,9580078,7,945313,-11,42139,	0,2689226,14,82081,-37,80026,	Start	Bottle	
-0,5097656,4,130859,-13,70654,	2,649902,4,798828,-11,51807,	2,961914,3,111328,-17,2749,	0,9580078,7,945313,-11,42139,	0,269085,14,82347,-37,80428,	Start	Bottle	
-0,6152344,4,025391,-13,49561,	2,254395,4,574707,-11,34668,	2,838867,3,032227,-17,09912,	0,9580078,7,945313,-11,42139,	0,2730212,14,80941,-37,76468,	Start	Bottle	
-0,6152344,4,025391,-13,49561,	2,254395,4,574707,-11,34668,	2,838867,3,032227,-17,09912,	0,9580078,7,945313,-11,42139,	0,273187,14,80121,-37,74086,	Start	Bottle	
-0,6152344,4,025391,-13,49561,	2,254395,4,574707,-11,34668,	2,838867,3,032227,-17,09912,	0,9580078,7,945313,-11,42139,	0,2713892,14,81712,-37,7816,	Start	Bottle	
-0,6152344,4,025391,-13,49561,	2,254395,4,574707,-11,34668,	2,838867,3,032227,-17,09912,	0,9580078,7,945313,-11,42139,	0,2709454,14,79459,-37,72268,	Start	Bottle	
-0,703125,3,963867,-13,29785,	2,052246,4,407715,-11,15771,	2,689453,2,961914,-16,91455,	0,9404297,7,945313,-11,42578,	0,2571716,14,88812,-37,95166,	Start	Bottle	
-0,703125,3,963867,-13,29785,	2,052246,4,407715,-11,15771,	2,689453,2,961914,-16,91455,	0,9404297,7,945313,-11,42578,	0,2573573,14,8788,-37,92825,	ReachForBottle	Bottle	
-0,703125,3,963867,-13,29785,	2,052246,4,407715,-11,15771,	2,689453,2,961914,-16,91455,	0,9404297,7,945313,-11,42578,	0,2584769,14,87986,-37,93192,	ReachForBottle	Bottle	
-0,703125,3,963867,-13,29785,	2,052246,4,407715,-11,15771,	2,689453,2,961914,-16,91455,	0,9404297,7,945313,-11,42578,	0,2599113,14,87404,-37,91808,	ReachForBottle	Bottle	
-0,7207031,3,946289,-13,08252,	1,986328,4,368164,-11,02148,	2,610352,2,926758,-16,77393,	0,9052734,7,936523,-11,37305,	0,2603411,14,86253,-37,88974,	ReachForBottle	Bottle	
-0,7207031,3,946289,-13,08252,	1,986328,4,368164,-11,02148,	2,610352,2,926758,-16,77393,	0,9052734,7,936523,-11,37305,	0,260071,14,864,-37,89219,	ReachForBottle	Bottle	
-0,7207031,3,946289,-13,08252,	1,986328,4,368164,-11,02148,	2,610352,2,926758,-16,77393,	0,9052734,7,936523,-11,37305,	0,2597049,14,86307,-37,88834,	ReachForBottle	Bottle	
-0,7426758,3,933105,-12,87598,	1,96875,4,368164,-10,87646,	2,522461,2,94873,-16,61133,	0,909668,7,932129,-11,31592,	0,260085,14,85929,-37,87913,	ReachForBottle	Bottle	
-0,7426758,3,933105,-12,87598,	1,96875,4,368164,-10,87646,	2,522461,2,94873,-16,61133,	0,909668,7,932129,-11,31592,	0,2603354,14,85687,-37,873,	ReachForBottle	Bottle	
-0,7426758,3,933105,-12,87598,	1,96875,4,368164,-10,87646,	2,522461,2,94873,-16,61133,	0,909668,7,932129,-11,31592,	0,2606754,14,85487,-37,8681,	ReachForBottle	Bottle	
-0,8349609,4,07373,-12,67822,	1,96875,4,561523,-10,69629,	2,452148,3,019043,-16,40039,	0,909668,7,932129,-11,34229,	0,2600061,14,8514,-37,85939,	ReachForBottle	Bottle	
-0,8349609,4,07373,-12,67822,	1,96875,4,561523,-10,69629,	2,452148,3,019043,-16,40039,	0,909668,7,932129,-11,34229,	0,2602459,14,8403,-37,83242,	ReachForBottle	Bottle	
-0,8349609,4,07373,-12,67822,	1,96875,4,561523,-10,69629,	2,452148,3,019043,-16,40039,	0,909668,7,932129,-11,34229,	0,2590429,14,84224,-37,83562,	ReachForBottle	Bottle	
-0,9140625,4,289063,-12,43213,	1,981934,4,825195,-10,45898,	2,377441,3,146484,-16,11475,	0,9052734,7,932129,-11,34668,	0,2612938,14,8147,-37,76415,	ReachForBottle	Bottle	
-0,9140625,4,289063,-12,43213,	1,981934,4,825195,-10,45898,	2,377441,3,146484,-16,11475,	0,9052734,7,932129,-11,34668,	0,2602654,14,82208,-37,78056,	ReachForBottle	Bottle	
-0,9140625,4,289063,-12,43213,	1,981934,4,825195,-10,45898,	2,377441,3,146484,-16,11475,	0,9052734,7,932129,-11,34668,	0,2453071,14,82051,-37,78441,	ReachForBottle	Bottle	
-0,9140625,4,289063,-12,43213,	1,981934,4,825195,-10,45898,	2,377441,3,146484,-16,11475,	0,9052734,7,932129,-11,34668,	0,2286099,14,86043,-37,90567,	ReachForBottle	Default	
-0,9404297,4,447266,-12,11572,	1,951172,4,935059,-10,19971,	2,324707,3,265137,-15,81152,	0,9052734,7,932129,-11,31592,	0,2441474,14,88286,-37,95192,	ReachForBottle	Default	
-0,9404297,4,447266,-12,11572,	1,951172,4,935059,-10,19971,	2,324707,3,265137,-15,81152,	0,9052734,7,932129,-11,31592,	0,1965555,14,84457,-37,86036,	ReachForBottle	CupLeft	
-0,9404297,4,447266,-12,11572,	1,951172,4,935059,-10,19971,	2,324707,3,265137,-15,81152,	0,9052734,7,932129,-11,31592,	0,2245847,14,88575,-37,95084,	ReachForBottle	CupLeft	
-0,9404297,4,447266,-12,11572,	1,951172,4,935059,-10,19971,	2,324707,3,265137,-15,81152,	0,9052734,7,932129,-11,31592,	0,2284324,14,88474,-37,95044,	ReachForBottle	CupLeft	
-0,8525391,4,398926,-11,78613,	1,876465,4,864746,-10,08105,	2,285156,3,295898,-15,60498,	0,9448242,7,905762,-11,12256,	0,2202383,14,86613,-37,90954,	ReachForBottle	CupLeft	
-0,8525391,4,398926,-11,78613,	1,876465,4,864746,-10,08105,	2,285156,3,295898,-15,60498,	0,9448242,7,905762,-11,12256,	0,2175222,14,86763,-37,91095,	ReachForBottle	CupLeft	
-0,8525391,4,398926,-11,78613,	1,876465,4,864746,-10,08105,	2,285156,3,295898,-15,60498,	0,9448242,7,905762,-11,12256,	0,2048146,14,84439,-37,86105,	ReachForBottle	CupLeft	
-0,8173828,4,231934,-11,63672,	1,749023,4,794434,-10,11621,	2,228027,3,282715,-15,53027,	0,9316406,7,896973,-11,0874,	0,2025443,14,84415,-37,8613,	ReachForBottle	CupLeft	
-0,8173828,4,231934,-11,63672,	1,749023,4,794434,-10,11621,	2,228027,3,282715,-15,53027,	0,9316406,7,896973,-11,0874,	0,2059712,14,85036,-37,87318,	ReachForBottle	CupLeft	
-0,8173828,4,231934,-11,63672,	1,749023,4,794434,-10,11621,	2,228027,3,282715,-15,53027,	0,9316406,7,896973,-11,0874,	0,2228661,14,87998,-37,94221,	ReachForBottle	CupLeft	
-0,8041992,4,196777,-11,63232,	1,718262,4,794434,-10,16455,	2,197266,3,269531,-15,52148,	0,909668,7,901367,-11,10938,	0,16351,14,77626,-37,70895,	ReachForBottle	CupLeft	
-0,8041992,4,196777,-11,63232,	1,718262,4,794434,-10,16455,	2,197266,3,269531,-15,52148,	0,909668,7,901367,-11,10938,	0,1960323,14,83762,-37,84729,	ReachForBottle	CupLeft	
-0,8041992,4,196777,-11,63232,	1,718262,4,794434,-10,16455,	2,197266,3,269531,-15,52148,	0,909668,7,901367,-11,10938,	0,1924978,14,82909,-37,82863,	ReachForBottle	CupLeft	
-0,8041992,4,196777,-11,63232,	1,718262,4,794434,-10,16455,	2,197266,3,269531,-15,52148,	0,909668,7,901367,-11,10938,	0,2072787,14,85875,-37,89503,	ReachForBottle	CupLeft	
-0,7822266,4,201172,-11,66748,	1,722656,4,803223,-10,2041,	2,206055,3,256348,-15,53027,	0,909668,7,914551,-11,19727,	0,222977,14,88407,-37,94987,	ReachForBottle	CupLeft	
-0,7822266,4,201172,-11,66748,	1,722656,4,803223,-10,2041,	2,206055,3,256348,-15,53027,	0,909668,7,914551,-11,19727,	0,1547109,14,77251,-37,70413,	ReachForBottle	CupLeft	
-0,7822266,4,201172,-11,66748,	1,722656,4,803223,-10,2041,	2,206055,3,256348,-15,53027,	0,909668,7,914551,-11,19727,	0,2137838,14,86812,-37,9153,	ReachForBottle	CupLeft	
-0,7338867,4,21875,-11,71143,	1,762207,4,820801,-10,25684,	2,245605,3,225586,-15,54785,	0,9536133,7,92334,-11,25439,	0,1983212,14,84535,-37,86427,	ReachForBottle	CupLeft	
-0,7338867,4,21875,-11,71143,	1,762207,4,820801,-10,25684,	2,245605,3,225586,-15,54785,	0,9536133,7,92334,-11,25439,	0,2210506,14,88449,-37,95107,	ReachForBottle	CupLeft	
-0,7338867,4,21875,-11,71143,	1,762207,4,820801,-10,25684,	2,245605,3,225586,-15,54785,	0,9536133,7,92334,-11,25439,	0,2203599,14,88524,-37,95125,	ReachForBottle	CupLeft	
-0,7338867,4,21875,-11,71143,	1,762207,4,820801,-10,25684,	2,245605,3,225586,-15,54785,	0,9536133,7,92334,-11,25439,	0,2212411,14,885,-37,9511,	ReachForBottle	CupLeft	
-0,6679688,4,236328,-11,73779,	1,828125,4,847168,-10,30518,	2,289551,3,203613,-15,56543,	1,006348,7,932129,-11,29395,	0,2202266,14,88512,-37,95163,	ReachForBottle	CupLeft	
-0,6679688,4,236328,-11,73779,	1,828125,4,847168,-10,30518,	2,289551,3,203613,-15,56543,	1,006348,7,932129,-11,29395,	0,2013119,14,8482,-37,86806,	ReachForBottle	CupLeft	
-0,6679688,4,236328,-11,73779,	1,828125,4,847168,-10,30518,	2,289551,3,203613,-15,56543,	1,006348,7,932129,-11,29395,	0,205366,14,85851,-37,89241,	ReachForBottle	CupLeft	
-0,6196289,4,236328,-11,74658,	1,876465,4,869141,-10,33154,	2,320313,3,221191,-15,5874,	1,032715,7,936523,-11,30713,	0,2050026,14,85402,-37,88348,	ReachForBottle	CupLeft	
-0,6196289,4,236328,-11,74658,	1,876465,4,869141,-10,33154,	2,320313,3,221191,-15,5874,	1,032715,7,936523,-11,30713,	0,2164369,14,87562,-37,92757,	ReachForBottle	CupLeft	
-0,6196289,4,236328,-11,74658,	1,876465,4,869141,-10,33154,	2,320313,3,221191,-15,5874,	1,032715,7,936523,-11,30713,	0,1941226,14,83827,-37,84455,	ReachForBottle	CupLeft	
-0,6196289,4,236328,-11,74658,	1,876465,4,869141,-10,33154,	2,320313,3,221191,-15,5874,	1,032715,7,936523,-11,30713,	0,16461,14,78229,-37,72626,	ReachForBottle	CupLeft	
-0,6064453,4,227539,-11,76855,	1,858887,4,930664,-10,3667,	2,342285,3,300293,-15,61377,	0,9755859,7,962891,-11,31592,	0,1678782,14,78751,-37,73292,	ReachForBottle	CupLeft	
-0,6064453,4,227539,-11,76855,	1,858887,4,930664,-10,3667,	2,342285,3,300293,-15,61377,	0,9755859,7,962891,-11,31592,	0,1247955,14,71511,-37,58613,	ReachForBottle	CupLeft	
-0,6064453,4,227539,-11,76855,	1,858887,4,930664,-10,3667,	2,342285,3,300293,-15,61377,	0,9755859,7,962891,-11,31592,	0,168658,14,77887,-37,71577,	ReachForBottle	CupLeft	
-0,6328125,4,302246,-11,81689,	1,806152,5,102051,-10,40625,	2,355469,3,440918,-15,64014,	0,8305664,8,099121,-11,39063,	0,1222315,14,70582,-37,55493,	ReachForBottle	CupLeft	
-0,6328125,4,302246,-11,81689,	1,806152,5,102051,-10,40625,	2,355469,3,440918,-15,64014,	0,8305664,8,099121,-11,39063,	0,1969051,14,83401,-37,83922,	ReachForBottle	CupLeft	
-0,6328125,4,302246,-11,81689,	1,806152,5,102051,-10,40625,	2,355469,3,440918,-15,64014,	0,8305664,8,099121,-11,39063,	0,1113402,14,70054,-37,53433,	ReachForBottle	CupLeft	
-0,6328125,4,302246,-11,81689,	1,806152,5,102051,-10,40625,	2,355469,3,440918,-15,64014,	0,8305664,8,099121,-11,39063,	0,147649,14,76811,-37,69197,	Grasped	CupLeft	
-0,6767578,4,5,-11,85645,	1,762207,5,304199,-10,4458,	2,337891,3,616699,-15,65332,	0,7910156,8,30127,-11,43896,	0,1568136,14,79228,-37,74288,	Grasped	CupLeft	
-0,6767578,4,5,-11,85645,	1,762207,5,304199,-10,4458,	2,337891,3,616699,-15,65332,	0,7910156,8,30127,-11,43896,	0,1351844,14,73668,-37,61788,	Grasped	CupLeft	
-0,6767578,4,5,-11,85645,	1,762207,5,304199,-10,4458,	2,337891,3,616699,-15,65332,	0,7910156,8,30127,-11,43896,	0,1504796,14,75622,-37,67284,	Grasped	CupLeft	
-0,7250977,4,741699,-11,88721,	1,713867,5,501953,-10,47656,	2,289551,3,805664,-15,67529,	0,7954102,8,516602,-11,48291,	0,1567056,14,77372,-37,71083,	Grasped	CupLeft	
-0,7250977,4,741699,-11,88721,	1,713867,5,501953,-10,47656,	2,289551,3,805664,-15,67529,	0,7954102,8,516602,-11,48291,	0,08973829,14,66047,-37,46403,	Grasped	CupLeft	
-0,7250977,4,741699,-11,88721,	1,713867,5,501953,-10,47656,	2,289551,3,805664,-15,67529,	0,7954102,8,516602,-11,48291,	0,1159927,14,69294,-37,54092,	Grasped	CupLeft	
-0,7734375,4,943848,-11,92676,	1,683105,5,633789,-10,51611,	2,228027,3,9375,-15,71484,	0,8349609,8,674805,-11,51807,	0,1249229,14,71587,-37,58828,	Grasped	CupLeft	
-0,7734375,4,943848,-11,92676,	1,683105,5,633789,-10,51611,	2,228027,3,9375,-15,71484,	0,8349609,8,674805,-11,51807,	0,1537181,14,77139,-37,71226,	Grasped	CupLeft	
-0,7734375,4,943848,-11,92676,	1,683105,5,633789,-10,51611,	2,228027,3,9375,-15,71484,	0,8349609,8,674805,-11,51807,	0,1558348,14,78492,-37,73673,	Grasped	CupLeft	
-0,7734375,4,943848,-11,92676,	1,683105,5,633789,-10,51611,	2,228027,3,9375,-15,71484,	0,8349609,8,674805,-11,51807,	0,095476,14,71412,-37,5487,	Grasped	CupLeft	
-0,7998047,5,018555,-11,96191,	1,665527,5,686523,-10,55127,	2,184082,3,999023,-15,75439,	0,8349609,8,731934,-11,54004,	0,1650615,14,81251,-37,7736,	Grasped	CupLeft	
-0,7998047,5,018555,-11,96191,	1,665527,5,686523,-10,55127,	2,184082,3,999023,-15,75439,	0,8349609,8,731934,-11,54004,	0,1053825,14,72494,-37,55108,	Grasped	CupLeft	
-0,7998047,5,018555,-11,96191,	1,665527,5,686523,-10,55127,	2,184082,3,999023,-15,75439,	0,8349609,8,731934,-11,54004,	0,1579805,14,79479,-37,72915,	Grasped	CupLeft	
-0,84375,5,01416,-11,9707,	1,595215,5,726074,-10,57324,	2,126953,4,069336,-15,78076,	0,7163086,8,749512,-11,55322,	0,1006791,14,72132,-37,55584,	Grasped	CupLeft	
-0,84375,5,01416,-11,9707,	1,595215,5,726074,-10,57324,	2,126953,4,069336,-15,78076,	0,7163086,8,749512,-11,55322,	0,07195482,14,69553,-37,47366,	Grasped	CupLeft	
-0,84375,5,01416,-11,9707,	1,595215,5,726074,-10,57324,	2,126953,4,069336,-15,78076,	0,7163086,8,749512,-11,55322,	0,1058155,14,75984,-37,62628,	Grasped	CupLeft	
-0,84375,5,01416,-11,9707,	1,595215,5,726074,-10,57324,	2,126953,4,069336,-15,78076,	0,7163086,8,749512,-11,55322,	0,1286141,14,7943,-37,71178,	Grasped	CupLeft	
-1,054688,5,031738,-11,97949,	1,335938,5,897461,-10,57324,	1,999512,4,262695,-15,77197,	0,2768555,8,841797,-11,55762,	0,1105682,14,77164,-37,6566,	Grasped	CupLeft	
-1,054688,5,031738,-11,97949,	1,335938,5,897461,-10,57324,	1,999512,4,262695,-15,77197,	0,2768555,8,841797,-11,55762,	0,1196872,14,79709,-37,7164,	Grasped	CupLeft	
-1,054688,5,031738,-11,97949,	1,335938,5,897461,-10,57324,	1,999512,4,262695,-15,77197,	0,2768555,8,841797,-11,55762,	0,09700489,14,75884,-37,62419,	Grasped	CupLeft	
-1,415039,5,20752,-11,98828,	0,8701172,6,213867,-10,54248,	1,744629,4,618652,-15,71924,	-0,3208008,9,083496,-11,54004,	0,1445628,14,82374,-37,78784,	Grasped	CupLeft	
-1,415039,5,20752,-11,98828,	0,8701172,6,213867,-10,54248,	1,744629,4,618652,-15,71924,	-0,3208008,9,083496,-11,54004,	0,1382998,14,81311,-37,76471,	Grasped	CupLeft	
-1,415039,5,20752,-11,98828,	0,8701172,6,213867,-10,54248,	1,744629,4,618652,-15,71924,	-0,3208008,9,083496,-11,54004,	0,1528042,14,8392,-37,82818,	Grasped	CupLeft	
-1,415039,5,20752,-11,98828,	0,8701172,6,213867,-10,54248,	1,744629,4,618652,-15,71924,	-0,3208008,9,083496,-11,54004,	0,1405326,14,81581,-37,76728,	Grasped	CupLeft	
-1,911621,5,484375,-11,99268,	0,28125,6,569824,-10,45898,	1,384277,5,049316,-15,62695,	-0,9711914,9,395508,-11,4917,	0,1380664,14,80886,-37,75058,	Grasped	CupLeft	
-1,911621,5,484375,-11,99268,	0,28125,6,569824,-10,45898,	1,384277,5,049316,-15,62695,	-0,9711914,9,395508,-11,4917,	0,1643158,14,84723,-37,84784,	Grasped	CupLeft	
-1,911621,5,484375,-11,99268,	0,28125,6,569824,-10,45898,	1,384277,5,049316,-15,62695,	-0,9711914,9,395508,-11,4917,	0,1606495,14,85704,-37,87512,	Grasped	CupLeft	
-1,911621,5,484375,-11,99268,	0,28125,6,569824,-10,45898,	1,384277,5,049316,-15,62695,	-0,9711914,9,395508,-11,4917,	0,1560523,14,86144,-37,88715,	Grasped	CupLeft	
-2,540039,5,774414,-11,98828,	-0,5009766,6,943359,-10,37988,	0,8393555,5,515137,-15,5083,	-1,810547,9,729492,-11,44336,	0,1496528,14,85905,-37,88216,	Grasped	CupLeft	
-2,540039,5,774414,-11,98828,	-0,5009766,6,943359,-10,37988,	0,8393555,5,515137,-15,5083,	-1,810547,9,729492,-11,44336,	0,1444974,14,85231,-37,865,	Grasped	CupLeft	
-2,540039,5,774414,-11,98828,	-0,5009766,6,943359,-10,37988,	0,8393555,5,515137,-15,5083,	-1,810547,9,729492,-11,44336,	0,1391131,14,84529,-37,84649,	Grasped	CupLeft	
-2,540039,5,774414,-11,98828,	-0,5009766,6,943359,-10,37988,	0,8393555,5,515137,-15,5083,	-1,810547,9,729492,-11,44336,	0,1464322,14,86145,-37,88867,	Grasped	CupLeft	
-3,375,6,060059,-11,9751,	-1,401855,7,272949,-10,29639,	0,1757813,5,928223,-15,36768,	-2,746582,10,02393,-11,39941,	0,1609606,14,87849,-37,93203,	Grasped	CupLeft	
-3,375,6,060059,-11,9751,	-1,401855,7,272949,-10,29639,	0,1757813,5,928223,-15,36768,	-2,746582,10,02393,-11,39941,	0,1627472,14,88654,-37,9512,	Grasped	CupLeft	
-3,375,6,060059,-11,9751,	-1,401855,7,272949,-10,29639,	0,1757813,5,928223,-15,36768,	-2,746582,10,02393,-11,39941,	0,1679781,14,88976,-37,95822,	Grasped	CupLeft	
-4,166016,6,257813,-11,94873,	-2,285156,7,483887,-10,19092,	-0,5537109,6,266602,-15,20068,	-3,708984,10,23486,-11,29395,	0,1683895,14,88982,-37,95745,	Grasped	CupLeft	
-4,166016,6,257813,-11,94873,	-2,285156,7,483887,-10,19092,	-0,5537109,6,266602,-15,20068,	-3,708984,10,23486,-11,29395,	0,1575038,14,84718,-37,84067,	Grasped	CupLeft	
-4,166016,6,257813,-11,94873,	-2,285156,7,483887,-10,19092,	-0,5537109,6,266602,-15,20068,	-3,708984,10,23486,-11,29395,	0,1864928,14,89319,-37,94979,	Grasped	CupLeft	
-5,053711,6,363281,-11,86523,	-3,291504,7,655273,-10,05908,	-1,313965,6,539063,-15,00293,	-4,746094,10,34473,-11,17529,	0,1708618,14,86862,-37,88967,	Grasped	CupLeft	
-5,053711,6,363281,-11,86523,	-3,291504,7,655273,-10,05908,	-1,313965,6,539063,-15,00293,	-4,746094,10,34473,-11,17529,	0,1171522,14,7995,-37,72484,	Grasped	CupLeft	
-5,053711,6,363281,-11,86523,	-3,291504,7,655273,-10,05908,	-1,313965,6,539063,-15,00293,	-4,746094,10,34473,-11,17529,	0,1303001,14,85008,-37,85548,	Grasped	CupLeft	
-5,053711,6,363281,-11,86523,	-3,291504,7,655273,-10,05908,	-1,313965,6,539063,-15,00293,	-4,746094,10,34473,-11,17529,	0,05356026,14,74431,-37,58259,	Grasped	CupLeft	
-5,80957,6,288574,-11,73779,	-4,205566,7,708008,-9,883301,	-2,008301,6,767578,-14,77881,	-5,80957,10,27441,-11,0127,	0,1025516,14,81466,-37,76123,	Grasped	CupLeft	
-5,80957,6,288574,-11,73779,	-4,205566,7,708008,-9,883301,	-2,008301,6,767578,-14,77881,	-5,80957,10,27441,-11,0127,	0,103243,14,82062,-37,78271,	Grasped	CupLeft	
-5,80957,6,288574,-11,73779,	-4,205566,7,708008,-9,883301,	-2,008301,6,767578,-14,77881,	-5,80957,10,27441,-11,0127,	0,1192951,14,83949,-37,8343,	Grasped	CupLeft	
-5,80957,6,288574,-11,73779,	-4,205566,7,708008,-9,883301,	-2,008301,6,767578,-14,77881,	-5,80957,10,27441,-11,0127,	0,1187322,14,83927,-37,83157,	Grasped	CupLeft	
-6,446777,6,060059,-11,54883,	-5,066895,7,606934,-9,624023,	-2,671875,6,925781,-14,49316,	-6,842285,10,00635,-10,72705,	0,09783364,14,81003,-37,75593,	Grasped	CupLeft	
-6,446777,6,060059,-11,54883,	-5,066895,7,606934,-9,624023,	-2,671875,6,925781,-14,49316,	-6,842285,10,00635,-10,72705,	0,02079901,14,73749,-37,57299,	Grasped	CupLeft	
-6,446777,6,060059,-11,54883,	-5,066895,7,606934,-9,624023,	-2,671875,6,925781,-14,49316,	-6,842285,10,00635,-10,72705,	0,04974482,14,79428,-37,71705,	Grasped	Bottle	
-6,952148,5,756836,-11,31152,	-5,660156,7,404785,-9,351563,	-3,14209,6,960938,-14,21631,	-7,541016,9,69873,-10,42383,	0,06488682,14,82193,-37,80186,	Grasped	Default	
-6,952148,5,756836,-11,31152,	-5,660156,7,404785,-9,351563,	-3,14209,6,960938,-14,21631,	-7,541016,9,69873,-10,42383,	0,1010862,14,87166,-37,93587,	Grasped	Bottle	
-6,952148,5,756836,-11,31152,	-5,660156,7,404785,-9,351563,	-3,14209,6,960938,-14,21631,	-7,541016,9,69873,-10,42383,	0,09675361,14,85813,-37,89632,	Grasped	Bottle	
-7,202637,5,471191,-11,10498,	-6,011719,7,092773,-9,079102,	-3,449707,6,903809,-13,96582,	-7,980469,9,32959,-10,09424,	0,1404929,14,88515,-37,9506,	Grasped	Bottle	
-7,202637,5,471191,-11,10498,	-6,011719,7,092773,-9,079102,	-3,449707,6,903809,-13,96582,	-7,980469,9,32959,-10,09424,	0,1407905,14,88634,-37,95362,	Grasped	Bottle	
-7,202637,5,471191,-11,10498,	-6,011719,7,092773,-9,079102,	-3,449707,6,903809,-13,96582,	-7,980469,9,32959,-10,09424,	0,1221371,14,88315,-37,95903,	Grasped	Bottle	
-7,202637,5,471191,-11,10498,	-6,011719,7,092773,-9,079102,	-3,449707,6,903809,-13,96582,	-7,980469,9,32959,-10,09424,	0,1028575,14,87643,-37,9522,	Grasped	Bottle	
-7,202637,5,471191,-11,10498,	-6,011719,7,092773,-9,079102,	-3,449707,6,903809,-13,96582,	-7,980469,9,32959,-10,09424,	0,1024364,14,87969,-37,96533,	Grasped	Bottle	
-7,3125,5,225098,-10,95557,	-6,095215,6,811523,-8,872559,	-3,555176,6,767578,-13,79443,	-8,063965,9,061523,-9,808594,	0,09874395,14,87435,-37,95006,	Grasped	Bottle	
-7,3125,5,225098,-10,95557,	-6,095215,6,811523,-8,872559,	-3,555176,6,767578,-13,79443,	-8,063965,9,061523,-9,808594,	0,104955,14,87999,-37,96367,	Grasped	Bottle	
-7,3125,5,225098,-10,95557,	-6,095215,6,811523,-8,872559,	-3,555176,6,767578,-13,79443,	-8,063965,9,061523,-9,808594,	0,1136217,14,88045,-37,95835,	Grasped	Bottle	
-7,330078,5,080078,-10,86768,	-6,038086,6,525879,-8,723145,	-3,541992,6,609375,-13,68457,	-7,940918,8,881348,-9,549316,	0,1180459,14,88126,-37,95525,	Grasped	Bottle	
-7,330078,5,080078,-10,86768,	-6,038086,6,525879,-8,723145,	-3,541992,6,609375,-13,68457,	-7,940918,8,881348,-9,549316,	0,1211178,14,88188,-37,954,	Grasped	Bottle	
-7,330078,5,080078,-10,86768,	-6,038086,6,525879,-8,723145,	-3,541992,6,609375,-13,68457,	-7,940918,8,881348,-9,549316,	0,1238109,14,88143,-37,95142,	Grasped	Bottle	
-7,330078,5,009766,-10,91162,	-6,00293,6,288574,-8,692383,	-3,489258,6,490723,-13,64941,	-7,831055,8,749512,-9,439453,	0,1547781,14,88584,-37,93875,	Grasped	Bottle	
-7,330078,5,009766,-10,91162,	-6,00293,6,288574,-8,692383,	-3,489258,6,490723,-13,64941,	-7,831055,8,749512,-9,439453,	0,1551045,14,88573,-37,9382,	Grasped	Bottle	
-7,330078,5,009766,-10,91162,	-6,00293,6,288574,-8,692383,	-3,489258,6,490723,-13,64941,	-7,831055,8,749512,-9,439453,	0,1553758,14,88568,-37,9367,	Grasped	Bottle	
-7,330078,5,009766,-10,91162,	-6,00293,6,288574,-8,692383,	-3,489258,6,490723,-13,64941,	-7,831055,8,749512,-9,439453,	0,1533972,14,8855,-37,93748,	Grasped	Bottle	
-7,356445,4,92627,-11,12695,	-6,05127,6,086426,-8,802246,	-3,436523,6,411621,-13,71094,	-7,813477,8,613281,-9,505371,	0,1296653,14,84873,-37,8537,	Grasped	Bottle	
-7,356445,4,92627,-11,12695,	-6,05127,6,086426,-8,802246,	-3,436523,6,411621,-13,71094,	-7,813477,8,613281,-9,505371,	0,03799894,14,80172,-37,73349,	Grasped	Bottle	
-7,356445,4,92627,-11,12695,	-6,05127,6,086426,-8,802246,	-3,436523,6,411621,-13,71094,	-7,813477,8,613281,-9,505371,	0,04781424,14,81443,-37,77059,	Grasped	Bottle	
-7,356445,4,92627,-11,12695,	-6,05127,6,086426,-8,802246,	-3,436523,6,411621,-13,71094,	-7,813477,8,613281,-9,505371,	0,04398555,14,8063,-37,7503,	Grasped	Bottle	
-7,365234,4,825195,-11,40381,	-6,077637,5,85791,-8,991211,	-3,361816,6,341309,-13,84277,	-7,800293,8,433105,-9,619629,	0,0200927,14,77596,-37,6637,	Grasped	Bottle	
-7,365234,4,825195,-11,40381,	-6,077637,5,85791,-8,991211,	-3,361816,6,341309,-13,84277,	-7,800293,8,433105,-9,619629,	0,07462316,14,75703,-37,6364,	Grasped	Bottle	
-7,365234,4,825195,-11,40381,	-6,077637,5,85791,-8,991211,	-3,361816,6,341309,-13,84277,	-7,800293,8,433105,-9,619629,	0,06472639,14,76465,-37,63094,	Grasped	Bottle	
-7,330078,4,680176,-11,69385,	-6,046875,5,541504,-9,188965,	-3,243164,6,244629,-14,00098,	-7,72998,8,15625,-9,694336,	0,06680566,14,75812,-37,59898,	Grasped	Bottle	
-7,330078,4,680176,-11,69385,	-6,046875,5,541504,-9,188965,	-3,243164,6,244629,-14,00098,	-7,72998,8,15625,-9,694336,	-0,00238508,14,74603,-37,55687,	Grasped	Bottle	
-7,330078,4,680176,-11,69385,	-6,046875,5,541504,-9,188965,	-3,243164,6,244629,-14,00098,	-7,72998,8,15625,-9,694336,	0,04566998,14,80966,-37,74347,	Grasped	Bottle	
-7,246582,4,504395,-11,94873,	-5,95459,5,229492,-9,386719,	-3,102539,6,130371,-14,15918,	-7,624512,7,870605,-9,769043,	0,1035258,14,87655,-37,94908,	Grasped	Bottle	
-7,246582,4,504395,-11,94873,	-5,95459,5,229492,-9,386719,	-3,102539,6,130371,-14,15918,	-7,624512,7,870605,-9,769043,	0,08342075,14,84738,-37,8583,	Grasped	Bottle	
-7,246582,4,504395,-11,94873,	-5,95459,5,229492,-9,386719,	-3,102539,6,130371,-14,15918,	-7,624512,7,870605,-9,769043,	0,1062858,14,80847,-37,73451,	Grasped	Bottle	
-7,246582,4,504395,-11,94873,	-5,95459,5,229492,-9,386719,	-3,102539,6,130371,-14,15918,	-7,624512,7,870605,-9,769043,	-0,03132981,14,70068,-37,41306,	Grasped	Bottle	
-7,17627,4,297852,-12,19043,	-5,901855,4,882324,-9,566895,	-2,988281,6,038086,-14,28223,	-7,589355,7,514648,-9,821777,	-0,00380452,14,73051,-37,50633,	Grasped	Bottle	
-7,17627,4,297852,-12,19043,	-5,901855,4,882324,-9,566895,	-2,988281,6,038086,-14,28223,	-7,589355,7,514648,-9,821777,	0,002420262,14,73541,-37,52391,	Grasped	Bottle	
-7,17627,4,297852,-12,19043,	-5,901855,4,882324,-9,566895,	-2,988281,6,038086,-14,28223,	-7,589355,7,514648,-9,821777,	0,1083769,14,87619,-37,94589,	Grasped	Bottle	
-7,141113,4,060547,-12,39697,	-5,893066,4,552734,-9,729492,	-2,926758,5,963379,-14,37451,	-7,628906,7,149902,-9,883301,	0,003029212,14,74151,-37,54431,	Grasped	Bottle	
-7,141113,4,060547,-12,39697,	-5,893066,4,552734,-9,729492,	-2,926758,5,963379,-14,37451,	-7,628906,7,149902,-9,883301,	0,145387,14,88125,-37,93364,	Grasped	Bottle	
-7,141113,4,060547,-12,39697,	-5,893066,4,552734,-9,729492,	-2,926758,5,963379,-14,37451,	-7,628906,7,149902,-9,883301,	0,09750642,14,85231,-37,87232,	Grasped	Bottle	
-7,141113,4,060547,-12,39697,	-5,893066,4,552734,-9,729492,	-2,926758,5,963379,-14,37451,	-7,628906,7,149902,-9,883301,	0,004733279,14,75184,-37,55662,	Grasped	Bottle	
-7,145508,3,862793,-12,58154,	-5,910645,4,306641,-9,883301,	-2,90918,5,910645,-14,4624,	-7,699219,6,842285,-9,975586,	0,03101043,14,77859,-37,65763,	Grasped	Bottle	
-7,145508,3,862793,-12,58154,	-5,910645,4,306641,-9,883301,	-2,90918,5,910645,-14,4624,	-7,699219,6,842285,-9,975586,	0,04065435,14,78656,-37,67311,	Grasped	Bottle	
-7,145508,3,862793,-12,58154,	-5,910645,4,306641,-9,883301,	-2,90918,5,910645,-14,4624,	-7,699219,6,842285,-9,975586,	0,1034385,14,80377,-37,71765,	Grasped	Bottle	
-7,145508,3,862793,-12,58154,	-5,910645,4,306641,-9,883301,	-2,90918,5,910645,-14,4624,	-7,699219,6,842285,-9,975586,	0,05508167,14,73567,-37,56074,	Grasped	Bottle	
-7,193848,3,770508,-12,78809,	-5,950195,4,126465,-10,05908,	-2,900391,5,840332,-14,58105,	-7,72998,6,675293,-10,08545,	-0,05809966,14,67182,-37,33765,	Grasped	Bottle	
-7,193848,3,770508,-12,78809,	-5,950195,4,126465,-10,05908,	-2,900391,5,840332,-14,58105,	-7,72998,6,675293,-10,08545,	-0,03173883,14,7015,-37,42684,	Grasped	Bottle	
-7,193848,3,770508,-12,78809,	-5,950195,4,126465,-10,05908,	-2,900391,5,840332,-14,58105,	-7,72998,6,675293,-10,08545,	-0,01352043,14,72481,-37,48923,	Grasped	Bottle	
-7,220215,3,827637,-12,86279,	-5,945801,4,056152,-10,13818,	-2,869629,5,787598,-14,63818,	-7,668457,6,657715,-10,09424,	0,0111182,14,75182,-37,5686,	Grasped	Bottle	
-7,220215,3,827637,-12,86279,	-5,945801,4,056152,-10,13818,	-2,869629,5,787598,-14,63818,	-7,668457,6,657715,-10,09424,	0,02807088,14,75708,-37,59039,	Grasped	Bottle	
-7,220215,3,827637,-12,86279,	-5,945801,4,056152,-10,13818,	-2,869629,5,787598,-14,63818,	-7,668457,6,657715,-10,09424,	0,03524718,14,77677,-37,64389,	Grasped	Bottle	
-7,220215,3,827637,-12,86279,	-5,945801,4,056152,-10,13818,	-2,869629,5,787598,-14,63818,	-7,668457,6,657715,-10,09424,	0,0416078,14,78805,-37,67773,	Grasped	Bottle	
-7,220215,3,854004,-12,94629,	-5,932617,4,016602,-10,2041,	-2,834473,5,752441,-14,68652,	-7,611328,6,640137,-10,11621,	0,07492889,14,82905,-37,80168,	Grasped	Bottle	
-7,220215,3,854004,-12,94629,	-5,932617,4,016602,-10,2041,	-2,834473,5,752441,-14,68652,	-7,611328,6,640137,-10,11621,	0,05767045,14,80842,-37,73792,	Grasped	Bottle	
-7,220215,3,854004,-12,94629,	-5,932617,4,016602,-10,2041,	-2,834473,5,752441,-14,68652,	-7,611328,6,640137,-10,11621,	0,06055604,14,81185,-37,75059,	Grasped	Bottle	
-7,220215,3,854004,-12,94629,	-5,932617,4,016602,-10,2041,	-2,834473,5,752441,-14,68652,	-7,611328,6,640137,-10,11621,	0,05454057,14,80321,-37,72757,	Grasped	Bottle	
-7,193848,3,836426,-12,99902,	-5,901855,3,977051,-10,25684,	-2,790527,5,734863,-14,74365,	-7,584961,6,600586,-10,15576,	0,07988044,14,83191,-37,81091,	Grasped	Bottle	
-7,193848,3,836426,-12,99902,	-5,901855,3,977051,-10,25684,	-2,790527,5,734863,-14,74365,	-7,584961,6,600586,-10,15576,	0,1103688,14,85095,-37,86307,	Grasped	Bottle	
-7,193848,3,836426,-12,99902,	-5,901855,3,977051,-10,25684,	-2,790527,5,734863,-14,74365,	-7,584961,6,600586,-10,15576,	0,1591069,14,87142,-37,90287,	Grasped	Bottle	
-7,066406,3,744141,-13,04736,	-5,774414,3,911133,-10,29639,	-2,680664,5,734863,-14,77002,	-7,505859,6,486328,-10,18213,	0,1689337,14,88098,-37,92507,	Grasped	Bottle	
-7,066406,3,744141,-13,04736,	-5,774414,3,911133,-10,29639,	-2,680664,5,734863,-14,77002,	-7,505859,6,486328,-10,18213,	-0,09749031,14,63698,-37,23304,	Grasped	Bottle	
-7,066406,3,744141,-13,04736,	-5,774414,3,911133,-10,29639,	-2,680664,5,734863,-14,77002,	-7,505859,6,486328,-10,18213,	-0,1718046,14,5458,-36,96918,	Grasped	Bottle	
-6,820313,3,651855,-13,02979,	-5,519531,3,862793,-10,27441,	-2,465332,5,730469,-14,77441,	-7,294922,6,402832,-10,17334,	-0,1442759,14,57389,-37,04763,	Grasped	Bottle	
-6,820313,3,651855,-13,02979,	-5,519531,3,862793,-10,27441,	-2,465332,5,730469,-14,77441,	-7,294922,6,402832,-10,17334,	-0,1812903,14,53041,-36,92735,	Grasped	Bottle	
-6,820313,3,651855,-13,02979,	-5,519531,3,862793,-10,27441,	-2,465332,5,730469,-14,77441,	-7,294922,6,402832,-10,17334,	-0,253313,14,42907,-36,64829,	Grasped	Bottle	
-6,820313,3,651855,-13,02979,	-5,519531,3,862793,-10,27441,	-2,465332,5,730469,-14,77441,	-7,294922,6,402832,-10,17334,	-0,2848497,14,34896,-36,49008,	Grasped	Bottle	
-6,486328,3,700195,-12,9375,	-5,150391,3,941895,-10,2041,	-2,140137,5,677734,-14,77441,	-6,873047,6,51709,-10,12061,	-0,3730806,14,24278,-36,21729,	Grasped	Bottle	
-6,486328,3,700195,-12,9375,	-5,150391,3,941895,-10,2041,	-2,140137,5,677734,-14,77441,	-6,873047,6,51709,-10,12061,	-0,3450469,14,27193,-36,29431,	Grasped	Bottle	
-6,486328,3,700195,-12,9375,	-5,150391,3,941895,-10,2041,	-2,140137,5,677734,-14,77441,	-6,873047,6,51709,-10,12061,	-0,4330724,14,17779,-36,00673,	Grasped	Bottle	
-6,486328,3,700195,-12,9375,	-5,150391,3,941895,-10,2041,	-2,140137,5,677734,-14,77441,	-6,873047,6,51709,-10,12061,	-0,1464087,14,5115,-36,89384,	Grasped	Bottle	
-6,112793,3,972656,-12,7793,	-4,63623,4,12207,-10,08545,	-1,713867,5,581055,-14,7832,	-6,174316,6,837891,-9,97998,	-0,1922513,14,45544,-36,73262,	Grasped	Bottle	
-6,112793,3,972656,-12,7793,	-4,63623,4,12207,-10,08545,	-1,713867,5,581055,-14,7832,	-6,174316,6,837891,-9,97998,	-0,2391873,14,37172,-36,52592,	Grasped	Bottle	
-6,112793,3,972656,-12,7793,	-4,63623,4,12207,-10,08545,	-1,713867,5,581055,-14,7832,	-6,174316,6,837891,-9,97998,	-0,3221897,14,25813,-36,17757,	Grasped	Bottle	
-5,67334,4,350586,-12,59473,	-4,100098,4,333008,-9,97998,	-1,291992,5,48877,-14,80078,	-5,414063,7,17627,-9,834961,	-0,2678277,14,34155,-36,4176,	Grasped	Bottle	
-5,67334,4,350586,-12,59473,	-4,100098,4,333008,-9,97998,	-1,291992,5,48877,-14,80078,	-5,414063,7,17627,-9,834961,	-0,3789113,14,18403,-35,97727,	Grasped	Bottle	
-5,67334,4,350586,-12,59473,	-4,100098,4,333008,-9,97998,	-1,291992,5,48877,-14,80078,	-5,414063,7,17627,-9,834961,	-0,3763136,14,18828,-35,99057,	Grasped	Bottle	
-5,238281,4,640625,-12,44531,	-3,581543,4,535156,-9,883301,	-0,8920898,5,444824,-14,81396,	-4,719727,7,45752,-9,733887,	-0,3302241,14,25829,-36,18688,	Grasped	Bottle	
-5,238281,4,640625,-12,44531,	-3,581543,4,535156,-9,883301,	-0,8920898,5,444824,-14,81396,	-4,719727,7,45752,-9,733887,	-0,3310769,14,2255,-36,12934,	Grasped	Bottle	
-5,238281,4,640625,-12,44531,	-3,581543,4,535156,-9,883301,	-0,8920898,5,444824,-14,81396,	-4,719727,7,45752,-9,733887,	-0,3083081,14,2576,-36,21724,	Grasped	Bottle	
-5,238281,4,640625,-12,44531,	-3,581543,4,535156,-9,883301,	-0,8920898,5,444824,-14,81396,	-4,719727,7,45752,-9,733887,	-0,2720023,14,30387,-36,34126,	Grasped	Bottle	
-4,812012,4,794434,-12,2959,	-3,111328,4,658203,-9,773438,	-0,5009766,5,422852,-14,77881,	-4,135254,7,615723,-9,628418,	-0,138685,14,48573,-36,85151,	Grasped	Bottle	
-4,812012,4,794434,-12,2959,	-3,111328,4,658203,-9,773438,	-0,5009766,5,422852,-14,77881,	-4,135254,7,615723,-9,628418,	0,1057417,14,82475,-37,7934,	Grasped	CupLeft	
-4,812012,4,794434,-12,2959,	-3,111328,4,658203,-9,773438,	-0,5009766,5,422852,-14,77881,	-4,135254,7,615723,-9,628418,	-0,03650956,14,62003,-37,22531,	Grasped	Default	
-4,812012,4,794434,-12,2959,	-3,111328,4,658203,-9,773438,	-0,5009766,5,422852,-14,77881,	-4,135254,7,615723,-9,628418,	-0,092614,14,53654,-36,9895,	Grasped	Default	
-4,482422,4,768066,-12,1377,	-2,768555,4,671387,-9,637207,	-0,206543,5,44043,-14,67334,	-3,858398,7,602539,-9,518555,	-0,1647884,14,42683,-36,68805,	Grasped	Default	
-4,482422,4,768066,-12,1377,	-2,768555,4,671387,-9,637207,	-0,206543,5,44043,-14,67334,	-3,858398,7,602539,-9,518555,	-0,7621477,13,65758,-34,38458,	Grasped	Default	
-4,482422,4,768066,-12,1377,	-2,768555,4,671387,-9,637207,	-0,206543,5,44043,-14,67334,	-3,858398,7,602539,-9,518555,	-0,7286732,13,64421,-34,47183,	Grasped	Default	
-4,482422,4,768066,-12,1377,	-2,768555,4,671387,-9,637207,	-0,206543,5,44043,-14,67334,	-3,858398,7,602539,-9,518555,	-0,3659142,14,17432,-35,94685,	Grasped	Default	
-4,275879,4,552734,-12,01025,	-2,623535,4,592285,-9,461426,	0,02197266,5,550293,-14,4624,	-3,915527,7,435547,-9,404297,	-0,3358082,14,21395,-36,0734,	Grasped	Default	
-4,275879,4,552734,-12,01025,	-2,623535,4,592285,-9,461426,	0,02197266,5,550293,-14,4624,	-3,915527,7,435547,-9,404297,	-0,2461989,14,33701,-36,42321,	Grasped	Default	
-4,275879,4,552734,-12,01025,	-2,623535,4,592285,-9,461426,	0,02197266,5,550293,-14,4624,	-3,915527,7,435547,-9,404297,	-0,1756751,14,43705,-36,71856,	Grasped	Default	
-4,192383,4,407715,-11,93555,	-2,619141,4,54834,-9,338379,	0,1054688,5,668945,-14,28662,	-4,051758,7,316895,-9,32959,	-0,1698737,14,44587,-36,74309,	Grasped	Default	
-4,192383,4,407715,-11,93555,	-2,619141,4,54834,-9,338379,	0,1054688,5,668945,-14,28662,	-4,051758,7,316895,-9,32959,	-0,09786054,14,54951,-37,03874,	Grasped	Default	
-4,192383,4,407715,-11,93555,	-2,619141,4,54834,-9,338379,	0,1054688,5,668945,-14,28662,	-4,051758,7,316895,-9,32959,	-0,06102926,14,59845,-37,17252,	Grasped	Default	
-4,192383,4,407715,-11,93555,	-2,619141,4,54834,-9,338379,	0,1054688,5,668945,-14,28662,	-4,051758,7,316895,-9,32959,	0,06171428,14,76919,-37,63751,	Grasped	Default	
-4,126465,4,337402,-11,85205,	-2,597168,4,530762,-9,224121,	0,1801758,5,787598,-14,11963,	-4,12207,7,246582,-9,228516,	-0,1377464,14,4747,-36,77786,	Grasped	Default	
-4,126465,4,337402,-11,85205,	-2,597168,4,530762,-9,224121,	0,1801758,5,787598,-14,11963,	-4,12207,7,246582,-9,228516,	-0,2682498,14,14824,-35,7879,	Grasped	Bottle	
-4,126465,4,337402,-11,85205,	-2,597168,4,530762,-9,224121,	0,1801758,5,787598,-14,11963,	-4,12207,7,246582,-9,228516,	-0,5206686,13,56256,-33,82563,	Grasped	Bottle	
-4,047363,4,333008,-11,76855,	-2,553223,4,526367,-9,114258,	0,2460938,5,866699,-14,00098,	-4,113281,7,21582,-9,114258,	-1,21827,12,22978,-29,32537,	Grasped	Bottle	
-4,047363,4,333008,-11,76855,	-2,553223,4,526367,-9,114258,	0,2460938,5,866699,-14,00098,	-4,113281,7,21582,-9,114258,	-0,4671565,13,71515,-34,05687,	Grasped	Bottle	
-4,047363,4,333008,-11,76855,	-2,553223,4,526367,-9,114258,	0,2460938,5,866699,-14,00098,	-4,113281,7,21582,-9,114258,	-0,4219489,13,80407,-34,4202,	Grasped	Bottle	
-4,047363,4,333008,-11,76855,	-2,553223,4,526367,-9,114258,	0,2460938,5,866699,-14,00098,	-4,113281,7,21582,-9,114258,	-0,3912982,13,90815,-34,79204,	Grasped	Bottle	
-3,968262,4,297852,-11,69385,	-2,496094,4,504395,-9,021973,	0,3339844,5,923828,-13,86914,	-4,095703,7,16748,-9,026367,	-0,3677777,13,96303,-34,96624,	Grasped	Bottle	
-3,968262,4,297852,-11,69385,	-2,496094,4,504395,-9,021973,	0,3339844,5,923828,-13,86914,	-4,095703,7,16748,-9,026367,	-0,395881,13,91471,-34,81839,	Grasped	Bottle	
-3,968262,4,297852,-11,69385,	-2,496094,4,504395,-9,021973,	0,3339844,5,923828,-13,86914,	-4,095703,7,16748,-9,026367,	-0,4354306,13,78471,-34,36659,	Grasped	Bottle	
-3,845215,4,187988,-11,60596,	-2,39502,4,434082,-8,916504,	0,4438477,5,928223,-13,75488,	-4,047363,7,053223,-8,938477,	-0,4202418,13,81288,-34,4487,	Grasped	Bottle	
-3,845215,4,187988,-11,60596,	-2,39502,4,434082,-8,916504,	0,4438477,5,928223,-13,75488,	-4,047363,7,053223,-8,938477,	-0,4115904,13,80818,-34,45523,	Grasped	Bottle	
-3,845215,4,187988,-11,60596,	-2,39502,4,434082,-8,916504,	0,4438477,5,928223,-13,75488,	-4,047363,7,053223,-8,938477,	-0,375117,13,87677,-34,67413,	Grasped	Bottle	
-3,845215,4,187988,-11,60596,	-2,39502,4,434082,-8,916504,	0,4438477,5,928223,-13,75488,	-4,047363,7,053223,-8,938477,	-0,4053451,13,81808,-34,48881,	Grasped	Bottle	
-3,647461,3,98584,-11,4873,	-2,245605,4,297852,-8,802246,	0,5844727,5,901855,-13,63184,	-3,98584,6,859863,-8,846191,	-0,466664,13,70289,-34,12372,	Grasped	Bottle	
-3,647461,3,98584,-11,4873,	-2,245605,4,297852,-8,802246,	0,5844727,5,901855,-13,63184,	-3,98584,6,859863,-8,846191,	-0,6406314,13,3912,-33,11745,	Grasped	Bottle	
-3,647461,3,98584,-11,4873,	-2,245605,4,297852,-8,802246,	0,5844727,5,901855,-13,63184,	-3,98584,6,859863,-8,846191,	-0,4701521,13,71842,-34,15532,	Grasped	Bottle	
-3,647461,3,98584,-11,4873,	-2,245605,4,297852,-8,802246,	0,5844727,5,901855,-13,63184,	-3,98584,6,859863,-8,846191,	-0,3194489,13,99972,-35,05304,	Grasped	Bottle	
-3,467285,3,722168,-11,39502,	-2,109375,4,144043,-8,705566,	0,6943359,5,866699,-13,53516,	-3,968262,6,618164,-8,780273,	-0,239884,14,14937,-35,53652,	Grasped	Bottle	
-3,467285,3,722168,-11,39502,	-2,109375,4,144043,-8,705566,	0,6943359,5,866699,-13,53516,	-3,968262,6,618164,-8,780273,	-0,3037736,14,04798,-35,21128,	Grasped	Bottle	
-3,467285,3,722168,-11,39502,	-2,109375,4,144043,-8,705566,	0,6943359,5,866699,-13,53516,	-3,968262,6,618164,-8,780273,	-0,3529456,13,96072,-34,92934,	Grasped	Bottle	
-3,313477,3,436523,-11,3291,	-2,01709,3,999023,-8,635254,	0,7382813,5,844727,-13,46924,	-4,016602,6,328125,-8,758301,	-0,3237042,14,02672,-35,13917,	Grasped	Bottle	
-3,313477,3,436523,-11,3291,	-2,01709,3,999023,-8,635254,	0,7382813,5,844727,-13,46924,	-4,016602,6,328125,-8,758301,	-0,9973092,12,82111,-31,30948,	Grasped	Bottle	
-3,313477,3,436523,-11,3291,	-2,01709,3,999023,-8,635254,	0,7382813,5,844727,-13,46924,	-4,016602,6,328125,-8,758301,	-0,4239198,13,88192,-34,75247,	Grasped	Bottle	
-3,208008,3,19043,-11,28516,	-1,981934,3,867188,-8,586914,	0,7250977,5,840332,-13,4209,	-4,104492,6,077637,-8,758301,	-1,099918,12,69647,-30,94331,	Grasped	Bottle	
-3,208008,3,19043,-11,28516,	-1,981934,3,867188,-8,586914,	0,7250977,5,840332,-13,4209,	-4,104492,6,077637,-8,758301,	-0,8832169,13,07321,-32,12409,	Grasped	Bottle	
-3,208008,3,19043,-11,28516,	-1,981934,3,867188,-8,586914,	0,7250977,5,840332,-13,4209,	-4,104492,6,077637,-8,758301,	-0,27224,14,11435,-35,49609,	Grasped	Bottle	
-3,208008,3,19043,-11,28516,	-1,981934,3,867188,-8,586914,	0,7250977,5,840332,-13,4209,	-4,104492,6,077637,-8,758301,	-0,2464274,14,17342,-35,67205,	Grasped	Bottle	
-3,159668,3,036621,-11,24121,	-1,981934,3,80127,-8,542969,	0,6767578,5,862305,-13,38135,	-4,192383,5,910645,-8,731934,	-0,2233242,14,21216,-35,79171,	Grasped	Bottle	
-3,159668,3,036621,-11,24121,	-1,981934,3,80127,-8,542969,	0,6767578,5,862305,-13,38135,	-4,192383,5,910645,-8,731934,	-0,4551851,13,79495,-34,45161,	Grasped	Bottle	
-3,159668,3,036621,-11,24121,	-1,981934,3,80127,-8,542969,	0,6767578,5,862305,-13,38135,	-4,192383,5,910645,-8,731934,	-0,5774038,13,55832,-33,72374,	Grasped	Bottle	
-3,159668,2,979492,-11,17529,	-2,003906,3,796875,-8,490234,	0,6108398,5,901855,-13,3374,	-4,258301,5,840332,-8,687988,	-0,651152,13,43071,-33,30841,	Grasped	Bottle	
-3,159668,2,979492,-11,17529,	-2,003906,3,796875,-8,490234,	0,6108398,5,901855,-13,3374,	-4,258301,5,840332,-8,687988,	-0,9485655,12,90916,-31,573,	Grasped	Bottle	
-3,159668,2,979492,-11,17529,	-2,003906,3,796875,-8,490234,	0,6108398,5,901855,-13,3374,	-4,258301,5,840332,-8,687988,	-0,9598048,12,89246,-31,53885,	Grasped	Bottle	
-3,159668,2,979492,-11,17529,	-2,003906,3,796875,-8,490234,	0,6108398,5,901855,-13,3374,	-4,258301,5,840332,-8,687988,	-1,066264,12,70019,-30,90868,	Grasped	Bottle	
-3,194824,2,95752,-11,11816,	-2,078613,3,832031,-8,441895,	0,5009766,5,967773,-13,29346,	-4,376953,5,80957,-8,657227,	-0,4371289,13,83397,-34,56211,	Grasped	Bottle	
-3,194824,2,95752,-11,11816,	-2,078613,3,832031,-8,441895,	0,5009766,5,967773,-13,29346,	-4,376953,5,80957,-8,657227,	-0,4719542,13,77251,-34,38526,	Grasped	Bottle	
-3,194824,2,95752,-11,11816,	-2,078613,3,832031,-8,441895,	0,5009766,5,967773,-13,29346,	-4,376953,5,80957,-8,657227,	-0,4933233,13,74549,-34,2953,	Grasped	Bottle	
-3,269531,2,953125,-11,0918,	-2,20166,3,875977,-8,419922,	0,3691406,6,046875,-13,2627,	-4,552734,5,800781,-8,666016,	-0,4772257,13,77032,-34,36447,	Grasped	Bottle	
-3,269531,2,953125,-11,0918,	-2,20166,3,875977,-8,419922,	0,3691406,6,046875,-13,2627,	-4,552734,5,800781,-8,666016,	-0,5215018,13,70374,-34,1521,	Grasped	Bottle	
-3,269531,2,953125,-11,0918,	-2,20166,3,875977,-8,419922,	0,3691406,6,046875,-13,2627,	-4,552734,5,800781,-8,666016,	-0,2025198,14,26102,-35,92598,	Grasped	Bottle	
-3,269531,2,953125,-11,0918,	-2,20166,3,875977,-8,419922,	0,3691406,6,046875,-13,2627,	-4,552734,5,800781,-8,666016,	-0,8295282,13,32237,-33,43636,	Grasped	Default	
-3,392578,3,010254,-11,06543,	-2,342285,3,946289,-8,393555,	0,2329102,6,130371,-13,23633,	-4,688965,5,853516,-8,648438,	0,1341814,14,84599,-37,83659,	Grasped	CupLeft	
-3,392578,3,010254,-11,06543,	-2,342285,3,946289,-8,393555,	0,2329102,6,130371,-13,23633,	-4,688965,5,853516,-8,648438,	-0,4548917,13,94451,-35,25079,	Grasped	Default	
-3,392578,3,010254,-11,06543,	-2,342285,3,946289,-8,393555,	0,2329102,6,130371,-13,23633,	-4,688965,5,853516,-8,648438,	0,0170287,14,6661,-37,32211,	Grasped	Default	
-3,528809,3,071777,-11,05225,	-2,496094,4,007813,-8,375977,	0,0703125,6,231445,-13,20996,	-4,860352,5,893066,-8,635254,	0,05589169,14,73651,-37,52912,	Grasped	Default	
-3,528809,3,071777,-11,05225,	-2,496094,4,007813,-8,375977,	0,0703125,6,231445,-13,20996,	-4,860352,5,893066,-8,635254,	0,102035,14,82404,-37,78554,	Grasped	Default	
-3,528809,3,071777,-11,05225,	-2,496094,4,007813,-8,375977,	0,0703125,6,231445,-13,20996,	-4,860352,5,893066,-8,635254,	0,1156401,14,845,-37,84332,	Grasped	Default	
-3,643066,3,058594,-11,04346,	-2,67627,4,042969,-8,367188,	-0,1274414,6,354492,-13,1748,	-5,093262,5,835938,-8,648438,	0,1518239,14,87656,-37,91876,	Grasped	CupLeft	
-3,643066,3,058594,-11,04346,	-2,67627,4,042969,-8,367188,	-0,1274414,6,354492,-13,1748,	-5,093262,5,835938,-8,648438,	0,1394456,14,8439,-37,82215,	Grasped	CupLeft	
-3,643066,3,058594,-11,04346,	-2,67627,4,042969,-8,367188,	-0,1274414,6,354492,-13,1748,	-5,093262,5,835938,-8,648438,	0,1546573,14,87463,-37,90804,	Grasped	CupLeft	
-3,643066,3,058594,-11,04346,	-2,67627,4,042969,-8,367188,	-0,1274414,6,354492,-13,1748,	-5,093262,5,835938,-8,648438,	0,0343958,14,69842,-37,43935,	Grasped	CupLeft	
-3,643066,3,058594,-11,04346,	-2,67627,4,042969,-8,367188,	-0,1274414,6,354492,-13,1748,	-5,093262,5,835938,-8,648438,	-0,1638121,14,46684,-36,7631,	Grasped	Default	
-3,722168,2,99707,-11,03027,	-2,834473,4,038574,-8,345215,	-0,3295898,6,46875,-13,13525,	-5,321777,5,708496,-8,657227,	-0,06667697,14,61599,-37,18852,	Grasped	Default	
-3,722168,2,99707,-11,03027,	-2,834473,4,038574,-8,345215,	-0,3295898,6,46875,-13,13525,	-5,321777,5,708496,-8,657227,	-0,9713254,13,29282,-33,38713,	Grasped	Default	
-3,722168,2,99707,-11,03027,	-2,834473,4,038574,-8,345215,	-0,3295898,6,46875,-13,13525,	-5,321777,5,708496,-8,657227,	-0,372834,14,12607,-35,78515,	Grasped	Default	
-3,748535,2,887207,-11,02588,	-2,970703,3,994629,-8,327637,	-0,5097656,6,569824,-13,08691,	-5,541504,5,493164,-8,679199,	-0,373199,14,11488,-35,75272,	Grasped	Default	
-3,748535,2,887207,-11,02588,	-2,970703,3,994629,-8,327637,	-0,5097656,6,569824,-13,08691,	-5,541504,5,493164,-8,679199,	-0,3256276,14,18267,-35,93856,	Grasped	Bottle	
-3,748535,2,887207,-11,02588,	-2,970703,3,994629,-8,327637,	-0,5097656,6,569824,-13,08691,	-5,541504,5,493164,-8,679199,	-0,4917347,13,92663,-35,2007,	Grasped	Bottle	
-3,717773,2,759766,-10,99951,	-3,058594,3,933105,-8,30127,	-0,6635742,6,635742,-13,03857,	-5,690918,5,269043,-8,701172,	-0,4587964,13,99191,-35,39916,	Grasped	Bottle	
-3,717773,2,759766,-10,99951,	-3,058594,3,933105,-8,30127,	-0,6635742,6,635742,-13,03857,	-5,690918,5,269043,-8,701172,	-0,3362728,14,18129,-35,94207,	Grasped	Bottle	
-3,717773,2,759766,-10,99951,	-3,058594,3,933105,-8,30127,	-0,6635742,6,635742,-13,03857,	-5,690918,5,269043,-8,701172,	-0,3838071,14,12819,-35,79358,	Grasped	Default	
-3,717773,2,759766,-10,99951,	-3,058594,3,933105,-8,30127,	-0,6635742,6,635742,-13,03857,	-5,690918,5,269043,-8,701172,	0,01600659,14,71686,-37,46668,	Grasped	Default	
-3,687012,2,680664,-10,96436,	-3,106934,3,88916,-8,261719,	-0,7558594,6,670898,-12,99463,	-5,778809,5,119629,-8,687988,	-0,6154452,13,83081,-34,95168,	Grasped	Default	
-3,687012,2,680664,-10,96436,	-3,106934,3,88916,-8,261719,	-0,7558594,6,670898,-12,99463,	-5,778809,5,119629,-8,687988,	-0,3085083,14,25828,-36,1797,	Grasped	Default	
-3,687012,2,680664,-10,96436,	-3,106934,3,88916,-8,261719,	-0,7558594,6,670898,-12,99463,	-5,778809,5,119629,-8,687988,	-0,2728331,14,31622,-36,3416,	Grasped	Default	
-3,687012,2,680664,-10,96436,	-3,106934,3,88916,-8,261719,	-0,7558594,6,670898,-12,99463,	-5,778809,5,119629,-8,687988,	-0,1251812,14,51919,-36,91733,	Grasped	Default	
-3,700195,2,658691,-10,9248,	-3,137695,3,875977,-8,222168,	-0,8085938,6,692871,-12,95068,	-5,818359,5,071289,-8,652832,	-0,1039532,14,55215,-37,01505,	Grasped	Default	
-3,700195,2,658691,-10,9248,	-3,137695,3,875977,-8,222168,	-0,8085938,6,692871,-12,95068,	-5,818359,5,071289,-8,652832,	-0,218883,14,3709,-36,48992,	Grasped	Default	
-3,700195,2,658691,-10,9248,	-3,137695,3,875977,-8,222168,	-0,8085938,6,692871,-12,95068,	-5,818359,5,071289,-8,652832,	-0,237823,14,3495,-36,44208,	Grasped	Default	
-3,713379,2,641113,-10,87646,	-3,172852,3,862793,-8,178223,	-0,8569336,6,710449,-12,89795,	-5,862305,5,031738,-8,608887,	0,01271087,14,7137,-37,47556,	Grasped	Default	
-3,713379,2,641113,-10,87646,	-3,172852,3,862793,-8,178223,	-0,8569336,6,710449,-12,89795,	-5,862305,5,031738,-8,608887,	0,02066612,14,73102,-37,53084,	Grasped	Default	
-3,713379,2,641113,-10,87646,	-3,172852,3,862793,-8,178223,	-0,8569336,6,710449,-12,89795,	-5,862305,5,031738,-8,608887,	0,03910091,14,75801,-37,60781,	Grasped	Default	
-3,713379,2,641113,-10,87646,	-3,172852,3,862793,-8,178223,	-0,8569336,6,710449,-12,89795,	-5,862305,5,031738,-8,608887,	0,1017501,14,84726,-37,86131,	Grasped	Default	
-3,722168,2,592773,-10,8501,	-3,234375,3,805664,-8,138672,	-0,9272461,6,723633,-12,84082,	-5,932617,4,92627,-8,586914,	-0,06803164,14,60384,-37,15416,	Grasped	Default	
-3,722168,2,592773,-10,8501,	-3,234375,3,805664,-8,138672,	-0,9272461,6,723633,-12,84082,	-5,932617,4,92627,-8,586914,	-0,02804525,14,66054,-37,31506,	Grasped	Default	
-3,722168,2,592773,-10,8501,	-3,234375,3,805664,-8,138672,	-0,9272461,6,723633,-12,84082,	-5,932617,4,92627,-8,586914,	0,1008356,14,8465,-37,85575,	Grasped	Default	
-3,722168,2,592773,-10,8501,	-3,234375,3,805664,-8,138672,	-0,9272461,6,723633,-12,84082,	-5,932617,4,92627,-8,586914,	-0,04683584,14,63641,-37,23947,	Grasped	Default	
-3,735352,2,540039,-10,83252,	-3,331055,3,739746,-8,10791,	-1,015137,6,745605,-12,76611,	-6,04248,4,785645,-8,600098,	0,006058797,14,71577,-37,46707,	Grasped	Default	
-3,735352,2,540039,-10,83252,	-3,331055,3,739746,-8,10791,	-1,015137,6,745605,-12,76611,	-6,04248,4,785645,-8,600098,	-0,3601462,14,20401,-35,94638,	Grasped	Default	
