ThumbPosition	IndexPosition	PalmPosition	ObjectPosition	GazePosition	Annotations	GazeAnnotations	
-3.036621:1.6875:-27.10107	-1.30957:3.32666:-25.84424	1.546875:2.333496:-30.47607	1.006348:8.134277:-12.42334	-0.4454645:14.84832:-37.47375	Start	Default	
-3.036621:1.6875:-27.10107	-1.30957:3.32666:-25.84424	1.546875:2.333496:-30.47607	1.006348:8.134277:-12.42334	-0.4349453:14.85231:-37.51349	Start	Default	
-3.041016:1.656738:-27.09668	-1.300781:3.291504:-25.86182	1.546875:2.329102:-30.47607	1.001953:8.134277:-12.41895	-0.4099556:14.86529:-37.61941	Start	Default	
-3.041016:1.656738:-27.09668	-1.300781:3.291504:-25.86182	1.546875:2.329102:-30.47607	1.001953:8.134277:-12.41895	-0.3642577:14.86566:-37.56642	Start	Default	
-3.041016:1.656738:-27.09668	-1.300781:3.291504:-25.86182	1.546875:2.329102:-30.47607	1.001953:8.134277:-12.41895	-0.3585695:14.86738:-37.52784	Start	Default	
-3.041016:1.656738:-27.09668	-1.300781:3.291504:-25.86182	1.546875:2.329102:-30.47607	1.001953:8.134277:-12.41895	-0.359564:14.86391:-37.47062	Start	Default	
-3.04541:1.661133:-27.11426	-1.322754:3.22998:-25.86621	1.555664:2.329102:-30.46729	1.001953:8.134277:-12.41895	-0.3985663:14.87294:-37.63726	Start	Default	
-3.04541:1.661133:-27.11426	-1.322754:3.22998:-25.86621	1.555664:2.329102:-30.46729	1.001953:8.134277:-12.41895	-0.4534184:14.86677:-37.65944	Start	Default	
-3.04541:1.661133:-27.11426	-1.322754:3.22998:-25.86621	1.555664:2.329102:-30.46729	1.001953:8.134277:-12.41895	-0.4587713:14.86402:-37.63628	Start	Default	
-3.023438:1.713867:-27.14941	-1.335938:3.164063:-25.90137	1.568848:2.359863:-30.44092	1.001953:8.134277:-12.41895	-0.3525853:14.87398:-37.55239	Start	Default	
-3.023438:1.713867:-27.14941	-1.335938:3.164063:-25.90137	1.568848:2.359863:-30.44092	1.001953:8.134277:-12.41895	-0.3432622:14.87428:-37.4996	Start	Default	
-3.023438:1.713867:-27.14941	-1.335938:3.164063:-25.90137	1.568848:2.359863:-30.44092	1.001953:8.134277:-12.41895	-0.3454365:14.87505:-37.49365	Start	Default	
-3.010254:1.87207:-27.14502	-1.349121:3.155273:-25.90137	1.573242:2.430176:-30.37061	1.006348:8.134277:-12.42334	-0.3494003:14.87912:-37.5692	Start	Default	
-3.010254:1.87207:-27.14502	-1.349121:3.155273:-25.90137	1.573242:2.430176:-30.37061	1.006348:8.134277:-12.42334	-0.4138756:14.83381:-37.31704	Start	Default	
-3.010254:1.87207:-27.14502	-1.349121:3.155273:-25.90137	1.573242:2.430176:-30.37061	1.006348:8.134277:-12.42334	-0.2951335:14.43746:-36.19427	Start	Default	
-2.487305:1.467773:-26.92969	-1.335938:3.14209:-25.92334	1.718262:2.759766:-30.19922	1.006348:8.134277:-12.42334	-0.3848737:14.467:-36.90269	Start	Bottle	
-2.487305:1.467773:-26.92969	-1.335938:3.14209:-25.92334	1.718262:2.759766:-30.19922	1.006348:8.134277:-12.42334	-0.3388165:14.49327:-37.00331	Start	Bottle	
-2.487305:1.467773:-26.92969	-1.335938:3.14209:-25.92334	1.718262:2.759766:-30.19922	1.006348:8.134277:-12.42334	-0.2925724:14.42007:-36.77916	Start	Bottle	
-2.487305:1.467773:-26.92969	-1.335938:3.14209:-25.92334	1.718262:2.759766:-30.19922	1.006348:8.134277:-12.42334	-0.3210983:14.48868:-36.994	Start	Bottle	
-2.320313:2.047852:-26.87256	-0.84375:3.032227:-25.70801	2.509277:4.113281:-29.50488	1.001953:8.134277:-12.42334	-0.3575644:14.47768:-36.92456	Start	Bottle	
-2.320313:2.047852:-26.87256	-0.84375:3.032227:-25.70801	2.509277:4.113281:-29.50488	1.001953:8.134277:-12.42334	-0.3800665:14.49923:-36.98896	Start	Bottle	
-2.320313:2.047852:-26.87256	-0.84375:3.032227:-25.70801	2.509277:4.113281:-29.50488	1.001953:8.134277:-12.42334	-0.3934675:14.52792:-37.07223	Start	Bottle	
-2.320313:2.047852:-26.87256	-0.84375:3.032227:-25.70801	2.509277:4.113281:-29.50488	1.001953:8.134277:-12.42334	-0.383354:14.48761:-36.94334	Start	Bottle	
-0.496582:2.970703:-26.13428	0.4526367:2.610352:-24.20068	3.146484:5.334961:-28.37109	1.001953:8.134277:-12.41895	-0.3748425:14.46941:-36.90614	Start	Bottle	
-0.496582:2.970703:-26.13428	0.4526367:2.610352:-24.20068	3.146484:5.334961:-28.37109	1.001953:8.134277:-12.41895	-0.3682034:14.48178:-36.94185	Start	Bottle	
-0.496582:2.970703:-26.13428	0.4526367:2.610352:-24.20068	3.146484:5.334961:-28.37109	1.001953:8.134277:-12.41895	-0.3685499:14.49737:-36.98818	Start	Bottle	
0.9404297:3.357422:-23.67773	1.902832:3.748535:-21.7002	3.788086:5.778809:-26.6792	1.001953:8.134277:-12.41895	-0.3688012:14.50662:-37.01846	ReachForBottle	Bottle	
0.9404297:3.357422:-23.67773	1.902832:3.748535:-21.7002	3.788086:5.778809:-26.6792	1.001953:8.134277:-12.41895	-0.3799926:14.51782:-37.05042	ReachForBottle	Bottle	
0.9404297:3.357422:-23.67773	1.902832:3.748535:-21.7002	3.788086:5.778809:-26.6792	1.001953:8.134277:-12.41895	-0.3874561:14.53408:-37.12162	ReachForBottle	Bottle	
1.072266:5.049316:-20.80371	2.988281:5.559082:-18.98877	4.236328:5.550293:-24.67969	1.001953:8.134277:-12.41895	-0.3905119:14.52835:-37.0907	ReachForBottle	Bottle	
1.072266:5.049316:-20.80371	2.988281:5.559082:-18.98877	4.236328:5.550293:-24.67969	1.001953:8.134277:-12.41895	-0.3886032:14.5254:-37.07239	ReachForBottle	Bottle	
1.072266:5.049316:-20.80371	2.988281:5.559082:-18.98877	4.236328:5.550293:-24.67969	1.001953:8.134277:-12.41895	-0.3760393:14.49567:-36.95145	ReachForBottle	Bottle	
1.072266:5.049316:-20.80371	2.988281:5.559082:-18.98877	4.236328:5.550293:-24.67969	1.001953:8.134277:-12.41895	-0.3996984:14.60573:-37.34836	ReachForBottle	Bottle	
0.9536133:5.594238:-18.57568	3.695801:5.941406:-16.68164	4.31543:5.000977:-22.6626	1.001953:8.134277:-12.41895	-0.385576:14.54795:-37.13618	ReachForBottle	Bottle	
0.9536133:5.594238:-18.57568	3.695801:5.941406:-16.68164	4.31543:5.000977:-22.6626	1.001953:8.134277:-12.41895	-0.3928068:14.55963:-37.19233	ReachForBottle	Bottle	
0.9536133:5.594238:-18.57568	3.695801:5.941406:-16.68164	4.31543:5.000977:-22.6626	1.001953:8.134277:-12.41895	-0.3870899:14.54697:-37.15486	ReachForBottle	Bottle	
0.9536133:5.594238:-18.57568	3.695801:5.941406:-16.68164	4.31543:5.000977:-22.6626	1.001953:8.134277:-12.41895	-0.3845221:14.51143:-37.02086	ReachForBottle	Bottle	
0.6328125:5.378906:-16.97168	4.020996:5.541504:-14.91943	4.144043:4.359375:-20.84766	1.006348:8.134277:-12.42334	-0.3767189:14.50012:-36.95712	ReachForBottle	Bottle	
0.6328125:5.378906:-16.97168	4.020996:5.541504:-14.91943	4.144043:4.359375:-20.84766	1.006348:8.134277:-12.42334	-0.3761677:14.45827:-36.79852	ReachForBottle	Bottle	
0.6328125:5.378906:-16.97168	4.020996:5.541504:-14.91943	4.144043:4.359375:-20.84766	1.006348:8.134277:-12.42334	-0.4059758:14.60225:-37.31797	ReachForBottle	Bottle	
0.1801758:4.921875:-15.73682	4.025391:5.036133:-13.56152	3.862793:3.722168:-19.58203	1.001953:8.134277:-12.42334	-0.4517049:14.67675:-37.75354	ReachForBottle	Bottle	
0.1801758:4.921875:-15.73682	4.025391:5.036133:-13.56152	3.862793:3.722168:-19.58203	1.001953:8.134277:-12.42334	-0.4223769:14.57289:-37.49335	ReachForBottle	Bottle	
0.1801758:4.921875:-15.73682	4.025391:5.036133:-13.56152	3.862793:3.722168:-19.58203	1.001953:8.134277:-12.42334	-0.4270354:14.54345:-37.41004	ReachForBottle	Bottle	
-0.1186523:4.390137:-14.91943	3.911133:4.68457:-12.70459	3.590332:3.128906:-18.70313	1.001953:8.134277:-12.41895	-0.4313343:14.57281:-37.48753	ReachForBottle	Bottle	
-0.1186523:4.390137:-14.91943	3.911133:4.68457:-12.70459	3.590332:3.128906:-18.70313	1.001953:8.134277:-12.41895	-0.4338325:14.55393:-37.44066	ReachForBottle	Bottle	
-0.1186523:4.390137:-14.91943	3.911133:4.68457:-12.70459	3.590332:3.128906:-18.70313	1.001953:8.134277:-12.41895	-0.4292898:14.54392:-37.41444	ReachForBottle	Bottle	
-0.1186523:4.390137:-14.91943	3.911133:4.68457:-12.70459	3.590332:3.128906:-18.70313	1.001953:8.134277:-12.41895	-0.4305991:14.51277:-37.34516	ReachForBottle	Bottle	
-0.3911133:3.867188:-14.37451	3.687012:4.456055:-12.16846	3.357422:2.597168:-18.13623	1.001953:8.134277:-12.41895	-0.4251383:14.53513:-37.39561	ReachForBottle	Bottle	
-0.3911133:3.867188:-14.37451	3.687012:4.456055:-12.16846	3.357422:2.597168:-18.13623	1.001953:8.134277:-12.41895	-0.4193231:14.457:-37.19424	ReachForBottle	Bottle	
-0.3911133:3.867188:-14.37451	3.687012:4.456055:-12.16846	3.357422:2.597168:-18.13623	1.001953:8.134277:-12.41895	-0.4246319:14.50723:-37.3189	ReachForBottle	Bottle	
-0,6635742,3,577148,-14,08887,	3,427734,4,196777,-11,86523,	3,111328,2,135742,-17,81104,	0,9755859,8,125488,-12,375,	-0,4360716,14,57692,-37,4875,	ReachForBottle	Bottle	
-0,6635742,3,577148,-14,08887,	3,427734,4,196777,-11,86523,	3,111328,2,135742,-17,81104,	0,9755859,8,125488,-12,375,	-0,4367357,14,55572,-37,44234,	ReachForBottle	Bottle	
-0,6635742,3,577148,-14,08887,	3,427734,4,196777,-11,86523,	3,111328,2,135742,-17,81104,	0,9755859,8,125488,-12,375,	-0,4353948,14,56775,-37,46921,	ReachForBottle	Bottle	
-0,6635742,3,577148,-14,08887,	3,427734,4,196777,-11,86523,	3,111328,2,135742,-17,81104,	0,9755859,8,125488,-12,375,	-0,4394398,14,57332,-37,4959,	ReachForBottle	Bottle	
-0,8613281,3,339844,-13,94824,	3,155273,3,933105,-11,729,	2,878418,1,727051,-17,65283,	0,9711914,8,121094,-12,33105,	-0,4386372,14,57718,-37,50526,	ReachForBottle	Bottle	
-0,8613281,3,339844,-13,94824,	3,155273,3,933105,-11,729,	2,878418,1,727051,-17,65283,	0,9711914,8,121094,-12,33105,	-0,4350732,14,55995,-37,46255,	ReachForBottle	Bottle	
-0,8613281,3,339844,-13,94824,	3,155273,3,933105,-11,729,	2,878418,1,727051,-17,65283,	0,9711914,8,121094,-12,33105,	-0,4471099,14,66851,-37,70654,	ReachForBottle	Bottle	
-0,9887695,2,737793,-13,85156,	2,869629,3,691406,-11,729,	2,702637,1,437012,-17,63965,	1,006348,8,125488,-12,35742,	-0,4411829,14,65526,-37,67719,	ReachForBottle	Bottle	
-0,9887695,2,737793,-13,85156,	2,869629,3,691406,-11,729,	2,702637,1,437012,-17,63965,	1,006348,8,125488,-12,35742,	-0,4345407,14,64568,-37,64217,	ReachForBottle	Bottle	
-0,9887695,2,737793,-13,85156,	2,869629,3,691406,-11,729,	2,702637,1,437012,-17,63965,	1,006348,8,125488,-12,35742,	-0,4497623,14,62827,-37,60579,	ReachForBottle	Bottle	
-1,037109,2,11377,-13,80762,	2,641113,3,251953,-11,74219,	2,570801,1,186523,-17,68799,	1,023926,8,129883,-12,375,	-0,4615286,14,61496,-37,55402,	ReachForBottle	Bottle	
-1,037109,2,11377,-13,80762,	2,641113,3,251953,-11,74219,	2,570801,1,186523,-17,68799,	1,023926,8,129883,-12,375,	-0,4645463,14,59513,-37,52262,	ReachForBottle	Bottle	
-1,037109,2,11377,-13,80762,	2,641113,3,251953,-11,74219,	2,570801,1,186523,-17,68799,	1,023926,8,129883,-12,375,	-0,4554716,14,5685,-37,45607,	ReachForBottle	Bottle	
-1,037109,2,11377,-13,80762,	2,641113,3,251953,-11,74219,	2,570801,1,186523,-17,68799,	1,023926,8,129883,-12,375,	-0,4442368,14,5377,-37,40545,	ReachForBottle	Bottle	
-1,006348,1,621582,-13,7373,	2,474121,2,838867,-11,80371,	2,469727,1,015137,-17,74072,	1,023926,8,129883,-12,37939,	-0,4429098,14,53809,-37,41784,	ReachForBottle	Bottle	
-1,006348,1,621582,-13,7373,	2,474121,2,838867,-11,80371,	2,469727,1,015137,-17,74072,	1,023926,8,129883,-12,37939,	-0,4435235,14,54193,-37,43221,	ReachForBottle	Bottle	
-1,006348,1,621582,-13,7373,	2,474121,2,838867,-11,80371,	2,469727,1,015137,-17,74072,	1,023926,8,129883,-12,37939,	-0,4423121,14,54146,-37,42566,	ReachForBottle	Bottle	
-0,9536133,1,524902,-13,64063,	2,307129,2,557617,-11,88721,	2,342285,0,9404297,-17,76709,	1,023926,8,129883,-12,38379,	-0,5249804,14,3472,-36,97387,	ReachForBottle	Default	
-0,9536133,1,524902,-13,64063,	2,307129,2,557617,-11,88721,	2,342285,0,9404297,-17,76709,	1,023926,8,129883,-12,38379,	-0,6498583,14,59241,-37,53393,	ReachForBottle	Default	
-0,9536133,1,524902,-13,64063,	2,307129,2,557617,-11,88721,	2,342285,0,9404297,-17,76709,	1,023926,8,129883,-12,38379,	-0,5577412,14,78045,-38,03051,	ReachForBottle	CupLeft	
-0,9536133,1,524902,-13,64063,	2,307129,2,557617,-11,88721,	2,342285,0,9404297,-17,76709,	1,023926,8,129883,-12,38379,	-0,8217551,14,25879,-36,65943,	ReachForBottle	CupLeft	
-0,9052734,1,577637,-13,58789,	2,109375,2,438965,-11,99268,	2,25,0,9272461,-17,7627,	1,019531,8,129883,-12,38818,	-0,7968892,14,33474,-36,85463,	ReachForBottle	CupLeft	
-0,9052734,1,577637,-13,58789,	2,109375,2,438965,-11,99268,	2,25,0,9272461,-17,7627,	1,019531,8,129883,-12,38818,	-0,7702358,14,37903,-36,97097,	ReachForBottle	CupLeft	
-0,9052734,1,577637,-13,58789,	2,109375,2,438965,-11,99268,	2,25,0,9272461,-17,7627,	1,019531,8,129883,-12,38818,	-0,7826869,14,38352,-36,95008,	ReachForBottle	CupLeft	
-0,8920898,1,713867,-13,60547,	1,942383,2,53125,-12,09814,	2,206055,0,9052734,-17,75391,	0,9052734,8,169434,-12,52002,	-0,8210348,14,30782,-36,75618,	ReachForBottle	CupLeft	
-0,8920898,1,713867,-13,60547,	1,942383,2,53125,-12,09814,	2,206055,0,9052734,-17,75391,	0,9052734,8,169434,-12,52002,	-0,9277877,14,13772,-36,29892,	ReachForBottle	CupLeft	
-0,8920898,1,713867,-13,60547,	1,942383,2,53125,-12,09814,	2,206055,0,9052734,-17,75391,	0,9052734,8,169434,-12,52002,	-0,9513332,14,08507,-36,14499,	ReachForBottle	CupLeft	
-0,8920898,1,713867,-13,60547,	1,942383,2,53125,-12,09814,	2,206055,0,9052734,-17,75391,	0,9052734,8,169434,-12,52002,	-1,069711,13,90349,-35,66961,	ReachForBottle	CupLeft	
-0,8920898,1,713867,-13,60547,	1,942383,2,53125,-12,09814,	2,206055,0,9052734,-17,75391,	0,9052734,8,169434,-12,52002,	-1,220074,13,62048,-34,88471,	ReachForBottle	CupLeft	
-1,103027,1,753418,-13,79004,	1,582031,2,869629,-12,17725,	2,118164,0,9975586,-17,7627,	0,09667969,8,283691,-12,6167,	-1,073169,13,87023,-35,55911,	ReachForBottle	CupLeft	
-1,103027,1,753418,-13,79004,	1,582031,2,869629,-12,17725,	2,118164,0,9975586,-17,7627,	0,09667969,8,283691,-12,6167,	-1,125365,13,82156,-35,41244,	ReachForBottle	CupLeft	
-1,103027,1,753418,-13,79004,	1,582031,2,869629,-12,17725,	2,118164,0,9975586,-17,7627,	0,09667969,8,283691,-12,6167,	-0,9425952,14,12456,-36,23259,	ReachForBottle	CupLeft	
-1,630371,2,078613,-14,05811,	0,8217773,3,577148,-12,32666,	1,810547,1,423828,-17,78467,	-1,274414,8,723145,-12,87158,	-0,9747002,14,08646,-36,15857,	ReachForBottle	CupLeft	
-1,630371,2,078613,-14,05811,	0,8217773,3,577148,-12,32666,	1,810547,1,423828,-17,78467,	-1,274414,8,723145,-12,87158,	-0,9962081,14,03948,-36,03392,	ReachForBottle	CupLeft	
-1,630371,2,078613,-14,05811,	0,8217773,3,577148,-12,32666,	1,810547,1,423828,-17,78467,	-1,274414,8,723145,-12,87158,	-1,00809,14,03012,-36,02367,	ReachForBottle	CupLeft	
-2,126953,2,465332,-14,15918,	0,08349609,4,253906,-12,375,	1,476563,2,01709,-17,72754,	-2,355469,9,087891,-12,99023,	-0,9326859,14,16254,-36,37495,	ReachForBottle	CupLeft	
-2,126953,2,465332,-14,15918,	0,08349609,4,253906,-12,375,	1,476563,2,01709,-17,72754,	-2,355469,9,087891,-12,99023,	-0,9125788,14,19449,-36,46274,	ReachForBottle	CupLeft	
-2,126953,2,465332,-14,15918,	0,08349609,4,253906,-12,375,	1,476563,2,01709,-17,72754,	-2,355469,9,087891,-12,99023,	-0,9011779,14,21152,-36,51492,	ReachForBottle	CupLeft	
-2,126953,2,465332,-14,15918,	0,08349609,4,253906,-12,375,	1,476563,2,01709,-17,72754,	-2,355469,9,087891,-12,99023,	-0,9428873,14,1396,-36,33548,	ReachForBottle	CupLeft	
-2.557617:2.834473:-14.09766	-0.5449219:4.869141:-12.25635	1.212891:2.698242:-17.56934	-3.563965:9.246094:-12.78809	-0.9265047:14.16534:-36.40934	Grasped	CupLeft	
-2.557617:2.834473:-14.09766	-0.5449219:4.869141:-12.25635	1.212891:2.698242:-17.56934	-3.563965:9.246094:-12.78809	-0.9701846:14.10801:-36.24181	Grasped	CupLeft	
-2.557617:2.834473:-14.09766	-0.5449219:4.869141:-12.25635	1.212891:2.698242:-17.56934	-3.563965:9.246094:-12.78809	-0.9371321:14.15744:-36.37571	Grasped	CupLeft	
-2.557617:2.834473:-14.09766	-0.5449219:4.869141:-12.25635	1.212891:2.698242:-17.56934	-3.563965:9.246094:-12.78809	-1.022585:14.01737:-36.01138	Grasped	CupLeft	
-2.847656:3.146484:-13.92188	-1.010742:5.317383:-12.01904	1.02832:3.454102:-17.354	-4.420898:9.369141:-12.4585	-0.9887154:14.05799:-36.09014	Grasped	CupLeft	
-2.847656:3.146484:-13.92188	-1.010742:5.317383:-12.01904	1.02832:3.454102:-17.354	-4.420898:9.369141:-12.4585	-1.023216:14.01684:-35.96374	Grasped	CupLeft	
-2.847656:3.146484:-13.92188	-1.010742:5.317383:-12.01904	1.02832:3.454102:-17.354	-4.420898:9.369141:-12.4585	-0.8005467:14.37106:-36.92673	Grasped	CupLeft	
-3.023438:3.52002:-13.70215	-1.305176:5.690918:-11.80811	0.8525391:4.17041:-17.13428	-4.979004:9.527344:-11.99707	-1.036763:13.98993:-35.918	Grasped	CupLeft	
-3.023438:3.52002:-13.70215	-1.305176:5.690918:-11.80811	0.8525391:4.17041:-17.13428	-4.979004:9.527344:-11.99707	-0.8660313:14.27094:-36.70193	Grasped	CupLeft	
-3.023438:3.52002:-13.70215	-1.305176:5.690918:-11.80811	0.8525391:4.17041:-17.13428	-4.979004:9.527344:-11.99707	-0.8493608:14.32004:-36.78128	Grasped	CupLeft	
-3.023438:3.52002:-13.70215	-1.305176:5.690918:-11.80811	0.8525391:4.17041:-17.13428	-4.979004:9.527344:-11.99707	-0.8666062:14.29631:-36.71617	Grasped	CupLeft	
-3.120117:3.911133:-13.44727	-1.489746:6.152344:-11.61475	0.6635742:4.842773:-16.93652	-5.356934:9.760254:-11.60156	-1.030227:14.09204:-35.99989	Grasped	Default	
-3.120117:3.911133:-13.44727	-1.489746:6.152344:-11.61475	0.6635742:4.842773:-16.93652	-5.356934:9.760254:-11.60156	-0.8870834:14.3273:-36.68372	Grasped	Default	
-3.120117:3.911133:-13.44727	-1.489746:6.152344:-11.61475	0.6635742:4.842773:-16.93652	-5.356934:9.760254:-11.60156	-0.947462:14.22589:-36.39991	Grasped	Default	
-3.111328:4.236328:-13.1792	-1.625977:6.618164:-11.45215	0.5141602:5.449219:-16.77393	-5.813965:9.856934:-11.35986	-0.9625444:14.21091:-36.34612	Grasped	Default	
-3.111328:4.236328:-13.1792	-1.625977:6.618164:-11.45215	0.5141602:5.449219:-16.77393	-5.813965:9.856934:-11.35986	-0.9756272:14.18108:-36.28051	Grasped	Default	
-3.111328:4.236328:-13.1792	-1.625977:6.618164:-11.45215	0.5141602:5.449219:-16.77393	-5.813965:9.856934:-11.35986	-0.9343404:14.25174:-36.47491	Grasped	Default	
-3.111328:4.236328:-13.1792	-1.625977:6.618164:-11.45215	0.5141602:5.449219:-16.77393	-5.813965:9.856934:-11.35986	-1.03998:14.07798:-35.98164	Grasped	Default	
-3.062988:4.460449:-12.96387	-1.757813:7.000488:-11.30713	0.3867188:6.016113:-16.6333	-6.262207:9.755859:-11.15771	-1.048115:14.08482:-35.98485	Grasped	Default	
-3.062988:4.460449:-12.96387	-1.757813:7.000488:-11.30713	0.3867188:6.016113:-16.6333	-6.262207:9.755859:-11.15771	-1.008185:14.13882:-36.14671	Grasped	Default	
-3.062988:4.460449:-12.96387	-1.757813:7.000488:-11.30713	0.3867188:6.016113:-16.6333	-6.262207:9.755859:-11.15771	-0.9924924:14.18967:-36.2794	Grasped	Default	
-2.983887:4.614258:-12.79248	-1.880859:7.281738:-11.18408	0.2768555:6.503906:-16.52344	-6.640137:9.527344:-10.94678	-1.12:13.98054:-35.69038	Grasped	Default	
-2.983887:4.614258:-12.79248	-1.880859:7.281738:-11.18408	0.2768555:6.503906:-16.52344	-6.640137:9.527344:-10.94678	-1.096426:14.03337:-35.82911	Grasped	Default	
-2.983887:4.614258:-12.79248	-1.880859:7.281738:-11.18408	0.2768555:6.503906:-16.52344	-6.640137:9.527344:-10.94678	-0.9668458:14.22717:-36.39242	Grasped	Default	
-2.869629:4.688965:-12.65186	-1.96875:7.444336:-11.06982	0.1889648:6.89502:-16.43555	-6.908203:9.175781:-10.70508	-1.056126:14.10016:-36.02187	Grasped	Default	
-2.869629:4.688965:-12.65186	-1.96875:7.444336:-11.06982	0.1889648:6.89502:-16.43555	-6.908203:9.175781:-10.70508	-0.9892449:14.20079:-36.31913	Grasped	Default	
-2.869629:4.688965:-12.65186	-1.96875:7.444336:-11.06982	0.1889648:6.89502:-16.43555	-6.908203:9.175781:-10.70508	-0.9503543:14.26772:-36.51802	Grasped	Default	
-2.76416:4.715332:-12.54639	-2.01709:7.49707:-10.97314	0.1010742:7.180664:-16.37842	-7.057617:8.76709:-10.39307	-0.9000998:14.33256:-36.71612	Grasped	Default	
-2.76416:4.715332:-12.54639	-2.01709:7.49707:-10.97314	0.1010742:7.180664:-16.37842	-7.057617:8.76709:-10.39307	-0.931465:14.28666:-36.58546	Grasped	Default	
-2.76416:4.715332:-12.54639	-2.01709:7.49707:-10.97314	0.1010742:7.180664:-16.37842	-7.057617:8.76709:-10.39307	-0.8795902:14.36652:-36.81107	Grasped	Default	
-2.76416:4.715332:-12.54639	-2.01709:7.49707:-10.97314	0.1010742:7.180664:-16.37842	-7.057617:8.76709:-10.39307	-0.8379976:14.42949:-36.99254	Grasped	Default	
-2.698242:4.719727:-12.48047	-2.091797:7.505859:-10.9248	0.02197266:7.378418:-16.34766	-7.171875:8.411133:-10.18213	-0.8131458:14.46766:-37.09831	Grasped	Default	
-2.698242:4.719727:-12.48047	-2.091797:7.505859:-10.9248	0.02197266:7.378418:-16.34766	-7.171875:8.411133:-10.18213	-0.8254722:14.44782:-37.04032	Grasped	Default	
-2.698242:4.719727:-12.48047	-2.091797:7.505859:-10.9248	0.02197266:7.378418:-16.34766	-7.171875:8.411133:-10.18213	-0.8127661:14.47042:-37.10261	Grasped	Default	
-2.698242:4.719727:-12.48047	-2.091797:7.505859:-10.9248	0.02197266:7.378418:-16.34766	-7.171875:8.411133:-10.18213	-0.8020387:14.4829:-37.14014	Grasped	Default	
-2.641113:4.671387:-12.4541	-2.20166:7.488281:-10.92041	-0.05712891:7.483887:-16.33887	-7.290527:8.01123:-10.06787	-0.8032451:14.48546:-37.14189	Grasped	Default	
-2.641113:4.671387:-12.4541	-2.20166:7.488281:-10.92041	-0.05712891:7.483887:-16.33887	-7.290527:8.01123:-10.06787	-0.8025955:14.48498:-37.14106	Grasped	Default	
-2.641113:4.671387:-12.4541	-2.20166:7.488281:-10.92041	-0.05712891:7.483887:-16.33887	-7.290527:8.01123:-10.06787	-0.7872159:14.50636:-37.20632	Grasped	Default	
-2.601563:4.59668:-12.4585	-2.324707:7.439941:-10.94678	-0.1494141:7.532227:-16.35205	-7.413574:7.501465:-9.949219	-0.7728178:14.53118:-37.27687	Grasped	Default	
-2.601563:4.59668:-12.4585	-2.324707:7.439941:-10.94678	-0.1494141:7.532227:-16.35205	-7.413574:7.501465:-9.949219	-0.7502843:14.56874:-37.38196	Grasped	Default	
-2.601563:4.59668:-12.4585	-2.324707:7.439941:-10.94678	-0.1494141:7.532227:-16.35205	-7.413574:7.501465:-9.949219	-0.7441553:14.57781:-37.41104	Grasped	Default	
-2.605957:4.504395:-12.48047	-2.469727:7.365234:-10.99512	-0.2329102:7.536621:-16.36963	-7.532227:7.101563:-9.927246	-0.7471811:14.57467:-37.39684	Grasped	Default	
-2.605957:4.504395:-12.48047	-2.469727:7.365234:-10.99512	-0.2329102:7.536621:-16.36963	-7.532227:7.101563:-9.927246	-0.7475444:14.57316:-37.39292	Grasped	Default	
-2.605957:4.504395:-12.48047	-2.469727:7.365234:-10.99512	-0.2329102:7.536621:-16.36963	-7.532227:7.101563:-9.927246	-0.7377058:14.58847:-37.43211	Grasped	Default	
-2.605957:4.504395:-12.48047	-2.469727:7.365234:-10.99512	-0.2329102:7.536621:-16.36963	-7.532227:7.101563:-9.927246	-0.7262766:14.60176:-37.47549	Grasped	Default	
-2.62793:4.416504:-12.50244	-2.654297:7.294922:-11.04785	-0.3339844:7.536621:-16.38721	-7.69043:6.771973:-10.01953	-0.7215204:14.60338:-37.48344	Grasped	Default	
-2.62793:4.416504:-12.50244	-2.654297:7.294922:-11.04785	-0.3339844:7.536621:-16.38721	-7.69043:6.771973:-10.01953	-0.712887:14.61376:-37.51405	Grasped	Bottle	
-2.62793:4.416504:-12.50244	-2.654297:7.294922:-11.04785	-0.3339844:7.536621:-16.38721	-7.69043:6.771973:-10.01953	-0.7052:14.62294:-37.5464	Grasped	Bottle	
-2.62793:4.416504:-12.50244	-2.654297:7.294922:-11.04785	-0.3339844:7.536621:-16.38721	-7.69043:6.771973:-10.01953	-0.7129309:14.61158:-37.50577	Grasped	Bottle	
-2.67627:4.368164:-12.51563	-2.847656:7.255371:-11.0918	-0.4438477:7.558594:-16.3916	-7.848633:6.437988:-10.07227	-0.7098816:14.61879:-37.5314	Grasped	Bottle	
-2.67627:4.368164:-12.51563	-2.847656:7.255371:-11.0918	-0.4438477:7.558594:-16.3916	-7.848633:6.437988:-10.07227	-0.711312:14.61563:-37.52391	Grasped	Bottle	
-2.67627:4.368164:-12.51563	-2.847656:7.255371:-11.0918	-0.4438477:7.558594:-16.3916	-7.848633:6.437988:-10.07227	-0.7116006:14.61398:-37.52139	Grasped	Bottle	
-2.720215:4.346191:-12.50244	-3.019043:7.246582:-11.11377	-0.5712891:7.598145:-16.38281	-7.984863:6.152344:-10.08984	-0.7111639:14.61221:-37.52235	Grasped	Bottle	
-2.720215:4.346191:-12.50244	-3.019043:7.246582:-11.11377	-0.5712891:7.598145:-16.38281	-7.984863:6.152344:-10.08984	-0.7083672:14.61782:-37.53556	Grasped	Bottle	
-2.720215:4.346191:-12.50244	-3.019043:7.246582:-11.11377	-0.5712891:7.598145:-16.38281	-7.984863:6.152344:-10.08984	-0.7175319:14.59551:-37.48018	Grasped	Bottle	
-2.781738:4.346191:-12.49365	-3.181641:7.246582:-11.11377	-0.6987305:7.64209:-16.36963	-8.112305:5.928223:-10.11621	-0.7327954:14.57894:-37.42942	Grasped	Bottle	
-2.781738:4.346191:-12.49365	-3.181641:7.246582:-11.11377	-0.6987305:7.64209:-16.36963	-8.112305:5.928223:-10.11621	-0.7602745:14.52918:-37.2979	Grasped	Bottle	
-2.781738:4.346191:-12.49365	-3.181641:7.246582:-11.11377	-0.6987305:7.64209:-16.36963	-8.112305:5.928223:-10.11621	-0.7588034:14.53459:-37.30931	Grasped	Bottle	
-2.781738:4.346191:-12.49365	-3.181641:7.246582:-11.11377	-0.6987305:7.64209:-16.36963	-8.112305:5.928223:-10.11621	-0.7485784:14.55008:-37.35778	Grasped	Bottle	
-2.781738:4.346191:-12.49365	-3.181641:7.246582:-11.11377	-0.6987305:7.64209:-16.36963	-8.112305:5.928223:-10.11621	-0.7486629:14.54896:-37.35442	Grasped	Bottle	
-2.856445:4.359375:-12.47607	-3.357422:7.255371:-11.11816	-0.8349609:7.703613:-16.36084	-8.244141:5.72168:-10.13379	-0.7513322:14.54346:-37.33889	Grasped	Bottle	
-2.856445:4.359375:-12.47607	-3.357422:7.255371:-11.11816	-0.8349609:7.703613:-16.36084	-8.244141:5.72168:-10.13379	-0.7643188:14.52668:-37.28788	Grasped	Bottle	
-2.856445:4.359375:-12.47607	-3.357422:7.255371:-11.11816	-0.8349609:7.703613:-16.36084	-8.244141:5.72168:-10.13379	-0.7619704:14.53068:-37.30047	Grasped	Bottle	
-2.961914:4.390137:-12.46729	-3.524414:7.281738:-11.12256	-0.9887695:7.769531:-16.35645	-8.367188:5.598633:-10.14258	-0.7770469:14.50845:-37.23934	Grasped	Bottle	
-2.961914:4.390137:-12.46729	-3.524414:7.281738:-11.12256	-0.9887695:7.769531:-16.35645	-8.367188:5.598633:-10.14258	-0.7800874:14.50452:-37.22498	Grasped	Bottle	
-2.961914:4.390137:-12.46729	-3.524414:7.281738:-11.12256	-0.9887695:7.769531:-16.35645	-8.367188:5.598633:-10.14258	-0.7522955:14.54753:-37.3462	Grasped	Bottle	
-3.080566:4.429688:-12.4541	-3.669434:7.334473:-11.12256	-1.133789:7.831055:-16.33887	-8.503418:5.554688:-10.14258	-0.7488525:14.54714:-37.3496	Grasped	Bottle	
-3.080566:4.429688:-12.4541	-3.669434:7.334473:-11.12256	-1.133789:7.831055:-16.33887	-8.503418:5.554688:-10.14258	-0.9703933:14.29976:-36.59278	Grasped	Bottle	
-3.080566:4.429688:-12.4541	-3.669434:7.334473:-11.12256	-1.133789:7.831055:-16.33887	-8.503418:5.554688:-10.14258	-1.000875:14.26107:-36.48409	Grasped	Bottle	
-3.080566:4.429688:-12.4541	-3.669434:7.334473:-11.12256	-1.133789:7.831055:-16.33887	-8.503418:5.554688:-10.14258	-0.9118925:14.37701:-36.82276	Grasped	Bottle	
-3.155273:4.473633:-12.41455	-3.779297:7.369629:-11.10498	-1.248047:7.896973:-16.30811	-8.591309:5.523926:-10.12061	-0.8446031:14.4754:-37.10722	Grasped	Bottle	
-3.155273:4.473633:-12.41455	-3.779297:7.369629:-11.10498	-1.248047:7.896973:-16.30811	-8.591309:5.523926:-10.12061	-0.8342053:14.48901:-37.14736	Grasped	Bottle	
-3.155273:4.473633:-12.41455	-3.779297:7.369629:-11.10498	-1.248047:7.896973:-16.30811	-8.591309:5.523926:-10.12061	-0.8333885:14.48688:-37.14204	Grasped	Bottle	
-3.181641:4.508789:-12.375	-3.845215:7.400391:-11.06543	-1.331543:7.967285:-16.27295	-8.626465:5.47998:-10.05908	-0.8269812:14.49696:-37.16668	Grasped	Bottle	
-3.181641:4.508789:-12.375	-3.845215:7.400391:-11.06543	-1.331543:7.967285:-16.27295	-8.626465:5.47998:-10.05908	-0.8248602:14.50209:-37.1765	Grasped	Bottle	
-3.181641:4.508789:-12.375	-3.845215:7.400391:-11.06543	-1.331543:7.967285:-16.27295	-8.626465:5.47998:-10.05908	-0.8337482:14.48199:-37.12043	Grasped	Bottle	
-3.181641:4.508789:-12.375	-3.845215:7.400391:-11.06543	-1.331543:7.967285:-16.27295	-8.626465:5.47998:-10.05908	-0.8433523:14.46682:-37.07684	Grasped	Bottle	
-3.177246:4.54834:-12.30908	-3.854004:7.431152:-11.00391	-1.384277:8.024414:-16.24219	-8.600098:5.444824:-9.905273	-0.8064657:14.5159:-37.22779	Grasped	Bottle	
-3.177246:4.54834:-12.30908	-3.854004:7.431152:-11.00391	-1.384277:8.024414:-16.24219	-8.600098:5.444824:-9.905273	-0.8061532:14.51651:-37.22963	Grasped	Bottle	
-3.177246:4.54834:-12.30908	-3.854004:7.431152:-11.00391	-1.384277:8.024414:-16.24219	-8.600098:5.444824:-9.905273	-0.8517594:14.45813:-37.05253	Grasped	Bottle	
-3.146484:4.579102:-12.25635	-3.80127:7.45752:-10.93799	-1.40625:8.05957:-16.21143	-8.516602:5.466797:-9.742676	-0.8430367:14.46896:-37.08582	Grasped	Bottle	
-3.146484:4.579102:-12.25635	-3.80127:7.45752:-10.93799	-1.40625:8.05957:-16.21143	-8.516602:5.466797:-9.742676	-0.8671411:14.43375:-36.98799	Grasped	Bottle	
-3.146484:4.579102:-12.25635	-3.80127:7.45752:-10.93799	-1.40625:8.05957:-16.21143	-8.516602:5.466797:-9.742676	-0.8594683:14.43693:-37.0025	Grasped	Bottle	
-3.146484:4.579102:-12.25635	-3.80127:7.45752:-10.93799	-1.40625:8.05957:-16.21143	-8.516602:5.466797:-9.742676	-0.8584511:14.43957:-37.01077	Grasped	Bottle	
-3.09375:4.601074:-12.19922	-3.717773:7.475098:-10.86768	-1.40625:8.081543:-16.18506	-8.38916:5.497559:-9.549316	-0.8893831:14.3963:-36.88421	Grasped	Bottle	
-3.09375:4.601074:-12.19922	-3.717773:7.475098:-10.86768	-1.40625:8.081543:-16.18506	-8.38916:5.497559:-9.549316	-0.8776253:14.41854:-36.94384	Grasped	Bottle	
-3.09375:4.601074:-12.19922	-3.717773:7.475098:-10.86768	-1.40625:8.081543:-16.18506	-8.38916:5.497559:-9.549316	-0.8473043:14.45628:-37.05744	Grasped	Bottle	
-3.09375:4.601074:-12.19922	-3.717773:7.475098:-10.86768	-1.40625:8.081543:-16.18506	-8.38916:5.497559:-9.549316	-0.8101233:14.51242:-37.2127	Grasped	Bottle	
-3.027832:4.609863:-12.14648	-3.625488:7.488281:-10.79736	-1.397461:8.112305:-16.14551	-8.270508:5.52832:-9.382324	-0.8056639:14.51983:-37.22523	Grasped	Bottle	
-3.027832:4.609863:-12.14648	-3.625488:7.488281:-10.79736	-1.397461:8.112305:-16.14551	-8.270508:5.52832:-9.382324	-0.8095497:14.50945:-37.19842	Grasped	Bottle	
-3.027832:4.609863:-12.14648	-3.625488:7.488281:-10.79736	-1.397461:8.112305:-16.14551	-8.270508:5.52832:-9.382324	-0.7936693:14.53115:-37.25775	Grasped	Bottle	
-2.966309:4.614258:-12.11572	-3.537598:7.483887:-10.74463	-1.388672:8.129883:-16.12793	-8.138672:5.501953:-9.219727	-0.7786422:14.55032:-37.31253	Grasped	Bottle	
-2.966309:4.614258:-12.11572	-3.537598:7.483887:-10.74463	-1.388672:8.129883:-16.12793	-8.138672:5.501953:-9.219727	-0.7648722:14.56832:-37.36895	Grasped	Bottle	
-2.966309:4.614258:-12.11572	-3.537598:7.483887:-10.74463	-1.388672:8.129883:-16.12793	-8.138672:5.501953:-9.219727	-0.7449636:14.59239:-37.44199	Grasped	Bottle	
-2.891602:4.601074:-12.08057	-3.458496:7.466309:-10.70508	-1.384277:8.129883:-16.11475	-8.01123:5.449219:-9.083496	-0.7483227:14.59043:-37.43641	Grasped	Bottle	
-2.891602:4.601074:-12.08057	-3.458496:7.466309:-10.70508	-1.384277:8.129883:-16.11475	-8.01123:5.449219:-9.083496	-0.738456:14.60487:-37.4793	Grasped	Bottle	
-2.891602:4.601074:-12.08057	-3.458496:7.466309:-10.70508	-1.384277:8.129883:-16.11475	-8.01123:5.449219:-9.083496	-0.7373345:14.6084:-37.48656	Grasped	Bottle	
-2.891602:4.601074:-12.08057	-3.458496:7.466309:-10.70508	-1.384277:8.129883:-16.11475	-8.01123:5.449219:-9.083496	-0.7184575:14.63087:-37.55318	Grasped	Bottle	
-2.830078:4.583496:-12.05859	-3.388184:7.439941:-10.67871	-1.362305:8.121094:-16.10156	-7.927734:5.400879:-9.013184	-0.7118241:14.64343:-37.58931	Grasped	Bottle	
-2.830078:4.583496:-12.05859	-3.388184:7.439941:-10.67871	-1.362305:8.121094:-16.10156	-7.927734:5.400879:-9.013184	-0.6952914:14.66418:-37.65757	Grasped	Bottle	
-2.830078:4.583496:-12.05859	-3.388184:7.439941:-10.67871	-1.362305:8.121094:-16.10156	-7.927734:5.400879:-9.013184	-0.6923003:14.66819:-37.66909	Grasped	Bottle	
-2.830078:4.583496:-12.05859	-3.388184:7.439941:-10.67871	-1.362305:8.121094:-16.10156	-7.927734:5.400879:-9.013184	-0.6898029:14.66855:-37.67073	Grasped	Bottle	
-2.76416:4.574707:-12.04102	-3.32666:7.426758:-10.65234	-1.335938:8.116699:-16.08398	-7.844238:5.370117:-8.95166	-0.6875916:14.67165:-37.67623	Grasped	Bottle	
-2.76416:4.574707:-12.04102	-3.32666:7.426758:-10.65234	-1.335938:8.116699:-16.08398	-7.844238:5.370117:-8.95166	-0.6863495:14.67382:-37.6828	Grasped	Bottle	
-2.76416:4.574707:-12.04102	-3.32666:7.426758:-10.65234	-1.335938:8.116699:-16.08398	-7.844238:5.370117:-8.95166	-0.6887158:14.6699:-37.66713	Grasped	Bottle	
-2.702637:4.583496:-12.01904	-3.269531:7.431152:-10.62158	-1.300781:8.129883:-16.0752	-7.773926:5.352539:-8.90332	-0.6872922:14.67058:-37.67079	Grasped	Bottle	
-2.702637:4.583496:-12.01904	-3.269531:7.431152:-10.62158	-1.300781:8.129883:-16.0752	-7.773926:5.352539:-8.90332	-0.6880797:14.66567:-37.65318	Grasped	Bottle	
