ThumbPosition	IndexPosition	PalmPosition	ObjectPosition	GazePosition	Annotations	GazeAnnotations	
-2.953125:3.282715:-26.85498	-1.87207:2.720215:-25.5498	1.107422:2.100586:-30.2915	1.07666:8.121094:-12.33984	-0.3723775:14.84451:-37.23626	Start	Default	
-2.953125:3.282715:-26.85498	-1.87207:2.720215:-25.5498	1.107422:2.100586:-30.2915	1.07666:8.121094:-12.33984	-0.3820915:14.8474:-37.29818	Start	Default	
-2.953125:3.282715:-26.85498	-1.87207:2.720215:-25.5498	1.107422:2.100586:-30.2915	1.07666:8.121094:-12.33984	-0.3853739:14.84904:-37.31044	Start	Default	
-2.953125:3.282715:-26.85498	-1.87207:2.720215:-25.5498	1.107422:2.100586:-30.2915	1.07666:8.121094:-12.33984	-0.3833404:14.85149:-37.35076	Start	Default	
-2.953125:3.282715:-26.86377	-1.876465:2.742188:-25.5498	1.107422:2.100586:-30.2915	1.072266:8.121094:-12.34424	-0.3805774:14.84952:-37.33144	Start	Default	
-2.953125:3.282715:-26.86377	-1.876465:2.742188:-25.5498	1.107422:2.100586:-30.2915	1.072266:8.121094:-12.34424	-0.398959:14.85544:-37.49721	Start	Default	
-2.953125:3.282715:-26.86377	-1.876465:2.742188:-25.5498	1.107422:2.100586:-30.2915	1.072266:8.121094:-12.34424	-0.3032228:14.68085:-37.0482	Start	Default	
-2.953125:3.282715:-26.86377	-1.876465:2.742188:-25.5498	1.107422:2.100586:-30.2915	1.072266:8.121094:-12.34424	-0.328867:14.66046:-37.32573	Start	Default	
-2.939941:3.300293:-26.87256	-1.894043:2.750977:-25.57178	1.107422:2.096191:-30.28711	1.072266:8.121094:-12.34424	-0.334309:14.65048:-37.27089	Start	Default	
-2.939941:3.300293:-26.87256	-1.894043:2.750977:-25.57178	1.107422:2.096191:-30.28711	1.072266:8.121094:-12.34424	-0.3233099:14.61197:-37.09294	Start	Default	
-2.939941:3.300293:-26.87256	-1.894043:2.750977:-25.57178	1.107422:2.096191:-30.28711	1.072266:8.121094:-12.34424	-0.3380975:14.53409:-36.68591	Start	Default	
-2.944336:3.489258:-26.85498	-1.683105:2.663086:-25.30811	1.375488:2.39502:-30.01025	1.07666:8.121094:-12.33984	-0.3854232:14.57943:-36.93711	Start	Default	
-2.944336:3.489258:-26.85498	-1.683105:2.663086:-25.30811	1.375488:2.39502:-30.01025	1.07666:8.121094:-12.33984	-0.394014:14.59138:-36.98231	Start	Default	
-2.944336:3.489258:-26.85498	-1.683105:2.663086:-25.30811	1.375488:2.39502:-30.01025	1.07666:8.121094:-12.33984	-0.3436685:14.5938:-36.95949	Start	Default	
-2.135742:4.240723:-25.96289	-0.4702148:3.208008:-23.81396	1.916016:3.344238:-28.8501	1.07666:8.121094:-12.33984	-0.3257779:14.62134:-37.03357	Start	Default	
-2.135742:4.240723:-25.96289	-0.4702148:3.208008:-23.81396	1.916016:3.344238:-28.8501	1.07666:8.121094:-12.33984	-0.3746909:14.5698:-37.28144	Start	Bottle	
-2.135742:4.240723:-25.96289	-0.4702148:3.208008:-23.81396	1.916016:3.344238:-28.8501	1.07666:8.121094:-12.33984	-0.3344632:14.47262:-36.90967	Start	Bottle	
-1.111816:4.63623:-23.64258	1.595215:4.579102:-21.50684	2.610352:4.579102:-26.87695	1.07666:8.121094:-12.33984	-0.3304797:14.46914:-36.93386	ReachForBottle	Bottle	
-1.111816:4.63623:-23.64258	1.595215:4.579102:-21.50684	2.610352:4.579102:-26.87695	1.07666:8.121094:-12.33984	-0.3450302:14.4925:-36.99444	ReachForBottle	Bottle	
-1.111816:4.63623:-23.64258	1.595215:4.579102:-21.50684	2.610352:4.579102:-26.87695	1.07666:8.121094:-12.33984	-0.3642035:14.4978:-37.00805	ReachForBottle	Bottle	
-1.111816:4.63623:-23.64258	1.595215:4.579102:-21.50684	2.610352:4.579102:-26.87695	1.07666:8.121094:-12.33984	-0.3804314:14.55181:-37.17548	ReachForBottle	Bottle	
-0.4130859:5.0625:-20.86084	3.396973:5.888672:-18.86572	3.313477:4.847168:-24.50391	1.07666:8.121094:-12.33984	-0.3716663:14.52645:-37.20759	ReachForBottle	Bottle	
-0.4130859:5.0625:-20.86084	3.396973:5.888672:-18.86572	3.313477:4.847168:-24.50391	1.07666:8.121094:-12.33984	-0.3669177:14.52281:-37.20296	ReachForBottle	Bottle	
-0.4130859:5.0625:-20.86084	3.396973:5.888672:-18.86572	3.313477:4.847168:-24.50391	1.07666:8.121094:-12.33984	-0.3911379:14.62066:-37.48055	ReachForBottle	Bottle	
-0.4130859:5.0625:-20.86084	3.396973:5.888672:-18.86572	3.313477:4.847168:-24.50391	1.07666:8.121094:-12.33984	-0.3820874:14.51891:-37.17952	ReachForBottle	Bottle	
0.03955078:5.326172:-18.20215	4.209961:6.411621:-16.33008	3.629883:4.807617:-21.99023	1.07666:8.121094:-12.34424	-0.3802298:14.5056:-37.08156	ReachForBottle	Bottle	
0.03955078:5.326172:-18.20215	4.209961:6.411621:-16.33008	3.629883:4.807617:-21.99023	1.07666:8.121094:-12.34424	-0.3853557:14.57329:-37.32224	ReachForBottle	Bottle	
0.03955078:5.326172:-18.20215	4.209961:6.411621:-16.33008	3.629883:4.807617:-21.99023	1.07666:8.121094:-12.34424	-0.3833534:14.55706:-37.23813	ReachForBottle	Bottle	
-0.03076172:5.405273:-16.4751	4.319824:6.42041:-14.48877	3.60791:4.666992:-20.15332	1.07666:8.121094:-12.34424	-0.3744674:14.56255:-37.23314	ReachForBottle	Bottle	
-0.03076172:5.405273:-16.4751	4.319824:6.42041:-14.48877	3.60791:4.666992:-20.15332	1.07666:8.121094:-12.34424	-0.39489:14.63367:-37.44239	ReachForBottle	Bottle	
-0.03076172:5.405273:-16.4751	4.319824:6.42041:-14.48877	3.60791:4.666992:-20.15332	1.07666:8.121094:-12.34424	-0.3894672:14.61788:-37.41952	ReachForBottle	Bottle	
-0.03076172:5.405273:-16.4751	4.319824:6.42041:-14.48877	3.60791:4.666992:-20.15332	1.07666:8.121094:-12.34424	-0.3978975:14.6021:-37.37124	ReachForBottle	Bottle	
-0.2285156:5.400879:-15.28418	4.161621:6.222656:-13.23633	3.410156:4.40332:-18.89648	1.07666:8.121094:-12.34424	-0.3950269:14.57843:-37.30568	ReachForBottle	Bottle	
-0.2285156:5.400879:-15.28418	4.161621:6.222656:-13.23633	3.410156:4.40332:-18.89648	1.07666:8.121094:-12.34424	-0.3929708:14.54806:-37.16273	ReachForBottle	Bottle	
-0.2285156:5.400879:-15.28418	4.161621:6.222656:-13.23633	3.410156:4.40332:-18.89648	1.07666:8.121094:-12.34424	-0.3936026:14.55712:-37.21411	ReachForBottle	Bottle	
-0.4526367:5.242676:-14.625	3.836426:6.082031:-12.59033	3.102539:4.113281:-18.20215	1.07666:8.121094:-12.34424	-0.4033333:14.62813:-37.43759	ReachForBottle	Bottle	
-0.4526367:5.242676:-14.625	3.836426:6.082031:-12.59033	3.102539:4.113281:-18.20215	1.07666:8.121094:-12.34424	-0.4054091:14.60821:-37.36979	ReachForBottle	Bottle	
-0.4526367:5.242676:-14.625	3.836426:6.082031:-12.59033	3.102539:4.113281:-18.20215	1.07666:8.121094:-12.34424	-0.4146748:14.65914:-37.53427	ReachForBottle	Bottle	
-0,7207031,4,78125,-14,08008,	3,379395,5,849121,-12,15967,	2,76416,3,849609,-17,78906,	1,07666,8,121094,-12,34424,	-0,4020053,14,55005,-37,19701,	Start	Bottle	
-0,7207031,4,78125,-14,08008,	3,379395,5,849121,-12,15967,	2,76416,3,849609,-17,78906,	1,07666,8,121094,-12,34424,	-0,4123369,14,68364,-37,58806,	ReachForBottle	Bottle	
-0,7207031,4,78125,-14,08008,	3,379395,5,849121,-12,15967,	2,76416,3,849609,-17,78906,	1,07666,8,121094,-12,34424,	-0,4071528,14,60328,-37,33032,	ReachForBottle	Bottle	
-0,7207031,4,78125,-14,08008,	3,379395,5,849121,-12,15967,	2,76416,3,849609,-17,78906,	1,07666,8,121094,-12,34424,	-0,4012855,14,5712,-37,17839,	ReachForBottle	Bottle	
-0.9711914:4.201172:-13.67139	2.856445:5.48877:-11.80811	2.425781:3.612305:-17.50781	1.07666:8.121094:-12.34424	-0.4260756:14.65495:-37.47102	Grasped	Bottle	
-0.9711914:4.201172:-13.67139	2.856445:5.48877:-11.80811	2.425781:3.612305:-17.50781	1.07666:8.121094:-12.34424	-0.4310025:14.63758:-37.4076	Grasped	Bottle	
-0.9711914:4.201172:-13.67139	2.856445:5.48877:-11.80811	2.425781:3.612305:-17.50781	1.07666:8.121094:-12.34424	-0.4336227:14.5647:-37.21027	Grasped	Bottle	
-0.9711914:4.201172:-13.67139	2.856445:5.48877:-11.80811	2.425781:3.612305:-17.50781	1.07666:8.121094:-12.34424	-0.445687:14.62768:-37.40731	Grasped	Bottle	
-0.984375:3.783691:-13.31543	2.421387:5.238281:-11.60596	2.197266:3.458496:-17.30127	0.9536133:8.116699:-12.34424	-0.4323251:14.60492:-37.3843	Grasped	Bottle	
-0.984375:3.783691:-13.31543	2.421387:5.238281:-11.60596	2.197266:3.458496:-17.30127	0.9536133:8.116699:-12.34424	-0.3840078:14.55425:-37.23968	Grasped	Bottle	
-0.984375:3.783691:-13.31543	2.421387:5.238281:-11.60596	2.197266:3.458496:-17.30127	0.9536133:8.116699:-12.34424	-0.4203616:14.51343:-37.28363	Grasped	Bottle	
-0.9052734:3.713379:-13.10449	2.126953:5.018555:-11.61914	2.140137:3.440918:-17.1958	0.984375:8.112305:-12.2959	-1.411133:12.29243:-32.16892	Grasped	Default	
-0.9052734:3.713379:-13.10449	2.126953:5.018555:-11.61914	2.140137:3.440918:-17.1958	0.984375:8.112305:-12.2959	-0.5725538:14.61099:-37.71815	Grasped	CupLeft	
-0.9052734:3.713379:-13.10449	2.126953:5.018555:-11.61914	2.140137:3.440918:-17.1958	0.984375:8.112305:-12.2959	-0.6279091:14.5965:-37.63548	Grasped	CupLeft	
-0.8701172:3.766113:-13.11328	1.933594:4.961426:-11.74219	2.148926:3.541992:-17.17383	1.001953:8.121094:-12.31348	-0.7822009:14.17626:-36.75535	Grasped	CupLeft	
-0.8701172:3.766113:-13.11328	1.933594:4.961426:-11.74219	2.148926:3.541992:-17.17383	1.001953:8.121094:-12.31348	-0.5967128:14.5821:-37.63511	Grasped	CupLeft	
-0.8701172:3.766113:-13.11328	1.933594:4.961426:-11.74219	2.148926:3.541992:-17.17383	1.001953:8.121094:-12.31348	-0.5716:14.64794:-37.78064	Grasped	CupLeft	
-0.9492188:3.845215:-13.31104	1.722656:5.066895:-11.98389	2.10498:3.779297:-17.31445	0.8261719:8.235352:-12.6167	-0.5433173:14.71828:-37.93396	Grasped	CupLeft	
-0.9492188:3.845215:-13.31104	1.722656:5.066895:-11.98389	2.10498:3.779297:-17.31445	0.8261719:8.235352:-12.6167	-0.5458882:14.70708:-37.91496	Grasped	CupLeft	
-0.9492188:3.845215:-13.31104	1.722656:5.066895:-11.98389	2.10498:3.779297:-17.31445	0.8261719:8.235352:-12.6167	-0.5412793:14.71548:-37.93609	Grasped	CupLeft	
-1.256836:4.038574:-13.69336	1.318359:5.277832:-12.24316	1.990723:4.038574:-17.54297	0.421875:8.446289:-12.87598	-0.5537148:14.68549:-37.86822	Grasped	CupLeft	
-1.256836:4.038574:-13.69336	1.318359:5.277832:-12.24316	1.990723:4.038574:-17.54297	0.421875:8.446289:-12.87598	-0.5954782:14.59494:-37.6712	Grasped	CupLeft	
-1.256836:4.038574:-13.69336	1.318359:5.277832:-12.24316	1.990723:4.038574:-17.54297	0.421875:8.446289:-12.87598	-0.5457419:14.70267:-37.91449	Grasped	CupLeft	
-1.744629:4.368164:-14.12842	0.7514648:5.532715:-12.50684	1.749023:4.324219:-17.7583	-0.01757813:8.727539:-13.13525	-0.5753096:14.66094:-37.79482	Grasped	CupLeft	
-1.744629:4.368164:-14.12842	0.7514648:5.532715:-12.50684	1.749023:4.324219:-17.7583	-0.01757813:8.727539:-13.13525	-1.105343:13.58689:-35.32109	Grasped	CupLeft	
-1.744629:4.368164:-14.12842	0.7514648:5.532715:-12.50684	1.749023:4.324219:-17.7583	-0.01757813:8.727539:-13.13525	-1.178599:13.45423:-35.08076	Grasped	CupLeft	
-1.744629:4.368164:-14.12842	0.7514648:5.532715:-12.50684	1.749023:4.324219:-17.7583	-0.01757813:8.727539:-13.13525	-0.6614951:14.47331:-37.38433	Grasped	CupLeft	
-2.403809:4.697754:-14.53271	-0.02636719:5.844727:-12.70459	1.366699:4.640625:-17.89893	-0.7075195:9.039551:-13.39893	-0.6758791:14.44986:-37.33675	Grasped	CupLeft	
-2.403809:4.697754:-14.53271	-0.02636719:5.844727:-12.70459	1.366699:4.640625:-17.89893	-0.7075195:9.039551:-13.39893	-0.922189:13.95405:-36.21707	Grasped	CupLeft	
-2.403809:4.697754:-14.53271	-0.02636719:5.844727:-12.70459	1.366699:4.640625:-17.89893	-0.7075195:9.039551:-13.39893	-1.177702:13.48977:-34.73476	Grasped	CupLeft	
-2.403809:4.697754:-14.53271	-0.02636719:5.844727:-12.70459	1.366699:4.640625:-17.89893	-0.7075195:9.039551:-13.39893	-0.7149328:14.43128:-37.10003	Grasped	CupLeft	
-3.172852:4.992188:-14.82715	-0.9360352:6.125977:-12.79688	0.8481445:4.979004:-17.93408	-1.608398:9.316406:-13.54834	-0.7567552:14.3654:-36.91062	Grasped	CupLeft	
-3.172852:4.992188:-14.82715	-0.9360352:6.125977:-12.79688	0.8481445:4.979004:-17.93408	-1.608398:9.316406:-13.54834	-0.8831478:14.12218:-36.26749	Grasped	CupLeft	
-3.172852:4.992188:-14.82715	-0.9360352:6.125977:-12.79688	0.8481445:4.979004:-17.93408	-1.608398:9.316406:-13.54834	-0.964417:13.98665:-35.86707	Grasped	CupLeft	
-3.959473:5.132813:-14.9502	-1.87207:6.336914:-12.79248	0.1889648:5.29541:-17.85498	-2.654297:9.509766:-13.55713	-0.9611613:14.00625:-35.89514	Grasped	CupLeft	
-3.959473:5.132813:-14.9502	-1.87207:6.336914:-12.79248	0.1889648:5.29541:-17.85498	-2.654297:9.509766:-13.55713	-0.924737:14.10668:-36.12116	Grasped	Default	
-3.959473:5.132813:-14.9502	-1.87207:6.336914:-12.79248	0.1889648:5.29541:-17.85498	-2.654297:9.509766:-13.55713	-0.8889443:14.16101:-36.27711	Grasped	Default	
-3.959473:5.132813:-14.9502	-1.87207:6.336914:-12.79248	0.1889648:5.29541:-17.85498	-2.654297:9.509766:-13.55713	-1.080111:13.85856:-35.37294	Grasped	Default	
-4.63623:5.093262:-14.88867	-2.724609:6.451172:-12.66504	-0.4438477:5.532715:-17.68799	-3.621094:9.540527:-13.41211	-1.101118:13.82034:-35.26918	Grasped	Default	
-4.63623:5.093262:-14.88867	-2.724609:6.451172:-12.66504	-0.4438477:5.532715:-17.68799	-3.621094:9.540527:-13.41211	-1.110384:13.82541:-35.26636	Grasped	Default	
-4.63623:5.093262:-14.88867	-2.724609:6.451172:-12.66504	-0.4438477:5.532715:-17.68799	-3.621094:9.540527:-13.41211	-0.9713049:14.06406:-35.97059	Grasped	Default	
-5.15918:4.895508:-14.66455	-3.32666:6.446777:-12.4585	-0.984375:5.704102:-17.47266	-4.478027:9.421875:-13.16162	-0.6148169:14.63824:-37.59619	Grasped	Default	
-5.15918:4.895508:-14.66455	-3.32666:6.446777:-12.4585	-0.984375:5.704102:-17.47266	-4.478027:9.421875:-13.16162	-0.8278071:14.30119:-36.64115	Grasped	Bottle	
-5.15918:4.895508:-14.66455	-3.32666:6.446777:-12.4585	-0.984375:5.704102:-17.47266	-4.478027:9.421875:-13.16162	-0.8714466:14.21066:-36.36837	Grasped	Bottle	
-5.462402:4.623047:-14.36133	-3.726563:6.37207:-12.20801	-1.379883:5.840332:-17.25293	-5.167969:9.188965:-12.84082	-0.7894407:14.3629:-36.7671	Grasped	Bottle	
-5.462402:4.623047:-14.36133	-3.726563:6.37207:-12.20801	-1.379883:5.840332:-17.25293	-5.167969:9.188965:-12.84082	-0.7280407:14.45247:-37.08217	Grasped	Bottle	
-5.462402:4.623047:-14.36133	-3.726563:6.37207:-12.20801	-1.379883:5.840332:-17.25293	-5.167969:9.188965:-12.84082	-0.8789176:14.25984:-36.47086	Grasped	Bottle	
-5.462402:4.623047:-14.36133	-3.726563:6.37207:-12.20801	-1.379883:5.840332:-17.25293	-5.167969:9.188965:-12.84082	-0.8584448:14.27538:-36.50562	Grasped	Bottle	
-5.550293:4.35498:-14.04492	-3.9375:6.244629:-11.93994	-1.63916:5.945801:-17.04199	-5.668945:8.868164:-12.43652	-0.8323394:14.33232:-36.66726	Grasped	Bottle	
-5.550293:4.35498:-14.04492	-3.9375:6.244629:-11.93994	-1.63916:5.945801:-17.04199	-5.668945:8.868164:-12.43652	-0.7742722:14.40303:-36.92762	Grasped	Bottle	
-5.550293:4.35498:-14.04492	-3.9375:6.244629:-11.93994	-1.63916:5.945801:-17.04199	-5.668945:8.868164:-12.43652	-0.7432045:14.45568:-37.07164	Grasped	Bottle	
-5.550293:4.35498:-14.04492	-3.9375:6.244629:-11.93994	-1.63916:5.945801:-17.04199	-5.668945:8.868164:-12.43652	-0.80525:14.34781:-36.77887	Grasped	Bottle	
-5.497559:4.056152:-13.77246	-4.038574:6.152344:-11.71582	-1.779785:6.05127:-16.87939	-6.011719:8.525391:-12.10693	-0.8542856:14.30052:-36.62204	Grasped	Bottle	
-5.497559:4.056152:-13.77246	-4.038574:6.152344:-11.71582	-1.779785:6.05127:-16.87939	-6.011719:8.525391:-12.10693	-0.7882284:14.39874:-36.92916	Grasped	Bottle	
-5.497559:4.056152:-13.77246	-4.038574:6.152344:-11.71582	-1.779785:6.05127:-16.87939	-6.011719:8.525391:-12.10693	-0.841958:14.30811:-36.70619	Grasped	Bottle	
-5.378906:3.79248:-13.5835	-4.108887:6.04248:-11.54443	-1.889648:6.1875:-16.76074	-6.301758:8.143066:-11.85645	-0.9084963:14.20092:-36.40078	Grasped	Bottle	
-5.378906:3.79248:-13.5835	-4.108887:6.04248:-11.54443	-1.889648:6.1875:-16.76074	-6.301758:8.143066:-11.85645	-0.9796731:14.07681:-36.07227	Grasped	Bottle	
-5.378906:3.79248:-13.5835	-4.108887:6.04248:-11.54443	-1.889648:6.1875:-16.76074	-6.301758:8.143066:-11.85645	-0.8914803:14.22196:-36.45531	Grasped	Bottle	
-5.260254:3.621094:-13.47803	-4.12207:5.958984:-11.42578	-1.951172:6.319336:-16.69482	-6.451172:7.857422:-11.64111	-1.157496:13.78832:-35.29282	Grasped	Bottle	
-5.260254:3.621094:-13.47803	-4.12207:5.958984:-11.42578	-1.951172:6.319336:-16.69482	-6.451172:7.857422:-11.64111	-0.9153129:14.19926:-36.43961	Grasped	Bottle	
-5.260254:3.621094:-13.47803	-4.12207:5.958984:-11.42578	-1.951172:6.319336:-16.69482	-6.451172:7.857422:-11.64111	-1.396744:13.40676:-34.25593	Grasped	Bottle	
-5.260254:3.621094:-13.47803	-4.12207:5.958984:-11.42578	-1.951172:6.319336:-16.69482	-6.451172:7.857422:-11.64111	-1.081634:13.9544:-35.71181	Grasped	Bottle	
-5.15918:3.541992:-13.39014	-4.091309:5.923828:-11.3291	-1.986328:6.455566:-16.65088	-6.508301:7.659668:-11.44775	-1.151108:13.84338:-35.35806	Grasped	Bottle	
-5.15918:3.541992:-13.39014	-4.091309:5.923828:-11.3291	-1.986328:6.455566:-16.65088	-6.508301:7.659668:-11.44775	-1.267598:13.6847:-34.94577	Grasped	Bottle	
-5.15918:3.541992:-13.39014	-4.091309:5.923828:-11.3291	-1.986328:6.455566:-16.65088	-6.508301:7.659668:-11.44775	-0.9230099:14.20731:-36.40927	Grasped	Bottle	
-5.018555:3.462891:-13.31982	-4.064941:5.888672:-11.25	-2.025879:6.60498:-16.61133	-6.569824:7.439941:-11.28076	-0.9012988:14.26385:-36.56016	Grasped	Bottle	
-5.018555:3.462891:-13.31982	-4.064941:5.888672:-11.25	-2.025879:6.60498:-16.61133	-6.569824:7.439941:-11.28076	-0.943719:14.20738:-36.39906	Grasped	Bottle	
-5.018555:3.462891:-13.31982	-4.064941:5.888672:-11.25	-2.025879:6.60498:-16.61133	-6.569824:7.439941:-11.28076	-0.8127612:14.40193:-36.9276	Grasped	Bottle	
-5.018555:3.462891:-13.31982	-4.064941:5.888672:-11.25	-2.025879:6.60498:-16.61133	-6.569824:7.439941:-11.28076	-0.8273373:14.36334:-36.83091	Grasped	Bottle	
-4.873535:3.418945:-13.24072	-4.03418:5.897461:-11.15771	-2.06543:6.763184:-16.56299	-6.618164:7.246582:-11.12256	-0.794548:14.42243:-37.00049	Grasped	Bottle	
-4.873535:3.418945:-13.24072	-4.03418:5.897461:-11.15771	-2.06543:6.763184:-16.56299	-6.618164:7.246582:-11.12256	-0.8167989:14.39203:-36.91142	Grasped	Bottle	
-4.873535:3.418945:-13.24072	-4.03418:5.897461:-11.15771	-2.06543:6.763184:-16.56299	-6.618164:7.246582:-11.12256	-0.7931396:14.41155:-36.97768	Grasped	Bottle	
-4.737305:3.418945:-13.14844	-3.990234:5.928223:-11.05225	-2.100586:6.943359:-16.49707	-6.626953:7.105957:-10.94238	-0.761047:14.46545:-37.12617	Grasped	Bottle	
-4.737305:3.418945:-13.14844	-3.990234:5.928223:-11.05225	-2.100586:6.943359:-16.49707	-6.626953:7.105957:-10.94238	-0.8293229:14.33393:-36.81458	Grasped	Bottle	
-4.737305:3.418945:-13.14844	-3.990234:5.928223:-11.05225	-2.100586:6.943359:-16.49707	-6.626953:7.105957:-10.94238	-1.067215:14.09476:-35.93968	Grasped	Bottle	
-4.579102:3.454102:-13.0166	-3.9375:5.976563:-10.93359	-2.140137:7.12793:-16.41797	-6.618164:6.996094:-10.75781	-0.98215:14.19861:-36.2768	Grasped	Bottle	
-4.579102:3.454102:-13.0166	-3.9375:5.976563:-10.93359	-2.140137:7.12793:-16.41797	-6.618164:6.996094:-10.75781	-0.8807793:14.34533:-36.70137	Grasped	Bottle	
-4.579102:3.454102:-13.0166	-3.9375:5.976563:-10.93359	-2.140137:7.12793:-16.41797	-6.618164:6.996094:-10.75781	-0.9118571:14.30333:-36.57509	Grasped	Bottle	
-4.412109:3.506836:-12.88037	-3.893555:6.05127:-10.80176	-2.197266:7.321289:-16.32129	-6.618164:6.881836:-10.56445	-0.9489727:14.23044:-36.3718	Grasped	Bottle	
-4.412109:3.506836:-12.88037	-3.893555:6.05127:-10.80176	-2.197266:7.321289:-16.32129	-6.618164:6.881836:-10.56445	-0.8782362:14.34063:-36.68956	Grasped	Bottle	
-4.412109:3.506836:-12.88037	-3.893555:6.05127:-10.80176	-2.197266:7.321289:-16.32129	-6.618164:6.881836:-10.56445	-0.8719451:14.35125:-36.72166	Grasped	Bottle	
-4.412109:3.506836:-12.88037	-3.893555:6.05127:-10.80176	-2.197266:7.321289:-16.32129	-6.618164:6.881836:-10.56445	-0.856266:14.38467:-36.8168	Grasped	Bottle	
-4.412109:3.506836:-12.88037	-3.893555:6.05127:-10.80176	-2.197266:7.321289:-16.32129	-6.618164:6.881836:-10.56445	-0.8416969:14.40394:-36.87405	Grasped	Bottle	
-4.236328:3.563965:-12.72656	-3.862793:6.13916:-10.65234	-2.258789:7.49707:-16.21582	-6.61377:6.745605:-10.34912	-0.8439137:14.39205:-36.84477	Grasped	Bottle	
-4.236328:3.563965:-12.72656	-3.862793:6.13916:-10.65234	-2.258789:7.49707:-16.21582	-6.61377:6.745605:-10.34912	-0.854696:14.3758:-36.79882	Grasped	Bottle	
-4.236328:3.563965:-12.72656	-3.862793:6.13916:-10.65234	-2.258789:7.49707:-16.21582	-6.61377:6.745605:-10.34912	-0.8455663:14.38532:-36.82551	Grasped	Bottle	
-4.236328:3.563965:-12.72656	-3.862793:6.13916:-10.65234	-2.258789:7.49707:-16.21582	-6.61377:6.745605:-10.34912	-0.833759:14.40663:-36.88467	Grasped	Bottle	
-4.091309:3.660645:-12.56836	-3.845215:6.262207:-10.5249	-2.311523:7.664063:-16.11475	-6.60498:6.710449:-10.18213	-0.8355038:14.40251:-36.87664	Grasped	Bottle	
-4.091309:3.660645:-12.56836	-3.845215:6.262207:-10.5249	-2.311523:7.664063:-16.11475	-6.60498:6.710449:-10.18213	-0.8657019:14.35096:-36.73063	Grasped	Bottle	
-4.091309:3.660645:-12.56836	-3.845215:6.262207:-10.5249	-2.311523:7.664063:-16.11475	-6.60498:6.710449:-10.18213	-0.8607341:14.36972:-36.78086	Grasped	Bottle	
-3.990234:3.779297:-12.39258	-3.897949:6.446777:-10.40186	-2.39502:7.817871:-16.01807	-6.675293:6.719238:-10.08984	-0.8610437:14.3696:-36.781	Grasped	Bottle	
-3.990234:3.779297:-12.39258	-3.897949:6.446777:-10.40186	-2.39502:7.817871:-16.01807	-6.675293:6.719238:-10.08984	-0.8630236:14.37012:-36.7812	Grasped	Bottle	
-3.990234:3.779297:-12.39258	-3.897949:6.446777:-10.40186	-2.39502:7.817871:-16.01807	-6.675293:6.719238:-10.08984	-0.8684564:14.37155:-36.78192	Grasped	Bottle	
-3.990234:3.779297:-12.39258	-3.897949:6.446777:-10.40186	-2.39502:7.817871:-16.01807	-6.675293:6.719238:-10.08984	-0.8361104:14.4181:-36.92118	Grasped	Bottle	
-3.897949:3.854004:-12.24756	-3.990234:6.574219:-10.32275	-2.487305:7.910156:-15.94775	-6.771973:6.65332:-10.0415	-0.8706367:14.34556:-36.71883	Grasped	Bottle	
-3.897949:3.854004:-12.24756	-3.990234:6.574219:-10.32275	-2.487305:7.910156:-15.94775	-6.771973:6.65332:-10.0415	-0.8763403:14.3547:-36.74223	Grasped	Bottle	
-3.897949:3.854004:-12.24756	-3.990234:6.574219:-10.32275	-2.487305:7.910156:-15.94775	-6.771973:6.65332:-10.0415	-0.832859:14.40693:-36.89831	Grasped	Bottle	
-3.79248:3.911133:-12.12891	-4.095703:6.662109:-10.26123	-2.575195:7.967285:-15.89502	-6.851074:6.525879:-9.97998	-0.8569576:14.37221:-36.79655	Grasped	Bottle	
-3.79248:3.911133:-12.12891	-4.095703:6.662109:-10.26123	-2.575195:7.967285:-15.89502	-6.851074:6.525879:-9.97998	-0.8369104:14.4107:-36.90593	Grasped	Bottle	
-3.79248:3.911133:-12.12891	-4.095703:6.662109:-10.26123	-2.575195:7.967285:-15.89502	-6.851074:6.525879:-9.97998	-0.8127933:14.44589:-37.00978	Grasped	Bottle	
-3.79248:3.911133:-12.12891	-4.095703:6.662109:-10.26123	-2.575195:7.967285:-15.89502	-6.851074:6.525879:-9.97998	-0.8281307:14.42785:-36.95572	Grasped	Bottle	
-3.726563:3.968262:-12.02344	-4.214355:6.745605:-10.21729	-2.654297:8.002441:-15.85547	-6.943359:6.424805:-9.949219	-0.8326956:14.41829:-36.92782	Grasped	Bottle	
-3.726563:3.968262:-12.02344	-4.214355:6.745605:-10.21729	-2.654297:8.002441:-15.85547	-6.943359:6.424805:-9.949219	-0.8151826:14.44625:-37.00892	Grasped	Bottle	
-3.726563:3.968262:-12.02344	-4.214355:6.745605:-10.21729	-2.654297:8.002441:-15.85547	-6.943359:6.424805:-9.949219	-0.8320982:14.41567:-36.92416	Grasped	Bottle	
-3.708984:4.03418:-11.94434	-4.333008:6.829102:-10.19971	-2.737793:8.037598:-15.8291	-7.040039:6.376465:-9.944824	-0.8111298:14.45013:-37.02093	Grasped	Bottle	
-3.708984:4.03418:-11.94434	-4.333008:6.829102:-10.19971	-2.737793:8.037598:-15.8291	-7.040039:6.376465:-9.944824	-0.7851551:14.48488:-37.12312	Grasped	Bottle	
-3.708984:4.03418:-11.94434	-4.333008:6.829102:-10.19971	-2.737793:8.037598:-15.8291	-7.040039:6.376465:-9.944824	-0.7834561:14.48748:-37.13393	Grasped	Bottle	
-3.708984:4.03418:-11.94434	-4.333008:6.829102:-10.19971	-2.737793:8.037598:-15.8291	-7.040039:6.376465:-9.944824	-0.7870742:14.48307:-37.1223	Grasped	Bottle	
-3.70459:4.095703:-11.88281	-4.460449:6.903809:-10.19531	-2.821289:8.072754:-15.81592	-7.141113:6.32373:-9.949219	-0.7949095:14.47033:-37.08454	Grasped	Bottle	
-3.70459:4.095703:-11.88281	-4.460449:6.903809:-10.19531	-2.821289:8.072754:-15.81592	-7.141113:6.32373:-9.949219	-0.79298:14.4757:-37.09715	Grasped	Bottle	
-3.70459:4.095703:-11.88281	-4.460449:6.903809:-10.19531	-2.821289:8.072754:-15.81592	-7.141113:6.32373:-9.949219	-0.8005908:14.46242:-37.06067	Grasped	Bottle	
-3.70459:4.095703:-11.88281	-4.460449:6.903809:-10.19531	-2.821289:8.072754:-15.81592	-7.141113:6.32373:-9.949219	-0.8004032:14.465:-37.06846	Grasped	Bottle	
-3.682617:4.152832:-11.81689	-4.605469:6.969727:-10.19531	-2.900391:8.099121:-15.79834	-7.233398:6.23584:-9.958008	-0.8089874:14.44768:-37.02044	Grasped	Bottle	
-3.682617:4.152832:-11.81689	-4.605469:6.969727:-10.19531	-2.900391:8.099121:-15.79834	-7.233398:6.23584:-9.958008	-0.8116977:14.44812:-37.02236	Grasped	Bottle	
-3.682617:4.152832:-11.81689	-4.605469:6.969727:-10.19531	-2.900391:8.099121:-15.79834	-7.233398:6.23584:-9.958008	-0.8110231:14.44705:-37.02058	Grasped	Bottle	
-3.673828:4.236328:-11.74658	-4.73291:7.053223:-10.19971	-2.961914:8.121094:-15.78076	-7.3125:6.200684:-9.962402	-0.799572:14.46321:-37.0678	Grasped	Bottle	
-3.673828:4.236328:-11.74658	-4.73291:7.053223:-10.19971	-2.961914:8.121094:-15.78076	-7.3125:6.200684:-9.962402	-0.7999793:14.46084:-37.06067	Grasped	Bottle	
-3.673828:4.236328:-11.74658	-4.73291:7.053223:-10.19971	-2.961914:8.121094:-15.78076	-7.3125:6.200684:-9.962402	-0.8094804:14.44648:-37.01797	Grasped	Bottle	
-3.713379:4.306641:-11.68945	-4.82959:7.154297:-10.19971	-3.014648:8.143066:-15.76318	-7.395996:6.249023:-9.962402	-0.7964479:14.47128:-37.08062	Grasped	Bottle	
-3.713379:4.306641:-11.68945	-4.82959:7.154297:-10.19971	-3.014648:8.143066:-15.76318	-7.395996:6.249023:-9.962402	-0.7954226:14.47145:-37.08277	Grasped	Bottle	
-3.713379:4.306641:-11.68945	-4.82959:7.154297:-10.19971	-3.014648:8.143066:-15.76318	-7.395996:6.249023:-9.962402	-0.7798444:14.495:-37.15401	Grasped	Bottle	
-3.713379:4.306641:-11.68945	-4.82959:7.154297:-10.19971	-3.014648:8.143066:-15.76318	-7.395996:6.249023:-9.962402	-0.7961467:14.47846:-37.10252	Grasped	Bottle	
-3.761719:4.381348:-11.64111	-4.921875:7.233398:-10.19971	-3.062988:8.165039:-15.74121	-7.475098:6.301758:-9.966797	-0.7987421:14.47742:-37.09701	Grasped	Bottle	
-3.761719:4.381348:-11.64111	-4.921875:7.233398:-10.19971	-3.062988:8.165039:-15.74121	-7.475098:6.301758:-9.966797	-0.7968892:14.4719:-37.08895	Grasped	Bottle	
-3.761719:4.381348:-11.64111	-4.921875:7.233398:-10.19971	-3.062988:8.165039:-15.74121	-7.475098:6.301758:-9.966797	-0.7736771:14.50915:-37.19277	Grasped	Bottle	
-3.761719:4.381348:-11.64111	-4.921875:7.233398:-10.19971	-3.062988:8.165039:-15.74121	-7.475098:6.301758:-9.966797	-0.7669352:14.51978:-37.22374	Grasped	Bottle	
-3.770508:4.416504:-11.60596	-5.005371:7.255371:-10.2041	-3.111328:8.178223:-15.73242	-7.523438:6.262207:-9.971191	-0.7810176:14.50445:-37.17278	Grasped	Bottle	
-3.770508:4.416504:-11.60596	-5.005371:7.255371:-10.2041	-3.111328:8.178223:-15.73242	-7.523438:6.262207:-9.971191	-0.7690121:14.52065:-37.21865	Grasped	Bottle	
-3.770508:4.416504:-11.60596	-5.005371:7.255371:-10.2041	-3.111328:8.178223:-15.73242	-7.523438:6.262207:-9.971191	-0.7739156:14.51964:-37.2165	Grasped	Bottle	
-3.744141:4.434082:-11.58398	-5.071289:7.250977:-10.21289	-3.159668:8.178223:-15.73242	-7.554199:6.161133:-9.97998	-0.7738016:14.51924:-37.21611	Grasped	Bottle	
-3.744141:4.434082:-11.58398	-5.071289:7.250977:-10.21289	-3.159668:8.178223:-15.73242	-7.554199:6.161133:-9.97998	-0.779144:14.50548:-37.17859	Grasped	Bottle	
-3.744141:4.434082:-11.58398	-5.071289:7.250977:-10.21289	-3.159668:8.178223:-15.73242	-7.554199:6.161133:-9.97998	-0.7759857:14.51045:-37.19326	Grasped	Bottle	
-3.726563:4.45166:-11.5752	-5.115234:7.242188:-10.22607	-3.186035:8.178223:-15.73682	-7.571777:6.108398:-9.98877	-0.7666569:14.52823:-37.2463	Grasped	Bottle	
-3.726563:4.45166:-11.5752	-5.115234:7.242188:-10.22607	-3.186035:8.178223:-15.73682	-7.571777:6.108398:-9.98877	-0.7714435:14.52213:-37.22908	Grasped	Bottle	
-3.726563:4.45166:-11.5752	-5.115234:7.242188:-10.22607	-3.186035:8.178223:-15.73682	-7.571777:6.108398:-9.98877	-0.7700156:14.52358:-37.23383	Grasped	Bottle	
-3.726563:4.45166:-11.5752	-5.115234:7.242188:-10.22607	-3.186035:8.178223:-15.73682	-7.571777:6.108398:-9.98877	-0.7686228:14.52557:-37.24126	Grasped	Bottle	
-3.682617:4.482422:-11.56201	-5.137207:7.259766:-10.24365	-3.203613:8.187012:-15.75	-7.571777:6.046875:-10.00635	-0.7657878:14.52688:-37.24522	Grasped	Bottle	
-3.682617:4.482422:-11.56201	-5.137207:7.259766:-10.24365	-3.203613:8.187012:-15.75	-7.571777:6.046875:-10.00635	-0.7577077:14.54023:-37.28275	Grasped	Bottle	
-3.682617:4.482422:-11.56201	-5.137207:7.259766:-10.24365	-3.203613:8.187012:-15.75	-7.571777:6.046875:-10.00635	-0.7611356:14.53141:-37.2693	Grasped	Bottle	
-3.629883:4.539551:-11.54443	-5.163574:7.290527:-10.26563	-3.212402:8.20459:-15.76758	-7.562988:6.016113:-10.02393	-0.7680644:14.51711:-37.23161	Grasped	Bottle	
-3.629883:4.539551:-11.54443	-5.163574:7.290527:-10.26563	-3.212402:8.20459:-15.76758	-7.562988:6.016113:-10.02393	-0.7662578:14.52013:-37.23719	Grasped	Bottle	
-3.629883:4.539551:-11.54443	-5.163574:7.290527:-10.26563	-3.212402:8.20459:-15.76758	-7.562988:6.016113:-10.02393	-0.7765727:14.50117:-37.18503	Grasped	Bottle	
-3.629883:4.539551:-11.54443	-5.163574:7.290527:-10.26563	-3.212402:8.20459:-15.76758	-7.562988:6.016113:-10.02393	-0.7728146:14.50747:-37.20202	Grasped	Bottle	
-3.55957:4.618652:-11.53125	-5.185547:7.330078:-10.2876	-3.221191:8.244141:-15.78955	-7.541016:5.989746:-10.03711	-0.7877386:14.47707:-37.12502	Grasped	Bottle	
-3.55957:4.618652:-11.53125	-5.185547:7.330078:-10.2876	-3.221191:8.244141:-15.78955	-7.541016:5.989746:-10.03711	-0.7924961:14.47011:-37.10478	Grasped	Bottle	
-3.55957:4.618652:-11.53125	-5.185547:7.330078:-10.2876	-3.221191:8.244141:-15.78955	-7.541016:5.989746:-10.03711	-0.7780601:14.50185:-37.17244	Grasped	Bottle	
-3.502441:4.68457:-11.51807	-5.181152:7.374023:-10.29639	-3.216797:8.283691:-15.79834	-7.505859:5.989746:-10.0415	-0.7758129:14.51842:-37.21943	Grasped	Bottle	
-3.502441:4.68457:-11.51807	-5.181152:7.374023:-10.29639	-3.216797:8.283691:-15.79834	-7.505859:5.989746:-10.0415	-0.7768878:14.5196:-37.22249	Grasped	Bottle	
-3.502441:4.68457:-11.51807	-5.181152:7.374023:-10.29639	-3.216797:8.283691:-15.79834	-7.505859:5.989746:-10.0415	-0.7742844:14.5231:-37.22287	Grasped	Bottle	
-3.449707:4.741699:-11.50928	-5.172363:7.40918:-10.30518	-3.199219:8.318848:-15.81152	-7.475098:5.998535:-10.0459	-0.7663977:14.52607:-37.2284	Grasped	Bottle	
-3.449707:4.741699:-11.50928	-5.172363:7.40918:-10.30518	-3.199219:8.318848:-15.81152	-7.475098:5.998535:-10.0459	-0.7613685:14.52948:-37.24001	Grasped	Bottle	
-3.449707:4.741699:-11.50928	-5.172363:7.40918:-10.30518	-3.199219:8.318848:-15.81152	-7.475098:5.998535:-10.0459	-0.7651316:14.52596:-37.22784	Grasped	Bottle	
-3.449707:4.741699:-11.50928	-5.172363:7.40918:-10.30518	-3.199219:8.318848:-15.81152	-7.475098:5.998535:-10.0459	-0.7620475:14.52918:-37.24227	Grasped	Bottle	
-3.379395:4.78125:-11.50928	-5.15918:7.426758:-10.31396	-3.186035:8.34082:-15.8291	-7.431152:5.950195:-10.05908	-0.7619805:14.53099:-37.24487	Grasped	Bottle	
-3.379395:4.78125:-11.50928	-5.15918:7.426758:-10.31396	-3.186035:8.34082:-15.8291	-7.431152:5.950195:-10.05908	-0.761333:14.52971:-37.24497	Grasped	Bottle	
-3.379395:4.78125:-11.50928	-5.15918:7.426758:-10.31396	-3.186035:8.34082:-15.8291	-7.431152:5.950195:-10.05908	-0.7696927:14.52017:-37.21092	Grasped	Bottle	
-3.379395:4.78125:-11.50928	-5.15918:7.426758:-10.31396	-3.186035:8.34082:-15.8291	-7.431152:5.950195:-10.05908	-0.7727449:14.51179:-37.18765	Grasped	Bottle	
-3.331055:4.807617:-11.51367	-5.172363:7.417969:-10.33594	-3.181641:8.358398:-15.84668	-7.413574:5.888672:-10.08984	-0.7731969:14.51265:-37.19015	Grasped	Bottle	
-3.331055:4.807617:-11.51367	-5.172363:7.417969:-10.33594	-3.181641:8.358398:-15.84668	-7.413574:5.888672:-10.08984	-0.7658809:14.5259:-37.22515	Grasped	Bottle	
-3.331055:4.807617:-11.51367	-5.172363:7.417969:-10.33594	-3.181641:8.358398:-15.84668	-7.413574:5.888672:-10.08984	-0.7598051:14.53376:-37.24831	Grasped	Bottle	
-3.282715:4.847168:-11.51807	-5.216309:7.404785:-10.37988	-3.186035:8.367188:-15.87305	-7.40918:5.80957:-10.13818	-0.753019:14.54175:-37.2752	Grasped	Bottle	
-3.282715:4.847168:-11.51807	-5.216309:7.404785:-10.37988	-3.186035:8.367188:-15.87305	-7.40918:5.80957:-10.13818	-0.7526481:14.54249:-37.27687	Grasped	Bottle	
-3.282715:4.847168:-11.51807	-5.216309:7.404785:-10.37988	-3.186035:8.367188:-15.87305	-7.40918:5.80957:-10.13818	-0.7455194:14.55343:-37.31242	Grasped	Bottle	
-3.282715:4.847168:-11.51807	-5.216309:7.404785:-10.37988	-3.186035:8.367188:-15.87305	-7.40918:5.80957:-10.13818	-0.7409727:14.55877:-37.33065	Grasped	Bottle	
-3.273926:4.891113:-11.52246	-5.269043:7.40918:-10.41943	-3.199219:8.375977:-15.89941	-7.431152:5.778809:-10.18213	-0.7480087:14.54485:-37.29287	Grasped	Bottle	
-3.273926:4.891113:-11.52246	-5.269043:7.40918:-10.41943	-3.199219:8.375977:-15.89941	-7.431152:5.778809:-10.18213	-0.7479178:14.54489:-37.29334	Grasped	Bottle	
-3.273926:4.891113:-11.52246	-5.269043:7.40918:-10.41943	-3.199219:8.375977:-15.89941	-7.431152:5.778809:-10.18213	-0.7470788:14.54412:-37.29514	Grasped	Bottle	
-3.300293:4.930664:-11.53125	-5.330566:7.435547:-10.4458	-3.22998:8.393555:-15.92139	-7.483887:5.783203:-10.22607	-0.7480903:14.54238:-37.29498	Grasped	Bottle	
-3.300293:4.930664:-11.53125	-5.330566:7.435547:-10.4458	-3.22998:8.393555:-15.92139	-7.483887:5.783203:-10.22607	-0.7484627:14.54239:-37.29597	Grasped	Bottle	
-3.300293:4.930664:-11.53125	-5.330566:7.435547:-10.4458	-3.22998:8.393555:-15.92139	-7.483887:5.783203:-10.22607	-0.7496049:14.53994:-37.28886	Grasped	Bottle	
-3.300293:4.930664:-11.53125	-5.330566:7.435547:-10.4458	-3.22998:8.393555:-15.92139	-7.483887:5.783203:-10.22607	-0.7486422:14.54128:-37.29203	Grasped	Bottle	
-3.353027:4.96582:-11.54004	-5.422852:7.444336:-10.48535	-3.295898:8.411133:-15.94775	-7.554199:5.76123:-10.27881	-0.7437467:14.55031:-37.31708	Grasped	Bottle	
-3.353027:4.96582:-11.54004	-5.422852:7.444336:-10.48535	-3.295898:8.411133:-15.94775	-7.554199:5.76123:-10.27881	-0.7401061:14.55622:-37.33665	Grasped	Bottle	
-3.353027:4.96582:-11.54004	-5.422852:7.444336:-10.48535	-3.295898:8.411133:-15.94775	-7.554199:5.76123:-10.27881	-0.7336206:14.57003:-37.37228	Grasped	Bottle	
-3.436523:4.996582:-11.55322	-5.532715:7.453125:-10.52051	-3.370605:8.419922:-15.97412	-7.659668:5.726074:-10.33154	-0.7404886:14.55882:-37.34039	Grasped	Bottle	
-3.436523:4.996582:-11.55322	-5.532715:7.453125:-10.52051	-3.370605:8.419922:-15.97412	-7.659668:5.726074:-10.33154	-0.7432205:14.55602:-37.32806	Grasped	Bottle	
-3.436523:4.996582:-11.55322	-5.532715:7.453125:-10.52051	-3.370605:8.419922:-15.97412	-7.659668:5.726074:-10.33154	-0.7389233:14.55991:-37.34598	Grasped	Bottle	
-3.528809:5.009766:-11.5708	-5.655762:7.444336:-10.56006	-3.458496:8.433105:-15.9917	-7.765137:5.699707:-10.37988	-0.754465:14.5409:-37.28761	Grasped	Bottle	
-3.528809:5.009766:-11.5708	-5.655762:7.444336:-10.56006	-3.458496:8.433105:-15.9917	-7.765137:5.699707:-10.37988	-0.7358694:14.57008:-37.36685	Grasped	Bottle	
-3.528809:5.009766:-11.5708	-5.655762:7.444336:-10.56006	-3.458496:8.433105:-15.9917	-7.765137:5.699707:-10.37988	-0.7449936:14.55813:-37.33352	Grasped	Bottle	
-3.528809:5.009766:-11.5708	-5.655762:7.444336:-10.56006	-3.458496:8.433105:-15.9917	-7.765137:5.699707:-10.37988	-0.753864:14.54366:-37.29679	Grasped	Bottle	
-3.625488:5.018555:-11.58398	-5.778809:7.435547:-10.59521	-3.550781:8.4375:-16.01367	-7.879395:5.668945:-10.42383	-0.8147193:14.43984:-37.05258	Grasped	Bottle	
-3.625488:5.018555:-11.58398	-5.778809:7.435547:-10.59521	-3.550781:8.4375:-16.01367	-7.879395:5.668945:-10.42383	-0.8578423:14.41094:-36.96784	Grasped	Bottle	
-3.625488:5.018555:-11.58398	-5.778809:7.435547:-10.59521	-3.550781:8.4375:-16.01367	-7.879395:5.668945:-10.42383	-0.8666614:14.39761:-36.88625	Grasped	Bottle	
-3.625488:5.018555:-11.58398	-5.778809:7.435547:-10.59521	-3.550781:8.4375:-16.01367	-7.879395:5.668945:-10.42383	-0.8448246:14.43096:-36.98956	Grasped	Bottle	
-3.726563:5.027344:-11.60596	-5.884277:7.431152:-10.61719	-3.638672:8.441895:-16.03125	-7.976074:5.638184:-10.45898	-0.8020705:14.48007:-37.12925	Grasped	Bottle	
-3.726563:5.027344:-11.60596	-5.884277:7.431152:-10.61719	-3.638672:8.441895:-16.03125	-7.976074:5.638184:-10.45898	-0.785243:14.51602:-37.21152	Grasped	Bottle	
-3.726563:5.027344:-11.60596	-5.884277:7.431152:-10.61719	-3.638672:8.441895:-16.03125	-7.976074:5.638184:-10.45898	-0.8106332:14.47245:-37.10862	Grasped	Bottle	
-3.770508:5.044922:-11.61035	-5.985352:7.40918:-10.63916	-3.730957:8.450684:-16.04443	-8.046387:5.567871:-10.48535	-0.8527535:14.41823:-36.95094	Grasped	Bottle	
-3.770508:5.044922:-11.61035	-5.985352:7.40918:-10.63916	-3.730957:8.450684:-16.04443	-8.046387:5.567871:-10.48535	-0.8515375:14.42005:-36.95717	Grasped	Bottle	
-3.770508:5.044922:-11.61035	-5.985352:7.40918:-10.63916	-3.730957:8.450684:-16.04443	-8.046387:5.567871:-10.48535	-0.8604225:14.40898:-36.92647	Grasped	Bottle	
-3.814453:5.084473:-11.61035	-6.073242:7.40918:-10.66113	-3.810059:8.468262:-16.05762	-8.103516:5.519531:-10.51172	-0.8405972:14.43114:-36.99099	Grasped	Bottle	
-3.814453:5.084473:-11.61035	-6.073242:7.40918:-10.66113	-3.810059:8.468262:-16.05762	-8.103516:5.519531:-10.51172	-0.8367301:14.43302:-37.00193	Grasped	Bottle	
-3.814453:5.084473:-11.61035	-6.073242:7.40918:-10.66113	-3.810059:8.468262:-16.05762	-8.103516:5.519531:-10.51172	-0.8230937:14.45685:-37.07196	Grasped	Bottle	
-3.814453:5.084473:-11.61035	-6.073242:7.40918:-10.66113	-3.810059:8.468262:-16.05762	-8.103516:5.519531:-10.51172	-0.8198464:14.46023:-37.08682	Grasped	Bottle	
-3.832031:5.141602:-11.61035	-6.13916:7.417969:-10.66992	-3.862793:8.507813:-16.06641	-8.129883:5.48877:-10.5249	-0.8113667:14.46704:-37.10519	Grasped	Bottle	
-3.832031:5.141602:-11.61035	-6.13916:7.417969:-10.66992	-3.862793:8.507813:-16.06641	-8.129883:5.48877:-10.5249	-0.8127695:14.46118:-37.10386	Grasped	Bottle	
-3.832031:5.141602:-11.61035	-6.13916:7.417969:-10.66992	-3.862793:8.507813:-16.06641	-8.129883:5.48877:-10.5249	-0.8050798:14.47442:-37.13701	Grasped	Bottle	
-3.832031:5.141602:-11.61035	-6.13916:7.417969:-10.66992	-3.862793:8.507813:-16.06641	-8.129883:5.48877:-10.5249	-0.8063098:14.47413:-37.13765	Grasped	Bottle	
-3.832031:5.141602:-11.61035	-6.13916:7.417969:-10.66992	-3.862793:8.507813:-16.06641	-8.129883:5.48877:-10.5249	-0.8039794:14.47887:-37.144	Grasped	Bottle	
-3.814453:5.194336:-11.60156	-6.165527:7.435547:-10.67871	-3.893555:8.538574:-16.06641	-8.125488:5.466797:-10.52051	-0.8017473:14.48342:-37.15537	Grasped	Bottle	
-3.814453:5.194336:-11.60156	-6.165527:7.435547:-10.67871	-3.893555:8.538574:-16.06641	-8.125488:5.466797:-10.52051	-0.7999246:14.48618:-37.1619	Grasped	Bottle	
-3.814453:5.194336:-11.60156	-6.165527:7.435547:-10.67871	-3.893555:8.538574:-16.06641	-8.125488:5.466797:-10.52051	-0.8008728:14.48794:-37.16043	Grasped	Bottle	
-3.814453:5.194336:-11.60156	-6.165527:7.435547:-10.67871	-3.893555:8.538574:-16.06641	-8.125488:5.466797:-10.52051	-1.009458:14.18253:-36.33116	Grasped	Bottle	
-3.726563:5.273438:-11.56201	-6.143555:7.426758:-10.61719	-3.928711:8.591309:-16.04004	-8.024414:5.387695:-10.41064	-0.7852994:14.52355:-37.27178	Grasped	Bottle	
-3.726563:5.273438:-11.56201	-6.143555:7.426758:-10.61719	-3.928711:8.591309:-16.04004	-8.024414:5.387695:-10.41064	-0.8052997:14.48689:-37.1671	Grasped	Bottle	
