ThumbPosition	IndexPosition	PalmPosition	ObjectPosition	GazePosition	Annotations	GazeAnnotations	
-2.632324:2.970703:-26.8418	-1.067871:3.049805:-25.73877	1.498535:2.241211:-30.59912	1.120605:8.138672:-12.44092	-0.4294712:14.74861:-37.0125	Start	Default	
-2.632324:2.970703:-26.8418	-1.067871:3.049805:-25.73877	1.498535:2.241211:-30.59912	1.120605:8.138672:-12.44092	-0.4509545:14.56208:-37.25616	Start	Bottle	
-2.623535:2.970703:-26.81543	-1.085449:3.071777:-25.72559	1.494141:2.254395:-30.60352	1.120605:8.138672:-12.44092	-0.437328:14.49627:-36.98729	Start	Bottle	
-2.623535:2.970703:-26.81543	-1.085449:3.071777:-25.72559	1.494141:2.254395:-30.60352	1.120605:8.138672:-12.44092	-0.4457524:14.55087:-37.19316	Start	Bottle	
-2.636719:2.935547:-26.80664	-1.063477:3.09375:-25.72998	1.494141:2.267578:-30.60352	1.120605:8.138672:-12.44092	-0.388872:14.46599:-36.88626	Start	Bottle	
-2.636719:2.935547:-26.80664	-1.063477:3.09375:-25.72998	1.494141:2.267578:-30.60352	1.120605:8.138672:-12.44092	-0.3752217:14.45755:-36.84517	Start	Bottle	
-2.636719:2.935547:-26.80664	-1.063477:3.09375:-25.72998	1.494141:2.267578:-30.60352	1.120605:8.138672:-12.44092	-0.3765368:14.46985:-36.87656	Start	Bottle	
-2.636719:2.935547:-26.80664	-1.063477:3.09375:-25.72998	1.494141:2.267578:-30.60352	1.120605:8.138672:-12.44092	-0.3736495:14.44656:-36.80062	Start	Bottle	
-2.57959:2.94873:-26.81104	-0.9975586:3.115723:-25.75635	1.59082:2.48291:-30.52881	1.120605:8.138672:-12.44092	-0.3739563:14.44623:-36.79157	Start	Bottle	
-2.57959:2.94873:-26.81104	-0.9975586:3.115723:-25.75635	1.59082:2.48291:-30.52881	1.120605:8.138672:-12.44092	-0.3737366:14.45327:-36.8066	Start	Bottle	
-2.57959:2.94873:-26.81104	-0.9975586:3.115723:-25.75635	1.59082:2.48291:-30.52881	1.120605:8.138672:-12.44092	-0.3827742:14.49913:-36.96806	Start	Bottle	
-2.364258:3.361816:-26.78027	-0.8964844:2.979492:-25.6333	1.788574:3.010254:-30.26953	1.120605:8.138672:-12.44092	-0.3828426:14.51956:-37.03051	Start	Bottle	
-2.364258:3.361816:-26.78027	-0.8964844:2.979492:-25.6333	1.788574:3.010254:-30.26953	1.120605:8.138672:-12.44092	-0.3887251:14.53085:-37.07274	Start	Bottle	
-2.364258:3.361816:-26.78027	-0.8964844:2.979492:-25.6333	1.788574:3.010254:-30.26953	1.120605:8.138672:-12.44092	-0.386891:14.54053:-37.10569	Start	Bottle	
-2.364258:3.361816:-26.78027	-0.8964844:2.979492:-25.6333	1.788574:3.010254:-30.26953	1.120605:8.138672:-12.44092	-0.4052748:14.60844:-37.33771	Start	Bottle	
-2.197266:3.713379:-26.77588	-0.8569336:2.852051:-25.43994	1.946777:3.489258:-30.01025	1.120605:8.138672:-12.44092	-0.4031035:14.59786:-37.30088	Start	Bottle	
-2.197266:3.713379:-26.77588	-0.8569336:2.852051:-25.43994	1.946777:3.489258:-30.01025	1.120605:8.138672:-12.44092	-0.40413:14.59167:-37.29971	Start	Bottle	
-2.197266:3.713379:-26.77588	-0.8569336:2.852051:-25.43994	1.946777:3.489258:-30.01025	1.120605:8.138672:-12.44092	-0.4058796:14.60924:-37.35027	Start	Bottle	
-2.109375:3.651855:-26.74951	-0.777832:2.830078:-25.21582	2.109375:3.963867:-29.69824	1.120605:8.138672:-12.44092	-0.3959286:14.58169:-37.24813	Start	Bottle	
-2.109375:3.651855:-26.74951	-0.777832:2.830078:-25.21582	2.109375:3.963867:-29.69824	1.120605:8.138672:-12.44092	-0.3941975:14.56991:-37.19023	Start	Bottle	
-2.109375:3.651855:-26.74951	-0.777832:2.830078:-25.21582	2.109375:3.963867:-29.69824	1.120605:8.138672:-12.44092	-0.4113811:14.56526:-37.16167	Start	Bottle	
-2.109375:3.651855:-26.74951	-0.777832:2.830078:-25.21582	2.109375:3.963867:-29.69824	1.120605:8.138672:-12.44092	-0.4164708:14.54392:-37.07939	Start	Bottle	
-2.157715:3.854004:-26.49023	-0.7954102:2.926758:-24.77637	2.381836:4.719727:-29.14014	1.120605:8.138672:-12.44092	-0.4167668:14.55343:-37.11843	Start	Bottle	
-2.157715:3.854004:-26.49023	-0.7954102:2.926758:-24.77637	2.381836:4.719727:-29.14014	1.120605:8.138672:-12.44092	-0.4062559:14.39047:-37.01748	Start	Bottle	
-2.157715:3.854004:-26.49023	-0.7954102:2.926758:-24.77637	2.381836:4.719727:-29.14014	1.120605:8.138672:-12.44092	-0.4247687:14.54749:-37.42065	Start	Bottle	
-2.091797:4.618652:-25.70801	-0.4570313:3.981445:-23.146	2.636719:5.400879:-28.0459	1.120605:8.138672:-12.44092	-0.3952732:14.3855:-37.00114	Start	Bottle	
-2.091797:4.618652:-25.70801	-0.4570313:3.981445:-23.146	2.636719:5.400879:-28.0459	1.120605:8.138672:-12.44092	-0.3835791:14.25174:-36.67702	Start	Bottle	
-2.091797:4.618652:-25.70801	-0.4570313:3.981445:-23.146	2.636719:5.400879:-28.0459	1.120605:8.138672:-12.44092	-0.3808079:14.34788:-36.93135	Start	Bottle	
-2.091797:4.618652:-25.70801	-0.4570313:3.981445:-23.146	2.636719:5.400879:-28.0459	1.120605:8.138672:-12.44092	-0.3862469:14.32332:-36.91191	Start	Bottle	
-1.850098:5.484375:-23.59863	0.5317383:5.128418:-20.93994	2.882813:5.76123:-26.31885	1.120605:8.138672:-12.44092	-0.3840831:14.30586:-36.86781	ReachForBottle	Bottle	
-1.850098:5.484375:-23.59863	0.5317383:5.128418:-20.93994	2.882813:5.76123:-26.31885	1.120605:8.138672:-12.44092	-0.3890555:14.31495:-36.89745	ReachForBottle	Bottle	
-1.850098:5.484375:-23.59863	0.5317383:5.128418:-20.93994	2.882813:5.76123:-26.31885	1.120605:8.138672:-12.44092	-0.390656:14.33981:-36.94989	ReachForBottle	Bottle	
-1.291992:5.501953:-21.28271	1.744629:5.998535:-18.70313	2.979492:5.677734:-24.48633	1.120605:8.138672:-12.44092	-0.4077427:14.45115:-37.20852	ReachForBottle	Bottle	
-1.291992:5.501953:-21.28271	1.744629:5.998535:-18.70313	2.979492:5.677734:-24.48633	1.120605:8.138672:-12.44092	-0.4035271:14.48803:-37.29557	ReachForBottle	Bottle	
-1.291992:5.501953:-21.28271	1.744629:5.998535:-18.70313	2.979492:5.677734:-24.48633	1.120605:8.138672:-12.44092	-0.4069957:14.44187:-37.17451	ReachForBottle	Bottle	
-1.291992:5.501953:-21.28271	1.744629:5.998535:-18.70313	2.979492:5.677734:-24.48633	1.120605:8.138672:-12.44092	-0.4043687:14.42157:-37.12519	ReachForBottle	Bottle	
-0.9448242:5.67334:-19.06348	2.649902:6.477539:-16.74316	2.979492:5.453613:-22.62744	1.120605:8.138672:-12.44092	-0.4161239:14.50363:-37.32536	ReachForBottle	Bottle	
-0.9448242:5.67334:-19.06348	2.649902:6.477539:-16.74316	2.979492:5.453613:-22.62744	1.120605:8.138672:-12.44092	-0.3999225:14.39806:-37.05344	ReachForBottle	Bottle	
-0.9448242:5.67334:-19.06348	2.649902:6.477539:-16.74316	2.979492:5.453613:-22.62744	1.120605:8.138672:-12.44092	-0.4328553:14.64394:-37.70846	ReachForBottle	Bottle	
-0.9448242:5.67334:-19.06348	2.649902:6.477539:-16.74316	2.979492:5.453613:-22.62744	1.120605:8.138672:-12.44092	-0.4408916:14.72256:-37.90424	ReachForBottle	Bottle	
-0.8085938:5.690918:-17.21338	3.186035:6.631348:-15.19189	2.882813:5.181152:-20.87842	1.120605:8.138672:-12.44092	-0.4437315:14.72621:-37.91413	ReachForBottle	Bottle	
-0.8085938:5.690918:-17.21338	3.186035:6.631348:-15.19189	2.882813:5.181152:-20.87842	1.120605:8.138672:-12.44092	-0.4449193:14.72934:-37.91533	ReachForBottle	Bottle	
-0.8085938:5.690918:-17.21338	3.186035:6.631348:-15.19189	2.882813:5.181152:-20.87842	1.120605:8.138672:-12.44092	-0.4448281:14.73194:-37.92268	ReachForBottle	Bottle	
-0.8173828:5.519531:-15.75439	3.287109:6.60498:-13.8999	2.750977:4.87793:-19.57764	1.120605:8.138672:-12.44092	-0.4453938:14.73252:-37.91764	ReachForBottle	Bottle	
-0.8173828:5.519531:-15.75439	3.287109:6.60498:-13.8999	2.750977:4.87793:-19.57764	1.120605:8.138672:-12.44092	-0.4448612:14.72129:-37.88668	ReachForBottle	Bottle	
-0.8173828:5.519531:-15.75439	3.287109:6.60498:-13.8999	2.750977:4.87793:-19.57764	1.120605:8.138672:-12.44092	-0.4459601:14.73544:-37.92808	ReachForBottle	Bottle	
-0.9272461:5.203125:-14.80078	3.172852:6.402832:-13.02979	2.557617:4.54834:-18.65918	1.120605:8.138672:-12.44092	-0.4472358:14.71734:-37.8861	ReachForBottle	Bottle	
-0.9272461:5.203125:-14.80078	3.172852:6.402832:-13.02979	2.557617:4.54834:-18.65918	1.120605:8.138672:-12.44092	-0.4437529:14.70932:-37.86868	ReachForBottle	Bottle	
-0.9272461:5.203125:-14.80078	3.172852:6.402832:-13.02979	2.557617:4.54834:-18.65918	1.120605:8.138672:-12.44092	-0.4370386:14.64303:-37.70187	ReachForBottle	Bottle	
-1.059082:4.886719:-14.15039	3.019043:6.121582:-12.4541	2.351074:4.192383:-18.05713	1.120605:8.138672:-12.44092	-0.4441727:14.66847:-37.75415	ReachForBottle	Bottle	
-1.059082:4.886719:-14.15039	3.019043:6.121582:-12.4541	2.351074:4.192383:-18.05713	1.120605:8.138672:-12.44092	-0.4432094:14.61935:-37.62546	ReachForBottle	Bottle	
-1.059082:4.886719:-14.15039	3.019043:6.121582:-12.4541	2.351074:4.192383:-18.05713	1.120605:8.138672:-12.44092	-0.4346237:14.57025:-37.49508	ReachForBottle	Bottle	
-1.059082:4.886719:-14.15039	3.019043:6.121582:-12.4541	2.351074:4.192383:-18.05713	1.120605:8.138672:-12.44092	-0.4292971:14.58438:-37.53033	ReachForBottle	Bottle	
-1,160156,4,429688,-13,71094,	2,799316,5,910645,-12,12451,	2,15332,3,858398,-17,6748,	1,116211,8,134277,-12,43652,	-0,4329762,14,59654,-37,56353,	ReachForBottle	Bottle	
-1,160156,4,429688,-13,71094,	2,799316,5,910645,-12,12451,	2,15332,3,858398,-17,6748,	1,116211,8,134277,-12,43652,	-0,4222989,14,56397,-37,47717,	ReachForBottle	Bottle	
-1,160156,4,429688,-13,71094,	2,799316,5,910645,-12,12451,	2,15332,3,858398,-17,6748,	1,116211,8,134277,-12,43652,	-0,429693,14,55471,-37,46131,	ReachForBottle	Bottle	
-1.054688:4.020996:-13.35498	2.649902:5.708496:-11.95752	2.025879:3.599121:-17.46387	1.015137:8.129883:-12.39697	-0.4478424:14.59941:-37.58835	Grasped	Bottle	
-1.054688:4.020996:-13.35498	2.649902:5.708496:-11.95752	2.025879:3.599121:-17.46387	1.015137:8.129883:-12.39697	-0.4483337:14.6019:-37.58925	Grasped	Bottle	
-1.054688:4.020996:-13.35498	2.649902:5.708496:-11.95752	2.025879:3.599121:-17.46387	1.015137:8.129883:-12.39697	-0.4423124:14.52869:-37.39977	Grasped	Bottle	
-1.054688:4.020996:-13.35498	2.649902:5.708496:-11.95752	2.025879:3.599121:-17.46387	1.015137:8.129883:-12.39697	-0.4072597:14.61476:-37.62916	Grasped	Bottle	
-0.8305664:3.880371:-13.0957	2.491699:5.400879:-11.86523	1.995117:3.454102:-17.354	1.07666:8.129883:-12.37939	-0.2708994:14.58642:-37.56821	Grasped	Default	
-0.8305664:3.880371:-13.0957	2.491699:5.400879:-11.86523	1.995117:3.454102:-17.354	1.07666:8.129883:-12.37939	-0.1470029:14.54241:-37.40902	Grasped	CupRight	
-0.8305664:3.880371:-13.0957	2.491699:5.400879:-11.86523	1.995117:3.454102:-17.354	1.07666:8.129883:-12.37939	-0.2431637:14.64613:-37.66556	Grasped	CupRight	
-0.6987305:3.9375:-13.06055	2.210449:5.304199:-11.93115	2.043457:3.445313:-17.30127	1.111816:8.134277:-12.38379	-0.168921:14.5649:-37.4408	Grasped	CupRight	
-0.6987305:3.9375:-13.06055	2.210449:5.304199:-11.93115	2.043457:3.445313:-17.30127	1.111816:8.134277:-12.38379	-0.1890607:14.58988:-37.5236	Grasped	CupRight	
-0.6987305:3.9375:-13.06055	2.210449:5.304199:-11.93115	2.043457:3.445313:-17.30127	1.111816:8.134277:-12.38379	-0.2374484:14.64428:-37.66456	Grasped	CupRight	
-0.4570313:4.179199:-13.1792	2.351074:5.519531:-12.08936	2.289551:3.568359:-17.36279	1.397461:8.354004:-12.57715	-0.2228563:14.62737:-37.62863	Grasped	CupRight	
-0.4570313:4.179199:-13.1792	2.351074:5.519531:-12.08936	2.289551:3.568359:-17.36279	1.397461:8.354004:-12.57715	-0.2262365:14.63412:-37.64375	Grasped	CupRight	
-0.4570313:4.179199:-13.1792	2.351074:5.519531:-12.08936	2.289551:3.568359:-17.36279	1.397461:8.354004:-12.57715	-0.2271273:14.6338:-37.65107	Grasped	CupRight	
-0.4570313:4.179199:-13.1792	2.351074:5.519531:-12.08936	2.289551:3.568359:-17.36279	1.397461:8.354004:-12.57715	-0.1459345:14.53382:-37.38587	Grasped	CupRight	
0.05273438:4.759277:-13.46924	2.895996:6.011719:-12.44971	2.746582:3.858398:-17.65283	2.021484:8.837402:-12.96387	-0.2114709:14.6146:-37.60749	Grasped	CupRight	
0.05273438:4.759277:-13.46924	2.895996:6.011719:-12.44971	2.746582:3.858398:-17.65283	2.021484:8.837402:-12.96387	-0.219256:14.61497:-37.61305	Grasped	CupRight	
0.05273438:4.759277:-13.46924	2.895996:6.011719:-12.44971	2.746582:3.858398:-17.65283	2.021484:8.837402:-12.96387	-0.179676:14.56705:-37.49779	Grasped	CupRight	
0.05273438:4.759277:-13.46924	2.895996:6.011719:-12.44971	2.746582:3.858398:-17.65283	2.021484:8.837402:-12.96387	-0.2076995:14.59818:-37.57983	Grasped	CupRight	
0.7250977:5.405273:-13.86035	3.581543:6.561035:-12.88916	3.370605:4.328613:-18.06152	2.852051:9.439453:-13.40771	-0.1974728:14.58876:-37.57243	Grasped	CupRight	
0.7250977:5.405273:-13.86035	3.581543:6.561035:-12.88916	3.370605:4.328613:-18.06152	2.852051:9.439453:-13.40771	-0.1936216:14.58041:-37.55565	Grasped	CupRight	
0.7250977:5.405273:-13.86035	3.581543:6.561035:-12.88916	3.370605:4.328613:-18.06152	2.852051:9.439453:-13.40771	-0.1090504:14.47839:-37.29592	Grasped	CupRight	
1.595215:5.950195:-14.3833	4.390137:7.268555:-13.45605	4.223145:4.96582:-18.60205	3.480469:10.03711:-13.86475	-0.2351194:14.61719:-37.63636	Grasped	CupRight	
1.595215:5.950195:-14.3833	4.390137:7.268555:-13.45605	4.223145:4.96582:-18.60205	3.480469:10.03711:-13.86475	-0.2468745:14.63931:-37.69002	Grasped	CupRight	
1.595215:5.950195:-14.3833	4.390137:7.268555:-13.45605	4.223145:4.96582:-18.60205	3.480469:10.03711:-13.86475	-0.1994207:14.58671:-37.56308	Grasped	CupRight	
2.522461:6.266602:-14.84033	5.194336:7.883789:-14.00537	5.181152:5.567871:-19.14258	4.056152:10.56006:-14.3042	-0.1836545:14.56853:-37.52536	Grasped	CupRight	
2.522461:6.266602:-14.84033	5.194336:7.883789:-14.00537	5.181152:5.567871:-19.14258	4.056152:10.56006:-14.3042	-0.1909091:14.57313:-37.5313	Grasped	CupRight	
2.522461:6.266602:-14.84033	5.194336:7.883789:-14.00537	5.181152:5.567871:-19.14258	4.056152:10.56006:-14.3042	-0.2152398:14.6013:-37.59135	Grasped	CupRight	
3.722168:6.512695:-15.30176	6.257813:8.468262:-14.61182	6.222656:6.095215:-19.66113	4.776855:10.94238:-14.68213	-0.2288665:14.62733:-37.64686	Grasped	CupRight	
3.722168:6.512695:-15.30176	6.257813:8.468262:-14.61182	6.222656:6.095215:-19.66113	4.776855:10.94238:-14.68213	-0.2203931:14.61139:-37.61415	Grasped	Hand	
3.722168:6.512695:-15.30176	6.257813:8.468262:-14.61182	6.222656:6.095215:-19.66113	4.776855:10.94238:-14.68213	-0.2167434:14.6136:-37.60555	Grasped	Hand	
3.722168:6.512695:-15.30176	6.257813:8.468262:-14.61182	6.222656:6.095215:-19.66113	4.776855:10.94238:-14.68213	-0.2070515:14.59668:-37.56289	Grasped	Hand	
4.992188:6.70166:-15.65771	7.45752:8.925293:-15.18311	7.277344:6.530273:-20.11377	5.739258:11.25439:-15.02051	-0.1633599:14.5569:-37.46522	Grasped	Hand	
4.992188:6.70166:-15.65771	7.45752:8.925293:-15.18311	7.277344:6.530273:-20.11377	5.739258:11.25439:-15.02051	-0.1681768:14.55796:-37.46679	Grasped	Bottle	
4.992188:6.70166:-15.65771	7.45752:8.925293:-15.18311	7.277344:6.530273:-20.11377	5.739258:11.25439:-15.02051	-0.1359123:14.52476:-37.38941	Grasped	Bottle	
4.992188:6.70166:-15.65771	7.45752:8.925293:-15.18311	7.277344:6.530273:-20.11377	5.739258:11.25439:-15.02051	-0.1295746:14.51646:-37.37387	Grasped	Bottle	
6.310547:6.837891:-15.9082	8.630859:9.285645:-15.59619	8.296875:6.912598:-20.44775	6.706055:11.46973:-15.24023	-0.1289461:14.5024:-37.37438	Grasped	Bottle	
6.310547:6.837891:-15.9082	8.630859:9.285645:-15.59619	8.296875:6.912598:-20.44775	6.706055:11.46973:-15.24023	-0.2177324:14.6046:-37.6184	Grasped	Bottle	
6.310547:6.837891:-15.9082	8.630859:9.285645:-15.59619	8.296875:6.912598:-20.44775	6.706055:11.46973:-15.24023	-0.2111748:14.60651:-37.61094	Grasped	CupRight	
7.527832:6.815918:-16.10596	9.645996:9.479004:-15.90381	9.215332:7.242188:-20.66748	7.562988:11.4917:-15.27539	-0.2401367:14.63586:-37.68807	Grasped	CupRight	
7.527832:6.815918:-16.10596	9.645996:9.479004:-15.90381	9.215332:7.242188:-20.66748	7.562988:11.4917:-15.27539	-0.2289461:14.62666:-37.66046	Grasped	CupRight	
7.527832:6.815918:-16.10596	9.645996:9.479004:-15.90381	9.215332:7.242188:-20.66748	7.562988:11.4917:-15.27539	-0.2259751:14.62659:-37.65054	Grasped	CupRight	
8.71875:6.622559:-16.18945	10.65674:9.522949:-16.09717	10.06787:7.488281:-20.79492	8.274902:11.37305:-15.19189	-0.1827339:14.60729:-37.56801	Grasped	CupRight	
8.71875:6.622559:-16.18945	10.65674:9.522949:-16.09717	10.06787:7.488281:-20.79492	8.274902:11.37305:-15.19189	-0.1847245:14.60796:-37.56165	Grasped	CupRight	
8.71875:6.622559:-16.18945	10.65674:9.522949:-16.09717	10.06787:7.488281:-20.79492	8.274902:11.37305:-15.19189	-0.2215952:14.65204:-37.66975	Grasped	CupRight	
8.71875:6.622559:-16.18945	10.65674:9.522949:-16.09717	10.06787:7.488281:-20.79492	8.274902:11.37305:-15.19189	-0.2367424:14.67075:-37.70914	Grasped	CupRight	
9.725098:6.407227:-16.28174	11.43018:9.483398:-16.25537	10.70947:7.624512:-20.86084	8.942871:11.20605:-15.06445	-0.2366348:14.66882:-37.70519	Grasped	CupRight	
9.725098:6.407227:-16.28174	11.43018:9.483398:-16.25537	10.70947:7.624512:-20.86084	8.942871:11.20605:-15.06445	-0.2170326:14.64701:-37.64743	Grasped	CupRight	
9.725098:6.407227:-16.28174	11.43018:9.483398:-16.25537	10.70947:7.624512:-20.86084	8.942871:11.20605:-15.06445	-0.2238465:14.65471:-37.66768	Grasped	CupRight	
10.49854:6.1875:-16.33447	11.99707:9.290039:-16.35205	11.17529:7.694824:-20.87402	9.470215:10.95117:-14.89746	-0.2153804:14.64743:-37.6417	Grasped	CupRight	
10.49854:6.1875:-16.33447	11.99707:9.290039:-16.35205	11.17529:7.694824:-20.87402	9.470215:10.95117:-14.89746	-0.2112442:14.64617:-37.63302	Grasped	CupRight	
10.49854:6.1875:-16.33447	11.99707:9.290039:-16.35205	11.17529:7.694824:-20.87402	9.470215:10.95117:-14.89746	-0.186911:14.61726:-37.56395	Grasped	CupRight	
10.49854:6.1875:-16.33447	11.99707:9.290039:-16.35205	11.17529:7.694824:-20.87402	9.470215:10.95117:-14.89746	-0.1929441:14.62122:-37.57697	Grasped	CupRight	
11.0874:5.844727:-16.36084	12.4541:8.973633:-16.38281	11.46533:7.694824:-20.87842	9.861328:10.59082:-14.71289	-0.1863681:14.61089:-37.55798	Grasped	CupRight	
11.0874:5.844727:-16.36084	12.4541:8.973633:-16.38281	11.46533:7.694824:-20.87842	9.861328:10.59082:-14.71289	-0.1976708:14.62487:-37.59299	Grasped	CupRight	
11.0874:5.844727:-16.36084	12.4541:8.973633:-16.38281	11.46533:7.694824:-20.87842	9.861328:10.59082:-14.71289	-0.2022858:14.62828:-37.60502	Grasped	CupRight	
11.54883:5.484375:-16.38281	12.74854:8.661621:-16.30811	11.61475:7.655273:-20.84766	10.18652:10.11182:-14.4624	-0.1642703:14.58698:-37.49397	Grasped	CupRight	
11.54883:5.484375:-16.38281	12.74854:8.661621:-16.30811	11.61475:7.655273:-20.84766	10.18652:10.11182:-14.4624	-0.149478:14.56816:-37.4386	Grasped	CupRight	
11.54883:5.484375:-16.38281	12.74854:8.661621:-16.30811	11.61475:7.655273:-20.84766	10.18652:10.11182:-14.4624	-0.1482383:14.56814:-37.43501	Grasped	CupRight	
11.54883:5.484375:-16.38281	12.74854:8.661621:-16.30811	11.61475:7.655273:-20.84766	10.18652:10.11182:-14.4624	-0.1478029:14.56747:-37.43074	Grasped	CupRight	
11.87402:5.040527:-16.44434	12.93311:8.318848:-16.15869	11.64111:7.628906:-20.80811	10.3667:9.654785:-14.2251	0.2443675:14.29905:-36.54617	Grasped	Default	
11.87402:5.040527:-16.44434	12.93311:8.318848:-16.15869	11.64111:7.628906:-20.80811	10.3667:9.654785:-14.2251	-0.06005204:14.60363:-37.39355	Grasped	Default	
11.87402:5.040527:-16.44434	12.93311:8.318848:-16.15869	11.64111:7.628906:-20.80811	10.3667:9.654785:-14.2251	-0.05057988:14.59342:-37.34241	Grasped	Default	
12.0498:4.772461:-16.44434	12.97266:8.028809:-16.03125	11.59717:7.650879:-20.729	10.43701:9.272461:-14.00537	-0.05676374:14.60116:-37.37012	Grasped	Default	
12.0498:4.772461:-16.44434	12.97266:8.028809:-16.03125	11.59717:7.650879:-20.729	10.43701:9.272461:-14.00537	-0.0452432:14.59283:-37.34798	Grasped	Default	
12.0498:4.772461:-16.44434	12.97266:8.028809:-16.03125	11.59717:7.650879:-20.729	10.43701:9.272461:-14.00537	-0.01992187:14.57191:-37.28825	Grasped	Default	
12.0498:4.772461:-16.44434	12.97266:8.028809:-16.03125	11.59717:7.650879:-20.729	10.43701:9.272461:-14.00537	-0.04437813:14.5939:-37.35208	Grasped	Default	
12.17725:4.592285:-16.43555	12.87598:7.848633:-15.87744	11.4873:7.747559:-20.64111	10.39307:8.916504:-13.79443	-0.043075:14.59206:-37.34906	Grasped	Default	
12.17725:4.592285:-16.43555	12.87598:7.848633:-15.87744	11.4873:7.747559:-20.64111	10.39307:8.916504:-13.79443	-0.04206732:14.58855:-37.33785	Grasped	Default	
12.17725:4.592285:-16.43555	12.87598:7.848633:-15.87744	11.4873:7.747559:-20.64111	10.39307:8.916504:-13.79443	-0.02650619:14.57757:-37.30391	Grasped	Default	
12.22998:4.587891:-16.42236	12.78369:7.804688:-15.69727	11.38184:7.853027:-20.5752	10.30957:8.635254:-13.64941	-0.021198:14.57296:-37.29251	Grasped	Default	
12.22998:4.587891:-16.42236	12.78369:7.804688:-15.69727	11.38184:7.853027:-20.5752	10.30957:8.635254:-13.64941	-0.009704947:14.56423:-37.26546	Grasped	Default	
12.22998:4.587891:-16.42236	12.78369:7.804688:-15.69727	11.38184:7.853027:-20.5752	10.30957:8.635254:-13.64941	-0.02032685:14.56895:-37.27966	Grasped	Default	
12.22998:4.587891:-16.42236	12.78369:7.804688:-15.69727	11.38184:7.853027:-20.5752	10.30957:8.635254:-13.64941	-0.007711709:14.56081:-37.24849	Grasped	Default	
12.2915:4.539551:-16.46191	12.66064:7.809082:-15.55225	11.27197:7.962891:-20.52686	10.23926:8.397949:-13.53516	-0.00595355:14.55922:-37.24054	Grasped	Default	
12.2915:4.539551:-16.46191	12.66064:7.809082:-15.55225	11.27197:7.962891:-20.52686	10.23926:8.397949:-13.53516	-0.04155427:14.5843:-37.31545	Grasped	Default	
12.2915:4.539551:-16.46191	12.66064:7.809082:-15.55225	11.27197:7.962891:-20.52686	10.23926:8.397949:-13.53516	-0.05174777:14.5903:-37.33765	Grasped	Default	
12.32666:4.486816:-16.51904	12.50684:7.82666:-15.41602	11.18408:8.094727:-20.49609	10.14697:8.173828:-13.45605	-0.04078439:14.58445:-37.3095	Grasped	Default	
12.32666:4.486816:-16.51904	12.50684:7.82666:-15.41602	11.18408:8.094727:-20.49609	10.14697:8.173828:-13.45605	-0.06978542:14.60519:-37.38155	Grasped	Default	
12.32666:4.486816:-16.51904	12.50684:7.82666:-15.41602	11.18408:8.094727:-20.49609	10.14697:8.173828:-13.45605	-0.04889002:14.58955:-37.3252	Grasped	Default	
12.32666:4.486816:-16.51904	12.50684:7.82666:-15.41602	11.18408:8.094727:-20.49609	10.14697:8.173828:-13.45605	-0.05516371:14.59235:-37.33974	Grasped	Default	
12.34424:4.491211:-16.56738	12.38379:7.883789:-15.28418	11.0874:8.213379:-20.48291	10.05029:7.958496:-13.40332	-0.05088916:14.59064:-37.32297	Grasped	Default	
12.34424:4.491211:-16.56738	12.38379:7.883789:-15.28418	11.0874:8.213379:-20.48291	10.05029:7.958496:-13.40332	-0.06981546:14.60289:-37.36761	Grasped	Default	
12.34424:4.491211:-16.56738	12.38379:7.883789:-15.28418	11.0874:8.213379:-20.48291	10.05029:7.958496:-13.40332	-0.06912115:14.60121:-37.36018	Grasped	Default	
12.39258:4.530762:-16.59814	12.18164:7.861816:-15.21387	10.99072:8.305664:-20.46094	9.975586:7.760742:-13.35498	-0.109031:14.62982:-37.46508	Grasped	Default	
12.39258:4.530762:-16.59814	12.18164:7.861816:-15.21387	10.99072:8.305664:-20.46094	9.975586:7.760742:-13.35498	-0.1224354:14.64337:-37.50031	Grasped	Default	
12.39258:4.530762:-16.59814	12.18164:7.861816:-15.21387	10.99072:8.305664:-20.46094	9.975586:7.760742:-13.35498	-0.1235:14.64298:-37.50146	Grasped	Default	
12.39258:4.530762:-16.59814	12.18164:7.861816:-15.21387	10.99072:8.305664:-20.46094	9.975586:7.760742:-13.35498	-0.1483409:14.66307:-37.56417	Grasped	Default	
12.46289:4.464844:-16.64209	12.06738:7.769531:-15.09082	10.89404:8.375977:-20.41699	9.905273:7.49707:-13.31104	-0.2224759:14.68275:-37.72204	Grasped	Default	
12.46289:4.464844:-16.64209	12.06738:7.769531:-15.09082	10.89404:8.375977:-20.41699	9.905273:7.49707:-13.31104	-0.1650647:14.63521:-37.58559	Grasped	Default	
12.46289:4.464844:-16.64209	12.06738:7.769531:-15.09082	10.89404:8.375977:-20.41699	9.905273:7.49707:-13.31104	-0.1742704:14.6542:-37.62511	Grasped	Default	
12.46289:4.464844:-16.64209	12.06738:7.769531:-15.09082	10.89404:8.375977:-20.41699	9.905273:7.49707:-13.31104	-0.1611964:14.6379:-37.57972	Grasped	Default	
12.49365:4.54834:-16.66406	11.88281:7.800293:-14.98535	10.79297:8.428711:-20.38623	9.839355:7.211426:-13.28027	-0.1425548:14.62313:-37.52988	Grasped	Default	
12.49365:4.54834:-16.66406	11.88281:7.800293:-14.98535	10.79297:8.428711:-20.38623	9.839355:7.211426:-13.28027	-0.1432049:14.62238:-37.52711	Grasped	Default	
12.49365:4.54834:-16.66406	11.88281:7.800293:-14.98535	10.79297:8.428711:-20.38623	9.839355:7.211426:-13.28027	-0.1396472:14.61997:-37.51656	Grasped	Default	
12.48926:4.59668:-16.64648	11.71143:7.773926:-14.88867	10.67871:8.477051:-20.35107	9.769043:7.009277:-13.24512	-0.1339763:14.61241:-37.50277	Grasped	Default	
12.48926:4.59668:-16.64648	11.71143:7.773926:-14.88867	10.67871:8.477051:-20.35107	9.769043:7.009277:-13.24512	-0.1374682:14.61403:-37.50954	Grasped	Default	
12.48926:4.59668:-16.64648	11.71143:7.773926:-14.88867	10.67871:8.477051:-20.35107	9.769043:7.009277:-13.24512	-0.1333174:14.60955:-37.50145	Grasped	Default	
12.48486:4.539551:-16.68604	11.5708:7.760742:-14.80957	10.57324:8.507813:-20.31152	9.685547:6.864258:-13.20996	-0.1408727:14.61441:-37.51581	Grasped	Default	
12.48486:4.539551:-16.68604	11.5708:7.760742:-14.80957	10.57324:8.507813:-20.31152	9.685547:6.864258:-13.20996	-0.1490462:14.62129:-37.53866	Grasped	Default	
12.48486:4.539551:-16.68604	11.5708:7.760742:-14.80957	10.57324:8.507813:-20.31152	9.685547:6.864258:-13.20996	-0.1507594:14.62164:-37.54247	Grasped	Default	
12.48486:4.539551:-16.68604	11.5708:7.760742:-14.80957	10.57324:8.507813:-20.31152	9.685547:6.864258:-13.20996	-0.1662239:14.63604:-37.56057	Grasped	Default	
12.41455:4.561523:-16.70361	11.37305:7.756348:-14.7041	10.45898:8.556152:-20.25879	9.593262:6.692871:-13.17041	-0.08668879:14.55091:-37.34053	Grasped	Default	
12.41455:4.561523:-16.70361	11.37305:7.756348:-14.7041	10.45898:8.556152:-20.25879	9.593262:6.692871:-13.17041	-0.08436894:14.54599:-37.32903	Grasped	Default	
12.41455:4.561523:-16.70361	11.37305:7.756348:-14.7041	10.45898:8.556152:-20.25879	9.593262:6.692871:-13.17041	-0.1015555:14.56634:-37.37814	Grasped	Default	
12.41016:4.561523:-16.66406	11.17969:7.751953:-14.61621	10.32715:8.595703:-20.19287	9.487793:6.534668:-13.13086	-0.103469:14.56793:-37.38652	Grasped	Default	
12.41016:4.561523:-16.66406	11.17969:7.751953:-14.61621	10.32715:8.595703:-20.19287	9.487793:6.534668:-13.13086	-0.078004:14.54606:-37.32286	Grasped	Default	
12.41016:4.561523:-16.66406	11.17969:7.751953:-14.61621	10.32715:8.595703:-20.19287	9.487793:6.534668:-13.13086	-0.06707147:14.53453:-37.28999	Grasped	Default	
12.41016:4.561523:-16.66406	11.17969:7.751953:-14.61621	10.32715:8.595703:-20.19287	9.487793:6.534668:-13.13086	-0.06523696:14.53373:-37.28212	Grasped	Default	
12.33105:4.649414:-16.59814	10.97754:7.769531:-14.53711	10.18652:8.626465:-20.13135	9.364746:6.464355:-13.07813	-0.05140677:14.52214:-37.24815	Grasped	Default	
12.33105:4.649414:-16.59814	10.97754:7.769531:-14.53711	10.18652:8.626465:-20.13135	9.364746:6.464355:-13.07813	-0.03871313:14.5111:-37.21532	Grasped	Bottle	
12.33105:4.649414:-16.59814	10.97754:7.769531:-14.53711	10.18652:8.626465:-20.13135	9.364746:6.464355:-13.07813	-0.03657436:14.5056:-37.2052	Grasped	Bottle	
12.19043:4.768066:-16.54102	10.72266:7.809082:-14.49316	10.03711:8.666016:-20.06543	9.219727:6.42041:-13.01221	-0.04326987:14.50781:-37.22187	Grasped	Bottle	
12.19043:4.768066:-16.54102	10.72266:7.809082:-14.49316	10.03711:8.666016:-20.06543	9.219727:6.42041:-13.01221	-0.04998055:14.51387:-37.23787	Grasped	Bottle	
12.19043:4.768066:-16.54102	10.72266:7.809082:-14.49316	10.03711:8.666016:-20.06543	9.219727:6.42041:-13.01221	-0.04982737:14.51495:-37.23977	Grasped	Bottle	
12.19043:4.768066:-16.54102	10.72266:7.809082:-14.49316	10.03711:8.666016:-20.06543	9.219727:6.42041:-13.01221	-0.04945758:14.51066:-37.23498	Grasped	Bottle	
12.07178:4.860352:-16.49707	10.49854:7.848633:-14.43164	9.861328:8.714355:-19.99072	9.101074:6.354492:-12.95508	-0.06300446:14.52222:-37.27057	Grasped	Bottle	
12.07178:4.860352:-16.49707	10.49854:7.848633:-14.43164	9.861328:8.714355:-19.99072	9.101074:6.354492:-12.95508	-0.07491297:14.53503:-37.30527	Grasped	Bottle	
12.07178:4.860352:-16.49707	10.49854:7.848633:-14.43164	9.861328:8.714355:-19.99072	9.101074:6.354492:-12.95508	-0.06888223:14.52771:-37.29016	Grasped	Bottle	
11.95752:4.92627:-16.44434	10.34033:7.835449:-14.35254	9.729492:8.745117:-19.93799	8.995605:6.297363:-12.90674	-0.09927765:14.5564:-37.36675	Grasped	Bottle	
11.95752:4.92627:-16.44434	10.34033:7.835449:-14.35254	9.729492:8.745117:-19.93799	8.995605:6.297363:-12.90674	-0.1178923:14.57292:-37.41518	Grasped	Bottle	
11.95752:4.92627:-16.44434	10.34033:7.835449:-14.35254	9.729492:8.745117:-19.93799	8.995605:6.297363:-12.90674	-0.1727093:14.62475:-37.55777	Grasped	Bottle	
11.95752:4.92627:-16.44434	10.34033:7.835449:-14.35254	9.729492:8.745117:-19.93799	8.995605:6.297363:-12.90674	-0.189243:14.64127:-37.6019	Grasped	Bottle	
11.90918:4.957031:-16.42676	10.22168:7.875:-14.28223	9.637207:8.76709:-19.89844	8.925293:6.28418:-12.86279	-0.1873386:14.63781:-37.59444	Grasped	Bottle	
11.90918:4.957031:-16.42676	10.22168:7.875:-14.28223	9.637207:8.76709:-19.89844	8.925293:6.28418:-12.86279	-0.178189:14.63132:-37.57834	Grasped	Bottle	
11.90918:4.957031:-16.42676	10.22168:7.875:-14.28223	9.637207:8.76709:-19.89844	8.925293:6.28418:-12.86279	-0.1694146:14.62298:-37.55833	Grasped	Bottle	
11.79053:5.009766:-16.40918	10.12939:7.945313:-14.25146	9.5625:8.793457:-19.87207	8.85498:6.28418:-12.83643	-0.1757033:14.6274:-37.57158	Grasped	Bottle	
11.79053:5.009766:-16.40918	10.12939:7.945313:-14.25146	9.5625:8.793457:-19.87207	8.85498:6.28418:-12.83643	-0.1750831:14.62725:-37.56903	Grasped	Bottle	
11.79053:5.009766:-16.40918	10.12939:7.945313:-14.25146	9.5625:8.793457:-19.87207	8.85498:6.28418:-12.83643	-0.174001:14.62605:-37.5658	Grasped	Bottle	
11.79053:5.009766:-16.40918	10.12939:7.945313:-14.25146	9.5625:8.793457:-19.87207	8.85498:6.28418:-12.83643	-0.1732541:14.62535:-37.56122	Grasped	Bottle	
11.75098:5.053711:-16.41797	10.01074:7.97168:-14.2207	9.500977:8.819824:-19.8501	8.81543:6.253418:-12.82324	-0.181093:14.63229:-37.58352	Grasped	Bottle	
11.75098:5.053711:-16.41797	10.01074:7.97168:-14.2207	9.500977:8.819824:-19.8501	8.81543:6.253418:-12.82324	-0.2218906:14.64544:-37.66394	Grasped	CupRight	
11.75098:5.053711:-16.41797	10.01074:7.97168:-14.2207	9.500977:8.819824:-19.8501	8.81543:6.253418:-12.82324	-0.2998545:14.73292:-37.89751	Grasped	Bottle	
11.76416:5.058105:-16.43555	9.949219:7.936523:-14.21631	9.457031:8.833008:-19.8457	8.841797:6.174316:-12.82764	-0.2651475:14.69276:-37.78315	Grasped	CupRight	
11.76416:5.058105:-16.43555	9.949219:7.936523:-14.21631	9.457031:8.833008:-19.8457	8.841797:6.174316:-12.82764	-0.2464534:14.67045:-37.73529	Grasped	CupRight	
11.76416:5.058105:-16.43555	9.949219:7.936523:-14.21631	9.457031:8.833008:-19.8457	8.841797:6.174316:-12.82764	-0.2536446:14.67741:-37.7578	Grasped	CupRight	
11.76416:5.058105:-16.43555	9.949219:7.936523:-14.21631	9.457031:8.833008:-19.8457	8.841797:6.174316:-12.82764	-0.2465958:14.67269:-37.74675	Grasped	Bottle	
11.77295:5.071289:-16.46191	9.958008:7.910156:-14.21191	9.430664:8.833008:-19.8457	8.885742:6.112793:-12.83643	-0.2441766:14.66775:-37.73239	Grasped	CupRight	
11.77295:5.071289:-16.46191	9.958008:7.910156:-14.21191	9.430664:8.833008:-19.8457	8.885742:6.112793:-12.83643	-0.2413946:14.6658:-37.72451	Grasped	CupRight	
11.77295:5.071289:-16.46191	9.958008:7.910156:-14.21191	9.430664:8.833008:-19.8457	8.885742:6.112793:-12.83643	-0.2413511:14.66456:-37.72139	Grasped	CupRight	
11.80811:5.009766:-16.52344	10.01953:7.910156:-14.23828	9.439453:8.828613:-19.8501	8.938477:6.112793:-12.84082	-0.2402045:14.66205:-37.71657	Grasped	CupRight	
11.80811:5.009766:-16.52344	10.01953:7.910156:-14.23828	9.439453:8.828613:-19.8501	8.938477:6.112793:-12.84082	-0.2444469:14.66622:-37.72669	Grasped	CupRight	
11.80811:5.009766:-16.52344	10.01953:7.910156:-14.23828	9.439453:8.828613:-19.8501	8.938477:6.112793:-12.84082	-0.2440654:14.6688:-37.735	Grasped	CupRight	
11.8125:5.005371:-16.56738	10.09424:7.879395:-14.25586	9.479004:8.837402:-19.87207	9.021973:6.104004:-12.8584	-0.245681:14.6701:-37.73898	Grasped	CupRight	
11.8125:5.005371:-16.56738	10.09424:7.879395:-14.25586	9.479004:8.837402:-19.87207	9.021973:6.104004:-12.8584	-0.2455954:14.66791:-37.73112	Grasped	CupRight	
11.8125:5.005371:-16.56738	10.09424:7.879395:-14.25586	9.479004:8.837402:-19.87207	9.021973:6.104004:-12.8584	-0.2614391:14.68896:-37.78579	Grasped	CupRight	
11.8125:5.005371:-16.56738	10.09424:7.879395:-14.25586	9.479004:8.837402:-19.87207	9.021973:6.104004:-12.8584	-0.2642046:14.69367:-37.79695	Grasped	CupRight	
11.90918:5.005371:-16.58936	10.15137:7.883789:-14.26025	9.51416:8.846191:-19.88965	9.087891:6.09082:-12.88037	-0.2632356:14.69338:-37.79618	Grasped	Bottle	
11.90918:5.005371:-16.58936	10.15137:7.883789:-14.26025	9.51416:8.846191:-19.88965	9.087891:6.09082:-12.88037	-0.2457208:14.67872:-37.76244	Grasped	Bottle	
11.90918:5.005371:-16.58936	10.15137:7.883789:-14.26025	9.51416:8.846191:-19.88965	9.087891:6.09082:-12.88037	-0.2293342:14.66968:-37.74703	Grasped	Bottle	
11.90918:5.005371:-16.58936	10.15137:7.883789:-14.26025	9.51416:8.846191:-19.88965	9.087891:6.09082:-12.88037	-0.2368151:14.669:-37.73965	Grasped	Bottle	
11.96191:5.005371:-16.60254	10.18652:7.879395:-14.26904	9.540527:8.850586:-19.90723	9.131836:6.104004:-12.90234	-0.2453773:14.67711:-37.76284	Grasped	Bottle	
11.96191:5.005371:-16.60254	10.18652:7.879395:-14.26904	9.540527:8.850586:-19.90723	9.131836:6.104004:-12.90234	-0.2349486:14.66418:-37.73083	Grasped	CupRight	
11.96191:5.005371:-16.60254	10.18652:7.879395:-14.26904	9.540527:8.850586:-19.90723	9.131836:6.104004:-12.90234	-0.2238833:14.64941:-37.69546	Grasped	CupRight	
11.9707:5.018555:-16.61133	10.21289:7.892578:-14.29541	9.5625:8.85498:-19.9292	9.149414:6.099609:-12.92871	-0.2242108:14.64869:-37.6923	Grasped	CupRight	
11.9707:5.018555:-16.61133	10.21289:7.892578:-14.29541	9.5625:8.85498:-19.9292	9.149414:6.099609:-12.92871	-0.201364:14.62217:-37.62378	Grasped	CupRight	
11.9707:5.018555:-16.61133	10.21289:7.892578:-14.29541	9.5625:8.85498:-19.9292	9.149414:6.099609:-12.92871	-0.1882056:14.60737:-37.58509	Grasped	CupRight	
11.9707:5.018555:-16.61133	10.21289:7.892578:-14.29541	9.5625:8.85498:-19.9292	9.149414:6.099609:-12.92871	-0.1826078:14.60212:-37.57182	Grasped	CupRight	
11.98828:5.009766:-16.65967	10.25244:7.879395:-14.3042	9.575684:8.846191:-19.95117	9.180176:6.064453:-12.95947	-0.1808091:14.6007:-37.56903	Grasped	CupRight	
11.98828:5.009766:-16.65967	10.25244:7.879395:-14.3042	9.575684:8.846191:-19.95117	9.180176:6.064453:-12.95947	-0.123648:14.57144:-37.48249	Grasped	Bottle	
11.98828:5.009766:-16.65967	10.25244:7.879395:-14.3042	9.575684:8.846191:-19.95117	9.180176:6.064453:-12.95947	-0.2092588:14.65071:-37.69078	Grasped	Bottle	
11.98828:5.009766:-16.65967	10.25244:7.879395:-14.3042	9.575684:8.846191:-19.95117	9.180176:6.064453:-12.95947	-0.1894048:14.62948:-37.64401	Grasped	Bottle	
12.00146:4.979004:-16.68604	10.32275:7.817871:-14.32178	9.593262:8.824219:-19.97754	9.210938:6.020508:-12.98145	-0.1948656:14.64083:-37.64213	Grasped	Bottle	
12.00146:4.979004:-16.68604	10.32275:7.817871:-14.32178	9.593262:8.824219:-19.97754	9.210938:6.020508:-12.98145	-0.1539216:14.59926:-37.53535	Grasped	Bottle	
12.00146:4.979004:-16.68604	10.32275:7.817871:-14.32178	9.593262:8.824219:-19.97754	9.210938:6.020508:-12.98145	-0.1573953:14.5986:-37.54018	Grasped	Bottle	
12.04541:4.930664:-16.7168	10.43262:7.756348:-14.31738	9.615234:8.797852:-19.99512	9.250488:5.958984:-13.00342	-0.1664047:14.60903:-37.56675	Grasped	Bottle	
12.04541:4.930664:-16.7168	10.43262:7.756348:-14.31738	9.615234:8.797852:-19.99512	9.250488:5.958984:-13.00342	-0.1498284:14.59391:-37.52291	Grasped	Bottle	
12.04541:4.930664:-16.7168	10.43262:7.756348:-14.31738	9.615234:8.797852:-19.99512	9.250488:5.958984:-13.00342	-0.1389773:14.58457:-37.49393	Grasped	Bottle	
12.08936:4.864746:-16.72998	10.47656:7.712402:-14.34375	9.628418:8.775879:-19.99512	9.28125:5.919434:-13.01221	-0.1198353:14.56571:-37.44203	Grasped	Bottle	
12.08936:4.864746:-16.72998	10.47656:7.712402:-14.34375	9.628418:8.775879:-19.99512	9.28125:5.919434:-13.01221	-0.1225462:14.56874:-37.44615	Grasped	Bottle	
12.08936:4.864746:-16.72998	10.47656:7.712402:-14.34375	9.628418:8.775879:-19.99512	9.28125:5.919434:-13.01221	-0.1366074:14.58352:-37.48601	Grasped	Bottle	
12.11572:4.833984:-16.74756	10.50732:7.694824:-14.33057	9.637207:8.749512:-19.99951	9.312012:5.85791:-13.02539	-0.1404479:14.58704:-37.49559	Grasped	Bottle	
12.11572:4.833984:-16.74756	10.50732:7.694824:-14.33057	9.637207:8.749512:-19.99951	9.312012:5.85791:-13.02539	-0.1636831:14.60993:-37.55665	Grasped	Bottle	
12.11572:4.833984:-16.74756	10.50732:7.694824:-14.33057	9.637207:8.749512:-19.99951	9.312012:5.85791:-13.02539	-0.1486615:14.59256:-37.51432	Grasped	Bottle	
12.11572:4.833984:-16.74756	10.50732:7.694824:-14.33057	9.637207:8.749512:-19.99951	9.312012:5.85791:-13.02539	-0.1459009:14.59021:-37.50696	Grasped	Bottle	
12.22998:4.763672:-16.73438	10.55566:7.633301:-14.32178	9.637207:8.71875:-20.00391	9.342773:5.765625:-13.04736	-0.1477081:14.59135:-37.51262	Grasped	Bottle	
12.22998:4.763672:-16.73438	10.55566:7.633301:-14.32178	9.637207:8.71875:-20.00391	9.342773:5.765625:-13.04736	-0.1534393:14.59656:-37.52912	Grasped	Bottle	
12.22998:4.763672:-16.73438	10.55566:7.633301:-14.32178	9.637207:8.71875:-20.00391	9.342773:5.765625:-13.04736	-0.1654441:14.60909:-37.56351	Grasped	Bottle	
12.22998:4.763672:-16.73438	10.55566:7.633301:-14.32178	9.637207:8.71875:-20.00391	9.342773:5.765625:-13.04736	-0.1685659:14.61127:-37.57081	Grasped	Bottle	
12.19922:4.754883:-16.76074	10.58203:7.598145:-14.29541	9.632813:8.705566:-20.0083	9.347168:5.704102:-13.06494	-0.1398572:14.58017:-37.48926	Grasped	Bottle	
12.19922:4.754883:-16.76074	10.58203:7.598145:-14.29541	9.632813:8.705566:-20.0083	9.347168:5.704102:-13.06494	-0.1226309:14.56299:-37.44363	Grasped	Bottle	
12.19922:4.754883:-16.76074	10.58203:7.598145:-14.29541	9.632813:8.705566:-20.0083	9.347168:5.704102:-13.06494	-0.1339142:14.5743:-37.47216	Grasped	Bottle	
12.20361:4.759277:-16.75635	10.59521:7.59375:-14.29541	9.632813:8.696777:-20.0127	9.338379:5.704102:-13.06934	-0.1133758:14.55059:-37.4095	Grasped	Bottle	
12.20361:4.759277:-16.75635	10.59521:7.59375:-14.29541	9.632813:8.696777:-20.0127	9.338379:5.704102:-13.06934	-0.1136336:14.55074:-37.41072	Grasped	Bottle	
12.20361:4.759277:-16.75635	10.59521:7.59375:-14.29541	9.632813:8.696777:-20.0127	9.338379:5.704102:-13.06934	-0.1520236:14.58605:-37.5133	Grasped	Bottle	
12.17285:4.73291:-16.76953	10.58643:7.571777:-14.28662	9.628418:8.687988:-20.01709	9.303223:5.699707:-13.06934	-0.08822799:14.51027:-37.34195	Grasped	CupRight	
12.17285:4.73291:-16.76953	10.58643:7.571777:-14.28662	9.628418:8.687988:-20.01709	9.303223:5.699707:-13.06934	-0.2102886:14.63756:-37.66795	Grasped	CupRight	
12.17285:4.73291:-16.76953	10.58643:7.571777:-14.28662	9.628418:8.687988:-20.01709	9.303223:5.699707:-13.06934	-0.1733665:14.60135:-37.56694	Grasped	CupRight	
12.12451:4.697754:-16.77832	10.59082:7.549805:-14.28223	9.615234:8.657227:-20.0127	9.272461:5.682129:-13.06055	-0.1927663:14.62011:-37.61886	Grasped	CupRight	
12.12451:4.697754:-16.77832	10.59082:7.549805:-14.28223	9.615234:8.657227:-20.0127	9.272461:5.682129:-13.06055	-0.1738651:14.59961:-37.56813	Grasped	CupRight	
12.12451:4.697754:-16.77832	10.59082:7.549805:-14.28223	9.615234:8.657227:-20.0127	9.272461:5.682129:-13.06055	-0.1878362:14.61607:-37.60685	Grasped	CupRight	
12.12451:4.697754:-16.77832	10.59082:7.549805:-14.28223	9.615234:8.657227:-20.0127	9.272461:5.682129:-13.06055	-0.1861976:14.61758:-37.60959	Grasped	Bottle	
12.12451:4.697754:-16.77832	10.59082:7.549805:-14.28223	9.615234:8.657227:-20.0127	9.272461:5.682129:-13.06055	-0.1805014:14.60792:-37.58101	Grasped	CupRight	
12.09375:4.724121:-16.70801	10.56006:7.611328:-14.25146	9.588867:8.652832:-19.97314	9.219727:5.712891:-13.00781	-0.1895581:14.61789:-37.60686	Grasped	CupRight	
12.09375:4.724121:-16.70801	10.56006:7.611328:-14.25146	9.588867:8.652832:-19.97314	9.219727:5.712891:-13.00781	-0.1819902:14.60762:-37.58016	Grasped	CupRight	
12.09375:4.724121:-16.70801	10.56006:7.611328:-14.25146	9.588867:8.652832:-19.97314	9.219727:5.712891:-13.00781	-0.1513159:14.57174:-37.48356	Grasped	CupRight	
12.08057:4.803223:-16.59814	10.5249:7.773926:-14.11523	9.549316:8.705566:-19.89404	9.158203:5.849121:-12.89795	-0.1617043:14.58458:-37.51401	Grasped	CupRight	
12.08057:4.803223:-16.59814	10.5249:7.773926:-14.11523	9.549316:8.705566:-19.89404	9.158203:5.849121:-12.89795	-0.1567082:14.57929:-37.49312	Grasped	CupRight	
12.08057:4.803223:-16.59814	10.5249:7.773926:-14.11523	9.549316:8.705566:-19.89404	9.158203:5.849121:-12.89795	-0.1521285:14.57551:-37.47651	Grasped	CupRight	
12.01904:4.992188:-16.40479	10.43262:7.993652:-13.96582	9.496582:8.797852:-19.75781	9.114258:5.994141:-12.73535	-0.1529388:14.57384:-37.47226	Grasped	CupRight	
12.01904:4.992188:-16.40479	10.43262:7.993652:-13.96582	9.496582:8.797852:-19.75781	9.114258:5.994141:-12.73535	-0.156521:14.57621:-37.48309	Grasped	CupRight	
12.01904:4.992188:-16.40479	10.43262:7.993652:-13.96582	9.496582:8.797852:-19.75781	9.114258:5.994141:-12.73535	-0.1783094:14.59931:-37.53723	Grasped	CupRight	
12.01904:4.992188:-16.40479	10.43262:7.993652:-13.96582	9.496582:8.797852:-19.75781	9.114258:5.994141:-12.73535	-0.1831455:14.60523:-37.5523	Grasped	CupRight	
11.97949:5.097656:-16.24658	10.42822:8.077148:-13.80322	9.448242:8.890137:-19.58203	9.123047:6.068848:-12.56396	-0.1647884:14.58557:-37.4996	Grasped	CupRight	
11.97949:5.097656:-16.24658	10.42822:8.077148:-13.80322	9.448242:8.890137:-19.58203	9.123047:6.068848:-12.56396	-0.169456:14.58691:-37.50591	Grasped	CupRight	
11.97949:5.097656:-16.24658	10.42822:8.077148:-13.80322	9.448242:8.890137:-19.58203	9.123047:6.068848:-12.56396	-0.1821776:14.60055:-37.54245	Grasped	CupRight	
11.97949:5.097656:-16.24658	10.42822:8.077148:-13.80322	9.448242:8.890137:-19.58203	9.123047:6.068848:-12.56396	-0.1227134:14.53507:-37.37725	Grasped	CupRight	
12.01025:5.141602:-16.12793	10.4502:8.169434:-13.58789	9.404297:8.947266:-19.40625	9.206543:6.05127:-12.37939	-0.1437793:14.55624:-37.42512	Grasped	CupRight	
12.01025:5.141602:-16.12793	10.4502:8.169434:-13.58789	9.404297:8.947266:-19.40625	9.206543:6.05127:-12.37939	-0.1251439:14.53592:-37.37604	Grasped	CupRight	
12.01025:5.141602:-16.12793	10.4502:8.169434:-13.58789	9.404297:8.947266:-19.40625	9.206543:6.05127:-12.37939	-0.1325186:14.54432:-37.39155	Grasped	CupRight	
12.0542:5.163574:-16.00049	10.48975:8.182617:-13.40332	9.382324:8.969238:-19.21729	9.298828:5.994141:-12.2124	-0.1323597:14.5485:-37.40403	Grasped	CupRight	
12.0542:5.163574:-16.00049	10.48975:8.182617:-13.40332	9.382324:8.969238:-19.21729	9.298828:5.994141:-12.2124	-0.1321378:14.55246:-37.41166	Grasped	CupRight	
12.0542:5.163574:-16.00049	10.48975:8.182617:-13.40332	9.382324:8.969238:-19.21729	9.298828:5.994141:-12.2124	-0.1323356:14.55402:-37.40662	Grasped	CupRight	
12.08057:5.194336:-15.85547	10.53369:8.134277:-13.19678	9.338379:8.947266:-19.02393	9.391113:5.862305:-12.04102	-0.1292371:14.55076:-37.39695	Grasped	CupRight	
12.08057:5.194336:-15.85547	10.53369:8.134277:-13.19678	9.338379:8.947266:-19.02393	9.391113:5.862305:-12.04102	-0.1317087:14.55639:-37.40843	Grasped	CupRight	
12.08057:5.194336:-15.85547	10.53369:8.134277:-13.19678	9.338379:8.947266:-19.02393	9.391113:5.862305:-12.04102	-0.1638946:14.59056:-37.48818	Grasped	CupRight	
12.08057:5.194336:-15.85547	10.53369:8.134277:-13.19678	9.338379:8.947266:-19.02393	9.391113:5.862305:-12.04102	-0.1458773:14.57039:-37.43413	Grasped	CupRight	
12.1333:5.102051:-15.73682	10.53369:8.002441:-13.04297	9.290039:8.881348:-18.86572	9.457031:5.638184:-11.91797	-0.1529054:14.57697:-37.45274	Grasped	CupRight	
12.1333:5.102051:-15.73682	10.53369:8.002441:-13.04297	9.290039:8.881348:-18.86572	9.457031:5.638184:-11.91797	-0.1541506:14.57921:-37.46154	Grasped	CupRight	
12.1333:5.102051:-15.73682	10.53369:8.002441:-13.04297	9.290039:8.881348:-18.86572	9.457031:5.638184:-11.91797	-0.1574609:14.58476:-37.47297	Grasped	CupRight	
12.15527:5.027344:-15.64893	10.55127:7.835449:-12.92432	9.228516:8.780273:-18.72949	9.518555:5.405273:-11.82129	-0.1547937:14.58396:-37.47059	Grasped	CupRight	
12.15527:5.027344:-15.64893	10.55127:7.835449:-12.92432	9.228516:8.780273:-18.72949	9.518555:5.405273:-11.82129	-0.1521805:14.58095:-37.46189	Grasped	Bottle	
12.15527:5.027344:-15.64893	10.55127:7.835449:-12.92432	9.228516:8.780273:-18.72949	9.518555:5.405273:-11.82129	-0.1516159:14.57948:-37.46072	Grasped	Bottle	
12.15527:5.027344:-15.64893	10.55127:7.835449:-12.92432	9.228516:8.780273:-18.72949	9.518555:5.405273:-11.82129	-0.1423221:14.57231:-37.44218	Grasped	Bottle	
12.16406:4.842773:-15.60938	10.62158:7.655273:-12.83203	9.206543:8.652832:-18.62402	9.588867:5.203125:-11.7334	-0.1363486:14.56656:-37.42872	Grasped	Bottle	
12.16406:4.842773:-15.60938	10.62158:7.655273:-12.83203	9.206543:8.652832:-18.62402	9.588867:5.203125:-11.7334	-0.1478612:14.57569:-37.45452	Grasped	Bottle	
12.16406:4.842773:-15.60938	10.62158:7.655273:-12.83203	9.206543:8.652832:-18.62402	9.588867:5.203125:-11.7334	-0.1262383:14.55336:-37.39361	Grasped	Bottle	
12.19043:4.73291:-15.54346	10.69629:7.501465:-12.73096	9.171387:8.529785:-18.50537	9.681152:5.009766:-11.64111	-0.1283452:14.55982:-37.40847	Grasped	Bottle	
12.19043:4.73291:-15.54346	10.69629:7.501465:-12.73096	9.171387:8.529785:-18.50537	9.681152:5.009766:-11.64111	-0.1130965:14.54435:-37.35617	Grasped	Bottle	
12.19043:4.73291:-15.54346	10.69629:7.501465:-12.73096	9.171387:8.529785:-18.50537	9.681152:5.009766:-11.64111	-0.07669923:14.50565:-37.25779	Grasped	Bottle	
12.19922:4.64502:-15.47754	10.73584:7.36084:-12.62549	9.14502:8.468262:-18.38232	9.751465:4.891113:-11.53125	-0.07843563:14.508:-37.25561	Grasped	Bottle	
12.19922:4.64502:-15.47754	10.73584:7.36084:-12.62549	9.14502:8.468262:-18.38232	9.751465:4.891113:-11.53125	-0.009615362:14.4432:-37.07211	Grasped	Bottle	
