ThumbPosition	IndexPosition	PalmPosition	ObjectPosition	GazePosition	Annotations	GazeAnnotations	
-2.496094:3.32666:-26.82422	-1.555664:2.803711:-25.62451	1.472168:2.078613:-30.08936	1.116211:8.121094:-12.32227	-0.3805893:14.86189:-37.40712	Start	Default	
-2.496094:3.32666:-26.82422	-1.555664:2.803711:-25.62451	1.472168:2.078613:-30.08936	1.116211:8.121094:-12.32227	-0.3818825:14.86073:-37.39864	Start	Default	
-2.496094:3.32666:-26.82422	-1.555664:2.803711:-25.62451	1.472168:2.078613:-30.08936	1.116211:8.121094:-12.32227	-0.3832263:14.86056:-37.39061	Start	Default	
-2.496094:3.32666:-26.82422	-1.555664:2.803711:-25.62451	1.472168:2.078613:-30.08936	1.116211:8.121094:-12.32227	-0.3866561:14.86081:-37.39225	Start	Default	
-2.496094:3.32666:-26.82422	-1.555664:2.803711:-25.62451	1.472168:2.078613:-30.08936	1.116211:8.121094:-12.32227	-0.3879806:14.86151:-37.39751	Start	Default	
-2.53125:3.322266:-26.81543	-1.538086:2.8125:-25.62451	1.472168:2.078613:-30.08936	1.120605:8.121094:-12.32227	-0.3896837:14.86019:-37.38181	Start	Default	
-2.53125:3.322266:-26.81543	-1.538086:2.8125:-25.62451	1.472168:2.078613:-30.08936	1.120605:8.121094:-12.32227	-0.3960044:14.86081:-37.3882	Start	Default	
-2.53125:3.322266:-26.81543	-1.538086:2.8125:-25.62451	1.472168:2.078613:-30.08936	1.120605:8.121094:-12.32227	-0.3996027:14.86376:-37.43841	Start	Default	
-2.548828:3.322266:-26.78906	-1.538086:2.847656:-25.62891	1.476563:2.087402:-30.09375	1.120605:8.121094:-12.32227	-0.4019879:14.86362:-37.45817	Start	Default	
-2.548828:3.322266:-26.78906	-1.538086:2.847656:-25.62891	1.476563:2.087402:-30.09375	1.120605:8.121094:-12.32227	-0.4050047:14.86381:-37.46843	Start	Default	
-2.548828:3.322266:-26.78906	-1.538086:2.847656:-25.62891	1.476563:2.087402:-30.09375	1.120605:8.121094:-12.32227	-0.4032566:14.86429:-37.47722	Start	Default	
-2.540039:3.366211:-26.76709	-1.54248:2.878418:-25.62012	1.480957:2.096191:-30.10254	1.120605:8.121094:-12.32666	-0.3974449:14.86587:-37.49966	Start	Default	
-2.540039:3.366211:-26.76709	-1.54248:2.878418:-25.62012	1.480957:2.096191:-30.10254	1.120605:8.121094:-12.32666	-0.3938466:14.86774:-37.50514	Start	Default	
-2.540039:3.366211:-26.76709	-1.54248:2.878418:-25.62012	1.480957:2.096191:-30.10254	1.120605:8.121094:-12.32666	-0.3943516:14.86571:-37.47537	Start	Default	
-2.526855:3.366211:-26.74951	-1.564453:2.882813:-25.60693	1.485352:2.096191:-30.11133	1.120605:8.121094:-12.32227	-0.3987164:14.86452:-37.46524	Start	Default	
-2.526855:3.366211:-26.74951	-1.564453:2.882813:-25.60693	1.485352:2.096191:-30.11133	1.120605:8.121094:-12.32227	-0.3997478:14.64093:-36.33434	Start	Default	
-2.526855:3.366211:-26.74951	-1.564453:2.882813:-25.60693	1.485352:2.096191:-30.11133	1.120605:8.121094:-12.32227	-0.4512793:14.53839:-37.14627	Start	Bottle	
-2.535645:3.357422:-26.75391	-1.568848:2.865234:-25.59375	1.489746:2.11377:-30.11133	1.120605:8.121094:-12.32227	-0.439797:14.43546:-36.94437	Start	Bottle	
-2.535645:3.357422:-26.75391	-1.568848:2.865234:-25.59375	1.489746:2.11377:-30.11133	1.120605:8.121094:-12.32227	-0.4423988:14.49432:-37.11198	Start	Bottle	
-2.535645:3.357422:-26.75391	-1.568848:2.865234:-25.59375	1.489746:2.11377:-30.11133	1.120605:8.121094:-12.32227	-0.4417205:14.51404:-37.11388	Start	Bottle	
-2.535645:3.357422:-26.75391	-1.568848:2.865234:-25.59375	1.489746:2.11377:-30.11133	1.120605:8.121094:-12.32227	-0.4436488:14.4866:-37.07113	Start	Bottle	
-2.359863:3.484863:-26.76709	-1.371094:2.702637:-25.37402	1.801758:3.023438:-29.70264	1.116211:8.121094:-12.32227	-0.414762:14.48684:-37.04813	Start	Bottle	
-2.359863:3.484863:-26.76709	-1.371094:2.702637:-25.37402	1.801758:3.023438:-29.70264	1.116211:8.121094:-12.32227	-0.4216232:14.56279:-37.32925	Start	Bottle	
-2.359863:3.484863:-26.76709	-1.371094:2.702637:-25.37402	1.801758:3.023438:-29.70264	1.116211:8.121094:-12.32227	-0.4196638:14.53012:-37.22127	Start	Bottle	
-2.359863:3.484863:-26.76709	-1.371094:2.702637:-25.37402	1.801758:3.023438:-29.70264	1.116211:8.121094:-12.32227	-0.4274125:14.58724:-37.39138	Start	Bottle	
-2.039063:4.078125:-25.91455	-0.9140625:3.137695:-24.17432	2.34668:4.249512:-28.47656	1.120605:8.121094:-12.32227	-0.4150699:14.55012:-37.29352	Start	Bottle	
-2.039063:4.078125:-25.91455	-0.9140625:3.137695:-24.17432	2.34668:4.249512:-28.47656	1.120605:8.121094:-12.32227	-0.40294:14.51038:-37.16446	Start	Bottle	
-2.039063:4.078125:-25.91455	-0.9140625:3.137695:-24.17432	2.34668:4.249512:-28.47656	1.120605:8.121094:-12.32227	-0.3976223:14.46581:-37.02039	Start	Bottle	
-1.30957:4.601074:-23.65137	0.04394531:4.73291:-21.56836	2.8125:5.11084:-26.72314	1.120605:8.121094:-12.32666	-0.3903554:14.44717:-36.97799	ReachForBottle	Bottle	
-1.30957:4.601074:-23.65137	0.04394531:4.73291:-21.56836	2.8125:5.11084:-26.72314	1.120605:8.121094:-12.32666	-0.4073733:14.51538:-37.17417	ReachForBottle	Bottle	
-1.30957:4.601074:-23.65137	0.04394531:4.73291:-21.56836	2.8125:5.11084:-26.72314	1.120605:8.121094:-12.32666	-0.3960035:14.49759:-37.11999	ReachForBottle	Bottle	
-1.30957:4.601074:-23.65137	0.04394531:4.73291:-21.56836	2.8125:5.11084:-26.72314	1.120605:8.121094:-12.32666	-0.3945959:14.50296:-37.13148	ReachForBottle	Bottle	
-0.8525391:4.869141:-21.1377	1.450195:5.998535:-18.92285	3.203613:5.20752:-24.60938	1.120605:8.121094:-12.32666	-0.3961941:14.50426:-37.11728	ReachForBottle	Bottle	
-0.8525391:4.869141:-21.1377	1.450195:5.998535:-18.92285	3.203613:5.20752:-24.60938	1.120605:8.121094:-12.32666	-0.3765963:14.38945:-36.77615	ReachForBottle	Bottle	
-0.8525391:4.869141:-21.1377	1.450195:5.998535:-18.92285	3.203613:5.20752:-24.60938	1.120605:8.121094:-12.32666	-0.3986037:14.48896:-37.0847	ReachForBottle	Bottle	
-0.8525391:4.869141:-21.1377	1.450195:5.998535:-18.92285	3.203613:5.20752:-24.60938	1.120605:8.121094:-12.32666	-0.3987436:14.5101:-37.14488	ReachForBottle	Bottle	
-0.5537109:5.19873:-18.63721	2.583984:6.354492:-16.46631	3.309082:4.860352:-22.27588	1.120605:8.121094:-12.32227	-0.4069139:14.51716:-37.16531	ReachForBottle	Bottle	
-0.5537109:5.19873:-18.63721	2.583984:6.354492:-16.46631	3.309082:4.860352:-22.27588	1.120605:8.121094:-12.32227	-0.4085841:14.52755:-37.20809	ReachForBottle	Bottle	
-0.5537109:5.19873:-18.63721	2.583984:6.354492:-16.46631	3.309082:4.860352:-22.27588	1.120605:8.121094:-12.32227	-0.4137157:14.51167:-37.156	ReachForBottle	Bottle	
-0.6503906:5.150391:-16.78711	3.102539:6.1875:-14.57227	3.265137:4.513184:-20.4082	1.120605:8.121094:-12.32227	-0.4103718:14.52775:-37.20785	ReachForBottle	Bottle	
-0.6503906:5.150391:-16.78711	3.102539:6.1875:-14.57227	3.265137:4.513184:-20.4082	1.120605:8.121094:-12.32227	-0.4174584:14.54678:-37.26624	ReachForBottle	Bottle	
-0.6503906:5.150391:-16.78711	3.102539:6.1875:-14.57227	3.265137:4.513184:-20.4082	1.120605:8.121094:-12.32227	-0.4232694:14.61801:-37.48197	ReachForBottle	Bottle	
-0.6503906:5.150391:-16.78711	3.102539:6.1875:-14.57227	3.265137:4.513184:-20.4082	1.120605:8.121094:-12.32227	-0.4159433:14.58856:-37.38181	ReachForBottle	Bottle	
-0.8393555:4.68457:-15.42041	3.036621:6.024902:-13.23193	3.054199:4.148438:-19.0415	1.120605:8.121094:-12.32227	-0.4137162:14.55704:-37.2874	ReachForBottle	Bottle	
-0.8393555:4.68457:-15.42041	3.036621:6.024902:-13.23193	3.054199:4.148438:-19.0415	1.120605:8.121094:-12.32227	-0.4106757:14.51529:-37.17128	ReachForBottle	Bottle	
-0.8393555:4.68457:-15.42041	3.036621:6.024902:-13.23193	3.054199:4.148438:-19.0415	1.120605:8.121094:-12.32227	-0.4137067:14.57386:-37.34455	ReachForBottle	Bottle	
-1.02832:4.262695:-14.44922	2.865234:5.611816:-12.32666	2.71582:3.634277:-18.10986	1.120605:8.121094:-12.32227	-0.414919:14.58155:-37.37069	ReachForBottle	Bottle	
-1.02832:4.262695:-14.44922	2.865234:5.611816:-12.32666	2.71582:3.634277:-18.10986	1.120605:8.121094:-12.32227	-0.4170586:14.56807:-37.33629	ReachForBottle	Bottle	
-1.02832:4.262695:-14.44922	2.865234:5.611816:-12.32666	2.71582:3.634277:-18.10986	1.120605:8.121094:-12.32227	-0.409067:14.50303:-37.15431	ReachForBottle	Bottle	
-1.02832:4.262695:-14.44922	2.865234:5.611816:-12.32666	2.71582:3.634277:-18.10986	1.120605:8.121094:-12.32227	-0.3923889:14.40499:-36.83733	ReachForBottle	Bottle	
-1.116211:3.88916:-13.73291	2.825684:5.005371:-11.83008	2.377441:3.080566:-17.61328	1.116211:8.121094:-12.32227	-0.4039361:14.48152:-37.09655	Grasped	Bottle	
-1.116211:3.88916:-13.73291	2.825684:5.005371:-11.83008	2.377441:3.080566:-17.61328	1.116211:8.121094:-12.32227	-0.4005572:14.42668:-36.9078	Grasped	Bottle	
-1.116211:3.88916:-13.73291	2.825684:5.005371:-11.83008	2.377441:3.080566:-17.61328	1.116211:8.121094:-12.32227	-0.3995273:14.42278:-36.88522	Grasped	Bottle	
-1.006348:3.506836:-13.21436	2.737793:4.583496:-11.61035	2.126953:2.605957:-17.31445	1.072266:8.116699:-12.2915	-0.4198885:14.51456:-37.18037	Grasped	Bottle	
-1.006348:3.506836:-13.21436	2.737793:4.583496:-11.61035	2.126953:2.605957:-17.31445	1.072266:8.116699:-12.2915	-0.4097001:14.47842:-37.06722	Grasped	Bottle	
-1.006348:3.506836:-13.21436	2.737793:4.583496:-11.61035	2.126953:2.605957:-17.31445	1.072266:8.116699:-12.2915	-0.4071734:14.43548:-36.95597	Grasped	Bottle	
-0.9404297:3.366211:-12.96387	2.588379:4.412109:-11.5752	1.973145:2.337891:-17.16943	1.094238:8.10791:-12.22559	-0.4103376:14.47924:-37.05097	Grasped	Bottle	
-0.9404297:3.366211:-12.96387	2.588379:4.412109:-11.5752	1.973145:2.337891:-17.16943	1.094238:8.10791:-12.22559	-0.4338818:14.55429:-37.22049	Grasped	Bottle	
-0.9404297:3.366211:-12.96387	2.588379:4.412109:-11.5752	1.973145:2.337891:-17.16943	1.094238:8.10791:-12.22559	-0.4636319:14.50321:-37.05709	Grasped	Bottle	
-0.9404297:3.366211:-12.96387	2.588379:4.412109:-11.5752	1.973145:2.337891:-17.16943	1.094238:8.10791:-12.22559	-0.4734922:14.53086:-37.13572	Grasped	Bottle	
-0.8920898:3.300293:-12.88916	2.276367:4.302246:-11.63232	1.889648:2.258789:-17.13428	1.07666:8.103516:-12.20361	-0.5299174:14.19509:-36.21781	Grasped	Default	
-0.8920898:3.300293:-12.88916	2.276367:4.302246:-11.63232	1.889648:2.258789:-17.13428	1.07666:8.103516:-12.20361	-0.5178292:14.88137:-38.2759	Grasped	Default	
-0.8920898:3.300293:-12.88916	2.276367:4.302246:-11.63232	1.889648:2.258789:-17.13428	1.07666:8.103516:-12.20361	-0.5435696:14.84135:-38.17686	Grasped	CupLeft	
-0.8349609:3.295898:-12.90234	2.157715:4.227539:-11.65869	1.933594:2.311523:-17.12988	1.085449:8.10791:-12.2124	-0.6235934:14.67984:-37.80213	Grasped	CupLeft	
-0.8349609:3.295898:-12.90234	2.157715:4.227539:-11.65869	1.933594:2.311523:-17.12988	1.085449:8.10791:-12.2124	-0.5512637:14.75021:-37.99329	Grasped	CupLeft	
-0.8349609:3.295898:-12.90234	2.157715:4.227539:-11.65869	1.933594:2.311523:-17.12988	1.085449:8.10791:-12.2124	-0.4895045:14.87365:-38.2779	Grasped	CupLeft	
-0.8349609:3.295898:-12.90234	2.157715:4.227539:-11.65869	1.933594:2.311523:-17.12988	1.085449:8.10791:-12.2124	-0.502307:14.86125:-38.24627	Grasped	CupLeft	
-0.7910156:3.353027:-12.98145	2.047852:4.271484:-11.71582	2.052246:2.487305:-17.14746	1.041504:8.129883:-12.27832	-0.5355772:14.80266:-38.11329	Grasped	CupLeft	
-0.7910156:3.353027:-12.98145	2.047852:4.271484:-11.71582	2.052246:2.487305:-17.14746	1.041504:8.129883:-12.27832	-0.6253284:14.63534:-37.74267	Grasped	CupLeft	
-0.7910156:3.353027:-12.98145	2.047852:4.271484:-11.71582	2.052246:2.487305:-17.14746	1.041504:8.129883:-12.27832	-0.5057854:14.85277:-38.22903	Grasped	CupLeft	
-1.089844:3.427734:-13.20996	1.538086:4.557129:-11.83887	1.959961:2.759766:-17.23975	0.28125:8.270508:-12.33545	-0.6642024:14.576:-37.59785	Grasped	CupLeft	
-1.089844:3.427734:-13.20996	1.538086:4.557129:-11.83887	1.959961:2.759766:-17.23975	0.28125:8.270508:-12.33545	-0.6377766:14.62334:-37.69113	Grasped	CupLeft	
-1.089844:3.427734:-13.20996	1.538086:4.557129:-11.83887	1.959961:2.759766:-17.23975	0.28125:8.270508:-12.33545	-2.362712:11.51507:-29.15775	Grasped	CupLeft	
-1.089844:3.427734:-13.20996	1.538086:4.557129:-11.83887	1.959961:2.759766:-17.23975	0.28125:8.270508:-12.33545	-0.9120308:14.17302:-36.34993	Grasped	CupLeft	
-1.753418:3.594727:-13.55713	0.6811523:5.009766:-12.01465	1.643555:3.203613:-17.33643	-0.8261719:8.551758:-12.59033	-1.109992:13.7804:-35.2499	Grasped	Default	
-1.753418:3.594727:-13.55713	0.6811523:5.009766:-12.01465	1.643555:3.203613:-17.33643	-0.8261719:8.551758:-12.59033	-1.153678:13.73584:-35.19003	Grasped	CupLeft	
-1.753418:3.594727:-13.55713	0.6811523:5.009766:-12.01465	1.643555:3.203613:-17.33643	-0.8261719:8.551758:-12.59033	-0.9410125:14.09707:-36.16325	Grasped	CupLeft	
-1.753418:3.594727:-13.55713	0.6811523:5.009766:-12.01465	1.643555:3.203613:-17.33643	-0.8261719:8.551758:-12.59033	-0.9284189:14.09905:-36.17101	Grasped	CupLeft	
-2.518066:3.779297:-13.81201	-0.3383789:5.44043:-12.12891	1.155762:3.730957:-17.37598	-2.157715:8.802246:-12.79248	-0.8337177:14.28646:-36.68195	Grasped	CupLeft	
-2.518066:3.779297:-13.81201	-0.3383789:5.44043:-12.12891	1.155762:3.730957:-17.37598	-2.157715:8.802246:-12.79248	-0.8057467:14.31854:-36.79321	Grasped	CupLeft	
-2.518066:3.779297:-13.81201	-0.3383789:5.44043:-12.12891	1.155762:3.730957:-17.37598	-2.157715:8.802246:-12.79248	-0.7279845:14.46089:-37.16859	Grasped	CupLeft	
-3.27832:3.849609:-13.91309	-1.379883:5.756836:-12.11133	0.6591797:4.17041:-17.28369	-3.379395:8.850586:-12.81006	-0.7139538:14.48703:-37.23652	Grasped	CupLeft	
-3.27832:3.849609:-13.91309	-1.379883:5.756836:-12.11133	0.6591797:4.17041:-17.28369	-3.379395:8.850586:-12.81006	-0.7590351:14.42119:-37.04906	Grasped	CupLeft	
-3.27832:3.849609:-13.91309	-1.379883:5.756836:-12.11133	0.6591797:4.17041:-17.28369	-3.379395:8.850586:-12.81006	-0.7939072:14.37373:-36.90509	Grasped	CupLeft	
-3.875977:3.783691:-13.83838	-2.219238:5.888672:-11.9751	0.2109375:4.521973:-17.05957	-4.442871:8.727539:-12.7002	-0.9543289:14.05103:-36.05584	Grasped	CupLeft	
-3.875977:3.783691:-13.83838	-2.219238:5.888672:-11.9751	0.2109375:4.521973:-17.05957	-4.442871:8.727539:-12.7002	-1.333575:13.4149:-34.33107	Grasped	CupLeft	
-3.875977:3.783691:-13.83838	-2.219238:5.888672:-11.9751	0.2109375:4.521973:-17.05957	-4.442871:8.727539:-12.7002	-0.7209877:14.47756:-37.1855	Grasped	CupLeft	
-3.875977:3.783691:-13.83838	-2.219238:5.888672:-11.9751	0.2109375:4.521973:-17.05957	-4.442871:8.727539:-12.7002	-0.6706939:14.56341:-37.4456	Grasped	CupLeft	
-4.306641:3.629883:-13.61426	-2.852051:5.879883:-11.72021	-0.1977539:4.812012:-16.75635	-5.269043:8.481445:-12.40137	-0.6899049:14.54528:-37.36317	Grasped	CupLeft	
-4.306641:3.629883:-13.61426	-2.852051:5.879883:-11.72021	-0.1977539:4.812012:-16.75635	-5.269043:8.481445:-12.40137	-0.6583256:14.58642:-37.48722	Grasped	CupLeft	
-4.306641:3.629883:-13.61426	-2.852051:5.879883:-11.72021	-0.1977539:4.812012:-16.75635	-5.269043:8.481445:-12.40137	-0.8403025:14.30186:-36.51729	Grasped	Bottle	
-4.59668:3.436523:-13.26709	-3.335449:5.827148:-11.38184	-0.6020508:5.080078:-16.41357	-5.976563:8.143066:-11.98389	-0.7531164:14.48291:-36.99685	Grasped	Bottle	
-4.59668:3.436523:-13.26709	-3.335449:5.827148:-11.38184	-0.6020508:5.080078:-16.41357	-5.976563:8.143066:-11.98389	-0.7469328:14.4884:-37.01563	Grasped	Bottle	
-4.59668:3.436523:-13.26709	-3.335449:5.827148:-11.38184	-0.6020508:5.080078:-16.41357	-5.976563:8.143066:-11.98389	-0.914335:14.21464:-36.15276	Grasped	Bottle	
-4.59668:3.436523:-13.26709	-3.335449:5.827148:-11.38184	-0.6020508:5.080078:-16.41357	-5.976563:8.143066:-11.98389	-0.7005106:14.5518:-37.24825	Grasped	Bottle	
-4.73291:3.256348:-12.89795	-3.695801:5.787598:-11.05664	-0.9404297:5.321777:-16.10156	-6.578613:7.769531:-11.57959	-0.9276038:14.19531:-36.07403	Grasped	Bottle	
-4.73291:3.256348:-12.89795	-3.695801:5.787598:-11.05664	-0.9404297:5.321777:-16.10156	-6.578613:7.769531:-11.57959	-0.9412684:14.17362:-36.01917	Grasped	Bottle	
-4.73291:3.256348:-12.89795	-3.695801:5.787598:-11.05664	-0.9404297:5.321777:-16.10156	-6.578613:7.769531:-11.57959	-0.9241042:14.22784:-36.17089	Grasped	Bottle	
-4.798828:3.14209:-12.51123	-3.924316:5.796387:-10.71387	-1.248047:5.523926:-15.81592	-6.943359:7.501465:-11.17969	-1.143259:13.83984:-34.98638	Grasped	Bottle	
-4.798828:3.14209:-12.51123	-3.924316:5.796387:-10.71387	-1.248047:5.523926:-15.81592	-6.943359:7.501465:-11.17969	-1.039413:14.0494:-35.65396	Grasped	Bottle	
-4.798828:3.14209:-12.51123	-3.924316:5.796387:-10.71387	-1.248047:5.523926:-15.81592	-6.943359:7.501465:-11.17969	-1.015199:14.08837:-35.74463	Grasped	Bottle	
