ThumbPosition	IndexPosition	PalmPosition	ObjectPosition	GazePosition	Annotations	GazeAnnotations	
-3.111328:2.553223:-26.84619	-1.757813:2.94873:-25.80908	1.186523:2.228027:-30.2959	1.041504:8.10791:-12.24316	-0.4208277:14.86363:-37.13553	Start	Default	
-3.111328:2.553223:-26.84619	-1.757813:2.94873:-25.80908	1.186523:2.228027:-30.2959	1.041504:8.10791:-12.24316	-0.4049099:14.86342:-37.12587	Start	Default	
-3.111328:2.553223:-26.84619	-1.757813:2.94873:-25.80908	1.186523:2.228027:-30.2959	1.041504:8.10791:-12.24316	-0.3848977:14.86325:-37.06448	Start	Default	
-3.09375:2.553223:-26.81982	-1.749023:2.95752:-25.7959	1.186523:2.219238:-30.30029	1.041504:8.10791:-12.24316	-0.3883069:14.86501:-37.11043	Start	Default	
-3.09375:2.553223:-26.81982	-1.749023:2.95752:-25.7959	1.186523:2.219238:-30.30029	1.041504:8.10791:-12.24316	-0.3870082:14.8634:-37.06586	Start	Default	
-3.09375:2.553223:-26.81982	-1.749023:2.95752:-25.7959	1.186523:2.219238:-30.30029	1.041504:8.10791:-12.24316	-0.3874947:14.86284:-37.08456	Start	Default	
-3.04541:2.654297:-26.81543	-1.749023:2.891602:-25.80029	1.186523:2.206055:-30.30908	1.037109:8.10791:-12.24316	-0.3877851:14.86128:-37.0754	Start	Default	
-3.04541:2.654297:-26.81543	-1.749023:2.891602:-25.80029	1.186523:2.206055:-30.30908	1.037109:8.10791:-12.24316	-0.3926069:14.86153:-37.1039	Start	Default	
-3.04541:2.654297:-26.81543	-1.749023:2.891602:-25.80029	1.186523:2.206055:-30.30908	1.037109:8.10791:-12.24316	-0.3937206:14.86097:-37.08043	Start	Default	
-3.04541:2.654297:-26.81543	-1.749023:2.891602:-25.80029	1.186523:2.206055:-30.30908	1.037109:8.10791:-12.24316	-0.3937375:14.8612:-37.09581	Start	Default	
-3.049805:2.632324:-26.82861	-1.766602:2.86084:-25.80469	1.182129:2.188477:-30.30908	1.037109:8.10791:-12.24316	-0.3928813:14.86131:-37.10494	Start	Default	
-3.049805:2.632324:-26.82861	-1.766602:2.86084:-25.80469	1.182129:2.188477:-30.30908	1.037109:8.10791:-12.24316	-0.392694:14.86063:-37.11554	Start	Default	
-3.049805:2.632324:-26.82861	-1.766602:2.86084:-25.80469	1.182129:2.188477:-30.30908	1.037109:8.10791:-12.24316	-0.3927789:14.85979:-37.13172	Start	Default	
-3.058594:2.610352:-26.8418	-1.770996:2.856445:-25.7915	1.182129:2.170898:-30.30908	1.037109:8.10791:-12.24316	-0.3795777:14.8483:-37.53292	Start	Default	
-3.058594:2.610352:-26.8418	-1.770996:2.856445:-25.7915	1.182129:2.170898:-30.30908	1.037109:8.10791:-12.24316	-0.3425655:14.53526:-37.2021	Start	Bottle	
-3.058594:2.610352:-26.8418	-1.770996:2.856445:-25.7915	1.182129:2.170898:-30.30908	1.037109:8.10791:-12.24316	-0.3344945:14.45132:-37.07985	Start	Bottle	
-3.058594:2.610352:-26.8418	-1.770996:2.856445:-25.7915	1.182129:2.170898:-30.30908	1.037109:8.10791:-12.24316	-0.3331544:14.42894:-36.95721	Start	Bottle	
-3.041016:2.605957:-26.8374	-1.78418:2.891602:-25.7915	1.195313:2.184082:-30.2915	1.041504:8.10791:-12.24316	-0.3464853:14.42775:-36.97847	Start	Bottle	
-3.041016:2.605957:-26.8374	-1.78418:2.891602:-25.7915	1.195313:2.184082:-30.2915	1.041504:8.10791:-12.24316	-0.4109012:14.63628:-37.57795	Start	Bottle	
-3.041016:2.605957:-26.8374	-1.78418:2.891602:-25.7915	1.195313:2.184082:-30.2915	1.041504:8.10791:-12.24316	-0.3946282:14.44504:-36.99738	Start	Bottle	
-3.212402:3.058594:-26.8418	-1.573242:2.904785:-25.44434	1.625977:2.882813:-29.77734	1.041504:8.10791:-12.24316	-0.4135025:14.54776:-37.27072	Start	Bottle	
-3.212402:3.058594:-26.8418	-1.573242:2.904785:-25.44434	1.625977:2.882813:-29.77734	1.041504:8.10791:-12.24316	-0.4239504:14.54253:-37.27986	Start	Bottle	
-3.212402:3.058594:-26.8418	-1.573242:2.904785:-25.44434	1.625977:2.882813:-29.77734	1.041504:8.10791:-12.24316	-0.4143142:14.52209:-37.20749	Start	Bottle	
-2.491699:4.231934:-26.13867	-1.001953:3.691406:-24.04248	2.179688:4.016602:-28.56445	1.041504:8.10791:-12.24316	-0.411645:14.50792:-37.16987	Start	Bottle	
-2.491699:4.231934:-26.13867	-1.001953:3.691406:-24.04248	2.179688:4.016602:-28.56445	1.041504:8.10791:-12.24316	-0.42015:14.58476:-37.40014	Start	Bottle	
-2.491699:4.231934:-26.13867	-1.001953:3.691406:-24.04248	2.179688:4.016602:-28.56445	1.041504:8.10791:-12.24316	-0.4143762:14.52615:-37.21756	Start	Bottle	
-2.491699:4.231934:-26.13867	-1.001953:3.691406:-24.04248	2.179688:4.016602:-28.56445	1.041504:8.10791:-12.24316	-0.4133697:14.56945:-37.32827	Start	Bottle	
-1.568848:5.462402:-24.08643	-0.01757813:5.01416:-21.94629	2.66748:4.961426:-26.89453	1.041504:8.10791:-12.24316	-0.4159282:14.57029:-37.33577	ReachForBottle	Bottle	
-1.568848:5.462402:-24.08643	-0.01757813:5.01416:-21.94629	2.66748:4.961426:-26.89453	1.041504:8.10791:-12.24316	-0.4133922:14.55552:-37.29669	ReachForBottle	Bottle	
-1.568848:5.462402:-24.08643	-0.01757813:5.01416:-21.94629	2.66748:4.961426:-26.89453	1.041504:8.10791:-12.24316	-0.4108522:14.51517:-37.16368	ReachForBottle	Bottle	
-1.568848:5.462402:-24.08643	-0.01757813:5.01416:-21.94629	2.66748:4.961426:-26.89453	1.041504:8.10791:-12.24316	-0.4150191:14.5226:-37.1729	ReachForBottle	Bottle	
-0.8393555:5.638184:-21.68262	0.984375:5.945801:-19.65674	3.032227:5.242676:-25.05322	1.041504:8.10791:-12.24316	-0.4173285:14.51435:-37.14383	ReachForBottle	Bottle	
-0.8393555:5.638184:-21.68262	0.984375:5.945801:-19.65674	3.032227:5.242676:-25.05322	1.041504:8.10791:-12.24316	-0.4193923:14.62107:-37.5367	ReachForBottle	Bottle	
-0.8393555:5.638184:-21.68262	0.984375:5.945801:-19.65674	3.032227:5.242676:-25.05322	1.041504:8.10791:-12.24316	-0.4168048:14.5738:-37.38922	ReachForBottle	Bottle	
-0.4702148:5.884277:-19.40625	2.003906:6.648926:-17.38916	3.120117:5.097656:-22.97461	1.041504:8.10791:-12.24316	-0.4347356:14.68218:-37.69859	ReachForBottle	Bottle	
-0.4702148:5.884277:-19.40625	2.003906:6.648926:-17.38916	3.120117:5.097656:-22.97461	1.041504:8.10791:-12.24316	-0.4349973:14.69251:-37.71395	ReachForBottle	Bottle	
-0.4702148:5.884277:-19.40625	2.003906:6.648926:-17.38916	3.120117:5.097656:-22.97461	1.041504:8.10791:-12.24316	-0.4377905:14.67602:-37.66665	ReachForBottle	Bottle	
-0.4438477:6.029297:-17.43311	2.843262:6.938965:-15.5874	3.036621:4.913086:-21.18604	1.041504:8.10791:-12.24316	-0.4405543:14.74366:-37.86155	ReachForBottle	Bottle	
-0.4438477:6.029297:-17.43311	2.843262:6.938965:-15.5874	3.036621:4.913086:-21.18604	1.041504:8.10791:-12.24316	-0.4179961:14.62703:-37.5137	ReachForBottle	Bottle	
-0.4438477:6.029297:-17.43311	2.843262:6.938965:-15.5874	3.036621:4.913086:-21.18604	1.041504:8.10791:-12.24316	-0.4134451:14.61138:-37.47044	ReachForBottle	Bottle	
-0.6152344:5.893066:-16.08838	3.234375:6.899414:-14.19434	2.917969:4.623047:-19.74902	1.041504:8.10791:-12.24316	-0.4271835:14.71581:-37.75745	ReachForBottle	Bottle	
-0.6152344:5.893066:-16.08838	3.234375:6.899414:-14.19434	2.917969:4.623047:-19.74902	1.041504:8.10791:-12.24316	-0.4145758:14.56322:-37.33557	ReachForBottle	Bottle	
-0.6152344:5.893066:-16.08838	3.234375:6.899414:-14.19434	2.917969:4.623047:-19.74902	1.041504:8.10791:-12.24316	-0.4319887:14.59821:-37.44704	ReachForBottle	Bottle	
-0.6152344:5.893066:-16.08838	3.234375:6.899414:-14.19434	2.917969:4.623047:-19.74902	1.041504:8.10791:-12.24316	-0.4236709:14.63217:-37.53825	ReachForBottle	Bottle	
-0.8349609:5.431641:-14.97656	3.282715:6.464355:-13.15283	2.724609:4.183594:-18.69434	1.041504:8.10791:-12.24316	-0.4183438:14.63395:-37.58819	ReachForBottle	Bottle	
-0.8349609:5.431641:-14.97656	3.282715:6.464355:-13.15283	2.724609:4.183594:-18.69434	1.041504:8.10791:-12.24316	-0.4167064:14.53466:-37.24359	ReachForBottle	Bottle	
-0.8349609:5.431641:-14.97656	3.282715:6.464355:-13.15283	2.724609:4.183594:-18.69434	1.041504:8.10791:-12.24316	-0.3882424:14.63417:-37.58869	ReachForBottle	Bottle	
-1.059082:4.82959:-14.26025	3.071777:5.928223:-12.43213	2.526855:3.665039:-18.01318	1.041504:8.10791:-12.24316	-0.3742363:14.64469:-37.62217	ReachForBottle	Bottle	
-1.059082:4.82959:-14.26025	3.071777:5.928223:-12.43213	2.526855:3.665039:-18.01318	1.041504:8.10791:-12.24316	-0.3809125:14.65159:-37.66207	ReachForBottle	Bottle	
-1.059082:4.82959:-14.26025	3.071777:5.928223:-12.43213	2.526855:3.665039:-18.01318	1.041504:8.10791:-12.24316	-0.387251:14.63286:-37.5944	ReachForBottle	Bottle	
-1.059082:4.82959:-14.26025	3.071777:5.928223:-12.43213	2.526855:3.665039:-18.01318	1.041504:8.10791:-12.24316	-0.44088:14.6633:-37.64029	ReachForBottle	Bottle	
-1.208496:4.166016:-13.76367	2.742188:5.431641:-12.00586	2.280762:3.172852:-17.60449	1.041504:8.10791:-12.24316	-0.4479917:14.66221:-37.62941	Grasped	Bottle	
-1.208496:4.166016:-13.76367	2.742188:5.431641:-12.00586	2.280762:3.172852:-17.60449	1.041504:8.10791:-12.24316	-0.4234813:14.6141:-37.49892	Grasped	Bottle	
-1.208496:4.166016:-13.76367	2.742188:5.431641:-12.00586	2.280762:3.172852:-17.60449	1.041504:8.10791:-12.24316	-0.3775699:14.50911:-37.20844	Grasped	Bottle	
-1.125:3.568359:-13.31104	2.544434:5.088867:-11.83447	2.052246:2.76416:-17.3584	0.9975586:8.10791:-12.23438	-0.3720132:14.55165:-37.32739	Grasped	Bottle	
-1.125:3.568359:-13.31104	2.544434:5.088867:-11.83447	2.052246:2.76416:-17.3584	0.9975586:8.10791:-12.23438	-0.3903571:14.5688:-37.40068	Grasped	Bottle	
-1.125:3.568359:-13.31104	2.544434:5.088867:-11.83447	2.052246:2.76416:-17.3584	0.9975586:8.10791:-12.23438	-0.4147334:14.54043:-37.26661	Grasped	Bottle	
-1.125:3.568359:-13.31104	2.544434:5.088867:-11.83447	2.052246:2.76416:-17.3584	0.9975586:8.10791:-12.23438	-0.4253667:14.55267:-37.29385	Grasped	Bottle	
-0.8569336:3.247559:-12.95947	2.43457:4.702148:-11.79492	1.924805:2.447754:-17.22656	1.010742:8.10791:-12.23438	-0.4276708:14.54807:-37.2896	Grasped	Bottle	
-0.8569336:3.247559:-12.95947	2.43457:4.702148:-11.79492	1.924805:2.447754:-17.22656	1.010742:8.10791:-12.23438	-0.4275908:14.54834:-37.28945	Grasped	Bottle	
-0.8569336:3.247559:-12.95947	2.43457:4.702148:-11.79492	1.924805:2.447754:-17.22656	1.010742:8.10791:-12.23438	-0.4310048:14.54418:-37.28526	Grasped	Bottle	
-0.7426758:3.309082:-12.84082	2.219238:4.464844:-11.86963	1.876465:2.320313:-17.18262	1.133789:8.112305:-12.24756	-0.4326467:14.57683:-37.38155	Grasped	Bottle	
-0.7426758:3.309082:-12.84082	2.219238:4.464844:-11.86963	1.876465:2.320313:-17.18262	1.133789:8.112305:-12.24756	-0.4336109:14.55205:-37.28648	Grasped	Bottle	
-0.7426758:3.309082:-12.84082	2.219238:4.464844:-11.86963	1.876465:2.320313:-17.18262	1.133789:8.112305:-12.24756	-0.4436392:14.51037:-37.14081	Grasped	Bottle	
-0.7207031:3.410156:-12.90674	2.083008:4.456055:-11.96631	1.885254:2.390625:-17.18262	1.116211:8.134277:-12.30908	-0.4595108:14.59157:-37.38413	Grasped	Bottle	
-0.7207031:3.410156:-12.90674	2.083008:4.456055:-11.96631	1.885254:2.390625:-17.18262	1.116211:8.134277:-12.30908	-0.2531286:14.42243:-37.09423	Grasped	Default	
-0.7207031:3.410156:-12.90674	2.083008:4.456055:-11.96631	1.885254:2.390625:-17.18262	1.116211:8.134277:-12.30908	0.1349297:14.19543:-36.52702	Grasped	CupRight	
-0.7207031:3.410156:-12.90674	2.083008:4.456055:-11.96631	1.885254:2.390625:-17.18262	1.116211:8.134277:-12.30908	-0.1261957:14.5386:-37.50938	Grasped	CupRight	
-0.6459961:3.581543:-13.12646	2.091797:4.592285:-12.12451	2.052246:2.588379:-17.32764	1.204102:8.270508:-12.43652	-0.2178223:14.64884:-37.76886	Grasped	CupRight	
-0.6459961:3.581543:-13.12646	2.091797:4.592285:-12.12451	2.052246:2.588379:-17.32764	1.204102:8.270508:-12.43652	-0.1892474:14.58941:-37.56132	Grasped	CupRight	
-0.6459961:3.581543:-13.12646	2.091797:4.592285:-12.12451	2.052246:2.588379:-17.32764	1.204102:8.270508:-12.43652	-0.2329701:14.64074:-37.7026	Grasped	CupRight	
-0.3603516:4.042969:-13.53076	2.337891:5.071289:-12.51563	2.43457:2.895996:-17.65723	1.54248:8.780273:-12.95947	-0.1901374:14.58813:-37.56164	Grasped	CupRight	
-0.3603516:4.042969:-13.53076	2.337891:5.071289:-12.51563	2.43457:2.895996:-17.65723	1.54248:8.780273:-12.95947	-0.1467728:14.541:-37.44907	Grasped	CupRight	
-0.3603516:4.042969:-13.53076	2.337891:5.071289:-12.51563	2.43457:2.895996:-17.65723	1.54248:8.780273:-12.95947	-0.119392:14.4938:-37.32808	Grasped	CupRight	
0.3032227:4.658203:-14.02295	2.975098:5.72168:-13.03418	3.124512:3.335449:-18.10547	2.162109:9.373535:-13.51758	-0.04872876:14.42357:-37.1462	Grasped	CupRight	
0.3032227:4.658203:-14.02295	2.975098:5.72168:-13.03418	3.124512:3.335449:-18.10547	2.162109:9.373535:-13.51758	-0.07285845:14.4448:-37.21784	Grasped	CupRight	
0.3032227:4.658203:-14.02295	2.975098:5.72168:-13.03418	3.124512:3.335449:-18.10547	2.162109:9.373535:-13.51758	-0.1175975:14.49069:-37.32121	Grasped	CupRight	
1.296387:5.211914:-14.42725	3.950684:6.32373:-13.51758	4.056152:3.814453:-18.54053	3.09375:9.922852:-13.93066	-0.1121738:14.48122:-37.31631	Grasped	CupRight	
1.296387:5.211914:-14.42725	3.950684:6.32373:-13.51758	4.056152:3.814453:-18.54053	3.09375:9.922852:-13.93066	-0.1813255:14.56968:-37.55003	Grasped	CupRight	
1.296387:5.211914:-14.42725	3.950684:6.32373:-13.51758	4.056152:3.814453:-18.54053	3.09375:9.922852:-13.93066	-0.2004569:14.59525:-37.59582	Grasped	CupRight	
1.296387:5.211914:-14.42725	3.950684:6.32373:-13.51758	4.056152:3.814453:-18.54053	3.09375:9.922852:-13.93066	-0.1878134:14.5814:-37.57285	Grasped	CupRight	
2.645508:5.629395:-14.76563	5.264648:6.873047:-14.00098	5.264648:4.35498:-18.99756	4.214355:10.39746:-14.19873	-0.2308194:14.61394:-37.65848	Grasped	CupRight	
2.645508:5.629395:-14.76563	5.264648:6.873047:-14.00098	5.264648:4.35498:-18.99756	4.214355:10.39746:-14.19873	-0.2383881:14.64495:-37.71621	Grasped	CupRight	
2.645508:5.629395:-14.76563	5.264648:6.873047:-14.00098	5.264648:4.35498:-18.99756	4.214355:10.39746:-14.19873	-0.1437964:14.52816:-37.40797	Grasped	CupRight	
2.645508:5.629395:-14.76563	5.264648:6.873047:-14.00098	5.264648:4.35498:-18.99756	4.214355:10.39746:-14.19873	-0.1874838:14.57602:-37.535	Grasped	CupRight	
4.07373:5.752441:-15.0293	6.60498:7.290527:-14.43604	6.499512:4.820801:-19.41504	5.225098:10.68311:-14.35693	-0.1940342:14.57807:-37.54965	Grasped	CupRight	
4.07373:5.752441:-15.0293	6.60498:7.290527:-14.43604	6.499512:4.820801:-19.41504	5.225098:10.68311:-14.35693	-0.2011543:14.59436:-37.58342	Grasped	CupRight	
4.07373:5.752441:-15.0293	6.60498:7.290527:-14.43604	6.499512:4.820801:-19.41504	5.225098:10.68311:-14.35693	-0.224565:14.63612:-37.63052	Grasped	Bottle	
5.510742:5.633789:-15.28418	7.892578:7.505859:-14.84473	7.694824:5.216309:-19.79297	6.04248:10.70508:-14.3877	-0.1527717:14.56559:-37.39288	Grasped	Bottle	
5.510742:5.633789:-15.28418	7.892578:7.505859:-14.84473	7.694824:5.216309:-19.79297	6.04248:10.70508:-14.3877	-0.2760332:14.71914:-37.83019	Grasped	Bottle	
5.510742:5.633789:-15.28418	7.892578:7.505859:-14.84473	7.694824:5.216309:-19.79297	6.04248:10.70508:-14.3877	-0.2184431:14.65146:-37.64979	Grasped	Bottle	
6.833496:5.365723:-15.53027	8.986816:7.562988:-15.18311	8.745117:5.545898:-20.09619	6.754395:10.49414:-14.32178	-0.2400124:14.66025:-37.66933	Grasped	Bottle	
6.833496:5.365723:-15.53027	8.986816:7.562988:-15.18311	8.745117:5.545898:-20.09619	6.754395:10.49414:-14.32178	-0.2184761:14.65373:-37.64593	Grasped	Bottle	
6.833496:5.365723:-15.53027	8.986816:7.562988:-15.18311	8.745117:5.545898:-20.09619	6.754395:10.49414:-14.32178	-0.2446019:14.68264:-37.72564	Grasped	Bottle	
6.833496:5.365723:-15.53027	8.986816:7.562988:-15.18311	8.745117:5.545898:-20.09619	6.754395:10.49414:-14.32178	-0.2550674:14.69715:-37.74978	Grasped	Bottle	
8.033203:5.0625:-15.70605	9.918457:7.54541:-15.35889	9.641602:5.796387:-20.29834	7.400391:10.16016:-14.17676	-0.2412441:14.67441:-37.69969	Grasped	Bottle	
8.033203:5.0625:-15.70605	9.918457:7.54541:-15.35889	9.641602:5.796387:-20.29834	7.400391:10.16016:-14.17676	-0.2586343:14.69918:-37.74934	Grasped	Default	
8.033203:5.0625:-15.70605	9.918457:7.54541:-15.35889	9.641602:5.796387:-20.29834	7.400391:10.16016:-14.17676	-0.2431258:14.68595:-37.71062	Grasped	Default	
9.197754:4.785645:-15.80713	10.80615:7.461914:-15.5083	10.39746:6.016113:-20.4082	8.037598:9.808594:-13.98779	-0.2442687:14.6885:-37.71283	Grasped	Default	
9.197754:4.785645:-15.80713	10.80615:7.461914:-15.5083	10.39746:6.016113:-20.4082	8.037598:9.808594:-13.98779	-0.2145635:14.65307:-37.62361	Grasped	Default	
9.197754:4.785645:-15.80713	10.80615:7.461914:-15.5083	10.39746:6.016113:-20.4082	8.037598:9.808594:-13.98779	-0.2345017:14.67653:-37.67859	Grasped	Default	
10.02393:4.609863:-15.86426	11.45215:7.378418:-15.54346	10.90723:6.183105:-20.44336	8.591309:9.553711:-13.78125	-0.2399226:14.68462:-37.69339	Grasped	Default	
10.02393:4.609863:-15.86426	11.45215:7.378418:-15.54346	10.90723:6.183105:-20.44336	8.591309:9.553711:-13.78125	-0.2366772:14.67894:-37.67866	Grasped	Default	
10.02393:4.609863:-15.86426	11.45215:7.378418:-15.54346	10.90723:6.183105:-20.44336	8.591309:9.553711:-13.78125	-0.240387:14.68199:-37.68783	Grasped	Default	
10.02393:4.609863:-15.86426	11.45215:7.378418:-15.54346	10.90723:6.183105:-20.44336	8.591309:9.553711:-13.78125	-0.2227637:14.66108:-37.63145	Grasped	Default	
10.67871:4.517578:-15.82471	11.93994:7.281738:-15.56543	11.23682:6.314941:-20.41699	9.021973:9.325195:-13.56152	-0.22765:14.66591:-37.6462	Grasped	Default	
10.67871:4.517578:-15.82471	11.93994:7.281738:-15.56543	11.23682:6.314941:-20.41699	9.021973:9.325195:-13.56152	-0.2415715:14.68418:-37.69308	Grasped	Default	
10.67871:4.517578:-15.82471	11.93994:7.281738:-15.56543	11.23682:6.314941:-20.41699	9.021973:9.325195:-13.56152	-0.2400625:14.68416:-37.6937	Grasped	Default	
10.67871:4.517578:-15.82471	11.93994:7.281738:-15.56543	11.23682:6.314941:-20.41699	9.021973:9.325195:-13.56152	-0.236978:14.68072:-37.68599	Grasped	Default	
11.08301:4.372559:-15.79834	12.25635:7.12793:-15.5083	11.42139:6.402832:-20.34668	9.312012:9.065918:-13.28906	-0.2498402:14.69277:-37.72368	Grasped	Default	
11.08301:4.372559:-15.79834	12.25635:7.12793:-15.5083	11.42139:6.402832:-20.34668	9.312012:9.065918:-13.28906	-0.238501:14.6812:-37.69054	Grasped	Default	
11.08301:4.372559:-15.79834	12.25635:7.12793:-15.5083	11.42139:6.402832:-20.34668	9.312012:9.065918:-13.28906	-0.2491974:14.6943:-37.72509	Grasped	Default	
11.32471:4.293457:-15.73682	12.39697:7.075195:-15.38965	11.4873:6.486328:-20.23242	9.46582:8.793457:-13.01221	-0.2472579:14.69274:-37.72357	Grasped	Default	
11.32471:4.293457:-15.73682	12.39697:7.075195:-15.38965	11.4873:6.486328:-20.23242	9.46582:8.793457:-13.01221	-0.02042392:14.52799:-37.20931	Grasped	Default	
11.32471:4.293457:-15.73682	12.39697:7.075195:-15.38965	11.4873:6.486328:-20.23242	9.46582:8.793457:-13.01221	-0.1009433:14.60567:-37.39463	Grasped	Default	
11.50488:4.209961:-15.63135	12.41895:7.057617:-15.21826	11.47852:6.561035:-20.09619	9.500977:8.538574:-12.75293	-0.2067962:14.70371:-37.69044	Grasped	Default	
11.50488:4.209961:-15.63135	12.41895:7.057617:-15.21826	11.47852:6.561035:-20.09619	9.500977:8.538574:-12.75293	-0.2051193:14.70558:-37.70486	Grasped	Default	
11.50488:4.209961:-15.63135	12.41895:7.057617:-15.21826	11.47852:6.561035:-20.09619	9.500977:8.538574:-12.75293	-0.1911719:14.69324:-37.6641	Grasped	Default	
11.50488:4.209961:-15.63135	12.41895:7.057617:-15.21826	11.47852:6.561035:-20.09619	9.500977:8.538574:-12.75293	-0.1899094:14.69279:-37.66664	Grasped	Default	
11.60596:4.183594:-15.54346	12.37061:7.035645:-15.00293	11.39502:6.644531:-19.96436	9.435059:8.279297:-12.52002	-0.1975643:14.69855:-37.68614	Grasped	Default	
11.60596:4.183594:-15.54346	12.37061:7.035645:-15.00293	11.39502:6.644531:-19.96436	9.435059:8.279297:-12.52002	-0.1967928:14.69706:-37.67913	Grasped	Default	
11.60596:4.183594:-15.54346	12.37061:7.035645:-15.00293	11.39502:6.644531:-19.96436	9.435059:8.279297:-12.52002	-0.1983056:14.70114:-37.69383	Grasped	Default	
11.67188:4.03418:-15.45996	12.23877:6.974121:-14.80078	11.29395:6.710449:-19.81934	9.312012:7.958496:-12.32227	-0.2073322:14.70845:-37.71774	Grasped	Default	
11.67188:4.03418:-15.45996	12.23877:6.974121:-14.80078	11.29395:6.710449:-19.81934	9.312012:7.958496:-12.32227	-0.194396:14.69573:-37.68093	Grasped	Bottle	
11.67188:4.03418:-15.45996	12.23877:6.974121:-14.80078	11.29395:6.710449:-19.81934	9.312012:7.958496:-12.32227	-0.1877534:14.68819:-37.65993	Grasped	Default	
11.67188:4.03418:-15.45996	12.23877:6.974121:-14.80078	11.29395:6.710449:-19.81934	9.312012:7.958496:-12.32227	-0.1898064:14.68977:-37.66895	Grasped	Default	
11.70264:3.955078:-15.42041	12.05859:6.864258:-14.66895	11.18408:6.736816:-19.71387	9.224121:7.602539:-12.14648	-0.1938282:14.69127:-37.67311	Grasped	Default	
11.70264:3.955078:-15.42041	12.05859:6.864258:-14.66895	11.18408:6.736816:-19.71387	9.224121:7.602539:-12.14648	-0.1865616:14.6854:-37.65525	Grasped	Default	
11.70264:3.955078:-15.42041	12.05859:6.864258:-14.66895	11.18408:6.736816:-19.71387	9.224121:7.602539:-12.14648	-0.189139:14.68641:-37.65743	Grasped	Bottle	
11.71143:3.84082:-15.38086	11.98389:6.754395:-14.5459	11.0918:6.732422:-19.63037	9.202148:7.369629:-12.01465	-0.1866806:14.68366:-37.64998	Grasped	Bottle	
11.71143:3.84082:-15.38086	11.98389:6.754395:-14.5459	11.0918:6.732422:-19.63037	9.202148:7.369629:-12.01465	-0.1925142:14.68566:-37.66096	Grasped	Bottle	
11.71143:3.84082:-15.38086	11.98389:6.754395:-14.5459	11.0918:6.732422:-19.63037	9.202148:7.369629:-12.01465	-0.1936947:14.68535:-37.66392	Grasped	Bottle	
11.76855:3.788086:-15.33252	11.95752:6.758789:-14.44043	11.0127:6.728027:-19.56006	9.188965:7.211426:-11.91357	-0.2111698:14.6978:-37.69799	Grasped	Bottle	
11.76855:3.788086:-15.33252	11.95752:6.758789:-14.44043	11.0127:6.728027:-19.56006	9.188965:7.211426:-11.91357	-0.2153659:14.69905:-37.7086	Grasped	Bottle	
11.76855:3.788086:-15.33252	11.95752:6.758789:-14.44043	11.0127:6.728027:-19.56006	9.188965:7.211426:-11.91357	-0.2096343:14.69258:-37.68694	Grasped	Bottle	
11.76855:3.788086:-15.33252	11.95752:6.758789:-14.44043	11.0127:6.728027:-19.56006	9.188965:7.211426:-11.91357	-0.1748446:14.66412:-37.59386	Grasped	Bottle	
11.79932:3.748535:-15.31934	11.86523:6.679688:-14.33936	10.92041:6.745605:-19.48975	9.158203:6.925781:-11.81689	-0.1681093:14.65862:-37.57072	Grasped	Bottle	
11.79932:3.748535:-15.31934	11.86523:6.679688:-14.33936	10.92041:6.745605:-19.48975	9.158203:6.925781:-11.81689	-0.1883211:14.65331:-37.57471	Grasped	Bottle	
11.79932:3.748535:-15.31934	11.86523:6.679688:-14.33936	10.92041:6.745605:-19.48975	9.158203:6.925781:-11.81689	-0.09125152:14.52728:-37.28361	Grasped	Default	
11.79932:3.748535:-15.31934	11.86523:6.679688:-14.33936	10.92041:6.745605:-19.48975	9.158203:6.925781:-11.81689	-0.09041041:14.52389:-37.27674	Grasped	Default	
11.87842:3.665039:-15.34131	11.80811:6.574219:-14.2251	10.86768:6.767578:-19.4458	9.162598:6.631348:-11.7334	-0.07784653:14.51172:-37.24743	Grasped	Default	
11.87842:3.665039:-15.34131	11.80811:6.574219:-14.2251	10.86768:6.767578:-19.4458	9.162598:6.631348:-11.7334	-0.08227995:14.51154:-37.25549	Grasped	CupRight	
11.87842:3.665039:-15.34131	11.80811:6.574219:-14.2251	10.86768:6.767578:-19.4458	9.162598:6.631348:-11.7334	-0.09299725:14.51979:-37.27982	Grasped	CupRight	
11.93555:3.638672:-15.34131	11.85205:6.521484:-14.15039	10.82813:6.785156:-19.41064	9.228516:6.490723:-11.66309	-0.1022674:14.52822:-37.30771	Grasped	CupRight	
11.93555:3.638672:-15.34131	11.85205:6.521484:-14.15039	10.82813:6.785156:-19.41064	9.228516:6.490723:-11.66309	-0.08636791:14.51325:-37.26757	Grasped	CupRight	
11.93555:3.638672:-15.34131	11.85205:6.521484:-14.15039	10.82813:6.785156:-19.41064	9.228516:6.490723:-11.66309	-0.09884086:14.52701:-37.30502	Grasped	CupRight	
11.95752:3.603516:-15.3457	11.85645:6.490723:-14.15039	10.81934:6.807129:-19.38867	9.272461:6.46875:-11.63232	-0.1166185:14.54653:-37.36292	Grasped	CupRight	
11.95752:3.603516:-15.3457	11.85645:6.490723:-14.15039	10.81934:6.807129:-19.38867	9.272461:6.46875:-11.63232	-0.115301:14.54746:-37.36486	Grasped	CupRight	
11.95752:3.603516:-15.3457	11.85645:6.490723:-14.15039	10.81934:6.807129:-19.38867	9.272461:6.46875:-11.63232	-0.1287754:14.56238:-37.40249	Grasped	CupRight	
11.95752:3.603516:-15.3457	11.85645:6.490723:-14.15039	10.81934:6.807129:-19.38867	9.272461:6.46875:-11.63232	-0.1254643:14.55852:-37.39295	Grasped	CupRight	
11.9751:3.629883:-15.33252	11.85205:6.539063:-14.10645	10.80615:6.842285:-19.37549	9.303223:6.442383:-11.59277	-0.1429538:14.57636:-37.44397	Grasped	CupRight	
11.9751:3.629883:-15.33252	11.85205:6.539063:-14.10645	10.80615:6.842285:-19.37549	9.303223:6.442383:-11.59277	-0.1538827:14.58891:-37.47684	Grasped	CupRight	
11.9751:3.629883:-15.33252	11.85205:6.539063:-14.10645	10.80615:6.842285:-19.37549	9.303223:6.442383:-11.59277	-0.155455:14.59017:-37.47837	Grasped	CupRight	
11.9751:3.629883:-15.33252	11.85205:6.539063:-14.10645	10.80615:6.842285:-19.37549	9.303223:6.442383:-11.59277	-0.1602913:14.59396:-37.49166	Grasped	CupRight	
12.0542:3.70459:-15.38525	11.83447:6.583008:-14.05811	10.7666:6.952148:-19.34912	9.355957:6.319336:-11.55762	-0.159978:14.59503:-37.49377	Grasped	CupRight	
12.0542:3.70459:-15.38525	11.83447:6.583008:-14.05811	10.7666:6.952148:-19.34912	9.355957:6.319336:-11.55762	-0.1540834:14.58899:-37.47706	Grasped	CupRight	
12.0542:3.70459:-15.38525	11.83447:6.583008:-14.05811	10.7666:6.952148:-19.34912	9.355957:6.319336:-11.55762	-0.1597245:14.59655:-37.49958	Grasped	CupRight	
12.12012:3.730957:-15.39404	11.86523:6.626953:-14.03174	10.74902:7.026855:-19.34033	9.41748:6.279785:-11.54004	-0.1455641:14.5804:-37.45477	Grasped	CupRight	
12.12012:3.730957:-15.39404	11.86523:6.626953:-14.03174	10.74902:7.026855:-19.34033	9.41748:6.279785:-11.54004	-0.1404995:14.57505:-37.4387	Grasped	CupRight	
12.12012:3.730957:-15.39404	11.86523:6.626953:-14.03174	10.74902:7.026855:-19.34033	9.41748:6.279785:-11.54004	-0.1313926:14.56468:-37.4094	Grasped	CupRight	
12.14209:3.805664:-15.39404	11.90479:6.723633:-13.98779	10.74902:7.066406:-19.34473	9.439453:6.341309:-11.54004	-0.1286562:14.56316:-37.40438	Grasped	CupRight	
12.14209:3.805664:-15.39404	11.90479:6.723633:-13.98779	10.74902:7.066406:-19.34473	9.439453:6.341309:-11.54004	-0.1436766:14.57753:-37.44214	Grasped	CupRight	
12.14209:3.805664:-15.39404	11.90479:6.723633:-13.98779	10.74902:7.066406:-19.34473	9.439453:6.341309:-11.54004	-0.1429678:14.57844:-37.44154	Grasped	CupRight	
12.14209:3.805664:-15.39404	11.90479:6.723633:-13.98779	10.74902:7.066406:-19.34473	9.439453:6.341309:-11.54004	-0.1315522:14.5652:-37.40501	Grasped	CupRight	
12.19043:3.88916:-15.40283	11.90479:6.824707:-13.93945	10.74902:7.202637:-19.35791	9.413086:6.279785:-11.56201	-0.125344:14.55897:-37.38694	Grasped	CupRight	
12.19043:3.88916:-15.40283	11.90479:6.824707:-13.93945	10.74902:7.202637:-19.35791	9.413086:6.279785:-11.56201	-0.1240548:14.55773:-37.38312	Grasped	CupRight	
12.19043:3.88916:-15.40283	11.90479:6.824707:-13.93945	10.74902:7.202637:-19.35791	9.413086:6.279785:-11.56201	-0.1218538:14.55584:-37.37792	Grasped	CupRight	
12.26953:3.946289:-15.46875	11.82129:6.837891:-13.90869	10.71387:7.36084:-19.35352	9.404297:6.099609:-11.57959	-0.1298544:14.56405:-37.39935	Grasped	Default	
12.26953:3.946289:-15.46875	11.82129:6.837891:-13.90869	10.71387:7.36084:-19.35352	9.404297:6.099609:-11.57959	-0.1239501:14.55989:-37.38546	Grasped	Default	
12.26953:3.946289:-15.46875	11.82129:6.837891:-13.90869	10.71387:7.36084:-19.35352	9.404297:6.099609:-11.57959	-0.1286754:14.56494:-37.40039	Grasped	Default	
12.26953:3.946289:-15.46875	11.82129:6.837891:-13.90869	10.71387:7.36084:-19.35352	9.404297:6.099609:-11.57959	-0.1399549:14.57822:-37.43458	Grasped	Default	
12.31787:4.051758:-15.5083	11.80371:6.908203:-13.89111	10.71826:7.417969:-19.35352	9.413086:6.134766:-11.58398	-0.1381648:14.57773:-37.43171	Grasped	Default	
12.31787:4.051758:-15.5083	11.80371:6.908203:-13.89111	10.71826:7.417969:-19.35352	9.413086:6.134766:-11.58398	-0.1356235:14.57845:-37.43066	Grasped	Default	
12.31787:4.051758:-15.5083	11.80371:6.908203:-13.89111	10.71826:7.417969:-19.35352	9.413086:6.134766:-11.58398	-0.1415234:14.58544:-37.44944	Grasped	Default	
12.35742:4.148438:-15.49512	11.82568:7.022461:-13.89551	10.72266:7.461914:-19.35791	9.439453:6.23584:-11.58838	-0.1256636:14.5687:-37.40046	Grasped	Default	
12.35742:4.148438:-15.49512	11.82568:7.022461:-13.89551	10.72266:7.461914:-19.35791	9.439453:6.23584:-11.58838	-0.1314854:14.57437:-37.41538	Grasped	Default	
12.35742:4.148438:-15.49512	11.82568:7.022461:-13.89551	10.72266:7.461914:-19.35791	9.439453:6.23584:-11.58838	-0.1031954:14.54217:-37.34076	Grasped	CupRight	
12.35742:4.148438:-15.49512	11.82568:7.022461:-13.89551	10.72266:7.461914:-19.35791	9.439453:6.23584:-11.58838	-0.1204477:14.56338:-37.39103	Grasped	Default	
12.40576:4.209961:-15.50391	11.80371:7.044434:-13.89551	10.72266:7.536621:-19.3623	9.448242:6.174316:-11.59277	-0.1244753:14.56833:-37.40158	Grasped	Default	
12.40576:4.209961:-15.50391	11.80371:7.044434:-13.89551	10.72266:7.536621:-19.3623	9.448242:6.174316:-11.59277	-0.1176906:14.56109:-37.37849	Grasped	Default	
12.40576:4.209961:-15.50391	11.80371:7.044434:-13.89551	10.72266:7.536621:-19.3623	9.448242:6.174316:-11.59277	-0.1261494:14.56912:-37.39614	Grasped	Default	
12.39697:4.209961:-15.52588	11.72021:7.062012:-13.87354	10.70947:7.589355:-19.35791	9.399902:6.086426:-11.60596	-0.1260343:14.56826:-37.39586	Grasped	Default	
12.39697:4.209961:-15.52588	11.72021:7.062012:-13.87354	10.70947:7.589355:-19.35791	9.399902:6.086426:-11.60596	-0.1359474:14.57889:-37.42363	Grasped	Default	
12.39697:4.209961:-15.52588	11.72021:7.062012:-13.87354	10.70947:7.589355:-19.35791	9.399902:6.086426:-11.60596	-0.1310121:14.57094:-37.40844	Grasped	Default	
12.40137:4.201172:-15.52148	11.64551:7.048828:-13.85596	10.69189:7.606934:-19.34912	9.338379:6.060059:-11.61475	-0.1363118:14.57395:-37.42019	Grasped	Default	
12.40137:4.201172:-15.52148	11.64551:7.048828:-13.85596	10.69189:7.606934:-19.34912	9.338379:6.060059:-11.61475	-0.1408288:14.57877:-37.43103	Grasped	Default	
12.40137:4.201172:-15.52148	11.64551:7.048828:-13.85596	10.69189:7.606934:-19.34912	9.338379:6.060059:-11.61475	-0.1400632:14.57731:-37.42885	Grasped	Default	
12.40137:4.201172:-15.52148	11.64551:7.048828:-13.85596	10.69189:7.606934:-19.34912	9.338379:6.060059:-11.61475	-0.1226884:14.56003:-37.38032	Grasped	Default	
12.36182:4.201172:-15.5127	11.57959:7.070801:-13.83398	10.65674:7.615723:-19.34033	9.285645:6.016113:-11.61035	-0.1092621:14.54607:-37.33952	Grasped	Default	
12.36182:4.201172:-15.5127	11.57959:7.070801:-13.83398	10.65674:7.615723:-19.34033	9.285645:6.016113:-11.61035	-0.1012492:14.53491:-37.31571	Grasped	Default	
12.36182:4.201172:-15.5127	11.57959:7.070801:-13.83398	10.65674:7.615723:-19.34033	9.285645:6.016113:-11.61035	-0.1054893:14.53913:-37.32751	Grasped	Default	
12.31787:4.21875:-15.50391	11.52246:7.066406:-13.80322	10.62158:7.624512:-19.31396	9.246094:5.972168:-11.59277	-0.108347:14.54028:-37.3336	Grasped	Default	
12.31787:4.21875:-15.50391	11.52246:7.066406:-13.80322	10.62158:7.624512:-19.31396	9.246094:5.972168:-11.59277	-0.1032214:14.5362:-37.32261	Grasped	Default	
12.31787:4.21875:-15.50391	11.52246:7.066406:-13.80322	10.62158:7.624512:-19.31396	9.246094:5.972168:-11.59277	-0.1076554:14.53847:-37.3336	Grasped	CupRight	
12.31787:4.21875:-15.50391	11.52246:7.066406:-13.80322	10.62158:7.624512:-19.31396	9.246094:5.972168:-11.59277	-0.1084594:14.53862:-37.33527	Grasped	CupRight	
12.28271:4.249512:-15.47754	11.45654:7.101563:-13.77246	10.58643:7.628906:-19.29199	9.215332:5.95459:-11.56641	-0.1209773:14.55334:-37.37379	Grasped	CupRight	
12.28271:4.249512:-15.47754	11.45654:7.101563:-13.77246	10.58643:7.628906:-19.29199	9.215332:5.95459:-11.56641	-0.1198172:14.55013:-37.36716	Grasped	CupRight	
12.28271:4.249512:-15.47754	11.45654:7.101563:-13.77246	10.58643:7.628906:-19.29199	9.215332:5.95459:-11.56641	-0.1270666:14.55884:-37.39116	Grasped	CupRight	
12.27393:4.253906:-15.44238	11.40381:7.12793:-13.75049	10.55566:7.628906:-19.27002	9.193359:5.941406:-11.54004	-0.1285595:14.56195:-37.39919	Grasped	CupRight	
12.27393:4.253906:-15.44238	11.40381:7.12793:-13.75049	10.55566:7.628906:-19.27002	9.193359:5.941406:-11.54004	-0.1244121:14.55879:-37.39155	Grasped	CupRight	
12.27393:4.253906:-15.44238	11.40381:7.12793:-13.75049	10.55566:7.628906:-19.27002	9.193359:5.941406:-11.54004	-0.1397262:14.57487:-37.43337	Grasped	CupRight	
12.23877:4.253906:-15.43799	11.38184:7.088379:-13.73291	10.53369:7.628906:-19.25244	9.175781:5.90625:-11.52686	-0.1459398:14.58012:-37.45091	Grasped	CupRight	
12.23877:4.253906:-15.43799	11.38184:7.088379:-13.73291	10.53369:7.628906:-19.25244	9.175781:5.90625:-11.52686	-0.1555836:14.59176:-37.4812	Grasped	CupRight	
12.23877:4.253906:-15.43799	11.38184:7.088379:-13.73291	10.53369:7.628906:-19.25244	9.175781:5.90625:-11.52686	-0.1600821:14.59802:-37.49294	Grasped	Default	
12.23877:4.253906:-15.43799	11.38184:7.088379:-13.73291	10.53369:7.628906:-19.25244	9.175781:5.90625:-11.52686	-0.1701345:14.60634:-37.51833	Grasped	CupRight	
12.22998:4.236328:-15.44238	11.35107:7.083984:-13.72412	10.51611:7.624512:-19.24805	9.158203:5.866699:-11.52686	-0.1782891:14.6145:-37.5447	Grasped	CupRight	
12.22998:4.236328:-15.44238	11.35107:7.083984:-13.72412	10.51611:7.624512:-19.24805	9.158203:5.866699:-11.52686	-0.1877747:14.62384:-37.5707	Grasped	CupRight	
12.22998:4.236328:-15.44238	11.35107:7.083984:-13.72412	10.51611:7.624512:-19.24805	9.158203:5.866699:-11.52686	-0.1853695:14.62016:-37.56151	Grasped	CupRight	
12.19922:4.214355:-15.46436	11.3335:7.066406:-13.72412	10.51172:7.615723:-19.23926	9.162598:5.827148:-11.53125	-0.1840811:14.61607:-37.55424	Grasped	CupRight	
12.19922:4.214355:-15.46436	11.3335:7.066406:-13.72412	10.51172:7.615723:-19.23926	9.162598:5.827148:-11.53125	-0.1785577:14.60969:-37.53849	Grasped	CupRight	
12.19922:4.214355:-15.46436	11.3335:7.066406:-13.72412	10.51172:7.615723:-19.23926	9.162598:5.827148:-11.53125	-0.1854563:14.61578:-37.55524	Grasped	CupRight	
12.2168:4.187988:-15.46436	11.31592:7.048828:-13.7417	10.51172:7.615723:-19.23486	9.202148:5.805176:-11.52686	-0.1920911:14.62497:-37.57955	Grasped	CupRight	
12.2168:4.187988:-15.46436	11.31592:7.048828:-13.7417	10.51172:7.615723:-19.23486	9.202148:5.805176:-11.52686	-0.1844311:14.61712:-37.559	Grasped	CupRight	
12.2168:4.187988:-15.46436	11.31592:7.048828:-13.7417	10.51172:7.615723:-19.23486	9.202148:5.805176:-11.52686	-0.1778744:14.61187:-37.54422	Grasped	CupRight	
12.2168:4.187988:-15.46436	11.31592:7.048828:-13.7417	10.51172:7.615723:-19.23486	9.202148:5.805176:-11.52686	-0.1821554:14.61615:-37.55587	Grasped	CupRight	
12.26074:4.21875:-15.5083	11.33789:7.066406:-13.77246	10.51611:7.624512:-19.23926	9.276855:5.822754:-11.53125	-0.1877144:14.62107:-37.57164	Grasped	CupRight	
12.26074:4.21875:-15.5083	11.33789:7.066406:-13.77246	10.51611:7.624512:-19.23926	9.276855:5.822754:-11.53125	-0.1831979:14.61581:-37.5593	Grasped	CupRight	
12.26074:4.21875:-15.5083	11.33789:7.066406:-13.77246	10.51611:7.624512:-19.23926	9.276855:5.822754:-11.53125	-0.1922298:14.62791:-37.59009	Grasped	CupRight	
12.30908:4.231934:-15.5127	11.4082:7.057617:-13.8208	10.55566:7.646484:-19.27002	9.347168:5.835938:-11.54443	-0.2026081:14.63952:-37.62229	Grasped	CupRight	
12.30908:4.231934:-15.5127	11.4082:7.057617:-13.8208	10.55566:7.646484:-19.27002	9.347168:5.835938:-11.54443	-0.2012284:14.63853:-37.62085	Grasped	CupRight	
12.30908:4.231934:-15.5127	11.4082:7.057617:-13.8208	10.55566:7.646484:-19.27002	9.347168:5.835938:-11.54443	-0.1840911:14.62366:-37.57969	Grasped	CupRight	
12.30908:4.231934:-15.5127	11.4082:7.057617:-13.8208	10.55566:7.646484:-19.27002	9.347168:5.835938:-11.54443	-0.1973049:14.63663:-37.61421	Grasped	CupRight	
12.35303:4.240723:-15.55225	11.42139:7.105957:-13.84277	10.59521:7.668457:-19.29199	9.408691:5.849121:-11.56201	-0.1980212:14.63901:-37.62037	Grasped	CupRight	
12.35303:4.240723:-15.55225	11.42139:7.105957:-13.84277	10.59521:7.668457:-19.29199	9.408691:5.849121:-11.56201	-0.1994686:14.63873:-37.62189	Grasped	CupRight	
12.35303:4.240723:-15.55225	11.42139:7.105957:-13.84277	10.59521:7.668457:-19.29199	9.408691:5.849121:-11.56201	-0.1970094:14.63565:-37.61374	Grasped	CupRight	
12.35303:4.240723:-15.55225	11.42139:7.105957:-13.84277	10.59521:7.668457:-19.29199	9.408691:5.849121:-11.56201	-0.186358:14.62339:-37.5821	Grasped	CupRight	
12.42773:4.26709:-15.57422	11.46094:7.149902:-13.89551	10.63037:7.699219:-19.31396	9.470215:5.884277:-11.5752	-0.1841224:14.62191:-37.57791	Grasped	CupRight	
12.42773:4.26709:-15.57422	11.46094:7.149902:-13.89551	10.63037:7.699219:-19.31396	9.470215:5.884277:-11.5752	-0.1840058:14.62207:-37.57876	Grasped	CupRight	
12.42773:4.26709:-15.57422	11.46094:7.149902:-13.89551	10.63037:7.699219:-19.31396	9.470215:5.884277:-11.5752	-0.1873722:14.62653:-37.58896	Grasped	CupRight	
12.48486:4.306641:-15.58301	11.4917:7.171875:-13.92627	10.66992:7.734375:-19.33154	9.544922:5.928223:-11.5752	-0.1837171:14.62242:-37.57843	Grasped	CupRight	
12.48486:4.306641:-15.58301	11.4917:7.171875:-13.92627	10.66992:7.734375:-19.33154	9.544922:5.928223:-11.5752	-0.1810165:14.61934:-37.57022	Grasped	CupRight	
12.48486:4.306641:-15.58301	11.4917:7.171875:-13.92627	10.66992:7.734375:-19.33154	9.544922:5.928223:-11.5752	-0.1848604:14.62413:-37.58319	Grasped	CupRight	
12.50244:4.31543:-15.63135	11.4917:7.207031:-13.93066	10.69189:7.769531:-19.34473	9.566895:5.976563:-11.58398	-0.186289:14.62645:-37.58862	Grasped	CupRight	
12.50244:4.31543:-15.63135	11.4917:7.207031:-13.93066	10.69189:7.769531:-19.34473	9.566895:5.976563:-11.58398	-0.2233282:14.68898:-37.75668	Grasped	Bottle	
12.50244:4.31543:-15.63135	11.4917:7.207031:-13.93066	10.69189:7.769531:-19.34473	9.566895:5.976563:-11.58398	-0.1877956:14.64193:-37.62529	Grasped	Bottle	
12.50244:4.31543:-15.63135	11.4917:7.207031:-13.93066	10.69189:7.769531:-19.34473	9.566895:5.976563:-11.58398	-0.1663518:14.62039:-37.56506	Grasped	Bottle	
12.51123:4.346191:-15.61816	11.4917:7.259766:-13.92188	10.70508:7.765137:-19.35352	9.584473:5.994141:-11.59277	-0.1580977:14.60915:-37.54633	Grasped	Bottle	
12.51123:4.346191:-15.61816	11.4917:7.259766:-13.92188	10.70508:7.765137:-19.35352	9.584473:5.994141:-11.59277	-0.1740569:14.62894:-37.58637	Grasped	Bottle	
12.51123:4.346191:-15.61816	11.4917:7.259766:-13.92188	10.70508:7.765137:-19.35352	9.584473:5.994141:-11.59277	-0.1840099:14.64098:-37.61801	Grasped	Bottle	
12.51123:4.346191:-15.61816	11.4917:7.259766:-13.92188	10.70508:7.765137:-19.35352	9.584473:5.994141:-11.59277	-0.1829357:14.64026:-37.6137	Grasped	Bottle	
12.51123:4.311035:-15.62695	11.49609:7.211426:-13.96582	10.71826:7.751953:-19.35352	9.593262:5.980957:-11.59717	-0.1903074:14.64829:-37.63457	Grasped	Bottle	
12.51123:4.311035:-15.62695	11.49609:7.211426:-13.96582	10.71826:7.751953:-19.35352	9.593262:5.980957:-11.59717	-0.1893475:14.64941:-37.637	Grasped	Bottle	
12.51123:4.311035:-15.62695	11.49609:7.211426:-13.96582	10.71826:7.751953:-19.35352	9.593262:5.980957:-11.59717	-0.189387:14.64968:-37.63924	Grasped	Bottle	
12.51123:4.302246:-15.63574	11.4873:7.21582:-13.979	10.73145:7.73877:-19.35791	9.597656:5.976563:-11.60156	-0.2040346:14.66609:-37.68276	Grasped	Bottle	
12.51123:4.302246:-15.63574	11.4873:7.21582:-13.979	10.73145:7.73877:-19.35791	9.597656:5.976563:-11.60156	-0.2137154:14.67665:-37.71376	Grasped	Bottle	
12.51123:4.302246:-15.63574	11.4873:7.21582:-13.979	10.73145:7.73877:-19.35791	9.597656:5.976563:-11.60156	-0.2149399:14.678:-37.7174	Grasped	Bottle	
12.51123:4.293457:-15.63574	11.47412:7.237793:-13.96143	10.73145:7.721191:-19.3623	9.597656:5.967773:-11.59277	-0.2194705:14.67931:-37.71957	Grasped	Bottle	
12.51123:4.293457:-15.63574	11.47412:7.237793:-13.96143	10.73145:7.721191:-19.3623	9.597656:5.967773:-11.59277	-0.2089366:14.67231:-37.70248	Grasped	Bottle	
12.51123:4.293457:-15.63574	11.47412:7.237793:-13.96143	10.73145:7.721191:-19.3623	9.597656:5.967773:-11.59277	-0.2104832:14.67309:-37.70645	Grasped	Bottle	
12.48486:4.275879:-15.60938	11.46533:7.237793:-13.93066	10.71387:7.703613:-19.34912	9.571289:5.985352:-11.56641	-0.2133004:14.67685:-37.71336	Grasped	Bottle	
12.48486:4.275879:-15.60938	11.46533:7.237793:-13.93066	10.71387:7.703613:-19.34912	9.571289:5.985352:-11.56641	-0.1349367:14.59892:-37.52477	Grasped	Bottle	
12.48486:4.275879:-15.60938	11.46533:7.237793:-13.93066	10.71387:7.703613:-19.34912	9.571289:5.985352:-11.56641	-0.0247564:14.50331:-37.21333	Grasped	Bottle	
12.48486:4.275879:-15.60938	11.46533:7.237793:-13.93066	10.71387:7.703613:-19.34912	9.571289:5.985352:-11.56641	0.03430372:14.47288:-37.23303	Grasped	CupRight	
12.42773:4.311035:-15.5874	11.46094:7.281738:-13.91748	10.68311:7.694824:-19.35352	9.531738:6.00293:-11.56641	0.03430372:14.47288:-37.23303	Grasped	CupRight	
12.42773:4.311035:-15.5874	11.46094:7.281738:-13.91748	10.68311:7.694824:-19.35352	9.531738:6.00293:-11.56641	0.03430372:14.47288:-37.23303	Grasped	CupRight	
12.42773:4.311035:-15.5874	11.46094:7.281738:-13.91748	10.68311:7.694824:-19.35352	9.531738:6.00293:-11.56641	0.03430372:14.47288:-37.23303	Grasped	CupRight	
12.42773:4.311035:-15.5874	11.46094:7.281738:-13.91748	10.68311:7.694824:-19.35352	9.531738:6.00293:-11.56641	0.03430372:14.47288:-37.23303	Grasped	CupRight	
12.39258:4.289063:-15.61816	11.44775:7.299316:-13.91309	10.65674:7.699219:-19.37549	9.500977:5.967773:-11.60156	0.03430372:14.47288:-37.23303	Grasped	CupRight	
12.39258:4.289063:-15.61816	11.44775:7.299316:-13.91309	10.65674:7.699219:-19.37549	9.500977:5.967773:-11.60156	0.03430372:14.47288:-37.23303	Grasped	CupRight	
12.39258:4.289063:-15.61816	11.44775:7.299316:-13.91309	10.65674:7.699219:-19.37549	9.500977:5.967773:-11.60156	0.03430372:14.47288:-37.23303	Grasped	CupRight	
12.38818:4.280273:-15.66211	11.52686:7.347656:-13.8999	10.64795:7.699219:-19.41504	9.487793:5.915039:-11.6499	0.03430372:14.47288:-37.23303	Grasped	CupRight	
12.38818:4.280273:-15.66211	11.52686:7.347656:-13.8999	10.64795:7.699219:-19.41504	9.487793:5.915039:-11.6499	0.03430372:14.47288:-37.23303	Grasped	CupRight	
12.38818:4.280273:-15.66211	11.52686:7.347656:-13.8999	10.64795:7.699219:-19.41504	9.487793:5.915039:-11.6499	0.03430372:14.47288:-37.23303	Grasped	CupRight	
12.41016:4.280273:-15.68408	11.56201:7.36084:-13.93506	10.66113:7.708008:-19.44141	9.479004:5.915039:-11.67627	-0.08945048:14.47709:-37.2121	Grasped	CupRight	
12.41016:4.280273:-15.68408	11.56201:7.36084:-13.93506	10.66113:7.708008:-19.44141	9.479004:5.915039:-11.67627	-0.2760527:14.70642:-37.82406	Grasped	CupRight	
12.41016:4.280273:-15.68408	11.56201:7.36084:-13.93506	10.66113:7.708008:-19.44141	9.479004:5.915039:-11.67627	-0.2774909:14.72861:-37.89271	Grasped	CupRight	
12.41016:4.280273:-15.68408	11.56201:7.36084:-13.93506	10.66113:7.708008:-19.44141	9.479004:5.915039:-11.67627	-0.1280328:14.57783:-37.47852	Grasped	Bottle	
12.42334:4.275879:-15.70605	11.59717:7.352051:-13.94824	10.66553:7.721191:-19.45459	9.500977:5.95459:-11.68066	-0.1949382:14.65275:-37.6648	Grasped	Bottle	
12.42334:4.275879:-15.70605	11.59717:7.352051:-13.94824	10.66553:7.721191:-19.45459	9.500977:5.95459:-11.68066	-0.2033973:14.65834:-37.67286	Grasped	Bottle	
12.42334:4.275879:-15.70605	11.59717:7.352051:-13.94824	10.66553:7.721191:-19.45459	9.500977:5.95459:-11.68066	-0.2361295:14.69337:-37.76423	Grasped	Bottle	
12.43652:4.302246:-15.71924	11.61475:7.400391:-13.94824	10.66553:7.743164:-19.47217	9.540527:5.994141:-11.67627	-0.2587884:14.71289:-37.81849	Grasped	Bottle	
12.43652:4.302246:-15.71924	11.61475:7.400391:-13.94824	10.66553:7.743164:-19.47217	9.540527:5.994141:-11.67627	-0.2586796:14.71257:-37.81518	Grasped	Bottle	
12.43652:4.302246:-15.71924	11.61475:7.400391:-13.94824	10.66553:7.743164:-19.47217	9.540527:5.994141:-11.67627	-0.2367719:14.69118:-37.75776	Grasped	Bottle	
12.43652:4.302246:-15.71924	11.61475:7.400391:-13.94824	10.66553:7.743164:-19.47217	9.540527:5.994141:-11.67627	-0.2639849:14.71947:-37.83789	Grasped	Bottle	
12.4541:4.31543:-15.73242	11.64111:7.391602:-13.97461	10.67432:7.751953:-19.47656	9.5625:5.989746:-11.68066	-0.2494187:14.70761:-37.81012	Grasped	Bottle	
12.4541:4.31543:-15.73242	11.64111:7.391602:-13.97461	10.67432:7.751953:-19.47656	9.5625:5.989746:-11.68066	-0.2564242:14.71589:-37.83066	Grasped	Bottle	
12.4541:4.31543:-15.73242	11.64111:7.391602:-13.97461	10.67432:7.751953:-19.47656	9.5625:5.989746:-11.68066	-0.2501159:14.7122:-37.82349	Grasped	Bottle	
12.46729:4.297852:-15.73682	11.64551:7.395996:-13.97021	10.67432:7.747559:-19.48096	9.575684:5.967773:-11.68945	-0.246308:14.70886:-37.81331	Grasped	Bottle	
12.46729:4.297852:-15.73682	11.64551:7.395996:-13.97021	10.67432:7.747559:-19.48096	9.575684:5.967773:-11.68945	-0.2142549:14.67898:-37.72411	Grasped	Bottle	
12.46729:4.297852:-15.73682	11.64551:7.395996:-13.97021	10.67432:7.747559:-19.48096	9.575684:5.967773:-11.68945	-0.2107381:14.67368:-37.71253	Grasped	Bottle	
12.48047:4.26709:-15.72803	11.66309:7.36084:-13.97021	10.67432:7.734375:-19.49414	9.575684:5.958984:-11.69385	-0.2428078:14.7011:-37.78521	Grasped	Bottle	
12.48047:4.26709:-15.72803	11.66309:7.36084:-13.97021	10.67432:7.734375:-19.49414	9.575684:5.958984:-11.69385	-0.2435393:14.70279:-37.78828	Grasped	Bottle	
12.48047:4.26709:-15.72803	11.66309:7.36084:-13.97021	10.67432:7.734375:-19.49414	9.575684:5.958984:-11.69385	-0.2301153:14.68757:-37.74862	Grasped	Bottle	
12.48047:4.26709:-15.72803	11.66309:7.36084:-13.97021	10.67432:7.734375:-19.49414	9.575684:5.958984:-11.69385	-0.1232547:14.59633:-37.4874	Grasped	Bottle	
12.46729:4.249512:-15.73682	11.70703:7.3125:-13.97021	10.67871:7.712402:-19.49854	9.588867:5.932617:-11.68945	-0.1393192:14.60401:-37.54075	Grasped	Bottle	
12.46729:4.249512:-15.73682	11.70703:7.3125:-13.97021	10.67871:7.712402:-19.49854	9.588867:5.932617:-11.68945	-0.1889606:14.6536:-37.66483	Grasped	Bottle	
12.46729:4.249512:-15.73682	11.70703:7.3125:-13.97021	10.67871:7.712402:-19.49854	9.588867:5.932617:-11.68945	-0.1393494:14.59754:-37.51139	Grasped	Bottle	
12.46729:4.139648:-15.74561	11.75537:7.294922:-13.96143	10.6875:7.69043:-19.49854	9.624023:5.90625:-11.68066	-0.1564166:14.61666:-37.56684	Grasped	Bottle	
12.46729:4.139648:-15.74561	11.75537:7.294922:-13.96143	10.6875:7.69043:-19.49854	9.624023:5.90625:-11.68066	-0.155753:14.61645:-37.56338	Grasped	Bottle	
12.46729:4.139648:-15.74561	11.75537:7.294922:-13.96143	10.6875:7.69043:-19.49854	9.624023:5.90625:-11.68066	-0.1352968:14.59317:-37.49783	Grasped	Bottle	
12.46729:4.139648:-15.74561	11.75537:7.294922:-13.96143	10.6875:7.69043:-19.49854	9.624023:5.90625:-11.68066	-0.1462201:14.60526:-37.53205	Grasped	Bottle	
12.48926:4.113281:-15.74561	11.77734:7.299316:-13.9834	10.71826:7.650879:-19.49854	9.663574:5.884277:-11.67627	-0.146823:14.60764:-37.53729	Grasped	Bottle	
12.48926:4.113281:-15.74561	11.77734:7.299316:-13.9834	10.71826:7.650879:-19.49854	9.663574:5.884277:-11.67627	-0.14931:14.60932:-37.54351	Grasped	Bottle	
12.48926:4.113281:-15.74561	11.77734:7.299316:-13.9834	10.71826:7.650879:-19.49854	9.663574:5.884277:-11.67627	-0.1375983:14.5982:-37.51497	Grasped	Bottle	
12.54639:4.108887:-15.74121	11.84766:7.250977:-14.04492	10.75342:7.633301:-19.50293	9.733887:5.835938:-11.66748	-0.1323192:14.59363:-37.50279	Grasped	Bottle	
12.54639:4.108887:-15.74121	11.84766:7.250977:-14.04492	10.75342:7.633301:-19.50293	9.733887:5.835938:-11.66748	-0.126985:14.58951:-37.49167	Grasped	Bottle	
12.54639:4.108887:-15.74121	11.84766:7.250977:-14.04492	10.75342:7.633301:-19.50293	9.733887:5.835938:-11.66748	-0.1364608:14.59961:-37.51944	Grasped	Bottle	
12.54639:4.108887:-15.74121	11.84766:7.250977:-14.04492	10.75342:7.633301:-19.50293	9.733887:5.835938:-11.66748	-0.1453078:14.60742:-37.54234	Grasped	Bottle	
12.56836:4.113281:-15.73682	11.92676:7.193848:-14.04932	10.77539:7.624512:-19.50293	9.791016:5.76123:-11.64111	-0.1461967:14.60719:-37.5438	Grasped	Bottle	
12.56836:4.113281:-15.73682	11.92676:7.193848:-14.04932	10.77539:7.624512:-19.50293	9.791016:5.76123:-11.64111	-0.149919:14.61034:-37.55131	Grasped	Bottle	
12.56836:4.113281:-15.73682	11.92676:7.193848:-14.04932	10.77539:7.624512:-19.50293	9.791016:5.76123:-11.64111	-0.1476122:14.60694:-37.54281	Grasped	Bottle	
12.56396:4.126465:-15.73242	11.91357:7.21582:-14.04492	10.77979:7.615723:-19.49414	9.799805:5.717285:-11.61035	-0.1472841:14.60594:-37.54024	Grasped	Bottle	
12.56396:4.126465:-15.73242	11.91357:7.21582:-14.04492	10.77979:7.615723:-19.49414	9.799805:5.717285:-11.61035	-0.1411822:14.59916:-37.52105	Grasped	Bottle	
12.56396:4.126465:-15.73242	11.91357:7.21582:-14.04492	10.77979:7.615723:-19.49414	9.799805:5.717285:-11.61035	-0.1481488:14.60442:-37.53853	Grasped	Bottle	
12.56396:4.126465:-15.73242	11.91357:7.21582:-14.04492	10.77979:7.615723:-19.49414	9.799805:5.717285:-11.61035	-0.1514041:14.6088:-37.54668	Grasped	Bottle	
12.56396:4.091309:-15.71045	11.92676:7.163086:-14.03174	10.77539:7.606934:-19.47217	9.799805:5.690918:-11.56201	-0.1521406:14.61061:-37.5468	Grasped	Bottle	
12.56396:4.091309:-15.71045	11.92676:7.163086:-14.03174	10.77539:7.606934:-19.47217	9.799805:5.690918:-11.56201	-0.1548819:14.61273:-37.55071	Grasped	Bottle	
12.56396:4.091309:-15.71045	11.92676:7.163086:-14.03174	10.77539:7.606934:-19.47217	9.799805:5.690918:-11.56201	-0.1639859:14.62274:-37.58191	Grasped	Bottle	
12.55957:4.042969:-15.61377	11.88721:7.07959:-13.98779	10.74463:7.589355:-19.41504	9.773438:5.67334:-11.50049	-0.1405742:14.60109:-37.52406	Grasped	Bottle	
12.55957:4.042969:-15.61377	11.88721:7.07959:-13.98779	10.74463:7.589355:-19.41504	9.773438:5.67334:-11.50049	-0.15065:14.60683:-37.5404	Grasped	Bottle	
12.55957:4.042969:-15.61377	11.88721:7.07959:-13.98779	10.74463:7.589355:-19.41504	9.773438:5.67334:-11.50049	-0.1561524:14.6129:-37.55914	Grasped	Bottle	
12.55957:4.042969:-15.61377	11.88721:7.07959:-13.98779	10.74463:7.589355:-19.41504	9.773438:5.67334:-11.50049	-0.1811132:14.6368:-37.62299	Grasped	Bottle	
12.51563:4.025391:-15.53906	11.83008:7.083984:-13.86475	10.70068:7.554199:-19.34033	9.720703:5.633789:-11.4126	-0.1750065:14.63076:-37.60881	Grasped	Bottle	
12.51563:4.025391:-15.53906	11.83008:7.083984:-13.86475	10.70068:7.554199:-19.34033	9.720703:5.633789:-11.4126	-0.179442:14.63408:-37.6179	Grasped	Bottle	
12.51563:4.025391:-15.53906	11.83008:7.083984:-13.86475	10.70068:7.554199:-19.34033	9.720703:5.633789:-11.4126	-0.1765112:14.63091:-37.60905	Grasped	Bottle	
12.44092:4.025391:-15.40283	11.75537:7.12793:-13.71973	10.65234:7.523438:-19.23047	9.654785:5.594238:-11.29395	-0.03528768:14.52494:-37.32312	Grasped	Bottle	
12.44092:4.025391:-15.40283	11.75537:7.12793:-13.71973	10.65234:7.523438:-19.23047	9.654785:5.594238:-11.29395	-0.1302154:14.60421:-37.52607	Grasped	Bottle	
12.44092:4.025391:-15.40283	11.75537:7.12793:-13.71973	10.65234:7.523438:-19.23047	9.654785:5.594238:-11.29395	-0.1347556:14.60765:-37.52362	Grasped	Bottle	
12.39697:4.03418:-15.31055	11.69385:7.132324:-13.58789	10.61719:7.527832:-19.10742	9.606445:5.545898:-11.17529	-0.1102234:14.58861:-37.4687	Grasped	Bottle	
12.39697:4.03418:-15.31055	11.69385:7.132324:-13.58789	10.61719:7.527832:-19.10742	9.606445:5.545898:-11.17529	-0.09090722:14.57224:-37.42842	Grasped	Bottle	
12.39697:4.03418:-15.31055	11.69385:7.132324:-13.58789	10.61719:7.527832:-19.10742	9.606445:5.545898:-11.17529	-0.08478165:14.56418:-37.40739	Grasped	Bottle	
12.39697:4.03418:-15.31055	11.69385:7.132324:-13.58789	10.61719:7.527832:-19.10742	9.606445:5.545898:-11.17529	-0.08261579:14.56164:-37.40361	Grasped	Bottle	
12.34863:4.064941:-15.17871	11.62354:7.145508:-13.45166	10.57764:7.562988:-18.97119	9.597656:5.497559:-11.02148	-0.08730093:14.5639:-37.40781	Grasped	Bottle	
12.34863:4.064941:-15.17871	11.62354:7.145508:-13.45166	10.57764:7.562988:-18.97119	9.597656:5.497559:-11.02148	-0.07042363:14.54875:-37.36752	Grasped	Bottle	
12.34863:4.064941:-15.17871	11.62354:7.145508:-13.45166	10.57764:7.562988:-18.97119	9.597656:5.497559:-11.02148	-0.06068417:14.54029:-37.3371	Grasped	Bottle	
12.34863:4.064941:-15.17871	11.62354:7.145508:-13.45166	10.57764:7.562988:-18.97119	9.597656:5.497559:-11.02148	-0.03951627:14.52047:-37.28695	Grasped	Bottle	
12.30908:4.113281:-15.0249	11.58838:7.16748:-13.30664	10.53809:7.558594:-18.86572	9.580078:5.471191:-10.88086	-0.04034781:14.52311:-37.28805	Grasped	Bottle	
12.30908:4.113281:-15.0249	11.58838:7.16748:-13.30664	10.53809:7.558594:-18.86572	9.580078:5.471191:-10.88086	-0.02398491:14.50881:-37.24747	Grasped	Bottle	
12.30908:4.113281:-15.0249	11.58838:7.16748:-13.30664	10.53809:7.558594:-18.86572	9.580078:5.471191:-10.88086	-0.05961996:14.54188:-37.33888	Grasped	Bottle	
12.26074:4.025391:-14.87988	11.54443:7.145508:-13.18799	10.48096:7.523438:-18.74707	9.522949:5.44043:-10.771	-0.06595725:14.54767:-37.35467	Grasped	Bottle	
12.26074:4.025391:-14.87988	11.54443:7.145508:-13.18799	10.48096:7.523438:-18.74707	9.522949:5.44043:-10.771	-0.06652275:14.54847:-37.35394	Grasped	Bottle	
12.26074:4.025391:-14.87988	11.54443:7.145508:-13.18799	10.48096:7.523438:-18.74707	9.522949:5.44043:-10.771	-0.06379795:14.54649:-37.34851	Grasped	Bottle	
12.16406:3.871582:-14.79639	11.53125:7.075195:-13.06055	10.42383:7.44873:-18.65039	9.448242:5.383301:-10.69629	-0.05657202:14.53817:-37.32425	Grasped	Bottle	
12.16406:3.871582:-14.79639	11.53125:7.075195:-13.06055	10.42383:7.44873:-18.65039	9.448242:5.383301:-10.69629	-0.06257188:14.54403:-37.34014	Grasped	Bottle	
12.16406:3.871582:-14.79639	11.53125:7.075195:-13.06055	10.42383:7.44873:-18.65039	9.448242:5.383301:-10.69629	-0.06654066:14.5487:-37.34649	Grasped	Bottle	
12.06738:3.766113:-14.7085	11.46094:6.925781:-12.94189	10.35352:7.325684:-18.54492	9.369141:5.167969:-10.62158	-0.06231678:14.54321:-37.33591	Grasped	Bottle	
12.06738:3.766113:-14.7085	11.46094:6.925781:-12.94189	10.35352:7.325684:-18.54492	9.369141:5.167969:-10.62158	0.007196426:14.43473:-37.06785	Grasped	Bottle	
