ThumbPosition	IndexPosition	PalmPosition	ObjectPosition	GazePosition	Annotations	GazeAnnotations	
-3.331055:2.342285:-27.58447	-2.025879:3.014648:-25.80029	1.133789:2.214844:-30.48047	0.9711914:8.129883:-12.38818	-0.3989992:14.842:-37.26778	Start	Default	
-3.331055:2.342285:-27.58447	-2.025879:3.014648:-25.80029	1.133789:2.214844:-30.48047	0.9711914:8.129883:-12.38818	-0.3988245:14.84303:-37.27104	Start	Default	
-3.331055:2.342285:-27.58447	-2.025879:3.014648:-25.80029	1.133789:2.214844:-30.48047	0.9711914:8.129883:-12.38818	-0.3980048:14.84196:-37.26482	Start	Default	
-3.335449:2.364258:-27.57568	-2.061035:3.032227:-25.77832	1.111816:2.197266:-30.48047	0.9667969:8.129883:-12.38818	-0.3982853:14.84371:-37.2942	Start	Default	
-3.335449:2.364258:-27.57568	-2.061035:3.032227:-25.77832	1.111816:2.197266:-30.48047	0.9667969:8.129883:-12.38818	-0.3982565:14.84382:-37.29486	Start	Default	
-3.335449:2.364258:-27.57568	-2.061035:3.032227:-25.77832	1.111816:2.197266:-30.48047	0.9667969:8.129883:-12.38818	-0.3992398:14.84437:-37.294	Start	Default	
-3.353027:2.307129:-27.61523	-2.091797:3.036621:-25.77832	1.111816:2.188477:-30.47607	0.9667969:8.129883:-12.38818	-0.3988637:14.84318:-37.28239	Start	Default	
-3.353027:2.307129:-27.61523	-2.091797:3.036621:-25.77832	1.111816:2.188477:-30.47607	0.9667969:8.129883:-12.38818	-0.3993105:14.8439:-37.28907	Start	Default	
-3.353027:2.307129:-27.61523	-2.091797:3.036621:-25.77832	1.111816:2.188477:-30.47607	0.9667969:8.129883:-12.38818	-0.3997381:14.84243:-37.28483	Start	Default	
-3.353027:2.307129:-27.61523	-2.091797:3.036621:-25.77832	1.111816:2.188477:-30.47607	0.9667969:8.129883:-12.38818	-0.4204647:14.85445:-37.43485	Start	Default	
-3.291504:2.236816:-27.62402	-2.087402:3.058594:-25.77832	1.116211:2.188477:-30.47168	0.9667969:8.129883:-12.38818	-0.4506719:14.85223:-37.43699	Start	Default	
-3.291504:2.236816:-27.62402	-2.087402:3.058594:-25.77832	1.116211:2.188477:-30.47168	0.9667969:8.129883:-12.38818	-0.4494083:14.85276:-37.57547	Start	Default	
-3.291504:2.236816:-27.62402	-2.087402:3.058594:-25.77832	1.116211:2.188477:-30.47168	0.9667969:8.129883:-12.38818	-0.6671629:13.96041:-34.01993	Start	Default	
-3.221191:2.324707:-27.55371	-2.06543:3.09375:-25.78271	1.111816:2.206055:-30.48047	0.9711914:8.129883:-12.38818	-0.4870338:14.89058:-38.32317	Start	Default	
-3.221191:2.324707:-27.55371	-2.06543:3.09375:-25.78271	1.111816:2.206055:-30.48047	0.9711914:8.129883:-12.38818	-0.5647628:14.72877:-37.98302	Start	CupLeft	
-3.221191:2.324707:-27.55371	-2.06543:3.09375:-25.78271	1.111816:2.206055:-30.48047	0.9711914:8.129883:-12.38818	-1.104895:13.5789:-35.36235	Start	CupLeft	
-3.221191:2.324707:-27.55371	-2.06543:3.09375:-25.78271	1.111816:2.206055:-30.48047	0.9711914:8.129883:-12.38818	-1.225673:13.28345:-34.76294	Start	CupLeft	
-3.221191:2.324707:-27.55371	-2.06543:3.09375:-25.78271	1.111816:2.206055:-30.48047	0.9711914:8.129883:-12.38818	-1.081386:13.59936:-35.3811	Start	CupLeft	
-3.353027:2.280762:-27.52295	-1.973145:2.966309:-25.73438	1.182129:2.707031:-30.2959	0.9711914:8.129883:-12.38818	-0.6680232:14.45728:-37.38508	Start	CupLeft	
-3.353027:2.280762:-27.52295	-1.973145:2.966309:-25.73438	1.182129:2.707031:-30.2959	0.9711914:8.129883:-12.38818	-2.28469:10.92871:-29.42849	Start	CupLeft	
-3.027832:3.827637:-27.19775	-1.731445:2.939941:-25.04004	1.665527:3.823242:-29.39941	0.9711914:8.129883:-12.38818	-1.438102:12.78585:-33.66466	Start	CupLeft	
-3.027832:3.827637:-27.19775	-1.731445:2.939941:-25.04004	1.665527:3.823242:-29.39941	0.9711914:8.129883:-12.38818	-0.9462611:13.58004:-35.45295	Start	Default	
-3.027832:3.827637:-27.19775	-1.731445:2.939941:-25.04004	1.665527:3.823242:-29.39941	0.9711914:8.129883:-12.38818	-0.4434483:14.64032:-37.70092	Start	Default	
-2.403809:5.000977:-25.52783	-0.7338867:3.98584:-22.70215	2.307129:4.820801:-27.50098	0.9667969:8.129883:-12.38818	-0.2934276:14.14685:-36.29882	ReachForBottle	Bottle	
-2.403809:5.000977:-25.52783	-0.7338867:3.98584:-22.70215	2.307129:4.820801:-27.50098	0.9667969:8.129883:-12.38818	-0.3460323:14.4016:-36.96078	ReachForBottle	Bottle	
-2.403809:5.000977:-25.52783	-0.7338867:3.98584:-22.70215	2.307129:4.820801:-27.50098	0.9667969:8.129883:-12.38818	-0.3780393:14.47219:-37.13839	ReachForBottle	Bottle	
-2.403809:5.000977:-25.52783	-0.7338867:3.98584:-22.70215	2.307129:4.820801:-27.50098	0.9667969:8.129883:-12.38818	-0.3578271:14.38932:-36.91021	ReachForBottle	Bottle	
-1.6875:4.908691:-22.53516	0.8789063:5.304199:-19.72266	2.847656:5.119629:-25.25098	0.9711914:8.129883:-12.38818	-0.3917035:14.52675:-37.28428	ReachForBottle	Bottle	
-1.6875:4.908691:-22.53516	0.8789063:5.304199:-19.72266	2.847656:5.119629:-25.25098	0.9711914:8.129883:-12.38818	-0.3855962:14.50986:-37.23515	ReachForBottle	Bottle	
-1.6875:4.908691:-22.53516	0.8789063:5.304199:-19.72266	2.847656:5.119629:-25.25098	0.9711914:8.129883:-12.38818	-0.3768244:14.47994:-37.12082	ReachForBottle	Bottle	
-0.8964844:5.119629:-19.44141	2.399414:5.638184:-16.96729	3.216797:4.688965:-22.82959	0.9711914:8.129883:-12.38818	-0.3671884:14.45482:-37.08711	ReachForBottle	Bottle	
-0.8964844:5.119629:-19.44141	2.399414:5.638184:-16.96729	3.216797:4.688965:-22.82959	0.9711914:8.129883:-12.38818	-0.3970543:14.61109:-37.50875	ReachForBottle	Bottle	
-0.8964844:5.119629:-19.44141	2.399414:5.638184:-16.96729	3.216797:4.688965:-22.82959	0.9711914:8.129883:-12.38818	-0.4173502:14.65346:-37.59551	ReachForBottle	Bottle	
-0.5493164:4.908691:-17.07275	3.287109:5.607422:-14.75244	3.361816:4.271484:-20.6499	0.9711914:8.129883:-12.38818	-0.4238537:14.63488:-37.54517	ReachForBottle	Bottle	
-0.5493164:4.908691:-17.07275	3.287109:5.607422:-14.75244	3.361816:4.271484:-20.6499	0.9711914:8.129883:-12.38818	-0.4274662:14.63743:-37.5625	ReachForBottle	Bottle	
-0.5493164:4.908691:-17.07275	3.287109:5.607422:-14.75244	3.361816:4.271484:-20.6499	0.9711914:8.129883:-12.38818	-0.4246336:14.65681:-37.57888	ReachForBottle	Bottle	
-0.5493164:4.908691:-17.07275	3.287109:5.607422:-14.75244	3.361816:4.271484:-20.6499	0.9711914:8.129883:-12.38818	-0.4204631:14.6747:-37.62667	ReachForBottle	Bottle	
-0.5976563:4.447266:-15.47754	3.396973:5.475586:-13.14404	3.348633:3.805664:-19.02393	0.9711914:8.129883:-12.38818	-0.4149094:14.63508:-37.55423	ReachForBottle	Bottle	
-0.5976563:4.447266:-15.47754	3.396973:5.475586:-13.14404	3.348633:3.805664:-19.02393	0.9711914:8.129883:-12.38818	-0.42261:14.61885:-37.46795	ReachForBottle	Bottle	
-0.5976563:4.447266:-15.47754	3.396973:5.475586:-13.14404	3.348633:3.805664:-19.02393	0.9711914:8.129883:-12.38818	-0.421117:14.63847:-37.5309	ReachForBottle	Bottle	
-0.8217773:4.08252:-14.45801	3.269531:5.119629:-12.0542	3.194824:3.208008:-17.93408	0.9711914:8.129883:-12.38818	-0.4261299:14.63119:-37.48956	ReachForBottle	Bottle	
-0.8217773:4.08252:-14.45801	3.269531:5.119629:-12.0542	3.194824:3.208008:-17.93408	0.9711914:8.129883:-12.38818	-0.4260231:14.57786:-37.38258	ReachForBottle	Bottle	
-0.8217773:4.08252:-14.45801	3.269531:5.119629:-12.0542	3.194824:3.208008:-17.93408	0.9711914:8.129883:-12.38818	-0.4413944:14.6179:-37.46822	ReachForBottle	Bottle	
-1.037109:3.726563:-13.74609	3.041016:4.737305:-11.40381	2.94873:2.588379:-17.23975	0.9624023:8.129883:-12.375	-0.4413979:14.65016:-37.56017	Grasped	Bottle	
-1.037109:3.726563:-13.74609	3.041016:4.737305:-11.40381	2.94873:2.588379:-17.23975	0.9624023:8.129883:-12.375	-0.4531829:14.70511:-37.71874	Grasped	Bottle	
-1.037109:3.726563:-13.74609	3.041016:4.737305:-11.40381	2.94873:2.588379:-17.23975	0.9624023:8.129883:-12.375	-0.444988:14.70886:-37.74356	Grasped	Bottle	
-1.037109:3.726563:-13.74609	3.041016:4.737305:-11.40381	2.94873:2.588379:-17.23975	0.9624023:8.129883:-12.375	-0.4395739:14.66248:-37.60727	Grasped	Bottle	
-1.208496:3.47168:-13.24951	2.67627:4.640625:-11.06982	2.66748:2.166504:-16.80029	0.8481445:8.085938:-12.08936	-0.4399357:14.65907:-37.58937	Grasped	Bottle	
-1.208496:3.47168:-13.24951	2.67627:4.640625:-11.06982	2.66748:2.166504:-16.80029	0.8481445:8.085938:-12.08936	-0.4273713:14.5245:-37.20424	Grasped	Bottle	
-1.208496:3.47168:-13.24951	2.67627:4.640625:-11.06982	2.66748:2.166504:-16.80029	0.8481445:8.085938:-12.08936	-0.4431277:14.68482:-37.64982	Grasped	Bottle	
-1.226074:3.27832:-12.88916	2.078613:4.381348:-10.99512	2.337891:1.981934:-16.59375	0.7382813:8.055176:-11.88281	-0.4903902:14.60363:-37.57281	Grasped	Default	
-1.226074:3.27832:-12.88916	2.078613:4.381348:-10.99512	2.337891:1.981934:-16.59375	0.7382813:8.055176:-11.88281	-0.5474007:14.73091:-38.00034	Grasped	Default	
-1.226074:3.27832:-12.88916	2.078613:4.381348:-10.99512	2.337891:1.981934:-16.59375	0.7382813:8.055176:-11.88281	-0.4994054:14.8704:-38.27663	Grasped	Default	
-1.226074:3.27832:-12.88916	2.078613:4.381348:-10.99512	2.337891:1.981934:-16.59375	0.7382813:8.055176:-11.88281	-0.67123:14.5063:-37.66604	Grasped	Default	
-1.344727:3.247559:-12.81885	1.423828:4.328613:-11.32031	1.942383:2.039063:-16.64209	0.3779297:8.151855:-12.16406	-0.5871129:14.69198:-37.96434	Grasped	Default	
-1.344727:3.247559:-12.81885	1.423828:4.328613:-11.32031	1.942383:2.039063:-16.64209	0.3779297:8.151855:-12.16406	-0.5647107:14.75941:-38.07753	Grasped	Default	
-1.344727:3.247559:-12.81885	1.423828:4.328613:-11.32031	1.942383:2.039063:-16.64209	0.3779297:8.151855:-12.16406	-0.5498517:14.79004:-38.13895	Grasped	Default	
-1.955566:3.60791:-13.32861	0.6547852:4.671387:-11.79053	1.450195:2.280762:-16.90576	-0.2021484:8.472656:-12.74854	-0.5497161:14.79266:-38.13971	Grasped	Default	
-1.955566:3.60791:-13.32861	0.6547852:4.671387:-11.79053	1.450195:2.280762:-16.90576	-0.2021484:8.472656:-12.74854	-0.605056:14.69021:-37.96932	Grasped	Default	
-1.955566:3.60791:-13.32861	0.6547852:4.671387:-11.79053	1.450195:2.280762:-16.90576	-0.2021484:8.472656:-12.74854	-0.5707586:14.74861:-38.06964	Grasped	Default	
-2.869629:4.236328:-14.18994	-0.3251953:5.128418:-12.44971	0.7734375:2.663086:-17.40674	-0.8657227:8.991211:-13.46484	-0.5702886:14.7505:-38.08073	Grasped	Default	
-2.869629:4.236328:-14.18994	-0.3251953:5.128418:-12.44971	0.7734375:2.663086:-17.40674	-0.8657227:8.991211:-13.46484	-0.5503827:14.78783:-38.14745	Grasped	Default	
-2.869629:4.236328:-14.18994	-0.3251953:5.128418:-12.44971	0.7734375:2.663086:-17.40674	-0.8657227:8.991211:-13.46484	-0.7157917:14.48355:-37.58624	Grasped	Default	
-2.869629:4.236328:-14.18994	-0.3251953:5.128418:-12.44971	0.7734375:2.663086:-17.40674	-0.8657227:8.991211:-13.46484	-0.6538351:14.62462:-37.8531	Grasped	Default	
-4.020996:4.78125:-15.25342	-1.652344:5.603027:-13.24072	-0.07910156:3.155273:-18.03076	-2.126953:9.505371:-14.33057	-0.628677:14.68118:-37.93737	Grasped	Default	
-4.020996:4.78125:-15.25342	-1.652344:5.603027:-13.24072	-0.07910156:3.155273:-18.03076	-2.126953:9.505371:-14.33057	-0.568864:14.7661:-38.10063	Grasped	Default	
-4.020996:4.78125:-15.25342	-1.652344:5.603027:-13.24072	-0.07910156:3.155273:-18.03076	-2.126953:9.505371:-14.33057	-0.5534782:14.77161:-38.11891	Grasped	Default	
-5.352539:5.185547:-16.3916	-3.168457:5.998535:-14.09766	-1.059082:3.585938:-18.67236	-3.493652:9.870117:-15.17871	-0.5924975:14.69619:-37.98731	Grasped	Default	
-5.352539:5.185547:-16.3916	-3.168457:5.998535:-14.09766	-1.059082:3.585938:-18.67236	-3.493652:9.870117:-15.17871	-0.6312816:14.63023:-37.86523	Grasped	Default	
