ThumbPosition	IndexPosition	PalmPosition	ObjectPosition	GazePosition	Annotations	GazeAnnotations	
-2.53125:1.753418:-28.44141	-1.924805:3.010254:-26.23096	1.467773:2.175293:-30.20361	0.9755859:8.01123:-11.59277	0.2026532:14.92208:-37.72781	Start	Default	
-2.53125:1.753418:-28.44141	-1.924805:3.010254:-26.23096	1.467773:2.175293:-30.20361	0.9755859:8.01123:-11.59277	0.1991696:14.92351:-37.77696	Start	Default	
-2.53125:1.753418:-28.44141	-1.924805:3.010254:-26.23096	1.467773:2.175293:-30.20361	0.9755859:8.01123:-11.59277	0.1786496:14.92615:-37.81426	Start	Default	
-2.53125:1.753418:-28.44141	-1.924805:3.010254:-26.23096	1.467773:2.175293:-30.20361	0.9755859:8.01123:-11.59277	0.1955019:14.92454:-37.81404	Start	Default	
-2.601563:1.770996:-28.44141	-1.858887:3.032227:-26.23096	1.472168:2.175293:-30.20361	0.9755859:8.01123:-11.59277	0.2006672:14.92451:-37.81376	Start	Default	
-2.601563:1.770996:-28.44141	-1.858887:3.032227:-26.23096	1.472168:2.175293:-30.20361	0.9755859:8.01123:-11.59277	0.2006283:14.92447:-37.81384	Start	Default	
-2.601563:1.770996:-28.44141	-1.858887:3.032227:-26.23096	1.472168:2.175293:-30.20361	0.9755859:8.01123:-11.59277	0.2010471:14.92437:-37.81364	Start	Default	
-2.601563:1.770996:-28.44141	-1.858887:3.032227:-26.23096	1.472168:2.175293:-30.20361	0.9755859:8.01123:-11.59277	0.200071:14.92444:-37.81365	Start	Default	
-2.733398:1.814941:-28.41943	-1.845703:3.032227:-26.23096	1.472168:2.175293:-30.20361	0.9755859:8.01123:-11.59277	0.1817908:14.92558:-37.81382	Start	Default	
-2.733398:1.814941:-28.41943	-1.845703:3.032227:-26.23096	1.472168:2.175293:-30.20361	0.9755859:8.01123:-11.59277	0.1793276:14.92506:-37.77901	Start	Default	
-2.733398:1.814941:-28.41943	-1.845703:3.032227:-26.23096	1.472168:2.175293:-30.20361	0.9755859:8.01123:-11.59277	0.1877807:14.92502:-37.81363	Start	Default	
-2.733398:1.814941:-28.41943	-1.845703:3.032227:-26.23096	1.472168:2.175293:-30.20361	0.9755859:8.01123:-11.59277	0.1887663:14.92478:-37.81353	Start	Default	
-2.838867:1.779785:-28.37109	-1.836914:3.076172:-26.21338	1.472168:2.166504:-30.20361	0.9755859:8.01123:-11.59277	0.1798272:14.9251:-37.8135	Start	Default	
-2.838867:1.779785:-28.37109	-1.836914:3.076172:-26.21338	1.472168:2.166504:-30.20361	0.9755859:8.01123:-11.59277	0.1669075:14.92562:-37.81368	Start	Default	
-2.838867:1.779785:-28.37109	-1.836914:3.076172:-26.21338	1.472168:2.166504:-30.20361	0.9755859:8.01123:-11.59277	0.1664785:14.92574:-37.81368	Start	Default	
-2.86084:1.718262:-28.34912	-1.801758:3.098145:-26.20898	1.472168:2.162109:-30.20361	0.9755859:8.01123:-11.59277	0.1659626:14.92549:-37.81362	Start	Default	
-2.86084:1.718262:-28.34912	-1.801758:3.098145:-26.20898	1.472168:2.162109:-30.20361	0.9755859:8.01123:-11.59277	0.1660078:14.9258:-37.81366	Start	Default	
-2.86084:1.718262:-28.34912	-1.801758:3.098145:-26.20898	1.472168:2.162109:-30.20361	0.9755859:8.01123:-11.59277	0.1658658:14.92589:-37.8137	Start	Default	
-2.86084:1.718262:-28.34912	-1.801758:3.098145:-26.20898	1.472168:2.162109:-30.20361	0.9755859:8.01123:-11.59277	0.1697005:14.92517:-37.70638	Start	Default	
-2.874023:1.599609:-28.34033	-1.779785:3.164063:-26.21338	1.476563:2.157715:-30.20361	0.9755859:8.01123:-11.59277	0.1698296:14.92512:-37.7001	Start	Default	
-2.874023:1.599609:-28.34033	-1.779785:3.164063:-26.21338	1.476563:2.157715:-30.20361	0.9755859:8.01123:-11.59277	0.1730477:14.92446:-37.62305	Start	Default	
-2.874023:1.599609:-28.34033	-1.779785:3.164063:-26.21338	1.476563:2.157715:-30.20361	0.9755859:8.01123:-11.59277	0.1750998:14.92469:-37.5714	Start	Default	
-2.917969:1.445801:-28.34912	-1.749023:3.225586:-26.16943	1.485352:2.157715:-30.20361	0.9755859:8.01123:-11.59277	0.1815048:14.90733:-37.69011	Start	Default	
-2.917969:1.445801:-28.34912	-1.749023:3.225586:-26.16943	1.485352:2.157715:-30.20361	0.9755859:8.01123:-11.59277	0.1976193:14.82165:-37.39818	Start	Default	
-2.917969:1.445801:-28.34912	-1.749023:3.225586:-26.16943	1.485352:2.157715:-30.20361	0.9755859:8.01123:-11.59277	0.1976601:14.67518:-36.90198	Start	Default	
-2.917969:1.445801:-28.34912	-1.749023:3.225586:-26.16943	1.485352:2.157715:-30.20361	0.9755859:8.01123:-11.59277	0.197219:14.84642:-37.62816	Start	Bottle	
-2.975098:1.168945:-28.31836	-1.661133:3.322266:-26.13428	1.489746:2.157715:-30.20361	0.9755859:8.01123:-11.59277	0.1984651:14.89773:-37.81691	Start	Bottle	
-2.975098:1.168945:-28.31836	-1.661133:3.322266:-26.13428	1.489746:2.157715:-30.20361	0.9755859:8.01123:-11.59277	0.1977785:14.89846:-37.81681	Start	Bottle	
-2.975098:1.168945:-28.31836	-1.661133:3.322266:-26.13428	1.489746:2.157715:-30.20361	0.9755859:8.01123:-11.59277	0.1860484:14.72858:-37.21909	Start	Bottle	
-2.975098:1.168945:-28.31836	-1.661133:3.322266:-26.13428	1.489746:2.157715:-30.20361	0.9755859:8.01123:-11.59277	0.1950188:14.89798:-37.81692	Start	Bottle	
-2.90918:0.9404297:-28.25684	-1.595215:3.427734:-26.1123	1.485352:2.157715:-30.20801	0.9755859:8.01123:-11.59277	0.1788569:14.88121:-37.7557	Start	Bottle	
-2.90918:0.9404297:-28.25684	-1.595215:3.427734:-26.1123	1.485352:2.157715:-30.20801	0.9755859:8.01123:-11.59277	0.150874:13.17257:-31.91428	Start	Bottle	
-2.90918:0.9404297:-28.25684	-1.595215:3.427734:-26.1123	1.485352:2.157715:-30.20801	0.9755859:8.01123:-11.59277	0.150874:13.17257:-31.91428	Start	Bottle	
-2.95752:0.909668:-28.21289	-1.625977:3.585938:-26.08594	1.516113:2.236816:-30.19482	0.9755859:8.01123:-11.59277	0.150874:13.17257:-31.91428	Start	Bottle	
-2.95752:0.909668:-28.21289	-1.625977:3.585938:-26.08594	1.516113:2.236816:-30.19482	0.9755859:8.01123:-11.59277	0.150874:13.17257:-31.91428	Start	Bottle	
-2.95752:0.909668:-28.21289	-1.625977:3.585938:-26.08594	1.516113:2.236816:-30.19482	0.9755859:8.01123:-11.59277	0.150874:13.17257:-31.91428	Start	Bottle	
-2.95752:0.909668:-28.21289	-1.625977:3.585938:-26.08594	1.516113:2.236816:-30.19482	0.9755859:8.01123:-11.59277	0.150874:13.17257:-31.91428	Start	Bottle	
-2.95752:0.909668:-28.21289	-1.625977:3.585938:-26.08594	1.516113:2.236816:-30.19482	0.9755859:8.01123:-11.59277	0.150874:13.17257:-31.91428	Start	Bottle	
-3.137695:1.26123:-27.99316	-1.520508:3.779297:-26.18701	1.656738:2.768555:-29.92676	0.9755859:8.01123:-11.59277	0.150874:13.17257:-31.91428	Start	Bottle	
-3.137695:1.26123:-27.99316	-1.520508:3.779297:-26.18701	1.656738:2.768555:-29.92676	0.9755859:8.01123:-11.59277	0.150874:13.17257:-31.91428	Start	Bottle	
-3.137695:1.26123:-27.99316	-1.520508:3.779297:-26.18701	1.656738:2.768555:-29.92676	0.9755859:8.01123:-11.59277	0.150874:13.17257:-31.91428	Start	Bottle	
-2.86084:2.588379:-27.50977	-0.9975586:3.845215:-25.73877	1.92041:3.647461:-29.26758	0.9755859:8.01123:-11.59277	0.150874:13.17257:-31.91428	Start	Bottle	
-2.86084:2.588379:-27.50977	-0.9975586:3.845215:-25.73877	1.92041:3.647461:-29.26758	0.9755859:8.01123:-11.59277	0.150874:13.17257:-31.91428	Start	Bottle	
-2.86084:2.588379:-27.50977	-0.9975586:3.845215:-25.73877	1.92041:3.647461:-29.26758	0.9755859:8.01123:-11.59277	0.150874:13.17257:-31.91428	Start	Bottle	
-2.86084:2.588379:-27.50977	-0.9975586:3.845215:-25.73877	1.92041:3.647461:-29.26758	0.9755859:8.01123:-11.59277	0.150874:13.17257:-31.91428	Start	Bottle	
-2.456543:3.708984:-26.62646	-0.5009766:4.293457:-24.82031	2.223633:4.592285:-28.38867	0.9755859:8.01123:-11.59277	0.150874:13.17257:-31.91428	Start	Bottle	
-2.456543:3.708984:-26.62646	-0.5009766:4.293457:-24.82031	2.223633:4.592285:-28.38867	0.9755859:8.01123:-11.59277	0.3772544:12.43521:-32.18086	Start	Bottle	
-2.456543:3.708984:-26.62646	-0.5009766:4.293457:-24.82031	2.223633:4.592285:-28.38867	0.9755859:8.01123:-11.59277	0.4969585:12.25882:-32.26641	Start	Bottle	
-1.995117:4.605469:-25.54541	0.1230469:4.737305:-23.51074	2.57959:5.286621:-27.2373	0.9755859:8.01123:-11.59277	0.7059305:12.59176:-32.13767	ReachForBottle	Default	
-1.995117:4.605469:-25.54541	0.1230469:4.737305:-23.51074	2.57959:5.286621:-27.2373	0.9755859:8.01123:-11.59277	0.5607142:13.00984:-31.97246	ReachForBottle	Bottle	
-1.995117:4.605469:-25.54541	0.1230469:4.737305:-23.51074	2.57959:5.286621:-27.2373	0.9755859:8.01123:-11.59277	0.804282:13.20429:-31.93414	ReachForBottle	Default	
-1.995117:4.605469:-25.54541	0.1230469:4.737305:-23.51074	2.57959:5.286621:-27.2373	0.9755859:8.01123:-11.59277	0.1619349:14.79093:-37.4809	ReachForBottle	Default	
-1.700684:5.299805:-24.1875	0.7163086:5.216309:-21.97705	2.891602:5.655762:-25.94531	0.9755859:8.01123:-11.59277	0.1568468:14.83931:-37.59291	ReachForBottle	Default	
-1.700684:5.299805:-24.1875	0.7163086:5.216309:-21.97705	2.891602:5.655762:-25.94531	0.9755859:8.01123:-11.59277	0.2096923:14.62137:-37.02883	ReachForBottle	Bottle	
-1.700684:5.299805:-24.1875	0.7163086:5.216309:-21.97705	2.891602:5.655762:-25.94531	0.9755859:8.01123:-11.59277	0.186259:14.80017:-37.51193	ReachForBottle	Bottle	
-1.700684:5.299805:-24.1875	0.7163086:5.216309:-21.97705	2.891602:5.655762:-25.94531	0.9755859:8.01123:-11.59277	0.178766:14.80876:-37.52146	ReachForBottle	Bottle	
-1.331543:5.655762:-22.70654	1.401855:5.651367:-20.39941	3.172852:5.774414:-24.51709	0.9755859:8.01123:-11.59277	0.1799919:14.81446:-37.53376	ReachForBottle	Bottle	
-1.331543:5.655762:-22.70654	1.401855:5.651367:-20.39941	3.172852:5.774414:-24.51709	0.9755859:8.01123:-11.59277	0.1973927:14.73072:-37.30713	ReachForBottle	Bottle	
-1.331543:5.655762:-22.70654	1.401855:5.651367:-20.39941	3.172852:5.774414:-24.51709	0.9755859:8.01123:-11.59277	0.1729585:14.85087:-37.62149	ReachForBottle	Bottle	
-0.9755859:5.853516:-21.09814	2.056641:5.910645:-18.85693	3.388184:5.717285:-23.17676	0.9755859:8.01123:-11.59277	0.189052:14.72093:-37.2545	ReachForBottle	Bottle	
-0.9755859:5.853516:-21.09814	2.056641:5.910645:-18.85693	3.388184:5.717285:-23.17676	0.9755859:8.01123:-11.59277	0.1845871:14.80203:-37.47555	ReachForBottle	Default	
-0.9755859:5.853516:-21.09814	2.056641:5.910645:-18.85693	3.388184:5.717285:-23.17676	0.9755859:8.01123:-11.59277	0.197865:14.7284:-37.2614	ReachForBottle	Default	
-0.9755859:5.853516:-21.09814	2.056641:5.910645:-18.85693	3.388184:5.717285:-23.17676	0.9755859:8.01123:-11.59277	0.2231929:14.58751:-36.89687	ReachForBottle	Bottle	
-0.9755859:5.853516:-21.09814	2.056641:5.910645:-18.85693	3.388184:5.717285:-23.17676	0.9755859:8.01123:-11.59277	0.2117938:14.63089:-37.07351	ReachForBottle	Bottle	
-0.5317383:6.016113:-19.54248	2.562012:5.976563:-17.49902	3.572754:5.572266:-21.90674	0.9755859:8.01123:-11.59277	0.2000007:14.72427:-37.24496	ReachForBottle	Default	
-0.5317383:6.016113:-19.54248	2.562012:5.976563:-17.49902	3.572754:5.572266:-21.90674	0.9755859:8.01123:-11.59277	0.2315642:14.56205:-36.87658	ReachForBottle	Default	
-0.5317383:6.016113:-19.54248	2.562012:5.976563:-17.49902	3.572754:5.572266:-21.90674	0.9755859:8.01123:-11.59277	0.1945359:14.73913:-37.37914	ReachForBottle	Default	
-0.355957:5.985352:-18.34277	2.953125:5.871094:-16.28613	3.682617:5.396484:-20.75977	0.9755859:8.01123:-11.59277	0.1993873:14.76027:-37.41008	ReachForBottle	Default	
-0.355957:5.985352:-18.34277	2.953125:5.871094:-16.28613	3.682617:5.396484:-20.75977	0.9755859:8.01123:-11.59277	0.2096583:14.72465:-37.28661	ReachForBottle	Default	
-0.355957:5.985352:-18.34277	2.953125:5.871094:-16.28613	3.682617:5.396484:-20.75977	0.9755859:8.01123:-11.59277	0.1667486:14.88824:-37.7393	ReachForBottle	Bottle	
-0.355957:5.985352:-18.34277	2.953125:5.871094:-16.28613	3.682617:5.396484:-20.75977	0.9755859:8.01123:-11.59277	0.1736462:14.87577:-37.70653	ReachForBottle	Bottle	
-0.2197266:5.76123:-17.23096	3.19043:5.717285:-15.30176	3.730957:5.216309:-19.80176	0.9755859:8.01123:-11.59277	0.2291519:14.55315:-36.80276	ReachForBottle	Bottle	
-0.2197266:5.76123:-17.23096	3.19043:5.717285:-15.30176	3.730957:5.216309:-19.80176	0.9755859:8.01123:-11.59277	0.2238347:14.55769:-36.79615	ReachForBottle	Bottle	
-0.2197266:5.76123:-17.23096	3.19043:5.717285:-15.30176	3.730957:5.216309:-19.80176	0.9755859:8.01123:-11.59277	0.2136346:14.6503:-37.047	ReachForBottle	Bottle	
-0.1362305:5.554688:-16.25977	3.331055:5.510742:-14.37451	3.730957:5.01416:-18.90088	0.9711914:8.01123:-11.59277	0.2190385:14.5948:-36.88403	ReachForBottle	Bottle	
-0.1362305:5.554688:-16.25977	3.331055:5.510742:-14.37451	3.730957:5.01416:-18.90088	0.9711914:8.01123:-11.59277	0.2166086:14.59683:-36.87844	ReachForBottle	Bottle	
-0.1362305:5.554688:-16.25977	3.331055:5.510742:-14.37451	3.730957:5.01416:-18.90088	0.9711914:8.01123:-11.59277	0.2110432:14.64752:-37.01905	ReachForBottle	Bottle	
-0.1362305:5.554688:-16.25977	3.331055:5.510742:-14.37451	3.730957:5.01416:-18.90088	0.9711914:8.01123:-11.59277	0.2076296:14.64916:-37.01385	ReachForBottle	Bottle	
-0.1669922:5.339355:-15.4248	3.344238:5.242676:-13.56152	3.682617:4.78125:-18.10547	0.9711914:8.01123:-11.59277	0.2244714:14.53932:-36.70603	ReachForBottle	Bottle	
-0.1669922:5.339355:-15.4248	3.344238:5.242676:-13.56152	3.682617:4.78125:-18.10547	0.9711914:8.01123:-11.59277	0.2265498:14.54012:-36.70412	ReachForBottle	Bottle	
-0.1669922:5.339355:-15.4248	3.344238:5.242676:-13.56152	3.682617:4.78125:-18.10547	0.9711914:8.01123:-11.59277	0.2171313:14.56052:-36.77183	ReachForBottle	Bottle	
-0.2373047:5.0625:-14.73486	3.304688:4.952637:-12.854	3.60791:4.526367:-17.41992	0.9755859:8.01123:-11.59277	0.2148148:14.55432:-36.77153	Grasped	Bottle	
-0.2373047:5.0625:-14.73486	3.304688:4.952637:-12.854	3.60791:4.526367:-17.41992	0.9755859:8.01123:-11.59277	0.216497:14.55736:-36.75837	Grasped	Bottle	
-0.2373047:5.0625:-14.73486	3.304688:4.952637:-12.854	3.60791:4.526367:-17.41992	0.9755859:8.01123:-11.59277	0.1870239:14.7402:-37.28744	Grasped	Bottle	
-0.2373047:5.0625:-14.73486	3.304688:4.952637:-12.854	3.60791:4.526367:-17.41992	0.9755859:8.01123:-11.59277	0.1795715:14.73593:-37.2847	Grasped	Bottle	
-0.3427734:4.759277:-14.17236	3.22998:4.693359:-12.27832	3.51123:4.262695:-16.85303	0.9755859:8.01123:-11.59277	0.1806033:14.73506:-37.28518	Grasped	Bottle	
-0.3427734:4.759277:-14.17236	3.22998:4.693359:-12.27832	3.51123:4.262695:-16.85303	0.9755859:8.01123:-11.59277	0.167593:14.83822:-37.55537	Grasped	Bottle	
-0.3427734:4.759277:-14.17236	3.22998:4.693359:-12.27832	3.51123:4.262695:-16.85303	0.9755859:8.01123:-11.59277	0.1688831:14.83804:-37.55287	Grasped	Bottle	
-0.4482422:4.508789:-13.73291	3.124512:4.473633:-11.81689	3.405762:4.007813:-16.396	0.9755859:8.01123:-11.59277	0.1655973:14.83717:-37.54921	Grasped	Bottle	
-0.4482422:4.508789:-13.73291	3.124512:4.473633:-11.81689	3.405762:4.007813:-16.396	0.9755859:8.01123:-11.59277	0.1667078:14.83699:-37.5494	Grasped	Bottle	
-0.4482422:4.508789:-13.73291	3.124512:4.473633:-11.81689	3.405762:4.007813:-16.396	0.9755859:8.01123:-11.59277	0.1686876:14.86338:-37.61362	Grasped	Bottle	
-0.4482422:4.508789:-13.73291	3.124512:4.473633:-11.81689	3.405762:4.007813:-16.396	0.9755859:8.01123:-11.59277	0.1655185:14.86218:-37.60785	Grasped	Bottle	
-0.5581055:4.31543:-13.39453	2.99707:4.284668:-11.45215	3.295898:3.770508:-16.02686	0.9755859:8.01123:-11.59277	0.1627931:14.87138:-37.63567	Grasped	Bottle	
-0.5581055:4.31543:-13.39453	2.99707:4.284668:-11.45215	3.295898:3.770508:-16.02686	0.9755859:8.01123:-11.59277	0.1657016:14.86005:-37.60263	Grasped	Bottle	
-0.5581055:4.31543:-13.39453	2.99707:4.284668:-11.45215	3.295898:3.770508:-16.02686	0.9755859:8.01123:-11.59277	0.1647651:14.85907:-37.59874	Grasped	Bottle	
-0.5581055:4.31543:-13.39453	2.99707:4.284668:-11.45215	3.295898:3.770508:-16.02686	0.9755859:8.01123:-11.59277	0.1648168:14.85893:-37.59881	Grasped	Bottle	
-0.6811523:4.166016:-13.11328	2.843262:4.126465:-11.15771	3.19043:3.563965:-15.72803	0.9755859:8.01123:-11.59277	0.1593044:14.86724:-37.62291	Grasped	Bottle	
-0.6811523:4.166016:-13.11328	2.843262:4.126465:-11.15771	3.19043:3.563965:-15.72803	0.9755859:8.01123:-11.59277	0.165314:14.8629:-37.60418	Grasped	Bottle	
-0.6811523:4.166016:-13.11328	2.843262:4.126465:-11.15771	3.19043:3.563965:-15.72803	0.9755859:8.01123:-11.59277	0.1692298:14.8502:-37.56766	Grasped	Bottle	
-0.6811523:4.166016:-13.11328	2.843262:4.126465:-11.15771	3.19043:3.563965:-15.72803	0.9755859:8.01123:-11.59277	0.1681192:14.85001:-37.56637	Grasped	Bottle	
-0.7998047:4.047363:-12.8584	2.66748:4.020996:-10.90283	3.062988:3.405762:-15.45996	0.9755859:8.01123:-11.59277	0.1620629:14.84918:-37.56841	Grasped	Bottle	
-0.7998047:4.047363:-12.8584	2.66748:4.020996:-10.90283	3.062988:3.405762:-15.45996	0.9755859:8.01123:-11.59277	0.164217:14.81008:-37.47118	Grasped	Bottle	
-0.7998047:4.047363:-12.8584	2.66748:4.020996:-10.90283	3.062988:3.405762:-15.45996	0.9755859:8.01123:-11.59277	0.1632699:14.80939:-37.47015	Grasped	Bottle	
-0.918457:3.933105:-12.62109	2.496094:3.963867:-10.69629	2.917969:3.287109:-15.23145	0.9755859:8.01123:-11.59277	0.1709634:14.81256:-37.46264	Grasped	Bottle	
-0.918457:3.933105:-12.62109	2.496094:3.963867:-10.69629	2.917969:3.287109:-15.23145	0.9755859:8.01123:-11.59277	0.1755963:14.77803:-37.37144	Grasped	Bottle	
-0.918457:3.933105:-12.62109	2.496094:3.963867:-10.69629	2.917969:3.287109:-15.23145	0.9755859:8.01123:-11.59277	0.1743194:14.77512:-37.36917	Grasped	Bottle	
-0.918457:3.933105:-12.62109	2.496094:3.963867:-10.69629	2.917969:3.287109:-15.23145	0.9755859:8.01123:-11.59277	0.1782289:14.76054:-37.33538	Grasped	Bottle	
-0.9404297:3.902344:-12.33545	2.408203:3.955078:-10.5293	2.808105:3.172852:-15.01611	0.9448242:7.993652:-11.46533	0.1800666:14.75966:-37.33258	Grasped	Bottle	
-0.9404297:3.902344:-12.33545	2.408203:3.955078:-10.5293	2.808105:3.172852:-15.01611	0.9448242:7.993652:-11.46533	0.1703741:14.8008:-37.4513	Grasped	Default	
-0.9404297:3.902344:-12.33545	2.408203:3.955078:-10.5293	2.808105:3.172852:-15.01611	0.9448242:7.993652:-11.46533	0.175528:14.76847:-37.3534	Grasped	Bottle	
-0.8085938:3.827637:-12.01904	2.337891:3.871582:-10.41504	2.790527:3.09375:-14.88428	0.9580078:7.976074:-11.36865	0.1224036:14.76045:-37.37684	Grasped	Default	
-0.8085938:3.827637:-12.01904	2.337891:3.871582:-10.41504	2.790527:3.09375:-14.88428	0.9580078:7.976074:-11.36865	0.01886088:14.54456:-36.80585	Grasped	Default	
-0.8085938:3.827637:-12.01904	2.337891:3.871582:-10.41504	2.790527:3.09375:-14.88428	0.9580078:7.976074:-11.36865	-0.05760653:14.55177:-36.95367	Grasped	CupLeft	
-0.8085938:3.827637:-12.01904	2.337891:3.871582:-10.41504	2.790527:3.09375:-14.88428	0.9580078:7.976074:-11.36865	-0.1258066:14.52054:-36.91111	Grasped	CupLeft	
-0.6943359:3.65625:-11.83008	2.118164:3.783691:-10.46338	2.76416:3.062988:-14.79199	0.9711914:7.97168:-11.30713	-0.125409:14.52719:-36.90553	Grasped	CupLeft	
-0.6943359:3.65625:-11.83008	2.118164:3.783691:-10.46338	2.76416:3.062988:-14.79199	0.9711914:7.97168:-11.30713	0.009938911:14.73967:-37.34357	Grasped	CupLeft	
-0.6943359:3.65625:-11.83008	2.118164:3.783691:-10.46338	2.76416:3.062988:-14.79199	0.9711914:7.97168:-11.30713	0.07962885:14.83628:-37.55694	Grasped	CupLeft	
-0.6943359:3.65625:-11.83008	2.118164:3.783691:-10.46338	2.76416:3.062988:-14.79199	0.9711914:7.97168:-11.30713	0.07885829:14.83303:-37.55632	Grasped	CupLeft	
-0.6503906:3.625488:-11.8125	1.902832:3.788086:-10.57764	2.755371:3.080566:-14.76563	0.9536133:7.97168:-11.3291	0.07995507:14.83325:-37.55586	Grasped	CupLeft	
-0.6503906:3.625488:-11.8125	1.902832:3.788086:-10.57764	2.755371:3.080566:-14.76563	0.9536133:7.97168:-11.3291	0.0873075:14.84557:-37.58633	Grasped	CupLeft	
-0.6503906:3.625488:-11.8125	1.902832:3.788086:-10.57764	2.755371:3.080566:-14.76563	0.9536133:7.97168:-11.3291	0.1145956:14.8908:-37.68256	Grasped	CupLeft	
-0.6503906:3.625488:-11.8125	1.902832:3.788086:-10.57764	2.755371:3.080566:-14.76563	0.9536133:7.97168:-11.3291	0.1151297:14.89098:-37.68251	Grasped	CupLeft	
-0.6064453:3.673828:-11.86523	1.841309:3.827637:-10.69189	2.786133:3.115723:-14.79639	0.9799805:7.989258:-11.37744	0.1227414:14.89594:-37.6907	Grasped	CupLeft	
-0.6064453:3.673828:-11.86523	1.841309:3.827637:-10.69189	2.786133:3.115723:-14.79639	0.9799805:7.989258:-11.37744	0.1182808:14.8952:-37.6916	Grasped	CupLeft	
-0.6064453:3.673828:-11.86523	1.841309:3.827637:-10.69189	2.786133:3.115723:-14.79639	0.9799805:7.989258:-11.37744	0.1173152:14.89474:-37.69145	Grasped	CupLeft	
-0.6064453:3.673828:-11.86523	1.841309:3.827637:-10.69189	2.786133:3.115723:-14.79639	0.9799805:7.989258:-11.37744	0.1176764:14.89493:-37.6915	Grasped	CupLeft	
-0.5581055:3.818848:-11.99707	1.863281:3.950684:-10.83691	2.834473:3.216797:-14.91943	1.072266:8.10791:-11.50488	0.1169003:14.89536:-37.69146	Grasped	CupLeft	
-0.5581055:3.818848:-11.99707	1.863281:3.950684:-10.83691	2.834473:3.216797:-14.91943	1.072266:8.10791:-11.50488	0.1168296:14.89656:-37.69122	Grasped	CupLeft	
-0.5581055:3.818848:-11.99707	1.863281:3.950684:-10.83691	2.834473:3.216797:-14.91943	1.072266:8.10791:-11.50488	0.1132594:14.89563:-37.69255	Grasped	CupLeft	
-0.5668945:4.042969:-12.16406	1.845703:4.179199:-11.00391	2.847656:3.440918:-15.07764	1.032715:8.336426:-11.69824	0.1166014:14.89683:-37.69198	Grasped	CupLeft	
-0.5668945:4.042969:-12.16406	1.845703:4.179199:-11.00391	2.847656:3.440918:-15.07764	1.032715:8.336426:-11.69824	0.09565249:14.86567:-37.62087	Grasped	CupLeft	
-0.5668945:4.042969:-12.16406	1.845703:4.179199:-11.00391	2.847656:3.440918:-15.07764	1.032715:8.336426:-11.69824	0.09498979:14.86532:-37.62141	Grasped	CupLeft	
-0.5668945:4.042969:-12.16406	1.845703:4.179199:-11.00391	2.847656:3.440918:-15.07764	1.032715:8.336426:-11.69824	0.08070695:14.84579:-37.57932	Grasped	CupLeft	
-0.637207:4.258301:-12.33105	1.753418:4.456055:-11.15332	2.8125:3.730957:-15.21387	0.8657227:8.58252:-11.85205	0.05754558:14.811:-37.51215	Grasped	CupLeft	
-0.637207:4.258301:-12.33105	1.753418:4.456055:-11.15332	2.8125:3.730957:-15.21387	0.8657227:8.58252:-11.85205	0.06169274:14.82078:-37.53638	Grasped	CupLeft	
-0.637207:4.258301:-12.33105	1.753418:4.456055:-11.15332	2.8125:3.730957:-15.21387	0.8657227:8.58252:-11.85205	0.008365229:14.74638:-37.36023	Grasped	CupLeft	
-0.637207:4.258301:-12.33105	1.753418:4.456055:-11.15332	2.8125:3.730957:-15.21387	0.8657227:8.58252:-11.85205	-0.01246628:14.71506:-37.29982	Grasped	CupLeft	
-0.7382813:4.464844:-12.47607	1.630371:4.702148:-11.27197	2.746582:4.020996:-15.32813	0.6767578:8.802246:-11.96631	-0.1065958:14.62555:-37.05176	Grasped	CupLeft	
-0.7382813:4.464844:-12.47607	1.630371:4.702148:-11.27197	2.746582:4.020996:-15.32813	0.6767578:8.802246:-11.96631	-0.1108217:14.62275:-37.05136	Grasped	CupLeft	
-0.7382813:4.464844:-12.47607	1.630371:4.702148:-11.27197	2.746582:4.020996:-15.32813	0.6767578:8.802246:-11.96631	-0.121351:14.61786:-37.02888	Grasped	CupLeft	
-0.8569336:4.609863:-12.60352	1.494141:4.899902:-11.36865	2.663086:4.262695:-15.4248	0.4658203:8.969238:-12.05859	0.01367886:14.79759:-37.46607	Grasped	CupLeft	
-0.8569336:4.609863:-12.60352	1.494141:4.899902:-11.36865	2.663086:4.262695:-15.4248	0.4658203:8.969238:-12.05859	0.01637398:14.80459:-37.48374	Grasped	CupLeft	
-0.8569336:4.609863:-12.60352	1.494141:4.899902:-11.36865	2.663086:4.262695:-15.4248	0.4658203:8.969238:-12.05859	-0.2756071:14.40189:-36.51521	Grasped	CupLeft	
-0.8569336:4.609863:-12.60352	1.494141:4.899902:-11.36865	2.663086:4.262695:-15.4248	0.4658203:8.969238:-12.05859	0.08027469:14.74372:-37.37099	Grasped	Default	
-0.9536133:4.710938:-12.71338	1.393066:5.044922:-11.46533	2.588379:4.429688:-15.52148	0.3164063:9.092285:-12.16406	0.1578503:14.75414:-37.36075	Grasped	Bottle	
-0.9536133:4.710938:-12.71338	1.393066:5.044922:-11.46533	2.588379:4.429688:-15.52148	0.3164063:9.092285:-12.16406	0.193309:14.73985:-37.37157	Grasped	Hand	
-0.9536133:4.710938:-12.71338	1.393066:5.044922:-11.46533	2.588379:4.429688:-15.52148	0.3164063:9.092285:-12.16406	0.2628272:14.73455:-37.38817	Grasped	Default	
-0.9536133:4.710938:-12.71338	1.393066:5.044922:-11.46533	2.588379:4.429688:-15.52148	0.3164063:9.092285:-12.16406	0.1809113:14.89067:-37.71073	Grasped	Default	
-1.001953:4.790039:-12.81006	1.353516:5.115234:-11.56641	2.544434:4.5:-15.62256	0.3032227:9.162598:-12.25195	0.1860107:14.88507:-37.69968	Grasped	Default	
-1.001953:4.790039:-12.81006	1.353516:5.115234:-11.56641	2.544434:4.5:-15.62256	0.3032227:9.162598:-12.25195	0.1863795:14.88405:-37.70103	Grasped	Default	
-1.001953:4.790039:-12.81006	1.353516:5.115234:-11.56641	2.544434:4.5:-15.62256	0.3032227:9.162598:-12.25195	0.1878641:14.88362:-37.70356	Grasped	Default	
-1.001953:4.790039:-12.81006	1.353516:5.115234:-11.56641	2.544434:4.5:-15.62256	0.3032227:9.162598:-12.25195	0.1900401:14.88402:-37.70406	Grasped	Default	
-1.006348:4.851563:-12.93311	1.366699:5.124023:-11.69824	2.535645:4.517578:-15.75	0.3867188:9.197754:-12.35742	0.1987373:14.87108:-37.68307	Grasped	Default	
-1.006348:4.851563:-12.93311	1.366699:5.124023:-11.69824	2.535645:4.517578:-15.75	0.3867188:9.197754:-12.35742	0.1989916:14.87135:-37.68427	Grasped	Default	
-1.006348:4.851563:-12.93311	1.366699:5.124023:-11.69824	2.535645:4.517578:-15.75	0.3867188:9.197754:-12.35742	0.1991472:14.87127:-37.6842	Grasped	Default	
-0.9536133:4.87793:-13.11328	1.441406:5.137207:-11.90039	2.588379:4.530762:-15.95654	0.487793:9.215332:-12.5376	0.1996081:14.87116:-37.68547	Grasped	Default	
-0.9536133:4.87793:-13.11328	1.441406:5.137207:-11.90039	2.588379:4.530762:-15.95654	0.487793:9.215332:-12.5376	0.198425:14.87095:-37.68506	Grasped	Default	
-0.9536133:4.87793:-13.11328	1.441406:5.137207:-11.90039	2.588379:4.530762:-15.95654	0.487793:9.215332:-12.5376	0.2023793:14.87148:-37.68753	Grasped	Default	
-0.9536133:4.87793:-13.11328	1.441406:5.137207:-11.90039	2.588379:4.530762:-15.95654	0.487793:9.215332:-12.5376	0.2017028:14.86941:-37.68821	Grasped	Default	
-0.7954102:4.970215:-13.42969	1.617188:5.225098:-12.22998	2.737793:4.583496:-16.27734	0.6899414:9.294434:-12.854	0.2034177:14.87121:-37.68834	Grasped	Default	
-0.7954102:4.970215:-13.42969	1.617188:5.225098:-12.22998	2.737793:4.583496:-16.27734	0.6899414:9.294434:-12.854	0.2053332:14.86811:-37.69193	Grasped	Default	
-0.7954102:4.970215:-13.42969	1.617188:5.225098:-12.22998	2.737793:4.583496:-16.27734	0.6899414:9.294434:-12.854	0.2026842:14.87114:-37.68914	Grasped	Default	
-0.5361328:5.150391:-13.82959	1.876465:5.374512:-12.65186	2.992676:4.697754:-16.72119	1.041504:9.46582:-13.29785	0.2022833:14.86889:-37.69055	Grasped	Default	
-0.5361328:5.150391:-13.82959	1.876465:5.374512:-12.65186	2.992676:4.697754:-16.72119	1.041504:9.46582:-13.29785	0.2053616:14.86875:-37.69301	Grasped	Default	
-0.5361328:5.150391:-13.82959	1.876465:5.374512:-12.65186	2.992676:4.697754:-16.72119	1.041504:9.46582:-13.29785	0.2001666:14.87055:-37.69003	Grasped	Default	
-0.1669922:5.387695:-14.31738	2.293945:5.607422:-13.20117	3.357422:4.873535:-17.23535	1.445801:9.672363:-13.78125	0.2066617:14.86805:-37.69503	Grasped	Default	
-0.1669922:5.387695:-14.31738	2.293945:5.607422:-13.20117	3.357422:4.873535:-17.23535	1.445801:9.672363:-13.78125	0.2018255:14.87094:-37.69148	Grasped	Default	
-0.1669922:5.387695:-14.31738	2.293945:5.607422:-13.20117	3.357422:4.873535:-17.23535	1.445801:9.672363:-13.78125	0.2057956:14.87115:-37.69401	Grasped	Default	
-0.1669922:5.387695:-14.31738	2.293945:5.607422:-13.20117	3.357422:4.873535:-17.23535	1.445801:9.672363:-13.78125	0.2088054:14.86735:-37.69725	Grasped	Default	
0.3339844:5.57666:-14.7832	2.768555:5.822754:-13.68018	3.84082:5.053711:-17.74072	1.907227:9.878906:-14.26465	0.2096541:14.86926:-37.69774	Grasped	Default	
0.3339844:5.57666:-14.7832	2.768555:5.822754:-13.68018	3.84082:5.053711:-17.74072	1.907227:9.878906:-14.26465	0.206056:14.86806:-37.69699	Grasped	Default	
0.3339844:5.57666:-14.7832	2.768555:5.822754:-13.68018	3.84082:5.053711:-17.74072	1.907227:9.878906:-14.26465	0.2060153:14.86803:-37.69735	Grasped	Default	
0.3339844:5.57666:-14.7832	2.768555:5.822754:-13.68018	3.84082:5.053711:-17.74072	1.907227:9.878906:-14.26465	0.2072096:14.86733:-37.69954	Grasped	Default	
0.9887695:5.72168:-15.18311	3.445313:5.994141:-14.15039	4.447266:5.19873:-18.21094	2.522461:10.05029:-14.69971	0.208838:14.86814:-37.69973	Grasped	Default	
0.9887695:5.72168:-15.18311	3.445313:5.994141:-14.15039	4.447266:5.19873:-18.21094	2.522461:10.05029:-14.69971	0.2070363:14.87053:-37.69825	Grasped	CupRight	
0.9887695:5.72168:-15.18311	3.445313:5.994141:-14.15039	4.447266:5.19873:-18.21094	2.522461:10.05029:-14.69971	0.2095231:14.86921:-37.70103	Grasped	CupRight	
0.9887695:5.72168:-15.18311	3.445313:5.994141:-14.15039	4.447266:5.19873:-18.21094	2.522461:10.05029:-14.69971	0.2083196:14.86914:-37.70056	Grasped	CupRight	
1.854492:5.831543:-15.53467	4.337402:6.104004:-14.58984	5.172363:5.260254:-18.63281	3.300293:10.15576:-15.07324	0.6803848:14.18174:-36.33518	Grasped	CupRight	
1.854492:5.831543:-15.53467	4.337402:6.104004:-14.58984	5.172363:5.260254:-18.63281	3.300293:10.15576:-15.07324	0.6913737:14.16763:-36.34754	Grasped	Default	
1.854492:5.831543:-15.53467	4.337402:6.104004:-14.58984	5.172363:5.260254:-18.63281	3.300293:10.15576:-15.07324	0.2944212:14.74147:-37.46333	Grasped	Default	
1.854492:5.831543:-15.53467	4.337402:6.104004:-14.58984	5.172363:5.260254:-18.63281	3.300293:10.15576:-15.07324	0.5355673:14.40853:-36.83498	Grasped	Default	
2.772949:5.805176:-15.81152	5.242676:6.09082:-14.98975	5.963379:5.233887:-19.02393	4.148438:10.16895:-15.43359	0.4272501:14.5598:-37.10053	Grasped	Default	
2.772949:5.805176:-15.81152	5.242676:6.09082:-14.98975	5.963379:5.233887:-19.02393	4.148438:10.16895:-15.43359	0.3381046:14.68491:-37.37036	Grasped	Default	
2.772949:5.805176:-15.81152	5.242676:6.09082:-14.98975	5.963379:5.233887:-19.02393	4.148438:10.16895:-15.43359	0.330794:14.69947:-37.38301	Grasped	Default	
3.744141:5.695313:-16.08838	6.244629:5.958984:-15.39844	6.789551:5.115234:-19.41943	5.066895:10.10742:-15.77197	0.3561907:14.66081:-37.31351	Grasped	Default	
3.744141:5.695313:-16.08838	6.244629:5.958984:-15.39844	6.789551:5.115234:-19.41943	5.066895:10.10742:-15.77197	0.4138118:14.59086:-37.17168	Grasped	Default	
3.744141:5.695313:-16.08838	6.244629:5.958984:-15.39844	6.789551:5.115234:-19.41943	5.066895:10.10742:-15.77197	0.361429:14.66204:-37.30294	Grasped	CupRight	
3.744141:5.695313:-16.08838	6.244629:5.958984:-15.39844	6.789551:5.115234:-19.41943	5.066895:10.10742:-15.77197	0.4106138:14.58922:-37.15674	Grasped	CupRight	
4.706543:5.523926:-16.36084	7.220215:5.739258:-15.81152	7.606934:4.921875:-19.79736	6.05127:9.975586:-16.10596	0.361082:14.6561:-37.32443	Grasped	Default	
4.706543:5.523926:-16.36084	7.220215:5.739258:-15.81152	7.606934:4.921875:-19.79736	6.05127:9.975586:-16.10596	0.3682163:14.65576:-37.29939	Grasped	Hand	
4.706543:5.523926:-16.36084	7.220215:5.739258:-15.81152	7.606934:4.921875:-19.79736	6.05127:9.975586:-16.10596	0.3876055:14.61817:-37.209	Grasped	Hand	
4.706543:5.523926:-16.36084	7.220215:5.739258:-15.81152	7.606934:4.921875:-19.79736	6.05127:9.975586:-16.10596	0.3575425:14.66246:-37.31997	Grasped	Hand	
5.545898:5.321777:-16.59375	8.129883:5.48877:-16.20264	8.34082:4.710938:-20.14893	6.908203:9.799805:-16.42236	0.3657329:14.64814:-37.29016	Grasped	Hand	
5.545898:5.321777:-16.59375	8.129883:5.48877:-16.20264	8.34082:4.710938:-20.14893	6.908203:9.799805:-16.42236	0.3835839:14.62175:-37.23687	Grasped	Bottle	
