ThumbPosition	IndexPosition	PalmPosition	ObjectPosition	GazePosition	Annotations	GazeAnnotations	
-3.541992:3.695801:-26.54297	-1.630371:2.430176:-25.52783	1.120605:2.232422:-30.88037	1.322754:8.002441:-11.54443	-0.03953941:14.8433:-37.84069	Start	Default	
-3.541992:3.695801:-26.54297	-1.630371:2.430176:-25.52783	1.120605:2.232422:-30.88037	1.322754:8.002441:-11.54443	-0.03798811:14.84051:-37.7906	Start	Default	
-3.541992:3.695801:-26.54297	-1.630371:2.430176:-25.52783	1.120605:2.232422:-30.88037	1.322754:8.002441:-11.54443	-0.03517888:14.83383:-37.67588	Start	Default	
-3.541992:3.695801:-26.54297	-1.630371:2.430176:-25.52783	1.120605:2.232422:-30.88037	1.322754:8.002441:-11.54443	-0.03752283:14.83497:-37.70617	Start	Default	
-3.52002:3.687012:-26.56494	-1.612793:2.430176:-25.52783	1.116211:2.214844:-30.87598	1.322754:8.002441:-11.54883	-0.03857064:14.83867:-37.7602	Start	Default	
-3.52002:3.687012:-26.56494	-1.612793:2.430176:-25.52783	1.116211:2.214844:-30.87598	1.322754:8.002441:-11.54883	-0.03025709:14.83438:-37.70269	Start	Default	
-3.52002:3.687012:-26.56494	-1.612793:2.430176:-25.52783	1.116211:2.214844:-30.87598	1.322754:8.002441:-11.54883	-0.02064944:14.83057:-37.667	Start	Default	
-3.51123:3.687012:-26.56494	-1.577637:2.452148:-25.51904	1.111816:2.206055:-30.86719	1.322754:8.002441:-11.54883	-0.02763074:14.83632:-37.754	Start	Default	
-3.51123:3.687012:-26.56494	-1.577637:2.452148:-25.51904	1.111816:2.206055:-30.86719	1.322754:8.002441:-11.54883	-0.02972743:14.8325:-37.69179	Start	Default	
-3.51123:3.687012:-26.56494	-1.577637:2.452148:-25.51904	1.111816:2.206055:-30.86719	1.322754:8.002441:-11.54883	-0.03402039:14.83337:-37.69458	Start	Default	
-3.467285:3.700195:-26.56055	-1.533691:2.487305:-25.51465	1.111816:2.210449:-30.86719	1.322754:8.002441:-11.54883	-0.0297123:14.82882:-37.6191	Start	Default	
-3.467285:3.700195:-26.56055	-1.533691:2.487305:-25.51465	1.111816:2.210449:-30.86719	1.322754:8.002441:-11.54883	-0.03335163:14.83371:-37.69666	Start	Default	
-3.467285:3.700195:-26.56055	-1.533691:2.487305:-25.51465	1.111816:2.210449:-30.86719	1.322754:8.002441:-11.54883	0.006490253:14.80705:-37.60532	Start	Default	
-3.467285:3.700195:-26.56055	-1.533691:2.487305:-25.51465	1.111816:2.210449:-30.86719	1.322754:8.002441:-11.54883	0.02657462:14.70312:-37.37528	Start	Default	
-3.436523:3.713379:-26.53857	-1.494141:2.456543:-25.53662	1.116211:2.214844:-30.86719	1.322754:8.002441:-11.54883	-0.01118043:14.82783:-38.00138	Start	Bottle	
-3.436523:3.713379:-26.53857	-1.494141:2.456543:-25.53662	1.116211:2.214844:-30.86719	1.322754:8.002441:-11.54883	-0.005005226:14.798:-37.91201	Start	Bottle	
-3.436523:3.713379:-26.53857	-1.494141:2.456543:-25.53662	1.116211:2.214844:-30.86719	1.322754:8.002441:-11.54883	-0.01268874:14.83368:-38.02898	Start	Bottle	
-3.436523:3.713379:-26.53857	-1.494141:2.456543:-25.53662	1.116211:2.214844:-30.86719	1.322754:8.002441:-11.54883	-0.005699364:14.80132:-37.91722	Start	Bottle	
-3.405762:3.717773:-26.52979	-1.423828:2.456543:-25.54102	1.111816:2.219238:-30.87158	1.322754:8.002441:-11.54883	-0.005144614:14.7978:-37.90672	Start	Bottle	
-3.405762:3.717773:-26.52979	-1.423828:2.456543:-25.54102	1.111816:2.219238:-30.87158	1.322754:8.002441:-11.54883	-0.0176284:14.73722:-37.70363	Start	Bottle	
-3.405762:3.717773:-26.52979	-1.423828:2.456543:-25.54102	1.111816:2.219238:-30.87158	1.322754:8.002441:-11.54883	-0.0002697334:14.70012:-37.57269	Start	Bottle	
-3.216797:3.669434:-26.59131	-1.432617:2.438965:-25.47949	1.103027:2.232422:-30.87158	1.322754:8.002441:-11.54883	-0.01509013:14.72716:-37.65768	Start	Bottle	
-3.216797:3.669434:-26.59131	-1.432617:2.438965:-25.47949	1.103027:2.232422:-30.87158	1.322754:8.002441:-11.54883	-0.04097378:14.74056:-37.68947	Start	Bottle	
-3.216797:3.669434:-26.59131	-1.432617:2.438965:-25.47949	1.103027:2.232422:-30.87158	1.322754:8.002441:-11.54883	-0.03754571:14.75346:-37.74236	Start	Bottle	
-3.216797:3.669434:-26.59131	-1.432617:2.438965:-25.47949	1.103027:2.232422:-30.87158	1.322754:8.002441:-11.54883	-0.05516449:14.81305:-37.96017	Start	Bottle	
-2.979492:3.638672:-26.53857	-1.318359:2.496094:-25.25098	1.081055:2.53125:-30.60791	1.322754:8.002441:-11.54883	-0.04097825:14.79899:-37.91835	Start	Bottle	
-2.979492:3.638672:-26.53857	-1.318359:2.496094:-25.25098	1.081055:2.53125:-30.60791	1.322754:8.002441:-11.54883	-0.01727157:14.79035:-37.90083	Start	Bottle	
-2.979492:3.638672:-26.53857	-1.318359:2.496094:-25.25098	1.081055:2.53125:-30.60791	1.322754:8.002441:-11.54883	-0.02482782:14.8302:-38.02807	Start	Bottle	
-2.509277:3.427734:-26.09033	-1.07666:2.43457:-24.6709	1.098633:3.102539:-29.96191	1.322754:8.002441:-11.54883	-0.024843:14.8244:-38.00949	Start	Bottle	
-2.509277:3.427734:-26.09033	-1.07666:2.43457:-24.6709	1.098633:3.102539:-29.96191	1.322754:8.002441:-11.54883	-0.02605015:14.80909:-37.95983	Start	Bottle	
-2.509277:3.427734:-26.09033	-1.07666:2.43457:-24.6709	1.098633:3.102539:-29.96191	1.322754:8.002441:-11.54883	-0.02617925:14.78404:-37.8824	Start	Bottle	
-2.509277:3.427734:-26.09033	-1.07666:2.43457:-24.6709	1.098633:3.102539:-29.96191	1.322754:8.002441:-11.54883	-0.03210455:14.72886:-37.74347	Start	Bottle	
-2.003906:3.137695:-25.04883	-0.5493164:2.619141:-23.2998	1.17334:3.972656:-28.89844	1.322754:8.002441:-11.54883	-0.03823012:14.81185:-37.99615	Start	Bottle	
-2.003906:3.137695:-25.04883	-0.5493164:2.619141:-23.2998	1.17334:3.972656:-28.89844	1.322754:8.002441:-11.54883	0.002361521:14.72405:-37.752	Start	Bottle	
-2.003906:3.137695:-25.04883	-0.5493164:2.619141:-23.2998	1.17334:3.972656:-28.89844	1.322754:8.002441:-11.54883	0.001609776:14.73524:-37.79031	Start	Bottle	
-2.003906:3.137695:-25.04883	-0.5493164:2.619141:-23.2998	1.17334:3.972656:-28.89844	1.322754:8.002441:-11.54883	0.0429314:14.44321:-36.96364	Start	Bottle	
-1,560059,3,146484,-23,625,	-0,03955078,3,133301,-21,73535,	1,335938,4,87793,-27,66797,	1,322754,8,002441,-11,54883,	0,0406281,14,46065,-36,97953,	Start	Bottle	
-1,560059,3,146484,-23,625,	-0,03955078,3,133301,-21,73535,	1,335938,4,87793,-27,66797,	1,322754,8,002441,-11,54883,	-0,01359605,14,63771,-37,50562,	Start	Bottle	
-1,560059,3,146484,-23,625,	-0,03955078,3,133301,-21,73535,	1,335938,4,87793,-27,66797,	1,322754,8,002441,-11,54883,	-0,04985971,14,73517,-37,765,	Start	Bottle	
-1,560059,3,146484,-23,625,	-0,03955078,3,133301,-21,73535,	1,335938,4,87793,-27,66797,	1,322754,8,002441,-11,54883,	-0,04984075,14,70347,-37,67404,	Start	Bottle	
-1.129395:3.418945:-21.92432	0.421875:3.80127:-20.12695	1.480957:5.444824:-26.2793	1.322754:8.002441:-11.54883	-0.03834587:14.7559:-37.83083	ReachForBottle	Bottle	
-1.129395:3.418945:-21.92432	0.421875:3.80127:-20.12695	1.480957:5.444824:-26.2793	1.322754:8.002441:-11.54883	-0.01108355:14.73097:-37.77544	ReachForBottle	Bottle	
-1.129395:3.418945:-21.92432	0.421875:3.80127:-20.12695	1.480957:5.444824:-26.2793	1.322754:8.002441:-11.54883	-0.008820344:14.76346:-37.87498	ReachForBottle	Bottle	
-0.7382813:3.700195:-20.25879	0.909668:4.183594:-18.53174	1.612793:5.646973:-24.8291	1.322754:8.002441:-11.54883	-0.003794471:14.74681:-37.8218	ReachForBottle	Bottle	
-0.7382813:3.700195:-20.25879	0.909668:4.183594:-18.53174	1.612793:5.646973:-24.8291	1.322754:8.002441:-11.54883	-0.003757535:14.74566:-37.82326	ReachForBottle	Bottle	
-0.7382813:3.700195:-20.25879	0.909668:4.183594:-18.53174	1.612793:5.646973:-24.8291	1.322754:8.002441:-11.54883	-0.007069888:14.75477:-37.84539	ReachForBottle	Bottle	
-0.7382813:3.700195:-20.25879	0.909668:4.183594:-18.53174	1.612793:5.646973:-24.8291	1.322754:8.002441:-11.54883	-0.01133409:14.76693:-37.87727	ReachForBottle	Bottle	
-0.2680664:4.095703:-18.50977	1.568848:4.535156:-16.99805	1.770996:5.664551:-23.32617	1.322754:8.002441:-11.54883	-0.08231451:14.81789:-38.01193	ReachForBottle	Bottle	
-0.2680664:4.095703:-18.50977	1.568848:4.535156:-16.99805	1.770996:5.664551:-23.32617	1.322754:8.002441:-11.54883	-0.0830515:14.8142:-37.9985	ReachForBottle	Bottle	
-0.2680664:4.095703:-18.50977	1.568848:4.535156:-16.99805	1.770996:5.664551:-23.32617	1.322754:8.002441:-11.54883	-0.08080341:14.78933:-37.93299	ReachForBottle	Bottle	
0.1054688:4.482422:-17.14307	2.359863:4.798828:-15.88623	1.845703:5.625:-22.021	1.322754:8.002441:-11.54883	-0.08358338:14.81559:-38.00925	ReachForBottle	Bottle	
0.1054688:4.482422:-17.14307	2.359863:4.798828:-15.88623	1.845703:5.625:-22.021	1.322754:8.002441:-11.54883	-0.08267093:14.80449:-37.97664	ReachForBottle	Bottle	
0.1054688:4.482422:-17.14307	2.359863:4.798828:-15.88623	1.845703:5.625:-22.021	1.322754:8.002441:-11.54883	-0.08150923:14.78206:-37.90472	ReachForBottle	Bottle	
0.1054688:4.482422:-17.14307	2.359863:4.798828:-15.88623	1.845703:5.625:-22.021	1.322754:8.002441:-11.54883	-0.07867686:14.74023:-37.78859	ReachForBottle	Bottle	
0.2416992:5.005371:-15.92139	3.014648:5.088867:-14.97217	1.889648:5.572266:-21.00146	1.322754:8.002441:-11.54883	-0.080667:14.77128:-37.88073	ReachForBottle	Bottle	
0.2416992:5.005371:-15.92139	3.014648:5.088867:-14.97217	1.889648:5.572266:-21.00146	1.322754:8.002441:-11.54883	-0.07039431:14.77029:-37.8742	ReachForBottle	Bottle	
0.2416992:5.005371:-15.92139	3.014648:5.088867:-14.97217	1.889648:5.572266:-21.00146	1.322754:8.002441:-11.54883	-0.02763523:14.8145:-38.00197	ReachForBottle	Bottle	
0.2416992:5.005371:-15.92139	3.014648:5.088867:-14.97217	1.889648:5.572266:-21.00146	1.322754:8.002441:-11.54883	-0.04005127:14.81361:-37.99701	ReachForBottle	Bottle	
0.1098633:5.277832:-15.06006	3.383789:5.225098:-14.32178	1.898438:5.497559:-20.15332	1.322754:8.002441:-11.54883	-0.06476482:14.78605:-37.91471	ReachForBottle	Bottle	
0.1098633:5.277832:-15.06006	3.383789:5.225098:-14.32178	1.898438:5.497559:-20.15332	1.322754:8.002441:-11.54883	-0.0138357:14.7414:-37.80492	ReachForBottle	Bottle	
0.1098633:5.277832:-15.06006	3.383789:5.225098:-14.32178	1.898438:5.497559:-20.15332	1.322754:8.002441:-11.54883	-0.02880764:14.75092:-37.82592	ReachForBottle	Bottle	
-0.09228516:5.356934:-14.26025	3.65625:5.304199:-13.70215	1.876465:5.427246:-19.42383	1.322754:8.002441:-11.55322	0.001100253:14.63056:-37.48798	ReachForBottle	Bottle	
-0.09228516:5.356934:-14.26025	3.65625:5.304199:-13.70215	1.876465:5.427246:-19.42383	1.322754:8.002441:-11.55322	-0.05809851:14.59132:-37.35236	ReachForBottle	Bottle	
-0.09228516:5.356934:-14.26025	3.65625:5.304199:-13.70215	1.876465:5.427246:-19.42383	1.322754:8.002441:-11.55322	-0.0670026:14.73662:-37.76623	ReachForBottle	Bottle	
-0.28125:5.277832:-13.60107	3.788086:5.317383:-13.13965	1.850098:5.352539:-18.77344	1.322754:8.002441:-11.54883	-0.08201188:14.74969:-37.81109	ReachForBottle	Bottle	
-0.28125:5.277832:-13.60107	3.788086:5.317383:-13.13965	1.850098:5.352539:-18.77344	1.322754:8.002441:-11.54883	-0.07634602:14.68839:-37.62842	ReachForBottle	Bottle	
-0.28125:5.277832:-13.60107	3.788086:5.317383:-13.13965	1.850098:5.352539:-18.77344	1.322754:8.002441:-11.54883	-0.06907606:14.61914:-37.41711	ReachForBottle	Bottle	
-0.28125:5.277832:-13.60107	3.788086:5.317383:-13.13965	1.850098:5.352539:-18.77344	1.322754:8.002441:-11.54883	-0.08376539:14.76134:-37.83625	ReachForBottle	Bottle	
-0.4438477:5.124023:-13.02979	3.823242:5.374512:-12.6167	1.797363:5.273438:-18.20215	1.322754:8.002441:-11.54883	-0.08491962:14.78258:-37.89452	ReachForBottle	Bottle	
-0.4438477:5.124023:-13.02979	3.823242:5.374512:-12.6167	1.797363:5.273438:-18.20215	1.322754:8.002441:-11.54883	-0.08601137:14.79919:-37.94447	ReachForBottle	Bottle	
-0.4438477:5.124023:-13.02979	3.823242:5.374512:-12.6167	1.797363:5.273438:-18.20215	1.322754:8.002441:-11.54883	-0.08586591:14.78555:-37.89918	ReachForBottle	Bottle	
-0.4438477:5.124023:-13.02979	3.823242:5.374512:-12.6167	1.797363:5.273438:-18.20215	1.322754:8.002441:-11.54883	-0.04352229:14.80793:-37.96712	ReachForBottle	Bottle	
-0,5668945,4,939453,-12,54639,	3,770508,5,330566,-12,08496,	1,727051,5,167969,-17,68799,	1,322754,8,002441,-11,54883,	-0,04830419,14,80692,-37,96354,	ReachForBottle	Bottle	
-0,5668945,4,939453,-12,54639,	3,770508,5,330566,-12,08496,	1,727051,5,167969,-17,68799,	1,322754,8,002441,-11,54883,	-0,0561868,14,80001,-37,94435,	ReachForBottle	Bottle	
-0,5668945,4,939453,-12,54639,	3,770508,5,330566,-12,08496,	1,727051,5,167969,-17,68799,	1,322754,8,002441,-11,54883,	-0,06529175,14,80715,-37,96261,	ReachForBottle	Bottle	
-0.6020508:4.658203:-12.10254	3.563965:5.172363:-11.54443	1.643555:5.044922:-17.28809	1.322754:8.002441:-11.54883	-0.08228933:14.75877:-37.81245	Grasped	Bottle	
-0.6020508:4.658203:-12.10254	3.563965:5.172363:-11.54443	1.643555:5.044922:-17.28809	1.322754:8.002441:-11.54883	-0.08816171:14.80696:-37.95993	Grasped	Bottle	
-0.6020508:4.658203:-12.10254	3.563965:5.172363:-11.54443	1.643555:5.044922:-17.28809	1.322754:8.002441:-11.54883	-0.0886188:14.80483:-37.95801	Grasped	Bottle	
-0.6020508:4.658203:-12.10254	3.563965:5.172363:-11.54443	1.643555:5.044922:-17.28809	1.322754:8.002441:-11.54883	-0.08634165:14.77686:-37.87205	Grasped	Bottle	
-0.4482422:4.245117:-11.72461	3.317871:5.01416:-11.10498	1.577637:4.91748:-16.9541	1.318359:7.998047:-11.50488	-0.06273967:14.78975:-37.91055	Grasped	Bottle	
-0.4482422:4.245117:-11.72461	3.317871:5.01416:-11.10498	1.577637:4.91748:-16.9541	1.318359:7.998047:-11.50488	-0.01542437:14.73186:-37.76525	Grasped	Bottle	
-0.4482422:4.245117:-11.72461	3.317871:5.01416:-11.10498	1.577637:4.91748:-16.9541	1.318359:7.998047:-11.50488	-0.03353185:14.78984:-37.92117	Grasped	Bottle	
-0.4482422:4.245117:-11.72461	3.317871:5.01416:-11.10498	1.577637:4.91748:-16.9541	1.318359:7.998047:-11.50488	-0.06601681:14.67463:-37.623	Grasped	Default	
-0.2636719:4.042969:-11.40381	3.203613:4.921875:-10.78418	1.59082:4.794434:-16.66846	1.327148:7.97168:-11.25439	-0.1047611:14.80289:-37.95375	Grasped	Default	
-0.2636719:4.042969:-11.40381	3.203613:4.921875:-10.78418	1.59082:4.794434:-16.66846	1.327148:7.97168:-11.25439	-0.4653122:14.22901:-36.44928	Grasped	CupLeft	
-0.2636719:4.042969:-11.40381	3.203613:4.921875:-10.78418	1.59082:4.794434:-16.66846	1.327148:7.97168:-11.25439	-0.2211399:14.54519:-37.25806	Grasped	CupLeft	
-0.2636719:3.950684:-11.20166	2.891602:4.833984:-10.54688	1.595215:4.750488:-16.4751	1.26123:7.958496:-11.06543	-0.06152136:14.79065:-37.91836	Grasped	CupLeft	
-0.2636719:3.950684:-11.20166	2.891602:4.833984:-10.54688	1.595215:4.750488:-16.4751	1.26123:7.958496:-11.06543	-0.2102075:14.51766:-37.25211	Grasped	CupLeft	
-0.2636719:3.950684:-11.20166	2.891602:4.833984:-10.54688	1.595215:4.750488:-16.4751	1.26123:7.958496:-11.06543	-0.3637659:14.2363:-36.44284	Grasped	Default	
-0.2636719:3.950684:-11.20166	2.891602:4.833984:-10.54688	1.595215:4.750488:-16.4751	1.26123:7.958496:-11.06543	-0.2225998:14.47215:-37.1254	Grasped	Default	
-0.496582:3.893555:-11.17529	2.38623:4.96582:-10.43262	1.441406:4.873535:-16.38721	0.6591797:7.949707:-10.92041	-0.311332:14.31909:-36.7093	Grasped	Default	
-0.496582:3.893555:-11.17529	2.38623:4.96582:-10.43262	1.441406:4.873535:-16.38721	0.6591797:7.949707:-10.92041	-0.46374:14.11575:-36.19117	Grasped	CupLeft	
-0.496582:3.893555:-11.17529	2.38623:4.96582:-10.43262	1.441406:4.873535:-16.38721	0.6591797:7.949707:-10.92041	-0.2313163:14.55009:-37.30563	Grasped	CupLeft	
-0.496582:3.893555:-11.17529	2.38623:4.96582:-10.43262	1.441406:4.873535:-16.38721	0.6591797:7.949707:-10.92041	-0.27126:14.51838:-37.18213	Grasped	CupLeft	
-0.9140625:3.80127:-11.25439	1.647949:5.238281:-10.33154	1.151367:5.053711:-16.36963	-0.2900391:7.875:-10.71387	-0.3221307:14.47404:-37.08613	Grasped	CupLeft	
-0.9140625:3.80127:-11.25439	1.647949:5.238281:-10.33154	1.151367:5.053711:-16.36963	-0.2900391:7.875:-10.71387	-0.3846717:14.3614:-36.83772	Grasped	CupLeft	
-0.9140625:3.80127:-11.25439	1.647949:5.238281:-10.33154	1.151367:5.053711:-16.36963	-0.2900391:7.875:-10.71387	-0.3972152:14.28003:-36.6441	Grasped	CupLeft	
-1.371094:3.660645:-11.35986	0.8217773:5.475586:-10.26123	0.7602539:5.251465:-16.34326	-1.480957:7.686035:-10.58203	-0.1782682:14.62345:-37.50068	Grasped	CupLeft	
-1.371094:3.660645:-11.35986	0.8217773:5.475586:-10.26123	0.7602539:5.251465:-16.34326	-1.480957:7.686035:-10.58203	-0.117746:14.71541:-37.73021	Grasped	CupLeft	
-1.371094:3.660645:-11.35986	0.8217773:5.475586:-10.26123	0.7602539:5.251465:-16.34326	-1.480957:7.686035:-10.58203	-0.1195436:14.7024:-37.69893	Grasped	CupLeft	
-1.371094:3.660645:-11.35986	0.8217773:5.475586:-10.26123	0.7602539:5.251465:-16.34326	-1.480957:7.686035:-10.58203	-0.07945184:14.77685:-37.87699	Grasped	CupLeft	
-1.757813:3.32666:-11.43457	-0.1362305:5.57666:-10.12061	0.3208008:5.493164:-16.28174	-2.685059:7.198242:-10.46777	-0.08480984:14.76987:-37.85822	Grasped	CupLeft	
-1.757813:3.32666:-11.43457	-0.1362305:5.57666:-10.12061	0.3208008:5.493164:-16.28174	-2.685059:7.198242:-10.46777	-0.1100807:14.73049:-37.75155	Grasped	CupLeft	
-1.757813:3.32666:-11.43457	-0.1362305:5.57666:-10.12061	0.3208008:5.493164:-16.28174	-2.685059:7.198242:-10.46777	-0.1370751:14.68866:-37.64119	Grasped	CupLeft	
-1.990723:3.014648:-11.43018	-0.9052734:5.572266:-9.953613	-0.1274414:5.726074:-16.17627	-3.638672:6.591797:-10.32275	-0.1297164:14.70336:-37.67994	Grasped	CupLeft	
-1.990723:3.014648:-11.43018	-0.9052734:5.572266:-9.953613	-0.1274414:5.726074:-16.17627	-3.638672:6.591797:-10.32275	-0.179928:14.67957:-37.60323	Grasped	Default	
-1.990723:3.014648:-11.43018	-0.9052734:5.572266:-9.953613	-0.1274414:5.726074:-16.17627	-3.638672:6.591797:-10.32275	-0.1658191:14.68393:-37.61808	Grasped	CupLeft	
-1.990723:3.014648:-11.43018	-0.9052734:5.572266:-9.953613	-0.1274414:5.726074:-16.17627	-3.638672:6.591797:-10.32275	-0.1929845:14.66134:-37.55522	Grasped	Default	
-2.166504:2.887207:-11.37744	-1.546875:5.607422:-9.834961	-0.5273438:5.928223:-16.06641	-4.337402:6.161133:-10.2832	-0.1969698:14.66044:-37.54769	Grasped	Default	
-2.166504:2.887207:-11.37744	-1.546875:5.607422:-9.834961	-0.5273438:5.928223:-16.06641	-4.337402:6.161133:-10.2832	-0.1662675:14.6979:-37.65681	Grasped	CupLeft	
-2.166504:2.887207:-11.37744	-1.546875:5.607422:-9.834961	-0.5273438:5.928223:-16.06641	-4.337402:6.161133:-10.2832	-0.1439967:14.73148:-37.74805	Grasped	CupLeft	
-2.324707:2.900391:-11.30713	-2.109375:5.695313:-9.74707	-0.8876953:6.134766:-15.96533	-4.899902:5.875488:-10.29199	-0.1280661:14.76094:-37.82891	Grasped	CupLeft	
-2.324707:2.900391:-11.30713	-2.109375:5.695313:-9.74707	-0.8876953:6.134766:-15.96533	-4.899902:5.875488:-10.29199	-0.1004:14.80676:-37.95377	Grasped	CupLeft	
-2.324707:2.900391:-11.30713	-2.109375:5.695313:-9.74707	-0.8876953:6.134766:-15.96533	-4.899902:5.875488:-10.29199	-0.07815576:14.80841:-37.95049	Grasped	CupLeft	
-2.324707:2.900391:-11.30713	-2.109375:5.695313:-9.74707	-0.8876953:6.134766:-15.96533	-4.899902:5.875488:-10.29199	-0.1438033:14.70791:-37.67952	Grasped	CupLeft	
-2.48291:3.032227:-11.23242	-2.557617:5.862305:-9.681152	-1.208496:6.363281:-15.88623	-5.321777:5.77002:-10.2832	-0.2435654:14.5436:-37.23761	Grasped	CupLeft	
-2.48291:3.032227:-11.23242	-2.557617:5.862305:-9.681152	-1.208496:6.363281:-15.88623	-5.321777:5.77002:-10.2832	-0.1195305:14.73515:-37.75821	Grasped	CupLeft	
-2.48291:3.032227:-11.23242	-2.557617:5.862305:-9.681152	-1.208496:6.363281:-15.88623	-5.321777:5.77002:-10.2832	-0.07967419:14.80989:-37.95018	Grasped	CupLeft	
-2.649902:3.194824:-11.17529	-2.953125:6.046875:-9.663574	-1.498535:6.561035:-15.84229	-5.695313:5.730469:-10.30518	-0.2263008:14.55837:-37.28035	Grasped	CupLeft	
-2.649902:3.194824:-11.17529	-2.953125:6.046875:-9.663574	-1.498535:6.561035:-15.84229	-5.695313:5.730469:-10.30518	-0.1836741:14.65927:-37.55788	Grasped	CupLeft	
-2.649902:3.194824:-11.17529	-2.953125:6.046875:-9.663574	-1.498535:6.561035:-15.84229	-5.695313:5.730469:-10.30518	-0.1336738:14.76313:-37.8293	Grasped	Default	
-2.649902:3.194824:-11.17529	-2.953125:6.046875:-9.663574	-1.498535:6.561035:-15.84229	-5.695313:5.730469:-10.30518	-0.2088392:14.64106:-37.51397	Grasped	CupLeft	
-2.759766:3.375:-11.10938	-3.335449:6.227051:-9.667969	-1.753418:6.728027:-15.80273	-6.00293:5.646973:-10.3667	-0.1910596:14.67344:-37.59338	Grasped	CupLeft	
-2.759766:3.375:-11.10938	-3.335449:6.227051:-9.667969	-1.753418:6.728027:-15.80273	-6.00293:5.646973:-10.3667	-0.1944602:14.69464:-37.65313	Grasped	Default	
-2.759766:3.375:-11.10938	-3.335449:6.227051:-9.667969	-1.753418:6.728027:-15.80273	-6.00293:5.646973:-10.3667	-0.1369526:14.78247:-37.89625	Grasped	CupLeft	
-2.803711:3.55957:-11.03027	-3.599121:6.394043:-9.65918	-1.937988:6.868652:-15.76318	-6.213867:5.594238:-10.38428	-0.1587192:14.72656:-37.73457	Grasped	CupLeft	
-2.803711:3.55957:-11.03027	-3.599121:6.394043:-9.65918	-1.937988:6.868652:-15.76318	-6.213867:5.594238:-10.38428	-0.1724836:14.71998:-37.72348	Grasped	CupLeft	
-2.803711:3.55957:-11.03027	-3.599121:6.394043:-9.65918	-1.937988:6.868652:-15.76318	-6.213867:5.594238:-10.38428	-0.1550265:14.74524:-37.78997	Grasped	CupLeft	
-2.803711:3.55957:-11.03027	-3.599121:6.394043:-9.65918	-1.937988:6.868652:-15.76318	-6.213867:5.594238:-10.38428	-0.1320125:14.7815:-37.88861	Grasped	CupLeft	
-2.803711:3.55957:-11.03027	-3.599121:6.394043:-9.65918	-1.937988:6.868652:-15.76318	-6.213867:5.594238:-10.38428	-0.1443916:14.76928:-37.85746	Grasped	CupLeft	
-2.825684:3.726563:-10.95557	-3.80127:6.561035:-9.641602	-2.078613:7.009277:-15.71484	-6.345703:5.589844:-10.38428	-0.1543396:14.76263:-37.83968	Grasped	CupLeft	
-2.825684:3.726563:-10.95557	-3.80127:6.561035:-9.641602	-2.078613:7.009277:-15.71484	-6.345703:5.589844:-10.38428	-0.1672167:14.74263:-37.78599	Grasped	CupLeft	
-2.825684:3.726563:-10.95557	-3.80127:6.561035:-9.641602	-2.078613:7.009277:-15.71484	-6.345703:5.589844:-10.38428	-0.1731928:14.73542:-37.76497	Grasped	CupLeft	
-2.838867:3.915527:-10.87207	-4.007813:6.723633:-9.650391	-2.206055:7.119141:-15.67969	-6.477539:5.541504:-10.41064	-0.1600888:14.7504:-37.80486	Grasped	CupLeft	
-2.838867:3.915527:-10.87207	-4.007813:6.723633:-9.650391	-2.206055:7.119141:-15.67969	-6.477539:5.541504:-10.41064	-0.1621752:14.75074:-37.8055	Grasped	CupLeft	
-2.838867:3.915527:-10.87207	-4.007813:6.723633:-9.650391	-2.206055:7.119141:-15.67969	-6.477539:5.541504:-10.41064	-0.1714397:14.745:-37.79145	Grasped	Default	
-2.834473:4.130859:-10.79736	-4.262695:6.868652:-9.676758	-2.359863:7.237793:-15.65771	-6.60498:5.414063:-10.4502	-0.1681489:14.75039:-37.80592	Grasped	Default	
-2.834473:4.130859:-10.79736	-4.262695:6.868652:-9.676758	-2.359863:7.237793:-15.65771	-6.60498:5.414063:-10.4502	-0.1680618:14.74613:-37.79432	Grasped	CupLeft	
-2.834473:4.130859:-10.79736	-4.262695:6.868652:-9.676758	-2.359863:7.237793:-15.65771	-6.60498:5.414063:-10.4502	-0.1778982:14.72743:-37.74353	Grasped	CupLeft	
-2.834473:4.130859:-10.79736	-4.262695:6.868652:-9.676758	-2.359863:7.237793:-15.65771	-6.60498:5.414063:-10.4502	-0.1802659:14.72633:-37.74016	Grasped	CupLeft	
-2.830078:4.429688:-10.71387	-4.526367:7.066406:-9.711914	-2.513672:7.382813:-15.63135	-6.719238:5.334961:-10.48975	-0.1936637:14.70854:-37.69386	Grasped	CupLeft	
-2.830078:4.429688:-10.71387	-4.526367:7.066406:-9.711914	-2.513672:7.382813:-15.63135	-6.719238:5.334961:-10.48975	-0.1902589:14.70498:-37.68335	Grasped	CupLeft	
-2.830078:4.429688:-10.71387	-4.526367:7.066406:-9.711914	-2.513672:7.382813:-15.63135	-6.719238:5.334961:-10.48975	-0.1438459:14.77026:-37.85852	Grasped	CupLeft	
-2.869629:4.715332:-10.64355	-4.772461:7.268555:-9.751465	-2.66748:7.523438:-15.61377	-6.820313:5.312988:-10.5249	-0.1402601:14.78005:-37.88758	Grasped	CupLeft	
-2.869629:4.715332:-10.64355	-4.772461:7.268555:-9.751465	-2.66748:7.523438:-15.61377	-6.820313:5.312988:-10.5249	-0.1455288:14.7808:-37.89222	Grasped	CupLeft	
-2.869629:4.715332:-10.64355	-4.772461:7.268555:-9.751465	-2.66748:7.523438:-15.61377	-6.820313:5.312988:-10.5249	-0.1587463:14.767:-37.85538	Grasped	CupLeft	
-2.869629:4.715332:-10.64355	-4.772461:7.268555:-9.751465	-2.66748:7.523438:-15.61377	-6.820313:5.312988:-10.5249	-0.154578:14.76779:-37.85711	Grasped	CupLeft	
-2.966309:4.961426:-10.58203	-5.009766:7.439941:-9.799805	-2.803711:7.646484:-15.60059	-6.952148:5.334961:-10.56445	-0.1575414:14.75804:-37.82889	Grasped	CupLeft	
-2.966309:4.961426:-10.58203	-5.009766:7.439941:-9.799805	-2.803711:7.646484:-15.60059	-6.952148:5.334961:-10.56445	-0.1744048:14.73207:-37.75901	Grasped	CupLeft	
-2.966309:4.961426:-10.58203	-5.009766:7.439941:-9.799805	-2.803711:7.646484:-15.60059	-6.952148:5.334961:-10.56445	-0.1807117:14.72598:-37.74171	Grasped	CupLeft	
-2.966309:4.961426:-10.58203	-5.009766:7.439941:-9.799805	-2.803711:7.646484:-15.60059	-6.952148:5.334961:-10.56445	-0.2038515:14.69606:-37.66219	Grasped	CupLeft	
-3.04541:5.189941:-10.5293	-5.233887:7.558594:-9.834961	-2.939941:7.751953:-15.58301	-7.048828:5.317383:-10.57764	-0.189806:14.71628:-37.71663	Grasped	CupLeft	
-3.04541:5.189941:-10.5293	-5.233887:7.558594:-9.834961	-2.939941:7.751953:-15.58301	-7.048828:5.317383:-10.57764	-0.1963679:14.70902:-37.69541	Grasped	CupLeft	
-3.04541:5.189941:-10.5293	-5.233887:7.558594:-9.834961	-2.939941:7.751953:-15.58301	-7.048828:5.317383:-10.57764	-0.2084427:14.6932:-37.65284	Grasped	CupLeft	
-3.137695:5.361328:-10.49854	-5.436035:7.664063:-9.870117	-3.062988:7.844238:-15.57861	-7.141113:5.308594:-10.604	-0.2021275:14.70356:-37.68169	Grasped	CupLeft	
-3.137695:5.361328:-10.49854	-5.436035:7.664063:-9.870117	-3.062988:7.844238:-15.57861	-7.141113:5.308594:-10.604	-0.1689362:14.75059:-37.81027	Grasped	CupLeft	
