ThumbPosition	IndexPosition	PalmPosition	ObjectPosition	GazePosition	Annotations	GazeAnnotations	
-3.335449:3.005859:-26.75391	-1.709473:3.036621:-25.35645	1.353516:2.197266:-30.92432	1.349121:8.121094:-12.36621	-0.01959025:14.82011:-37.17435	Start	Default	
-3.335449:3.005859:-26.75391	-1.709473:3.036621:-25.35645	1.353516:2.197266:-30.92432	1.349121:8.121094:-12.36621	-0.005408682:14.80258:-36.83166	Start	Default	
-3.335449:3.005859:-26.75391	-1.709473:3.036621:-25.35645	1.353516:2.197266:-30.92432	1.349121:8.121094:-12.36621	-0.01455698:14.81593:-37.11325	Start	Default	
-3.273926:2.953125:-26.75391	-1.643555:3.067383:-25.36084	1.344727:2.210449:-30.92871	1.349121:8.121094:-12.36621	-0.0177759:14.82048:-37.20964	Start	Default	
-3.273926:2.953125:-26.75391	-1.643555:3.067383:-25.36084	1.344727:2.210449:-30.92871	1.349121:8.121094:-12.36621	-0.0157588:14.81855:-37.15368	Start	Default	
-3.273926:2.953125:-26.75391	-1.643555:3.067383:-25.36084	1.344727:2.210449:-30.92871	1.349121:8.121094:-12.36621	-0.00882059:14.81008:-36.98337	Start	Default	
-3.273926:2.953125:-26.75391	-1.643555:3.067383:-25.36084	1.344727:2.210449:-30.92871	1.349121:8.121094:-12.36621	0.006000139:14.78975:-36.586	Start	Default	
-3.208008:2.931152:-26.7627	-1.617188:3.076172:-25.35205	1.335938:2.214844:-30.9375	1.349121:8.121094:-12.36621	0.00850695:14.78532:-36.50457	Start	Default	
-3.208008:2.931152:-26.7627	-1.617188:3.076172:-25.35205	1.335938:2.214844:-30.9375	1.349121:8.121094:-12.36621	0.006588537:14.78585:-36.5446	Start	Default	
-3.208008:2.931152:-26.7627	-1.617188:3.076172:-25.35205	1.335938:2.214844:-30.9375	1.349121:8.121094:-12.36621	-0.0151648:14.81507:-37.14278	Start	Default	
-3.159668:2.917969:-26.75391	-1.612793:3.036621:-25.37402	1.331543:2.214844:-30.94629	1.349121:8.121094:-12.36621	-0.001273192:14.79603:-36.78695	Start	Default	
-3.159668:2.917969:-26.75391	-1.612793:3.036621:-25.37402	1.331543:2.214844:-30.94629	1.349121:8.121094:-12.36621	-0.02338568:14.83962:-37.64553	Start	Default	
-3.159668:2.917969:-26.75391	-1.612793:3.036621:-25.37402	1.331543:2.214844:-30.94629	1.349121:8.121094:-12.36621	-0.01124792:14.85097:-38.01347	Start	Default	
-3.168457:2.90918:-26.7583	-1.625977:3.023438:-25.37402	1.331543:2.214844:-30.95068	1.349121:8.121094:-12.36621	0.01318464:14.76995:-37.70094	Start	Default	
-3.168457:2.90918:-26.7583	-1.625977:3.023438:-25.37402	1.331543:2.214844:-30.95068	1.349121:8.121094:-12.36621	0.03144995:14.66608:-37.50683	Start	Bottle	
-3.168457:2.90918:-26.7583	-1.625977:3.023438:-25.37402	1.331543:2.214844:-30.95068	1.349121:8.121094:-12.36621	-0.003661527:14.80738:-37.97205	Start	Bottle	
-3.168457:2.90918:-26.7583	-1.625977:3.023438:-25.37402	1.331543:2.214844:-30.95068	1.349121:8.121094:-12.36621	0.01622718:14.72125:-37.72378	Start	Bottle	
-3.155273:2.878418:-26.7583	-1.625977:3.014648:-25.38721	1.331543:2.210449:-30.95068	1.349121:8.121094:-12.36621	-0.03637723:14.79243:-37.91198	Start	Bottle	
-3.155273:2.878418:-26.7583	-1.625977:3.014648:-25.38721	1.331543:2.210449:-30.95068	1.349121:8.121094:-12.36621	-0.05302268:14.82112:-38.00149	Start	Bottle	
-3.155273:2.878418:-26.7583	-1.625977:3.014648:-25.38721	1.331543:2.210449:-30.95068	1.349121:8.121094:-12.36621	-0.03477111:14.80478:-37.95558	Start	Bottle	
-3.155273:2.878418:-26.7583	-1.625977:3.014648:-25.38721	1.331543:2.210449:-30.95068	1.349121:8.121094:-12.36621	-0.03491548:14.79306:-37.92114	Start	Bottle	
-3.124512:2.953125:-26.73633	-1.634766:3.04541:-25.40039	1.327148:2.214844:-30.94189	1.349121:8.121094:-12.36621	-0.03174759:14.74457:-37.76315	Start	Bottle	
-3.124512:2.953125:-26.73633	-1.634766:3.04541:-25.40039	1.327148:2.214844:-30.94189	1.349121:8.121094:-12.36621	-0.01284609:14.73482:-37.75077	Start	Bottle	
-3.124512:2.953125:-26.73633	-1.634766:3.04541:-25.40039	1.327148:2.214844:-30.94189	1.349121:8.121094:-12.36621	0.001374595:14.7149:-37.694	Start	Bottle	
-3.146484:3.071777:-26.69678	-1.718262:3.071777:-25.43994	1.318359:2.25:-30.90674	1.349121:8.121094:-12.36621	-0.0351299:14.80755:-37.96321	Start	Bottle	
-3.146484:3.071777:-26.69678	-1.718262:3.071777:-25.43994	1.318359:2.25:-30.90674	1.349121:8.121094:-12.36621	0.01476385:14.69111:-37.63861	Start	Bottle	
-3.146484:3.071777:-26.69678	-1.718262:3.071777:-25.43994	1.318359:2.25:-30.90674	1.349121:8.121094:-12.36621	0.01128981:14.74748:-37.83049	Start	Bottle	
-3.146484:3.071777:-26.69678	-1.718262:3.071777:-25.43994	1.318359:2.25:-30.90674	1.349121:8.121094:-12.36621	0.009151737:14.72232:-37.75653	Start	Bottle	
-3.04541:3.638672:-26.60449	-1.806152:2.979492:-25.45313	1.204102:2.416992:-30.75293	1.349121:8.121094:-12.36621	-0.01028429:14.82679:-38.03369	Start	Bottle	
-3.04541:3.638672:-26.60449	-1.806152:2.979492:-25.45313	1.204102:2.416992:-30.75293	1.349121:8.121094:-12.36621	-0.01226831:14.81901:-38.03656	Start	Bottle	
-3.04541:3.638672:-26.60449	-1.806152:2.979492:-25.45313	1.204102:2.416992:-30.75293	1.349121:8.121094:-12.36621	-0.01195489:14.81968:-38.03527	Start	Bottle	
-2.8125:3.638672:-26.46826	-1.867676:2.8125:-25.20703	1.067871:2.742188:-30.49365	1.349121:8.121094:-12.36621	-0.006242025:14.79043:-37.96762	Start	Bottle	
-2.8125:3.638672:-26.46826	-1.867676:2.8125:-25.20703	1.067871:2.742188:-30.49365	1.349121:8.121094:-12.36621	0.07679409:14.27933:-36.55376	Start	Bottle	
-2.8125:3.638672:-26.46826	-1.867676:2.8125:-25.20703	1.067871:2.742188:-30.49365	1.349121:8.121094:-12.36621	0.06340875:14.37247:-36.77079	Start	Bottle	
-2.8125:3.638672:-26.46826	-1.867676:2.8125:-25.20703	1.067871:2.742188:-30.49365	1.349121:8.121094:-12.36621	0.01033753:14.63297:-37.53618	Start	Bottle	
-2.430176:3.51123:-25.97168	-1.814941:2.746582:-24.54785	1.023926:3.287109:-29.87842	1.349121:8.121094:-12.36621	0.01846609:14.6461:-37.58988	Start	Bottle	
-2.430176:3.51123:-25.97168	-1.814941:2.746582:-24.54785	1.023926:3.287109:-29.87842	1.349121:8.121094:-12.36621	-0.02611863:14.81128:-38.00969	Start	Bottle	
-2.430176:3.51123:-25.97168	-1.814941:2.746582:-24.54785	1.023926:3.287109:-29.87842	1.349121:8.121094:-12.36621	-0.02820693:14.78895:-37.94503	Start	Bottle	
-2.430176:3.51123:-25.97168	-1.814941:2.746582:-24.54785	1.023926:3.287109:-29.87842	1.349121:8.121094:-12.36621	-0.04743301:14.82181:-38.02751	Start	Bottle	
-2.078613:3.295898:-25.12354	-1.696289:2.94873:-23.71729	1.037109:4.020996:-29.04785	1.349121:8.121094:-12.36621	-0.04326107:14.81797:-38.02154	Start	Bottle	
-2.078613:3.295898:-25.12354	-1.696289:2.94873:-23.71729	1.037109:4.020996:-29.04785	1.349121:8.121094:-12.36621	-0.02791653:14.81455:-38.01484	Start	Bottle	
-2.078613:3.295898:-25.12354	-1.696289:2.94873:-23.71729	1.037109:4.020996:-29.04785	1.349121:8.121094:-12.36621	-0.02158003:14.74401:-37.8097	Start	Bottle	
-1.83252:3.353027:-24.08643	-1.634766:3.291504:-22.71973	1.081055:4.737305:-28.05469	1.349121:8.121094:-12.36621	-0.03724729:14.75766:-37.83576	Start	Bottle	
-1.83252:3.353027:-24.08643	-1.634766:3.291504:-22.71973	1.081055:4.737305:-28.05469	1.349121:8.121094:-12.36621	-0.05534954:14.77571:-37.89231	Start	Bottle	
-1.83252:3.353027:-24.08643	-1.634766:3.291504:-22.71973	1.081055:4.737305:-28.05469	1.349121:8.121094:-12.36621	-0.07675429:14.79982:-37.94892	Start	Bottle	
-1.83252:3.353027:-24.08643	-1.634766:3.291504:-22.71973	1.081055:4.737305:-28.05469	1.349121:8.121094:-12.36621	-0.07100503:14.76086:-37.83041	Start	Bottle	
-1.498535:3.480469:-22.82959	-1.371094:3.665039:-21.52881	1.142578:5.24707:-27.02197	1.349121:8.121094:-12.36621	-0.07557657:14.80168:-37.97442	ReachForBottle	Bottle	
-1.498535:3.480469:-22.82959	-1.371094:3.665039:-21.52881	1.142578:5.24707:-27.02197	1.349121:8.121094:-12.36621	-0.07044378:14.7515:-37.8456	ReachForBottle	Bottle	
-1.498535:3.480469:-22.82959	-1.371094:3.665039:-21.52881	1.142578:5.24707:-27.02197	1.349121:8.121094:-12.36621	-0.07222446:14.77929:-37.91084	ReachForBottle	Bottle	
-1.22168:3.774902:-21.52881	-0.9755859:4.130859:-20.19287	1.243652:5.506348:-25.82666	1.349121:8.121094:-12.36621	-0.04231578:14.80974:-38.00363	ReachForBottle	Bottle	
-1.22168:3.774902:-21.52881	-0.9755859:4.130859:-20.19287	1.243652:5.506348:-25.82666	1.349121:8.121094:-12.36621	-0.0238817:14.77513:-37.91708	ReachForBottle	Bottle	
-1.22168:3.774902:-21.52881	-0.9755859:4.130859:-20.19287	1.243652:5.506348:-25.82666	1.349121:8.121094:-12.36621	-0.03883293:14.8004:-37.98468	ReachForBottle	Bottle	
-1.22168:3.774902:-21.52881	-0.9755859:4.130859:-20.19287	1.243652:5.506348:-25.82666	1.349121:8.121094:-12.36621	-0.041751:14.78947:-37.95645	ReachForBottle	Bottle	
-0.9316406:4.333008:-20.00391	-0.3735352:4.614258:-18.73828	1.335938:5.567871:-24.61816	1.349121:8.121094:-12.36621	-0.03813511:14.77324:-37.91624	ReachForBottle	Bottle	
-0.9316406:4.333008:-20.00391	-0.3735352:4.614258:-18.73828	1.335938:5.567871:-24.61816	1.349121:8.121094:-12.36621	-0.02711152:14.71308:-37.74959	ReachForBottle	Bottle	
-0.9316406:4.333008:-20.00391	-0.3735352:4.614258:-18.73828	1.335938:5.567871:-24.61816	1.349121:8.121094:-12.36621	-0.08501217:14.79231:-37.94628	ReachForBottle	Bottle	
-0.9316406:4.333008:-20.00391	-0.3735352:4.614258:-18.73828	1.335938:5.567871:-24.61816	1.349121:8.121094:-12.36621	-0.08811262:14.77813:-37.89991	ReachForBottle	Bottle	
-0.7426758:4.864746:-18.69434	0.5053711:5.102051:-17.43311	1.397461:5.646973:-23.47119	1.349121:8.121094:-12.36621	-0.05321971:14.63544:-37.53312	ReachForBottle	Bottle	
-0.7426758:4.864746:-18.69434	0.5053711:5.102051:-17.43311	1.397461:5.646973:-23.47119	1.349121:8.121094:-12.36621	-0.006371135:14.69229:-37.71986	ReachForBottle	Bottle	
-0.7426758:4.864746:-18.69434	0.5053711:5.102051:-17.43311	1.397461:5.646973:-23.47119	1.349121:8.121094:-12.36621	-0.001027023:14.66213:-37.64283	ReachForBottle	Bottle	
-0.7382813:5.405273:-17.53418	1.410645:5.660156:-16.35645	1.441406:5.774414:-22.46484	1.349121:8.121094:-12.36621	-0.02100523:14.81435:-38.00967	ReachForBottle	Bottle	
-0.7382813:5.405273:-17.53418	1.410645:5.660156:-16.35645	1.441406:5.774414:-22.46484	1.349121:8.121094:-12.36621	-0.004559064:14.68448:-37.69318	ReachForBottle	Bottle	
-0.7382813:5.405273:-17.53418	1.410645:5.660156:-16.35645	1.441406:5.774414:-22.46484	1.349121:8.121094:-12.36621	-0.02240019:14.81436:-38.00622	ReachForBottle	Bottle	
-0.8569336:5.866699:-16.59375	2.109375:6.029297:-15.52148	1.45459:5.90625:-21.60352	1.349121:8.121094:-12.36621	-0.006147061:14.67186:-37.66789	ReachForBottle	Bottle	
-0.8569336:5.866699:-16.59375	2.109375:6.029297:-15.52148	1.45459:5.90625:-21.60352	1.349121:8.121094:-12.36621	-0.007590525:14.68156:-37.6872	ReachForBottle	Bottle	
-0.8569336:5.866699:-16.59375	2.109375:6.029297:-15.52148	1.45459:5.90625:-21.60352	1.349121:8.121094:-12.36621	-0.009219063:14.66292:-37.63744	ReachForBottle	Bottle	
-0.8569336:5.866699:-16.59375	2.109375:6.029297:-15.52148	1.45459:5.90625:-21.60352	1.349121:8.121094:-12.36621	-0.001409881:14.66685:-37.6409	ReachForBottle	Bottle	
-1.006348:6.104004:-15.80713	2.566406:6.314941:-14.88428	1.441406:6.011719:-20.84326	1.349121:8.121094:-12.36621	-0.007839521:14.6989:-37.72528	ReachForBottle	Bottle	
-1.006348:6.104004:-15.80713	2.566406:6.314941:-14.88428	1.441406:6.011719:-20.84326	1.349121:8.121094:-12.36621	-0.009522984:14.70362:-37.72713	ReachForBottle	Bottle	
-1.006348:6.104004:-15.80713	2.566406:6.314941:-14.88428	1.441406:6.011719:-20.84326	1.349121:8.121094:-12.36621	-0.02492496:14.81221:-37.99667	ReachForBottle	Bottle	
-1.006348:6.104004:-15.80713	2.566406:6.314941:-14.88428	1.441406:6.011719:-20.84326	1.349121:8.121094:-12.36621	-0.02527368:14.8112:-37.9946	ReachForBottle	Bottle	
-1.103027:6.130371:-15.15234	2.935547:6.42041:-14.37012	1.432617:6.055664:-20.21484	1.349121:8.121094:-12.36621	-0.02522092:14.81168:-37.9946	ReachForBottle	Bottle	
-1.103027:6.130371:-15.15234	2.935547:6.42041:-14.37012	1.432617:6.055664:-20.21484	1.349121:8.121094:-12.36621	-0.02575198:14.81116:-37.99256	ReachForBottle	Bottle	
-1.103027:6.130371:-15.15234	2.935547:6.42041:-14.37012	1.432617:6.055664:-20.21484	1.349121:8.121094:-12.36621	-0.02561333:14.81155:-37.99252	ReachForBottle	Bottle	
-1.17334:6.016113:-14.5415	3.225586:6.490723:-13.90869	1.432617:6.05127:-19.61719	1.349121:8.121094:-12.36621	-0.03163078:14.81195:-37.99015	ReachForBottle	Bottle	
-1.17334:6.016113:-14.5415	3.225586:6.490723:-13.90869	1.432617:6.05127:-19.61719	1.349121:8.121094:-12.36621	-0.05313275:14.81039:-37.98979	ReachForBottle	Bottle	
-1.17334:6.016113:-14.5415	3.225586:6.490723:-13.90869	1.432617:6.05127:-19.61719	1.349121:8.121094:-12.36621	-0.06767303:14.80907:-37.98622	ReachForBottle	Bottle	
-1.17334:6.016113:-14.5415	3.225586:6.490723:-13.90869	1.432617:6.05127:-19.61719	1.349121:8.121094:-12.36621	-0.06398628:14.80959:-37.98706	ReachForBottle	Bottle	
-1.155762:5.77002:-13.99658	3.392578:6.530273:-13.43848	1.445801:5.985352:-19.10303	1.349121:8.121094:-12.36621	-0.06611887:14.80943:-37.98701	ReachForBottle	Bottle	
-1.155762:5.77002:-13.99658	3.392578:6.530273:-13.43848	1.445801:5.985352:-19.10303	1.349121:8.121094:-12.36621	-0.08886839:14.80919:-37.98567	ReachForBottle	Bottle	
-1.155762:5.77002:-13.99658	3.392578:6.530273:-13.43848	1.445801:5.985352:-19.10303	1.349121:8.121094:-12.36621	-0.09040359:14.80875:-37.98422	ReachForBottle	Bottle	
-1.032715:5.510742:-13.47363	3.480469:6.411621:-12.95068	1.489746:5.85791:-18.59766	1.349121:8.121094:-12.36621	-0.08855805:14.80912:-37.9842	ReachForBottle	Bottle	
-1.032715:5.510742:-13.47363	3.480469:6.411621:-12.95068	1.489746:5.85791:-18.59766	1.349121:8.121094:-12.36621	-0.02704572:14.77671:-37.90422	ReachForBottle	Bottle	
-1.032715:5.510742:-13.47363	3.480469:6.411621:-12.95068	1.489746:5.85791:-18.59766	1.349121:8.121094:-12.36621	-0.02452515:14.785:-37.92469	ReachForBottle	Bottle	
-1.032715:5.510742:-13.47363	3.480469:6.411621:-12.95068	1.489746:5.85791:-18.59766	1.349121:8.121094:-12.36621	-0.02507308:14.78512:-37.92558	ReachForBottle	Bottle	
-0.8701172:5.242676:-13.0166	3.498047:6.23584:-12.4585	1.546875:5.708496:-18.16699	1.349121:8.121094:-12.36621	-0.02598985:14.78947:-37.93705	ReachForBottle	Hand	
-0.8701172:5.242676:-13.0166	3.498047:6.23584:-12.4585	1.546875:5.708496:-18.16699	1.349121:8.121094:-12.36621	-0.02778296:14.80865:-37.982	ReachForBottle	Hand	
-0.8701172:5.242676:-13.0166	3.498047:6.23584:-12.4585	1.546875:5.708496:-18.16699	1.349121:8.121094:-12.36621	-0.02755052:14.80951:-37.98088	ReachForBottle	Bottle	
-0.8701172:5.242676:-13.0166	3.498047:6.23584:-12.4585	1.546875:5.708496:-18.16699	1.349121:8.121094:-12.36621	-0.02731929:14.80894:-37.97936	ReachForBottle	Bottle	
-0,6679688,4,899902,-12,62988,	3,432129,5,972168,-11,99268,	1,612793,5,537109,-17,81104,	1,353516,8,121094,-12,36182,	-0,01949492,14,76032,-37,86115,	ReachForBottle	Hand	
-0,6679688,4,899902,-12,62988,	3,432129,5,972168,-11,99268,	1,612793,5,537109,-17,81104,	1,353516,8,121094,-12,36182,	-0,05812177,14,79696,-37,94754,	ReachForBottle	Bottle	
-0,6679688,4,899902,-12,62988,	3,432129,5,972168,-11,99268,	1,612793,5,537109,-17,81104,	1,353516,8,121094,-12,36182,	-0,043727,14,77702,-37,89643,	ReachForBottle	Bottle	
-0.4438477:4.583496:-12.32227	3.251953:5.787598:-11.63232	1.6875:5.334961:-17.52979	1.322754:8.10791:-12.20801	-0.05264205:14.78156:-37.90846	Grasped	Bottle	
-0.4438477:4.583496:-12.32227	3.251953:5.787598:-11.63232	1.6875:5.334961:-17.52979	1.322754:8.10791:-12.20801	-0.05673816:14.7785:-37.89719	Grasped	Bottle	
-0.4438477:4.583496:-12.32227	3.251953:5.787598:-11.63232	1.6875:5.334961:-17.52979	1.322754:8.10791:-12.20801	-0.06410664:14.76948:-37.87048	Grasped	Bottle	
-0.3120117:4.394531:-12.19922	3.067383:5.67334:-11.48291	1.749023:5.167969:-17.40234	1.300781:8.103516:-12.15967	-0.06549852:14.7906:-37.92762	Grasped	Bottle	
-0.3120117:4.394531:-12.19922	3.067383:5.67334:-11.48291	1.749023:5.167969:-17.40234	1.300781:8.103516:-12.15967	-0.02553349:14.76996:-37.8768	Grasped	Bottle	
-0.3120117:4.394531:-12.19922	3.067383:5.67334:-11.48291	1.749023:5.167969:-17.40234	1.300781:8.103516:-12.15967	-0.03986717:14.80691:-37.97329	Grasped	Default	
-0.3120117:4.394531:-12.19922	3.067383:5.67334:-11.48291	1.749023:5.167969:-17.40234	1.300781:8.103516:-12.15967	-0.07813665:14.76254:-37.85983	Grasped	CupLeft	
-0.3120117:4.394531:-12.19922	3.067383:5.67334:-11.48291	1.749023:5.167969:-17.40234	1.300781:8.103516:-12.15967	-0.372735:14.28507:-36.61312	Grasped	CupLeft	
-0.2504883:4.302246:-12.15088	2.904785:5.510742:-11.47852	1.770996:5.080078:-17.3584	1.335938:8.099121:-12.16846	-0.181314:14.58031:-37.37881	Grasped	CupLeft	
-0.2504883:4.302246:-12.15088	2.904785:5.510742:-11.47852	1.770996:5.080078:-17.3584	1.335938:8.099121:-12.16846	-0.2260086:14.51474:-37.22983	Grasped	CupLeft	
-0.2504883:4.302246:-12.15088	2.904785:5.510742:-11.47852	1.770996:5.080078:-17.3584	1.335938:8.099121:-12.16846	-0.2752762:14.4574:-37.08092	Grasped	CupLeft	
-0.2900391:4.319824:-12.14209	2.522461:5.567871:-11.41699	1.713867:5.163574:-17.32764	1.107422:8.112305:-12.15967	-0.3454322:14.33353:-36.7876	Grasped	CupLeft	
-0.2900391:4.319824:-12.14209	2.522461:5.567871:-11.41699	1.713867:5.163574:-17.32764	1.107422:8.112305:-12.15967	-0.2986056:14.36622:-36.85519	Grasped	CupLeft	
-0.2900391:4.319824:-12.14209	2.522461:5.567871:-11.41699	1.713867:5.163574:-17.32764	1.107422:8.112305:-12.15967	-0.2357982:14.47398:-37.14812	Grasped	CupLeft	
-0.6547852:4.293457:-12.2124	1.894043:5.840332:-11.30273	1.511719:5.400879:-17.30566	0.2724609:8.116699:-12.00586	-0.294638:14.37468:-36.89619	Grasped	CupLeft	
-0.6547852:4.293457:-12.2124	1.894043:5.840332:-11.30273	1.511719:5.400879:-17.30566	0.2724609:8.116699:-12.00586	-0.4191276:14.1669:-36.36154	Grasped	CupLeft	
-0.6547852:4.293457:-12.2124	1.894043:5.840332:-11.30273	1.511719:5.400879:-17.30566	0.2724609:8.116699:-12.00586	-0.2079731:14.53051:-37.31178	Grasped	CupLeft	
-0.6547852:4.293457:-12.2124	1.894043:5.840332:-11.30273	1.511719:5.400879:-17.30566	0.2724609:8.116699:-12.00586	-0.1059909:14.72586:-37.77076	Grasped	CupLeft	
-1.045898:4.271484:-12.28271	1.199707:6.213867:-11.23242	1.199707:5.655762:-17.2749	-0.6899414:8.143066:-11.92236	-0.138525:14.67706:-37.65628	Grasped	CupLeft	
-1.045898:4.271484:-12.28271	1.199707:6.213867:-11.23242	1.199707:5.655762:-17.2749	-0.6899414:8.143066:-11.92236	-0.1602245:14.63951:-37.55749	Grasped	CupLeft	
-1.045898:4.271484:-12.28271	1.199707:6.213867:-11.23242	1.199707:5.655762:-17.2749	-0.6899414:8.143066:-11.92236	-0.1306337:14.68767:-37.68269	Grasped	CupLeft	
-1.045898:4.271484:-12.28271	1.199707:6.213867:-11.23242	1.199707:5.655762:-17.2749	-0.6899414:8.143066:-11.92236	-0.1146218:14.73068:-37.78751	Grasped	CupLeft	
-1.476563:4.209961:-12.31787	0.355957:6.51709:-11.12256	0.84375:5.972168:-17.20459	-1.63916:8.081543:-11.88721	-0.1024141:14.74039:-37.80872	Grasped	CupLeft	
-1.476563:4.209961:-12.31787	0.355957:6.51709:-11.12256	0.84375:5.972168:-17.20459	-1.63916:8.081543:-11.88721	-0.0613462:14.80734:-37.96984	Grasped	CupLeft	
-1.476563:4.209961:-12.31787	0.355957:6.51709:-11.12256	0.84375:5.972168:-17.20459	-1.63916:8.081543:-11.88721	-0.06091411:14.80752:-37.96972	Grasped	CupLeft	
-1.894043:4.166016:-12.33105	-0.4306641:6.710449:-11.00391	0.4394531:6.306152:-17.10791	-2.509277:7.976074:-11.78613	-0.06251281:14.80763:-37.96986	Grasped	CupLeft	
-1.894043:4.166016:-12.33105	-0.4306641:6.710449:-11.00391	0.4394531:6.306152:-17.10791	-2.509277:7.976074:-11.78613	-0.06530628:14.80253:-37.957	Grasped	CupLeft	
-1.894043:4.166016:-12.33105	-0.4306641:6.710449:-11.00391	0.4394531:6.306152:-17.10791	-2.509277:7.976074:-11.78613	-0.07644485:14.78432:-37.91166	Grasped	CupLeft	
-1.894043:4.166016:-12.33105	-0.4306641:6.710449:-11.00391	0.4394531:6.306152:-17.10791	-2.509277:7.976074:-11.78613	-0.07021999:14.80838:-37.97019	Grasped	CupLeft	
-2.293945:4.21875:-12.30029	-1.155762:6.925781:-10.9292	-0.01757813:6.596191:-17.01123	-3.309082:7.945313:-11.75537	-0.08387867:14.80764:-37.9715	Grasped	CupLeft	
-2.293945:4.21875:-12.30029	-1.155762:6.925781:-10.9292	-0.01757813:6.596191:-17.01123	-3.309082:7.945313:-11.75537	-0.09267702:14.80708:-37.9726	Grasped	CupLeft	
-2.293945:4.21875:-12.30029	-1.155762:6.925781:-10.9292	-0.01757813:6.596191:-17.01123	-3.309082:7.945313:-11.75537	-0.09357539:14.80734:-37.97256	Grasped	CupLeft	
-2.293945:4.21875:-12.30029	-1.155762:6.925781:-10.9292	-0.01757813:6.596191:-17.01123	-3.309082:7.945313:-11.75537	-0.1051438:14.79165:-37.93017	Grasped	CupLeft	
-2.654297:4.223145:-12.25195	-1.894043:7.057617:-10.86328	-0.4790039:6.824707:-16.93213	-4.047363:7.795898:-11.74219	-0.1028276:14.79168:-37.92951	Grasped	CupLeft	
-2.654297:4.223145:-12.25195	-1.894043:7.057617:-10.86328	-0.4790039:6.824707:-16.93213	-4.047363:7.795898:-11.74219	-0.1176075:14.76797:-37.86672	Grasped	CupLeft	
-2.654297:4.223145:-12.25195	-1.894043:7.057617:-10.86328	-0.4790039:6.824707:-16.93213	-4.047363:7.795898:-11.74219	-0.1347724:14.74861:-37.81409	Grasped	CupLeft	
-2.654297:4.223145:-12.25195	-1.894043:7.057617:-10.86328	-0.4790039:6.824707:-16.93213	-4.047363:7.795898:-11.74219	-0.0971435:14.79536:-37.93849	Grasped	CupLeft	
-2.917969:4.148438:-12.19043	-2.562012:7.066406:-10.771	-0.9360352:7.013672:-16.83105	-4.737305:7.49707:-11.69385	-0.1270493:14.73204:-37.77697	Grasped	CupLeft	
-2.917969:4.148438:-12.19043	-2.562012:7.066406:-10.771	-0.9360352:7.013672:-16.83105	-4.737305:7.49707:-11.69385	-0.09019817:14.77761:-37.89076	Grasped	CupLeft	
-2.917969:4.148438:-12.19043	-2.562012:7.066406:-10.771	-0.9360352:7.013672:-16.83105	-4.737305:7.49707:-11.69385	-0.07686:14.80734:-37.9614	Grasped	CupLeft	
-3.071777:4.08252:-12.08936	-3.062988:7.057617:-10.67432	-1.313965:7.158691:-16.72559	-5.242676:7.207031:-11.64551	-0.1270109:14.72416:-37.7535	Grasped	CupLeft	
-3.071777:4.08252:-12.08936	-3.062988:7.057617:-10.67432	-1.313965:7.158691:-16.72559	-5.242676:7.207031:-11.64551	-0.1336864:14.71848:-37.73555	Grasped	CupLeft	
-3.071777:4.08252:-12.08936	-3.062988:7.057617:-10.67432	-1.313965:7.158691:-16.72559	-5.242676:7.207031:-11.64551	-0.09995745:14.77239:-37.87253	Grasped	CupLeft	
-3.133301:4.056152:-11.96631	-3.515625:7.03125:-10.59521	-1.634766:7.272949:-16.61133	-5.660156:6.877441:-11.61475	-0.09121023:14.79115:-37.91859	Grasped	CupLeft	
-3.133301:4.056152:-11.96631	-3.515625:7.03125:-10.59521	-1.634766:7.272949:-16.61133	-5.660156:6.877441:-11.61475	-0.150294:14.74643:-37.80203	Grasped	CupLeft	
-3.133301:4.056152:-11.96631	-3.515625:7.03125:-10.59521	-1.634766:7.272949:-16.61133	-5.660156:6.877441:-11.61475	-0.1335249:14.79434:-37.93636	Grasped	Default	
-3.133301:4.056152:-11.96631	-3.515625:7.03125:-10.59521	-1.634766:7.272949:-16.61133	-5.660156:6.877441:-11.61475	-0.1478003:14.76219:-37.84899	Grasped	CupLeft	
-3.146484:4.091309:-11.83447	-3.902344:7.035645:-10.5249	-1.907227:7.369629:-16.50586	-5.985352:6.591797:-11.59717	-0.1137218:14.80829:-37.97324	Grasped	CupLeft	
-3.146484:4.091309:-11.83447	-3.902344:7.035645:-10.5249	-1.907227:7.369629:-16.50586	-5.985352:6.591797:-11.59717	-0.2506108:14.62723:-37.47202	Grasped	Default	
-3.146484:4.091309:-11.83447	-3.902344:7.035645:-10.5249	-1.907227:7.369629:-16.50586	-5.985352:6.591797:-11.59717	-0.3836303:14.48193:-37.03988	Grasped	Default	
-3.146484:4.091309:-11.83447	-3.902344:7.035645:-10.5249	-1.907227:7.369629:-16.50586	-5.985352:6.591797:-11.59717	-0.2096259:14.70161:-37.67091	Grasped	Default	
-3.203613:4.192383:-11.69385	-4.253906:7.083984:-10.46777	-2.140137:7.479492:-16.40039	-6.253418:6.416016:-11.58838	-0.1363569:14.79926:-37.9487	Grasped	Default	
-3.203613:4.192383:-11.69385	-4.253906:7.083984:-10.46777	-2.140137:7.479492:-16.40039	-6.253418:6.416016:-11.58838	-0.1610699:14.76251:-37.84222	Grasped	Default	
-3.203613:4.192383:-11.69385	-4.253906:7.083984:-10.46777	-2.140137:7.479492:-16.40039	-6.253418:6.416016:-11.58838	-0.1587147:14.74892:-37.80298	Grasped	Default	
-3.251953:4.337402:-11.55762	-4.526367:7.163086:-10.41504	-2.324707:7.602539:-16.30811	-6.455566:6.301758:-11.5752	-0.1828002:14.73893:-37.77409	Grasped	Default	
-3.251953:4.337402:-11.55762	-4.526367:7.163086:-10.41504	-2.324707:7.602539:-16.30811	-6.455566:6.301758:-11.5752	-0.1809906:14.75676:-37.82806	Grasped	Default	
-3.251953:4.337402:-11.55762	-4.526367:7.163086:-10.41504	-2.324707:7.602539:-16.30811	-6.455566:6.301758:-11.5752	-0.2379516:14.68474:-37.61963	Grasped	Default	
-3.251953:4.337402:-11.55762	-4.526367:7.163086:-10.41504	-2.324707:7.602539:-16.30811	-6.455566:6.301758:-11.5752	-0.2387723:14.66784:-37.57421	Grasped	Default	
-3.247559:4.521973:-11.4126	-4.785645:7.255371:-10.38428	-2.496094:7.716797:-16.22021	-6.61377:6.169922:-11.55322	-0.2509048:14.63945:-37.49669	Grasped	Default	
-3.247559:4.521973:-11.4126	-4.785645:7.255371:-10.38428	-2.496094:7.716797:-16.22021	-6.61377:6.169922:-11.55322	-0.2497153:14.63885:-37.49733	Grasped	Default	
-3.247559:4.521973:-11.4126	-4.785645:7.255371:-10.38428	-2.496094:7.716797:-16.22021	-6.61377:6.169922:-11.55322	-0.2567421:14.62679:-37.46539	Grasped	Default	
-3.269531:4.719727:-11.28516	-5.049316:7.36084:-10.3623	-2.663086:7.831055:-16.14551	-6.763184:6.046875:-11.52686	-0.2555234:14.62869:-37.47269	Grasped	Default	
-3.269531:4.719727:-11.28516	-5.049316:7.36084:-10.3623	-2.663086:7.831055:-16.14551	-6.763184:6.046875:-11.52686	-0.2613868:14.62068:-37.45004	Grasped	Default	
-3.269531:4.719727:-11.28516	-5.049316:7.36084:-10.3623	-2.663086:7.831055:-16.14551	-6.763184:6.046875:-11.52686	-0.2564049:14.62978:-37.47583	Grasped	Default	
-3.269531:4.719727:-11.28516	-5.049316:7.36084:-10.3623	-2.663086:7.831055:-16.14551	-6.763184:6.046875:-11.52686	-0.2654611:14.61766:-37.44255	Grasped	Default	
-3.392578:4.935059:-11.17969	-5.387695:7.470703:-10.37549	-2.882813:7.954102:-16.08398	-6.974121:5.980957:-11.52686	-0.2765309:14.60218:-37.39838	Grasped	Default	
-3.392578:4.935059:-11.17969	-5.387695:7.470703:-10.37549	-2.882813:7.954102:-16.08398	-6.974121:5.980957:-11.52686	-0.2805147:14.5959:-37.38388	Grasped	Default	
-3.392578:4.935059:-11.17969	-5.387695:7.470703:-10.37549	-2.882813:7.954102:-16.08398	-6.974121:5.980957:-11.52686	-0.3315288:14.52195:-37.18729	Grasped	Default	
-3.392578:4.935059:-11.17969	-5.387695:7.470703:-10.37549	-2.882813:7.954102:-16.08398	-6.974121:5.980957:-11.52686	-0.3420015:14.50838:-37.14962	Grasped	Default	
-3.590332:5.128418:-11.09619	-5.726074:7.558594:-10.39746	-3.137695:8.068359:-16.03564	-7.220215:5.937012:-11.54443	-0.3102747:14.55158:-37.26814	Grasped	Default	
-3.590332:5.128418:-11.09619	-5.726074:7.558594:-10.39746	-3.137695:8.068359:-16.03564	-7.220215:5.937012:-11.54443	-0.2842768:14.59095:-37.37351	Grasped	Bottle	
-3.590332:5.128418:-11.09619	-5.726074:7.558594:-10.39746	-3.137695:8.068359:-16.03564	-7.220215:5.937012:-11.54443	-0.2971982:14.5734:-37.32651	Grasped	Bottle	
-3.590332:5.128418:-11.09619	-5.726074:7.558594:-10.39746	-3.137695:8.068359:-16.03564	-7.220215:5.937012:-11.54443	-0.2856388:14.59338:-37.38171	Grasped	Bottle	
-3.761719:5.304199:-11.01709	-6.05127:7.624512:-10.40625	-3.353027:8.143066:-15.99609	-7.422363:5.862305:-11.53564	-0.3011968:14.56923:-37.31678	Grasped	Bottle	
-3.761719:5.304199:-11.01709	-6.05127:7.624512:-10.40625	-3.353027:8.143066:-15.99609	-7.422363:5.862305:-11.53564	-0.2973774:14.57133:-37.32209	Grasped	Bottle	
-3.761719:5.304199:-11.01709	-6.05127:7.624512:-10.40625	-3.353027:8.143066:-15.99609	-7.422363:5.862305:-11.53564	-0.2769021:14.59859:-37.39597	Grasped	Bottle	
-3.88916:5.400879:-10.96436	-6.270996:7.646484:-10.40625	-3.541992:8.191406:-15.96094	-7.580566:5.796387:-11.52246	-0.282626:14.59283:-37.37847	Grasped	Bottle	
-3.88916:5.400879:-10.96436	-6.270996:7.646484:-10.40625	-3.541992:8.191406:-15.96094	-7.580566:5.796387:-11.52246	-0.2906977:14.58858:-37.36346	Grasped	Bottle	
-3.88916:5.400879:-10.96436	-6.270996:7.646484:-10.40625	-3.541992:8.191406:-15.96094	-7.580566:5.796387:-11.52246	-0.2989809:14.5761:-37.33323	Grasped	Bottle	
-4.020996:5.444824:-10.93799	-6.46875:7.650879:-10.41504	-3.687012:8.200195:-15.93896	-7.721191:5.734863:-11.53564	-0.2708775:14.60441:-37.41608	Grasped	Bottle	
-4.020996:5.444824:-10.93799	-6.46875:7.650879:-10.41504	-3.687012:8.200195:-15.93896	-7.721191:5.734863:-11.53564	-0.2380648:14.64797:-37.52932	Grasped	Bottle	
-4.020996:5.444824:-10.93799	-6.46875:7.650879:-10.41504	-3.687012:8.200195:-15.93896	-7.721191:5.734863:-11.53564	-0.2803882:14.58802:-37.36666	Grasped	Bottle	
-4.020996:5.444824:-10.93799	-6.46875:7.650879:-10.41504	-3.687012:8.200195:-15.93896	-7.721191:5.734863:-11.53564	-0.2730452:14.59836:-37.39478	Grasped	Bottle	
-4.091309:5.427246:-10.92041	-6.609375:7.571777:-10.44141	-3.788086:8.165039:-15.93457	-7.795898:5.585449:-11.56201	-0.3062559:14.55491:-37.27941	Grasped	Bottle	
-4.091309:5.427246:-10.92041	-6.609375:7.571777:-10.44141	-3.788086:8.165039:-15.93457	-7.795898:5.585449:-11.56201	-0.2752615:14.59894:-37.39757	Grasped	Bottle	
-4.091309:5.427246:-10.92041	-6.609375:7.571777:-10.44141	-3.788086:8.165039:-15.93457	-7.795898:5.585449:-11.56201	-0.2727916:14.60691:-37.41914	Grasped	Bottle	
-4.091309:5.427246:-10.92041	-6.609375:7.571777:-10.44141	-3.788086:8.165039:-15.93457	-7.795898:5.585449:-11.56201	-0.2627143:14.62525:-37.4673	Grasped	Bottle	
-4.113281:5.396484:-10.91162	-6.692871:7.470703:-10.45898	-3.845215:8.103516:-15.92578	-7.82666:5.431641:-11.58398	-0.2779666:14.6063:-37.41504	Grasped	Bottle	
-4.113281:5.396484:-10.91162	-6.692871:7.470703:-10.45898	-3.845215:8.103516:-15.92578	-7.82666:5.431641:-11.58398	-0.2876695:14.59431:-37.38125	Grasped	Bottle	
-4.113281:5.396484:-10.91162	-6.692871:7.470703:-10.45898	-3.845215:8.103516:-15.92578	-7.82666:5.431641:-11.58398	-0.2807343:14.60283:-37.40471	Grasped	Bottle	
-4.113281:5.396484:-10.91162	-6.692871:7.470703:-10.45898	-3.845215:8.103516:-15.92578	-7.82666:5.431641:-11.58398	-0.2739022:14.613:-37.43233	Grasped	Bottle	
-4.108887:5.348145:-10.89404	-6.714844:7.387207:-10.4458	-3.867188:8.050781:-15.9126	-7.813477:5.321777:-11.5752	-0.2626475:14.62659:-37.4698	Grasped	Bottle	
-4.108887:5.348145:-10.89404	-6.714844:7.387207:-10.4458	-3.867188:8.050781:-15.9126	-7.813477:5.321777:-11.5752	-0.2889547:14.59299:-37.37512	Grasped	Bottle	
-4.108887:5.348145:-10.89404	-6.714844:7.387207:-10.4458	-3.867188:8.050781:-15.9126	-7.813477:5.321777:-11.5752	-0.2868186:14.59765:-37.38692	Grasped	Bottle	
-4.047363:5.29541:-10.86328	-6.697266:7.303711:-10.40186	-3.862793:8.006836:-15.87744	-7.756348:5.225098:-11.54004	-0.2794068:14.60727:-37.41475	Grasped	Bottle	
-4.047363:5.29541:-10.86328	-6.697266:7.303711:-10.40186	-3.862793:8.006836:-15.87744	-7.756348:5.225098:-11.54004	-0.2721416:14.61778:-37.44163	Grasped	Bottle	
-4.047363:5.29541:-10.86328	-6.697266:7.303711:-10.40186	-3.862793:8.006836:-15.87744	-7.756348:5.225098:-11.54004	-0.2478119:14.65018:-37.52962	Grasped	Bottle	
-4.047363:5.29541:-10.86328	-6.697266:7.303711:-10.40186	-3.862793:8.006836:-15.87744	-7.756348:5.225098:-11.54004	-0.2659136:14.62397:-37.46337	Grasped	Bottle	
-3.990234:5.299805:-10.82373	-6.670898:7.286133:-10.37109	-3.836426:7.984863:-15.83789	-7.699219:5.176758:-11.50928	-0.3158649:14.55536:-37.27872	Grasped	Bottle	
-3.990234:5.299805:-10.82373	-6.670898:7.286133:-10.37109	-3.836426:7.984863:-15.83789	-7.699219:5.176758:-11.50928	-0.2109955:14.68893:-37.6467	Grasped	Bottle	
-3.990234:5.299805:-10.82373	-6.670898:7.286133:-10.37109	-3.836426:7.984863:-15.83789	-7.699219:5.176758:-11.50928	-0.2517443:14.62807:-37.47678	Grasped	Bottle	
-3.990234:5.299805:-10.82373	-6.670898:7.286133:-10.37109	-3.836426:7.984863:-15.83789	-7.699219:5.176758:-11.50928	-0.2382833:14.63766:-37.50713	Grasped	Bottle	
-3.928711:5.326172:-10.78857	-6.640137:7.281738:-10.34912	-3.805664:7.998047:-15.80713	-7.646484:5.15918:-11.47852	-0.2531342:14.62881:-37.47874	Grasped	Bottle	
-3.928711:5.326172:-10.78857	-6.640137:7.281738:-10.34912	-3.805664:7.998047:-15.80713	-7.646484:5.15918:-11.47852	-0.2333996:14.66852:-37.58949	Grasped	Bottle	
-3.928711:5.326172:-10.78857	-6.640137:7.281738:-10.34912	-3.805664:7.998047:-15.80713	-7.646484:5.15918:-11.47852	-0.2444303:14.65613:-37.55454	Grasped	Bottle	
-3.897949:5.387695:-10.76221	-6.631348:7.321289:-10.33594	-3.788086:8.028809:-15.78516	-7.615723:5.189941:-11.46533	-0.2378164:14.66481:-37.5776	Grasped	Bottle	
-3.897949:5.387695:-10.76221	-6.631348:7.321289:-10.33594	-3.788086:8.028809:-15.78516	-7.615723:5.189941:-11.46533	-0.2333191:14.66932:-37.5905	Grasped	Bottle	
-3.897949:5.387695:-10.76221	-6.631348:7.321289:-10.33594	-3.788086:8.028809:-15.78516	-7.615723:5.189941:-11.46533	-0.2158401:14.68832:-37.64658	Grasped	Bottle	
-3.897949:5.387695:-10.76221	-6.631348:7.321289:-10.33594	-3.788086:8.028809:-15.78516	-7.615723:5.189941:-11.46533	-0.2138543:14.68869:-37.64905	Grasped	Bottle	
-3.897949:5.387695:-10.76221	-6.631348:7.321289:-10.33594	-3.788086:8.028809:-15.78516	-7.615723:5.189941:-11.46533	-0.2091083:14.69068:-37.65329	Grasped	Bottle	
-3.867188:5.475586:-10.74023	-6.635742:7.369629:-10.33154	-3.774902:8.081543:-15.77197	-7.589355:5.225098:-11.45654	-0.2135618:14.68232:-37.63264	Grasped	Bottle	
-3.867188:5.475586:-10.74023	-6.635742:7.369629:-10.33154	-3.774902:8.081543:-15.77197	-7.589355:5.225098:-11.45654	-0.2182347:14.67407:-37.61266	Grasped	Bottle	
-3.867188:5.475586:-10.74023	-6.635742:7.369629:-10.33154	-3.774902:8.081543:-15.77197	-7.589355:5.225098:-11.45654	-0.2339886:14.65568:-37.56164	Grasped	Bottle	
-3.858398:5.510742:-10.73584	-6.644531:7.382813:-10.33154	-3.779297:8.116699:-15.76758	-7.576172:5.229492:-11.46094	-0.2456429:14.64329:-37.52721	Grasped	Bottle	
-3.858398:5.510742:-10.73584	-6.644531:7.382813:-10.33154	-3.779297:8.116699:-15.76758	-7.576172:5.229492:-11.46094	-0.2332883:14.66291:-37.57729	Grasped	Bottle	
-3.858398:5.510742:-10.73584	-6.644531:7.382813:-10.33154	-3.779297:8.116699:-15.76758	-7.576172:5.229492:-11.46094	-0.2515841:14.63895:-37.51025	Grasped	Bottle	
-3.858398:5.510742:-10.73584	-6.644531:7.382813:-10.33154	-3.779297:8.116699:-15.76758	-7.576172:5.229492:-11.46094	-0.2453651:14.64806:-37.53428	Grasped	Bottle	
-3.858398:5.545898:-10.74023	-6.670898:7.391602:-10.34912	-3.79248:8.134277:-15.77637	-7.576172:5.216309:-11.47412	-0.2441225:14.6502:-37.53956	Grasped	Bottle	
-3.858398:5.545898:-10.74023	-6.670898:7.391602:-10.34912	-3.79248:8.134277:-15.77637	-7.576172:5.216309:-11.47412	-0.2772275:14.60372:-37.41495	Grasped	Bottle	
-3.858398:5.545898:-10.74023	-6.670898:7.391602:-10.34912	-3.79248:8.134277:-15.77637	-7.576172:5.216309:-11.47412	-0.2361794:14.65992:-37.5682	Grasped	Bottle	
-3.858398:5.545898:-10.74023	-6.670898:7.391602:-10.34912	-3.79248:8.134277:-15.77637	-7.576172:5.216309:-11.47412	-0.219816:14.68138:-37.62796	Grasped	Bottle	
-3.871582:5.550293:-10.75781	-6.70166:7.374023:-10.37109	-3.810059:8.138672:-15.78955	-7.59375:5.189941:-11.50049	-0.2190314:14.68297:-37.63229	Grasped	Bottle	
-3.871582:5.550293:-10.75781	-6.70166:7.374023:-10.37109	-3.810059:8.138672:-15.78955	-7.59375:5.189941:-11.50049	-0.2169065:14.68646:-37.64219	Grasped	Bottle	
-3.871582:5.550293:-10.75781	-6.70166:7.374023:-10.37109	-3.810059:8.138672:-15.78955	-7.59375:5.189941:-11.50049	-0.2170651:14.68812:-37.64566	Grasped	Bottle	
-3.897949:5.532715:-10.7666	-6.75:7.338867:-10.39307	-3.827637:8.125488:-15.80273	-7.624512:5.150391:-11.53564	-0.214812:14.69076:-37.65333	Grasped	Bottle	
-3.897949:5.532715:-10.7666	-6.75:7.338867:-10.39307	-3.827637:8.125488:-15.80273	-7.624512:5.150391:-11.53564	-0.2043466:14.70469:-37.6889	Grasped	Bottle	
-3.897949:5.532715:-10.7666	-6.75:7.338867:-10.39307	-3.827637:8.125488:-15.80273	-7.624512:5.150391:-11.53564	-0.199358:14.71362:-37.71182	Grasped	Bottle	
-3.897949:5.532715:-10.7666	-6.75:7.338867:-10.39307	-3.827637:8.125488:-15.80273	-7.624512:5.150391:-11.53564	-0.2085185:14.70079:-37.67856	Grasped	Bottle	
-3.915527:5.475586:-10.78857	-6.771973:7.268555:-10.40186	-3.849609:8.081543:-15.82031	-7.637695:5.066895:-11.55762	-0.2063873:14.7036:-37.68604	Grasped	Bottle	
-3.915527:5.475586:-10.78857	-6.771973:7.268555:-10.40186	-3.849609:8.081543:-15.82031	-7.637695:5.066895:-11.55762	-0.2134675:14.6924:-37.65974	Grasped	Bottle	
-3.915527:5.475586:-10.78857	-6.771973:7.268555:-10.40186	-3.849609:8.081543:-15.82031	-7.637695:5.066895:-11.55762	-0.2042452:14.70473:-37.69079	Grasped	Bottle	
-3.915527:5.387695:-10.80176	-6.776367:7.16748:-10.41504	-3.854004:8.01123:-15.8291	-7.637695:4.974609:-11.5752	-0.2187914:14.67888:-37.63132	Grasped	Bottle	
-3.915527:5.387695:-10.80176	-6.776367:7.16748:-10.41504	-3.854004:8.01123:-15.8291	-7.637695:4.974609:-11.5752	-0.1982008:14.70996:-37.70943	Grasped	Bottle	
