ThumbPosition	IndexPosition	PalmPosition	ObjectPosition	GazePosition	Annotations	GazeAnnotations	
-3.788086:1.788574:-27.10986	-1.911621:3.585938:-25.94971	1.423828:2.575195:-31.15723	0.9711914:8.072754:-12.03662	-0.01686431:14.78497:-36.81084	Start	Default	
-3.788086:1.788574:-27.10986	-1.911621:3.585938:-25.94971	1.423828:2.575195:-31.15723	0.9711914:8.072754:-12.03662	-0.01539661:14.78868:-36.90894	Start	Default	
-3.788086:1.788574:-27.10986	-1.911621:3.585938:-25.94971	1.423828:2.575195:-31.15723	0.9711914:8.072754:-12.03662	-0.01045126:14.78333:-36.85043	Start	Default	
-3.796875:1.819336:-27.11865	-1.911621:3.55957:-25.9585	1.423828:2.575195:-31.16162	0.9711914:8.072754:-12.03662	-0.004486818:14.77507:-36.73098	Start	Default	
-3.796875:1.819336:-27.11865	-1.911621:3.55957:-25.9585	1.423828:2.575195:-31.16162	0.9711914:8.072754:-12.03662	0.005604818:14.75679:-36.46688	Start	Default	
-3.796875:1.819336:-27.11865	-1.911621:3.55957:-25.9585	1.423828:2.575195:-31.16162	0.9711914:8.072754:-12.03662	0.002371162:14.7645:-36.59164	Start	Default	
-3.796875:1.819336:-27.11865	-1.911621:3.55957:-25.9585	1.423828:2.575195:-31.16162	0.9711914:8.072754:-12.03662	-0.009666227:14.78442:-36.89769	Start	Default	
-3.814453:1.775391:-27.10986	-1.946777:3.55957:-25.98047	1.428223:2.570801:-31.16602	0.9711914:8.072754:-12.03662	-0.01548456:14.78522:-36.90417	Start	Default	
-3.814453:1.775391:-27.10986	-1.946777:3.55957:-25.98047	1.428223:2.570801:-31.16602	0.9711914:8.072754:-12.03662	-0.01099201:14.77572:-36.73246	Start	Default	
-3.814453:1.775391:-27.10986	-1.946777:3.55957:-25.98047	1.428223:2.570801:-31.16602	0.9711914:8.072754:-12.03662	-0.005804021:14.76471:-36.54676	Start	Default	
-3.84082:1.713867:-27.10986	-2.021484:3.581543:-25.96289	1.428223:2.570801:-31.17041	0.9711914:8.072754:-12.03662	-0.01155294:14.77407:-36.72075	Start	Default	
-3.84082:1.713867:-27.10986	-2.021484:3.581543:-25.96289	1.428223:2.570801:-31.17041	0.9711914:8.072754:-12.03662	-0.009397872:14.7684:-36.60844	Start	Default	
-3.84082:1.713867:-27.10986	-2.021484:3.581543:-25.96289	1.428223:2.570801:-31.17041	0.9711914:8.072754:-12.03662	-0.007434212:14.76126:-36.51074	Start	Default	
-3.84082:1.713867:-27.10986	-2.021484:3.581543:-25.96289	1.428223:2.570801:-31.17041	0.9711914:8.072754:-12.03662	-0.0121724:14.78718:-36.97546	Start	Default	
-3.810059:1.656738:-27.08789	-2.034668:3.55957:-25.9585	1.432617:2.57959:-31.17041	0.9711914:8.072754:-12.03662	0.03250242:14.74986:-37.50379	Start	Default	
-3.810059:1.656738:-27.08789	-2.034668:3.55957:-25.9585	1.432617:2.57959:-31.17041	0.9711914:8.072754:-12.03662	0.0288589:14.61006:-36.98906	Start	Default	
-3.810059:1.656738:-27.08789	-2.034668:3.55957:-25.9585	1.432617:2.57959:-31.17041	0.9711914:8.072754:-12.03662	0.02467542:14.63285:-37.33129	Start	Bottle	
-3.810059:1.652344:-27.06152	-2.043457:3.493652:-25.98486	1.432617:2.597168:-31.1792	0.9711914:8.072754:-12.03662	0.04846212:14.43896:-36.75755	Start	Bottle	
-3.810059:1.652344:-27.06152	-2.043457:3.493652:-25.98486	1.432617:2.597168:-31.1792	0.9711914:8.072754:-12.03662	0.01783434:14.66044:-37.47762	Start	Bottle	
-3.810059:1.652344:-27.06152	-2.043457:3.493652:-25.98486	1.432617:2.597168:-31.1792	0.9711914:8.072754:-12.03662	0.01147023:14.6352:-37.38771	Start	Bottle	
-3.810059:1.652344:-27.06152	-2.043457:3.493652:-25.98486	1.432617:2.597168:-31.1792	0.9711914:8.072754:-12.03662	0.0174102:14.6226:-37.3685	Start	Bottle	
-3.814453:1.573242:-27.06592	-2.061035:3.432129:-26.0376	1.437012:2.601563:-31.18799	0.9711914:8.072754:-12.03662	0.01834757:14.63149:-37.41243	Start	Bottle	
-3.814453:1.573242:-27.06592	-2.061035:3.432129:-26.0376	1.437012:2.601563:-31.18799	0.9711914:8.072754:-12.03662	0.005701935:14.63992:-37.42896	Start	Bottle	
-3.814453:1.573242:-27.06592	-2.061035:3.432129:-26.0376	1.437012:2.601563:-31.18799	0.9711914:8.072754:-12.03662	-0.0003154669:14.67425:-37.54738	Start	Bottle	
-3.98584:1.300781:-27.02197	-2.052246:3.32666:-26.01563	1.423828:2.66748:-31.1748	0.9711914:8.072754:-12.03662	-0.02792206:14.79619:-37.92549	Start	Bottle	
-3.98584:1.300781:-27.02197	-2.052246:3.32666:-26.01563	1.423828:2.66748:-31.1748	0.9711914:8.072754:-12.03662	-0.01505749:14.76468:-37.8359	Start	Bottle	
-3.98584:1.300781:-27.02197	-2.052246:3.32666:-26.01563	1.423828:2.66748:-31.1748	0.9711914:8.072754:-12.03662	-0.03259043:14.81614:-37.98464	Start	Bottle	
-3.98584:1.300781:-27.02197	-2.052246:3.32666:-26.01563	1.423828:2.66748:-31.1748	0.9711914:8.072754:-12.03662	-0.03764309:14.80125:-37.93891	Start	Bottle	
-3.849609:1.87207:-26.80664	-2.228027:3.150879:-25.9585	1.472168:3.212402:-30.7749	0.9711914:8.072754:-12.03662	-0.03088542:14.81443:-37.98144	Start	Bottle	
-3.849609:1.87207:-26.80664	-2.228027:3.150879:-25.9585	1.472168:3.212402:-30.7749	0.9711914:8.072754:-12.03662	-0.01729047:14.77821:-37.88572	Start	Bottle	
-3.849609:1.87207:-26.80664	-2.228027:3.150879:-25.9585	1.472168:3.212402:-30.7749	0.9711914:8.072754:-12.03662	-0.01984192:14.69941:-37.67855	Start	Bottle	
-3.849609:1.87207:-26.80664	-2.228027:3.150879:-25.9585	1.472168:3.212402:-30.7749	0.9711914:8.072754:-12.03662	-0.02090017:14.7503:-37.82137	Start	Bottle	
-3.691406:3.27832:-26.34521	-2.078613:2.843262:-25.1499	1.564453:4.012207:-29.81689	0.9711914:8.072754:-12.03662	-0.02661021:14.77314:-37.89217	Start	Bottle	
-3.691406:3.27832:-26.34521	-2.078613:2.843262:-25.1499	1.564453:4.012207:-29.81689	0.9711914:8.072754:-12.03662	-0.02295345:14.73951:-37.78913	Start	Bottle	
-3.691406:3.27832:-26.34521	-2.078613:2.843262:-25.1499	1.564453:4.012207:-29.81689	0.9711914:8.072754:-12.03662	-0.02172638:14.71924:-37.72856	Start	Bottle	
-3.388184:3.322266:-25.40479	-1.696289:2.935547:-23.57227	1.467773:4.820801:-28.64795	0.9711914:8.072754:-12.03662	-0.02125919:14.73748:-37.78477	Start	Bottle	
-3.388184:3.322266:-25.40479	-1.696289:2.935547:-23.57227	1.467773:4.820801:-28.64795	0.9711914:8.072754:-12.03662	-0.02690609:14.72467:-37.74458	Start	Bottle	
-3.388184:3.322266:-25.40479	-1.696289:2.935547:-23.57227	1.467773:4.820801:-28.64795	0.9711914:8.072754:-12.03662	-0.01276601:14.69406:-37.67231	Start	Bottle	
-3.388184:3.322266:-25.40479	-1.696289:2.935547:-23.57227	1.467773:4.820801:-28.64795	0.9711914:8.072754:-12.03662	-0.01469141:14.7506:-37.82673	Start	Bottle	
-3.379395:3.348633:-24.08203	-1.30957:3.621094:-21.82764	1.327148:5.519531:-27.39111	0.9711914:8.072754:-12.03662	-0.005125018:14.7302:-37.77036	ReachForBottle	Bottle	
-3.379395:3.348633:-24.08203	-1.30957:3.621094:-21.82764	1.327148:5.519531:-27.39111	0.9711914:8.072754:-12.03662	-0.01092857:14.79732:-37.95211	ReachForBottle	Bottle	
-3.379395:3.348633:-24.08203	-1.30957:3.621094:-21.82764	1.327148:5.519531:-27.39111	0.9711914:8.072754:-12.03662	-0.00190476:14.72274:-37.74863	ReachForBottle	Bottle	
-3.313477:3.638672:-22.37256	-0.8833008:4.420898:-20.0127	1.190918:5.950195:-26.01563	0.9711914:8.072754:-12.03662	-0.001044283:14.70859:-37.73137	ReachForBottle	Bottle	
-3.313477:3.638672:-22.37256	-0.8833008:4.420898:-20.0127	1.190918:5.950195:-26.01563	0.9711914:8.072754:-12.03662	-0.007098725:14.75036:-37.8382	ReachForBottle	Bottle	
-3.313477:3.638672:-22.37256	-0.8833008:4.420898:-20.0127	1.190918:5.950195:-26.01563	0.9711914:8.072754:-12.03662	-0.07954451:14.81887:-38.0106	ReachForBottle	Bottle	
-3.313477:3.638672:-22.37256	-0.8833008:4.420898:-20.0127	1.190918:5.950195:-26.01563	0.9711914:8.072754:-12.03662	-0.08070982:14.81793:-38.01096	ReachForBottle	Bottle	
-2.966309:3.845215:-20.71582	-0.3208008:4.794434:-18.41748	1.098633:6.104004:-24.70605	0.9711914:8.072754:-12.03662	-0.0815634:14.81888:-38.01003	ReachForBottle	Bottle	
-2.966309:3.845215:-20.71582	-0.3208008:4.794434:-18.41748	1.098633:6.104004:-24.70605	0.9711914:8.072754:-12.03662	-0.08263589:14.81772:-38.00802	ReachForBottle	Bottle	
-2.966309:3.845215:-20.71582	-0.3208008:4.794434:-18.41748	1.098633:6.104004:-24.70605	0.9711914:8.072754:-12.03662	-0.08140199:14.80663:-37.97569	ReachForBottle	Bottle	
-2.966309:3.845215:-20.71582	-0.3208008:4.794434:-18.41748	1.098633:6.104004:-24.70605	0.9711914:8.072754:-12.03662	-0.03287739:14.7888:-37.93374	ReachForBottle	Bottle	
-2.636719:3.845215:-19.19971	0.355957:4.754883:-17.05518	1.111816:6.134766:-23.45361	0.9711914:8.072754:-12.03662	-0.01264781:14.72868:-37.80172	ReachForBottle	Bottle	
-2.636719:3.845215:-19.19971	0.355957:4.754883:-17.05518	1.111816:6.134766:-23.45361	0.9711914:8.072754:-12.03662	-0.01054829:14.71764:-37.7979	ReachForBottle	Bottle	
-2.636719:3.845215:-19.19971	0.355957:4.754883:-17.05518	1.111816:6.134766:-23.45361	0.9711914:8.072754:-12.03662	-0.01728838:14.81108:-38.00731	ReachForBottle	Bottle	
-2.157715:3.810059:-17.8374	1.195313:4.64502:-15.94775	1.182129:6.068848:-22.3418	0.9711914:8.072754:-12.03662	-0.01527742:14.74929:-37.87171	ReachForBottle	Bottle	
-2.157715:3.810059:-17.8374	1.195313:4.64502:-15.94775	1.182129:6.068848:-22.3418	0.9711914:8.072754:-12.03662	-0.01361714:14.69157:-37.72594	ReachForBottle	Bottle	
-2.157715:3.810059:-17.8374	1.195313:4.64502:-15.94775	1.182129:6.068848:-22.3418	0.9711914:8.072754:-12.03662	-0.084427:14.70961:-37.72828	ReachForBottle	Bottle	
-2.157715:3.810059:-17.8374	1.195313:4.64502:-15.94775	1.182129:6.068848:-22.3418	0.9711914:8.072754:-12.03662	-0.08097654:14.77866:-37.91816	ReachForBottle	Bottle	
-1.902832:3.963867:-16.65967	1.933594:4.614258:-15.06006	1.226074:5.90625:-21.33105	0.9711914:8.072754:-12.03662	-0.0858584:14.70027:-37.69812	ReachForBottle	Bottle	
-1.902832:3.963867:-16.65967	1.933594:4.614258:-15.06006	1.226074:5.90625:-21.33105	0.9711914:8.072754:-12.03662	-0.083289:14.66266:-37.60809	ReachForBottle	Bottle	
-1.902832:3.963867:-16.65967	1.933594:4.614258:-15.06006	1.226074:5.90625:-21.33105	0.9711914:8.072754:-12.03662	-0.07653126:14.80828:-37.9953	ReachForBottle	Bottle	
-1.902832:3.963867:-16.65967	1.933594:4.614258:-15.06006	1.226074:5.90625:-21.33105	0.9711914:8.072754:-12.03662	-0.04421392:14.34445:-36.73136	ReachForBottle	Bottle	
-1.819336:4.069336:-15.64014	2.48291:4.64502:-14.44482	1.186523:5.682129:-20.52246	0.9711914:8.072754:-12.03662	-0.08017209:14.80655:-37.99273	ReachForBottle	Bottle	
-1.819336:4.069336:-15.64014	2.48291:4.64502:-14.44482	1.186523:5.682129:-20.52246	0.9711914:8.072754:-12.03662	-0.08133337:14.75738:-37.85233	ReachForBottle	Bottle	
-1.819336:4.069336:-15.64014	2.48291:4.64502:-14.44482	1.186523:5.682129:-20.52246	0.9711914:8.072754:-12.03662	-0.08039589:14.71245:-37.72928	ReachForBottle	Bottle	
-1.713867:4.069336:-14.79199	2.94873:4.583496:-13.99658	1.111816:5.414063:-19.81055	0.9711914:8.072754:-12.03662	-0.08136042:14.75355:-37.84002	ReachForBottle	Bottle	
-1.713867:4.069336:-14.79199	2.94873:4.583496:-13.99658	1.111816:5.414063:-19.81055	0.9711914:8.072754:-12.03662	-0.0648219:14.5749:-37.35739	ReachForBottle	Bottle	
-1.713867:4.069336:-14.79199	2.94873:4.583496:-13.99658	1.111816:5.414063:-19.81055	0.9711914:8.072754:-12.03662	-0.002611542:14.6595:-37.61354	ReachForBottle	Bottle	
-1.665527:3.999023:-14.11084	3.177246:4.385742:-13.57471	1.054688:5.102051:-19.2041	0.9711914:8.072754:-12.03662	-0.01466689:14.73781:-37.80422	ReachForBottle	Bottle	
-1.665527:3.999023:-14.11084	3.177246:4.385742:-13.57471	1.054688:5.102051:-19.2041	0.9711914:8.072754:-12.03662	-0.01093029:14.72767:-37.78018	ReachForBottle	Bottle	
-1.665527:3.999023:-14.11084	3.177246:4.385742:-13.57471	1.054688:5.102051:-19.2041	0.9711914:8.072754:-12.03662	-0.05363388:14.77997:-37.91456	ReachForBottle	Bottle	
-1.665527:3.999023:-14.11084	3.177246:4.385742:-13.57471	1.054688:5.102051:-19.2041	0.9711914:8.072754:-12.03662	-0.08024392:14.70901:-37.70685	ReachForBottle	Bottle	
-1.691895:3.814453:-13.59229	3.155273:4.161621:-13.10449	0.9711914:4.746094:-18.68115	0.9711914:8.072754:-12.03662	-0.08449958:14.67224:-37.59535	ReachForBottle	Bottle	
-1.691895:3.814453:-13.59229	3.155273:4.161621:-13.10449	0.9711914:4.746094:-18.68115	0.9711914:8.072754:-12.03662	-0.08335146:14.74471:-37.80478	ReachForBottle	Bottle	
-1.691895:3.814453:-13.59229	3.155273:4.161621:-13.10449	0.9711914:4.746094:-18.68115	0.9711914:8.072754:-12.03662	-0.08560076:14.73877:-37.78624	ReachForBottle	Bottle	
-1.691895:3.814453:-13.59229	3.155273:4.161621:-13.10449	0.9711914:4.746094:-18.68115	0.9711914:8.072754:-12.03662	-0.08556205:14.76042:-37.84282	ReachForBottle	Bottle	
-1.661133:3.555176:-13.13525	2.975098:4.003418:-12.57715	0.8964844:4.438477:-18.27246	0.9711914:8.072754:-12.03662	-0.08319133:14.67867:-37.62397	ReachForBottle	Bottle	
-1.661133:3.555176:-13.13525	2.975098:4.003418:-12.57715	0.8964844:4.438477:-18.27246	0.9711914:8.072754:-12.03662	-0.09023239:14.7562:-37.82103	ReachForBottle	Bottle	
-1.661133:3.555176:-13.13525	2.975098:4.003418:-12.57715	0.8964844:4.438477:-18.27246	0.9711914:8.072754:-12.03662	-0.0220188:14.76238:-37.85955	ReachForBottle	Bottle	
-1.546875:3.304688:-12.74854	2.891602:3.906738:-12.24316	0.8041992:4.205566:-17.94727	0.9711914:8.068359:-12.02783	-0.01675547:14.6556:-37.57564	ReachForBottle	Bottle	
-1.546875:3.304688:-12.74854	2.891602:3.906738:-12.24316	0.8041992:4.205566:-17.94727	0.9711914:8.068359:-12.02783	-0.03022492:14.68874:-37.65898	ReachForBottle	Bottle	
-1.546875:3.304688:-12.74854	2.891602:3.906738:-12.24316	0.8041992:4.205566:-17.94727	0.9711914:8.068359:-12.02783	-0.03601289:14.67828:-37.62782	ReachForBottle	Bottle	
-1,327148,3,194824,-12,40576,	2,856445,3,832031,-11,93994,	0,8129883,4,020996,-17,66602,	0,9360352,8,050781,-11,91357,	-0,04818549,14,6945,-37,66513,	ReachForBottle	Bottle	
-1,327148,3,194824,-12,40576,	2,856445,3,832031,-11,93994,	0,8129883,4,020996,-17,66602,	0,9360352,8,050781,-11,91357,	-0,06560157,14,69893,-37,6689,	ReachForBottle	Bottle	
-1,327148,3,194824,-12,40576,	2,856445,3,832031,-11,93994,	0,8129883,4,020996,-17,66602,	0,9360352,8,050781,-11,91357,	-0,06564532,14,69749,-37,66442,	ReachForBottle	Bottle	
-1,327148,3,194824,-12,40576,	2,856445,3,832031,-11,93994,	0,8129883,4,020996,-17,66602,	0,9360352,8,050781,-11,91357,	-0,04516184,14,67607,-37,6196,	ReachForBottle	Bottle	
-0.8876953:3.146484:-12.09814	2.86084:3.730957:-11.71582	0.8876953:3.919922:-17.45947	0.9316406:8.046387:-11.86084	-0.08081924:14.7086:-37.69462	Grasped	Bottle	
-0.8876953:3.146484:-12.09814	2.86084:3.730957:-11.71582	0.8876953:3.919922:-17.45947	0.9316406:8.046387:-11.86084	-0.09007946:14.69988:-37.66586	Grasped	Bottle	
-0.8876953:3.146484:-12.09814	2.86084:3.730957:-11.71582	0.8876953:3.919922:-17.45947	0.9316406:8.046387:-11.86084	-0.08981474:14.69897:-37.66051	Grasped	Bottle	
-0.6723633:3.076172:-11.93994	2.737793:3.660645:-11.51807	0.9799805:3.871582:-17.31885	0.9492188:8.037598:-11.79492	-0.08195874:14.70441:-37.67914	Grasped	Bottle	
-0.6723633:3.076172:-11.93994	2.737793:3.660645:-11.51807	0.9799805:3.871582:-17.31885	0.9492188:8.037598:-11.79492	-0.05705928:14.65954:-37.56559	Grasped	Bottle	
-0.6723633:3.076172:-11.93994	2.737793:3.660645:-11.51807	0.9799805:3.871582:-17.31885	0.9492188:8.037598:-11.79492	-0.05175164:14.71909:-37.72359	Grasped	Bottle	
-0.6723633:3.076172:-11.93994	2.737793:3.660645:-11.51807	0.9799805:3.871582:-17.31885	0.9492188:8.037598:-11.79492	-0.04823322:14.74241:-37.78786	Grasped	Bottle	
-0.6767578:3.058594:-11.90918	2.522461:3.590332:-11.46094	1.072266:3.875977:-17.26611	0.9448242:8.033203:-11.75977	-0.0276957:14.76188:-37.84696	Grasped	Bottle	
-0.6767578:3.058594:-11.90918	2.522461:3.590332:-11.46094	1.072266:3.875977:-17.26611	0.9448242:8.033203:-11.75977	-0.02365468:14.74286:-37.80638	Grasped	Bottle	
-0.6767578:3.058594:-11.90918	2.522461:3.590332:-11.46094	1.072266:3.875977:-17.26611	0.9448242:8.033203:-11.75977	-0.03388941:14.76744:-37.86898	Grasped	Bottle	
-0.6767578:3.058594:-11.90918	2.522461:3.590332:-11.46094	1.072266:3.875977:-17.26611	0.9448242:8.033203:-11.75977	-0.0327507:14.79917:-37.95845	Grasped	Bottle	
-0.6987305:3.089355:-12.01465	2.329102:3.555176:-11.58838	1.146973:3.950684:-17.32764	0.8920898:8.063965:-11.94873	-0.04258448:14.79104:-37.96389	Grasped	Default	
-0.6987305:3.089355:-12.01465	2.329102:3.555176:-11.58838	1.146973:3.950684:-17.32764	0.8920898:8.063965:-11.94873	-0.1096269:14.79458:-37.96171	Grasped	Default	
-0.6987305:3.089355:-12.01465	2.329102:3.555176:-11.58838	1.146973:3.950684:-17.32764	0.8920898:8.063965:-11.94873	-0.1172844:14.79023:-37.96486	Grasped	Default	
-0.6987305:3.089355:-12.01465	2.329102:3.555176:-11.58838	1.146973:3.950684:-17.32764	0.8920898:8.063965:-11.94873	-0.1303747:14.62099:-37.71492	Grasped	Default	
-0.7822266:3.199219:-12.25195	2.162109:3.673828:-11.83887	1.164551:4.020996:-17.53857	0.8525391:8.15625:-12.19043	-0.1758604:14.56904:-37.62329	Grasped	Default	
-0.7822266:3.199219:-12.25195	2.162109:3.673828:-11.83887	1.164551:4.020996:-17.53857	0.8525391:8.15625:-12.19043	-0.09925483:14.74496:-37.90984	Grasped	Default	
-0.7822266:3.199219:-12.25195	2.162109:3.673828:-11.83887	1.164551:4.020996:-17.53857	0.8525391:8.15625:-12.19043	-0.1112007:14.78518:-37.97145	Grasped	Default	
-1.125:3.427734:-12.66064	1.766602:3.928711:-12.19482	1.037109:4.108887:-17.89014	0.5185547:8.397949:-12.65625	-0.1174474:14.76502:-37.93995	Grasped	Default	
-1.125:3.427734:-12.66064	1.766602:3.928711:-12.19482	1.037109:4.108887:-17.89014	0.5185547:8.397949:-12.65625	-0.1848449:14.65064:-37.7544	Grasped	Default	
-1.125:3.427734:-12.66064	1.766602:3.928711:-12.19482	1.037109:4.108887:-17.89014	0.5185547:8.397949:-12.65625	-0.1087714:14.78389:-37.97343	Grasped	Default	
-1.731445:3.717773:-13.1792	1.116211:4.249512:-12.58594	0.7338867:4.293457:-18.28125	-0.04394531:8.692383:-13.16162	-0.1345434:14.72213:-37.88277	Grasped	Default	
-1.731445:3.717773:-13.1792	1.116211:4.249512:-12.58594	0.7338867:4.293457:-18.28125	-0.04394531:8.692383:-13.16162	-0.1449615:14.71085:-37.85391	Grasped	Default	
-1.731445:3.717773:-13.1792	1.116211:4.249512:-12.58594	0.7338867:4.293457:-18.28125	-0.04394531:8.692383:-13.16162	-0.1342675:14.73735:-37.90234	Grasped	Default	
-1.731445:3.717773:-13.1792	1.116211:4.249512:-12.58594	0.7338867:4.293457:-18.28125	-0.04394531:8.692383:-13.16162	-0.1531207:14.65226:-37.78062	Grasped	Default	
-1.731445:3.717773:-13.1792	1.116211:4.249512:-12.58594	0.7338867:4.293457:-18.28125	-0.04394531:8.692383:-13.16162	-0.1026708:14.73539:-37.89543	Grasped	Default	
-2.540039:4.069336:-13.75928	0.2768555:4.561523:-12.98584	0.28125:4.526367:-18.69873	-0.7734375:9.004395:-13.64063	-0.1008776:14.72104:-37.8779	Grasped	Default	
-2.540039:4.069336:-13.75928	0.2768555:4.561523:-12.98584	0.28125:4.526367:-18.69873	-0.7734375:9.004395:-13.64063	-0.09294132:14.73489:-37.89943	Grasped	Default	
-2.540039:4.069336:-13.75928	0.2768555:4.561523:-12.98584	0.28125:4.526367:-18.69873	-0.7734375:9.004395:-13.64063	-0.09599391:14.72619:-37.89304	Grasped	Default	
-3.440918:4.376953:-14.36133	-0.6591797:4.864746:-13.41211	-0.2724609:4.746094:-19.12061	-1.643555:9.290039:-14.13281	-0.1135364:14.69176:-37.83762	Grasped	Default	
-3.440918:4.376953:-14.36133	-0.6591797:4.864746:-13.41211	-0.2724609:4.746094:-19.12061	-1.643555:9.290039:-14.13281	-0.1160676:14.6939:-37.84146	Grasped	Default	
-3.440918:4.376953:-14.36133	-0.6591797:4.864746:-13.41211	-0.2724609:4.746094:-19.12061	-1.643555:9.290039:-14.13281	-0.1075313:14.74425:-37.91228	Grasped	Default	
-3.440918:4.376953:-14.36133	-0.6591797:4.864746:-13.41211	-0.2724609:4.746094:-19.12061	-1.643555:9.290039:-14.13281	-0.1206437:14.73845:-37.9043	Grasped	Default	
-4.372559:4.561523:-14.97656	-1.665527:5.106445:-13.82959	-0.8920898:4.92627:-19.5293	-2.62793:9.505371:-14.63379	-0.1268842:14.7289:-37.88908	Grasped	Default	
-4.372559:4.561523:-14.97656	-1.665527:5.106445:-13.82959	-0.8920898:4.92627:-19.5293	-2.62793:9.505371:-14.63379	-0.1479594:14.6902:-37.82965	Grasped	Default	
-4.372559:4.561523:-14.97656	-1.665527:5.106445:-13.82959	-0.8920898:4.92627:-19.5293	-2.62793:9.505371:-14.63379	-0.1390609:14.709:-37.86123	Grasped	Default	
-4.372559:4.561523:-14.97656	-1.665527:5.106445:-13.82959	-0.8920898:4.92627:-19.5293	-2.62793:9.505371:-14.63379	-0.1301168:14.7338:-37.89751	Grasped	Default	
-5.176758:4.653809:-15.48193	-2.562012:5.211914:-14.19873	-1.489746:5.049316:-19.87646	-3.498047:9.602051:-15.04248	-0.1371803:14.72138:-37.87889	Grasped	Default	
-5.176758:4.653809:-15.48193	-2.562012:5.211914:-14.19873	-1.489746:5.049316:-19.87646	-3.498047:9.602051:-15.04248	-0.1838976:14.63915:-37.73399	Grasped	Default	
-5.176758:4.653809:-15.48193	-2.562012:5.211914:-14.19873	-1.489746:5.049316:-19.87646	-3.498047:9.602051:-15.04248	-0.205261:14.59729:-37.6656	Grasped	Default	
