ThumbPosition	IndexPosition	PalmPosition	ObjectPosition	GazePosition	Annotations	GazeAnnotations	
-2.487305:3.651855:-26.57813	0.7602539:1.661133:-23.8667	0.9755859:2.122559:-30.72656	1.353516:8.028809:-11.76416	-0.4754857:14.99895:-37.94939	Start	Default	
-2.487305:3.651855:-26.57813	0.7602539:1.661133:-23.8667	0.9755859:2.122559:-30.72656	1.353516:8.028809:-11.76416	-0.48525:14.99708:-37.95454	Start	Default	
-2.469727:3.585938:-26.56055	0.777832:1.665527:-23.87549	0.9799805:2.118164:-30.73096	1.353516:8.028809:-11.76416	-0.4871415:14.99621:-37.95458	Start	Default	
-2.469727:3.585938:-26.56055	0.777832:1.665527:-23.87549	0.9799805:2.118164:-30.73096	1.353516:8.028809:-11.76416	-0.4868964:14.99615:-37.9542	Start	Default	
-2.469727:3.585938:-26.56055	0.777832:1.665527:-23.87549	0.9799805:2.118164:-30.73096	1.353516:8.028809:-11.76416	-0.4851632:14.99607:-37.94613	Start	Default	
-2.452148:3.555176:-26.56494	0.7822266:1.674316:-23.87988	0.9799805:2.118164:-30.73096	1.35791:8.028809:-11.76855	-0.4864612:14.99595:-37.94506	Start	Default	
-2.452148:3.555176:-26.56494	0.7822266:1.674316:-23.87988	0.9799805:2.118164:-30.73096	1.35791:8.028809:-11.76855	-0.4861928:14.99558:-37.95	Start	Default	
-2.452148:3.555176:-26.56494	0.7822266:1.674316:-23.87988	0.9799805:2.118164:-30.73096	1.35791:8.028809:-11.76855	-0.4857174:14.99605:-37.94717	Start	Default	
-2.452148:3.555176:-26.56494	0.7822266:1.674316:-23.87988	0.9799805:2.118164:-30.73096	1.35791:8.028809:-11.76855	-0.4860313:14.99591:-37.94926	Start	Default	
-2.416992:3.537598:-26.56055	0.7866211:1.665527:-23.89307	0.9755859:2.126953:-30.73096	1.353516:8.028809:-11.76855	-0.4845587:14.99557:-37.93973	Start	Default	
-2.416992:3.537598:-26.56055	0.7866211:1.665527:-23.89307	0.9755859:2.126953:-30.73096	1.353516:8.028809:-11.76855	-0.483377:14.99624:-37.95926	Start	Default	
-2.416992:3.537598:-26.56055	0.7866211:1.665527:-23.89307	0.9755859:2.126953:-30.73096	1.353516:8.028809:-11.76855	-0.4602526:15.00044:-37.95697	Start	Default	
-2.245605:3.502441:-26.61328	0.7734375:1.661133:-23.9458	0.9755859:2.131348:-30.72656	1.353516:8.028809:-11.76855	-0.4448674:15.00288:-37.96134	Start	Default	
-2.245605:3.502441:-26.61328	0.7734375:1.661133:-23.9458	0.9755859:2.131348:-30.72656	1.353516:8.028809:-11.76855	-0.4216198:15.00304:-37.8793	Start	Default	
-2.245605:3.502441:-26.61328	0.7734375:1.661133:-23.9458	0.9755859:2.131348:-30.72656	1.353516:8.028809:-11.76855	-0.4050598:14.93408:-37.7524	Start	Default	
-2.245605:3.502441:-26.61328	0.7734375:1.661133:-23.9458	0.9755859:2.131348:-30.72656	1.353516:8.028809:-11.76855	-0.4060352:14.86533:-37.7993	Start	Default	
-2.148926:3.454102:-26.67041	0.7822266:1.669922:-23.99854	0.9711914:2.126953:-30.71777	1.353516:8.028809:-11.76416	-0.4092111:14.85844:-37.78656	Start	Default	
-2.148926:3.454102:-26.67041	0.7822266:1.669922:-23.99854	0.9711914:2.126953:-30.71777	1.353516:8.028809:-11.76416	-0.4047002:14.86521:-37.81183	Start	Default	
-2.148926:3.454102:-26.67041	0.7822266:1.669922:-23.99854	0.9711914:2.126953:-30.71777	1.353516:8.028809:-11.76416	-0.4053967:14.8717:-37.84011	Start	Default	
-2.206055:3.651855:-26.58252	0.8481445:1.924805:-24.03369	0.9711914:2.126953:-30.70898	1.353516:8.028809:-11.76855	-0.408685:14.87884:-37.87632	Start	Default	
-2.206055:3.651855:-26.58252	0.8481445:1.924805:-24.03369	0.9711914:2.126953:-30.70898	1.353516:8.028809:-11.76855	-0.4216925:14.86447:-37.83664	Start	Default	
-2.206055:3.651855:-26.58252	0.8481445:1.924805:-24.03369	0.9711914:2.126953:-30.70898	1.353516:8.028809:-11.76855	-0.4265722:14.84079:-37.73823	Start	Default	
-2.206055:3.651855:-26.58252	0.8481445:1.924805:-24.03369	0.9711914:2.126953:-30.70898	1.353516:8.028809:-11.76855	-0.445536:14.84371:-37.76651	Start	Default	
-2.254395:3.515625:-26.52979	1.019531:2.808105:-23.91943	1.010742:2.206055:-30.55957	1.35791:8.028809:-11.76855	-0.4629551:14.86463:-37.82833	Start	Default	
-2.254395:3.515625:-26.52979	1.019531:2.808105:-23.91943	1.010742:2.206055:-30.55957	1.35791:8.028809:-11.76855	-0.4141781:14.88399:-37.91016	Start	Default	
-2.254395:3.515625:-26.52979	1.019531:2.808105:-23.91943	1.010742:2.206055:-30.55957	1.35791:8.028809:-11.76855	-0.403038:14.85494:-37.78908	Start	Default	
-1.828125:3.155273:-26.53418	1.230469:3.643066:-23.68652	1.151367:2.689453:-30.15967	1.35791:8.028809:-11.76855	-0.4019993:14.85586:-37.8101	Start	Default	
-1.828125:3.155273:-26.53418	1.230469:3.643066:-23.68652	1.151367:2.689453:-30.15967	1.35791:8.028809:-11.76855	-0.402463:14.85711:-37.81322	Start	Default	
-1.828125:3.155273:-26.53418	1.230469:3.643066:-23.68652	1.151367:2.689453:-30.15967	1.35791:8.028809:-11.76855	-0.3976391:14.83979:-37.76063	Start	Default	
-1.828125:3.155273:-26.53418	1.230469:3.643066:-23.68652	1.151367:2.689453:-30.15967	1.35791:8.028809:-11.76855	-0.4058971:14.84239:-37.75919	Start	Default	
-1.125:2.214844:-26.354	1.731445:4.482422:-23.36572	1.331543:3.357422:-29.53125	1.353516:8.028809:-11.76855	-0.401347:14.8302:-37.70884	Start	Default	
-1.125:2.214844:-26.354	1.731445:4.482422:-23.36572	1.331543:3.357422:-29.53125	1.353516:8.028809:-11.76855	-0.3987739:14.83784:-37.78595	Start	Default	
-1.125:2.214844:-26.354	1.731445:4.482422:-23.36572	1.331543:3.357422:-29.53125	1.353516:8.028809:-11.76855	-0.3778075:14.83778:-37.60695	Start	Default	
-1.125:2.214844:-26.354	1.731445:4.482422:-23.36572	1.331543:3.357422:-29.53125	1.353516:8.028809:-11.76855	-0.3965216:14.84622:-37.72005	Start	Default	
-0.6328125:1.863281:-25.36963	2.179688:5.655762:-22.76367	1.467773:4.135254:-28.57764	1.353516:8.028809:-11.76416	-0.4087298:14.87409:-37.821	Start	Default	
-0.6328125:1.863281:-25.36963	2.179688:5.655762:-22.76367	1.467773:4.135254:-28.57764	1.353516:8.028809:-11.76416	-0.4108411:14.88573:-37.90718	Start	Default	
-0.6328125:1.863281:-25.36963	2.179688:5.655762:-22.76367	1.467773:4.135254:-28.57764	1.353516:8.028809:-11.76416	-0.405526:14.87591:-37.86457	Start	Default	
-0.4262695:2.430176:-23.8667	2.750977:6.741211:-21.96387	1.625977:4.939453:-27.40869	1.353516:8.028809:-11.76855	-0.4115547:14.90378:-37.95146	ReachForBottle	Default	
-0.4262695:2.430176:-23.8667	2.750977:6.741211:-21.96387	1.625977:4.939453:-27.40869	1.353516:8.028809:-11.76855	-0.429668:14.85609:-37.86251	ReachForBottle	Default	
-0.4262695:2.430176:-23.8667	2.750977:6.741211:-21.96387	1.625977:4.939453:-27.40869	1.353516:8.028809:-11.76855	-0.5436609:14.81141:-37.85303	ReachForBottle	Default	
-0.4262695:2.430176:-23.8667	2.750977:6.741211:-21.96387	1.625977:4.939453:-27.40869	1.353516:8.028809:-11.76855	-0.5476865:14.77482:-37.8117	ReachForBottle	Default	
-0.4394531:3.458496:-22.19678	3.221191:7.382813:-20.77295	1.740234:5.409668:-26.08154	1.35791:8.028809:-11.76855	-0.5492261:14.78066:-37.8191	ReachForBottle	Default	
-0.4394531:3.458496:-22.19678	3.221191:7.382813:-20.77295	1.740234:5.409668:-26.08154	1.35791:8.028809:-11.76855	-0.5030665:14.77847:-37.81818	ReachForBottle	Bottle	
-0.4394531:3.458496:-22.19678	3.221191:7.382813:-20.77295	1.740234:5.409668:-26.08154	1.35791:8.028809:-11.76855	-0.419708:14.82015:-37.90149	ReachForBottle	Default	
-0.4614258:4.192383:-20.58398	3.524414:7.77832:-19.45898	1.753418:5.550293:-24.77197	1.35791:8.028809:-11.76855	-0.4190253:14.79254:-37.81992	ReachForBottle	Default	
-0.4614258:4.192383:-20.58398	3.524414:7.77832:-19.45898	1.753418:5.550293:-24.77197	1.35791:8.028809:-11.76855	-0.4175482:14.7956:-37.81399	ReachForBottle	Default	
-0.4614258:4.192383:-20.58398	3.524414:7.77832:-19.45898	1.753418:5.550293:-24.77197	1.35791:8.028809:-11.76855	-0.4252059:14.80288:-37.85508	ReachForBottle	Default	
-0.4614258:4.192383:-20.58398	3.524414:7.77832:-19.45898	1.753418:5.550293:-24.77197	1.35791:8.028809:-11.76855	-0.420304:14.78874:-37.81239	ReachForBottle	Default	
-0.4614258:4.724121:-18.94482	3.871582:7.64209:-18.10107	1.731445:5.519531:-23.3833	1.353516:8.028809:-11.76855	-0.4201735:14.78032:-37.80136	ReachForBottle	Default	
-0.4614258:4.724121:-18.94482	3.871582:7.64209:-18.10107	1.731445:5.519531:-23.3833	1.353516:8.028809:-11.76855	-0.4199272:14.78371:-37.80888	ReachForBottle	Default	
-0.4614258:4.724121:-18.94482	3.871582:7.64209:-18.10107	1.731445:5.519531:-23.3833	1.353516:8.028809:-11.76855	-0.4215965:14.77791:-37.79968	ReachForBottle	Default	
-0.4570313:4.833984:-17.5957	3.875977:7.431152:-16.73877	1.678711:5.378906:-22.17041	1.353516:8.028809:-11.76416	-0.4225789:14.77627:-37.78303	ReachForBottle	Default	
-0.4570313:4.833984:-17.5957	3.875977:7.431152:-16.73877	1.678711:5.378906:-22.17041	1.353516:8.028809:-11.76416	-0.4445813:14.77223:-37.78098	ReachForBottle	Bottle	
-0.4570313:4.833984:-17.5957	3.875977:7.431152:-16.73877	1.678711:5.378906:-22.17041	1.353516:8.028809:-11.76416	-0.466835:14.77269:-37.78142	ReachForBottle	Bottle	
-0.4570313:4.833984:-17.5957	3.875977:7.431152:-16.73877	1.678711:5.378906:-22.17041	1.353516:8.028809:-11.76416	-0.5184444:14.7975:-37.85985	ReachForBottle	Bottle	
-0.4702148:4.746094:-16.36963	3.950684:6.947754:-15.52148	1.634766:5.154785:-21.03662	1.353516:8.028809:-11.76855	-0.5560895:14.81121:-37.91744	ReachForBottle	Default	
-0.4702148:4.746094:-16.36963	3.950684:6.947754:-15.52148	1.634766:5.154785:-21.03662	1.353516:8.028809:-11.76855	-0.5601993:14.80983:-37.91794	ReachForBottle	Default	
-0.4702148:4.746094:-16.36963	3.950684:6.947754:-15.52148	1.634766:5.154785:-21.03662	1.353516:8.028809:-11.76855	-0.5606389:14.8103:-37.90808	ReachForBottle	Default	
-0.4702148:4.486816:-15.40283	3.928711:6.455566:-14.44482	1.634766:4.939453:-20.11377	1.35791:8.028809:-11.76855	-0.5597695:14.81888:-37.93651	ReachForBottle	Default	
-0.4702148:4.486816:-15.40283	3.928711:6.455566:-14.44482	1.634766:4.939453:-20.11377	1.35791:8.028809:-11.76855	-0.4460392:14.82266:-37.90366	ReachForBottle	Default	
-0.4702148:4.486816:-15.40283	3.928711:6.455566:-14.44482	1.634766:4.939453:-20.11377	1.35791:8.028809:-11.76855	-0.4473087:14.82526:-37.9085	ReachForBottle	Default	
-0.4702148:4.486816:-15.40283	3.928711:6.455566:-14.44482	1.634766:4.939453:-20.11377	1.35791:8.028809:-11.76855	-0.4582024:14.81489:-37.88418	ReachForBottle	Default	
-0.5668945:4.205566:-14.63379	3.854004:5.998535:-13.53516	1.621582:4.710938:-19.32715	1.35791:8.028809:-11.76855	-0.4872655:14.81024:-37.87932	ReachForBottle	Bottle	
-0.5668945:4.205566:-14.63379	3.854004:5.998535:-13.53516	1.621582:4.710938:-19.32715	1.35791:8.028809:-11.76855	-0.4865682:14.80823:-37.87492	ReachForBottle	Bottle	
-0.5668945:4.205566:-14.63379	3.854004:5.998535:-13.53516	1.621582:4.710938:-19.32715	1.35791:8.028809:-11.76855	-0.4962457:14.81707:-37.9003	ReachForBottle	Bottle	
-0.6416016:3.977051:-13.99658	3.708984:5.660156:-12.76172	1.564453:4.557129:-18.6416	1.353516:8.028809:-11.76855	-0.4993157:14.81795:-37.90322	ReachForBottle	Bottle	
-0.6416016:3.977051:-13.99658	3.708984:5.660156:-12.76172	1.564453:4.557129:-18.6416	1.353516:8.028809:-11.76855	-0.4956194:14.81796:-37.90174	ReachForBottle	Bottle	
-0.6416016:3.977051:-13.99658	3.708984:5.660156:-12.76172	1.564453:4.557129:-18.6416	1.353516:8.028809:-11.76855	-0.5002913:14.81416:-37.89428	ReachForBottle	Bottle	
-0.6416016:3.977051:-13.99658	3.708984:5.660156:-12.76172	1.564453:4.557129:-18.6416	1.353516:8.028809:-11.76855	-0.4914154:14.80677:-37.86357	ReachForBottle	Bottle	
-0.6459961:3.70459:-13.42529	3.616699:5.405273:-12.19043	1.507324:4.429688:-18.10986	1.353516:8.028809:-11.76855	-0.4769963:14.80314:-37.85026	ReachForBottle	Bottle	
-0.6459961:3.70459:-13.42529	3.616699:5.405273:-12.19043	1.507324:4.429688:-18.10986	1.353516:8.028809:-11.76855	-0.4694446:14.79767:-37.82932	ReachForBottle	Bottle	
-0.6459961:3.70459:-13.42529	3.616699:5.405273:-12.19043	1.507324:4.429688:-18.10986	1.353516:8.028809:-11.76855	-0.4836864:14.79949:-37.83812	ReachForBottle	Bottle	
-0,5800781,3,498047,-12,98584,	3,458496,5,053711,-11,72021,	1,476563,4,297852,-17,67041,	1,35791,8,028809,-11,76855,	-0,504903,14,80208,-37,84669,	ReachForBottle	Bottle	
-0,5800781,3,498047,-12,98584,	3,458496,5,053711,-11,72021,	1,476563,4,297852,-17,67041,	1,35791,8,028809,-11,76855,	-0,5090615,14,79868,-37,83581,	ReachForBottle	Bottle	
-0,5800781,3,498047,-12,98584,	3,458496,5,053711,-11,72021,	1,476563,4,297852,-17,67041,	1,35791,8,028809,-11,76855,	-0,4773632,14,81195,-37,8709,	ReachForBottle	Bottle	
-0,5800781,3,498047,-12,98584,	3,458496,5,053711,-11,72021,	1,476563,4,297852,-17,67041,	1,35791,8,028809,-11,76855,	-0,4496044,14,80895,-37,84767,	ReachForBottle	Default	
-0.5712891:3.225586:-12.65186	3.234375:4.825195:-11.33789	1.441406:4.17041:-17.34961	1.362305:8.033203:-11.77295	-0.4489247:14.80594:-37.83512	Grasped	Default	
-0.5712891:3.225586:-12.65186	3.234375:4.825195:-11.33789	1.441406:4.17041:-17.34961	1.362305:8.033203:-11.77295	-0.4471872:14.80612:-37.83681	Grasped	Default	
-0.5712891:3.225586:-12.65186	3.234375:4.825195:-11.33789	1.441406:4.17041:-17.34961	1.362305:8.033203:-11.77295	-0.4465686:14.81339:-37.86412	Grasped	Default	
-0.5712891:3.225586:-12.65186	3.234375:4.825195:-11.33789	1.441406:4.17041:-17.34961	1.362305:8.033203:-11.77295	-0.4487785:14.81641:-37.87189	Grasped	Default	
-0.5581055:3.001465:-12.43213	2.891602:4.680176:-11.05225	1.419434:4.020996:-17.10352	1.371094:8.033203:-11.77295	-0.4472526:14.81632:-37.86716	Grasped	Default	
-0.5581055:3.001465:-12.43213	2.891602:4.680176:-11.05225	1.419434:4.020996:-17.10352	1.371094:8.033203:-11.77295	-0.4536619:14.82552:-37.89366	Grasped	Default	
-0.5581055:3.001465:-12.43213	2.891602:4.680176:-11.05225	1.419434:4.020996:-17.10352	1.371094:8.033203:-11.77295	-0.4546916:14.825:-37.89629	Grasped	Default	
-0.487793:2.900391:-12.34863	2.680664:4.491211:-10.99512	1.401855:3.902344:-17.00244	1.340332:8.028809:-11.74219	-0.4454584:14.79613:-37.81108	Grasped	Default	
-0.487793:2.900391:-12.34863	2.680664:4.491211:-10.99512	1.401855:3.902344:-17.00244	1.340332:8.028809:-11.74219	-0.4386331:14.78896:-37.78253	Grasped	Default	
-0.487793:2.900391:-12.34863	2.680664:4.491211:-10.99512	1.401855:3.902344:-17.00244	1.340332:8.028809:-11.74219	-0.4412191:14.79672:-37.80069	Grasped	Default	
-0.487793:2.900391:-12.34863	2.680664:4.491211:-10.99512	1.401855:3.902344:-17.00244	1.340332:8.028809:-11.74219	-0.5518878:14.79008:-37.85257	Grasped	Default	
-0.4086914:2.86084:-12.33545	2.707031:4.420898:-11.07422	1.379883:3.832031:-16.98486	1.371094:8.033203:-11.77734	-0.6514551:14.82084:-37.97635	Grasped	CupLeft	
-0.4086914:2.86084:-12.33545	2.707031:4.420898:-11.07422	1.379883:3.832031:-16.98486	1.371094:8.033203:-11.77734	-0.6978414:14.81394:-37.96225	Grasped	Default	
-0.4086914:2.86084:-12.33545	2.707031:4.420898:-11.07422	1.379883:3.832031:-16.98486	1.371094:8.033203:-11.77734	-0.6829055:14.83038:-38.01108	Grasped	Default	
-0.4042969:2.931152:-12.41455	2.66748:4.552734:-11.21045	1.366699:3.871582:-17.04639	1.401855:8.090332:-12.00146	-0.7071063:14.80311:-37.93567	Grasped	Default	
-0.4042969:2.931152:-12.41455	2.66748:4.552734:-11.21045	1.366699:3.871582:-17.04639	1.401855:8.090332:-12.00146	-0.7084919:14.79845:-37.92923	Grasped	Default	
-0.4042969:2.931152:-12.41455	2.66748:4.552734:-11.21045	1.366699:3.871582:-17.04639	1.401855:8.090332:-12.00146	-0.6455605:14.8188:-37.95084	Grasped	CupLeft	
-0.4042969:2.931152:-12.41455	2.66748:4.552734:-11.21045	1.366699:3.871582:-17.04639	1.401855:8.090332:-12.00146	-0.6519572:14.8195:-37.95249	Grasped	CupLeft	
-0.5141602:3.067383:-12.60791	2.496094:4.785645:-11.39063	1.30957:4.003418:-17.21338	1.212891:8.25293:-12.20801	-0.6598308:14.81487:-37.94111	Grasped	CupLeft	
-0.5141602:3.067383:-12.60791	2.496094:4.785645:-11.39063	1.30957:4.003418:-17.21338	1.212891:8.25293:-12.20801	-0.6593424:14.8139:-37.9376	Grasped	CupLeft	
-0.5141602:3.067383:-12.60791	2.496094:4.785645:-11.39063	1.30957:4.003418:-17.21338	1.212891:8.25293:-12.20801	-0.6515111:14.81961:-37.95131	Grasped	CupLeft	
-0.8481445:3.410156:-12.95947	2.122559:5.132813:-11.67627	1.120605:4.245117:-17.49902	0.9360352:8.586914:-12.57275	-0.644279:14.8218:-37.954	Grasped	CupLeft	
-0.8481445:3.410156:-12.95947	2.122559:5.132813:-11.67627	1.120605:4.245117:-17.49902	0.9360352:8.586914:-12.57275	-0.6289821:14.82548:-37.95059	Grasped	Default	
-0.8481445:3.410156:-12.95947	2.122559:5.132813:-11.67627	1.120605:4.245117:-17.49902	0.9360352:8.586914:-12.57275	-0.6247771:14.83004:-37.96481	Grasped	Default	
-1.371094:3.810059:-13.3418	1.560059:5.47998:-11.94873	0.7470703:4.583496:-17.81104	0.4438477:8.973633:-12.90674	-0.6072447:14.82277:-37.93929	Grasped	Default	
-1.371094:3.810059:-13.3418	1.560059:5.47998:-11.94873	0.7470703:4.583496:-17.81104	0.4438477:8.973633:-12.90674	-0.5945231:14.82678:-37.93702	Grasped	Default	
-1.371094:3.810059:-13.3418	1.560059:5.47998:-11.94873	0.7470703:4.583496:-17.81104	0.4438477:8.973633:-12.90674	-0.5930351:14.82102:-37.93261	Grasped	Default	
-1.371094:3.810059:-13.3418	1.560059:5.47998:-11.94873	0.7470703:4.583496:-17.81104	0.4438477:8.973633:-12.90674	-0.666549:14.81446:-37.94744	Grasped	CupLeft	
-2.15332:4.135254:-13.80322	0.6767578:5.76123:-12.20801	0.2460938:4.886719:-18.09668	-0.2988281:9.250488:-13.15283	-0.7000609:14.80914:-37.9572	Grasped	Default	
-2.15332:4.135254:-13.80322	0.6767578:5.76123:-12.20801	0.2460938:4.886719:-18.09668	-0.2988281:9.250488:-13.15283	-0.7135977:14.80843:-37.93642	Grasped	Default	
-2.15332:4.135254:-13.80322	0.6767578:5.76123:-12.20801	0.2460938:4.886719:-18.09668	-0.2988281:9.250488:-13.15283	-0.6310308:14.82042:-37.8655	Grasped	Default	
-2.15332:4.135254:-13.80322	0.6767578:5.76123:-12.20801	0.2460938:4.886719:-18.09668	-0.2988281:9.250488:-13.15283	-0.6077096:14.84083:-37.91982	Grasped	Default	
-2.970703:4.385742:-14.2251	-0.2900391:5.976563:-12.40137	-0.3032227:5.19873:-18.34277	-1.230469:9.46582:-13.18799	-0.6084317:14.83254:-37.91615	Grasped	Default	
-2.970703:4.385742:-14.2251	-0.2900391:5.976563:-12.40137	-0.3032227:5.19873:-18.34277	-1.230469:9.46582:-13.18799	-0.6707629:14.83112:-37.96305	Grasped	Default	
-2.970703:4.385742:-14.2251	-0.2900391:5.976563:-12.40137	-0.3032227:5.19873:-18.34277	-1.230469:9.46582:-13.18799	-0.7306603:14.81804:-37.92542	Grasped	Default	
-3.634277:4.565918:-14.55029	-1.160156:6.183105:-12.4585	-0.8041992:5.607422:-18.48779	-2.241211:9.553711:-12.87158	-0.7011519:14.81882:-37.97926	Grasped	CupLeft	
-3.634277:4.565918:-14.55029	-1.160156:6.183105:-12.4585	-0.8041992:5.607422:-18.48779	-2.241211:9.553711:-12.87158	-0.7172571:14.8139:-37.96056	Grasped	Default	
-3.634277:4.565918:-14.55029	-1.160156:6.183105:-12.4585	-0.8041992:5.607422:-18.48779	-2.241211:9.553711:-12.87158	-0.7170453:14.81124:-37.95126	Grasped	Default	
-3.634277:4.565918:-14.55029	-1.160156:6.183105:-12.4585	-0.8041992:5.607422:-18.48779	-2.241211:9.553711:-12.87158	-0.610263:14.83236:-37.92181	Grasped	Default	
-4.025391:4.565918:-14.7085	-1.87207:6.394043:-12.41455	-1.204102:6.064453:-18.4834	-3.396973:9.42627:-12.44971	-0.607195:14.83081:-37.9162	Grasped	Default	
-4.025391:4.565918:-14.7085	-1.87207:6.394043:-12.41455	-1.204102:6.064453:-18.4834	-3.396973:9.42627:-12.44971	-0.618398:14.8221:-37.89629	Grasped	Default	
-4.025391:4.565918:-14.7085	-1.87207:6.394043:-12.41455	-1.204102:6.064453:-18.4834	-3.396973:9.42627:-12.44971	-0.619036:14.82023:-37.88705	Grasped	Default	
-4.130859:4.40332:-14.69971	-2.456543:6.61377:-12.2168	-1.511719:6.556641:-18.33838	-4.521973:9.087891:-12.12891	-0.6708487:14.8094:-37.8808	Grasped	Default	
-4.130859:4.40332:-14.69971	-2.456543:6.61377:-12.2168	-1.511719:6.556641:-18.33838	-4.521973:9.087891:-12.12891	-0.6974612:14.80702:-37.89188	Grasped	Default	
-4.130859:4.40332:-14.69971	-2.456543:6.61377:-12.2168	-1.511719:6.556641:-18.33838	-4.521973:9.087891:-12.12891	-0.7089244:14.80248:-37.88437	Grasped	Default	
-4.130859:4.40332:-14.69971	-2.456543:6.61377:-12.2168	-1.511719:6.556641:-18.33838	-4.521973:9.087891:-12.12891	-0.7127679:14.81282:-37.91035	Grasped	Default	
-4.130859:4.40332:-14.69971	-2.456543:6.61377:-12.2168	-1.511719:6.556641:-18.33838	-4.521973:9.087891:-12.12891	-0.7174118:14.80676:-37.90673	Grasped	Default	
-4.064941:4.17041:-14.55469	-2.799316:6.574219:-11.86084	-1.73584:7.03125:-18.10107	-5.185547:8.499023:-11.66748	-0.7202607:14.7976:-37.86629	Grasped	Default	
-4.064941:4.17041:-14.55469	-2.799316:6.574219:-11.86084	-1.73584:7.03125:-18.10107	-5.185547:8.499023:-11.66748	-0.7022347:14.80059:-37.87423	Grasped	Default	
-4.064941:4.17041:-14.55469	-2.799316:6.574219:-11.86084	-1.73584:7.03125:-18.10107	-5.185547:8.499023:-11.66748	-0.6832038:14.80877:-37.89125	Grasped	Default	
-3.884766:3.990234:-14.33936	-2.900391:6.394043:-11.46094	-1.907227:7.400391:-17.78467	-5.497559:7.866211:-11.10938	-0.7529197:14.80313:-37.91384	Grasped	Default	
-3.884766:3.990234:-14.33936	-2.900391:6.394043:-11.46094	-1.907227:7.400391:-17.78467	-5.497559:7.866211:-11.10938	-0.751669:14.80566:-37.92154	Grasped	Default	
-3.884766:3.990234:-14.33936	-2.900391:6.394043:-11.46094	-1.907227:7.400391:-17.78467	-5.497559:7.866211:-11.10938	-0.7557293:14.80849:-37.92557	Grasped	Default	
-3.550781:3.897949:-13.95264	-2.895996:6.341309:-11.0083	-1.977539:7.637695:-17.37158	-5.642578:7.387207:-10.6084	-0.752755:14.80789:-37.92774	Grasped	Default	
-3.550781:3.897949:-13.95264	-2.895996:6.341309:-11.0083	-1.977539:7.637695:-17.37158	-5.642578:7.387207:-10.6084	-0.7098435:14.81167:-37.90376	Grasped	Default	
-3.550781:3.897949:-13.95264	-2.895996:6.341309:-11.0083	-1.977539:7.637695:-17.37158	-5.642578:7.387207:-10.6084	-0.7077834:14.82141:-37.94189	Grasped	Default	
-3.550781:3.897949:-13.95264	-2.895996:6.341309:-11.0083	-1.977539:7.637695:-17.37158	-5.642578:7.387207:-10.6084	-0.7278304:14.81416:-37.91476	Grasped	Default	
-2.975098:3.836426:-13.32422	-2.99707:6.411621:-10.38428	-1.981934:7.804688:-16.75635	-5.879883:6.745605:-10.18652	-0.7376248:14.81133:-37.90702	Grasped	Default	
-2.975098:3.836426:-13.32422	-2.99707:6.411621:-10.38428	-1.981934:7.804688:-16.75635	-5.879883:6.745605:-10.18652	-0.734292:14.80977:-37.90093	Grasped	Default	
-2.975098:3.836426:-13.32422	-2.99707:6.411621:-10.38428	-1.981934:7.804688:-16.75635	-5.879883:6.745605:-10.18652	-0.7310401:14.81309:-37.90022	Grasped	Default	
-2.975098:3.836426:-13.32422	-2.99707:6.411621:-10.38428	-1.981934:7.804688:-16.75635	-5.879883:6.745605:-10.18652	-0.7114549:14.81942:-37.91851	Grasped	Default	
-2.513672:3.854004:-12.7002	-3.102539:6.481934:-9.856934	-2.003906:7.892578:-16.21582	-5.980957:6.341309:-9.830566	-0.7059609:14.82063:-37.91468	Grasped	Default	
-2.513672:3.854004:-12.7002	-3.102539:6.481934:-9.856934	-2.003906:7.892578:-16.21582	-5.980957:6.341309:-9.830566	-0.7010597:14.82332:-37.91381	Grasped	Default	
-2.513672:3.854004:-12.7002	-3.102539:6.481934:-9.856934	-2.003906:7.892578:-16.21582	-5.980957:6.341309:-9.830566	-0.7625672:14.82483:-37.94514	Grasped	Default	
-2.513672:3.854004:-12.7002	-3.102539:6.481934:-9.856934	-2.003906:7.892578:-16.21582	-5.980957:6.341309:-9.830566	-0.7839193:14.81913:-37.90646	Grasped	Default	
-2.315918:3.941895:-12.15527	-3.282715:6.56543:-9.413086	-2.083008:7.958496:-15.73682	-6.117188:6.112793:-9.505371	-0.7846215:14.814:-37.8846	Grasped	Default	
-2.315918:3.941895:-12.15527	-3.282715:6.56543:-9.413086	-2.083008:7.958496:-15.73682	-6.117188:6.112793:-9.505371	-0.7842749:14.81744:-37.9022	Grasped	Default	
-2.315918:3.941895:-12.15527	-3.282715:6.56543:-9.413086	-2.083008:7.958496:-15.73682	-6.117188:6.112793:-9.505371	-0.7838223:14.81816:-37.90291	Grasped	Default	
-2.276367:4.03418:-11.63232	-3.533203:6.635742:-8.982422	-2.25:7.998047:-15.27539	-6.297363:5.941406:-9.13623	-0.6726848:14.83913:-37.90227	Grasped	Default	
-2.276367:4.03418:-11.63232	-3.533203:6.635742:-8.982422	-2.25:7.998047:-15.27539	-6.297363:5.941406:-9.13623	-0.6550596:14.85144:-37.92354	Grasped	Default	
-2.276367:4.03418:-11.63232	-3.533203:6.635742:-8.982422	-2.25:7.998047:-15.27539	-6.297363:5.941406:-9.13623	-0.6645712:14.83656:-37.86575	Grasped	Default	
-2.276367:4.03418:-11.63232	-3.533203:6.635742:-8.982422	-2.25:7.998047:-15.27539	-6.297363:5.941406:-9.13623	-0.6801316:14.81795:-37.80066	Grasped	Default	
-2.381836:4.020996:-11.22803	-3.871582:6.552246:-8.635254	-2.469727:7.967285:-14.88428	-6.574219:5.690918:-8.872559	-0.7141399:14.76805:-37.61737	Grasped	Default	
-2.381836:4.020996:-11.22803	-3.871582:6.552246:-8.635254	-2.469727:7.967285:-14.88428	-6.574219:5.690918:-8.872559	-0.7313367:14.74792:-37.54731	Grasped	Default	
-2.381836:4.020996:-11.22803	-3.871582:6.552246:-8.635254	-2.469727:7.967285:-14.88428	-6.574219:5.690918:-8.872559	-0.7218171:14.75465:-37.58298	Grasped	Default	
-2.496094:3.9375:-10.86768	-4.227539:6.363281:-8.323242	-2.755371:7.866211:-14.5415	-6.824707:5.273438:-8.600098	-0.7826571:14.7563:-37.61364	Grasped	Default	
-2.496094:3.9375:-10.86768	-4.227539:6.363281:-8.323242	-2.755371:7.866211:-14.5415	-6.824707:5.273438:-8.600098	-0.7872789:14.75471:-37.61086	Grasped	Default	
-2.496094:3.9375:-10.86768	-4.227539:6.363281:-8.323242	-2.755371:7.866211:-14.5415	-6.824707:5.273438:-8.600098	-0.7809547:14.75956:-37.62453	Grasped	Default	
-2.737793:3.818848:-10.55566	-4.627441:6.1875:-8.041992	-3.076172:7.743164:-14.23389	-7.145508:4.943848:-8.362793	-0.7917211:14.75546:-37.6179	Grasped	Default	
-2.737793:3.818848:-10.55566	-4.627441:6.1875:-8.041992	-3.076172:7.743164:-14.23389	-7.145508:4.943848:-8.362793	-0.8433554:14.76224:-37.66502	Grasped	Default	
