ThumbPosition	IndexPosition	PalmPosition	ObjectPosition	GazePosition	Annotations	GazeAnnotations	
-1.291992:3.65625:-25.84863	0.8613281:2.979492:-26.14746	0.9052734:2.069824:-30.33105	0.8305664:8.10791:-12.26074	0.04959144:14.87879:-37.7884	Start	Default	
-1.291992:3.65625:-25.84863	0.8613281:2.979492:-26.14746	0.9052734:2.069824:-30.33105	0.8305664:8.10791:-12.26074	0.04582746:14.88266:-37.85136	Start	Default	
-1.291992:3.65625:-25.84863	0.8613281:2.979492:-26.14746	0.9052734:2.069824:-30.33105	0.8305664:8.10791:-12.26074	0.0531554:14.845:-37.68021	Start	Default	
-1.291992:3.65625:-25.84863	0.8613281:2.979492:-26.14746	0.9052734:2.069824:-30.33105	0.8305664:8.10791:-12.26074	0.05662882:14.77022:-37.42636	Start	Default	
-1.318359:3.687012:-25.91455	0.8349609:2.953125:-26.14746	0.9008789:2.06543:-30.32666	0.8305664:8.10791:-12.26074	0.06588849:14.76457:-37.45163	Start	Default	
-1.318359:3.687012:-25.91455	0.8349609:2.953125:-26.14746	0.9008789:2.06543:-30.32666	0.8305664:8.10791:-12.26074	0.1589487:14.38872:-35.82968	Start	Default	
-1.318359:3.687012:-25.91455	0.8349609:2.953125:-26.14746	0.9008789:2.06543:-30.32666	0.8305664:8.10791:-12.26074	0.1570903:14.43322:-35.89718	Start	Default	
-1.27002:3.770508:-25.92773	0.8525391:2.961914:-26.14746	0.9008789:2.06543:-30.32227	0.8305664:8.10791:-12.26074	0.1522929:14.52038:-36.27096	Start	Default	
-1.27002:3.770508:-25.92773	0.8525391:2.961914:-26.14746	0.9008789:2.06543:-30.32227	0.8305664:8.10791:-12.26074	0.1256033:14.72984:-37.23555	Start	Default	
-1.27002:3.770508:-25.92773	0.8525391:2.961914:-26.14746	0.9008789:2.06543:-30.32227	0.8305664:8.10791:-12.26074	0.1043405:14.86751:-37.85177	Start	Default	
-1.230469:3.783691:-25.98926	0.8613281:2.966309:-26.15186	0.9052734:2.06543:-30.31787	0.8305664:8.10791:-12.26074	0.1163459:14.78754:-37.49426	Start	Default	
-1.230469:3.783691:-25.98926	0.8613281:2.966309:-26.15186	0.9052734:2.06543:-30.31787	0.8305664:8.10791:-12.26074	0.1044407:14.83199:-37.69771	Start	Default	
-1.230469:3.783691:-25.98926	0.8613281:2.966309:-26.15186	0.9052734:2.06543:-30.31787	0.8305664:8.10791:-12.26074	0.1136452:14.66902:-37.0347	Start	Default	
-1.195313:3.757324:-26.00244	0.8481445:2.90918:-26.15625	0.9008789:2.061035:-30.31348	0.8305664:8.10791:-12.26074	0.09441452:14.70301:-37.19727	Start	Default	
-1.195313:3.757324:-26.00244	0.8481445:2.90918:-26.15625	0.9008789:2.061035:-30.31348	0.8305664:8.10791:-12.26074	0.08897568:14.67218:-37.09069	Start	Default	
-1.195313:3.757324:-26.00244	0.8481445:2.90918:-26.15625	0.9008789:2.061035:-30.31348	0.8305664:8.10791:-12.26074	0.07057226:14.79464:-37.57376	Start	Default	
-1.195313:3.757324:-26.00244	0.8481445:2.90918:-26.15625	0.9008789:2.061035:-30.31348	0.8305664:8.10791:-12.26074	0.0820108:14.79205:-37.55004	Start	Default	
-1.146973:3.708984:-26.02441	0.8481445:2.865234:-26.16943	0.8964844:2.056641:-30.30908	0.8305664:8.10791:-12.26074	0.1186142:14.60677:-36.77187	Start	Default	
-1.146973:3.708984:-26.02441	0.8481445:2.865234:-26.16943	0.8964844:2.056641:-30.30908	0.8305664:8.10791:-12.26074	0.05256816:14.49342:-36.46018	Start	Bottle	
-1.146973:3.708984:-26.02441	0.8481445:2.865234:-26.16943	0.8964844:2.056641:-30.30908	0.8305664:8.10791:-12.26074	-0.066405:14.63787:-37.22858	Start	Default	
-1.146973:3.708984:-26.02441	0.8481445:2.865234:-26.16943	0.8964844:2.056641:-30.30908	0.8305664:8.10791:-12.26074	-0.1689101:14.582:-37.10077	Start	Default	
-1.151367:3.766113:-26.05518	0.8525391:2.856445:-26.15625	0.8920898:2.052246:-30.30469	0.8305664:8.10791:-12.26074	-0.01952621:14.61336:-37.21072	Start	Default	
-1.151367:3.766113:-26.05518	0.8525391:2.856445:-26.15625	0.8920898:2.052246:-30.30469	0.8305664:8.10791:-12.26074	-0.1803368:14.54861:-37.02154	Start	Default	
-1.151367:3.766113:-26.05518	0.8525391:2.856445:-26.15625	0.8920898:2.052246:-30.30469	0.8305664:8.10791:-12.26074	-0.1757908:14.56993:-37.07421	Start	Default	
-1.199707:3.836426:-26.05957	0.8481445:2.86084:-26.14307	0.8833008:2.047852:-30.2959	0.8305664:8.10791:-12.26074	-0.2564989:14.33698:-36.60588	Start	CupLeft	
-1.199707:3.836426:-26.05957	0.8481445:2.86084:-26.14307	0.8833008:2.047852:-30.2959	0.8305664:8.10791:-12.26074	-0.01897597:14.76235:-37.62938	Start	CupLeft	
-1.199707:3.836426:-26.05957	0.8481445:2.86084:-26.14307	0.8833008:2.047852:-30.2959	0.8305664:8.10791:-12.26074	-0.0129493:14.76832:-37.64411	Start	CupLeft	
-1.195313:3.796875:-26.07715	0.8349609:2.869629:-26.14307	0.8745117:2.052246:-30.2959	0.8305664:8.10791:-12.26074	-0.03587952:14.72031:-37.52976	Start	CupLeft	
-1.195313:3.796875:-26.07715	0.8349609:2.869629:-26.14307	0.8745117:2.052246:-30.2959	0.8305664:8.10791:-12.26074	0.001308531:14.78939:-37.69429	Start	CupLeft	
-1.195313:3.796875:-26.07715	0.8349609:2.869629:-26.14307	0.8745117:2.052246:-30.2959	0.8305664:8.10791:-12.26074	-0.007048085:14.78059:-37.6665	Start	CupLeft	
-1.195313:3.796875:-26.07715	0.8349609:2.869629:-26.14307	0.8745117:2.052246:-30.2959	0.8305664:8.10791:-12.26074	-0.01418352:14.77531:-37.66171	Start	CupLeft	
-1.146973:3.563965:-26.42871	0.9580078:2.641113:-25.77393	0.9975586:2.421387:-30.06738	0.8305664:8.10791:-12.26074	-0.01114824:14.77819:-37.66519	Start	CupLeft	
-1.146973:3.563965:-26.42871	0.9580078:2.641113:-25.77393	0.9975586:2.421387:-30.06738	0.8305664:8.10791:-12.26074	0.002644386:14.80282:-37.71866	Start	CupLeft	
-1.146973:3.563965:-26.42871	0.9580078:2.641113:-25.77393	0.9975586:2.421387:-30.06738	0.8305664:8.10791:-12.26074	-0.01725422:14.75427:-37.60037	Start	CupLeft	
-1.146973:3.563965:-26.42871	0.9580078:2.641113:-25.77393	0.9975586:2.421387:-30.06738	0.8305664:8.10791:-12.26074	0.04428386:14.79638:-37.67418	Start	Default	
-0.9448242:3.65625:-26.49023	1.26123:2.865234:-24.97852	1.234863:3.243164:-29.43896	0.8305664:8.10791:-12.26074	0.05562186:14.84043:-37.78968	Start	Bottle	
-0.9448242:3.65625:-26.49023	1.26123:2.865234:-24.97852	1.234863:3.243164:-29.43896	0.8305664:8.10791:-12.26074	0.07155178:14.72898:-37.49487	Start	Bottle	
-0.9448242:3.65625:-26.49023	1.26123:2.865234:-24.97852	1.234863:3.243164:-29.43896	0.8305664:8.10791:-12.26074	0.05857914:14.78312:-37.63913	Start	Bottle	
-0.7910156:4.333008:-25.58496	1.806152:3.911133:-23.98096	1.472168:4.372559:-28.50293	0.8305664:8.10791:-12.26074	0.05500926:14.80367:-37.68579	Start	Bottle	
-0.7910156:4.333008:-25.58496	1.806152:3.911133:-23.98096	1.472168:4.372559:-28.50293	0.8305664:8.10791:-12.26074	0.05422309:14.8056:-37.69386	Start	Bottle	
-0.7910156:4.333008:-25.58496	1.806152:3.911133:-23.98096	1.472168:4.372559:-28.50293	0.8305664:8.10791:-12.26074	0.05697944:14.8027:-37.66497	Start	Bottle	
-0.7910156:4.333008:-25.58496	1.806152:3.911133:-23.98096	1.472168:4.372559:-28.50293	0.8305664:8.10791:-12.26074	0.06476552:14.866:-37.83157	Start	Bottle	
-0.7734375:5.34375:-24.29736	2.39502:5.150391:-22.89551	1.656738:5.229492:-27.43945	0.8305664:8.10791:-12.26074	0.06718003:14.85578:-37.8042	ReachForBottle	Bottle	
-0.7734375:5.34375:-24.29736	2.39502:5.150391:-22.89551	1.656738:5.229492:-27.43945	0.8305664:8.10791:-12.26074	0.07102409:14.8283:-37.72207	ReachForBottle	Bottle	
-0.7734375:5.34375:-24.29736	2.39502:5.150391:-22.89551	1.656738:5.229492:-27.43945	0.8305664:8.10791:-12.26074	0.07207264:14.77894:-37.58943	ReachForBottle	Bottle	
-0.6547852:6.086426:-22.86914	2.979492:6.117188:-21.82764	1.819336:5.739258:-26.20898	0.8305664:8.10791:-12.26074	0.05435061:14.84261:-37.77526	ReachForBottle	Bottle	
-0.6547852:6.086426:-22.86914	2.979492:6.117188:-21.82764	1.819336:5.739258:-26.20898	0.8305664:8.10791:-12.26074	0.07179362:14.79222:-37.61581	ReachForBottle	Bottle	
-0.6547852:6.086426:-22.86914	2.979492:6.117188:-21.82764	1.819336:5.739258:-26.20898	0.8305664:8.10791:-12.26074	0.06251141:14.85195:-37.78417	ReachForBottle	Bottle	
-0.6547852:6.086426:-22.86914	2.979492:6.117188:-21.82764	1.819336:5.739258:-26.20898	0.8305664:8.10791:-12.26074	0.07643671:14.80153:-37.62594	ReachForBottle	Bottle	
-0.5273438:6.543457:-21.37939	3.396973:6.692871:-20.60596	1.924805:5.90625:-24.9873	0.8305664:8.10791:-12.26074	0.06772408:14.8535:-37.77514	ReachForBottle	Bottle	
-0.5273438:6.543457:-21.37939	3.396973:6.692871:-20.60596	1.924805:5.90625:-24.9873	0.8305664:8.10791:-12.26074	0.06979138:14.86965:-37.80864	ReachForBottle	Bottle	
