ThumbPosition	IndexPosition	PalmPosition	ObjectPosition	GazePosition	Annotations	GazeAnnotations	
-1.604004:2.588379:-25.43555	1.340332:1.146973:-23.56787	1.160156:1.885254:-30.24756	0.9492188:8.077148:-12.15527	-0.3705691:14.87234:-37.40479	Start	Default	
-1.604004:2.588379:-25.43555	1.340332:1.146973:-23.56787	1.160156:1.885254:-30.24756	0.9492188:8.077148:-12.15527	-0.3677332:14.87543:-37.40787	Start	Default	
-1.604004:2.588379:-25.43555	1.340332:1.146973:-23.56787	1.160156:1.885254:-30.24756	0.9492188:8.077148:-12.15527	-0.3618582:14.87271:-37.37424	Start	Default	
-1.573242:2.575195:-25.44434	1.331543:1.142578:-23.57227	1.164551:1.889648:-30.25635	0.9492188:8.077148:-12.15088	-0.3588367:14.86842:-37.32945	Start	Default	
-1.573242:2.575195:-25.44434	1.331543:1.142578:-23.57227	1.164551:1.889648:-30.25635	0.9492188:8.077148:-12.15088	-0.3621674:14.86578:-37.33256	Start	Default	
-1.573242:2.575195:-25.44434	1.331543:1.142578:-23.57227	1.164551:1.889648:-30.25635	0.9492188:8.077148:-12.15088	-0.3671429:14.86058:-37.32307	Start	Default	
-1.573242:2.575195:-25.44434	1.331543:1.142578:-23.57227	1.164551:1.889648:-30.25635	0.9492188:8.077148:-12.15088	-0.3666717:14.85794:-37.28815	Start	Default	
-1.54248:2.562012:-25.46631	1.322754:1.116211:-23.57666	1.160156:1.885254:-30.26074	0.9492188:8.077148:-12.15088	-0.368167:14.86028:-37.32338	Start	Default	
-1.54248:2.562012:-25.46631	1.322754:1.116211:-23.57666	1.160156:1.885254:-30.26074	0.9492188:8.077148:-12.15088	-0.3706782:14.86377:-37.3716	Start	Default	
-1.54248:2.562012:-25.46631	1.322754:1.116211:-23.57666	1.160156:1.885254:-30.26074	0.9492188:8.077148:-12.15088	-0.3696394:14.86008:-37.34888	Start	Default	
-1.511719:2.588379:-25.4751	1.322754:1.111816:-23.58545	1.160156:1.876465:-30.26953	0.9492188:8.077148:-12.15527	-0.3669771:14.86009:-37.31796	Start	Default	
-1.511719:2.588379:-25.4751	1.322754:1.111816:-23.58545	1.160156:1.876465:-30.26953	0.9492188:8.077148:-12.15527	-0.3665175:14.86348:-37.33359	Start	Default	
-1.511719:2.588379:-25.4751	1.322754:1.111816:-23.58545	1.160156:1.876465:-30.26953	0.9492188:8.077148:-12.15527	-0.3657362:14.85973:-37.31621	Start	Default	
-1.511719:2.588379:-25.4751	1.322754:1.111816:-23.58545	1.160156:1.876465:-30.26953	0.9492188:8.077148:-12.15527	-0.3690555:14.86164:-37.35034	Start	Default	
-1.428223:2.588379:-25.46631	1.327148:1.111816:-23.59424	1.155762:1.87207:-30.27393	0.9536133:8.077148:-12.15527	-0.328:14.8225:-37.51038	Start	Default	
-1.428223:2.588379:-25.46631	1.327148:1.111816:-23.59424	1.155762:1.87207:-30.27393	0.9536133:8.077148:-12.15527	-0.2414558:14.70288:-37.22227	Start	Default	
-1.428223:2.588379:-25.46631	1.327148:1.111816:-23.59424	1.155762:1.87207:-30.27393	0.9536133:8.077148:-12.15527	-0.01684421:14.42357:-36.38798	Start	Default	
-1.384277:2.623535:-25.40918	1.331543:1.125:-23.58984	1.160156:1.863281:-30.28271	0.9492188:8.077148:-12.15527	-0.2777209:14.78421:-37.75748	Start	Default	
-1.384277:2.623535:-25.40918	1.331543:1.125:-23.58984	1.160156:1.863281:-30.28271	0.9492188:8.077148:-12.15527	-0.2711771:14.77826:-37.74618	Start	Default	
-1.384277:2.623535:-25.40918	1.331543:1.125:-23.58984	1.160156:1.863281:-30.28271	0.9492188:8.077148:-12.15527	-0.2451687:14.7632:-37.67636	Start	Default	
-1.384277:2.623535:-25.40918	1.331543:1.125:-23.58984	1.160156:1.863281:-30.28271	0.9492188:8.077148:-12.15527	-0.2686315:14.77636:-37.72729	Start	Default	
-1.327148:2.663086:-25.33887	1.313965:1.146973:-23.57666	1.164551:1.867676:-30.2915	0.9492188:8.077148:-12.15088	-0.2284601:14.72038:-37.51025	Start	Default	
-1.327148:2.663086:-25.33887	1.313965:1.146973:-23.57666	1.164551:1.867676:-30.2915	0.9492188:8.077148:-12.15088	-0.2265981:14.71509:-37.49144	Start	Default	
-1.327148:2.663086:-25.33887	1.313965:1.146973:-23.57666	1.164551:1.867676:-30.2915	0.9492188:8.077148:-12.15088	-0.2427831:14.72995:-37.55426	Start	Default	
-1.274414:2.720215:-25.29053	1.296387:1.17334:-23.57666	1.182129:1.867676:-30.30469	0.9492188:8.077148:-12.15088	-0.2485658:14.7354:-37.57211	Start	Default	
-1.274414:2.720215:-25.29053	1.296387:1.17334:-23.57666	1.182129:1.867676:-30.30469	0.9492188:8.077148:-12.15088	-0.2486234:14.73937:-37.58035	Start	Default	
-1.274414:2.720215:-25.29053	1.296387:1.17334:-23.57666	1.182129:1.867676:-30.30469	0.9492188:8.077148:-12.15088	-0.2793855:14.75666:-37.56475	Start	Default	
-1.274414:2.720215:-25.29053	1.296387:1.17334:-23.57666	1.182129:1.867676:-30.30469	0.9492188:8.077148:-12.15088	-0.4406639:14.93688:-38.2591	Start	Bottle	
-1.155762:2.988281:-25.16309	1.146973:1.54248:-23.60303	1.278809:1.96875:-30.34424	0.9492188:8.077148:-12.15527	-0.4003907:14.80487:-37.80862	Start	Bottle	
-1.155762:2.988281:-25.16309	1.146973:1.54248:-23.60303	1.278809:1.96875:-30.34424	0.9492188:8.077148:-12.15527	-0.3803827:14.71097:-37.50222	Start	Bottle	
-1.155762:2.988281:-25.16309	1.146973:1.54248:-23.60303	1.278809:1.96875:-30.34424	0.9492188:8.077148:-12.15527	-0.3654705:14.63863:-37.25486	Start	Bottle	
-0.8393555:3.594727:-24.97412	1.125:2.592773:-23.68652	1.480957:2.381836:-30.41016	0.9492188:8.077148:-12.15527	-0.3479517:14.54313:-36.93931	Start	Bottle	
-0.8393555:3.594727:-24.97412	1.125:2.592773:-23.68652	1.480957:2.381836:-30.41016	0.9492188:8.077148:-12.15527	-0.3477522:14.50555:-36.82587	Start	Bottle	
-0.8393555:3.594727:-24.97412	1.125:2.592773:-23.68652	1.480957:2.381836:-30.41016	0.9492188:8.077148:-12.15527	-0.3232062:14.36418:-36.32809	Start	Bottle	
-0.8393555:3.594727:-24.97412	1.125:2.592773:-23.68652	1.480957:2.381836:-30.41016	0.9492188:8.077148:-12.15527	-0.2782164:14.12258:-35.56057	Start	Bottle	
-0.355957:4.671387:-24.72803	1.498535:4.416504:-23.66455	1.792969:3.348633:-30.25635	0.9492188:8.077148:-12.15527	-0.3208871:14.43523:-36.6322	Start	Bottle	
-0.355957:4.671387:-24.72803	1.498535:4.416504:-23.66455	1.792969:3.348633:-30.25635	0.9492188:8.077148:-12.15527	-0.2955515:14.23312:-35.93392	Start	Bottle	
-0.355957:4.671387:-24.72803	1.498535:4.416504:-23.66455	1.792969:3.348633:-30.25635	0.9492188:8.077148:-12.15527	-0.3045211:14.29031:-36.07696	Start	Bottle	
-0.355957:4.671387:-24.72803	1.498535:4.416504:-23.66455	1.792969:3.348633:-30.25635	0.9492188:8.077148:-12.15527	-0.2897482:14.20746:-35.82249	Start	Bottle	
0.1230469:6.350098:-24.12158	2.67627:6.675293:-23.1416	2.25:4.557129:-29.51807	0.9492188:8.077148:-12.15088	-0.2916093:14.23262:-35.86201	Start	Bottle	
0.1230469:6.350098:-24.12158	2.67627:6.675293:-23.1416	2.25:4.557129:-29.51807	0.9492188:8.077148:-12.15088	-0.2942853:14.24043:-35.88723	Start	Bottle	
0.1230469:6.350098:-24.12158	2.67627:6.675293:-23.1416	2.25:4.557129:-29.51807	0.9492188:8.077148:-12.15088	-0.3042034:14.28359:-36.03133	Start	Bottle	
0.3691406:7.536621:-23.03613	4.183594:8.10791:-22.02539	2.671875:5.541504:-28.27441	0.9492188:8.077148:-12.15088	-0.3120316:14.32476:-36.16294	Start	Bottle	
0.3691406:7.536621:-23.03613	4.183594:8.10791:-22.02539	2.671875:5.541504:-28.27441	0.9492188:8.077148:-12.15088	-0.3169304:14.33057:-36.17967	Start	Bottle	
0.3691406:7.536621:-23.03613	4.183594:8.10791:-22.02539	2.671875:5.541504:-28.27441	0.9492188:8.077148:-12.15088	-0.3153808:14.33235:-36.15094	Start	Bottle	
0.4658203:7.989258:-21.50684	5.260254:8.692383:-20.50928	3.027832:6.055664:-26.58252	0.9492188:8.077148:-12.15088	-0.3272094:14.35969:-36.23798	ReachForBottle	Bottle	
0.4658203:7.989258:-21.50684	5.260254:8.692383:-20.50928	3.027832:6.055664:-26.58252	0.9492188:8.077148:-12.15088	-0.3310817:14.38378:-36.32103	ReachForBottle	Bottle	
0.4658203:7.989258:-21.50684	5.260254:8.692383:-20.50928	3.027832:6.055664:-26.58252	0.9492188:8.077148:-12.15088	-0.3231275:14.30136:-36.03313	ReachForBottle	Bottle	
0.4658203:7.989258:-21.50684	5.260254:8.692383:-20.50928	3.027832:6.055664:-26.58252	0.9492188:8.077148:-12.15088	-0.3296948:14.34305:-36.18681	ReachForBottle	Bottle	
0.3691406:7.97168:-19.82813	5.686523:8.323242:-18.68555	3.221191:6.011719:-24.94336	0.9492188:8.077148:-12.15527	-0.3489873:14.41852:-36.43598	ReachForBottle	Bottle	
0.3691406:7.97168:-19.82813	5.686523:8.323242:-18.68555	3.221191:6.011719:-24.94336	0.9492188:8.077148:-12.15527	-0.3533024:14.44334:-36.52534	ReachForBottle	Bottle	
0.3691406:7.97168:-19.82813	5.686523:8.323242:-18.68555	3.221191:6.011719:-24.94336	0.9492188:8.077148:-12.15527	-0.3544826:14.44858:-36.53478	ReachForBottle	Bottle	
0.215332:7.694824:-18.45264	5.765625:7.694824:-17.04639	3.243164:5.690918:-23.48438	0.9492188:8.077148:-12.15527	-0.3767217:14.50844:-36.75504	ReachForBottle	Bottle	
0.215332:7.694824:-18.45264	5.765625:7.694824:-17.04639	3.243164:5.690918:-23.48438	0.9492188:8.077148:-12.15527	-0.3832332:14.5487:-36.88387	ReachForBottle	Bottle	
0.215332:7.694824:-18.45264	5.765625:7.694824:-17.04639	3.243164:5.690918:-23.48438	0.9492188:8.077148:-12.15527	-0.3913344:14.54077:-36.87795	ReachForBottle	Bottle	
0.215332:7.694824:-18.45264	5.765625:7.694824:-17.04639	3.243164:5.690918:-23.48438	0.9492188:8.077148:-12.15527	-0.3674204:14.44143:-36.54292	ReachForBottle	Bottle	
0.215332:7.694824:-18.45264	5.765625:7.694824:-17.04639	3.243164:5.690918:-23.48438	0.9492188:8.077148:-12.15527	-0.3776476:14.51285:-36.7599	ReachForBottle	Bottle	
-0.09228516:7.180664:-17.39355	5.44043:7.242188:-15.71484	3.128906:5.348145:-22.3374	0.9492188:8.077148:-12.15088	-0.3868545:14.51461:-36.74306	ReachForBottle	Bottle	
-0.09228516:7.180664:-17.39355	5.44043:7.242188:-15.71484	3.128906:5.348145:-22.3374	0.9492188:8.077148:-12.15088	-0.3809685:14.51596:-36.76339	ReachForBottle	Bottle	
-0.09228516:7.180664:-17.39355	5.44043:7.242188:-15.71484	3.128906:5.348145:-22.3374	0.9492188:8.077148:-12.15088	-0.3849306:14.47331:-36.61372	ReachForBottle	Bottle	
-0.4130859:6.728027:-16.51904	5.071289:6.723633:-14.63379	2.935547:5.005371:-21.43213	0.9492188:8.077148:-12.15088	-0.3893322:14.55889:-36.92569	ReachForBottle	Bottle	
-0.4130859:6.728027:-16.51904	5.071289:6.723633:-14.63379	2.935547:5.005371:-21.43213	0.9492188:8.077148:-12.15088	-0.4010674:14.55374:-36.91183	ReachForBottle	Bottle	
-0.4130859:6.728027:-16.51904	5.071289:6.723633:-14.63379	2.935547:5.005371:-21.43213	0.9492188:8.077148:-12.15088	-0.3947203:14.47442:-36.67433	ReachForBottle	Bottle	
-0.5537109:6.218262:-15.76318	4.825195:6.306152:-13.91748	2.733398:4.671387:-20.75098	0.9492188:8.077148:-12.15088	-0.3781556:14.37963:-36.36899	ReachForBottle	Bottle	
-0.5537109:6.218262:-15.76318	4.825195:6.306152:-13.91748	2.733398:4.671387:-20.75098	0.9492188:8.077148:-12.15088	-0.3851342:14.41962:-36.5148	ReachForBottle	Bottle	
-0.5537109:6.218262:-15.76318	4.825195:6.306152:-13.91748	2.733398:4.671387:-20.75098	0.9492188:8.077148:-12.15088	-0.3853258:14.44489:-36.58463	ReachForBottle	Bottle	
-0.5537109:6.218262:-15.76318	4.825195:6.306152:-13.91748	2.733398:4.671387:-20.75098	0.9492188:8.077148:-12.15088	-0.3920501:14.49538:-36.75142	ReachForBottle	Bottle	
-0.6547852:5.668945:-15.13916	4.521973:5.787598:-13.29346	2.526855:4.324219:-20.17969	0.9492188:8.077148:-12.15088	-0.3896276:14.48949:-36.74342	ReachForBottle	Bottle	
-0.6547852:5.668945:-15.13916	4.521973:5.787598:-13.29346	2.526855:4.324219:-20.17969	0.9492188:8.077148:-12.15088	-0.3888913:14.46923:-36.67	ReachForBottle	Bottle	
-0.6547852:5.668945:-15.13916	4.521973:5.787598:-13.29346	2.526855:4.324219:-20.17969	0.9492188:8.077148:-12.15088	-0.3975536:14.51634:-36.80532	ReachForBottle	Bottle	
-0.769043:5.115234:-14.60303	4.227539:5.277832:-12.74854	2.368652:3.990234:-19.73584	0.9448242:8.077148:-12.15088	-0.3926812:14.48579:-36.71295	ReachForBottle	Bottle	
-0.769043:5.115234:-14.60303	4.227539:5.277832:-12.74854	2.368652:3.990234:-19.73584	0.9448242:8.077148:-12.15088	-0.3940039:14.47338:-36.68401	ReachForBottle	Bottle	
-0.769043:5.115234:-14.60303	4.227539:5.277832:-12.74854	2.368652:3.990234:-19.73584	0.9448242:8.077148:-12.15088	-0.4036869:14.52779:-36.85453	ReachForBottle	Bottle	
-0.769043:5.115234:-14.60303	4.227539:5.277832:-12.74854	2.368652:3.990234:-19.73584	0.9448242:8.077148:-12.15088	-0.4076692:14.62914:-37.21923	ReachForBottle	Bottle	
-0.8481445:4.697754:-14.19434	3.999023:4.803223:-12.32227	2.232422:3.660645:-19.34912	0.9448242:8.077148:-12.15088	-0.4161904:14.69097:-37.41505	ReachForBottle	Bottle	
-0.8481445:4.697754:-14.19434	3.999023:4.803223:-12.32227	2.232422:3.660645:-19.34912	0.9448242:8.077148:-12.15088	-0.4168628:14.69189:-37.42016	ReachForBottle	Bottle	
-0.8481445:4.697754:-14.19434	3.999023:4.803223:-12.32227	2.232422:3.660645:-19.34912	0.9448242:8.077148:-12.15088	-0.4201989:14.71518:-37.49368	ReachForBottle	Bottle	
-0.9580078:4.297852:-13.83398	3.717773:4.407715:-11.92236	2.109375:3.42334:-19.03711	0.9448242:8.077148:-12.15088	-0.4288626:14.76311:-37.64115	ReachForBottle	Bottle	
-0.9580078:4.297852:-13.83398	3.717773:4.407715:-11.92236	2.109375:3.42334:-19.03711	0.9448242:8.077148:-12.15088	-0.4328392:14.79026:-37.7248	ReachForBottle	Bottle	
-0.9580078:4.297852:-13.83398	3.717773:4.407715:-11.92236	2.109375:3.42334:-19.03711	0.9448242:8.077148:-12.15088	-0.4219945:14.73517:-37.5561	ReachForBottle	Bottle	
-0.9580078:4.297852:-13.83398	3.717773:4.407715:-11.92236	2.109375:3.42334:-19.03711	0.9448242:8.077148:-12.15088	-0.346781:14.51815:-36.86794	ReachForBottle	Default	
-0.9316406:4.016602:-13.46924	3.42334:4.249512:-11.59277	2.025879:3.287109:-18.75146	0.8657227:8.063965:-12.09375	-0.3392049:14.62741:-37.24478	ReachForBottle	Default	
-0.9316406:4.016602:-13.46924	3.42334:4.249512:-11.59277	2.025879:3.287109:-18.75146	0.8657227:8.063965:-12.09375	-0.2241696:14.43149:-36.83228	ReachForBottle	Default	
-0.9316406:4.016602:-13.46924	3.42334:4.249512:-11.59277	2.025879:3.287109:-18.75146	0.8657227:8.063965:-12.09375	-0.158889:14.29788:-36.52085	ReachForBottle	Default	
-0.9316406:4.016602:-13.46924	3.42334:4.249512:-11.59277	2.025879:3.287109:-18.75146	0.8657227:8.063965:-12.09375	-0.3025978:14.58913:-37.277	ReachForBottle	Default	
-0.7646484:3.836426:-13.04736	3.225586:4.179199:-11.30713	1.96875:3.273926:-18.45264	0.8349609:8.063965:-12.07178	-0.3066236:14.59619:-37.29936	ReachForBottle	Default	
-0.7646484:3.836426:-13.04736	3.225586:4.179199:-11.30713	1.96875:3.273926:-18.45264	0.8349609:8.063965:-12.07178	-0.2960214:14.57994:-37.23911	ReachForBottle	Default	
-0.7646484:3.836426:-13.04736	3.225586:4.179199:-11.30713	1.96875:3.273926:-18.45264	0.8349609:8.063965:-12.07178	-0.2899168:14.56601:-37.18702	ReachForBottle	Default	
-0.7163086:3.678223:-12.63428	3.186035:4.042969:-10.93799	1.951172:3.317871:-18.09229	0.8613281:8.068359:-12.08936	-0.2817895:14.54419:-37.12814	ReachForBottle	Default	
-0.7163086:3.678223:-12.63428	3.186035:4.042969:-10.93799	1.951172:3.317871:-18.09229	0.8613281:8.068359:-12.08936	-0.1543536:14.27954:-36.43355	ReachForBottle	Default	
-0.7163086:3.678223:-12.63428	3.186035:4.042969:-10.93799	1.951172:3.317871:-18.09229	0.8613281:8.068359:-12.08936	0.2527625:13.4667:-34.28125	ReachForBottle	Default	
-0,6723633,3,537598,-12,24316,	3,089355,3,827637,-10,49854,	1,946777,3,313477,-17,66602,	0,8657227,8,068359,-12,08936,	-0,01731816,14,01367,-35,74033,	Grasped	Default	
-0,6723633,3,537598,-12,24316,	3,089355,3,827637,-10,49854,	1,946777,3,313477,-17,66602,	0,8657227,8,068359,-12,08936,	-0,3596274,14,80794,-37,79488,	Grasped	Default	
-0,6723633,3,537598,-12,24316,	3,089355,3,827637,-10,49854,	1,946777,3,313477,-17,66602,	0,8657227,8,068359,-12,08936,	-0,1304967,14,50659,-37,06539,	Grasped	Default	
-0,6723633,3,537598,-12,24316,	3,089355,3,827637,-10,49854,	1,946777,3,313477,-17,66602,	0,8657227,8,068359,-12,08936,	-0,2621645,14,70214,-37,54996,	Grasped	CupRight	
-0,6723633,3,537598,-12,24316,	3,089355,3,827637,-10,49854,	1,946777,3,313477,-17,66602,	0,8657227,8,068359,-12,08936,	-0,2345936,14,66371,-37,44341,	Grasped	CupRight	
-0.5185547:3.436523:-11.99707	2.526855:3.555176:-10.2832	1.92041:3.313477:-17.40234	0.8789063:8.05957:-12.01465	-0.1265978:14.54241:-37.13536	Grasped	CupRight	
-0.5185547:3.436523:-11.99707	2.526855:3.555176:-10.2832	1.92041:3.313477:-17.40234	0.8789063:8.05957:-12.01465	-0.1800478:14.60992:-37.3103	Grasped	Default	
-0.5185547:3.436523:-11.99707	2.526855:3.555176:-10.2832	1.92041:3.313477:-17.40234	0.8789063:8.05957:-12.01465	-0.2032552:14.63808:-37.38032	Grasped	CupRight	
-0.347168:3.458496:-12.01025	1.819336:3.269531:-10.29639	1.933594:3.335449:-17.33203	0.8393555:8.05957:-11.98389	-0.1948622:14.63198:-37.36327	Grasped	CupRight	
-0.347168:3.458496:-12.01025	1.819336:3.269531:-10.29639	1.933594:3.335449:-17.33203	0.8393555:8.05957:-11.98389	-0.1871941:14.62156:-37.33682	Grasped	CupRight	
-0.347168:3.458496:-12.01025	1.819336:3.269531:-10.29639	1.933594:3.335449:-17.33203	0.8393555:8.05957:-11.98389	-0.1804408:14.61463:-37.31852	Grasped	Default	
-0.1318359:3.708984:-12.24316	1.810547:3.52002:-10.54688	2.039063:3.449707:-17.47705	0.9316406:8.279297:-12.14648	-0.1610121:14.59747:-37.27606	Grasped	CupRight	
-0.1318359:3.708984:-12.24316	1.810547:3.52002:-10.54688	2.039063:3.449707:-17.47705	0.9316406:8.279297:-12.14648	-0.1835574:14.62171:-37.34352	Grasped	CupRight	
-0.1318359:3.708984:-12.24316	1.810547:3.52002:-10.54688	2.039063:3.449707:-17.47705	0.9316406:8.279297:-12.14648	-0.1806016:14.62247:-37.34647	Grasped	CupRight	
-0.1318359:3.708984:-12.24316	1.810547:3.52002:-10.54688	2.039063:3.449707:-17.47705	0.9316406:8.279297:-12.14648	-0.1833498:14.62524:-37.35279	Grasped	CupRight	
0.1362305:4.425293:-12.73975	2.078613:4.179199:-11.03906	2.245605:3.84082:-17.96484	1.463379:8.969238:-12.80566	-0.1894531:14.63969:-37.39632	Grasped	CupRight	
0.1362305:4.425293:-12.73975	2.078613:4.179199:-11.03906	2.245605:3.84082:-17.96484	1.463379:8.969238:-12.80566	-0.2040317:14.64483:-37.42854	Grasped	CupRight	
0.1362305:4.425293:-12.73975	2.078613:4.179199:-11.03906	2.245605:3.84082:-17.96484	1.463379:8.969238:-12.80566	-0.2397267:14.67689:-37.53439	Grasped	CupRight	
0.4174805:5.34375:-13.50439	2.368652:5.102051:-11.77734	2.540039:4.521973:-18.7251	1.850098:9.834961:-13.53955	-0.2627538:14.71055:-37.61003	Grasped	CupRight	
0.4174805:5.34375:-13.50439	2.368652:5.102051:-11.77734	2.540039:4.521973:-18.7251	1.850098:9.834961:-13.53955	-0.2430545:14.68464:-37.56367	Grasped	CupRight	
0.4174805:5.34375:-13.50439	2.368652:5.102051:-11.77734	2.540039:4.521973:-18.7251	1.850098:9.834961:-13.53955	-0.1778363:14.60504:-37.34426	Grasped	CupRight	
0.4174805:5.34375:-13.50439	2.368652:5.102051:-11.77734	2.540039:4.521973:-18.7251	1.850098:9.834961:-13.53955	-0.1785173:14.60992:-37.35452	Grasped	CupRight	
0.8041992:6.310547:-14.47559	2.852051:6.156738:-12.78369	2.966309:5.422852:-19.77979	2.271973:10.76221:-14.3833	-0.1524972:14.56793:-37.24716	Grasped	CupRight	
0.8041992:6.310547:-14.47559	2.852051:6.156738:-12.78369	2.966309:5.422852:-19.77979	2.271973:10.76221:-14.3833	-0.1679572:14.58608:-37.31686	Grasped	CupRight	
0.8041992:6.310547:-14.47559	2.852051:6.156738:-12.78369	2.966309:5.422852:-19.77979	2.271973:10.76221:-14.3833	-0.08139551:14.52894:-37.12943	Grasped	CupRight	
0.8041992:6.310547:-14.47559	2.852051:6.156738:-12.78369	2.966309:5.422852:-19.77979	2.271973:10.76221:-14.3833	-0.169426:14.64497:-37.40013	Grasped	CupRight	
1.393066:7.097168:-15.53906	3.577148:7.004883:-13.79443	3.502441:6.314941:-20.8916	2.685059:11.47852:-15.06006	-0.1885206:14.66073:-37.43563	Grasped	CupRight	
1.393066:7.097168:-15.53906	3.577148:7.004883:-13.79443	3.502441:6.314941:-20.8916	2.685059:11.47852:-15.06006	-0.1928457:14.66863:-37.47819	Grasped	CupRight	
1.393066:7.097168:-15.53906	3.577148:7.004883:-13.79443	3.502441:6.314941:-20.8916	2.685059:11.47852:-15.06006	-0.1400083:14.61882:-37.31955	Grasped	Default	
2.25:7.479492:-16.43115	4.539551:7.580566:-14.79199	4.144043:7.066406:-21.98584	3.260742:11.88721:-15.6665	-0.1297188:14.61389:-37.31128	Grasped	Default	
2.25:7.479492:-16.43115	4.539551:7.580566:-14.79199	4.144043:7.066406:-21.98584	3.260742:11.88721:-15.6665	-0.1429781:14.62329:-37.34084	Grasped	CupRight	
2.25:7.479492:-16.43115	4.539551:7.580566:-14.79199	4.144043:7.066406:-21.98584	3.260742:11.88721:-15.6665	-0.1353863:14.62155:-37.34011	Grasped	CupRight	
3.357422:7.536621:-17.20898	5.660156:7.72998:-15.76758	4.794434:7.580566:-22.85596	3.972656:11.9707:-16.09277	0.0264284:14.42862:-36.81896	Grasped	CupRight	
3.357422:7.536621:-17.20898	5.660156:7.72998:-15.76758	4.794434:7.580566:-22.85596	3.972656:11.9707:-16.09277	-0.1968917:14.66321:-37.47206	Grasped	CupRight	
3.357422:7.536621:-17.20898	5.660156:7.72998:-15.76758	4.794434:7.580566:-22.85596	3.972656:11.9707:-16.09277	-0.1081284:14.5618:-37.23462	Grasped	CupRight	
3.357422:7.536621:-17.20898	5.660156:7.72998:-15.76758	4.794434:7.580566:-22.85596	3.972656:11.9707:-16.09277	-0.1397627:14.60718:-37.32146	Grasped	CupRight	
3.357422:7.536621:-17.20898	5.660156:7.72998:-15.76758	4.794434:7.580566:-22.85596	3.972656:11.9707:-16.09277	-0.1450689:14.61072:-37.33996	Grasped	CupRight	
4.63623:7.334473:-17.79785	6.974121:7.615723:-16.6333	5.47998:7.888184:-23.53271	4.935059:11.75098:-16.35205	-0.1805544:14.64936:-37.43789	Grasped	CupRight	
4.63623:7.334473:-17.79785	6.974121:7.615723:-16.6333	5.47998:7.888184:-23.53271	4.935059:11.75098:-16.35205	-0.2252511:14.71132:-37.58502	Grasped	Bottle	
4.63623:7.334473:-17.79785	6.974121:7.615723:-16.6333	5.47998:7.888184:-23.53271	4.935059:11.75098:-16.35205	-0.2038707:14.68404:-37.51847	Grasped	Bottle	
5.879883:7.053223:-18.21973	8.274902:7.391602:-17.23096	6.134766:7.97168:-23.93262	6.016113:11.39063:-16.48389	-0.2116816:14.69669:-37.55103	Grasped	Bottle	
5.879883:7.053223:-18.21973	8.274902:7.391602:-17.23096	6.134766:7.97168:-23.93262	6.016113:11.39063:-16.48389	-0.2179834:14.6998:-37.56351	Grasped	Default	
5.879883:7.053223:-18.21973	8.274902:7.391602:-17.23096	6.134766:7.97168:-23.93262	6.016113:11.39063:-16.48389	-0.2082024:14.6924:-37.53996	Grasped	Default	
7.075195:6.609375:-18.50537	9.544922:7.03125:-17.68359	6.75:7.949707:-24.14795	7.092773:10.85449:-16.49268	-0.2238954:14.7053:-37.58142	Grasped	Default	
7.075195:6.609375:-18.50537	9.544922:7.03125:-17.68359	6.75:7.949707:-24.14795	7.092773:10.85449:-16.49268	-0.262181:14.74338:-37.68781	Grasped	Default	
7.075195:6.609375:-18.50537	9.544922:7.03125:-17.68359	6.75:7.949707:-24.14795	7.092773:10.85449:-16.49268	-0.3060544:14.80022:-37.81229	Grasped	Default	
7.075195:6.609375:-18.50537	9.544922:7.03125:-17.68359	6.75:7.949707:-24.14795	7.092773:10.85449:-16.49268	-0.3418877:14.84068:-37.91098	Grasped	Bottle	
8.090332:6.09082:-18.65918	10.55566:6.424805:-17.96045	7.281738:7.848633:-24.15674	8.006836:10.19092:-16.33447	-0.3482313:14.84438:-37.92771	Grasped	Bottle	
8.090332:6.09082:-18.65918	10.55566:6.424805:-17.96045	7.281738:7.848633:-24.15674	8.006836:10.19092:-16.33447	-0.3437605:14.83754:-37.9291	Grasped	Default	
8.090332:6.09082:-18.65918	10.55566:6.424805:-17.96045	7.281738:7.848633:-24.15674	8.006836:10.19092:-16.33447	-0.3418097:14.83453:-37.92289	Grasped	Default	
8.090332:6.09082:-18.65918	10.55566:6.424805:-17.96045	7.281738:7.848633:-24.15674	8.006836:10.19092:-16.33447	-0.3454155:14.83585:-37.93251	Grasped	Default	
8.824219:5.400879:-18.70313	11.27197:5.888672:-17.90332	7.69043:7.681641:-23.99854	8.652832:9.395508:-16.03564	-0.3475556:14.83824:-37.94046	Grasped	Default	
8.824219:5.400879:-18.70313	11.27197:5.888672:-17.90332	7.69043:7.681641:-23.99854	8.652832:9.395508:-16.03564	-0.3510568:14.84011:-37.94476	Grasped	Default	
8.824219:5.400879:-18.70313	11.27197:5.888672:-17.90332	7.69043:7.681641:-23.99854	8.652832:9.395508:-16.03564	-0.3062112:14.79764:-37.81288	Grasped	Default	
9.325195:4.78125:-18.54492	11.83447:5.150391:-17.76709	7.998047:7.532227:-23.73047	9.079102:8.666016:-15.68848	-0.3232563:14.81274:-37.85184	Grasped	Default	
9.325195:4.78125:-18.54492	11.83447:5.150391:-17.76709	7.998047:7.532227:-23.73047	9.079102:8.666016:-15.68848	-0.2886925:14.78133:-37.79481	Grasped	Default	
9.325195:4.78125:-18.54492	11.83447:5.150391:-17.76709	7.998047:7.532227:-23.73047	9.079102:8.666016:-15.68848	-0.1572193:14.65769:-37.41917	Grasped	Default	
9.676758:4.275879:-18.33838	12.24756:4.63623:-17.54297	8.20459:7.378418:-23.39209	9.404297:8.037598:-15.30615	-0.1646165:14.65908:-37.437	Grasped	Default	
9.676758:4.275879:-18.33838	12.24756:4.63623:-17.54297	8.20459:7.378418:-23.39209	9.404297:8.037598:-15.30615	-0.1181386:14.59635:-37.27526	Grasped	Default	
9.676758:4.275879:-18.33838	12.24756:4.63623:-17.54297	8.20459:7.378418:-23.39209	9.404297:8.037598:-15.30615	-0.1650003:14.6452:-37.40653	Grasped	Default	
9.676758:4.275879:-18.33838	12.24756:4.63623:-17.54297	8.20459:7.378418:-23.39209	9.404297:8.037598:-15.30615	-0.1460173:14.61931:-37.34952	Grasped	Default	
9.918457:3.75293:-18.04834	12.44092:4.297852:-17.13428	8.323242:7.220215:-22.96582	9.531738:7.431152:-14.81836	-0.1275364:14.59933:-37.29662	Grasped	CupRight	
9.918457:3.75293:-18.04834	12.44092:4.297852:-17.13428	8.323242:7.220215:-22.96582	9.531738:7.431152:-14.81836	-0.1319807:14.60484:-37.31277	Grasped	CupRight	
9.918457:3.75293:-18.04834	12.44092:4.297852:-17.13428	8.323242:7.220215:-22.96582	9.531738:7.431152:-14.81836	-0.1300973:14.60198:-37.30342	Grasped	CupRight	
10.07227:3.291504:-17.67041	12.59473:3.959473:-16.68604	8.406738:7.066406:-22.46045	9.619629:6.877441:-14.29541	-0.1342956:14.61239:-37.33587	Grasped	CupRight	
10.07227:3.291504:-17.67041	12.59473:3.959473:-16.68604	8.406738:7.066406:-22.46045	9.619629:6.877441:-14.29541	-0.1287559:14.60816:-37.32572	Grasped	CupRight	
10.07227:3.291504:-17.67041	12.59473:3.959473:-16.68604	8.406738:7.066406:-22.46045	9.619629:6.877441:-14.29541	-0.1528455:14.65939:-37.44321	Grasped	Default	
10.07227:3.291504:-17.67041	12.59473:3.959473:-16.68604	8.406738:7.066406:-22.46045	9.619629:6.877441:-14.29541	-0.1093289:14.62416:-37.33969	Grasped	Default	
10.13379:2.939941:-17.24854	12.69141:3.555176:-16.20703	8.441895:6.881836:-21.9375	9.650391:6.32373:-13.76367	-0.07801017:14.59471:-37.26264	Grasped	Default	
10.13379:2.939941:-17.24854	12.69141:3.555176:-16.20703	8.441895:6.881836:-21.9375	9.650391:6.32373:-13.76367	-0.07817134:14.58841:-37.25581	Grasped	Default	
10.13379:2.939941:-17.24854	12.69141:3.555176:-16.20703	8.441895:6.881836:-21.9375	9.650391:6.32373:-13.76367	-0.07698607:14.57286:-37.23147	Grasped	CupRight	
10.19531:2.474121:-16.77832	12.70898:3.282715:-15.72803	8.4375:6.65332:-21.43213	9.632813:5.791992:-13.24072	-0.05667454:14.55185:-37.16981	Grasped	CupRight	
10.19531:2.474121:-16.77832	12.70898:3.282715:-15.72803	8.4375:6.65332:-21.43213	9.632813:5.791992:-13.24072	-0.04644671:14.53803:-37.13214	Grasped	CupRight	
10.19531:2.474121:-16.77832	12.70898:3.282715:-15.72803	8.4375:6.65332:-21.43213	9.632813:5.791992:-13.24072	-0.04184884:14.53882:-37.1238	Grasped	CupRight	
10.19531:2.474121:-16.77832	12.70898:3.282715:-15.72803	8.4375:6.65332:-21.43213	9.632813:5.791992:-13.24072	-0.06108749:14.55217:-37.16437	Grasped	CupRight	
10.2041:2.043457:-16.45752	12.68262:2.904785:-15.30176	8.38916:6.411621:-20.99268	9.553711:5.115234:-12.77051	-0.08254203:14.578:-37.22761	Grasped	Default	
10.2041:2.043457:-16.45752	12.68262:2.904785:-15.30176	8.38916:6.411621:-20.99268	9.553711:5.115234:-12.77051	-0.09385979:14.58416:-37.2489	Grasped	Bottle	
10.2041:2.043457:-16.45752	12.68262:2.904785:-15.30176	8.38916:6.411621:-20.99268	9.553711:5.115234:-12.77051	-0.07529414:14.56728:-37.20515	Grasped	Bottle	
10.22168:1.604004:-16.16309	12.72217:2.478516:-14.94141	8.349609:6.143555:-20.58398	9.553711:4.447266:-12.39258	-0.09431905:14.5827:-37.25062	Grasped	Bottle	
10.22168:1.604004:-16.16309	12.72217:2.478516:-14.94141	8.349609:6.143555:-20.58398	9.553711:4.447266:-12.39258	-0.09112605:14.58251:-37.24863	Grasped	Bottle	
