ThumbPosition	IndexPosition	PalmPosition	ObjectPosition	GazePosition	Annotations	GazeAnnotations	
-1.885254:3.036621:-25.81787	2.06543:1.375488:-23.50635	1.432617:2.061035:-30.44092	1.17334:8.094727:-12.22998	-0.3492857:14.88722:-37.50334	Start	Default	
-1.885254:3.036621:-25.81787	2.06543:1.375488:-23.50635	1.432617:2.061035:-30.44092	1.17334:8.094727:-12.22998	-0.3485015:14.8876:-37.51247	Start	Default	
-1.885254:3.036621:-25.81787	2.06543:1.375488:-23.50635	1.432617:2.061035:-30.44092	1.17334:8.094727:-12.22998	-0.3469578:14.88702:-37.50017	Start	Default	
-1.902832:3.041016:-25.83545	2.061035:1.366699:-23.49756	1.428223:2.06543:-30.43652	1.17334:8.090332:-12.22998	-0.3479599:14.88175:-37.488	Start	Default	
-1.902832:3.041016:-25.83545	2.061035:1.366699:-23.49756	1.428223:2.06543:-30.43652	1.17334:8.090332:-12.22998	-0.3485301:14.88226:-37.48921	Start	Default	
-1.902832:3.041016:-25.83545	2.061035:1.366699:-23.49756	1.428223:2.06543:-30.43652	1.17334:8.090332:-12.22998	-0.3510464:14.8834:-37.52113	Start	Default	
-1.911621:3.023438:-25.86621	2.056641:1.371094:-23.49316	1.423828:2.06543:-30.44531	1.168945:8.090332:-12.22559	-0.3542562:14.8849:-37.55052	Start	Default	
-1.911621:3.023438:-25.86621	2.056641:1.371094:-23.49316	1.423828:2.06543:-30.44531	1.168945:8.090332:-12.22559	-0.3538001:14.88508:-37.56842	Start	Default	
-1.911621:3.023438:-25.86621	2.056641:1.371094:-23.49316	1.423828:2.06543:-30.44531	1.168945:8.090332:-12.22559	-0.3550628:14.89292:-37.61943	Start	Default	
-1.911621:3.023438:-25.86621	2.056641:1.371094:-23.49316	1.423828:2.06543:-30.44531	1.168945:8.090332:-12.22559	-0.3496977:14.88108:-37.44017	Start	Default	
-1.916016:2.992676:-25.87939	2.06543:1.349121:-23.50195	1.423828:2.069824:-30.44971	1.168945:8.090332:-12.22559	-0.3551964:14.89258:-37.64207	Start	Default	
-1.916016:2.992676:-25.87939	2.06543:1.349121:-23.50195	1.423828:2.069824:-30.44971	1.168945:8.090332:-12.22559	-0.3572624:14.89572:-37.68616	Start	Default	
-1.916016:2.992676:-25.87939	2.06543:1.349121:-23.50195	1.423828:2.069824:-30.44971	1.168945:8.090332:-12.22559	-0.3546804:14.88848:-37.59771	Start	Default	
-1.902832:2.904785:-25.87061	2.056641:1.335938:-23.50635	1.423828:2.069824:-30.44531	1.17334:8.090332:-12.22998	-0.350608:14.87929:-37.44968	Start	Default	
-1.902832:2.904785:-25.87061	2.056641:1.335938:-23.50635	1.423828:2.069824:-30.44531	1.17334:8.090332:-12.22998	-0.3578672:14.88476:-37.54393	Start	Default	
-1.902832:2.904785:-25.87061	2.056641:1.335938:-23.50635	1.423828:2.069824:-30.44531	1.17334:8.090332:-12.22998	-0.3537215:14.87969:-37.47221	Start	Default	
-1.902832:2.904785:-25.87061	2.056641:1.335938:-23.50635	1.423828:2.069824:-30.44531	1.17334:8.090332:-12.22998	-0.3531944:14.88028:-37.49397	Start	Default	
-1.867676:2.847656:-25.85303	2.061035:1.331543:-23.50195	1.419434:2.06543:-30.44531	1.17334:8.090332:-12.22998	-0.3534719:14.88039:-37.50043	Start	Default	
-1.867676:2.847656:-25.85303	2.061035:1.331543:-23.50195	1.419434:2.06543:-30.44531	1.17334:8.090332:-12.22998	-0.3651692:14.81717:-37.12648	Start	Default	
-1.867676:2.847656:-25.85303	2.061035:1.331543:-23.50195	1.419434:2.06543:-30.44531	1.17334:8.090332:-12.22998	-0.4127582:14.50708:-36.25357	Start	Default	
-1.867676:2.847656:-25.85303	2.061035:1.331543:-23.50195	1.419434:2.06543:-30.44531	1.17334:8.090332:-12.22998	-0.4077896:14.50031:-36.66523	Start	Default	
-1.82373:2.790527:-25.83984	2.061035:1.318359:-23.50195	1.415039:2.056641:-30.44092	1.17334:8.090332:-12.22559	-0.4252869:14.11554:-35.32479	Start	Default	
-1.82373:2.790527:-25.83984	2.061035:1.318359:-23.50195	1.415039:2.056641:-30.44092	1.17334:8.090332:-12.22559	-0.4398897:14.39681:-36.42876	Start	Default	
-1.82373:2.790527:-25.83984	2.061035:1.318359:-23.50195	1.415039:2.056641:-30.44092	1.17334:8.090332:-12.22559	-0.384645:14.90908:-38.31622	Start	Default	
-1.792969:2.698242:-25.80029	2.047852:1.322754:-23.50195	1.415039:2.052246:-30.44092	1.17334:8.090332:-12.22559	-0.4130383:14.57274:-37.00598	Start	Default	
-1.792969:2.698242:-25.80029	2.047852:1.322754:-23.50195	1.415039:2.052246:-30.44092	1.17334:8.090332:-12.22559	-0.4194444:14.47659:-36.64026	Start	Default	
-1.792969:2.698242:-25.80029	2.047852:1.322754:-23.50195	1.415039:2.052246:-30.44092	1.17334:8.090332:-12.22559	-0.4352997:14.28526:-35.95247	Start	Default	
-1.779785:2.693848:-25.78271	2.078613:1.344727:-23.4624	1.419434:2.043457:-30.44531	1.17334:8.090332:-12.22559	-0.4495258:14.15947:-35.47612	Start	Default	
-1.779785:2.693848:-25.78271	2.078613:1.344727:-23.4624	1.419434:2.043457:-30.44531	1.17334:8.090332:-12.22559	-0.4280244:14.44311:-36.56031	Start	Default	
-1.779785:2.693848:-25.78271	2.078613:1.344727:-23.4624	1.419434:2.043457:-30.44531	1.17334:8.090332:-12.22559	-0.4562435:14.0197:-35.13967	Start	Default	
-1.779785:2.693848:-25.78271	2.078613:1.344727:-23.4624	1.419434:2.043457:-30.44531	1.17334:8.090332:-12.22559	-0.4799107:14.16317:-35.67426	Start	Default	
-1.73584:2.821289:-25.76514	2.179688:1.437012:-23.48438	1.568848:2.179688:-30.41455	1.17334:8.094727:-12.22559	-0.4600698:14.49423:-36.88277	Start	Default	
-1.73584:2.821289:-25.76514	2.179688:1.437012:-23.48438	1.568848:2.179688:-30.41455	1.17334:8.094727:-12.22559	-0.4640613:14.38379:-36.40875	Start	Default	
-1.73584:2.821289:-25.76514	2.179688:1.437012:-23.48438	1.568848:2.179688:-30.41455	1.17334:8.094727:-12.22559	-0.4633202:14.4144:-36.55914	Start	Default	
-1.766602:3.172852:-25.51465	2.302734:2.039063:-23.31738	1.841309:2.636719:-30.24756	1.17334:8.094727:-12.22998	-0.4365196:14.47906:-36.75873	Start	Default	
-1.766602:3.172852:-25.51465	2.302734:2.039063:-23.31738	1.841309:2.636719:-30.24756	1.17334:8.094727:-12.22998	-0.3778333:14.10813:-35.74323	Start	Bottle	
-1.766602:3.172852:-25.51465	2.302734:2.039063:-23.31738	1.841309:2.636719:-30.24756	1.17334:8.094727:-12.22998	-0.4375506:14.74289:-37.80686	Start	Bottle	
-1.766602:3.172852:-25.51465	2.302734:2.039063:-23.31738	1.841309:2.636719:-30.24756	1.17334:8.094727:-12.22998	-0.4177691:14.59884:-37.31108	Start	Bottle	
-1.766602:3.172852:-25.51465	2.302734:2.039063:-23.31738	1.841309:2.636719:-30.24756	1.17334:8.094727:-12.22998	-0.4202155:14.54833:-37.14043	Start	Bottle	
-1.441406:4.047363:-24.87305	2.707031:3.304688:-22.74609	2.109375:3.414551:-29.75098	1.17334:8.094727:-12.22559	-0.4224914:14.56651:-37.21159	Start	Bottle	
-1.441406:4.047363:-24.87305	2.707031:3.304688:-22.74609	2.109375:3.414551:-29.75098	1.17334:8.094727:-12.22559	-0.4285676:14.48521:-36.92929	Start	Bottle	
-1.441406:4.047363:-24.87305	2.707031:3.304688:-22.74609	2.109375:3.414551:-29.75098	1.17334:8.094727:-12.22559	-0.4111357:14.51283:-36.98192	Start	Bottle	
-1.019531:5.088867:-23.83594	3.260742:4.891113:-21.86719	2.355469:4.526367:-28.75342	1.17334:8.094727:-12.22559	-0.4157848:14.54767:-37.08128	Start	Bottle	
-1.019531:5.088867:-23.83594	3.260742:4.891113:-21.86719	2.355469:4.526367:-28.75342	1.17334:8.094727:-12.22559	-0.4109887:14.56659:-37.1366	Start	Bottle	
-1.019531:5.088867:-23.83594	3.260742:4.891113:-21.86719	2.355469:4.526367:-28.75342	1.17334:8.094727:-12.22559	-0.41451:14.44165:-36.73681	Start	Bottle	
-0.7646484:6.183105:-22.31982	3.814453:6.279785:-20.61914	2.597168:5.449219:-27.43506	1.17334:8.094727:-12.22559	-0.4187847:14.53806:-37.04281	ReachForBottle	Bottle	
-0.7646484:6.183105:-22.31982	3.814453:6.279785:-20.61914	2.597168:5.449219:-27.43506	1.17334:8.094727:-12.22559	-0.4212485:14.55667:-37.16152	ReachForBottle	Bottle	
-0.7646484:6.183105:-22.31982	3.814453:6.279785:-20.61914	2.597168:5.449219:-27.43506	1.17334:8.094727:-12.22559	-0.4320136:14.60435:-37.34322	ReachForBottle	Bottle	
-0.7646484:6.183105:-22.31982	3.814453:6.279785:-20.61914	2.597168:5.449219:-27.43506	1.17334:8.094727:-12.22559	-0.4241562:14.56785:-37.1847	ReachForBottle	Bottle	
-0.7646484:6.183105:-22.31982	3.814453:6.279785:-20.61914	2.597168:5.449219:-27.43506	1.17334:8.094727:-12.22559	-0.4253826:14.51294:-37.01781	ReachForBottle	Bottle	
-0.5800781:6.877441:-20.61035	4.21875:7.171875:-19.03711	2.729004:5.879883:-25.75635	1.17334:8.094727:-12.22559	-0.481036:14.72489:-37.73658	ReachForBottle	Default	
-0.5800781:6.877441:-20.61035	4.21875:7.171875:-19.03711	2.729004:5.879883:-25.75635	1.17334:8.094727:-12.22559	-0.4946056:14.84804:-38.10157	ReachForBottle	Default	
-0.5800781:6.877441:-20.61035	4.21875:7.171875:-19.03711	2.729004:5.879883:-25.75635	1.17334:8.094727:-12.22559	-0.5116673:14.84574:-38.06834	ReachForBottle	Default	
-0.5097656:6.956543:-18.70313	4.473633:7.334473:-17.46387	2.702637:5.835938:-24.1084	1.17334:8.094727:-12.22998	-0.5970904:14.65086:-37.5414	ReachForBottle	Default	
-0.5097656:6.956543:-18.70313	4.473633:7.334473:-17.46387	2.702637:5.835938:-24.1084	1.17334:8.094727:-12.22998	-0.60953:14.65666:-37.53698	ReachForBottle	Default	
-0.5097656:6.956543:-18.70313	4.473633:7.334473:-17.46387	2.702637:5.835938:-24.1084	1.17334:8.094727:-12.22998	-0.5479615:14.76625:-37.88968	ReachForBottle	Default	
-0.5097656:6.956543:-18.70313	4.473633:7.334473:-17.46387	2.702637:5.835938:-24.1084	1.17334:8.094727:-12.22998	-0.5069097:14.86054:-38.11432	ReachForBottle	Default	
-0.5361328:6.776367:-17.0376	4.54834:7.088379:-15.94336	2.553223:5.585449:-22.53516	1.17334:8.094727:-12.22559	-0.5155072:14.8546:-38.08849	ReachForBottle	Default	
-0.5361328:6.776367:-17.0376	4.54834:7.088379:-15.94336	2.553223:5.585449:-22.53516	1.17334:8.094727:-12.22559	-0.5185739:14.84265:-38.07189	ReachForBottle	CupLeft	
-0.5361328:6.776367:-17.0376	4.54834:7.088379:-15.94336	2.553223:5.585449:-22.53516	1.17334:8.094727:-12.22559	-0.5216105:14.81528:-38.03843	ReachForBottle	CupLeft	
-0.6987305:6.336914:-15.61816	4.513184:6.587402:-14.58984	2.355469:5.233887:-21.18604	1.17334:8.094727:-12.22559	-0.5405323:14.78396:-37.97789	ReachForBottle	CupLeft	
-0.6987305:6.336914:-15.61816	4.513184:6.587402:-14.58984	2.355469:5.233887:-21.18604	1.17334:8.094727:-12.22559	-0.5359582:14.78948:-37.99461	ReachForBottle	CupLeft	
-0.6987305:6.336914:-15.61816	4.513184:6.587402:-14.58984	2.355469:5.233887:-21.18604	1.17334:8.094727:-12.22559	-0.5261164:14.81761:-38.04042	ReachForBottle	CupLeft	
-0.6987305:6.336914:-15.61816	4.513184:6.587402:-14.58984	2.355469:5.233887:-21.18604	1.17334:8.094727:-12.22559	-0.5292531:14.81179:-38.02876	ReachForBottle	CupLeft	
-0.9536133:5.76123:-14.4668	4.381348:5.967773:-13.4209	2.144531:4.812012:-20.03906	1.17334:8.094727:-12.22559	-0.5284342:14.8182:-38.03699	ReachForBottle	CupLeft	
-0.9536133:5.76123:-14.4668	4.381348:5.967773:-13.4209	2.144531:4.812012:-20.03906	1.17334:8.094727:-12.22559	-0.5357217:14.81661:-38.02522	ReachForBottle	CupLeft	
-0.9536133:5.76123:-14.4668	4.381348:5.967773:-13.4209	2.144531:4.812012:-20.03906	1.17334:8.094727:-12.22559	-0.532885:14.81471:-38.01106	ReachForBottle	CupLeft	
-1.204102:5.24707:-13.63623	4.183594:5.444824:-12.5332	1.933594:4.385742:-19.15576	1.177734:8.094727:-12.22998	-0.5364949:14.80924:-37.99605	ReachForBottle	CupLeft	
-1.204102:5.24707:-13.63623	4.183594:5.444824:-12.5332	1.933594:4.385742:-19.15576	1.177734:8.094727:-12.22998	-0.5355176:14.82177:-38.01263	ReachForBottle	CupLeft	
-1.204102:5.24707:-13.63623	4.183594:5.444824:-12.5332	1.933594:4.385742:-19.15576	1.177734:8.094727:-12.22998	-0.5418713:14.8226:-38.00705	ReachForBottle	CupLeft	
-1.204102:5.24707:-13.63623	4.183594:5.444824:-12.5332	1.933594:4.385742:-19.15576	1.177734:8.094727:-12.22998	-0.5443623:14.81565:-37.98711	ReachForBottle	CupLeft	
-1.393066:4.772461:-12.91992	3.924316:4.842773:-11.77295	1.753418:4.007813:-18.50537	1.177734:8.094727:-12.22998	-0.5456145:14.81321:-37.98227	ReachForBottle	CupLeft	
-1.393066:4.772461:-12.91992	3.924316:4.842773:-11.77295	1.753418:4.007813:-18.50537	1.177734:8.094727:-12.22998	-0.5526145:14.80672:-37.96575	ReachForBottle	CupLeft	
-1.393066:4.772461:-12.91992	3.924316:4.842773:-11.77295	1.753418:4.007813:-18.50537	1.177734:8.094727:-12.22998	-0.5629393:14.79417:-37.92867	ReachForBottle	CupLeft	
-1.349121:4.311035:-12.26074	3.647461:4.398926:-11.21484	1.595215:3.687012:-17.96484	1.142578:8.085938:-12.20801	-0.5706576:14.77793:-37.9056	ReachForBottle	CupLeft	
-1.349121:4.311035:-12.26074	3.647461:4.398926:-11.21484	1.595215:3.687012:-17.96484	1.142578:8.085938:-12.20801	-0.5667341:14.78562:-37.917	ReachForBottle	CupLeft	
-1.349121:4.311035:-12.26074	3.647461:4.398926:-11.21484	1.595215:3.687012:-17.96484	1.142578:8.085938:-12.20801	-0.5637802:14.79305:-37.92927	ReachForBottle	CupLeft	
-1.349121:4.311035:-12.26074	3.647461:4.398926:-11.21484	1.595215:3.687012:-17.96484	1.142578:8.085938:-12.20801	-0.5710056:14.79806:-37.92576	ReachForBottle	CupLeft	
-1.349121:4.311035:-12.26074	3.647461:4.398926:-11.21484	1.595215:3.687012:-17.96484	1.142578:8.085938:-12.20801	-0.5573249:14.80105:-37.94966	ReachForBottle	CupLeft	
-0.9448242:4.020996:-11.6499	3.383789:4.157227:-10.81494	1.511719:3.502441:-17.53857	1.023926:8.063965:-12.01465	-0.5566698:14.8071:-37.96462	Grasped	CupLeft	
-0.9448242:4.020996:-11.6499	3.383789:4.157227:-10.81494	1.511719:3.502441:-17.53857	1.023926:8.063965:-12.01465	-0.5630254:14.81021:-37.9581	Grasped	CupLeft	
-0.9448242:4.020996:-11.6499	3.383789:4.157227:-10.81494	1.511719:3.502441:-17.53857	1.023926:8.063965:-12.01465	-0.5679652:14.79379:-37.93517	Grasped	CupLeft	
-0.6503906:3.770508:-11.26758	2.825684:3.950684:-10.5293	1.445801:3.418945:-17.2749	1.006348:8.041992:-11.86523	-0.5297852:14.87001:-38.08633	Grasped	CupLeft	
-0.6503906:3.770508:-11.26758	2.825684:3.950684:-10.5293	1.445801:3.418945:-17.2749	1.006348:8.041992:-11.86523	-0.5618857:14.81685:-37.98761	Grasped	CupLeft	
-0.6503906:3.770508:-11.26758	2.825684:3.950684:-10.5293	1.445801:3.418945:-17.2749	1.006348:8.041992:-11.86523	-0.5716371:14.79844:-37.94941	Grasped	CupLeft	
-0.6503906:3.770508:-11.26758	2.825684:3.950684:-10.5293	1.445801:3.418945:-17.2749	1.006348:8.041992:-11.86523	-0.5922461:14.74525:-37.83389	Grasped	CupLeft	
-0.8481445:3.730957:-11.28076	2.135742:4.095703:-10.54688	1.278809:3.432129:-17.22656	0.3515625:8.081543:-11.94873	-0.5610337:14.82241:-37.98647	Grasped	Default	
-0.8481445:3.730957:-11.28076	2.135742:4.095703:-10.54688	1.278809:3.432129:-17.22656	0.3515625:8.081543:-11.94873	-0.5905172:14.75667:-37.84721	Grasped	Default	
-0.8481445:3.730957:-11.28076	2.135742:4.095703:-10.54688	1.278809:3.432129:-17.22656	0.3515625:8.081543:-11.94873	-0.7975444:14.28321:-36.81231	Grasped	Default	
-1.283203:3.484863:-11.45215	1.155762:4.438477:-10.70068	0.9755859:3.568359:-17.30566	-1.023926:7.976074:-12.17725	-0.7575194:14.37619:-37.01567	Grasped	CupLeft	
-1.283203:3.484863:-11.45215	1.155762:4.438477:-10.70068	0.9755859:3.568359:-17.30566	-1.023926:7.976074:-12.17725	-0.521881:14.89099:-38.11766	Grasped	CupLeft	
-1.283203:3.484863:-11.45215	1.155762:4.438477:-10.70068	0.9755859:3.568359:-17.30566	-1.023926:7.976074:-12.17725	-0.6788144:14.59157:-37.37883	Grasped	CupLeft	
-1.283203:3.484863:-11.45215	1.155762:4.438477:-10.70068	0.9755859:3.568359:-17.30566	-1.023926:7.976074:-12.17725	-0.5954586:14.79808:-37.87808	Grasped	CupLeft	
-1.740234:3.203613:-11.63672	0.1933594:4.860352:-10.84131	0.5888672:3.748535:-17.41992	-2.562012:7.624512:-12.46289	-0.5915632:14.81271:-37.89306	Grasped	CupLeft	
-1.740234:3.203613:-11.63672	0.1933594:4.860352:-10.84131	0.5888672:3.748535:-17.41992	-2.562012:7.624512:-12.46289	-0.5943686:14.80804:-37.88851	Grasped	CupLeft	
-1.740234:3.203613:-11.63672	0.1933594:4.860352:-10.84131	0.5888672:3.748535:-17.41992	-2.562012:7.624512:-12.46289	-0.5984707:14.7943:-37.85752	Grasped	CupLeft	
-1.740234:3.203613:-11.63672	0.1933594:4.860352:-10.84131	0.5888672:3.748535:-17.41992	-2.562012:7.624512:-12.46289	-0.6831025:14.64929:-37.45667	Grasped	CupLeft	
-2.109375:2.979492:-11.73779	-0.703125:5.194336:-10.93359	0.1889648:3.9375:-17.47266	-3.941895:7.035645:-12.70459	-0.6580859:14.69009:-37.59773	Grasped	CupLeft	
-2.109375:2.979492:-11.73779	-0.703125:5.194336:-10.93359	0.1889648:3.9375:-17.47266	-3.941895:7.035645:-12.70459	-0.6514462:14.69399:-37.61744	Grasped	CupLeft	
-2.109375:2.979492:-11.73779	-0.703125:5.194336:-10.93359	0.1889648:3.9375:-17.47266	-3.941895:7.035645:-12.70459	-0.6469637:14.69302:-37.62592	Grasped	CupLeft	
-2.109375:2.979492:-11.73779	-0.703125:5.194336:-10.93359	0.1889648:3.9375:-17.47266	-3.941895:7.035645:-12.70459	-0.6982394:14.59914:-37.38937	Grasped	CupLeft	
-2.337891:2.698242:-11.69385	-1.54248:5.282227:-10.88965	-0.2109375:4.108887:-17.41553	-4.948242:6.244629:-12.68262	-0.7521938:14.4877:-37.10832	Grasped	CupLeft	
-2.337891:2.698242:-11.69385	-1.54248:5.282227:-10.88965	-0.2109375:4.108887:-17.41553	-4.948242:6.244629:-12.68262	-0.74471:14.52395:-37.1828	Grasped	CupLeft	
-2.337891:2.698242:-11.69385	-1.54248:5.282227:-10.88965	-0.2109375:4.108887:-17.41553	-4.948242:6.244629:-12.68262	-0.7408334:14.52579:-37.20784	Grasped	CupLeft	
-2.43457:2.438965:-11.51367	-2.179688:5.145996:-10.67871	-0.5537109:4.258301:-17.22217	-5.646973:5.378906:-12.48486	-0.8397986:14.36077:-36.81467	Grasped	CupLeft	
-2.43457:2.438965:-11.51367	-2.179688:5.145996:-10.67871	-0.5537109:4.258301:-17.22217	-5.646973:5.378906:-12.48486	-0.8043397:14.39678:-36.9264	Grasped	CupLeft	
-2.43457:2.438965:-11.51367	-2.179688:5.145996:-10.67871	-0.5537109:4.258301:-17.22217	-5.646973:5.378906:-12.48486	-0.6719636:14.62581:-37.51525	Grasped	Bottle	
-2.443359:2.197266:-11.23242	-2.649902:4.935059:-10.38428	-0.8349609:4.368164:-16.9585	-6.068848:4.539551:-12.19922	-0.6624057:14.65545:-37.58188	Grasped	CupLeft	
-2.443359:2.197266:-11.23242	-2.649902:4.935059:-10.38428	-0.8349609:4.368164:-16.9585	-6.068848:4.539551:-12.19922	-0.6329564:14.71437:-37.7266	Grasped	CupLeft	
-2.443359:2.197266:-11.23242	-2.649902:4.935059:-10.38428	-0.8349609:4.368164:-16.9585	-6.068848:4.539551:-12.19922	-0.6622893:14.66038:-37.59665	Grasped	CupLeft	
-2.443359:2.197266:-11.23242	-2.649902:4.935059:-10.38428	-0.8349609:4.368164:-16.9585	-6.068848:4.539551:-12.19922	-0.6583565:14.66908:-37.61715	Grasped	CupLeft	
-2.443359:2.197266:-11.23242	-2.649902:4.935059:-10.38428	-0.8349609:4.368164:-16.9585	-6.068848:4.539551:-12.19922	-0.6430201:14.70012:-37.69598	Grasped	CupLeft	
-2.425781:2.078613:-10.9292	-3.036621:4.754883:-10.07227	-1.094238:4.482422:-16.65088	-6.336914:3.796875:-11.88281	-0.6271734:14.72193:-37.74825	Grasped	CupLeft	
-2.425781:2.078613:-10.9292	-3.036621:4.754883:-10.07227	-1.094238:4.482422:-16.65088	-6.336914:3.796875:-11.88281	-0.7565335:14.44738:-37.15099	Grasped	Bottle	
