ThumbPosition	IndexPosition	PalmPosition	ObjectPosition	GazePosition	Annotations	GazeAnnotations	
-1.322754:-2.11377:-26.97803	0.9448242:3.9375:-25.93652	1.577637:1.946777:-31.1748	0.8789063:8.002441:-11.68945	-0.4108071:14.91896:-37.7094	Start	Default	
-1.322754:-2.11377:-26.97803	0.9448242:3.9375:-25.93652	1.577637:1.946777:-31.1748	0.8789063:8.002441:-11.68945	-0.4218659:14.92817:-37.75494	Start	Default	
-1.322754:-2.11377:-26.97803	0.9448242:3.9375:-25.93652	1.577637:1.946777:-31.1748	0.8789063:8.002441:-11.68945	-0.4226241:14.92781:-37.75301	Start	Default	
-1.322754:-2.11377:-26.97803	0.9448242:3.9375:-25.93652	1.577637:1.946777:-31.1748	0.8789063:8.002441:-11.68945	-0.41888:14.92658:-37.73813	Start	Default	
-1.252441:-1.981934:-27.07471	0.9711914:3.9375:-25.98047	1.577637:1.937988:-31.1748	0.8789063:8.002441:-11.68506	-0.4189716:14.9336:-37.72392	Start	Default	
-1.252441:-1.981934:-27.07471	0.9711914:3.9375:-25.98047	1.577637:1.937988:-31.1748	0.8789063:8.002441:-11.68506	-0.4287806:14.93773:-37.70214	Start	Default	
-1.252441:-1.981934:-27.07471	0.9711914:3.9375:-25.98047	1.577637:1.937988:-31.1748	0.8789063:8.002441:-11.68506	-0.4791481:14.93195:-37.72792	Start	Default	
-1.252441:-1.981934:-27.07471	0.9711914:3.9375:-25.98047	1.577637:1.937988:-31.1748	0.8789063:8.002441:-11.68506	-0.5015293:14.92695:-37.71934	Start	Default	
-1.226074:-1.797363:-27.18896	0.9316406:3.928711:-26.02002	1.577637:1.916016:-31.1748	0.8789063:8.002441:-11.68506	-0.4985918:14.9266:-37.70506	Start	Default	
-1.226074:-1.797363:-27.18896	0.9316406:3.928711:-26.02002	1.577637:1.916016:-31.1748	0.8789063:8.002441:-11.68506	-0.4940624:14.92844:-37.69408	Start	Default	
-1.226074:-1.797363:-27.18896	0.9316406:3.928711:-26.02002	1.577637:1.916016:-31.1748	0.8789063:8.002441:-11.68506	-0.4940216:14.92731:-37.69202	Start	Default	
-1.208496:-1.529297:-27.29883	0.9580078:3.919922:-26.12988	1.577637:1.907227:-31.17041	0.8789063:8.002441:-11.68506	-0.4893528:14.92706:-37.66848	Start	Default	
-1.208496:-1.529297:-27.29883	0.9580078:3.919922:-26.12988	1.577637:1.907227:-31.17041	0.8789063:8.002441:-11.68506	-0.485698:14.92797:-37.66721	Start	Default	
-1.208496:-1.529297:-27.29883	0.9580078:3.919922:-26.12988	1.577637:1.907227:-31.17041	0.8789063:8.002441:-11.68506	-0.4874554:14.93901:-37.70613	Start	Default	
-1.208496:-1.529297:-27.29883	0.9580078:3.919922:-26.12988	1.577637:1.907227:-31.17041	0.8789063:8.002441:-11.68506	-0.4949869:14.89481:-37.62627	Start	Default	
-1.111816:-1.256836:-27.32959	1.107422:3.994629:-26.14746	1.59082:1.902832:-31.16602	0.8789063:8.002441:-11.68506	-0.515172:14.82599:-37.60027	Start	Default	
-1.111816:-1.256836:-27.32959	1.107422:3.994629:-26.14746	1.59082:1.902832:-31.16602	0.8789063:8.002441:-11.68506	-0.5089141:14.79679:-37.6034	Start	Default	
-1.111816:-1.256836:-27.32959	1.107422:3.994629:-26.14746	1.59082:1.902832:-31.16602	0.8789063:8.002441:-11.68506	-0.5019136:14.81392:-37.64471	Start	Default	
-1.111816:-1.256836:-27.32959	1.107422:3.994629:-26.14746	1.59082:1.902832:-31.16602	0.8789063:8.002441:-11.68506	-0.467577:14.80446:-37.61611	Start	Default	
-1.094238:-0.8041992:-27.41309	1.212891:4.064941:-26.15186	1.599609:1.894043:-31.16162	0.8789063:8.002441:-11.68506	-0.4486217:14.80918:-37.64719	Start	Default	
-1.094238:-0.8041992:-27.41309	1.212891:4.064941:-26.15186	1.599609:1.894043:-31.16162	0.8789063:8.002441:-11.68506	-0.4793789:14.81369:-37.6592	Start	Default	
-1.094238:-0.8041992:-27.41309	1.212891:4.064941:-26.15186	1.599609:1.894043:-31.16162	0.8789063:8.002441:-11.68506	-0.4867944:14.81703:-37.66893	Start	Default	
-0.9360352:-0.4394531:-27.49658	1.362305:4.166016:-26.21338	1.604004:1.880859:-31.16162	0.8789063:8.002441:-11.68506	-0.5013684:14.81645:-37.65882	Start	Default	
-0.9360352:-0.4394531:-27.49658	1.362305:4.166016:-26.21338	1.604004:1.880859:-31.16162	0.8789063:8.002441:-11.68506	-0.5021732:14.81863:-37.66832	Start	Default	
-0.9360352:-0.4394531:-27.49658	1.362305:4.166016:-26.21338	1.604004:1.880859:-31.16162	0.8789063:8.002441:-11.68506	-0.5012467:14.81728:-37.66702	Start	Default	
-0.7514648:-0.03076172:-27.58008	1.480957:4.174805:-26.23535	1.604004:1.867676:-31.15723	0.8789063:8.002441:-11.68506	-0.4953275:14.80607:-37.61034	Start	Default	
-0.7514648:-0.03076172:-27.58008	1.480957:4.174805:-26.23535	1.604004:1.867676:-31.15723	0.8789063:8.002441:-11.68506	-0.4982914:14.80841:-37.62425	Start	Default	
-0.7514648:-0.03076172:-27.58008	1.480957:4.174805:-26.23535	1.604004:1.867676:-31.15723	0.8789063:8.002441:-11.68506	-0.4995389:14.80996:-37.63631	Start	Default	
-0.7514648:-0.03076172:-27.58008	1.480957:4.174805:-26.23535	1.604004:1.867676:-31.15723	0.8789063:8.002441:-11.68506	-0.4979706:14.81269:-37.6486	Start	Default	
-0.7250977:0.1845703:-27.71631	1.54248:4.148438:-26.31885	1.612793:1.850098:-31.15723	0.8789063:8.002441:-11.68506	-0.4939529:14.81044:-37.63896	Start	Default	
-0.7250977:0.1845703:-27.71631	1.54248:4.148438:-26.31885	1.612793:1.850098:-31.15723	0.8789063:8.002441:-11.68506	-0.4949512:14.81394:-37.6526	Start	Default	
-0.7250977:0.1845703:-27.71631	1.54248:4.148438:-26.31885	1.612793:1.850098:-31.15723	0.8789063:8.002441:-11.68506	-0.4903849:14.80904:-37.63669	Start	Default	
-0.6503906:0.4570313:-27.87451	1.586426:4.152832:-26.37158	1.625977:1.83252:-31.14844	0.8789063:8.002441:-11.68506	-0.4896538:14.81073:-37.64428	Start	Default	
-0.6503906:0.4570313:-27.87451	1.586426:4.152832:-26.37158	1.625977:1.83252:-31.14844	0.8789063:8.002441:-11.68506	-0.4842627:14.80803:-37.64157	Start	Default	
-0.6503906:0.4570313:-27.87451	1.586426:4.152832:-26.37158	1.625977:1.83252:-31.14844	0.8789063:8.002441:-11.68506	-0.4752498:14.81236:-37.6697	Start	Default	
-0.6503906:0.4570313:-27.87451	1.586426:4.152832:-26.37158	1.625977:1.83252:-31.14844	0.8789063:8.002441:-11.68506	-0.4676669:14.80821:-37.65389	Start	Default	
-0.637207:0.6108398:-27.94922	1.63916:4.209961:-26.42432	1.634766:1.83252:-31.14404	0.8789063:8.002441:-11.68506	-0.4807057:14.80882:-37.65609	Start	Default	
-0.637207:0.6108398:-27.94922	1.63916:4.209961:-26.42432	1.634766:1.83252:-31.14404	0.8789063:8.002441:-11.68506	-0.4955633:14.80823:-37.64992	Start	Default	
-0.637207:0.6108398:-27.94922	1.63916:4.209961:-26.42432	1.634766:1.83252:-31.14404	0.8789063:8.002441:-11.68506	-0.5129712:14.80336:-37.63347	Start	Default	
-0.628418:0.8041992:-28.14697	1.691895:4.135254:-26.49902	1.643555:1.82373:-31.13525	0.8789063:8.002441:-11.68506	-0.5245051:14.79991:-37.6255	Start	Default	
-0.628418:0.8041992:-28.14697	1.691895:4.135254:-26.49902	1.643555:1.82373:-31.13525	0.8789063:8.002441:-11.68506	-0.5199524:14.80127:-37.62661	Start	Default	
-0.628418:0.8041992:-28.14697	1.691895:4.135254:-26.49902	1.643555:1.82373:-31.13525	0.8789063:8.002441:-11.68506	-0.5074216:14.8013:-37.6314	Start	Default	
-0.6240234:0.7470703:-28.30957	1.727051:4.104492:-26.52979	1.643555:1.819336:-31.13086	0.8789063:8.002441:-11.68506	-0.4980002:14.80352:-37.64281	Start	Default	
-0.6240234:0.7470703:-28.30957	1.727051:4.104492:-26.52979	1.643555:1.819336:-31.13086	0.8789063:8.002441:-11.68506	-0.49585:14.81046:-37.67249	Start	Default	
-0.6240234:0.7470703:-28.30957	1.727051:4.104492:-26.52979	1.643555:1.819336:-31.13086	0.8789063:8.002441:-11.68506	-0.5091971:14.80994:-37.67891	Start	Default	
-0.6240234:0.7470703:-28.30957	1.727051:4.104492:-26.52979	1.643555:1.819336:-31.13086	0.8789063:8.002441:-11.68506	-0.5161788:14.81388:-37.68853	Start	Default	
-0.6328125:0.7119141:-28.3623	1.749023:4.038574:-26.56494	1.63916:1.819336:-31.13525	0.8789063:8.002441:-11.68506	-0.5128036:14.81274:-37.6792	Start	Default	
-0.6328125:0.7119141:-28.3623	1.749023:4.038574:-26.56494	1.63916:1.819336:-31.13525	0.8789063:8.002441:-11.68506	-0.5023776:14.81359:-37.68763	Start	Default	
-0.6328125:0.7119141:-28.3623	1.749023:4.038574:-26.56494	1.63916:1.819336:-31.13525	0.8789063:8.002441:-11.68506	-0.4966163:14.81453:-37.69358	Start	Default	
-0.6328125:0.7119141:-28.3623	1.749023:4.038574:-26.56494	1.63916:1.819336:-31.13525	0.8789063:8.002441:-11.68506	-0.4566769:14.79669:-37.63258	Start	Default	
-0.6723633:0.6328125:-28.39746	1.718262:3.977051:-26.6001	1.634766:1.828125:-31.13086	0.8789063:8.002441:-11.68506	-0.4452465:14.81202:-37.68524	Start	Default	
-0.6723633:0.6328125:-28.39746	1.718262:3.977051:-26.6001	1.634766:1.828125:-31.13086	0.8789063:8.002441:-11.68506	-0.4530535:14.80434:-37.67187	Start	Default	
-0.6723633:0.6328125:-28.39746	1.718262:3.977051:-26.6001	1.634766:1.828125:-31.13086	0.8789063:8.002441:-11.68506	-0.4801988:14.8068:-37.6991	Start	Bottle	
-0.6723633:0.3735352:-28.38867	1.678711:3.766113:-26.6001	1.608398:1.999512:-31.08691	0.8789063:8.002441:-11.68506	-0.4911258:14.79351:-37.67522	Start	Bottle	
-0.6723633:0.3735352:-28.38867	1.678711:3.766113:-26.6001	1.608398:1.999512:-31.08691	0.8789063:8.002441:-11.68506	-0.5064091:14.80937:-37.70917	Start	Bottle	
-0.6723633:0.3735352:-28.38867	1.678711:3.766113:-26.6001	1.608398:1.999512:-31.08691	0.8789063:8.002441:-11.68506	-0.5030707:14.79294:-37.66737	Start	Bottle	
-0.6723633:0.3735352:-28.38867	1.678711:3.766113:-26.6001	1.608398:1.999512:-31.08691	0.8789063:8.002441:-11.68506	-0.5023585:14.80837:-37.72302	Start	Bottle	
-0.7250977:0.6416016:-28.06348	1.731445:3.225586:-26.30127	1.612793:2.777344:-30.79248	0.8789063:8.002441:-11.68506	-0.5309319:14.79249:-37.68031	Start	Bottle	
-0.7250977:0.6416016:-28.06348	1.731445:3.225586:-26.30127	1.612793:2.777344:-30.79248	0.8789063:8.002441:-11.68506	-0.5329543:14.78183:-37.66054	Start	Bottle	
-0.7250977:0.6416016:-28.06348	1.731445:3.225586:-26.30127	1.612793:2.777344:-30.79248	0.8789063:8.002441:-11.68506	-0.5311711:14.77386:-37.62598	Start	Bottle	
-0.7250977:0.6416016:-28.06348	1.731445:3.225586:-26.30127	1.612793:2.777344:-30.79248	0.8789063:8.002441:-11.68506	-0.5212661:14.78056:-37.67181	Start	Bottle	
-0.6855469:2.38623:-27.67676	1.678711:2.992676:-25.41357	1.73584:3.590332:-30.07178	0.8789063:8.002441:-11.68506	-0.5085354:14.80265:-37.73052	Start	Bottle	
-0.6855469:2.38623:-27.67676	1.678711:2.992676:-25.41357	1.73584:3.590332:-30.07178	0.8789063:8.002441:-11.68506	-0.5158672:14.79364:-37.69735	Start	Bottle	
-0.6855469:2.38623:-27.67676	1.678711:2.992676:-25.41357	1.73584:3.590332:-30.07178	0.8789063:8.002441:-11.68506	-0.5173087:14.78633:-37.66424	Start	Bottle	
-0.6855469:2.38623:-27.67676	1.678711:2.992676:-25.41357	1.73584:3.590332:-30.07178	0.8789063:8.002441:-11.68506	-0.5163763:14.7846:-37.63732	Start	Bottle	
-0.918457:3.779297:-26.92529	1.898438:3.893555:-24.03369	1.946777:4.429688:-28.96875	0.8789063:8.002441:-11.68506	-0.5013665:14.80876:-37.70025	Start	Default	
-0.918457:3.779297:-26.92529	1.898438:3.893555:-24.03369	1.946777:4.429688:-28.96875	0.8789063:8.002441:-11.68506	-0.4710839:14.75498:-37.66035	Start	Bottle	
-0.918457:3.779297:-26.92529	1.898438:3.893555:-24.03369	1.946777:4.429688:-28.96875	0.8789063:8.002441:-11.68506	-0.4723021:14.7696:-37.69837	Start	Bottle	
-1,006348,4,341797,-25,43994,	2,144531,5,361328,-22,45605,	2,245605,5,291016,-27,52734,	0,8789063,8,002441,-11,68506,	-0,4706306,14,76184,-37,66214,	Start	Bottle	
-1,006348,4,341797,-25,43994,	2,144531,5,361328,-22,45605,	2,245605,5,291016,-27,52734,	0,8789063,8,002441,-11,68506,	-0,4885123,14,76293,-37,66933,	Start	Bottle	
-1,006348,4,341797,-25,43994,	2,144531,5,361328,-22,45605,	2,245605,5,291016,-27,52734,	0,8789063,8,002441,-11,68506,	-0,487253,14,76619,-37,68776,	Start	Bottle	
-1,006348,4,341797,-25,43994,	2,144531,5,361328,-22,45605,	2,245605,5,291016,-27,52734,	0,8789063,8,002441,-11,68506,	-0,4870015,14,77316,-37,70579,	Start	Bottle	
-0.9404297:4.812012:-23.42285	2.53125:6.227051:-20.66309	2.540039:5.752441:-25.81348	0.8789063:8.002441:-11.68506	-0.4870744:14.77733:-37.71899	ReachForBottle	Bottle	
-0.9404297:4.812012:-23.42285	2.53125:6.227051:-20.66309	2.540039:5.752441:-25.81348	0.8789063:8.002441:-11.68506	-0.4906107:14.77353:-37.71151	ReachForBottle	Bottle	
-0.9404297:4.812012:-23.42285	2.53125:6.227051:-20.66309	2.540039:5.752441:-25.81348	0.8789063:8.002441:-11.68506	-0.4867197:14.77329:-37.70546	ReachForBottle	Bottle	
-0.9404297:4.812012:-23.42285	2.53125:6.227051:-20.66309	2.540039:5.752441:-25.81348	0.8789063:8.002441:-11.68506	-0.4852865:14.77447:-37.6944	ReachForBottle	Bottle	
-0.9536133:5.115234:-21.27393	2.99707:6.578613:-18.62402	2.707031:5.813965:-23.85791	0.8789063:8.002441:-11.68506	-0.4858119:14.77308:-37.69039	ReachForBottle	Bottle	
-0.9536133:5.115234:-21.27393	2.99707:6.578613:-18.62402	2.707031:5.813965:-23.85791	0.8789063:8.002441:-11.68506	-0.4858214:14.77022:-37.67571	ReachForBottle	Bottle	
-0.9536133:5.115234:-21.27393	2.99707:6.578613:-18.62402	2.707031:5.813965:-23.85791	0.8789063:8.002441:-11.68506	-0.4841352:14.77118:-37.66886	ReachForBottle	Bottle	
-0.984375:5.282227:-19.31836	3.208008:6.477539:-16.93213	2.649902:5.730469:-22.19238	0.8789063:8.002441:-11.68506	-0.4870264:14.77869:-37.69409	ReachForBottle	Bottle	
-0.984375:5.282227:-19.31836	3.208008:6.477539:-16.93213	2.649902:5.730469:-22.19238	0.8789063:8.002441:-11.68506	-0.4875299:14.77895:-37.69592	ReachForBottle	Bottle	
-0.984375:5.282227:-19.31836	3.208008:6.477539:-16.93213	2.649902:5.730469:-22.19238	0.8789063:8.002441:-11.68506	-0.4880654:14.78238:-37.70708	ReachForBottle	Bottle	
-0.984375:5.282227:-19.31836	3.208008:6.477539:-16.93213	2.649902:5.730469:-22.19238	0.8789063:8.002441:-11.68506	-0.4866138:14.78036:-37.70392	ReachForBottle	Bottle	
-1.072266:5.348145:-17.85938	3.128906:6.306152:-15.57422	2.43457:5.620605:-20.75977	0.8789063:8.002441:-11.68506	-0.4847599:14.77915:-37.70249	ReachForBottle	Bottle	
-1.072266:5.348145:-17.85938	3.128906:6.306152:-15.57422	2.43457:5.620605:-20.75977	0.8789063:8.002441:-11.68506	-0.4852207:14.7796:-37.70488	ReachForBottle	Bottle	
-1.072266:5.348145:-17.85938	3.128906:6.306152:-15.57422	2.43457:5.620605:-20.75977	0.8789063:8.002441:-11.68506	-0.4846027:14.77764:-37.69734	ReachForBottle	Bottle	
-1.072266:5.348145:-17.85938	3.128906:6.306152:-15.57422	2.43457:5.620605:-20.75977	0.8789063:8.002441:-11.68506	-0.4855674:14.77819:-37.69892	ReachForBottle	Bottle	
-1.252441:5.277832:-16.6333	2.961914:6.134766:-14.44043	2.162109:5.48877:-19.68311	0.8789063:8.002441:-11.68506	-0.4851006:14.77544:-37.68484	ReachForBottle	Bottle	
-1.252441:5.277832:-16.6333	2.961914:6.134766:-14.44043	2.162109:5.48877:-19.68311	0.8789063:8.002441:-11.68506	-0.4842193:14.7744:-37.67651	ReachForBottle	Bottle	
-1.252441:5.277832:-16.6333	2.961914:6.134766:-14.44043	2.162109:5.48877:-19.68311	0.8789063:8.002441:-11.68506	-0.483766:14.77519:-37.67944	ReachForBottle	Bottle	
-1.463379:5.031738:-15.73682	2.632324:6.064453:-13.61426	1.858887:5.365723:-18.81299	0.8789063:8.002441:-11.68506	-0.4829627:14.7745:-37.66639	ReachForBottle	Bottle	
-1.463379:5.031738:-15.73682	2.632324:6.064453:-13.61426	1.858887:5.365723:-18.81299	0.8789063:8.002441:-11.68506	-0.4850041:14.77617:-37.66893	ReachForBottle	Bottle	
-1.463379:5.031738:-15.73682	2.632324:6.064453:-13.61426	1.858887:5.365723:-18.81299	0.8789063:8.002441:-11.68506	-0.4878194:14.77056:-37.67952	ReachForBottle	Bottle	
-1.463379:5.031738:-15.73682	2.632324:6.064453:-13.61426	1.858887:5.365723:-18.81299	0.8789063:8.002441:-11.68506	-0.4895123:14.74285:-37.61302	ReachForBottle	Bottle	
-1.625977:4.759277:-14.9458	2.29834:5.90625:-12.86279	1.54248:5.189941:-18.02637	0.8789063:8.002441:-11.68506	-0.4889104:14.74039:-37.61962	ReachForBottle	Bottle	
-1.625977:4.759277:-14.9458	2.29834:5.90625:-12.86279	1.54248:5.189941:-18.02637	0.8789063:8.002441:-11.68506	-0.5068408:14.75365:-37.66456	ReachForBottle	Bottle	
-1.625977:4.759277:-14.9458	2.29834:5.90625:-12.86279	1.54248:5.189941:-18.02637	0.8789063:8.002441:-11.68506	-0.5114114:14.75059:-37.65761	ReachForBottle	Bottle	
-1.625977:4.759277:-14.9458	2.29834:5.90625:-12.86279	1.54248:5.189941:-18.02637	0.8789063:8.002441:-11.68506	-0.5042746:14.751:-37.65662	ReachForBottle	Bottle	
-1.625977:4.759277:-14.9458	2.29834:5.90625:-12.86279	1.54248:5.189941:-18.02637	0.8789063:8.002441:-11.68506	-0.5019338:14.75201:-37.65234	ReachForBottle	Bottle	
-1.718262:4.513184:-14.22949	2.148926:5.774414:-12.36182	1.331543:5.040527:-17.47705	0.8833008:7.967285:-11.54883	-0.5015147:14.75494:-37.6605	Grasped	Bottle	
-1.718262:4.513184:-14.22949	2.148926:5.774414:-12.36182	1.331543:5.040527:-17.47705	0.8833008:7.967285:-11.54883	-0.5021388:14.75809:-37.66729	Grasped	Bottle	
-1.718262:4.513184:-14.22949	2.148926:5.774414:-12.36182	1.331543:5.040527:-17.47705	0.8833008:7.967285:-11.54883	-0.5024719:14.76219:-37.68079	Grasped	Bottle	
-1.516113:4.275879:-13.53516	2.245605:5.67334:-12.00586	1.217285:4.921875:-17.01123	0.8657227:7.962891:-11.40381	-0.502331:14.7624:-37.6812	Grasped	Bottle	
-1.516113:4.275879:-13.53516	2.245605:5.67334:-12.00586	1.217285:4.921875:-17.01123	0.8657227:7.962891:-11.40381	-0.5030695:14.76998:-37.70525	Grasped	Bottle	
-1.516113:4.275879:-13.53516	2.245605:5.67334:-12.00586	1.217285:4.921875:-17.01123	0.8657227:7.962891:-11.40381	-0.5035834:14.75763:-37.67403	Grasped	Bottle	
-1.516113:4.275879:-13.53516	2.245605:5.67334:-12.00586	1.217285:4.921875:-17.01123	0.8657227:7.962891:-11.40381	-0.512585:14.76975:-37.70104	Grasped	Bottle	
-1.195313:3.919922:-12.87158	2.421387:5.510742:-11.6499	1.208496:4.82959:-16.56738	0.8481445:7.967285:-11.43018	-0.5150952:14.7893:-37.76057	Grasped	Bottle	
-1.195313:3.919922:-12.87158	2.421387:5.510742:-11.6499	1.208496:4.82959:-16.56738	0.8481445:7.967285:-11.43018	-0.5072151:14.75472:-37.65725	Grasped	Bottle	
-1.195313:3.919922:-12.87158	2.421387:5.510742:-11.6499	1.208496:4.82959:-16.56738	0.8481445:7.967285:-11.43018	-0.5118735:14.77263:-37.7096	Grasped	Bottle	
-0.8393555:3.766113:-12.37061	2.43457:5.291016:-11.34229	1.313965:4.772461:-16.19385	0.8569336:7.967285:-11.43896	-0.5121697:14.771:-37.7044	Grasped	Bottle	
-0.8393555:3.766113:-12.37061	2.43457:5.291016:-11.34229	1.313965:4.772461:-16.19385	0.8569336:7.967285:-11.43896	-0.512032:14.77661:-37.71804	Grasped	Bottle	
-0.8393555:3.766113:-12.37061	2.43457:5.291016:-11.34229	1.313965:4.772461:-16.19385	0.8569336:7.967285:-11.43896	-0.5087869:14.77227:-37.6989	Grasped	Bottle	
-0.7119141:3.761719:-12.12012	2.192871:5.15918:-11.17969	1.432617:4.737305:-15.94336	0.9536133:7.949707:-11.25879	-0.5068098:14.77032:-37.69424	Grasped	Bottle	
-0.7119141:3.761719:-12.12012	2.192871:5.15918:-11.17969	1.432617:4.737305:-15.94336	0.9536133:7.949707:-11.25879	-0.5068524:14.76451:-37.67469	Grasped	Bottle	
-0.7119141:3.761719:-12.12012	2.192871:5.15918:-11.17969	1.432617:4.737305:-15.94336	0.9536133:7.949707:-11.25879	-0.5081978:14.76504:-37.67851	Grasped	Bottle	
-0.7119141:3.761719:-12.12012	2.192871:5.15918:-11.17969	1.432617:4.737305:-15.94336	0.9536133:7.949707:-11.25879	-0.5095195:14.76349:-37.67325	Grasped	Bottle	
-0.7207031:3.75293:-12.12891	2.175293:5.15918:-11.30713	1.529297:4.715332:-15.86865	0.9316406:7.967285:-11.4082	-0.5081301:14.76007:-37.66078	Grasped	Bottle	
-0.7207031:3.75293:-12.12891	2.175293:5.15918:-11.30713	1.529297:4.715332:-15.86865	0.9316406:7.967285:-11.4082	-0.5093293:14.76112:-37.66637	Grasped	Bottle	
-0.7207031:3.75293:-12.12891	2.175293:5.15918:-11.30713	1.529297:4.715332:-15.86865	0.9316406:7.967285:-11.4082	-0.4349043:14.70403:-37.57191	Grasped	Default	
-0.7207031:3.75293:-12.12891	2.175293:5.15918:-11.30713	1.529297:4.715332:-15.86865	0.9316406:7.967285:-11.4082	-0.3800269:14.70988:-37.64229	Grasped	Default	
-0.6723633:3.814453:-12.23438	2.245605:5.194336:-11.4873	1.586426:4.697754:-15.88184	1.037109:7.998047:-11.45215	-0.3978244:14.74205:-37.72054	Grasped	Default	
-0.6723633:3.814453:-12.23438	2.245605:5.194336:-11.4873	1.586426:4.697754:-15.88184	1.037109:7.998047:-11.45215	-0.382595:14.72417:-37.68452	Grasped	Default	
-0.6723633:3.814453:-12.23438	2.245605:5.194336:-11.4873	1.586426:4.697754:-15.88184	1.037109:7.998047:-11.45215	-0.3803433:14.73059:-37.70189	Grasped	Default	
-0.6152344:3.98584:-12.43652	2.337891:5.255859:-11.66309	1.722656:4.68457:-16.08398	1.199707:8.024414:-11.41699	-0.3676035:14.7408:-37.73326	Grasped	CupRight	
-0.6152344:3.98584:-12.43652	2.337891:5.255859:-11.66309	1.722656:4.68457:-16.08398	1.199707:8.024414:-11.41699	-0.3638223:14.73088:-37.70068	Grasped	CupRight	
-0.6152344:3.98584:-12.43652	2.337891:5.255859:-11.66309	1.722656:4.68457:-16.08398	1.199707:8.024414:-11.41699	-0.3707627:14.73902:-37.71443	Grasped	CupRight	
-0.6152344:3.98584:-12.43652	2.337891:5.255859:-11.66309	1.722656:4.68457:-16.08398	1.199707:8.024414:-11.41699	-0.3743939:14.74783:-37.7403	Grasped	CupRight	
-0.6635742:4.161621:-12.76611	2.329102:5.501953:-11.98389	1.727051:4.728516:-16.37842	1.199707:8.151855:-11.73779	-0.3593339:14.73325:-37.70247	Grasped	CupRight	
-0.6635742:4.161621:-12.76611	2.329102:5.501953:-11.98389	1.727051:4.728516:-16.37842	1.199707:8.151855:-11.73779	-0.3490645:14.72112:-37.67245	Grasped	CupRight	
-0.6635742:4.161621:-12.76611	2.329102:5.501953:-11.98389	1.727051:4.728516:-16.37842	1.199707:8.151855:-11.73779	-0.3452948:14.71253:-37.66491	Grasped	CupRight	
-0.6635742:4.161621:-12.76611	2.329102:5.501953:-11.98389	1.727051:4.728516:-16.37842	1.199707:8.151855:-11.73779	-0.345387:14.7064:-37.65368	Grasped	CupRight	
-0.7514648:4.390137:-13.21875	2.219238:5.76123:-12.38379	1.722656:4.855957:-16.78271	1.085449:8.415527:-12.30908	-0.3733313:14.73711:-37.72953	Grasped	CupRight	
-0.7514648:4.390137:-13.21875	2.219238:5.76123:-12.38379	1.722656:4.855957:-16.78271	1.085449:8.415527:-12.30908	-0.3674207:14.73694:-37.7246	Grasped	CupRight	
-0.7514648:4.390137:-13.21875	2.219238:5.76123:-12.38379	1.722656:4.855957:-16.78271	1.085449:8.415527:-12.30908	-0.3665059:14.73825:-37.72349	Grasped	CupRight	
-0.7514648:4.390137:-13.21875	2.219238:5.76123:-12.38379	1.722656:4.855957:-16.78271	1.085449:8.415527:-12.30908	-0.3324559:14.73833:-37.69927	Grasped	CupRight	
-0.7734375:4.746094:-13.8208	2.144531:6.112793:-12.95508	1.770996:5.075684:-17.33203	1.050293:8.771484:-12.94189	-0.3675144:14.77318:-37.79095	Grasped	CupRight	
-0.7734375:4.746094:-13.8208	2.144531:6.112793:-12.95508	1.770996:5.075684:-17.33203	1.050293:8.771484:-12.94189	-0.35898:14.76971:-37.78043	Grasped	CupRight	
-0.7734375:4.746094:-13.8208	2.144531:6.112793:-12.95508	1.770996:5.075684:-17.33203	1.050293:8.771484:-12.94189	-0.361262:14.77118:-37.79074	Grasped	CupRight	
-0.6987305:5.15918:-14.51514	2.179688:6.51709:-13.62305	1.916016:5.356934:-17.97363	1.146973:9.188965:-13.66699	-0.3535869:14.76481:-37.7762	Grasped	CupRight	
-0.6987305:5.15918:-14.51514	2.179688:6.51709:-13.62305	1.916016:5.356934:-17.97363	1.146973:9.188965:-13.66699	-0.3501866:14.76306:-37.77903	Grasped	CupRight	
-0.6987305:5.15918:-14.51514	2.179688:6.51709:-13.62305	1.916016:5.356934:-17.97363	1.146973:9.188965:-13.66699	-0.3489011:14.7571:-37.76607	Grasped	CupRight	
-0.6987305:5.15918:-14.51514	2.179688:6.51709:-13.62305	1.916016:5.356934:-17.97363	1.146973:9.188965:-13.66699	-0.3317813:14.73924:-37.72567	Grasped	CupRight	
-0.5229492:5.537109:-15.21826	2.329102:6.881836:-14.28662	2.148926:5.690918:-18.646	1.296387:9.575684:-14.32617	-0.3182908:14.72393:-37.68421	Grasped	CupRight	
-0.5229492:5.537109:-15.21826	2.329102:6.881836:-14.28662	2.148926:5.690918:-18.646	1.296387:9.575684:-14.32617	-0.3116753:14.71698:-37.66752	Grasped	CupRight	
-0.5229492:5.537109:-15.21826	2.329102:6.881836:-14.28662	2.148926:5.690918:-18.646	1.296387:9.575684:-14.32617	-0.2928843:14.68956:-37.60064	Grasped	CupRight	
-0.5229492:5.537109:-15.21826	2.329102:6.881836:-14.28662	2.148926:5.690918:-18.646	1.296387:9.575684:-14.32617	-0.2780616:14.67451:-37.54543	Grasped	CupRight	
-0.1889648:5.915039:-15.92578	2.610352:7.294922:-15.01172	2.474121:6.038086:-19.33594	1.546875:9.997559:-15.03809	-0.2787606:14.68028:-37.55861	Grasped	CupRight	
-0.1889648:5.915039:-15.92578	2.610352:7.294922:-15.01172	2.474121:6.038086:-19.33594	1.546875:9.997559:-15.03809	-0.3013831:14.69956:-37.61273	Grasped	CupRight	
-0.1889648:5.915039:-15.92578	2.610352:7.294922:-15.01172	2.474121:6.038086:-19.33594	1.546875:9.997559:-15.03809	-0.3076947:14.70675:-37.639	Grasped	CupRight	
0.3383789:6.319336:-16.57617	3.115723:7.725586:-15.71484	2.961914:6.437988:-20.03027	2.030273:10.42383:-15.68408	-0.3101209:14.70801:-37.6449	Grasped	CupRight	
0.3383789:6.319336:-16.57617	3.115723:7.725586:-15.71484	2.961914:6.437988:-20.03027	2.030273:10.42383:-15.68408	-0.2614568:14.65947:-37.51943	Grasped	CupRight	
0.3383789:6.319336:-16.57617	3.115723:7.725586:-15.71484	2.961914:6.437988:-20.03027	2.030273:10.42383:-15.68408	-0.328881:14.75257:-37.70749	Grasped	Default	
0.3383789:6.319336:-16.57617	3.115723:7.725586:-15.71484	2.961914:6.437988:-20.03027	2.030273:10.42383:-15.68408	-0.3041738:14.73262:-37.66073	Grasped	Default	
1.037109:6.626953:-17.12988	3.805664:8.160645:-16.36084	3.577148:6.851074:-20.6499	2.610352:10.81055:-16.22021	-0.3020506:14.72396:-37.64706	Grasped	CupRight	
1.037109:6.626953:-17.12988	3.805664:8.160645:-16.36084	3.577148:6.851074:-20.6499	2.610352:10.81055:-16.22021	-0.3182661:14.73863:-37.68047	Grasped	Default	
1.037109:6.626953:-17.12988	3.805664:8.160645:-16.36084	3.577148:6.851074:-20.6499	2.610352:10.81055:-16.22021	-0.3133155:14.73167:-37.65694	Grasped	Default	
1.037109:6.626953:-17.12988	3.805664:8.160645:-16.36084	3.577148:6.851074:-20.6499	2.610352:10.81055:-16.22021	-0.2932605:14.70786:-37.5913	Grasped	Default	
1.850098:6.815918:-17.50781	4.623047:8.472656:-16.82666	4.26709:7.21582:-21.09814	3.300293:11.0874:-16.56738	-0.2861577:14.69969:-37.57072	Grasped	Default	
1.850098:6.815918:-17.50781	4.623047:8.472656:-16.82666	4.26709:7.21582:-21.09814	3.300293:11.0874:-16.56738	-0.2791164:14.69513:-37.56422	Grasped	CupRight	
1.850098:6.815918:-17.50781	4.623047:8.472656:-16.82666	4.26709:7.21582:-21.09814	3.300293:11.0874:-16.56738	-0.2864031:14.70025:-37.58146	Grasped	CupRight	
2.821289:6.969727:-17.72314	5.572266:8.775879:-17.16064	5.075684:7.554199:-21.39258	4.183594:11.35547:-16.76514	-0.2814828:14.69943:-37.57684	Grasped	CupRight	
2.821289:6.969727:-17.72314	5.572266:8.775879:-17.16064	5.075684:7.554199:-21.39258	4.183594:11.35547:-16.76514	-0.2862604:14.70324:-37.58425	Grasped	CupRight	
2.821289:6.969727:-17.72314	5.572266:8.775879:-17.16064	5.075684:7.554199:-21.39258	4.183594:11.35547:-16.76514	-0.3076999:14.71956:-37.63393	Grasped	CupRight	
2.821289:6.969727:-17.72314	5.572266:8.775879:-17.16064	5.075684:7.554199:-21.39258	4.183594:11.35547:-16.76514	-0.3038576:14.7186:-37.63198	Grasped	CupRight	
4.025391:7.141113:-17.74072	6.692871:9.105469:-17.33203	5.989746:7.896973:-21.52441	5.093262:11.5752:-16.7959	-0.2870678:14.70007:-37.58235	Grasped	CupRight	
4.025391:7.141113:-17.74072	6.692871:9.105469:-17.33203	5.989746:7.896973:-21.52441	5.093262:11.5752:-16.7959	-0.3206128:14.72923:-37.65679	Grasped	Hand	
4.025391:7.141113:-17.74072	6.692871:9.105469:-17.33203	5.989746:7.896973:-21.52441	5.093262:11.5752:-16.7959	-0.3056031:14.70515:-37.59336	Grasped	Hand	
4.025391:7.141113:-17.74072	6.692871:9.105469:-17.33203	5.989746:7.896973:-21.52441	5.093262:11.5752:-16.7959	-0.3163058:14.70979:-37.60888	Grasped	Hand	
5.185547:7.158691:-17.6001	7.760742:9.435059:-17.32324	6.881836:8.143066:-21.48047	6.007324:11.69385:-16.65088	-0.3153294:14.71663:-37.62811	Grasped	Hand	
5.185547:7.158691:-17.6001	7.760742:9.435059:-17.32324	6.881836:8.143066:-21.48047	6.007324:11.69385:-16.65088	-0.304442:14.71018:-37.60989	Grasped	Hand	
5.185547:7.158691:-17.6001	7.760742:9.435059:-17.32324	6.881836:8.143066:-21.48047	6.007324:11.69385:-16.65088	-0.2875993:14.69964:-37.5786	Grasped	Bottle	
6.37207:7.026855:-17.30566	8.920898:9.527344:-17.13428	7.769531:8.235352:-21.26074	6.987305:11.66309:-16.35205	-0.2539362:14.67079:-37.49977	Grasped	Bottle	
6.37207:7.026855:-17.30566	8.920898:9.527344:-17.13428	7.769531:8.235352:-21.26074	6.987305:11.66309:-16.35205	-0.2472342:14.66552:-37.47894	Grasped	Bottle	
6.37207:7.026855:-17.30566	8.920898:9.527344:-17.13428	7.769531:8.235352:-21.26074	6.987305:11.66309:-16.35205	-0.2693071:14.6867:-37.52735	Grasped	Bottle	
6.37207:7.026855:-17.30566	8.920898:9.527344:-17.13428	7.769531:8.235352:-21.26074	6.987305:11.66309:-16.35205	-0.2756189:14.69171:-37.53309	Grasped	Bottle	
7.49707:6.745605:-16.89258	9.918457:9.492188:-16.7959	8.595703:8.213379:-20.896	7.870605:11.39941:-15.84668	-0.2891705:14.70725:-37.57005	Grasped	Bottle	
7.49707:6.745605:-16.89258	9.918457:9.492188:-16.7959	8.595703:8.213379:-20.896	7.870605:11.39941:-15.84668	-0.2765976:14.70461:-37.53628	Grasped	Bottle	
7.49707:6.745605:-16.89258	9.918457:9.492188:-16.7959	8.595703:8.213379:-20.896	7.870605:11.39941:-15.84668	-0.2999891:14.72458:-37.60819	Grasped	Bottle	
7.49707:6.745605:-16.89258	9.918457:9.492188:-16.7959	8.595703:8.213379:-20.896	7.870605:11.39941:-15.84668	-0.3012338:14.73085:-37.61037	Grasped	Bottle	
8.556152:6.37207:-16.38281	10.76221:9.206543:-16.36963	9.298828:8.063965:-20.41699	8.644043:11.02148:-15.271	-0.2878807:14.71543:-37.5795	Grasped	Bottle	
8.556152:6.37207:-16.38281	10.76221:9.206543:-16.36963	9.298828:8.063965:-20.41699	8.644043:11.02148:-15.271	-0.2866877:14.7112:-37.56889	Grasped	Default	
8.556152:6.37207:-16.38281	10.76221:9.206543:-16.36963	9.298828:8.063965:-20.41699	8.644043:11.02148:-15.271	-0.2924639:14.71272:-37.56813	Grasped	Default	
9.443848:5.967773:-15.86426	11.55322:8.859375:-15.82031	9.900879:7.866211:-19.88965	9.408691:10.56006:-14.59424	-0.3021512:14.72049:-37.59501	Grasped	Default	
9.443848:5.967773:-15.86426	11.55322:8.859375:-15.82031	9.900879:7.866211:-19.88965	9.408691:10.56006:-14.59424	-0.2836996:14.70187:-37.53414	Grasped	Default	
9.443848:5.967773:-15.86426	11.55322:8.859375:-15.82031	9.900879:7.866211:-19.88965	9.408691:10.56006:-14.59424	-0.2862973:14.70568:-37.54852	Grasped	Default	
9.443848:5.967773:-15.86426	11.55322:8.859375:-15.82031	9.900879:7.866211:-19.88965	9.408691:10.56006:-14.59424	-0.2895826:14.70956:-37.55552	Grasped	Default	
10.26563:5.453613:-15.30176	12.19922:8.314453:-15.1875	10.34033:7.611328:-19.34912	9.958008:9.94043:-13.9043	-0.2931566:14.70885:-37.5532	Grasped	Default	
10.26563:5.453613:-15.30176	12.19922:8.314453:-15.1875	10.34033:7.611328:-19.34912	9.958008:9.94043:-13.9043	-0.2825764:14.7002:-37.52893	Grasped	Default	
10.26563:5.453613:-15.30176	12.19922:8.314453:-15.1875	10.34033:7.611328:-19.34912	9.958008:9.94043:-13.9043	-0.2503289:14.6754:-37.43925	Grasped	Default	
10.92041:4.812012:-14.83154	12.58154:7.703613:-14.56787	10.66553:7.299316:-18.80859	10.34912:9.123047:-13.16602	-0.2659474:14.67497:-37.44943	Grasped	Default	
10.92041:4.812012:-14.83154	12.58154:7.703613:-14.56787	10.66553:7.299316:-18.80859	10.34912:9.123047:-13.16602	-0.2730419:14.67297:-37.43691	Grasped	Default	
10.92041:4.812012:-14.83154	12.58154:7.703613:-14.56787	10.66553:7.299316:-18.80859	10.34912:9.123047:-13.16602	-0.2872037:14.68121:-37.45462	Grasped	Default	
10.92041:4.812012:-14.83154	12.58154:7.703613:-14.56787	10.66553:7.299316:-18.80859	10.34912:9.123047:-13.16602	-0.2807568:14.68611:-37.46603	Grasped	Default	
10.92041:4.812012:-14.83154	12.58154:7.703613:-14.56787	10.66553:7.299316:-18.80859	10.34912:9.123047:-13.16602	-0.261006:14.68557:-37.4657	Grasped	Default	
11.46973:4.271484:-14.36133	12.95068:7.136719:-13.9043	10.94678:6.943359:-18.26367	10.771:8.296875:-12.47607	-0.2394857:14.67837:-37.44688	Grasped	Default	
11.46973:4.271484:-14.36133	12.95068:7.136719:-13.9043	10.94678:6.943359:-18.26367	10.771:8.296875:-12.47607	-0.2288379:14.67071:-37.42641	Grasped	Default	
11.46973:4.271484:-14.36133	12.95068:7.136719:-13.9043	10.94678:6.943359:-18.26367	10.771:8.296875:-12.47607	-0.2439195:14.6819:-37.46043	Grasped	Default	
11.88721:3.836426:-13.96143	13.26709:6.583008:-13.33301	11.11816:6.644531:-17.80664	11.11816:7.628906:-11.90918	-0.2681592:14.70098:-37.52087	Grasped	Default	
11.88721:3.836426:-13.96143	13.26709:6.583008:-13.33301	11.11816:6.644531:-17.80664	11.11816:7.628906:-11.90918	-0.253165:14.68883:-37.47964	Grasped	Default	
11.88721:3.836426:-13.96143	13.26709:6.583008:-13.33301	11.11816:6.644531:-17.80664	11.11816:7.628906:-11.90918	-0.2540232:14.69288:-37.4845	Grasped	Default	
11.88721:3.836426:-13.96143	13.26709:6.583008:-13.33301	11.11816:6.644531:-17.80664	11.11816:7.628906:-11.90918	-0.2153114:14.6548:-37.38486	Grasped	Default	
12.12451:3.498047:-13.61865	13.42969:6.231445:-12.77051	11.21045:6.394043:-17.34521	11.38184:7.066406:-11.36865	-0.2607492:14.70331:-37.49076	Grasped	Default	
12.12451:3.498047:-13.61865	13.42969:6.231445:-12.77051	11.21045:6.394043:-17.34521	11.38184:7.066406:-11.36865	-0.2627399:14.69269:-37.49041	Grasped	Default	
12.12451:3.498047:-13.61865	13.42969:6.231445:-12.77051	11.21045:6.394043:-17.34521	11.38184:7.066406:-11.36865	-0.2582037:14.69266:-37.48297	Grasped	Default	
12.12451:3.498047:-13.61865	13.42969:6.231445:-12.77051	11.21045:6.394043:-17.34521	11.38184:7.066406:-11.36865	-0.2508474:14.68807:-37.46382	Grasped	Default	
12.33984:3.251953:-13.21436	13.52197:5.998535:-12.2915	11.22363:6.218262:-16.92334	11.55322:6.644531:-10.87646	-0.254886:14.6863:-37.47002	Grasped	Default	
12.33984:3.251953:-13.21436	13.52197:5.998535:-12.2915	11.22363:6.218262:-16.92334	11.55322:6.644531:-10.87646	-0.2391427:14.67205:-37.41885	Grasped	Default	
12.33984:3.251953:-13.21436	13.52197:5.998535:-12.2915	11.22363:6.218262:-16.92334	11.55322:6.644531:-10.87646	-0.2370316:14.67013:-37.41034	Grasped	Default	
12.46289:3.019043:-12.88916	13.50439:5.80957:-11.7334	11.17529:6.108398:-16.53662	11.58838:6.266602:-10.44141	-0.2395129:14.67154:-37.4121	Grasped	Default	
12.46289:3.019043:-12.88916	13.50439:5.80957:-11.7334	11.17529:6.108398:-16.53662	11.58838:6.266602:-10.44141	-0.2323642:14.66512:-37.3958	Grasped	Default	
12.46289:3.019043:-12.88916	13.50439:5.80957:-11.7334	11.17529:6.108398:-16.53662	11.58838:6.266602:-10.44141	-0.272943:14.70474:-37.50124	Grasped	Default	
12.46289:3.019043:-12.88916	13.50439:5.80957:-11.7334	11.17529:6.108398:-16.53662	11.58838:6.266602:-10.44141	-0.2842919:14.7177:-37.52946	Grasped	Default	
12.56836:2.750977:-12.55078	13.43408:5.629395:-11.25	11.06543:6.011719:-16.09277	11.54004:5.835938:-9.931641	-0.2849293:14.7184:-37.53066	Grasped	Default	
12.56836:2.750977:-12.55078	13.43408:5.629395:-11.25	11.06543:6.011719:-16.09277	11.54004:5.835938:-9.931641	-0.2800563:14.72001:-37.51361	Grasped	Default	
12.56836:2.750977:-12.55078	13.43408:5.629395:-11.25	11.06543:6.011719:-16.09277	11.54004:5.835938:-9.931641	-0.3018228:14.73213:-37.56095	Grasped	Default	
12.56836:2.750977:-12.55078	13.43408:5.629395:-11.25	11.06543:6.011719:-16.09277	11.54004:5.835938:-9.931641	-0.3037561:14.72724:-37.54993	Grasped	Default	
12.6123:2.526855:-12.32227	13.35059:5.523926:-10.90283	10.9248:5.976563:-15.75439	11.45215:5.519531:-9.558105	-0.3049314:14.71506:-37.52837	Grasped	Default	
12.6123:2.526855:-12.32227	13.35059:5.523926:-10.90283	10.9248:5.976563:-15.75439	11.45215:5.519531:-9.558105	-0.307927:14.70903:-37.51699	Grasped	Default	
12.6123:2.526855:-12.32227	13.35059:5.523926:-10.90283	10.9248:5.976563:-15.75439	11.45215:5.519531:-9.558105	-0.3151511:14.71039:-37.52735	Grasped	Default	
12.6123:2.526855:-12.32227	13.35059:5.523926:-10.90283	10.9248:5.976563:-15.75439	11.45215:5.519531:-9.558105	-0.3046811:14.6914:-37.48044	Grasped	Default	
12.62549:2.351074:-12.19043	13.21875:5.370117:-10.62158	10.77539:5.945801:-15.48193	11.34229:5.225098:-9.254883	-0.3584718:14.74129:-37.61385	Grasped	Default	
12.62549:2.351074:-12.19043	13.21875:5.370117:-10.62158	10.77539:5.945801:-15.48193	11.34229:5.225098:-9.254883	-0.3417991:14.71759:-37.5578	Grasped	Default	
12.62549:2.351074:-12.19043	13.21875:5.370117:-10.62158	10.77539:5.945801:-15.48193	11.34229:5.225098:-9.254883	-0.328449:14.71233:-37.53959	Grasped	Default	
12.62988:2.228027:-12.08936	13.13525:5.299805:-10.38428	10.62158:5.932617:-15.25781	11.25879:4.974609:-9.013184	-0.3395322:14.7359:-37.59488	Grasped	Default	
12.62988:2.228027:-12.08936	13.13525:5.299805:-10.38428	10.62158:5.932617:-15.25781	11.25879:4.974609:-9.013184	-0.3290948:14.72857:-37.57471	Grasped	Default	
