ThumbPosition	IndexPosition	PalmPosition	ObjectPosition	GazePosition	Annotations	GazeAnnotations	
-1.023926:-0.9536133:-26.63965	0.1186523:3.418945:-25.83105	0.7075195:2.223633:-30.86719	0.9492188:8.050781:-11.85645	0.07330692:14.90382:-37.56574	Start	Default	
-1.023926:-0.9536133:-26.63965	0.1186523:3.418945:-25.83105	0.7075195:2.223633:-30.86719	0.9492188:8.050781:-11.85645	0.06984405:14.90762:-37.63065	Start	Default	
-1.023926:-0.9536133:-26.63965	0.1186523:3.418945:-25.83105	0.7075195:2.223633:-30.86719	0.9492188:8.050781:-11.85645	0.07388308:14.90808:-37.64043	Start	Default	
-1.125:-0.8964844:-26.70557	0.1318359:3.414551:-25.87939	0.6987305:2.219238:-30.86719	0.9492188:8.050781:-11.85645	0.0892792:14.91185:-37.67418	Start	Default	
-1.125:-0.8964844:-26.70557	0.1318359:3.414551:-25.87939	0.6987305:2.219238:-30.86719	0.9492188:8.050781:-11.85645	0.09301935:14.91095:-37.65534	Start	Default	
-1.125:-0.8964844:-26.70557	0.1318359:3.414551:-25.87939	0.6987305:2.219238:-30.86719	0.9492188:8.050781:-11.85645	0.0924328:14.91289:-37.69398	Start	Default	
-1.313965:-0.9140625:-26.77588	0.1625977:3.440918:-25.90576	0.703125:2.219238:-30.86279	0.9492188:8.050781:-11.86084	0.09414253:14.912:-37.67785	Start	Default	
-1.313965:-0.9140625:-26.77588	0.1625977:3.440918:-25.90576	0.703125:2.219238:-30.86279	0.9492188:8.050781:-11.86084	0.09548514:14.91513:-37.75604	Start	Default	
-1.313965:-0.9140625:-26.77588	0.1625977:3.440918:-25.90576	0.703125:2.219238:-30.86279	0.9492188:8.050781:-11.86084	0.1052346:14.91499:-37.74048	Start	Default	
-1.450195:-0.9711914:-26.86377	0.2241211:3.467285:-25.93652	0.6987305:2.214844:-30.86719	0.9492188:8.050781:-11.86084	0.1080696:14.91543:-37.75572	Start	Default	
-1.450195:-0.9711914:-26.86377	0.2241211:3.467285:-25.93652	0.6987305:2.214844:-30.86719	0.9492188:8.050781:-11.86084	0.1029779:14.91501:-37.74694	Start	Default	
-1.450195:-0.9711914:-26.86377	0.2241211:3.467285:-25.93652	0.6987305:2.214844:-30.86719	0.9492188:8.050781:-11.86084	0.06742079:14.90717:-37.68946	Start	Default	
-1.450195:-0.9711914:-26.86377	0.2241211:3.467285:-25.93652	0.6987305:2.214844:-30.86719	0.9492188:8.050781:-11.86084	0.07206462:14.90326:-37.76023	Start	Default	
-1.665527:-0.8173828:-26.97363	0.2592773:3.418945:-25.99365	0.703125:2.206055:-30.86719	0.9492188:8.050781:-11.86084	0.1656767:14.77788:-37.35318	Start	Default	
-1.665527:-0.8173828:-26.97363	0.2592773:3.418945:-25.99365	0.703125:2.206055:-30.86719	0.9492188:8.050781:-11.86084	0.09285812:14.86311:-37.69362	Start	Default	
-1.665527:-0.8173828:-26.97363	0.2592773:3.418945:-25.99365	0.703125:2.206055:-30.86719	0.9492188:8.050781:-11.86084	0.1426917:14.78883:-37.44416	Start	Default	
-1.880859:-0.8261719:-27.07031	0.2856445:3.418945:-26.1167	0.7163086:2.210449:-30.86719	0.9492188:8.050781:-11.86084	0.17483:14.76:-37.34569	Start	Default	
-1.880859:-0.8261719:-27.07031	0.2856445:3.418945:-26.1167	0.7163086:2.210449:-30.86719	0.9492188:8.050781:-11.86084	0.1020975:14.85219:-37.66205	Start	Default	
-1.880859:-0.8261719:-27.07031	0.2856445:3.418945:-26.1167	0.7163086:2.210449:-30.86719	0.9492188:8.050781:-11.86084	0.1258105:14.81727:-37.53603	Start	Default	
-1.880859:-0.8261719:-27.07031	0.2856445:3.418945:-26.1167	0.7163086:2.210449:-30.86719	0.9492188:8.050781:-11.86084	0.08972662:14.86606:-37.68877	Start	Default	
-2.15332:-0.6987305:-27.19336	0.2636719:3.273926:-26.18701	0.7207031:2.254395:-30.84521	0.9492188:8.050781:-11.85645	0.08105445:14.82877:-37.62897	Start	Default	
-2.15332:-0.6987305:-27.19336	0.2636719:3.273926:-26.18701	0.7207031:2.254395:-30.84521	0.9492188:8.050781:-11.85645	0.06617957:14.81035:-37.5718	Start	Bottle	
-2.15332:-0.6987305:-27.19336	0.2636719:3.273926:-26.18701	0.7207031:2.254395:-30.84521	0.9492188:8.050781:-11.85645	0.05942362:14.88268:-37.76348	Start	Bottle	
-2.271973:2.276367:-27.42627	0.3515625:2.610352:-25.48828	0.8613281:3.089355:-30.1377	0.9492188:8.050781:-11.86084	0.06006663:14.87338:-37.74076	Start	Bottle	
-2.271973:2.276367:-27.42627	0.3515625:2.610352:-25.48828	0.8613281:3.089355:-30.1377	0.9492188:8.050781:-11.86084	0.06073252:14.85148:-37.68475	Start	Bottle	
-2.271973:2.276367:-27.42627	0.3515625:2.610352:-25.48828	0.8613281:3.089355:-30.1377	0.9492188:8.050781:-11.86084	0.0613661:14.88197:-37.76262	Start	Bottle	
-2.271973:2.276367:-27.42627	0.3515625:2.610352:-25.48828	0.8613281:3.089355:-30.1377	0.9492188:8.050781:-11.86084	0.06257338:14.86933:-37.72886	Start	Bottle	
-2.197266:4.412109:-26.46826	0.628418:3.041016:-23.99854	1.072266:4.464844:-28.66992	0.9492188:8.050781:-11.86084	0.06186938:14.88188:-37.76117	Start	Bottle	
-2.197266:4.412109:-26.46826	0.628418:3.041016:-23.99854	1.072266:4.464844:-28.66992	0.9492188:8.050781:-11.86084	0.05993047:14.88226:-37.75935	Start	Bottle	
-2.197266:4.412109:-26.46826	0.628418:3.041016:-23.99854	1.072266:4.464844:-28.66992	0.9492188:8.050781:-11.86084	0.07264227:14.88309:-37.75806	Start	Bottle	
-1.929199:5.57666:-24.02051	1.155762:4.565918:-21.84961	1.248047:5.541504:-26.80225	0.9492188:8.050781:-11.86084	0.07527252:14.86595:-37.70877	ReachForBottle	Bottle	
-1.929199:5.57666:-24.02051	1.155762:4.565918:-21.84961	1.248047:5.541504:-26.80225	0.9492188:8.050781:-11.86084	0.07533264:14.8831:-37.75525	ReachForBottle	Bottle	
-1.929199:5.57666:-24.02051	1.155762:4.565918:-21.84961	1.248047:5.541504:-26.80225	0.9492188:8.050781:-11.86084	0.07578511:14.88485:-37.75152	ReachForBottle	Bottle	
-1.621582:6.200684:-21.42334	1.850098:5.655762:-19.64795	1.344727:5.888672:-24.73682	0.9492188:8.050781:-11.86084	0.07679932:14.88473:-37.75118	ReachForBottle	Bottle	
-1.621582:6.200684:-21.42334	1.850098:5.655762:-19.64795	1.344727:5.888672:-24.73682	0.9492188:8.050781:-11.86084	0.08294541:14.85734:-37.66537	ReachForBottle	Bottle	
-1.621582:6.200684:-21.42334	1.850098:5.655762:-19.64795	1.344727:5.888672:-24.73682	0.9492188:8.050781:-11.86084	0.08080455:14.85543:-37.66591	ReachForBottle	Bottle	
-1.226074:6.411621:-19.07227	2.474121:6.161133:-17.6792	1.419434:5.910645:-22.71533	0.9492188:8.050781:-11.86084	0.07987239:14.81976:-37.56185	ReachForBottle	Bottle	
-1.226074:6.411621:-19.07227	2.474121:6.161133:-17.6792	1.419434:5.910645:-22.71533	0.9492188:8.050781:-11.86084	0.08996408:14.67653:-37.15401	ReachForBottle	Bottle	
-1.226074:6.411621:-19.07227	2.474121:6.161133:-17.6792	1.419434:5.910645:-22.71533	0.9492188:8.050781:-11.86084	0.08472803:14.75486:-37.36528	ReachForBottle	Bottle	
-0.9711914:6.398438:-17.12549	2.865234:6.433594:-16.06641	1.415039:5.928223:-20.9751	0.9492188:8.050781:-11.86084	0.08671056:14.71016:-37.24215	ReachForBottle	Bottle	
-0.9711914:6.398438:-17.12549	2.865234:6.433594:-16.06641	1.415039:5.928223:-20.9751	0.9492188:8.050781:-11.86084	0.1060743:14.3501:-36.2755	ReachForBottle	Bottle	
-0.9711914:6.398438:-17.12549	2.865234:6.433594:-16.06641	1.415039:5.928223:-20.9751	0.9492188:8.050781:-11.86084	0.0913512:14.56498:-36.84515	ReachForBottle	Bottle	
-0.9711914:6.398438:-17.12549	2.865234:6.433594:-16.06641	1.415039:5.928223:-20.9751	0.9492188:8.050781:-11.86084	0.09056452:14.48675:-36.66333	ReachForBottle	Bottle	
-0.7338867:6.37207:-15.56104	3.234375:6.561035:-14.80957	1.371094:5.919434:-19.56006	0.9492188:8.050781:-11.86084	0.07979574:14.80147:-37.49703	ReachForBottle	Bottle	
-0.7338867:6.37207:-15.56104	3.234375:6.561035:-14.80957	1.371094:5.919434:-19.56006	0.9492188:8.050781:-11.86084	0.07601326:14.81761:-37.54081	ReachForBottle	Bottle	
-0.7338867:6.37207:-15.56104	3.234375:6.561035:-14.80957	1.371094:5.919434:-19.56006	0.9492188:8.050781:-11.86084	0.07202846:14.82502:-37.55646	ReachForBottle	Bottle	
-0.7338867:6.37207:-15.56104	3.234375:6.561035:-14.80957	1.371094:5.919434:-19.56006	0.9492188:8.050781:-11.86084	0.07101186:14.86658:-37.6675	ReachForBottle	Bottle	
-0.6196289:6.23584:-14.41846	3.436523:6.578613:-13.86914	1.349121:5.85791:-18.51855	0.9492188:8.050781:-11.86084	0.06878609:14.88586:-37.71036	ReachForBottle	Bottle	
-0.6196289:6.23584:-14.41846	3.436523:6.578613:-13.86914	1.349121:5.85791:-18.51855	0.9492188:8.050781:-11.86084	0.07298654:14.85107:-37.62063	ReachForBottle	Bottle	
-0.6196289:6.23584:-14.41846	3.436523:6.578613:-13.86914	1.349121:5.85791:-18.51855	0.9492188:8.050781:-11.86084	0.06755042:14.88566:-37.70395	ReachForBottle	Bottle	
-0,4746094,5,976563,-13,56152,	3,550781,6,416016,-13,13525,	1,331543,5,708496,-17,71875,	0,9492188,8,050781,-11,86084,	0,06612946,14,87715,-37,6778,	ReachForBottle	Bottle	
-0,4746094,5,976563,-13,56152,	3,550781,6,416016,-13,13525,	1,331543,5,708496,-17,71875,	0,9492188,8,050781,-11,86084,	0,06561174,14,88551,-37,70011,	Grasped	Bottle	
-0,4746094,5,976563,-13,56152,	3,550781,6,416016,-13,13525,	1,331543,5,708496,-17,71875,	0,9492188,8,050781,-11,86084,	0,06474999,14,88515,-37,69822,	Grasped	Bottle	
-0.4042969:5.708496:-12.91992	3.568359:6.341309:-12.52881	1.327148:5.497559:-17.10791	0.9492188:8.050781:-11.86084	0.06398251:14.88504:-37.69201	Grasped	Bottle	
-0.4042969:5.708496:-12.91992	3.568359:6.341309:-12.52881	1.327148:5.497559:-17.10791	0.9492188:8.050781:-11.86084	0.06644563:14.86678:-37.64264	Grasped	Bottle	
-0.4042969:5.708496:-12.91992	3.568359:6.341309:-12.52881	1.327148:5.497559:-17.10791	0.9492188:8.050781:-11.86084	0.08113599:14.70776:-37.20159	Grasped	Bottle	
-0.4042969:5.708496:-12.91992	3.568359:6.341309:-12.52881	1.327148:5.497559:-17.10791	0.9492188:8.050781:-11.86084	0.06211775:14.88396:-37.68625	Grasped	Bottle	
-0.4130859:5.378906:-12.50684	3.454102:6.275391:-12.07617	1.274414:5.321777:-16.69482	0.9536133:8.050781:-11.85205	0.05975904:14.88344:-37.68086	Grasped	Bottle	
-0.4130859:5.378906:-12.50684	3.454102:6.275391:-12.07617	1.274414:5.321777:-16.69482	0.9536133:8.050781:-11.85205	0.05924734:14.88288:-37.67742	Grasped	Bottle	
-0.4130859:5.378906:-12.50684	3.454102:6.275391:-12.07617	1.274414:5.321777:-16.69482	0.9536133:8.050781:-11.85205	0.06002291:14.87582:-37.65799	Grasped	Bottle	
-0.3383789:5.132813:-12.2168	3.375:6.209473:-11.82129	1.199707:5.172363:-16.42676	1.085449:8.033203:-11.68066	0.07170328:14.78694:-37.41658	Grasped	Bottle	
-0.3383789:5.132813:-12.2168	3.375:6.209473:-11.82129	1.199707:5.172363:-16.42676	1.085449:8.033203:-11.68066	0.07845792:14.87375:-37.65496	Grasped	Default	
-0.3383789:5.132813:-12.2168	3.375:6.209473:-11.82129	1.199707:5.172363:-16.42676	1.085449:8.033203:-11.68066	0.158603:14.80677:-37.47235	Grasped	CupRight	
-0.3032227:4.943848:-12.09375	3.208008:6.108398:-11.67188	1.111816:5.040527:-16.28613	1.103027:8.028809:-11.64111	0.126327:14.8541:-37.60917	Grasped	CupRight	
-0.3032227:4.943848:-12.09375	3.208008:6.108398:-11.67188	1.111816:5.040527:-16.28613	1.103027:8.028809:-11.64111	0.07582814:14.87838:-37.67311	Grasped	CupRight	
-0.3032227:4.943848:-12.09375	3.208008:6.108398:-11.67188	1.111816:5.040527:-16.28613	1.103027:8.028809:-11.64111	0.1602117:14.7918:-37.46818	Grasped	CupRight	
-0.3032227:4.943848:-12.09375	3.208008:6.108398:-11.67188	1.111816:5.040527:-16.28613	1.103027:8.028809:-11.64111	0.08821855:14.87854:-37.66921	Grasped	CupRight	
-0.2724609:4.737305:-12.0542	2.900391:5.893066:-11.54004	1.037109:4.913086:-16.20703	1.059082:8.028809:-11.64111	0.09026349:14.87743:-37.6613	Grasped	CupRight	
-0.2724609:4.737305:-12.0542	2.900391:5.893066:-11.54004	1.037109:4.913086:-16.20703	1.059082:8.028809:-11.64111	0.08797003:14.87997:-37.66708	Grasped	CupRight	
-0.2724609:4.737305:-12.0542	2.900391:5.893066:-11.54004	1.037109:4.913086:-16.20703	1.059082:8.028809:-11.64111	0.08611982:14.87799:-37.66585	Grasped	CupRight	
-0.1538086:4.623047:-12.08057	2.57959:5.651367:-11.44775	1.041504:4.833984:-16.17188	1.015137:8.028809:-11.68945	0.09021533:14.87217:-37.65031	Grasped	CupRight	
-0.1538086:4.623047:-12.08057	2.57959:5.651367:-11.44775	1.041504:4.833984:-16.17188	1.015137:8.028809:-11.68945	0.08556007:14.8778:-37.66541	Grasped	CupRight	
-0.1538086:4.623047:-12.08057	2.57959:5.651367:-11.44775	1.041504:4.833984:-16.17188	1.015137:8.028809:-11.68945	0.08737712:14.87821:-37.66411	Grasped	CupRight	
-0.1538086:4.623047:-12.08057	2.57959:5.651367:-11.44775	1.041504:4.833984:-16.17188	1.015137:8.028809:-11.68945	0.08852961:14.87812:-37.66351	Grasped	CupRight	
0.02636719:4.640625:-12.12451	2.447754:5.501953:-11.46533	1.234863:4.961426:-16.18945	1.190918:8.094727:-11.80811	0.1086065:14.85298:-37.60516	Grasped	CupRight	
0.02636719:4.640625:-12.12451	2.447754:5.501953:-11.46533	1.234863:4.961426:-16.18945	1.190918:8.094727:-11.80811	0.08601982:14.87736:-37.66342	Grasped	CupRight	
0.02636719:4.640625:-12.12451	2.447754:5.501953:-11.46533	1.234863:4.961426:-16.18945	1.190918:8.094727:-11.80811	0.08712443:14.87696:-37.66234	Grasped	CupRight	
0.6064453:5.167969:-12.42334	2.913574:5.72168:-11.83887	1.814941:5.273438:-16.47949	2.087402:8.53418:-12.22119	0.1269331:14.83339:-37.55814	Grasped	CupRight	
0.6064453:5.167969:-12.42334	2.913574:5.72168:-11.83887	1.814941:5.273438:-16.47949	2.087402:8.53418:-12.22119	0.1257055:14.83896:-37.56995	Grasped	CupRight	
0.6064453:5.167969:-12.42334	2.913574:5.72168:-11.83887	1.814941:5.273438:-16.47949	2.087402:8.53418:-12.22119	0.1120191:14.85056:-37.59723	Grasped	CupRight	
0.6064453:5.167969:-12.42334	2.913574:5.72168:-11.83887	1.814941:5.273438:-16.47949	2.087402:8.53418:-12.22119	0.1098291:14.84878:-37.59213	Grasped	CupRight	
1.54248:6.147949:-13.07813	3.845215:6.534668:-12.58154	2.781738:5.888672:-17.14746	3.19043:9.360352:-13.021	0.08561395:14.87567:-37.65779	Grasped	CupRight	
1.54248:6.147949:-13.07813	3.845215:6.534668:-12.58154	2.781738:5.888672:-17.14746	3.19043:9.360352:-13.021	0.4240451:14.45686:-36.75252	Grasped	CupRight	
1.54248:6.147949:-13.07813	3.845215:6.534668:-12.58154	2.781738:5.888672:-17.14746	3.19043:9.360352:-13.021	0.09617021:14.86346:-37.62858	Grasped	CupRight	
2.891602:7.21582:-14.01855	5.238281:7.554199:-13.61426	4.12207:6.670898:-18.09229	4.671387:10.34033:-14.05371	0.1617128:14.76405:-37.37519	Grasped	Default	
2.891602:7.21582:-14.01855	5.238281:7.554199:-13.61426	4.12207:6.670898:-18.09229	4.671387:10.34033:-14.05371	0.1003659:14.84705:-37.53113	Grasped	Bottle	
2.891602:7.21582:-14.01855	5.238281:7.554199:-13.61426	4.12207:6.670898:-18.09229	4.671387:10.34033:-14.05371	0.1559394:14.70557:-37.16357	Grasped	Bottle	
4.420898:8.077148:-14.87549	6.908203:8.367188:-14.64697	5.607422:7.352051:-19.02832	6.37207:11.12256:-14.99854	0.1350439:14.68781:-37.11188	Grasped	Default	
4.420898:8.077148:-14.87549	6.908203:8.367188:-14.64697	5.607422:7.352051:-19.02832	6.37207:11.12256:-14.99854	0.09881446:14.77206:-37.34556	Grasped	Default	
4.420898:8.077148:-14.87549	6.908203:8.367188:-14.64697	5.607422:7.352051:-19.02832	6.37207:11.12256:-14.99854	0.07144397:14.85988:-37.59446	Grasped	Default	
4.420898:8.077148:-14.87549	6.908203:8.367188:-14.64697	5.607422:7.352051:-19.02832	6.37207:11.12256:-14.99854	0.0723528:14.86942:-37.62216	Grasped	Default	
6.249023:8.67041:-15.62256	8.661621:8.912109:-15.55225	7.171875:7.918945:-19.81934	8.028809:11.71143:-15.75	0.08030625:14.85866:-37.5943	Grasped	Default	
6.249023:8.67041:-15.62256	8.661621:8.912109:-15.55225	7.171875:7.918945:-19.81934	8.028809:11.71143:-15.75	0.08057558:14.87488:-37.63808	Grasped	Default	
6.249023:8.67041:-15.62256	8.661621:8.912109:-15.55225	7.171875:7.918945:-19.81934	8.028809:11.71143:-15.75	0.08721489:14.85422:-37.58144	Grasped	Default	
8.015625:8.714355:-16.04004	10.30957:9.285645:-16.10156	8.481445:8.222168:-20.22363	9.202148:11.96631:-16.0752	0.1079251:14.78751:-37.40712	Grasped	Default	
8.015625:8.714355:-16.04004	10.30957:9.285645:-16.10156	8.481445:8.222168:-20.22363	9.202148:11.96631:-16.0752	0.08669774:14.87403:-37.63585	Grasped	Default	
8.015625:8.714355:-16.04004	10.30957:9.285645:-16.10156	8.481445:8.222168:-20.22363	9.202148:11.96631:-16.0752	0.0998106:14.84477:-37.5569	Grasped	Default	
8.015625:8.714355:-16.04004	10.30957:9.285645:-16.10156	8.481445:8.222168:-20.22363	9.202148:11.96631:-16.0752	0.09051706:14.86939:-37.6231	Grasped	Default	
9.413086:8.345215:-16.03125	11.4917:9.360352:-16.10596	9.566895:8.29248:-20.23242	9.883301:11.86523:-15.89941	0.1023979:14.84494:-37.55635	Grasped	Default	
9.413086:8.345215:-16.03125	11.4917:9.360352:-16.10596	9.566895:8.29248:-20.23242	9.883301:11.86523:-15.89941	0.125131:14.81139:-37.45904	Grasped	Default	
9.413086:8.345215:-16.03125	11.4917:9.360352:-16.10596	9.566895:8.29248:-20.23242	9.883301:11.86523:-15.89941	0.1157938:14.87515:-37.62996	Grasped	Default	
10.6084:7.558594:-15.78516	12.18604:9.166992:-15.71045	10.37549:8.191406:-19.89844	10.07227:11.34668:-15.33252	0.1917883:14.81024:-37.45942	Grasped	CupRight	
10.6084:7.558594:-15.78516	12.18604:9.166992:-15.71045	10.37549:8.191406:-19.89844	10.07227:11.34668:-15.33252	0.1622143:14.85538:-37.568	Grasped	Default	
10.6084:7.558594:-15.78516	12.18604:9.166992:-15.71045	10.37549:8.191406:-19.89844	10.07227:11.34668:-15.33252	0.1748361:14.83992:-37.53175	Grasped	Default	
11.41699:6.829102:-15.36768	12.60352:8.868164:-15.16992	10.93359:7.949707:-19.41943	10.23486:10.59521:-14.66016	0.1629542:14.84027:-37.55005	Grasped	CupRight	
11.41699:6.829102:-15.36768	12.60352:8.868164:-15.16992	10.93359:7.949707:-19.41943	10.23486:10.59521:-14.66016	0.1394139:14.86837:-37.61139	Grasped	CupRight	
11.41699:6.829102:-15.36768	12.60352:8.868164:-15.16992	10.93359:7.949707:-19.41943	10.23486:10.59521:-14.66016	0.138398:14.87378:-37.62386	Grasped	CupRight	
11.41699:6.829102:-15.36768	12.60352:8.868164:-15.16992	10.93359:7.949707:-19.41943	10.23486:10.59521:-14.66016	0.137665:14.87328:-37.6241	Grasped	CupRight	
11.96631:6.060059:-14.89307	12.87158:8.507813:-14.47559	11.37744:7.655273:-18.84814	10.33154:9.900879:-14.04053	0.144589:14.87021:-37.61367	Grasped	CupRight	
11.96631:6.060059:-14.89307	12.87158:8.507813:-14.47559	11.37744:7.655273:-18.84814	10.33154:9.900879:-14.04053	0.1411073:14.87342:-37.62135	Grasped	CupRight	
11.96631:6.060059:-14.89307	12.87158:8.507813:-14.47559	11.37744:7.655273:-18.84814	10.33154:9.900879:-14.04053	0.1452813:14.87288:-37.61864	Grasped	CupRight	
11.96631:6.060059:-14.89307	12.87158:8.507813:-14.47559	11.37744:7.655273:-18.84814	10.33154:9.900879:-14.04053	0.1459639:14.874:-37.61833	Grasped	CupRight	
12.28711:5.458008:-14.42725	12.80127:8.151855:-13.86914	11.56641:7.40918:-18.3252	10.22168:9.162598:-13.46484	0.1499134:14.87367:-37.61577	Grasped	CupRight	
12.28711:5.458008:-14.42725	12.80127:8.151855:-13.86914	11.56641:7.40918:-18.3252	10.22168:9.162598:-13.46484	0.1495879:14.87344:-37.61586	Grasped	CupRight	
12.28711:5.458008:-14.42725	12.80127:8.151855:-13.86914	11.56641:7.40918:-18.3252	10.22168:9.162598:-13.46484	0.1515082:14.8726:-37.61339	Grasped	CupRight	
12.36182:5.036133:-14.04932	12.6123:7.773926:-13.32422	11.60156:7.189453:-17.84619	10.0459:8.516602:-12.95508	0.1956161:14.82009:-37.47964	Grasped	CupRight	
12.36182:5.036133:-14.04932	12.6123:7.773926:-13.32422	11.60156:7.189453:-17.84619	10.0459:8.516602:-12.95508	0.2037733:14.81172:-37.46012	Grasped	CupRight	
12.36182:5.036133:-14.04932	12.6123:7.773926:-13.32422	11.60156:7.189453:-17.84619	10.0459:8.516602:-12.95508	0.3517032:14.6454:-37.03316	Grasped	CupRight	
12.30908:4.697754:-13.66699	12.34424:7.584961:-12.854	11.57959:7.03125:-17.42871	9.79541:8.002441:-12.57715	0.230676:14.79933:-37.41351	Grasped	CupRight	
12.30908:4.697754:-13.66699	12.34424:7.584961:-12.854	11.57959:7.03125:-17.42871	9.79541:8.002441:-12.57715	0.4263652:14.58275:-36.88528	Grasped	CupRight	
12.30908:4.697754:-13.66699	12.34424:7.584961:-12.854	11.57959:7.03125:-17.42871	9.79541:8.002441:-12.57715	0.3238696:14.69455:-37.12548	Grasped	Default	
12.30908:4.697754:-13.66699	12.34424:7.584961:-12.854	11.57959:7.03125:-17.42871	9.79541:8.002441:-12.57715	0.1531648:14.87125:-37.60632	Grasped	CupRight	
12.23438:4.447266:-13.35938	12.08936:7.338867:-12.46729	11.50049:6.925781:-17.08154	9.549316:7.584961:-12.26953	0.2485497:14.76317:-37.33197	Grasped	CupRight	
12.23438:4.447266:-13.35938	12.08936:7.338867:-12.46729	11.50049:6.925781:-17.08154	9.549316:7.584961:-12.26953	0.1792059:14.8463:-37.53799	Grasped	CupRight	
12.23438:4.447266:-13.35938	12.08936:7.338867:-12.46729	11.50049:6.925781:-17.08154	9.549316:7.584961:-12.26953	0.2667161:14.74793:-37.29319	Grasped	CupRight	
12.2168:4.258301:-13.16162	11.84766:7.132324:-12.18604	11.42578:6.815918:-16.81348	9.360352:7.141113:-12.0498	0.2143155:14.81592:-37.45497	Grasped	CupRight	
12.2168:4.258301:-13.16162	11.84766:7.132324:-12.18604	11.42578:6.815918:-16.81348	9.360352:7.141113:-12.0498	0.1561312:14.87011:-37.60137	Grasped	CupRight	
12.2168:4.258301:-13.16162	11.84766:7.132324:-12.18604	11.42578:6.815918:-16.81348	9.360352:7.141113:-12.0498	0.1692824:14.85661:-37.56537	Grasped	CupRight	
12.2168:4.258301:-13.16162	11.84766:7.132324:-12.18604	11.42578:6.815918:-16.81348	9.360352:7.141113:-12.0498	0.2867119:14.70828:-37.1983	Grasped	CupRight	
12.23877:3.972656:-12.99463	11.70703:6.88623:-11.93115	11.39063:6.688477:-16.59814	9.246094:6.697266:-11.88721	0.3267341:14.70114:-37.14729	Grasped	CupRight	
12.23877:3.972656:-12.99463	11.70703:6.88623:-11.93115	11.39063:6.688477:-16.59814	9.246094:6.697266:-11.88721	0.3995217:14.65976:-37.01623	Grasped	Bottle	
12.23877:3.972656:-12.99463	11.70703:6.88623:-11.93115	11.39063:6.688477:-16.59814	9.246094:6.697266:-11.88721	0.1915109:14.84357:-37.51745	Grasped	Bottle	
12.23438:3.744141:-12.86719	11.57959:6.666504:-11.75977	11.39063:6.578613:-16.44434	9.175781:6.336914:-11.80371	0.1580476:14.87142:-37.5989	Grasped	Bottle	
12.23438:3.744141:-12.86719	11.57959:6.666504:-11.75977	11.39063:6.578613:-16.44434	9.175781:6.336914:-11.80371	0.1742993:14.85314:-37.5522	Grasped	Bottle	
12.23438:3.744141:-12.86719	11.57959:6.666504:-11.75977	11.39063:6.578613:-16.44434	9.175781:6.336914:-11.80371	0.1888941:14.84445:-37.52443	Grasped	Bottle	
12.27832:3.541992:-12.78809	11.4917:6.464355:-11.66309	11.4126:6.464355:-16.35205	9.140625:6.00293:-11.78174	0.1691803:14.86064:-37.57492	Grasped	Bottle	
12.27832:3.541992:-12.78809	11.4917:6.464355:-11.66309	11.4126:6.464355:-16.35205	9.140625:6.00293:-11.78174	0.2234826:14.81018:-37.43095	Grasped	Bottle	
12.27832:3.541992:-12.78809	11.4917:6.464355:-11.66309	11.4126:6.464355:-16.35205	9.140625:6.00293:-11.78174	0.1762375:14.85386:-37.55441	Grasped	Bottle	
12.27832:3.541992:-12.78809	11.4917:6.464355:-11.66309	11.4126:6.464355:-16.35205	9.140625:6.00293:-11.78174	0.1587211:14.86984:-37.5979	Grasped	Bottle	
12.34863:3.317871:-12.73096	11.44336:6.270996:-11.60596	11.44336:6.350098:-16.29932	9.131836:5.664551:-11.80371	0.1942697:14.83646:-37.5085	Grasped	Bottle	
12.34863:3.317871:-12.73096	11.44336:6.270996:-11.60596	11.44336:6.350098:-16.29932	9.131836:5.664551:-11.80371	0.1621793:14.86646:-37.59004	Grasped	Bottle	
12.34863:3.317871:-12.73096	11.44336:6.270996:-11.60596	11.44336:6.350098:-16.29932	9.131836:5.664551:-11.80371	0.1704164:14.85737:-37.56472	Grasped	Bottle	
12.34863:3.317871:-12.73096	11.44336:6.270996:-11.60596	11.44336:6.350098:-16.29932	9.131836:5.664551:-11.80371	0.1700711:14.85745:-37.56595	Grasped	Bottle	
12.41895:3.19043:-12.70459	11.40381:6.156738:-11.56201	11.47412:6.310547:-16.25098	9.14502:5.462402:-11.8125	0.1774671:14.84984:-37.54538	Grasped	Bottle	
12.41895:3.19043:-12.70459	11.40381:6.156738:-11.56201	11.47412:6.310547:-16.25098	9.14502:5.462402:-11.8125	0.1695085:14.85651:-37.56369	Grasped	Bottle	
12.41895:3.19043:-12.70459	11.40381:6.156738:-11.56201	11.47412:6.310547:-16.25098	9.14502:5.462402:-11.8125	0.1566563:14.86926:-37.59791	Grasped	Bottle	
12.47607:3.177246:-12.66064	11.39502:6.156738:-11.53564	11.51807:6.310547:-16.21143	9.175781:5.409668:-11.8125	0.1608717:14.86791:-37.59484	Grasped	Bottle	
12.47607:3.177246:-12.66064	11.39502:6.156738:-11.53564	11.51807:6.310547:-16.21143	9.175781:5.409668:-11.8125	0.1948861:14.83294:-37.50266	Grasped	Bottle	
12.47607:3.177246:-12.66064	11.39502:6.156738:-11.53564	11.51807:6.310547:-16.21143	9.175781:5.409668:-11.8125	0.2137881:14.81403:-37.45287	Grasped	Bottle	
12.58594:3.159668:-12.60352	11.42139:6.121582:-11.48291	11.58838:6.350098:-16.16309	9.237305:5.291016:-11.82129	0.1970625:14.82902:-37.49475	Grasped	Bottle	
12.58594:3.159668:-12.60352	11.42139:6.121582:-11.48291	11.58838:6.350098:-16.16309	9.237305:5.291016:-11.82129	0.1873105:14.8395:-37.52223	Grasped	Bottle	
12.58594:3.159668:-12.60352	11.42139:6.121582:-11.48291	11.58838:6.350098:-16.16309	9.237305:5.291016:-11.82129	0.1831183:14.8414:-37.52779	Grasped	Bottle	
12.65625:3.216797:-12.5376	11.4126:6.13916:-11.43018	11.6499:6.411621:-16.11475	9.268066:5.242676:-11.82129	0.1585261:14.86835:-37.59812	Grasped	Bottle	
12.65625:3.216797:-12.5376	11.4126:6.13916:-11.43018	11.6499:6.411621:-16.11475	9.268066:5.242676:-11.82129	0.1562653:14.86816:-37.59814	Grasped	Bottle	
12.65625:3.216797:-12.5376	11.4126:6.13916:-11.43018	11.6499:6.411621:-16.11475	9.268066:5.242676:-11.82129	0.1578865:14.86765:-37.59807	Grasped	Bottle	
12.65625:3.216797:-12.5376	11.4126:6.13916:-11.43018	11.6499:6.411621:-16.11475	9.268066:5.242676:-11.82129	0.1581014:14.86813:-37.59782	Grasped	Bottle	
12.69141:3.243164:-12.48486	11.43457:6.183105:-11.38623	11.68066:6.455566:-16.06641	9.285645:5.264648:-11.80371	0.1729471:14.85607:-37.56778	Grasped	Bottle	
12.69141:3.243164:-12.48486	11.43457:6.183105:-11.38623	11.68066:6.455566:-16.06641	9.285645:5.264648:-11.80371	0.1682446:14.86223:-37.58337	Grasped	Bottle	
12.69141:3.243164:-12.48486	11.43457:6.183105:-11.38623	11.68066:6.455566:-16.06641	9.285645:5.264648:-11.80371	0.1644396:14.86743:-37.5975	Grasped	Bottle	
12.69141:3.243164:-12.48486	11.43457:6.183105:-11.38623	11.68066:6.455566:-16.06641	9.285645:5.264648:-11.80371	0.2120481:14.82037:-37.47127	Grasped	Bottle	
12.72656:3.304688:-12.41455	11.43896:6.213867:-11.3291	11.69824:6.490723:-16.00488	9.32959:5.238281:-11.74219	0.2464874:14.78563:-37.38284	Grasped	Bottle	
12.72656:3.304688:-12.41455	11.43896:6.213867:-11.3291	11.69824:6.490723:-16.00488	9.32959:5.238281:-11.74219	0.2320132:14.79811:-37.41759	Grasped	Bottle	
12.72656:3.304688:-12.41455	11.43896:6.213867:-11.3291	11.69824:6.490723:-16.00488	9.32959:5.238281:-11.74219	0.1662014:14.86617:-37.59455	Grasped	Bottle	
12.72656:3.304688:-12.41455	11.43896:6.213867:-11.3291	11.69824:6.490723:-16.00488	9.32959:5.238281:-11.74219	0.1657232:14.86788:-37.59684	Grasped	Bottle	
12.77051:3.295898:-12.36621	11.45654:6.205078:-11.25879	11.70703:6.51709:-15.95215	9.373535:5.163574:-11.69385	0.1660312:14.86723:-37.59714	Grasped	Bottle	
12.77051:3.295898:-12.36621	11.45654:6.205078:-11.25879	11.70703:6.51709:-15.95215	9.373535:5.163574:-11.69385	0.1954116:14.83743:-37.51723	Grasped	Bottle	
12.77051:3.295898:-12.36621	11.45654:6.205078:-11.25879	11.70703:6.51709:-15.95215	9.373535:5.163574:-11.69385	0.1918369:14.84359:-37.5369	Grasped	Bottle	
12.81445:3.32666:-12.35303	11.48291:6.222656:-11.22363	11.72461:6.525879:-15.92578	9.413086:5.141602:-11.66309	0.1690096:14.8666:-37.59732	Grasped	Bottle	
12.81445:3.32666:-12.35303	11.48291:6.222656:-11.22363	11.72461:6.525879:-15.92578	9.413086:5.141602:-11.66309	0.1694942:14.86637:-37.59675	Grasped	Bottle	
12.81445:3.32666:-12.35303	11.48291:6.222656:-11.22363	11.72461:6.525879:-15.92578	9.413086:5.141602:-11.66309	0.1727664:14.86258:-37.58693	Grasped	Bottle	
12.81445:3.32666:-12.35303	11.48291:6.222656:-11.22363	11.72461:6.525879:-15.92578	9.413086:5.141602:-11.66309	0.1744254:14.86138:-37.58323	Grasped	Bottle	
12.84082:3.335449:-12.33545	11.49609:6.244629:-11.22803	11.75098:6.51709:-15.93018	9.42627:5.150391:-11.66309	0.1819683:14.85358:-37.56318	Grasped	Bottle	
12.84082:3.335449:-12.33545	11.49609:6.244629:-11.22803	11.75098:6.51709:-15.93018	9.42627:5.150391:-11.66309	0.1804476:14.85448:-37.566	Grasped	Bottle	
12.84082:3.335449:-12.33545	11.49609:6.244629:-11.22803	11.75098:6.51709:-15.93018	9.42627:5.150391:-11.66309	0.2472522:14.78473:-37.38269	Grasped	Bottle	
12.91113:3.348633:-12.35303	11.51807:6.205078:-11.24121	11.78174:6.486328:-15.95215	9.483398:5.066895:-11.68945	0.2417261:14.78972:-37.39507	Grasped	Bottle	
12.91113:3.348633:-12.35303	11.51807:6.205078:-11.24121	11.78174:6.486328:-15.95215	9.483398:5.066895:-11.68945	0.2385585:14.79261:-37.40246	Grasped	Bottle	
12.91113:3.348633:-12.35303	11.51807:6.205078:-11.24121	11.78174:6.486328:-15.95215	9.483398:5.066895:-11.68945	0.196427:14.83517:-37.51199	Grasped	Bottle	
12.95947:3.366211:-12.36621	11.55762:6.178711:-11.26318	11.80371:6.446777:-15.96533	9.509766:5.009766:-11.70703	0.196212:14.83531:-37.5094	Grasped	Bottle	
12.95947:3.366211:-12.36621	11.55762:6.178711:-11.26318	11.80371:6.446777:-15.96533	9.509766:5.009766:-11.70703	0.1725751:14.85992:-37.57619	Grasped	Bottle	
12.95947:3.366211:-12.36621	11.55762:6.178711:-11.26318	11.80371:6.446777:-15.96533	9.509766:5.009766:-11.70703	0.1744166:14.85808:-37.57234	Grasped	Bottle	
12.95947:3.366211:-12.36621	11.55762:6.178711:-11.26318	11.80371:6.446777:-15.96533	9.509766:5.009766:-11.70703	0.1702091:14.86174:-37.58069	Grasped	Bottle	
12.96826:3.370605:-12.37939	11.58398:6.209473:-11.27637	11.8125:6.433594:-15.97412	9.522949:5.075684:-11.69824	0.2112346:14.82331:-37.48173	Grasped	Bottle	
12.96826:3.370605:-12.37939	11.58398:6.209473:-11.27637	11.8125:6.433594:-15.97412	9.522949:5.075684:-11.69824	0.2240082:14.80916:-37.43077	Grasped	Bottle	
12.96826:3.370605:-12.37939	11.58398:6.209473:-11.27637	11.8125:6.433594:-15.97412	9.522949:5.075684:-11.69824	0.2146972:14.8232:-37.46325	Grasped	Bottle	
12.96826:3.410156:-12.37939	11.58838:6.270996:-11.27637	11.8125:6.424805:-15.99609	9.51416:5.141602:-11.68066	0.164862:14.86912:-37.59681	Grasped	Bottle	
12.96826:3.410156:-12.37939	11.58838:6.270996:-11.27637	11.8125:6.424805:-15.99609	9.51416:5.141602:-11.68066	0.2479446:14.78416:-37.37793	Grasped	Bottle	
12.96826:3.410156:-12.37939	11.58838:6.270996:-11.27637	11.8125:6.424805:-15.99609	9.51416:5.141602:-11.68066	0.1810718:14.85358:-37.5477	Grasped	Bottle	
12.96826:3.410156:-12.37939	11.58838:6.270996:-11.27637	11.8125:6.424805:-15.99609	9.51416:5.141602:-11.68066	0.18996:14.84567:-37.53677	Grasped	Bottle	
12.92871:3.432129:-12.38379	11.53564:6.306152:-11.28955	11.79053:6.424805:-15.9917	9.457031:5.185547:-11.67627	0.167806:14.86951:-37.59798	Grasped	Bottle	
12.92871:3.432129:-12.38379	11.53564:6.306152:-11.28955	11.79053:6.424805:-15.9917	9.457031:5.185547:-11.67627	0.1686962:14.86883:-37.5985	Grasped	Bottle	
12.92871:3.432129:-12.38379	11.53564:6.306152:-11.28955	11.79053:6.424805:-15.9917	9.457031:5.185547:-11.67627	0.1940636:14.8386:-37.51822	Grasped	Bottle	
12.79688:3.533203:-12.375	11.50488:6.433594:-11.28516	11.72021:6.437988:-15.9917	9.369141:5.418457:-11.63232	0.1648498:14.87001:-37.59893	Grasped	Bottle	
12.79688:3.533203:-12.375	11.50488:6.433594:-11.28516	11.72021:6.437988:-15.9917	9.369141:5.418457:-11.63232	0.1655622:14.86953:-37.59972	Grasped	Bottle	
12.79688:3.533203:-12.375	11.50488:6.433594:-11.28516	11.72021:6.437988:-15.9917	9.369141:5.418457:-11.63232	0.181955:14.85547:-37.55667	Grasped	Bottle	
12.59473:3.673828:-12.32666	11.55762:6.714844:-11.3335	11.64551:6.473145:-16.01367	9.303223:5.985352:-11.55762	0.1649979:14.87062:-37.60033	Grasped	Bottle	
12.59473:3.673828:-12.32666	11.55762:6.714844:-11.3335	11.64551:6.473145:-16.01367	9.303223:5.985352:-11.55762	0.1670104:14.86652:-37.59177	Grasped	Bottle	
12.59473:3.673828:-12.32666	11.55762:6.714844:-11.3335	11.64551:6.473145:-16.01367	9.303223:5.985352:-11.55762	0.1680285:14.86727:-37.59135	Grasped	Bottle	
12.59473:3.673828:-12.32666	11.55762:6.714844:-11.3335	11.64551:6.473145:-16.01367	9.303223:5.985352:-11.55762	0.1641482:14.87133:-37.60106	Grasped	Bottle	
12.30029:3.999023:-12.30908	11.6499:7.123535:-11.42139	11.56201:6.534668:-16.05762	9.276855:6.802734:-11.50049	0.1924205:14.84415:-37.52542	Grasped	Bottle	
12.30029:3.999023:-12.30908	11.6499:7.123535:-11.42139	11.56201:6.534668:-16.05762	9.276855:6.802734:-11.50049	0.2091552:14.82329:-37.47435	Grasped	Bottle	
12.30029:3.999023:-12.30908	11.6499:7.123535:-11.42139	11.56201:6.534668:-16.05762	9.276855:6.802734:-11.50049	0.16067:14.86922:-37.60232	Grasped	CupRight	
11.98828:4.464844:-12.26514	11.81689:7.527832:-11.57959	11.45215:6.657715:-16.10596	9.355957:7.787109:-11.50928	0.1598996:14.86827:-37.60284	Grasped	CupRight	
11.98828:4.464844:-12.26514	11.81689:7.527832:-11.57959	11.45215:6.657715:-16.10596	9.355957:7.787109:-11.50928	0.1603379:14.86804:-37.603	Grasped	CupRight	
11.98828:4.464844:-12.26514	11.81689:7.527832:-11.57959	11.45215:6.657715:-16.10596	9.355957:7.787109:-11.50928	0.1997513:14.82567:-37.49464	Grasped	CupRight	
11.98828:4.464844:-12.26514	11.81689:7.527832:-11.57959	11.45215:6.657715:-16.10596	9.355957:7.787109:-11.50928	0.1762053:14.84757:-37.55531	Grasped	CupRight	
11.72021:5.128418:-12.27393	12.11572:8.099121:-11.84766	11.38184:6.820313:-16.19385	9.70752:8.978027:-11.68506	0.199291:14.81919:-37.48529	Grasped	CupRight	
11.72021:5.128418:-12.27393	12.11572:8.099121:-11.84766	11.38184:6.820313:-16.19385	9.70752:8.978027:-11.68506	0.2212569:14.71693:-37.19062	Grasped	Default	
11.72021:5.128418:-12.27393	12.11572:8.099121:-11.84766	11.38184:6.820313:-16.19385	9.70752:8.978027:-11.68506	0.1321208:14.79841:-37.39203	Grasped	Default	
11.4873:5.937012:-12.36621	12.48486:8.503418:-12.25635	11.31592:7.035645:-16.35205	10.23047:10.0415:-12.02344	0.1311361:14.87035:-37.59827	Grasped	Default	
11.4873:5.937012:-12.36621	12.48486:8.503418:-12.25635	11.31592:7.035645:-16.35205	10.23047:10.0415:-12.02344	0.1067145:14.87243:-37.60233	Grasped	Default	
11.4873:5.937012:-12.36621	12.48486:8.503418:-12.25635	11.31592:7.035645:-16.35205	10.23047:10.0415:-12.02344	0.09068429:14.87309:-37.60429	Grasped	Default	
11.12256:6.815918:-12.5332	12.66064:8.833008:-12.66064	11.16211:7.343262:-16.53662	10.65674:10.95996:-12.48486	0.08107042:14.84428:-37.52648	Grasped	Default	
11.12256:6.815918:-12.5332	12.66064:8.833008:-12.66064	11.16211:7.343262:-16.53662	10.65674:10.95996:-12.48486	0.06438094:14.79096:-37.37637	Grasped	Default	
11.12256:6.815918:-12.5332	12.66064:8.833008:-12.66064	11.16211:7.343262:-16.53662	10.65674:10.95996:-12.48486	0.07848893:14.84407:-37.52808	Grasped	Default	
10.3623:7.725586:-12.66943	12.20801:9.395508:-12.89355	10.72266:7.765137:-16.69482	10.43701:11.72461:-12.88037	0.0868886:14.87224:-37.60531	Grasped	Default	
10.3623:7.725586:-12.66943	12.20801:9.395508:-12.89355	10.72266:7.765137:-16.69482	10.43701:11.72461:-12.88037	0.04924607:14.73081:-37.20716	Grasped	Default	
10.3623:7.725586:-12.66943	12.20801:9.395508:-12.89355	10.72266:7.765137:-16.69482	10.43701:11.72461:-12.88037	0.06733009:14.80468:-37.41774	Grasped	Default	
9.290039:8.503418:-12.76611	11.30273:10.00635:-12.92871	9.984375:8.239746:-16.78711	9.733887:12.37061:-13.0957	0.07292123:14.8262:-37.47868	Grasped	Default	
9.290039:8.503418:-12.76611	11.30273:10.00635:-12.92871	9.984375:8.239746:-16.78711	9.733887:12.37061:-13.0957	0.07831781:14.85327:-37.55782	Grasped	Default	
9.290039:8.503418:-12.76611	11.30273:10.00635:-12.92871	9.984375:8.239746:-16.78711	9.733887:12.37061:-13.0957	0.08466469:14.86942:-37.60184	Grasped	Default	
9.290039:8.503418:-12.76611	11.30273:10.00635:-12.92871	9.984375:8.239746:-16.78711	9.733887:12.37061:-13.0957	0.0919771:14.878:-37.61354	Grasped	Default	
8.116699:9.09668:-12.84082	10.27881:10.39307:-12.854	9.057129:8.578125:-16.81348	8.982422:12.81885:-13.24951	0.09277537:14.87804:-37.61277	Grasped	Default	
8.116699:9.09668:-12.84082	10.27881:10.39307:-12.854	9.057129:8.578125:-16.81348	8.982422:12.81885:-13.24951	0.09300725:14.87873:-37.6161	Grasped	Default	
8.116699:9.09668:-12.84082	10.27881:10.39307:-12.854	9.057129:8.578125:-16.81348	8.982422:12.81885:-13.24951	0.09310694:14.87853:-37.61799	Grasped	Default	
6.908203:9.382324:-12.83643	9.263672:10.29199:-12.68262	8.125488:8.569336:-16.75195	8.362793:12.83643:-13.2627	0.09288066:14.87888:-37.61805	Grasped	Default	
6.908203:9.382324:-12.83643	9.263672:10.29199:-12.68262	8.125488:8.569336:-16.75195	8.362793:12.83643:-13.2627	0.09299176:14.87824:-37.62108	Grasped	Default	
6.908203:9.382324:-12.83643	9.263672:10.29199:-12.68262	8.125488:8.569336:-16.75195	8.362793:12.83643:-13.2627	0.09299087:14.8786:-37.62109	Grasped	Default	
6.908203:9.382324:-12.83643	9.263672:10.29199:-12.68262	8.125488:8.569336:-16.75195	8.362793:12.83643:-13.2627	0.09512451:14.84799:-37.52853	Grasped	Default	
5.765625:9.166992:-12.68262	8.077148:9.791016:-12.35742	7.057617:8.222168:-16.56738	7.483887:12.375:-13.01221	0.09171224:14.8756:-37.61518	Grasped	Default	
5.765625:9.166992:-12.68262	8.077148:9.791016:-12.35742	7.057617:8.222168:-16.56738	7.483887:12.375:-13.01221	0.08981458:14.87911:-37.62423	Grasped	Default	
5.765625:9.166992:-12.68262	8.077148:9.791016:-12.35742	7.057617:8.222168:-16.56738	7.483887:12.375:-13.01221	0.09357913:14.83378:-37.48012	Grasped	Default	
4.521973:8.481445:-12.43652	6.881836:9.109863:-11.95752	6.029297:7.69043:-16.32129	6.354492:11.67627:-12.59912	0.1168908:14.84881:-37.50834	Grasped	Default	
4.521973:8.481445:-12.43652	6.881836:9.109863:-11.95752	6.029297:7.69043:-16.32129	6.354492:11.67627:-12.59912	0.1138632:14.85736:-37.54064	Grasped	Default	
4.521973:8.481445:-12.43652	6.881836:9.109863:-11.95752	6.029297:7.69043:-16.32129	6.354492:11.67627:-12.59912	0.1115437:14.872:-37.59238	Grasped	Default	
4.521973:8.481445:-12.43652	6.881836:9.109863:-11.95752	6.029297:7.69043:-16.32129	6.354492:11.67627:-12.59912	0.1109642:14.85546:-37.53231	Grasped	Default	
3.449707:7.606934:-12.19043	5.778809:8.296875:-11.60156	5.075684:7.053223:-16.0752	5.189941:10.84131:-12.17725	0.1126807:14.87313:-37.59239	Grasped	Default	
3.449707:7.606934:-12.19043	5.778809:8.296875:-11.60156	5.075684:7.053223:-16.0752	5.189941:10.84131:-12.17725	0.09541344:14.86117:-37.56202	Grasped	Default	
3.449707:7.606934:-12.19043	5.778809:8.296875:-11.60156	5.075684:7.053223:-16.0752	5.189941:10.84131:-12.17725	0.0916405:14.88223:-37.63201	Grasped	Default	
2.583984:6.745605:-11.9751	4.886719:7.49707:-11.30713	4.284668:6.411621:-15.86426	4.240723:10.01074:-11.8125	0.08489192:14.88307:-37.63396	Grasped	Default	
2.583984:6.745605:-11.9751	4.886719:7.49707:-11.30713	4.284668:6.411621:-15.86426	4.240723:10.01074:-11.8125	0.08486767:14.86707:-37.58305	Grasped	Default	
2.583984:6.745605:-11.9751	4.886719:7.49707:-11.30713	4.284668:6.411621:-15.86426	4.240723:10.01074:-11.8125	0.08254579:14.87866:-37.61956	Grasped	Default	
1.911621:6.00293:-11.81689	4.196777:6.789551:-11.09619	3.651855:5.853516:-15.70166	3.498047:9.28125:-11.52686	0.1038117:14.88392:-37.63109	Grasped	Default	
1.911621:6.00293:-11.81689	4.196777:6.789551:-11.09619	3.651855:5.853516:-15.70166	3.498047:9.28125:-11.52686	0.08737469:14.88501:-37.63402	Grasped	Default	
1.911621:6.00293:-11.81689	4.196777:6.789551:-11.09619	3.651855:5.853516:-15.70166	3.498047:9.28125:-11.52686	0.08857423:14.83692:-37.47206	Grasped	Default	
1.388672:5.484375:-11.7334	3.647461:6.336914:-10.95117	3.168457:5.497559:-15.60498	2.869629:8.793457:-11.34229	0.07845917:14.88486:-37.63509	Grasped	Default	
1.388672:5.484375:-11.7334	3.647461:6.336914:-10.95117	3.168457:5.497559:-15.60498	2.869629:8.793457:-11.34229	0.07763956:14.8856:-37.63454	Grasped	Default	
1.388672:5.484375:-11.7334	3.647461:6.336914:-10.95117	3.168457:5.497559:-15.60498	2.869629:8.793457:-11.34229	0.08096977:14.87643:-37.59848	Grasped	Default	
1.388672:5.484375:-11.7334	3.647461:6.336914:-10.95117	3.168457:5.497559:-15.60498	2.869629:8.793457:-11.34229	0.07764781:14.88454:-37.62946	Grasped	Default	
1.015137:5.124023:-11.66309	3.265137:6.046875:-10.85889	2.794922:5.255859:-15.52148	2.38623:8.450684:-11.20166	0.08173111:14.82563:-37.42859	Grasped	Default	
1.015137:5.124023:-11.66309	3.265137:6.046875:-10.85889	2.794922:5.255859:-15.52148	2.38623:8.450684:-11.20166	0.0839862:14.83182:-37.43999	Grasped	Default	
1.015137:5.124023:-11.66309	3.265137:6.046875:-10.85889	2.794922:5.255859:-15.52148	2.38623:8.450684:-11.20166	0.1003917:14.84969:-37.49838	Grasped	Default	
1.015137:5.124023:-11.66309	3.265137:6.046875:-10.85889	2.794922:5.255859:-15.52148	2.38623:8.450684:-11.20166	0.07955689:14.88591:-37.63161	Grasped	Default	
0.7822266:4.842773:-11.56201	3.036621:5.783203:-10.7666	2.553223:5.058105:-15.43359	2.144531:8.200195:-11.0918	0.07447184:14.87197:-37.58617	Grasped	Default	
0.7822266:4.842773:-11.56201	3.036621:5.783203:-10.7666	2.553223:5.058105:-15.43359	2.144531:8.200195:-11.0918	0.07291154:14.88454:-37.63227	Grasped	Bottle	
0.7822266:4.842773:-11.56201	3.036621:5.783203:-10.7666	2.553223:5.058105:-15.43359	2.144531:8.200195:-11.0918	0.07653648:14.87915:-37.61111	Grasped	Bottle	
0.6547852:4.658203:-11.46973	2.917969:5.620605:-10.68311	2.381836:4.904297:-15.3457	1.981934:8.015625:-10.99072	0.0957429:14.88346:-37.61906	Grasped	Bottle	
0.6547852:4.658203:-11.46973	2.917969:5.620605:-10.68311	2.381836:4.904297:-15.3457	1.981934:8.015625:-10.99072	0.09494881:14.88471:-37.62368	Grasped	Bottle	
0.6547852:4.658203:-11.46973	2.917969:5.620605:-10.68311	2.381836:4.904297:-15.3457	1.981934:8.015625:-10.99072	0.09535203:14.88567:-37.6267	Grasped	Bottle	
0.5317383:4.587891:-11.39502	2.768555:5.611816:-10.61719	2.258789:4.864746:-15.27979	1.806152:7.984863:-10.95996	0.09337444:14.8851:-37.62626	Grasped	Bottle	
0.5317383:4.587891:-11.39502	2.768555:5.611816:-10.61719	2.258789:4.864746:-15.27979	1.806152:7.984863:-10.95996	0.08493594:14.88518:-37.62693	Grasped	Bottle	
0.5317383:4.587891:-11.39502	2.768555:5.611816:-10.61719	2.258789:4.864746:-15.27979	1.806152:7.984863:-10.95996	0.07522503:14.88461:-37.62889	Grasped	Bottle	
0.4306641:4.543945:-11.3335	2.654297:5.603027:-10.54688	2.157715:4.855957:-15.20947	1.656738:7.962891:-10.90283	0.06644942:14.88386:-37.62957	Grasped	Bottle	
0.4306641:4.543945:-11.3335	2.654297:5.603027:-10.54688	2.157715:4.855957:-15.20947	1.656738:7.962891:-10.90283	0.0697443:14.83457:-37.45852	Grasped	Bottle	
0.4306641:4.543945:-11.3335	2.654297:5.603027:-10.54688	2.157715:4.855957:-15.20947	1.656738:7.962891:-10.90283	0.06330719:14.8783:-37.61214	Grasped	Bottle	
0.4306641:4.543945:-11.3335	2.654297:5.603027:-10.54688	2.157715:4.855957:-15.20947	1.656738:7.962891:-10.90283	0.06260418:14.88227:-37.62681	Grasped	Bottle	
0.3779297:4.513184:-11.27197	2.592773:5.603027:-10.48535	2.091797:4.838379:-15.14795	1.577637:7.945313:-10.84131	0.06177173:14.87388:-37.60005	Grasped	Bottle	
0.3779297:4.513184:-11.27197	2.592773:5.603027:-10.48535	2.091797:4.838379:-15.14795	1.577637:7.945313:-10.84131	0.06220967:14.8727:-37.59573	Grasped	Bottle	
0.3779297:4.513184:-11.27197	2.592773:5.603027:-10.48535	2.091797:4.838379:-15.14795	1.577637:7.945313:-10.84131	0.08617352:14.87678:-37.59437	Grasped	Bottle	
0.3339844:4.478027:-11.19727	2.540039:5.598633:-10.42822	2.030273:4.825195:-15.08643	1.489746:7.92334:-10.77979	0.0842654:14.87779:-37.59973	Grasped	Bottle	
0.3339844:4.478027:-11.19727	2.540039:5.598633:-10.42822	2.030273:4.825195:-15.08643	1.489746:7.92334:-10.77979	0.08039199:14.87947:-37.60852	Grasped	Bottle	
0.3339844:4.478027:-11.19727	2.540039:5.598633:-10.42822	2.030273:4.825195:-15.08643	1.489746:7.92334:-10.77979	0.08166538:14.87902:-37.60595	Grasped	Bottle	
0.2285156:4.425293:-11.14453	2.416992:5.594238:-10.35352	1.937988:4.825195:-15.02051	1.313965:7.896973:-10.70068	0.0755311:14.8832:-37.62558	Grasped	Bottle	
0.2285156:4.425293:-11.14453	2.416992:5.594238:-10.35352	1.937988:4.825195:-15.02051	1.313965:7.896973:-10.70068	0.06134674:14.88164:-37.62822	Grasped	Bottle	
0.2285156:4.425293:-11.14453	2.416992:5.594238:-10.35352	1.937988:4.825195:-15.02051	1.313965:7.896973:-10.70068	0.05967182:14.88135:-37.62839	Grasped	Bottle	
0.1230469:4.40332:-11.09619	2.311523:5.594238:-10.31396	1.819336:4.816406:-14.97217	1.190918:7.883789:-10.66992	0.06136818:14.88127:-37.62812	Grasped	Bottle	
0.1230469:4.40332:-11.09619	2.311523:5.594238:-10.31396	1.819336:4.816406:-14.97217	1.190918:7.883789:-10.66992	0.07279786:14.88261:-37.62564	Grasped	Bottle	
0.1230469:4.40332:-11.09619	2.311523:5.594238:-10.31396	1.819336:4.816406:-14.97217	1.190918:7.883789:-10.66992	0.08169064:14.88344:-37.62383	Grasped	Default	
0.1230469:4.40332:-11.09619	2.311523:5.594238:-10.31396	1.819336:4.816406:-14.97217	1.190918:7.883789:-10.66992	0.08008774:14.88301:-37.62383	Grasped	Bottle	
0.05273438:4.394531:-11.02588	2.25:5.581055:-10.27441	1.727051:4.812012:-14.91943	1.125:7.870605:-10.6084	0.07879037:14.88272:-37.62447	Grasped	Bottle	
0.05273438:4.394531:-11.02588	2.25:5.581055:-10.27441	1.727051:4.812012:-14.91943	1.125:7.870605:-10.6084	0.07420178:14.88249:-37.62486	Grasped	Bottle	
0.05273438:4.394531:-11.02588	2.25:5.581055:-10.27441	1.727051:4.812012:-14.91943	1.125:7.870605:-10.6084	0.07180343:14.88269:-37.62524	Grasped	Bottle	
0.05273438:4.394531:-11.02588	2.25:5.581055:-10.27441	1.727051:4.812012:-14.91943	1.125:7.870605:-10.6084	0.07003686:14.88228:-37.62543	Grasped	Bottle	
0.01318359:4.381348:-10.93359	2.210449:5.563477:-10.21729	1.647949:4.798828:-14.84473	1.089844:7.861816:-10.5249	0.07204398:14.87744:-37.60591	Grasped	Bottle	
0.01318359:4.381348:-10.93359	2.210449:5.563477:-10.21729	1.647949:4.798828:-14.84473	1.089844:7.861816:-10.5249	0.07229389:14.88169:-37.62518	Grasped	Bottle	
0.01318359:4.381348:-10.93359	2.210449:5.563477:-10.21729	1.647949:4.798828:-14.84473	1.089844:7.861816:-10.5249	0.07698148:14.88227:-37.62454	Grasped	Bottle	
-0.02636719:4.36377:-10.84131	2.170898:5.554688:-10.14258	1.573242:4.78125:-14.76123	1.037109:7.844238:-10.44141	0.08149769:14.88254:-37.62374	Grasped	Default	
-0.02636719:4.36377:-10.84131	2.170898:5.554688:-10.14258	1.573242:4.78125:-14.76123	1.037109:7.844238:-10.44141	0.08106709:14.88234:-37.62394	Grasped	Bottle	
-0.02636719:4.36377:-10.84131	2.170898:5.554688:-10.14258	1.573242:4.78125:-14.76123	1.037109:7.844238:-10.44141	0.08011342:14.88229:-37.62409	Grasped	Bottle	
-0.02636719:4.36377:-10.84131	2.170898:5.554688:-10.14258	1.573242:4.78125:-14.76123	1.037109:7.844238:-10.44141	0.07968022:14.88226:-37.62429	Grasped	Bottle	
-0.07470703:4.346191:-10.74902	2.126953:5.541504:-10.07666	1.511719:4.768066:-14.69092	0.9887695:7.831055:-10.3667	0.08028892:14.88236:-37.6243	Grasped	Default	
-0.07470703:4.346191:-10.74902	2.126953:5.541504:-10.07666	1.511719:4.768066:-14.69092	0.9887695:7.831055:-10.3667	0.07925627:14.88236:-37.6246	Grasped	Default	
-0.07470703:4.346191:-10.74902	2.126953:5.541504:-10.07666	1.511719:4.768066:-14.69092	0.9887695:7.831055:-10.3667	0.07852401:14.88235:-37.62483	Grasped	Bottle	
-0.09228516:4.333008:-10.67432	2.109375:5.523926:-10.01953	1.463379:4.754883:-14.625	0.9711914:7.822266:-10.29639	0.07838256:14.88218:-37.62502	Grasped	Bottle	
-0.09228516:4.333008:-10.67432	2.109375:5.523926:-10.01953	1.463379:4.754883:-14.625	0.9711914:7.822266:-10.29639	0.07861721:14.8823:-37.62496	Grasped	Bottle	
-0.09228516:4.333008:-10.67432	2.109375:5.523926:-10.01953	1.463379:4.754883:-14.625	0.9711914:7.822266:-10.29639	0.07796764:14.88217:-37.62528	Grasped	Bottle	
-0.1230469:4.324219:-10.63037	2.069824:5.519531:-9.97998	1.423828:4.750488:-14.57666	0.9272461:7.813477:-10.25684	0.07728504:14.88214:-37.62535	Grasped	Bottle	
-0.1230469:4.324219:-10.63037	2.069824:5.519531:-9.97998	1.423828:4.750488:-14.57666	0.9272461:7.813477:-10.25684	0.07669587:14.88225:-37.62551	Grasped	Bottle	
-0.1230469:4.324219:-10.63037	2.069824:5.519531:-9.97998	1.423828:4.750488:-14.57666	0.9272461:7.813477:-10.25684	0.07410457:14.87531:-37.60388	Grasped	Bottle	
-0.1230469:4.324219:-10.63037	2.069824:5.519531:-9.97998	1.423828:4.750488:-14.57666	0.9272461:7.813477:-10.25684	0.05241156:14.87965:-37.63114	Grasped	Bottle	
-0.1494141:4.319824:-10.64355	2.039063:5.523926:-9.997559	1.415039:4.750488:-14.57666	0.8920898:7.817871:-10.29199	0.05205163:14.87992:-37.63096	Grasped	Bottle	
-0.1494141:4.319824:-10.64355	2.039063:5.523926:-9.997559	1.415039:4.750488:-14.57666	0.8920898:7.817871:-10.29199	0.05104468:14.88035:-37.63129	Grasped	Bottle	
-0.1494141:4.319824:-10.64355	2.039063:5.523926:-9.997559	1.415039:4.750488:-14.57666	0.8920898:7.817871:-10.29199	0.05072834:14.87417:-37.61503	Grasped	Bottle	
-0.1801758:4.337402:-10.75781	2.008301:5.52832:-10.07666	1.445801:4.772461:-14.66455	0.8569336:7.835449:-10.40625	0.04931432:14.88011:-37.63163	Grasped	Bottle	
-0.1801758:4.337402:-10.75781	2.008301:5.52832:-10.07666	1.445801:4.772461:-14.66455	0.8569336:7.835449:-10.40625	0.04926089:14.8794:-37.63198	Grasped	Bottle	
-0.1801758:4.337402:-10.75781	2.008301:5.52832:-10.07666	1.445801:4.772461:-14.66455	0.8569336:7.835449:-10.40625	0.05187225:14.85562:-37.54143	Grasped	Bottle	
-0.1845703:4.359375:-10.90283	1.995117:5.545898:-10.19092	1.494141:4.825195:-14.80078	0.8525391:7.853027:-10.52051	0.05134657:14.85306:-37.53259	Grasped	Bottle	
-0.1845703:4.359375:-10.90283	1.995117:5.545898:-10.19092	1.494141:4.825195:-14.80078	0.8525391:7.853027:-10.52051	0.05098258:14.8805:-37.63237	Grasped	Bottle	
-0.1845703:4.359375:-10.90283	1.995117:5.545898:-10.19092	1.494141:4.825195:-14.80078	0.8525391:7.853027:-10.52051	0.04986452:14.87885:-37.62946	Grasped	Bottle	
-0.1713867:4.385742:-11.06104	2.003906:5.563477:-10.32275	1.538086:4.855957:-14.94141	0.8657227:7.875:-10.65234	0.05152272:14.86145:-37.56558	Grasped	Bottle	
-0.1713867:4.385742:-11.06104	2.003906:5.563477:-10.32275	1.538086:4.855957:-14.94141	0.8657227:7.875:-10.65234	0.05080878:14.85443:-37.54848	Grasped	Bottle	
-0.1713867:4.385742:-11.06104	2.003906:5.563477:-10.32275	1.538086:4.855957:-14.94141	0.8657227:7.875:-10.65234	0.07135774:14.8816:-37.62936	Grasped	Bottle	
-0.1669922:4.407715:-11.24561	2.003906:5.589844:-10.48535	1.577637:4.87793:-15.1084	0.8657227:7.896973:-10.82373	0.07916128:14.88215:-37.62825	Grasped	Default	
-0.1669922:4.407715:-11.24561	2.003906:5.589844:-10.48535	1.577637:4.87793:-15.1084	0.8657227:7.896973:-10.82373	0.07856103:14.88214:-37.62836	Grasped	Default	
-0.1669922:4.407715:-11.24561	2.003906:5.589844:-10.48535	1.577637:4.87793:-15.1084	0.8657227:7.896973:-10.82373	0.07935522:14.86956:-37.58155	Grasped	Bottle	
-0.1669922:4.407715:-11.24561	2.003906:5.589844:-10.48535	1.577637:4.87793:-15.1084	0.8657227:7.896973:-10.82373	0.08074039:14.85796:-37.53568	Grasped	Bottle	
-0.1669922:4.407715:-11.24561	2.003906:5.589844:-10.48535	1.577637:4.87793:-15.1084	0.8657227:7.896973:-10.82373	0.07821512:14.87298:-37.59632	Grasped	Bottle	
-0.1669922:4.442871:-11.44336	2.003906:5.611816:-10.66992	1.604004:4.899902:-15.29297	0.8745117:7.927734:-10.99951	0.07862362:14.86778:-37.57528	Grasped	Bottle	
-0.1669922:4.442871:-11.44336	2.003906:5.611816:-10.66992	1.604004:4.899902:-15.29297	0.8745117:7.927734:-10.99951	0.07937456:14.84611:-37.49222	Grasped	Bottle	
-0.1669922:4.442871:-11.44336	2.003906:5.611816:-10.66992	1.604004:4.899902:-15.29297	0.8745117:7.927734:-10.99951	0.07730649:14.8591:-37.54399	Grasped	Bottle	
-0.1625977:4.464844:-11.63672	2.003906:5.638184:-10.84131	1.63916:4.91748:-15.47314	0.8789063:7.954102:-11.18848	0.07705917:14.86205:-37.55659	Grasped	Bottle	
-0.1625977:4.464844:-11.63672	2.003906:5.638184:-10.84131	1.63916:4.91748:-15.47314	0.8789063:7.954102:-11.18848	0.07678527:14.86801:-37.57932	Grasped	Bottle	
-0.1625977:4.464844:-11.63672	2.003906:5.638184:-10.84131	1.63916:4.91748:-15.47314	0.8789063:7.954102:-11.18848	0.07666583:14.86676:-37.57549	Grasped	Bottle	
-0.1450195:4.486816:-11.80371	2.008301:5.655762:-10.99072	1.669922:4.935059:-15.62256	0.8920898:7.976074:-11.3291	0.07602116:14.86542:-37.57159	Grasped	Bottle	
-0.1450195:4.486816:-11.80371	2.008301:5.655762:-10.99072	1.669922:4.935059:-15.62256	0.8920898:7.976074:-11.3291	0.07577216:14.86627:-37.5759	Grasped	Bottle	
-0.1450195:4.486816:-11.80371	2.008301:5.655762:-10.99072	1.669922:4.935059:-15.62256	0.8920898:7.976074:-11.3291	0.07568499:14.87235:-37.59877	Grasped	Bottle	
-0.1362305:4.504395:-11.92676	2.021484:5.67334:-11.10938	1.700684:4.943848:-15.74121	0.9008789:7.993652:-11.45215	0.07572407:14.87153:-37.59625	Grasped	Bottle	
-0.1362305:4.504395:-11.92676	2.021484:5.67334:-11.10938	1.700684:4.943848:-15.74121	0.9008789:7.993652:-11.45215	0.07548308:14.87213:-37.59875	Grasped	Bottle	
-0.1362305:4.504395:-11.92676	2.021484:5.67334:-11.10938	1.700684:4.943848:-15.74121	0.9008789:7.993652:-11.45215	0.04980871:14.8775:-37.63912	Grasped	Bottle	
-0.1362305:4.504395:-11.92676	2.021484:5.67334:-11.10938	1.700684:4.943848:-15.74121	0.9008789:7.993652:-11.45215	0.06447753:14.87393:-37.64301	Grasped	Default	
-0.1230469:4.517578:-12.01904	2.034668:5.682129:-11.20166	1.722656:4.957031:-15.8291	0.918457:8.006836:-11.54004	0.1760612:14.74642:-37.35935	Grasped	CupRight	
-0.1230469:4.517578:-12.01904	2.034668:5.682129:-11.20166	1.722656:4.957031:-15.8291	0.918457:8.006836:-11.54004	0.1100272:14.82826:-37.54647	Grasped	CupRight	
-0.1230469:4.517578:-12.01904	2.034668:5.682129:-11.20166	1.722656:4.957031:-15.8291	0.918457:8.006836:-11.54004	0.154285:14.79347:-37.44944	Grasped	CupRight	
0.01318359:4.570313:-12.10254	2.144531:5.704102:-11.25879	1.854492:5.000977:-15.89063	1.085449:8.028809:-11.57959	0.2194101:14.73024:-37.29232	Grasped	CupRight	
0.01318359:4.570313:-12.10254	2.144531:5.704102:-11.25879	1.854492:5.000977:-15.89063	1.085449:8.028809:-11.57959	0.1141727:14.8599:-37.60723	Grasped	CupRight	
0.01318359:4.570313:-12.10254	2.144531:5.704102:-11.25879	1.854492:5.000977:-15.89063	1.085449:8.028809:-11.57959	0.1025554:14.87303:-37.64047	Grasped	CupRight	
0.7910156:4.961426:-12.2915	3.023438:5.893066:-11.50488	2.518066:5.172363:-16.11475	2.228027:8.257324:-11.79053	0.1048275:14.87294:-37.63955	Grasped	Default	
0.7910156:4.961426:-12.2915	3.023438:5.893066:-11.50488	2.518066:5.172363:-16.11475	2.228027:8.257324:-11.79053	0.1043168:14.87219:-37.63758	Grasped	CupRight	
0.7910156:4.961426:-12.2915	3.023438:5.893066:-11.50488	2.518066:5.172363:-16.11475	2.228027:8.257324:-11.79053	0.101605:14.87181:-37.63715	Grasped	CupRight	
0.7910156:4.961426:-12.2915	3.023438:5.893066:-11.50488	2.518066:5.172363:-16.11475	2.228027:8.257324:-11.79053	0.1001393:14.87117:-37.63427	Grasped	CupRight	
2.223633:5.910645:-12.64307	4.605469:6.394043:-12.08057	3.678223:5.603027:-16.57178	4.192383:8.885742:-12.37061	0.09942903:14.87111:-37.63387	Grasped	CupRight	
2.223633:5.910645:-12.64307	4.605469:6.394043:-12.08057	3.678223:5.603027:-16.57178	4.192383:8.885742:-12.37061	0.1175107:14.85115:-37.58071	Grasped	CupRight	
2.223633:5.910645:-12.64307	4.605469:6.394043:-12.08057	3.678223:5.603027:-16.57178	4.192383:8.885742:-12.37061	0.1259028:14.84063:-37.55637	Grasped	CupRight	
3.893555:7.004883:-13.15723	6.363281:7.347656:-12.81885	5.102051:6.376465:-17.16064	6.117188:9.936035:-13.12646	0.1318479:14.83124:-37.53431	Grasped	CupRight	
3.893555:7.004883:-13.15723	6.363281:7.347656:-12.81885	5.102051:6.376465:-17.16064	6.117188:9.936035:-13.12646	0.1301216:14.83394:-37.53667	Grasped	CupRight	
3.893555:7.004883:-13.15723	6.363281:7.347656:-12.81885	5.102051:6.376465:-17.16064	6.117188:9.936035:-13.12646	0.1394921:14.8218:-37.50692	Grasped	CupRight	
3.893555:7.004883:-13.15723	6.363281:7.347656:-12.81885	5.102051:6.376465:-17.16064	6.117188:9.936035:-13.12646	0.1201974:14.84478:-37.56376	Grasped	CupRight	
5.765625:7.958496:-13.60107	8.244141:8.428711:-13.51318	6.688477:7.299316:-17.69238	7.646484:10.97754:-13.70654	0.104637:14.86617:-37.61608	Grasped	CupRight	
5.765625:7.958496:-13.60107	8.244141:8.428711:-13.51318	6.688477:7.299316:-17.69238	7.646484:10.97754:-13.70654	0.1055412:14.86591:-37.61595	Grasped	Hand	
5.765625:7.958496:-13.60107	8.244141:8.428711:-13.51318	6.688477:7.299316:-17.69238	7.646484:10.97754:-13.70654	0.1492913:14.82126:-37.49794	Grasped	Hand	
7.532227:8.472656:-13.76367	9.949219:9.171387:-13.8252	8.138672:7.980469:-17.91211	9.052734:11.70703:-13.9043	0.1500873:14.81284:-37.48332	Grasped	Hand	
7.532227:8.472656:-13.76367	9.949219:9.171387:-13.8252	8.138672:7.980469:-17.91211	9.052734:11.70703:-13.9043	0.1085086:14.86388:-37.60603	Grasped	Bottle	
7.532227:8.472656:-13.76367	9.949219:9.171387:-13.8252	8.138672:7.980469:-17.91211	9.052734:11.70703:-13.9043	0.1170401:14.85416:-37.58427	Grasped	Bottle	
9.030762:8.564941:-13.61426	11.31592:9.500977:-13.77246	9.448242:8.419922:-17.80664	10.08105:12.08936:-13.6626	0.1224045:14.85585:-37.5807	Grasped	Bottle	
9.030762:8.564941:-13.61426	11.31592:9.500977:-13.77246	9.448242:8.419922:-17.80664	10.08105:12.08936:-13.6626	0.1339237:14.84732:-37.55476	Grasped	CupRight	
9.030762:8.564941:-13.61426	11.31592:9.500977:-13.77246	9.448242:8.419922:-17.80664	10.08105:12.08936:-13.6626	0.1191629:14.86144:-37.59389	Grasped	CupRight	
10.21289:8.266113:-13.24072	12.14648:9.760254:-13.34619	10.34912:8.578125:-17.44189	10.49854:12.04102:-13.11768	0.1517746:14.83154:-37.51207	Grasped	CupRight	
10.21289:8.266113:-13.24072	12.14648:9.760254:-13.34619	10.34912:8.578125:-17.44189	10.49854:12.04102:-13.11768	0.1211807:14.8626:-37.58936	Grasped	CupRight	
10.21289:8.266113:-13.24072	12.14648:9.760254:-13.34619	10.34912:8.578125:-17.44189	10.49854:12.04102:-13.11768	0.1229075:14.86133:-37.58795	Grasped	CupRight	
10.21289:8.266113:-13.24072	12.14648:9.760254:-13.34619	10.34912:8.578125:-17.44189	10.49854:12.04102:-13.11768	0.1738395:14.80656:-37.445	Grasped	CupRight	
11.12695:7.624512:-12.76611	12.58154:9.637207:-12.69141	10.96436:8.490234:-16.90137	10.57324:11.56201:-12.375	0.1320961:14.86139:-37.57943	Grasped	CupRight	
11.12695:7.624512:-12.76611	12.58154:9.637207:-12.69141	10.96436:8.490234:-16.90137	10.57324:11.56201:-12.375	0.1657851:14.81932:-37.47626	Grasped	CupRight	
11.12695:7.624512:-12.76611	12.58154:9.637207:-12.69141	10.96436:8.490234:-16.90137	10.57324:11.56201:-12.375	0.1657851:14.81932:-37.47626	Grasped	CupRight	
11.79932:6.877441:-12.26514	12.74414:9.307617:-12.04102	11.42578:8.217773:-16.29492	10.53369:10.70947:-11.57959	0.1657851:14.81932:-37.47626	Grasped	CupRight	
11.79932:6.877441:-12.26514	12.74414:9.307617:-12.04102	11.42578:8.217773:-16.29492	10.53369:10.70947:-11.57959	0.1657851:14.81932:-37.47626	Grasped	CupRight	
11.79932:6.877441:-12.26514	12.74414:9.307617:-12.04102	11.42578:8.217773:-16.29492	10.53369:10.70947:-11.57959	0.1657851:14.81932:-37.47626	Grasped	CupRight	
12.31348:6.073242:-11.81689	12.88916:8.811035:-11.4126	11.77295:7.809082:-15.76758	10.57764:9.922852:-10.99951	0.1657851:14.81932:-37.47626	Grasped	CupRight	
12.31348:6.073242:-11.81689	12.88916:8.811035:-11.4126	11.77295:7.809082:-15.76758	10.57764:9.922852:-10.99951	0.1657851:14.81932:-37.47626	Grasped	CupRight	
12.31348:6.073242:-11.81689	12.88916:8.811035:-11.4126	11.77295:7.809082:-15.76758	10.57764:9.922852:-10.99951	0.1657851:14.81932:-37.47626	Grasped	CupRight	
12.31348:6.073242:-11.81689	12.88916:8.811035:-11.4126	11.77295:7.809082:-15.76758	10.57764:9.922852:-10.99951	0.3080694:14.744:-37.19162	Grasped	Default	
12.66504:5.321777:-11.42578	12.94629:8.235352:-10.8501	12.01904:7.347656:-15.29736	10.56445:9.079102:-10.50293	0.2482437:14.76936:-37.3027	Grasped	Default	
12.66504:5.321777:-11.42578	12.94629:8.235352:-10.8501	12.01904:7.347656:-15.29736	10.56445:9.079102:-10.50293	0.169144:14.85804:-37.54915	Grasped	Default	
12.66504:5.321777:-11.42578	12.94629:8.235352:-10.8501	12.01904:7.347656:-15.29736	10.56445:9.079102:-10.50293	0.1714466:14.85587:-37.54307	Grasped	Default	
12.66504:5.321777:-11.42578	12.94629:8.235352:-10.8501	12.01904:7.347656:-15.29736	10.56445:9.079102:-10.50293	0.173874:14.85631:-37.54316	Grasped	Default	
12.87598:4.59668:-11.06982	12.81885:7.659668:-10.39746	12.19482:6.873047:-14.90186	10.4502:8.213379:-10.14258	0.2503084:14.7714:-37.3163	Grasped	Default	
12.87598:4.59668:-11.06982	12.81885:7.659668:-10.39746	12.19482:6.873047:-14.90186	10.4502:8.213379:-10.14258	0.2129215:14.809:-37.4227	Grasped	CupRight	
12.87598:4.59668:-11.06982	12.81885:7.659668:-10.39746	12.19482:6.873047:-14.90186	10.4502:8.213379:-10.14258	0.17545:14.85361:-37.53868	Grasped	CupRight	
12.99023:3.9375:-10.76221	12.66064:7.149902:-10.05029	12.33984:6.424805:-14.57666	10.31836:7.488281:-9.922852	0.1767991:14.85245:-37.53596	Grasped	CupRight	
12.99023:3.9375:-10.76221	12.66064:7.149902:-10.05029	12.33984:6.424805:-14.57666	10.31836:7.488281:-9.922852	0.1761396:14.85211:-37.53627	Grasped	CupRight	
12.99023:3.9375:-10.76221	12.66064:7.149902:-10.05029	12.33984:6.424805:-14.57666	10.31836:7.488281:-9.922852	0.1790464:14.85069:-37.53216	Grasped	CupRight	
13.04297:3.454102:-10.53809	12.48926:6.719238:-9.769043	12.43213:6.082031:-14.32178	10.16455:6.811523:-9.782227	0.2085718:14.81746:-37.44947	Grasped	CupRight	
13.04297:3.454102:-10.53809	12.48926:6.719238:-9.769043	12.43213:6.082031:-14.32178	10.16455:6.811523:-9.782227	0.1823247:14.84917:-37.52897	Grasped	CupRight	
13.04297:3.454102:-10.53809	12.48926:6.719238:-9.769043	12.43213:6.082031:-14.32178	10.16455:6.811523:-9.782227	0.1816784:14.85005:-37.52885	Grasped	Default	
13.13525:3.062988:-10.33594	12.25635:6.394043:-9.549316	12.50244:5.849121:-14.11963	10.02832:6.152344:-9.716309	0.1821423:14.84842:-37.52576	Grasped	Default	
13.13525:3.062988:-10.33594	12.25635:6.394043:-9.549316	12.50244:5.849121:-14.11963	10.02832:6.152344:-9.716309	0.1815972:14.84838:-37.52378	Grasped	Bottle	
13.13525:3.062988:-10.33594	12.25635:6.394043:-9.549316	12.50244:5.849121:-14.11963	10.02832:6.152344:-9.716309	0.1804762:14.84752:-37.52414	Grasped	Default	
13.13525:3.062988:-10.33594	12.25635:6.394043:-9.549316	12.50244:5.849121:-14.11963	10.02832:6.152344:-9.716309	0.1844228:14.8473:-37.52193	Grasped	Bottle	
13.24951:2.869629:-10.16455	12.11572:6.222656:-9.413086	12.59912:5.717285:-13.97021	9.966797:5.717285:-9.69873	0.1870181:14.84481:-37.51488	Grasped	Bottle	
13.24951:2.869629:-10.16455	12.11572:6.222656:-9.413086	12.59912:5.717285:-13.97021	9.966797:5.717285:-9.69873	0.1847439:14.84644:-37.52242	Grasped	Bottle	
13.24951:2.869629:-10.16455	12.11572:6.222656:-9.413086	12.59912:5.717285:-13.97021	9.966797:5.717285:-9.69873	0.1894967:14.84124:-37.50924	Grasped	Bottle	
13.39453:2.8125:-10.03271	12.06299:6.112793:-9.316406	12.71338:5.695313:-13.86035	9.993164:5.418457:-9.70752	0.2129176:14.81684:-37.44427	Grasped	Bottle	
13.39453:2.8125:-10.03271	12.06299:6.112793:-9.316406	12.71338:5.695313:-13.86035	9.993164:5.418457:-9.70752	0.1850837:14.84585:-37.52017	Grasped	Bottle	
